CPU: 1
N: 1

Attaching package: ‘dplyr’

The following objects are masked from ‘package:data.table’:

    between, first, last

The following objects are masked from ‘package:stats’:

    filter, lag

The following objects are masked from ‘package:base’:

    intersect, setdiff, setequal, union

[1] "seurat object"
An object of class Seurat 
15973 features across 3484 samples within 1 assay 
Active assay: RNA (15973 features)
 2 dimensional reductions calculated: pca, tsne
[1] "meta"
                             orig.ident nCount_RNA nFeature_RNA
FEL001_C25287_104812_C00_R10     FEL001      39373         2637
FEL001_C25287_104812_C00_R17     FEL001     101196         2178
FEL001_C25287_104812_C00_R46     FEL001     600970         4807
FEL001_C25287_104812_C01_R10     FEL001      37321         2988
FEL001_C25287_104812_C01_R16     FEL001     244683         2512
FEL001_C25287_104812_C01_R49     FEL001      71100         1439
                                                  Cell.ID     Sample
FEL001_C25287_104812_C00_R10 FEL001_C25287_104812_C00_R10 FEL001P120
FEL001_C25287_104812_C00_R17 FEL001_C25287_104812_C00_R17 FEL001P120
FEL001_C25287_104812_C00_R46 FEL001_C25287_104812_C00_R46 FEL001P120
FEL001_C25287_104812_C01_R10 FEL001_C25287_104812_C01_R10 FEL001P120
FEL001_C25287_104812_C01_R16 FEL001_C25287_104812_C01_R16 FEL001P120
FEL001_C25287_104812_C01_R49 FEL001_C25287_104812_C01_R49 FEL001P120
                                         Cell.orig percent.mt     S.Score
FEL001_C25287_104812_C00_R10 C25287_104812_C00_R10          0  0.16557245
FEL001_C25287_104812_C00_R17 C25287_104812_C00_R17          0 -0.06669034
FEL001_C25287_104812_C00_R46 C25287_104812_C00_R46          0  0.14618650
FEL001_C25287_104812_C01_R10 C25287_104812_C01_R10          0  0.06234629
FEL001_C25287_104812_C01_R16 C25287_104812_C01_R16          0  0.11212872
FEL001_C25287_104812_C01_R49 C25287_104812_C01_R49          0 -0.08537554
                               G2M.Score Phase old.ident RNA_snn_res.0.5
FEL001_C25287_104812_C00_R10  0.02495086     S         0               4
FEL001_C25287_104812_C00_R17 -0.04679143    G1         0               4
FEL001_C25287_104812_C00_R46  0.03252721     S         1               4
FEL001_C25287_104812_C01_R10  0.07431639   G2M         0               4
FEL001_C25287_104812_C01_R16  0.06568673     S         1               4
FEL001_C25287_104812_C01_R49 -0.03345881    G1         1               4
                             seurat_clusters   hpca_main_type Encode_main_type
FEL001_C25287_104812_C00_R10               2 Epithelial_cells Epithelial cells
FEL001_C25287_104812_C00_R17               2 Epithelial_cells Epithelial cells
FEL001_C25287_104812_C00_R46               2       Macrophage      Macrophages
FEL001_C25287_104812_C01_R10               2 Epithelial_cells              HSC
FEL001_C25287_104812_C01_R16               2 Epithelial_cells Epithelial cells
FEL001_C25287_104812_C01_R49               2     Chondrocytes       Adipocytes
                             RNA_snn_res.2 RNA_snn_res.1.2 RNA_snn_res.0.8
FEL001_C25287_104812_C00_R10             1               1               2
FEL001_C25287_104812_C00_R17             1               1               2
FEL001_C25287_104812_C00_R46             1               1               2
FEL001_C25287_104812_C01_R10             1               1               2
FEL001_C25287_104812_C01_R16             1               1               2
FEL001_C25287_104812_C01_R49             1               1               2
                             Timepoint Day                Celltype
FEL001_C25287_104812_C00_R10         S   0            Cancer cells
FEL001_C25287_104812_C00_R17         S   0            Cancer cells
FEL001_C25287_104812_C00_R46         S   0            Cancer cells
FEL001_C25287_104812_C01_R10         S   0            Cancer cells
FEL001_C25287_104812_C01_R16         S   0            Cancer cells
FEL001_C25287_104812_C01_R49         S   0 Normal epithelial cells
                                    Celltype_subtype Platform ARM
FEL001_C25287_104812_C00_R10            Cancer cells   ICELL8   B
FEL001_C25287_104812_C00_R17            Cancer cells   ICELL8   B
FEL001_C25287_104812_C00_R46            Cancer cells   ICELL8   B
FEL001_C25287_104812_C01_R10            Cancer cells   ICELL8   B
FEL001_C25287_104812_C01_R16            Cancer cells   ICELL8   B
FEL001_C25287_104812_C01_R49 Normal epithelial cells   ICELL8   B
                                    Treatment Ki67_Response
FEL001_C25287_104812_C00_R10 letrozole + ribo     Sensitive
FEL001_C25287_104812_C00_R17 letrozole + ribo     Sensitive
FEL001_C25287_104812_C00_R46 letrozole + ribo     Sensitive
FEL001_C25287_104812_C01_R10 letrozole + ribo     Sensitive
FEL001_C25287_104812_C01_R16 letrozole + ribo     Sensitive
FEL001_C25287_104812_C01_R49 letrozole + ribo     Sensitive
                                            Response_v3b      Response
FEL001_C25287_104812_C00_R10 Rebound/Progressive disease Non-responder
FEL001_C25287_104812_C00_R17 Rebound/Progressive disease Non-responder
FEL001_C25287_104812_C00_R46 Rebound/Progressive disease Non-responder
FEL001_C25287_104812_C01_R10 Rebound/Progressive disease Non-responder
FEL001_C25287_104812_C01_R16 Rebound/Progressive disease Non-responder
FEL001_C25287_104812_C01_R49 Rebound/Progressive disease Non-responder
                                       Celltype_orig
FEL001_C25287_104812_C00_R10            Cancer cells
FEL001_C25287_104812_C00_R17            Cancer cells
FEL001_C25287_104812_C00_R46            Cancer cells
FEL001_C25287_104812_C01_R10            Cancer cells
FEL001_C25287_104812_C01_R16            Cancer cells
FEL001_C25287_104812_C01_R49 Normal epithelial cells
[1] "Extract embedding"
[1] "coords and celltype"
[1] "TSNE_1 and TSNE_2"
Warning message:
Using `as.character()` on a quosure is deprecated as of rlang 0.3.0.
Please use `as_label()` or `as_name()` instead.
This warning is displayed once per session. 
[1] "Cell.Type"
   [1] 1 1 1 1 1 2 1 1 1 1 2 1 1 1 2 1 2 2 1 1 1 2 1 2 1 1 2 2 2 1 1 2 2 1 1 2 2
  [38] 2 2 1 1 1 1 1 2 1 1 1 1 1 1 1 1 1 1 1 1 1 2 1 1 1 1 1 1 1 1 1 1 1 2 1 1 1
  [75] 1 1 1 1 1 1 1 1 1 1 1 1 2 1 2 1 1 2 2 1 2 1 1 1 2 1 2 1 1 2 2 1 1 1 1 1 1
 [112] 1 1 2 1 1 2 1 1 2 2 1 1 1 1 1 1 1 2 2 1 1 1 1 1 1 2 1 1 1 2 1 1 2 1 1 2 1
 [149] 2 2 2 2 2 2 2 2 1 1 3 2 1 2 1 2 1 2 2 1 1 1 1 1 1 2 1 1 2 1 2 1 1 2 2 1 1
 [186] 2 1 1 1 1 1 1 1 1 2 1 2 1 1 1 2 2 1 1 1 2 1 1 1 2 2 1 2 2 1 1 1 1 1 1 1 1
 [223] 2 1 2 2 1 2 1 2 1 2 1 1 1 1 1 1 2 1 1 1 1 2 1 1 2 1 1 1 2 2 2 1 1 2 1 1 2
 [260] 2 1 2 2 1 1 2 1 1 1 2 1 1 1 2 1 1 1 1 1 1 1 2 1 1 2 1 1 2 1 1 1 2 1 2 2 1
 [297] 1 2 1 1 1 3 2 1 1 1 1 1 1 1 1 1 1 1 1 2 1 1 1 1 1 1 1 1 1 1 1 1 1 1 1 1 1
 [334] 1 2 1 1 1 1 1 1 1 1 1 1 1 1 3 3 3 2 3 2 3 3 3 2 3 3 2 2 3 3 3 3 3 2 3 3 3
 [371] 2 2 3 3 3 2 2 4 3 3 3 2 1 2 1 1 1 1 1 1 1 2 1 2 2 1 2 1 1 1 1 1 2 2 2 1 1
 [408] 1 1 2 2 1 1 1 1 2 2 2 2 2 3 3 2 3 2 2 2 3 3 3 2 2 3 3 2 3 3 3 3 2 3 3 3 3
 [445] 3 3 4 3 3 3 3 3 3 3 3 3 2 2 3 1 1 1 1 1 1 1 1 1 1 1 1 1 1 1 1 1 1 1 1 1 1
 [482] 1 1 1 1 1 1 1 1 1 1 1 1 1 3 3 3 3 3 3 3 4 3 3 3 4 3 3 3 3 3 3 3 3 3 4 3 3
 [519] 3 3 3 3 4 4 4 4 4 4 4 4 3 4 4 4 4 4 4 3 4 4 4 4 4 4 4 4 4 4 4 4 4 3 4 4 3
 [556] 4 4 4 4 4 4 4 4 4 4 4 2 4 4 4 3 4 4 4 3 4 4 4 3 4 4 4 4 4 4 4 4 4 4 4 4 4
 [593] 4 4 4 4 4 4 4 4 4 3 4 4 4 4 4 4 4 4 4 4 4 4 4 4 3 4 4 4 4 4 4 4 4 4 4 4 4
 [630] 4 4 4 4 4 4 4 4 4 4 4 4 4 4 4 4 3 4 4 4 4 4 4 4 4 4 4 4 4 4 4 4 4 4 4 4 3
 [667] 4 3 3 4 3 4 3 4 4 4 4 4 3 4 4 3 4 4 4 4 4 4 4 3 4 4 4 4 4 4 4 4 4 4 4 4 4
 [704] 4 4 3 4 4 4 4 4 3 4 4 4 4 4 4 4 4 4 3 4 3 4 4 4 4 4 4 4 4 4 4 4 4 4 4 4 4
 [741] 4 4 4 3 4 4 4 4 4 4 4 4 3 4 4 4 4 4 4 4 4 4 4 4 4 4 3 4 5 3 4 4 4 4 4 4 3
 [778] 4 4 4 4 4 4 4 4 4 4 4 3 4 3 4 4 4 4 4 4 4 4 4 4 4 4 4 4 4 4 4 4 4 4 3 4 3
 [815] 4 4 4 4 4 4 4 4 4 4 3 3 3 4 3 4 4 4 4 4 4 4 4 4 4 4 4 4 4 4 4 4 4 4 4 4 4
 [852] 4 3 4 3 5 4 4 4 4 4 4 4 4 4 4 4 3 4 4 4 4 4 4 4 4 4 4 4 4 4 4 3 4 3 4 4 4
 [889] 4 4 4 4 4 3 4 4 4 4 4 4 4 4 4 4 4 4 4 4 4 4 4 4 4 4 3 4 4 4 4 4 4 4 4 4 4
 [926] 4 4 3 4 4 4 4 4 4 4 4 4 4 4 4 4 4 4 4 4 5 4 4 4 4 4 4 4 4 4 4 4 4 4 4 3 4
 [963] 4 4 3 4 3 4 4 4 4 4 3 4 4 4 4 4 4 3 4 4 4 4 4 4 4 4 4 4 4 4 3 4 4 2 4 4 4
[1000] 4 4 4 4 4 4 4 4 4 4 4 4 4 4 4 4 4 4 4 4 4 4 4 4 4 4 3 3 4 4 4 4 2 4 4 4 3
[1037] 3 4 4 4 4 4 4 4 4 4 4 4 2 3 4 1 4 1 1 2 3 1 1 4 1 1 3 1 4 4 2 1 4 4 1 1 2
[1074] 1 1 3 4 1 2 4 1 1 1 2 1 2 1 1 4 1 1 1 4 1 4 1 4 2 4 1 1 1 1 1 2 4 1 3 1 1
[1111] 1 1 1 1 4 1 1 1 2 1 4 4 1 1 1 1 1 4 1 1 1 2 4 1 1 1 2 2 1 4 2 1 1 2 1 1 1
[1148] 4 2 2 2 4 1 4 2 1 1 4 2 4 4 4 4 2 2 1 1 1 4 1 2 1 1 1 2 1 2 4 1 2 2 1 1 4
[1185] 2 4 4 1 1 1 1 4 4 4 1 1 1 4 1 1 4 4 2 1 1 4 2 1 2 1 1 4 1 1 1 1 1 4 1 2 4
[1222] 2 1 1 4 2 1 4 1 1 4 4 1 2 2 4 1 1 1 4 4 1 1 1 4 1 1 1 1 1 4 4 1 1 1 1 1 1
[1259] 1 1 1 1 1 1 2 1 2 1 3 2 4 2 2 4 2 1 1 2 1 4 4 2 4 1 2 1 4 1 4 2 1 1 4 2 2
[1296] 1 1 2 4 1 1 1 1 4 1 1 2 2 1 2 1 4 2 1 1 1 1 1 1 1 1 1 1 1 1 2 1 1 1 1 1 4
[1333] 1 1 4 3 4 1 1 1 1 1 1 3 4 1 1 1 1 1 1 1 1 2 4 1 2 1 4 4 2 4 4 1 1 4 2 2 4
[1370] 4 2 4 1 1 4 4 4 3 1 1 1 2 1 4 4 1 1 2 1 1 1 1 1 2 1 1 1 1 2 2 1 1 1 1 2 1
[1407] 1 1 1 1 1 1 1 1 1 1 1 1 1 2 1 1 1 1 1 1 1 3 2 3 2 2 2 2 1 2 2 2 2 2 2 2 2
[1444] 2 2 2 2 2 2 2 2 2 2 2 2 2 2 1 1 1 1 2 1 2 1 1 1 1 1 1 1 1 1 1 1 1 1 5 1 1
[1481] 1 1 1 1 1 1 1 1 1 2 1 1 1 1 1 2 1 1 1 1 2 2 2 2 2 2 1 1 2 2 1 2 2 1 1 1 1
[1518] 2 1 1 1 1 1 1 2 1 1 1 1 1 1 1 1 1 1 1 1 1 1 2 1 1 2 1 1 1 1 1 1 1 1 2 2 2
[1555] 3 2 2 2 2 2 2 2 2 2 2 2 1 3 5 5 5 5 5 5 5 2 5 3 3 3 3 5 3 3 5 3 5 5 5 5 5
[1592] 5 5 5 5 5 5 5 5 5 5 5 5 5 5 5 5 5 5 5 3 5 5 5 5 3 5 5 5 2 3 5 2 5 5 5 5 3
[1629] 5 2 5 5 5 5 5 5 3 5 5 5 3 3 5 3 5 5 5 5 5 5 5 3 5 5 3 3 5 5 5 5 5 5 5 5 5
[1666] 5 3 5 3 5 3 5 5 5 5 5 5 5 5 5 3 5 3 5 5 5 3 5 5 5 5 3 5 5 5 5 5 3 5 5 5 5
[1703] 3 5 5 5 5 5 5 5 3 3 3 5 5 5 3 5 5 3 5 5 3 2 2 2 5 5 5 3 3 5 5 5 5 1 1 1 1
[1740] 1 1 1 1 2 4 2 5 2 2 2 2 2 2 2 4 2 2 2 2 2 2 2 5 2 2 4 2 2 2 2 4 2 2 1 1 1
[1777] 1 1 1 1 1 1 1 1 1 1 2 1 1 1 1 2 2 2 2 4 2 2 2 2 2 2 2 2 2 2 4 2 2 2 2 2 2
[1814] 2 2 2 2 1 1 1 1 1 1 1 1 1 1 1 1 1 1 1 1 1 1 1 2 2 2 2 2 2 2 2 2 2 3 2 2 2
[1851] 2 2 2 2 2 2 2 2 2 2 2 2 2 2 1 2 2 1 3 2 1 2 2 2 1 2 2 2 1 2 2 2 1 1 2 2 2
[1888] 1 2 2 2 2 2 2 2 2 2 1 2 2 2 2 2 2 2 1 2 2 2 2 2 2 2 2 2 2 1 1 2 1 2 2 2 2
[1925] 1 2 2 2 2 3 2 2 2 2 2 2 1 1 2 2 2 2 1 2 1 1 2 2 2 4 2 2 2 2 2 2 2 2 2 2 2
[1962] 2 2 2 2 2 2 2 2 2 5 2 3 2 2 2 1 2 2 2 4 4 2 2 2 4 4 2 1 2 4 2 4 2 2 2 2 4
[1999] 5 2 2 2 2 4 4 3 2 2 2 2 2 2 2 2 4 4 4 2 2 2 4 3 2 2 4 4 2 5 4 1 2 4 2 4 4
[2036] 2 2 4 1 2 2 2 2 2 4 4 4 2 2 2 4 2 2 4 5 3 2 2 1 2 2 4 1 2 2 2 4 2 2 2 1 5
[2073] 2 2 2 2 1 1 2 1 2 2 2 2 2 2 2 1 2 2 2 2 3 2 2 2 2 2 2 2 2 2 2 2 2 1 2 2 2
[2110] 2 1 2 1 2 2 2 2 2 2 1 2 1 2 2 2 2 1 2 1 1 2 2 1 1 2 2 2 2 2 2 1 2 2 2 1 2
[2147] 1 1 2 2 2 1 2 2 2 2 2 2 2 2 2 2 2 3 2 2 2 2 2 2 2 2 2 2 2 2 2 2 2 2 2 2 2
[2184] 4 4 2 2 1 2 2 2 4 4 2 2 2 2 1 4 2 2 2 2 4 2 2 2 2 4 4 2 2 1 2 2 4 2 2 2 2
[2221] 4 4 2 2 1 2 4 2 4 2 2 2 2 2 2 2 5 2 2 4 2 2 2 2 2 4 2 4 2 2 3 5 2 2 2 4 3
[2258] 2 4 3 2 2 2 3 2 2 4 2 2 2 2 4 2 2 2 4 4 2 2 2 2 2 1 1 2 2 2 2 2 2 1 1 2 2
[2295] 2 2 2 1 2 2 2 2 2 2 2 1 1 1 1 2 2 2 2 2 2 2 2 2 2 2 1 2 2 1 2 2 2 2 2 1 2
[2332] 3 1 2 2 2 2 2 2 2 2 1 1 2 1 2 2 2 2 1 1 2 2 2 2 2 2 1 2 2 2 2 2 1 1 2 3 2
[2369] 2 2 2 2 1 2 2 2 2 2 1 2 2 2 2 2 1 3 2 2 2 2 4 4 2 2 2 2 2 2 2 2 4 4 4 2 2
[2406] 3 2 4 1 2 2 2 2 4 2 2 2 4 4 4 4 2 4 3 2 2 2 2 4 2 2 2 2 2 4 4 4 4 4 4 2 2
[2443] 4 3 2 2 2 2 3 4 4 4 2 2 2 4 2 2 2 2 4 4 4 4 2 1 4 4 5 4 2 2 2 2 2 2 4 1 2
[2480] 4 4 5 2 2 4 2 2 4 4 4 4 4 2 2 3 3 5 3 3 3 5 5 3 3 3 3 5 3 5 3 3 3 5 3 3 3
[2517] 3 5 3 3 3 5 3 3 5 5 3 3 3 3 5 5 3 3 5 3 3 5 3 3 3 3 5 3 3 3 5 3 3 3 3 3 3
[2554] 5 3 3 3 3 5 3 2 3 5 5 3 3 5 5 5 5 3 3 3 4 5 5 4 3 3 5 4 1 1 3 1 3 3 1 1 5
[2591] 1 5 1 1 1 5 3 3 3 2 2 5 5 5 1 1 1 3 5 5 3 1 5 5 5 3 2 2 5 2 1 5 5 5 3 2 1
[2628] 5 3 5 2 5 1 5 5 2 1 5 5 3 1 3 5 5 5 5 2 5 3 5 2 5 5 5 1 2 5 5 1 5 3 3 3 3
[2665] 5 3 5 5 5 4 3 3 5 5 3 3 3 5 5 3 2 3 3 5 5 3 3 5 3 5 5 3 3 3 3 5 3 5 5 5 3
[2702] 5 5 3 3 3 3 3 5 3 3 3 3 3 5 5 3 5 3 3 3 1 3 5 5 3 3 3 5 5 3 5 5 3 3 3 3 5
[2739] 5 3 5 3 5 5 5 3 3 5 5 3 3 3 3 3 5 3 3 3 4 5 5 5 5 3 3 3 3 5 1 1 3 5 5 1 1
[2776] 1 2 3 3 1 3 1 2 5 3 1 1 1 2 4 5 1 1 1 5 5 5 5 5 2 1 1 1 2 5 5 5 2 1 5 3 3
[2813] 2 2 1 5 1 5 5 5 1 3 1 3 3 3 5 5 1 3 3 3 5 5 1 1 3 5 5 3 2 5 5 3 5 3 3 5 5
[2850] 5 5 1 1 2 1 5 5 3 3 3 5 5 5 3 5 5 3 3 3 3 3 3 3 3 5 5 3 3 3 3 5 5 3 3 3 3
[2887] 3 3 3 5 5 3 3 3 3 5 5 5 3 3 3 3 3 5 5 5 5 5 3 5 5 3 3 3 5 3 5 3 5 5 5 3 3
[2924] 3 3 3 5 5 3 3 2 3 3 3 3 5 5 5 3 3 3 2 3 3 5 5 5 3 3 4 3 3 2 5 3 3 3 3 3 3
[2961] 2 3 5 1 5 2 1 5 1 1 1 2 5 5 5 5 5 5 2 5 3 5 3 2 3 3 1 5 1 1 1 5 5 1 1 1 5
[2998] 1 1 5 5 1 2 3 5 3 1 1 1 1 5 5 3 1 2 1 3 5 1 1 1 1 5 5 5 5 1 1 2 2 1 5 5 3
[3035] 1 3 5 2 2 1 5 1 5 2 2 1 5 2 5 5 2 2 3 2 2 3 2 2 2 2 4 2 2 2 2 2 2 2 4 2 2
[3072] 2 4 4 2 2 2 2 2 3 2 2 2 2 2 2 2 4 4 2 4 3 4 2 2 2 2 4 4 2 2 4 2 2 2 2 2 2
[3109] 4 4 2 2 4 4 4 2 2 2 3 4 2 2 3 2 2 2 2 4 2 4 2 4 2 2 4 2 2 2 2 2 2 2 2 2 3
[3146] 2 2 2 2 2 2 2 2 2 2 2 2 2 2 2 2 2 2 2 2 2 2 2 2 2 2 2 2 2 2 3 2 2 2 2 2 2
[3183] 2 2 2 2 2 2 2 2 2 2 2 2 2 2 2 2 2 2 2 2 2 2 2 2 2 2 2 2 2 2 2 2 2 2 2 2 2
[3220] 2 2 2 2 2 2 2 2 2 2 4 2 3 2 2 2 2 2 2 2 2 2 2 2 4 2 2 2 3 2 2 2 2 2 2 2 2
[3257] 2 2 2 4 2 2 2 2 2 2 4 2 2 2 4 2 4 4 2 2 2 2 2 2 2 3 2 2 2 2 2 2 2 4 2 2 2
[3294] 2 2 4 4 2 2 4 2 4 2 2 2 4 2 2 2 2 3 2 2 2 2 2 2 2 2 2 2 2 2 2 2 2 2 2 2 2
[3331] 2 2 2 2 2 2 2 2 2 2 2 2 2 2 2 2 2 2 3 3 2 2 2 2 2 2 2 2 2 2 2 2 2 2 2 2 2
[3368] 2 2 2 3 2 2 2 2 2 2 2 2 3 2 2 2 2 2 2 2 2 2 3 2 3 2 2 2 2 2 2 2 4 2 2 2 2
[3405] 2 2 2 2 2 3 2 3 2 2 2 2 2 2 2 2 2 4 4 2 2 4 2 2 2 3 2 2 2 2 2 2 2 2 2 2 2
[3442] 2 2 2 2 2 2 2 2 2 2 2 2 2 2 2 2 3 2 2 2 2 2 2 2 2 2 2 2 2 2 2 2 2 2 2 2 2
[3479] 3 2 2 2 2 2
Levels: 1 2 3 4 5
[1] "cell_type_rank"
                        Cell.Type                 Ident
Cancer cells            "Cancer cells"            "1"  
Normal epithelial cells "Normal epithelial cells" "2"  
Stromal cells           "Stromal cells"           "3"  
Immune cells            "Immune cells"            "4"  
Unclassified            "Unclassified"            "5"  
[1] "color_data"
                Cell.Type           Color Ident
1            Cancer cells         #E7298A     1
3 Normal epithelial cells         #66A61E     2
4           Stromal cells         #006633     3
2            Immune cells light sea green     4
5            Unclassified            gray     5
[1] "color_flag"
[1] "#E7298A"         "#66A61E"         "#006633"         "light sea green"
[5] "gray"           
[1] "color_label"
[1] "Cancer cells"            "Normal epithelial cells"
[3] "Stromal cells"           "Immune cells"           
[5] "Unclassified"           
null device 
          1 
null device 
          1 
Start: 1599606797
End: 1599606808
Run time: 11
Done
