Could not find conda environment: Infercnv_heatmap
You can list all discoverable environments with `conda info --envs`.

CPU: 1
N: 1
Plotting FEL001010 ...
plot 2 clusters using hmm to split tumor and normal
Loading required package: grid
========================================
ComplexHeatmap version 2.0.0
Bioconductor page: http://bioconductor.org/packages/ComplexHeatmap/
Github page: https://github.com/jokergoo/ComplexHeatmap
Documentation: http://jokergoo.github.io/ComplexHeatmap-reference

If you use it in published research, please cite:
Gu, Z. Complex heatmaps reveal patterns and correlations in multidimensional 
  genomic data. Bioinformatics 2016.
========================================

========================================
circlize version 0.4.6
CRAN page: https://cran.r-project.org/package=circlize
Github page: https://github.com/jokergoo/circlize
Documentation: http://jokergoo.github.io/circlize_book/book/

If you use it in published research, please cite:
Gu, Z. circlize implements and enhances circular visualization 
  in R. Bioinformatics 2014.
========================================


Attaching package: ‘fastcluster’

The following object is masked from ‘package:stats’:

    hclust

[1] "parameters"
[1] "FEL001010"
[1] "0"
[1] "6"
[1] "hmm"
[1] "parameters done"
[1] "FEL001010.infercnv.14_HMM_predHMMi6.rand_trees.hmm_mode-subclusters.Pnorm_0.5.repr_intensities.observations.txt"
[1] "HMM_infer"
[1] "check point 1"
[1] "check point 2"
[1] "check point 3"
[1] "check point 4"
[1] "Plot cluster plot ......"
[1] "ha"
[1]  1739 11730
[[1]]
 [1] 1058 1057 1056 1055 1054 1053 1052 1051 1050 1049 1048 1046 1047 1064 1063
[16] 1061 1062 1059 1060

[[2]]
  [1]  786  784  785  783  781  782  685  790    2    1    3    4    5   23   22
 [16]   21   19   20   14   13   12   11   10    9    8    6    7  798  797  796
 [31]  795  794  792  793 1041 1040 1039 1038 1037 1036 1035 1034 1033 1032 1030
 [46] 1031 1045 1044 1042 1043 1652 1651 1650 1649 1648 1646 1647 1642 1643 1633
 [61] 1632 1631 1630 1629 1628 1627 1626 1625 1624 1622 1623 1367 1644 1645  987
 [76]  986  985  984  983  982  981  980  979  978  977  976  975  974  973  971
 [91]  972  943  942  941  940  939  938  937  936  934  935 1029 1028 1027 1026
[106] 1025 1024 1023 1021 1022 1020 1019 1018 1017 1016 1015 1014 1012 1013

[[3]]
  [1]  933  932  931  930  929  928  927  926  925  924  923  922  921  920  919
 [16]  918  917  916  915  914  913  912  911  910  909  908  907  906  905  904
 [31]  903  902  901  900  899  898  897  896  895  894  893  892  891  890  889
 [46]  888  887  886  885  884  883  881  882  880  879  878  877  876  875  874
 [61]  873  872  871  870  869  868  867  866  865  864  863  862  861  860  859
 [76]  858  857  856  855  854  853  852  851  850  849  848  847  846  845  844
 [91]  843  842  841  840  839  838  837  836  835  834  833  832  831  830  829
[106]  828  827  826  825  823  824  789  787  788 1082 1081 1080 1079 1077 1078
[121] 1076 1205  813  812  811  810  809  808  807  805  806  822  821  820  819
[136]  818  817  816  814  815 1011 1010 1009 1008 1007 1006 1005 1004 1003 1002
[151] 1001  999 1000 1072 1071 1070 1069 1068 1067 1065 1066 1075 1073 1074 1641
[166] 1640 1639 1638 1637 1636 1634 1635  998  997  996  995  994  993  992  991
[181]  990  988  989   24   25  110  109  107  108  111  112 1606 1605 1604 1603
[196] 1602 1601 1600 1599 1598 1597 1596 1595 1594 1593 1592 1591 1590 1589 1588
[211] 1587 1586 1585 1584 1583 1582 1581 1580 1579 1578 1577 1576 1575 1574 1573
[226] 1572 1571 1570 1569 1568 1567 1566 1565 1564 1563 1562 1561 1560 1558 1559
[241]  970  969  968  967  966  965  964  963  962  961  960  959  958  957  956
[256]  955  954  953  952  951  950  949  948  947  946  944  945 1621 1620 1619
[271] 1618 1617 1616 1615 1614 1613 1612 1611 1610 1609 1607 1608 1682 1681 1680
[286] 1679 1677 1678  780  779  778  776  777 1182 1183 1697 1696 1694 1695 1685
[301] 1683 1684 1738 1739

[[4]]
 [1] 554 553 552 551 550 549 548 547 546 545 544 543 542 540 541 118 117 116 115
[20] 113 114

[[5]]
  [1]  566  565  564  563  562  561  560  559  558  557  555  556   43   42   41
 [16]   40   39   38   37   36   35   34   33   32   31   30   29   28   26   27
 [31]  134  133  132  131  130  129  128  127  126  125  124  123  122  121  119
 [46]  120 1737  308  307  306  305  304  303  302  301  300  299  298  297  296
 [61]  295  294  293  292  291  290  289  288  287  286  285  284  283  282  281
 [76]  280  279  278  277  276  275  274  273  272  271  270  269  268  267  266
 [91]  265  264  263  262  261  260  259  258  257  256  255  254  253  252  251
[106]  250  249  248  247  246  245  244  243  242  241  240  239  238  237  236
[121]  235  234  233  232  231  230  229  228  227  226  225  224  223  222  221
[136]  220  219  218  217  216  215  214  213  212  211  210  209  208  207  206
[151]  205  204  203  202  201  200  199  198  197  196  195  194  193  192  191
[166]  190  189  188  187  186  185  184  183  182  181  180  179  178  177  176
[181]  175  174  173  172  171  170  169  168  167  166  165  164  163  162  161
[196]  160  159  158  157  156  155  154  153  152  151  150  149  148  147  146
[211]  145  144  143  142  141  140  139  138  137  135  136  454   92   91   90
[226]   89   88   87   86   85   84   83   82   81   80   79   78   77   76   75
[241]   74   73   72   71   70   69   68   67   66   65   64   63   62   61   60
[256]   59   58   57   56   55   54   53   52   51   50   49   48   47   46   44
[271]   45  539  538  537  536  535  534  533  532  531  530  529  528  527  526
[286]  525  524  523  522  521  520  519  518  517  516  515  514  513  512  511
[301]  510  509  508  507  506  505  504  503  502  501  500  499  498  497  496
[316]  495  494  493  492  491  490  489  488  487  486  485  484  483  482  481
[331]  480  479  478  477  476  475  474  473  472  471  469  470  669  668  667
[346]  666  665  664  663  662  661  660  659  658  657  656  655  654  653  652
[361]  651  650  649  648  647  646  645  644  643  642  641  640  639  638  637
[376]  636  635  634  633  632  631  630  629  628  627  626  625  624  623  622
[391]  621  620  619  618  617  616  615  614  613  612  611  610  609  608  607
[406]  606  605  604  603  602  601  600  599  598  597  596  595  594  593  592
[421]  591  590  589  588  587  586  585  584  583  582  581  580  579  578  577
[436]  576  575  574  573  572  571  570  569  567  568  684  683  682  681  680
[451]  679  678  677  676  675  674  673  672  670  671 1704 1703 1702 1701 1700
[466] 1698 1699

[[6]]
  [1] 1366 1365 1364 1363 1362 1361 1360 1359 1358 1357 1356 1355 1354 1353 1352
 [16] 1351 1350 1349 1348 1347 1346 1345 1344 1343 1342 1341 1340 1339 1338 1337
 [31] 1336 1335 1334 1333 1332 1331 1330 1329 1328 1327 1326 1325 1324 1323 1322
 [46] 1321 1320 1319 1318 1317 1316 1315 1314 1313 1312 1311 1310 1309 1308 1307
 [61] 1306 1305 1304 1303 1302 1301 1300 1299 1298 1297 1296 1295 1294 1293 1292
 [76] 1291 1290 1289 1288 1287 1286 1285 1284 1283 1282 1281 1280 1279 1278 1277
 [91] 1276 1275 1274 1272 1273  453  452  451  450  449  448  447  446  445  444
[106]  443  442  441  440  439  438  437  436  435  434  433  432  430  431  429
[121]  428  427  426  425  424  423  422  421  420  419  418  417  416  415  414
[136]  413  412  411  410  409  408  407  406  405  404  403  402  401  400  399
[151]  398  397  396  395  394  393  392  391  390  389  388  387  386  385  384
[166]  383  382  381  380  379  378  377  376  375  374  373  372  371  370  369
[181]  368  367  366  365  364  363  362  361  360  359  358  357  356  355  354
[196]  353  352  351  350  349  348  347  346  345  344  343  342  341  340  339
[211]  338  337  336  335  334  333  332  331  330  329  328  327  326  325  324
[226]  323  322  321  320  319  318  317  316  315  314  313  312  311  309  310
[241] 1693 1692 1690 1691 1736 1734 1733 1732 1731 1730 1729 1728 1727 1726 1725
[256] 1724 1723 1722 1721 1720 1719 1718 1717 1716 1715 1714 1713 1712 1711 1710
[271] 1709 1708 1707 1705 1706 1686 1735 1689 1687 1688 1446 1445 1444 1443 1442
[286] 1441 1440 1439 1438 1437 1436 1435 1434 1433 1432 1431 1430 1429 1428 1427
[301] 1426 1425 1424 1423 1422 1421 1420 1419 1418 1417 1416 1415 1414 1413 1412
[316] 1411 1410 1409 1408 1407 1406 1405 1404 1403 1402 1401 1400 1399 1398 1397
[331] 1396 1395 1394 1393 1392 1391 1390 1389 1388 1387 1386 1385 1384 1383 1382
[346] 1381 1380 1379 1378 1377 1376 1375 1374 1372 1373 1557 1556 1555 1554 1553
[361] 1552 1551 1550 1549 1548 1547 1546 1545 1544 1543 1542 1541 1540 1539 1538
[376] 1537 1536 1535 1534 1533 1532 1531 1530 1529 1528 1527 1526 1525 1524 1523
[391] 1522 1521 1520 1519 1518 1517 1516 1515 1514 1513 1512 1511 1510 1509 1508
[406] 1507 1506 1505 1504 1503 1502 1501 1500 1499 1498 1497 1496 1495 1494 1493
[421] 1492 1491 1490 1489 1488 1487 1486 1485 1484 1483 1482 1481 1480 1479 1478
[436] 1477 1476 1475 1474 1473 1472 1471 1470 1469 1468 1467 1466 1465 1464 1463
[451] 1462 1461 1460 1459 1458 1457 1456 1455 1454 1453 1452 1451 1450 1449 1447
[466] 1448 1181 1180 1179 1178 1177 1176 1175 1174 1173 1172 1171 1170 1169 1168
[481] 1167 1166 1165 1164 1163 1162 1161 1160 1159 1158 1157 1156 1155 1154 1153
[496] 1152 1151 1150 1149 1148 1147 1146 1145 1144 1143 1142 1141 1140 1139 1138
[511] 1137 1136 1135 1134 1133 1132 1131 1130 1129 1128 1127 1126 1125 1124 1123
[526] 1122 1121 1120 1119 1118 1117 1116 1115 1114 1113 1112 1111 1110 1109 1108
[541] 1107 1106 1105 1104 1103 1102 1101 1100 1099 1098 1097 1096 1095 1094 1093
[556] 1092 1091 1089 1090 1271 1270 1269 1268 1267 1266 1265 1264 1263 1262 1261
[571] 1260 1259 1258 1257 1256 1255 1254 1253 1252 1251 1249 1250 1204 1203 1202
[586] 1201 1200 1199 1198 1197 1196 1195 1193 1194 1192 1191 1190 1189 1188 1187
[601] 1186 1184 1185  775  774  773  772  771  770  769  768  767  766  765  764
[616]  763  762  761  760  759  758  757  756  755  754  753  752  751  750  749
[631]  748  747  746  745  744  743  742  741  740  739  738  737  736  735  734
[646]  733  732  731  730  729  728  727  726  725  724  723  722  721  720  719
[661]  718  717  716  715  714  713  712  711  710  709  708  707  706  705  704
[676]  703  702  701  700  699  698  697  696  695  694  693  691  692 1248 1247
[691] 1246 1245 1244 1243 1242 1241 1240 1239 1238 1237 1236 1235 1234 1233 1232
[706] 1231 1230 1229 1228 1227 1226 1225 1224 1223 1222 1221 1220 1219 1218 1217
[721] 1216 1215 1214 1213 1212 1211 1210 1209 1208 1206 1207 1088 1087 1086 1085
[736] 1083 1084  468  467  466  465  464  463  462  461  460  459  458  457  455
[751]  456  106  105  104  103  102  101  100   99   98   97   96   95   93   94
[766]  690  689  688  686  687   18   17   15   16  803  802  800  801  799  791
[781]  804 1663 1662 1661 1660 1659 1658 1657 1656 1655 1653 1654 1676 1675 1674
[796] 1673 1672 1671 1670 1669 1668 1667 1666 1664 1665 1371 1370 1368 1369

[1] "ht"
[1] "outlist"
$`1`
 [1] 1058 1057 1056 1055 1054 1053 1052 1051 1050 1049 1048 1046 1047 1064 1063
[16] 1061 1062 1059 1060

$`2`
  [1]  786  784  785  783  781  782  685  790    2    1    3    4    5   23   22
 [16]   21   19   20   14   13   12   11   10    9    8    6    7  798  797  796
 [31]  795  794  792  793 1041 1040 1039 1038 1037 1036 1035 1034 1033 1032 1030
 [46] 1031 1045 1044 1042 1043 1652 1651 1650 1649 1648 1646 1647 1642 1643 1633
 [61] 1632 1631 1630 1629 1628 1627 1626 1625 1624 1622 1623 1367 1644 1645  987
 [76]  986  985  984  983  982  981  980  979  978  977  976  975  974  973  971
 [91]  972  943  942  941  940  939  938  937  936  934  935 1029 1028 1027 1026
[106] 1025 1024 1023 1021 1022 1020 1019 1018 1017 1016 1015 1014 1012 1013

$`3`
  [1]  933  932  931  930  929  928  927  926  925  924  923  922  921  920  919
 [16]  918  917  916  915  914  913  912  911  910  909  908  907  906  905  904
 [31]  903  902  901  900  899  898  897  896  895  894  893  892  891  890  889
 [46]  888  887  886  885  884  883  881  882  880  879  878  877  876  875  874
 [61]  873  872  871  870  869  868  867  866  865  864  863  862  861  860  859
 [76]  858  857  856  855  854  853  852  851  850  849  848  847  846  845  844
 [91]  843  842  841  840  839  838  837  836  835  834  833  832  831  830  829
[106]  828  827  826  825  823  824  789  787  788 1082 1081 1080 1079 1077 1078
[121] 1076 1205  813  812  811  810  809  808  807  805  806  822  821  820  819
[136]  818  817  816  814  815 1011 1010 1009 1008 1007 1006 1005 1004 1003 1002
[151] 1001  999 1000 1072 1071 1070 1069 1068 1067 1065 1066 1075 1073 1074 1641
[166] 1640 1639 1638 1637 1636 1634 1635  998  997  996  995  994  993  992  991
[181]  990  988  989   24   25  110  109  107  108  111  112 1606 1605 1604 1603
[196] 1602 1601 1600 1599 1598 1597 1596 1595 1594 1593 1592 1591 1590 1589 1588
[211] 1587 1586 1585 1584 1583 1582 1581 1580 1579 1578 1577 1576 1575 1574 1573
[226] 1572 1571 1570 1569 1568 1567 1566 1565 1564 1563 1562 1561 1560 1558 1559
[241]  970  969  968  967  966  965  964  963  962  961  960  959  958  957  956
[256]  955  954  953  952  951  950  949  948  947  946  944  945 1621 1620 1619
[271] 1618 1617 1616 1615 1614 1613 1612 1611 1610 1609 1607 1608 1682 1681 1680
[286] 1679 1677 1678  780  779  778  776  777 1182 1183 1697 1696 1694 1695 1685
[301] 1683 1684 1738 1739

$`4`
 [1] 554 553 552 551 550 549 548 547 546 545 544 543 542 540 541 118 117 116 115
[20] 113 114

$`5`
  [1]  566  565  564  563  562  561  560  559  558  557  555  556   43   42   41
 [16]   40   39   38   37   36   35   34   33   32   31   30   29   28   26   27
 [31]  134  133  132  131  130  129  128  127  126  125  124  123  122  121  119
 [46]  120 1737  308  307  306  305  304  303  302  301  300  299  298  297  296
 [61]  295  294  293  292  291  290  289  288  287  286  285  284  283  282  281
 [76]  280  279  278  277  276  275  274  273  272  271  270  269  268  267  266
 [91]  265  264  263  262  261  260  259  258  257  256  255  254  253  252  251
[106]  250  249  248  247  246  245  244  243  242  241  240  239  238  237  236
[121]  235  234  233  232  231  230  229  228  227  226  225  224  223  222  221
[136]  220  219  218  217  216  215  214  213  212  211  210  209  208  207  206
[151]  205  204  203  202  201  200  199  198  197  196  195  194  193  192  191
[166]  190  189  188  187  186  185  184  183  182  181  180  179  178  177  176
[181]  175  174  173  172  171  170  169  168  167  166  165  164  163  162  161
[196]  160  159  158  157  156  155  154  153  152  151  150  149  148  147  146
[211]  145  144  143  142  141  140  139  138  137  135  136  454   92   91   90
[226]   89   88   87   86   85   84   83   82   81   80   79   78   77   76   75
[241]   74   73   72   71   70   69   68   67   66   65   64   63   62   61   60
[256]   59   58   57   56   55   54   53   52   51   50   49   48   47   46   44
[271]   45  539  538  537  536  535  534  533  532  531  530  529  528  527  526
[286]  525  524  523  522  521  520  519  518  517  516  515  514  513  512  511
[301]  510  509  508  507  506  505  504  503  502  501  500  499  498  497  496
[316]  495  494  493  492  491  490  489  488  487  486  485  484  483  482  481
[331]  480  479  478  477  476  475  474  473  472  471  469  470  669  668  667
[346]  666  665  664  663  662  661  660  659  658  657  656  655  654  653  652
[361]  651  650  649  648  647  646  645  644  643  642  641  640  639  638  637
[376]  636  635  634  633  632  631  630  629  628  627  626  625  624  623  622
[391]  621  620  619  618  617  616  615  614  613  612  611  610  609  608  607
[406]  606  605  604  603  602  601  600  599  598  597  596  595  594  593  592
[421]  591  590  589  588  587  586  585  584  583  582  581  580  579  578  577
[436]  576  575  574  573  572  571  570  569  567  568  684  683  682  681  680
[451]  679  678  677  676  675  674  673  672  670  671 1704 1703 1702 1701 1700
[466] 1698 1699

$`6`
  [1] 1366 1365 1364 1363 1362 1361 1360 1359 1358 1357 1356 1355 1354 1353 1352
 [16] 1351 1350 1349 1348 1347 1346 1345 1344 1343 1342 1341 1340 1339 1338 1337
 [31] 1336 1335 1334 1333 1332 1331 1330 1329 1328 1327 1326 1325 1324 1323 1322
 [46] 1321 1320 1319 1318 1317 1316 1315 1314 1313 1312 1311 1310 1309 1308 1307
 [61] 1306 1305 1304 1303 1302 1301 1300 1299 1298 1297 1296 1295 1294 1293 1292
 [76] 1291 1290 1289 1288 1287 1286 1285 1284 1283 1282 1281 1280 1279 1278 1277
 [91] 1276 1275 1274 1272 1273  453  452  451  450  449  448  447  446  445  444
[106]  443  442  441  440  439  438  437  436  435  434  433  432  430  431  429
[121]  428  427  426  425  424  423  422  421  420  419  418  417  416  415  414
[136]  413  412  411  410  409  408  407  406  405  404  403  402  401  400  399
[151]  398  397  396  395  394  393  392  391  390  389  388  387  386  385  384
[166]  383  382  381  380  379  378  377  376  375  374  373  372  371  370  369
[181]  368  367  366  365  364  363  362  361  360  359  358  357  356  355  354
[196]  353  352  351  350  349  348  347  346  345  344  343  342  341  340  339
[211]  338  337  336  335  334  333  332  331  330  329  328  327  326  325  324
[226]  323  322  321  320  319  318  317  316  315  314  313  312  311  309  310
[241] 1693 1692 1690 1691 1736 1734 1733 1732 1731 1730 1729 1728 1727 1726 1725
[256] 1724 1723 1722 1721 1720 1719 1718 1717 1716 1715 1714 1713 1712 1711 1710
[271] 1709 1708 1707 1705 1706 1686 1735 1689 1687 1688 1446 1445 1444 1443 1442
[286] 1441 1440 1439 1438 1437 1436 1435 1434 1433 1432 1431 1430 1429 1428 1427
[301] 1426 1425 1424 1423 1422 1421 1420 1419 1418 1417 1416 1415 1414 1413 1412
[316] 1411 1410 1409 1408 1407 1406 1405 1404 1403 1402 1401 1400 1399 1398 1397
[331] 1396 1395 1394 1393 1392 1391 1390 1389 1388 1387 1386 1385 1384 1383 1382
[346] 1381 1380 1379 1378 1377 1376 1375 1374 1372 1373 1557 1556 1555 1554 1553
[361] 1552 1551 1550 1549 1548 1547 1546 1545 1544 1543 1542 1541 1540 1539 1538
[376] 1537 1536 1535 1534 1533 1532 1531 1530 1529 1528 1527 1526 1525 1524 1523
[391] 1522 1521 1520 1519 1518 1517 1516 1515 1514 1513 1512 1511 1510 1509 1508
[406] 1507 1506 1505 1504 1503 1502 1501 1500 1499 1498 1497 1496 1495 1494 1493
[421] 1492 1491 1490 1489 1488 1487 1486 1485 1484 1483 1482 1481 1480 1479 1478
[436] 1477 1476 1475 1474 1473 1472 1471 1470 1469 1468 1467 1466 1465 1464 1463
[451] 1462 1461 1460 1459 1458 1457 1456 1455 1454 1453 1452 1451 1450 1449 1447
[466] 1448 1181 1180 1179 1178 1177 1176 1175 1174 1173 1172 1171 1170 1169 1168
[481] 1167 1166 1165 1164 1163 1162 1161 1160 1159 1158 1157 1156 1155 1154 1153
[496] 1152 1151 1150 1149 1148 1147 1146 1145 1144 1143 1142 1141 1140 1139 1138
[511] 1137 1136 1135 1134 1133 1132 1131 1130 1129 1128 1127 1126 1125 1124 1123
[526] 1122 1121 1120 1119 1118 1117 1116 1115 1114 1113 1112 1111 1110 1109 1108
[541] 1107 1106 1105 1104 1103 1102 1101 1100 1099 1098 1097 1096 1095 1094 1093
[556] 1092 1091 1089 1090 1271 1270 1269 1268 1267 1266 1265 1264 1263 1262 1261
[571] 1260 1259 1258 1257 1256 1255 1254 1253 1252 1251 1249 1250 1204 1203 1202
[586] 1201 1200 1199 1198 1197 1196 1195 1193 1194 1192 1191 1190 1189 1188 1187
[601] 1186 1184 1185  775  774  773  772  771  770  769  768  767  766  765  764
[616]  763  762  761  760  759  758  757  756  755  754  753  752  751  750  749
[631]  748  747  746  745  744  743  742  741  740  739  738  737  736  735  734
[646]  733  732  731  730  729  728  727  726  725  724  723  722  721  720  719
[661]  718  717  716  715  714  713  712  711  710  709  708  707  706  705  704
[676]  703  702  701  700  699  698  697  696  695  694  693  691  692 1248 1247
[691] 1246 1245 1244 1243 1242 1241 1240 1239 1238 1237 1236 1235 1234 1233 1232
[706] 1231 1230 1229 1228 1227 1226 1225 1224 1223 1222 1221 1220 1219 1218 1217
[721] 1216 1215 1214 1213 1212 1211 1210 1209 1208 1206 1207 1088 1087 1086 1085
[736] 1083 1084  468  467  466  465  464  463  462  461  460  459  458  457  455
[751]  456  106  105  104  103  102  101  100   99   98   97   96   95   93   94
[766]  690  689  688  686  687   18   17   15   16  803  802  800  801  799  791
[781]  804 1663 1662 1661 1660 1659 1658 1657 1656 1655 1653 1654 1676 1675 1674
[796] 1673 1672 1671 1670 1669 1668 1667 1666 1664 1665 1371 1370 1368 1369

[1] 1
[1] "1"
[1] 2
[1] "2"
[1] 3
[1] "3"
[1] 4
[1] "4"
[1] 5
[1] "5"
[1] 6
[1] "6"
[1] "check point 6"
plot 2 clusters using final to double check hmm clusters
Loading required package: grid
========================================
ComplexHeatmap version 2.0.0
Bioconductor page: http://bioconductor.org/packages/ComplexHeatmap/
Github page: https://github.com/jokergoo/ComplexHeatmap
Documentation: http://jokergoo.github.io/ComplexHeatmap-reference

If you use it in published research, please cite:
Gu, Z. Complex heatmaps reveal patterns and correlations in multidimensional 
  genomic data. Bioinformatics 2016.
========================================

========================================
circlize version 0.4.6
CRAN page: https://cran.r-project.org/package=circlize
Github page: https://github.com/jokergoo/circlize
Documentation: http://jokergoo.github.io/circlize_book/book/

If you use it in published research, please cite:
Gu, Z. circlize implements and enhances circular visualization 
  in R. Bioinformatics 2014.
========================================


Attaching package: ‘fastcluster’

The following object is masked from ‘package:stats’:

    hclust

[1] "parameters"
[1] "FEL001010"
[1] "1"
[1] "6"
[1] "final"
[1] "parameters done"
[1] "FEL001010.infercnv.observations.txt"
[1] "CNA_infer"
[1] "check point 1"
[1] "check point 2"
[1] "check point 3"
[1] "noclust" "1"      
[1] "Plot nocluster plot ......"
null device 
          1 
Start: 1600413848
End: 1600414516
Run time: 668
Done
