CPU: 16
N: 25
Step1: Analyze spliced and unspliced reads and genrate a loom file for velocityR
Run velocyto to generate loom file
2020-08-27 16:51:31,794 - DEBUG - Using logic: Default
2020-08-27 16:51:31,836 - INFO - Read 5035 cell barcodes from /net/isi-dcnl/ifs/user_data/abild/Megatron_data/COH049/FEL017022.mRNA/feline_p1722.10x.counts/FEL020_E/outs/filtered_feature_bc_matrix/barcodes.tsv.gz
2020-08-27 16:51:31,836 - DEBUG - Example of barcode: AAACCCACAAACTCGT and cell_id: FEL020_E:AAACCCACAAACTCGT-1
2020-08-27 16:51:31,848 - DEBUG - Peeking into /net/isi-dcnl/ifs/user_data/abild/Megatron_data/COH049/FEL017022.mRNA/feline_p1722.10x.counts/FEL020_E/outs/possorted_genome_bam.bam
2020-08-27 16:51:32,051 - WARNING - Not found cell and umi barcode in entry 43 of the bam file
2020-08-27 16:51:32,051 - WARNING - Not found cell and umi barcode in entry 84 of the bam file
2020-08-27 16:51:32,052 - WARNING - Not found cell and umi barcode in entry 85 of the bam file
2020-08-27 16:51:32,052 - WARNING - Not found cell and umi barcode in entry 194 of the bam file
2020-08-27 16:51:32,054 - WARNING - Not found cell and umi barcode in entry 450 of the bam file
2020-08-27 16:51:32,056 - WARNING - Not found cell and umi barcode in entry 784 of the bam file
2020-08-27 16:51:32,057 - WARNING - Not found cell and umi barcode in entry 955 of the bam file
2020-08-27 16:51:32,064 - WARNING - The file /net/isi-dcnl/ifs/user_data/abild/Megatron_data/COH049/FEL017022.mRNA/feline_p1722.10x.counts/FEL020_E/outs/cellsorted_possorted_genome_bam.bam already exists. The sorting step will be skipped and the existing file will be used.
2020-08-27 16:51:32,064 - INFO - Load the annotation from /net/isi-dcnl/ifs/user_data/abild/Genomes/refdata-cellranger-GRCh38-3.0.0/genes/genes.gtf
2020-08-27 16:51:40,114 - DEBUG - Parsing Chromosome 1 strand - [line 0]
2020-08-27 16:51:40,743 - DEBUG - Done with 1- [line 108728]
2020-08-27 16:51:40,743 - DEBUG - Assigning indexes to genes
2020-08-27 16:51:40,754 - DEBUG - Seen 1561 genes until now
2020-08-27 16:51:40,754 - DEBUG - Parsing Chromosome 1 strand + [line 108729]
2020-08-27 16:51:41,470 - DEBUG - Done with 1+ [line 232515]
2020-08-27 16:51:41,470 - DEBUG - Assigning indexes to genes
2020-08-27 16:51:41,702 - DEBUG - Seen 3154 genes until now
2020-08-27 16:51:41,702 - DEBUG - Parsing Chromosome 10 strand - [line 232516]
2020-08-27 16:51:41,906 - DEBUG - Done with 10- [line 279343]
2020-08-27 16:51:41,906 - DEBUG - Assigning indexes to genes
2020-08-27 16:51:41,909 - DEBUG - Seen 3737 genes until now
2020-08-27 16:51:41,909 - DEBUG - Parsing Chromosome 10 strand + [line 279344]
2020-08-27 16:51:42,099 - DEBUG - Done with 10+ [line 323872]
2020-08-27 16:51:42,099 - DEBUG - Assigning indexes to genes
2020-08-27 16:51:42,102 - DEBUG - Seen 4384 genes until now
2020-08-27 16:51:42,102 - DEBUG - Parsing Chromosome 11 strand - [line 323873]
2020-08-27 16:51:42,664 - DEBUG - Done with 11- [line 402908]
2020-08-27 16:51:42,664 - DEBUG - Assigning indexes to genes
2020-08-27 16:51:42,671 - DEBUG - Seen 5320 genes until now
2020-08-27 16:51:42,671 - DEBUG - Parsing Chromosome 11 strand + [line 402909]
2020-08-27 16:51:43,005 - DEBUG - Done with 11+ [line 482591]
2020-08-27 16:51:43,005 - DEBUG - Assigning indexes to genes
2020-08-27 16:51:43,273 - DEBUG - Seen 6305 genes until now
2020-08-27 16:51:43,274 - DEBUG - Parsing Chromosome 12 strand - [line 482592]
2020-08-27 16:51:43,600 - DEBUG - Done with 12- [line 559278]
2020-08-27 16:51:43,600 - DEBUG - Assigning indexes to genes
2020-08-27 16:51:43,607 - DEBUG - Seen 7177 genes until now
2020-08-27 16:51:43,607 - DEBUG - Parsing Chromosome 12 strand + [line 559279]
2020-08-27 16:51:43,920 - DEBUG - Done with 12+ [line 635173]
2020-08-27 16:51:43,920 - DEBUG - Assigning indexes to genes
2020-08-27 16:51:43,927 - DEBUG - Seen 8070 genes until now
2020-08-27 16:51:43,927 - DEBUG - Parsing Chromosome 13 strand - [line 635174]
2020-08-27 16:51:44,296 - DEBUG - Done with 13- [line 653523]
2020-08-27 16:51:44,296 - DEBUG - Assigning indexes to genes
2020-08-27 16:51:44,298 - DEBUG - Seen 8400 genes until now
2020-08-27 16:51:44,298 - DEBUG - Parsing Chromosome 13 strand + [line 653524]
2020-08-27 16:51:44,381 - DEBUG - Done with 13+ [line 673091]
2020-08-27 16:51:44,381 - DEBUG - Assigning indexes to genes
2020-08-27 16:51:44,382 - DEBUG - Seen 8736 genes until now
2020-08-27 16:51:44,383 - DEBUG - Parsing Chromosome 14 strand - [line 673092]
2020-08-27 16:51:44,564 - DEBUG - Done with 14- [line 716831]
2020-08-27 16:51:44,564 - DEBUG - Assigning indexes to genes
2020-08-27 16:51:44,568 - DEBUG - Seen 9452 genes until now
2020-08-27 16:51:44,568 - DEBUG - Parsing Chromosome 14 strand + [line 716832]
2020-08-27 16:51:44,767 - DEBUG - Done with 14+ [line 764942]
2020-08-27 16:51:44,767 - DEBUG - Assigning indexes to genes
2020-08-27 16:51:44,771 - DEBUG - Seen 10121 genes until now
2020-08-27 16:51:44,771 - DEBUG - Parsing Chromosome 15 strand - [line 764943]
2020-08-27 16:51:44,980 - DEBUG - Done with 15- [line 813803]
2020-08-27 16:51:44,981 - DEBUG - Assigning indexes to genes
2020-08-27 16:51:44,984 - DEBUG - Seen 10698 genes until now
2020-08-27 16:51:44,984 - DEBUG - Parsing Chromosome 15 strand + [line 813804]
2020-08-27 16:51:45,167 - DEBUG - Done with 15+ [line 857859]
2020-08-27 16:51:45,167 - DEBUG - Assigning indexes to genes
2020-08-27 16:51:45,171 - DEBUG - Seen 11256 genes until now
2020-08-27 16:51:45,171 - DEBUG - Parsing Chromosome 16 strand - [line 857860]
2020-08-27 16:51:45,721 - DEBUG - Done with 16- [line 911118]
2020-08-27 16:51:45,721 - DEBUG - Assigning indexes to genes
2020-08-27 16:51:45,726 - DEBUG - Seen 11998 genes until now
2020-08-27 16:51:45,726 - DEBUG - Parsing Chromosome 16 strand + [line 911119]
2020-08-27 16:51:46,020 - DEBUG - Done with 16+ [line 981663]
2020-08-27 16:51:46,020 - DEBUG - Assigning indexes to genes
2020-08-27 16:51:46,027 - DEBUG - Seen 12787 genes until now
2020-08-27 16:51:46,027 - DEBUG - Parsing Chromosome 17 strand - [line 981664]
2020-08-27 16:51:46,382 - DEBUG - Done with 17- [line 1066635]
2020-08-27 16:51:46,382 - DEBUG - Assigning indexes to genes
2020-08-27 16:51:46,390 - DEBUG - Seen 13775 genes until now
2020-08-27 16:51:46,390 - DEBUG - Parsing Chromosome 17 strand + [line 1066636]
2020-08-27 16:51:47,117 - DEBUG - Done with 17+ [line 1143834]
2020-08-27 16:51:47,117 - DEBUG - Assigning indexes to genes
2020-08-27 16:51:47,125 - DEBUG - Seen 14681 genes until now
2020-08-27 16:51:47,125 - DEBUG - Parsing Chromosome 18 strand - [line 1143835]
2020-08-27 16:51:47,229 - DEBUG - Done with 18- [line 1168496]
2020-08-27 16:51:47,230 - DEBUG - Assigning indexes to genes
2020-08-27 16:51:47,231 - DEBUG - Seen 15006 genes until now
2020-08-27 16:51:47,231 - DEBUG - Parsing Chromosome 18 strand + [line 1168497]
2020-08-27 16:51:47,319 - DEBUG - Done with 18+ [line 1189691]
2020-08-27 16:51:47,319 - DEBUG - Assigning indexes to genes
2020-08-27 16:51:47,321 - DEBUG - Seen 15343 genes until now
2020-08-27 16:51:47,321 - DEBUG - Parsing Chromosome 19 strand - [line 1189692]
2020-08-27 16:51:47,644 - DEBUG - Done with 19- [line 1268854]
2020-08-27 16:51:47,644 - DEBUG - Assigning indexes to genes
2020-08-27 16:51:47,651 - DEBUG - Seen 16352 genes until now
2020-08-27 16:51:47,651 - DEBUG - Parsing Chromosome 19 strand + [line 1268855]
2020-08-27 16:51:47,984 - DEBUG - Done with 19+ [line 1351833]
2020-08-27 16:51:47,984 - DEBUG - Assigning indexes to genes
2020-08-27 16:51:47,992 - DEBUG - Seen 17347 genes until now
2020-08-27 16:51:47,992 - DEBUG - Parsing Chromosome 2 strand - [line 1351834]
2020-08-27 16:51:48,405 - DEBUG - Done with 2- [line 1448710]
2020-08-27 16:51:48,405 - DEBUG - Assigning indexes to genes
2020-08-27 16:51:48,413 - DEBUG - Seen 18472 genes until now
2020-08-27 16:51:48,413 - DEBUG - Parsing Chromosome 2 strand + [line 1448711]
2020-08-27 16:51:49,236 - DEBUG - Done with 2+ [line 1542602]
2020-08-27 16:51:49,237 - DEBUG - Assigning indexes to genes
2020-08-27 16:51:49,245 - DEBUG - Seen 19632 genes until now
2020-08-27 16:51:49,245 - DEBUG - Parsing Chromosome 20 strand - [line 1542603]
2020-08-27 16:51:49,355 - DEBUG - Done with 20- [line 1569195]
2020-08-27 16:51:49,355 - DEBUG - Assigning indexes to genes
2020-08-27 16:51:49,357 - DEBUG - Seen 20079 genes until now
2020-08-27 16:51:49,357 - DEBUG - Parsing Chromosome 20 strand + [line 1569196]
2020-08-27 16:51:49,487 - DEBUG - Done with 20+ [line 1600541]
2020-08-27 16:51:49,487 - DEBUG - Assigning indexes to genes
2020-08-27 16:51:49,489 - DEBUG - Seen 20527 genes until now
2020-08-27 16:51:49,489 - DEBUG - Parsing Chromosome 21 strand - [line 1600542]
2020-08-27 16:51:49,547 - DEBUG - Done with 21- [line 1614106]
2020-08-27 16:51:49,547 - DEBUG - Assigning indexes to genes
2020-08-27 16:51:49,549 - DEBUG - Seen 20795 genes until now
2020-08-27 16:51:49,549 - DEBUG - Parsing Chromosome 21 strand + [line 1614107]
2020-08-27 16:51:49,610 - DEBUG - Done with 21+ [line 1628392]
2020-08-27 16:51:49,610 - DEBUG - Assigning indexes to genes
2020-08-27 16:51:49,611 - DEBUG - Seen 21029 genes until now
2020-08-27 16:51:49,611 - DEBUG - Parsing Chromosome 22 strand - [line 1628393]
2020-08-27 16:51:49,718 - DEBUG - Done with 22- [line 1653805]
2020-08-27 16:51:49,718 - DEBUG - Assigning indexes to genes
2020-08-27 16:51:49,720 - DEBUG - Seen 21391 genes until now
2020-08-27 16:51:49,720 - DEBUG - Parsing Chromosome 22 strand + [line 1653806]
2020-08-27 16:51:49,846 - DEBUG - Done with 22+ [line 1684245]
2020-08-27 16:51:49,847 - DEBUG - Assigning indexes to genes
2020-08-27 16:51:49,851 - DEBUG - Seen 21866 genes until now
2020-08-27 16:51:49,851 - DEBUG - Parsing Chromosome 3 strand - [line 1684246]
2020-08-27 16:51:50,188 - DEBUG - Done with 3- [line 1763939]
2020-08-27 16:51:50,188 - DEBUG - Assigning indexes to genes
2020-08-27 16:51:50,195 - DEBUG - Seen 22713 genes until now
2020-08-27 16:51:50,195 - DEBUG - Parsing Chromosome 3 strand + [line 1763940]
2020-08-27 16:51:50,530 - DEBUG - Done with 3+ [line 1844840]
2020-08-27 16:51:50,530 - DEBUG - Assigning indexes to genes
2020-08-27 16:51:50,537 - DEBUG - Seen 23585 genes until now
2020-08-27 16:51:50,537 - DEBUG - Parsing Chromosome 4 strand - [line 1844841]
2020-08-27 16:51:51,302 - DEBUG - Done with 4- [line 1898665]
2020-08-27 16:51:51,302 - DEBUG - Assigning indexes to genes
2020-08-27 16:51:51,307 - DEBUG - Seen 24246 genes until now
2020-08-27 16:51:51,307 - DEBUG - Parsing Chromosome 4 strand + [line 1898666]
2020-08-27 16:51:51,508 - DEBUG - Done with 4+ [line 1947617]
2020-08-27 16:51:51,508 - DEBUG - Assigning indexes to genes
2020-08-27 16:51:51,512 - DEBUG - Seen 24938 genes until now
2020-08-27 16:51:51,512 - DEBUG - Parsing Chromosome 5 strand - [line 1947618]
2020-08-27 16:51:51,739 - DEBUG - Done with 5- [line 2001140]
2020-08-27 16:51:51,739 - DEBUG - Assigning indexes to genes
2020-08-27 16:51:51,744 - DEBUG - Seen 25741 genes until now
2020-08-27 16:51:51,744 - DEBUG - Parsing Chromosome 5 strand + [line 2001141]
2020-08-27 16:51:51,997 - DEBUG - Done with 5+ [line 2062165]
2020-08-27 16:51:51,997 - DEBUG - Assigning indexes to genes
2020-08-27 16:51:52,002 - DEBUG - Seen 26599 genes until now
2020-08-27 16:51:52,002 - DEBUG - Parsing Chromosome 6 strand - [line 2062166]
2020-08-27 16:51:52,248 - DEBUG - Done with 6- [line 2121425]
2020-08-27 16:51:52,248 - DEBUG - Assigning indexes to genes
2020-08-27 16:51:52,253 - DEBUG - Seen 27435 genes until now
2020-08-27 16:51:52,253 - DEBUG - Parsing Chromosome 6 strand + [line 2121426]
2020-08-27 16:51:52,473 - DEBUG - Done with 6+ [line 2176078]
2020-08-27 16:51:52,473 - DEBUG - Assigning indexes to genes
2020-08-27 16:51:52,477 - DEBUG - Seen 28231 genes until now
2020-08-27 16:51:52,477 - DEBUG - Parsing Chromosome 7 strand - [line 2176079]
2020-08-27 16:51:52,719 - DEBUG - Done with 7- [line 2233605]
2020-08-27 16:51:52,719 - DEBUG - Assigning indexes to genes
2020-08-27 16:51:52,724 - DEBUG - Seen 28953 genes until now
2020-08-27 16:51:52,724 - DEBUG - Parsing Chromosome 7 strand + [line 2233606]
2020-08-27 16:51:52,998 - DEBUG - Done with 7+ [line 2295513]
2020-08-27 16:51:52,998 - DEBUG - Assigning indexes to genes
2020-08-27 16:51:53,004 - DEBUG - Seen 29770 genes until now
2020-08-27 16:51:53,004 - DEBUG - Parsing Chromosome 8 strand - [line 2295514]
2020-08-27 16:51:53,201 - DEBUG - Done with 8- [line 2343289]
2020-08-27 16:51:53,202 - DEBUG - Assigning indexes to genes
2020-08-27 16:51:53,206 - DEBUG - Seen 30442 genes until now
2020-08-27 16:51:53,206 - DEBUG - Parsing Chromosome 8 strand + [line 2343290]
2020-08-27 16:51:53,385 - DEBUG - Done with 8+ [line 2386793]
2020-08-27 16:51:53,385 - DEBUG - Assigning indexes to genes
2020-08-27 16:51:53,389 - DEBUG - Seen 31090 genes until now
2020-08-27 16:51:53,389 - DEBUG - Parsing Chromosome 9 strand - [line 2386794]
2020-08-27 16:51:54,157 - DEBUG - Done with 9- [line 2430389]
2020-08-27 16:51:54,157 - DEBUG - Assigning indexes to genes
2020-08-27 16:51:54,161 - DEBUG - Seen 31710 genes until now
2020-08-27 16:51:54,161 - DEBUG - Parsing Chromosome 9 strand + [line 2430390]
2020-08-27 16:51:54,356 - DEBUG - Done with 9+ [line 2477312]
2020-08-27 16:51:54,357 - DEBUG - Assigning indexes to genes
2020-08-27 16:51:54,360 - DEBUG - Seen 32318 genes until now
2020-08-27 16:51:54,360 - DEBUG - Parsing Chromosome GL000009.2 strand - [line 2477313]
2020-08-27 16:51:54,360 - DEBUG - Done with GL000009.2- [line 2477320]
2020-08-27 16:51:54,360 - DEBUG - Assigning indexes to genes
2020-08-27 16:51:54,360 - DEBUG - Seen 32319 genes until now
2020-08-27 16:51:54,360 - DEBUG - Parsing Chromosome GL000194.1 strand - [line 2477321]
2020-08-27 16:51:54,360 - DEBUG - Done with GL000194.1- [line 2477346]
2020-08-27 16:51:54,360 - DEBUG - Assigning indexes to genes
2020-08-27 16:51:54,360 - DEBUG - Seen 32321 genes until now
2020-08-27 16:51:54,360 - DEBUG - Parsing Chromosome GL000195.1 strand - [line 2477347]
2020-08-27 16:51:54,360 - DEBUG - Done with GL000195.1- [line 2477356]
2020-08-27 16:51:54,361 - DEBUG - Assigning indexes to genes
2020-08-27 16:51:54,361 - DEBUG - Seen 32322 genes until now
2020-08-27 16:51:54,361 - DEBUG - Parsing Chromosome GL000195.1 strand + [line 2477357]
2020-08-27 16:51:54,361 - DEBUG - Done with GL000195.1+ [line 2477370]
2020-08-27 16:51:54,361 - DEBUG - Assigning indexes to genes
2020-08-27 16:51:54,361 - DEBUG - Seen 32323 genes until now
2020-08-27 16:51:54,361 - DEBUG - Parsing Chromosome GL000205.2 strand - [line 2477371]
2020-08-27 16:51:54,361 - DEBUG - Done with GL000205.2- [line 2477384]
2020-08-27 16:51:54,361 - DEBUG - Assigning indexes to genes
2020-08-27 16:51:54,361 - DEBUG - Seen 32324 genes until now
2020-08-27 16:51:54,361 - DEBUG - Parsing Chromosome GL000213.1 strand - [line 2477385]
2020-08-27 16:51:54,361 - DEBUG - Done with GL000213.1- [line 2477433]
2020-08-27 16:51:54,361 - DEBUG - Assigning indexes to genes
2020-08-27 16:51:54,361 - DEBUG - Seen 32325 genes until now
2020-08-27 16:51:54,361 - DEBUG - Parsing Chromosome GL000218.1 strand - [line 2477434]
2020-08-27 16:51:54,361 - DEBUG - Done with GL000218.1- [line 2477441]
2020-08-27 16:51:54,361 - DEBUG - Assigning indexes to genes
2020-08-27 16:51:54,362 - DEBUG - Seen 32326 genes until now
2020-08-27 16:51:54,362 - DEBUG - Parsing Chromosome GL000219.1 strand - [line 2477442]
2020-08-27 16:51:54,362 - DEBUG - Done with GL000219.1- [line 2477453]
2020-08-27 16:51:54,362 - DEBUG - Assigning indexes to genes
2020-08-27 16:51:54,362 - DEBUG - Seen 32327 genes until now
2020-08-27 16:51:54,362 - DEBUG - Parsing Chromosome KI270711.1 strand - [line 2477454]
2020-08-27 16:51:54,362 - DEBUG - Done with KI270711.1- [line 2477604]
2020-08-27 16:51:54,362 - DEBUG - Assigning indexes to genes
2020-08-27 16:51:54,363 - DEBUG - Seen 32328 genes until now
2020-08-27 16:51:54,363 - DEBUG - Parsing Chromosome KI270713.1 strand - [line 2477605]
2020-08-27 16:51:54,363 - DEBUG - Done with KI270713.1- [line 2477612]
2020-08-27 16:51:54,363 - DEBUG - Assigning indexes to genes
2020-08-27 16:51:54,363 - DEBUG - Seen 32329 genes until now
2020-08-27 16:51:54,363 - DEBUG - Parsing Chromosome KI270713.1 strand + [line 2477613]
2020-08-27 16:51:54,363 - DEBUG - Done with KI270713.1+ [line 2477618]
2020-08-27 16:51:54,363 - DEBUG - Assigning indexes to genes
2020-08-27 16:51:54,363 - DEBUG - Seen 32330 genes until now
2020-08-27 16:51:54,363 - DEBUG - Parsing Chromosome KI270721.1 strand + [line 2477619]
2020-08-27 16:51:54,363 - DEBUG - Done with KI270721.1+ [line 2477634]
2020-08-27 16:51:54,363 - DEBUG - Assigning indexes to genes
2020-08-27 16:51:54,363 - DEBUG - Seen 32331 genes until now
2020-08-27 16:51:54,363 - DEBUG - Parsing Chromosome KI270726.1 strand + [line 2477635]
2020-08-27 16:51:54,363 - DEBUG - Done with KI270726.1+ [line 2477645]
2020-08-27 16:51:54,363 - DEBUG - Assigning indexes to genes
2020-08-27 16:51:54,363 - DEBUG - Seen 32333 genes until now
2020-08-27 16:51:54,363 - DEBUG - Parsing Chromosome KI270727.1 strand - [line 2477646]
2020-08-27 16:51:54,364 - DEBUG - Done with KI270727.1- [line 2477704]
2020-08-27 16:51:54,364 - DEBUG - Assigning indexes to genes
2020-08-27 16:51:54,364 - DEBUG - Seen 32335 genes until now
2020-08-27 16:51:54,364 - DEBUG - Parsing Chromosome KI270727.1 strand + [line 2477705]
2020-08-27 16:51:54,364 - DEBUG - Done with KI270727.1+ [line 2477719]
2020-08-27 16:51:54,364 - DEBUG - Assigning indexes to genes
2020-08-27 16:51:54,364 - DEBUG - Seen 32337 genes until now
2020-08-27 16:51:54,364 - DEBUG - Parsing Chromosome KI270728.1 strand - [line 2477720]
2020-08-27 16:51:54,364 - DEBUG - Done with KI270728.1- [line 2477796]
2020-08-27 16:51:54,364 - DEBUG - Assigning indexes to genes
2020-08-27 16:51:54,364 - DEBUG - Seen 32339 genes until now
2020-08-27 16:51:54,364 - DEBUG - Parsing Chromosome KI270728.1 strand + [line 2477797]
2020-08-27 16:51:54,365 - DEBUG - Done with KI270728.1+ [line 2477833]
2020-08-27 16:51:54,365 - DEBUG - Assigning indexes to genes
2020-08-27 16:51:54,365 - DEBUG - Seen 32343 genes until now
2020-08-27 16:51:54,365 - DEBUG - Parsing Chromosome KI270731.1 strand - [line 2477834]
2020-08-27 16:51:54,365 - DEBUG - Done with KI270731.1- [line 2477840]
2020-08-27 16:51:54,365 - DEBUG - Assigning indexes to genes
2020-08-27 16:51:54,365 - DEBUG - Seen 32344 genes until now
2020-08-27 16:51:54,365 - DEBUG - Parsing Chromosome KI270734.1 strand - [line 2477841]
2020-08-27 16:51:54,365 - DEBUG - Done with KI270734.1- [line 2477909]
2020-08-27 16:51:54,365 - DEBUG - Assigning indexes to genes
2020-08-27 16:51:54,365 - DEBUG - Seen 32345 genes until now
2020-08-27 16:51:54,365 - DEBUG - Parsing Chromosome KI270734.1 strand + [line 2477910]
2020-08-27 16:51:54,365 - DEBUG - Done with KI270734.1+ [line 2477932]
2020-08-27 16:51:54,365 - DEBUG - Assigning indexes to genes
2020-08-27 16:51:54,366 - DEBUG - Seen 32347 genes until now
2020-08-27 16:51:54,366 - DEBUG - Parsing Chromosome MT strand - [line 2477933]
2020-08-27 16:51:54,366 - DEBUG - Done with MT- [line 2477938]
2020-08-27 16:51:54,366 - DEBUG - Assigning indexes to genes
2020-08-27 16:51:54,366 - DEBUG - Seen 32348 genes until now
2020-08-27 16:51:54,366 - DEBUG - Parsing Chromosome MT strand + [line 2477939]
2020-08-27 16:51:54,366 - DEBUG - Done with MT+ [line 2478004]
2020-08-27 16:51:54,366 - DEBUG - Assigning indexes to genes
2020-08-27 16:51:54,366 - DEBUG - Seen 32360 genes until now
2020-08-27 16:51:54,366 - DEBUG - Parsing Chromosome X strand - [line 2478005]
2020-08-27 16:51:54,532 - DEBUG - Done with X- [line 2518937]
2020-08-27 16:51:54,532 - DEBUG - Assigning indexes to genes
2020-08-27 16:51:54,535 - DEBUG - Seen 32876 genes until now
2020-08-27 16:51:54,535 - DEBUG - Parsing Chromosome X strand + [line 2518938]
2020-08-27 16:51:54,701 - DEBUG - Done with X+ [line 2560301]
2020-08-27 16:51:54,701 - DEBUG - Assigning indexes to genes
2020-08-27 16:51:54,704 - DEBUG - Seen 33438 genes until now
2020-08-27 16:51:54,704 - DEBUG - Parsing Chromosome Y strand - [line 2560302]
2020-08-27 16:51:54,713 - DEBUG - Done with Y- [line 2562446]
2020-08-27 16:51:54,713 - DEBUG - Assigning indexes to genes
2020-08-27 16:51:54,714 - DEBUG - Seen 33485 genes until now
2020-08-27 16:51:54,714 - DEBUG - Parsing Chromosome Y strand + [line 2562447]
2020-08-27 16:51:54,725 - DEBUG - Assigning indexes to genes
2020-08-27 16:51:54,725 - DEBUG - Done with Y+ [line 2565059]
2020-08-27 16:51:54,725 - DEBUG - Fixing corner cases of transcript models containg intron longer than 1000Kbp
2020-08-27 16:51:56,475 - DEBUG - Generated 2165800 features corresponding to 172912 transcript models from /net/isi-dcnl/ifs/user_data/abild/Genomes/refdata-cellranger-GRCh38-3.0.0/genes/genes.gtf
2020-08-27 16:51:56,504 - INFO - Scan /net/isi-dcnl/ifs/user_data/abild/Megatron_data/COH049/FEL017022.mRNA/feline_p1722.10x.counts/FEL020_E/outs/possorted_genome_bam.bam to validate intron intervals
2020-08-27 16:52:00,469 - DEBUG - Reading /net/isi-dcnl/ifs/user_data/abild/Megatron_data/COH049/FEL017022.mRNA/feline_p1722.10x.counts/FEL020_E/outs/possorted_genome_bam.bam
2020-08-27 16:52:00,486 - DEBUG - Read first 0 million reads
2020-08-27 16:52:00,486 - DEBUG - Marking up chromosome 1
2020-08-27 16:53:18,100 - DEBUG - Read first 10 million reads
2020-08-27 16:53:29,641 - DEBUG - Marking up chromosome 10
2020-08-27 16:54:20,985 - DEBUG - Marking up chromosome 11
2020-08-27 16:54:36,282 - DEBUG - Read first 20 million reads
2020-08-27 16:56:10,819 - DEBUG - Read first 30 million reads
2020-08-27 16:57:10,081 - DEBUG - Marking up chromosome 12
2020-08-27 16:57:46,345 - DEBUG - Read first 40 million reads
2020-08-27 16:58:03,228 - DEBUG - Marking up chromosome 13
2020-08-27 16:58:16,311 - DEBUG - Marking up chromosome 14
2020-08-27 16:58:57,657 - DEBUG - Marking up chromosome 15
2020-08-27 16:59:05,979 - DEBUG - Read first 50 million reads
2020-08-27 16:59:31,609 - DEBUG - Marking up chromosome 16
2020-08-27 17:00:10,912 - DEBUG - Marking up chromosome 17
2020-08-27 17:00:24,320 - DEBUG - Read first 60 million reads
2020-08-27 17:01:02,788 - DEBUG - Marking up chromosome 18
2020-08-27 17:01:28,209 - DEBUG - Marking up chromosome 19
2020-08-27 17:01:52,341 - DEBUG - Read first 70 million reads
2020-08-27 17:02:08,786 - DEBUG - Marking up chromosome 2
2020-08-27 17:03:09,070 - DEBUG - Read first 80 million reads
2020-08-27 17:03:28,120 - DEBUG - Marking up chromosome 20
2020-08-27 17:03:51,128 - DEBUG - Marking up chromosome 21
2020-08-27 17:04:01,501 - DEBUG - Read first 90 million reads
2020-08-27 17:04:09,317 - DEBUG - Marking up chromosome 22
2020-08-27 17:04:33,778 - DEBUG - Marking up chromosome 3
2020-08-27 17:05:22,747 - DEBUG - Read first 100 million reads
2020-08-27 17:05:29,962 - DEBUG - Marking up chromosome 4
2020-08-27 17:06:19,550 - DEBUG - Marking up chromosome 5
2020-08-27 17:06:38,042 - DEBUG - Read first 110 million reads
2020-08-27 17:07:10,641 - DEBUG - Marking up chromosome 6
2020-08-27 17:07:51,040 - DEBUG - Marking up chromosome 7
2020-08-27 17:07:57,706 - DEBUG - Read first 120 million reads
2020-08-27 17:08:40,529 - DEBUG - Marking up chromosome 8
2020-08-27 17:09:11,960 - DEBUG - Read first 130 million reads
2020-08-27 17:09:40,702 - DEBUG - Marking up chromosome 9
2020-08-27 17:10:10,400 - DEBUG - Marking up chromosome MT
2020-08-27 17:10:12,212 - DEBUG - Marking up chromosome X
2020-08-27 17:10:27,748 - DEBUG - Read first 140 million reads
2020-08-27 17:10:37,861 - DEBUG - Marking up chromosome Y
2020-08-27 17:10:37,950 - DEBUG - Marking up chromosome KI270728.1
2020-08-27 17:10:37,955 - DEBUG - Marking up chromosome KI270727.1
2020-08-27 17:10:38,078 - DEBUG - Marking up chromosome KI270442.1
2020-08-27 17:10:38,078 - WARNING - The .bam file refers to a chromosome 'KI270442.1+' not present in the annotation (.gtf) file
2020-08-27 17:10:38,078 - WARNING - The .bam file refers to a chromosome 'KI270442.1-' not present in the annotation (.gtf) file
2020-08-27 17:10:38,084 - DEBUG - Marking up chromosome KI270729.1
2020-08-27 17:10:38,084 - WARNING - The .bam file refers to a chromosome 'KI270729.1+' not present in the annotation (.gtf) file
2020-08-27 17:10:38,084 - WARNING - The .bam file refers to a chromosome 'KI270729.1-' not present in the annotation (.gtf) file
2020-08-27 17:10:38,087 - DEBUG - Marking up chromosome KI270743.1
2020-08-27 17:10:38,087 - WARNING - The .bam file refers to a chromosome 'KI270743.1+' not present in the annotation (.gtf) file
2020-08-27 17:10:38,087 - WARNING - The .bam file refers to a chromosome 'KI270743.1-' not present in the annotation (.gtf) file
2020-08-27 17:10:38,095 - DEBUG - Marking up chromosome GL000008.2
2020-08-27 17:10:38,095 - WARNING - The .bam file refers to a chromosome 'GL000008.2+' not present in the annotation (.gtf) file
2020-08-27 17:10:38,095 - WARNING - The .bam file refers to a chromosome 'GL000008.2-' not present in the annotation (.gtf) file
2020-08-27 17:10:38,103 - DEBUG - Marking up chromosome GL000009.2
2020-08-27 17:10:38,103 - WARNING - The .bam file refers to a chromosome 'GL000009.2+' not present in the annotation (.gtf) file
2020-08-27 17:10:38,116 - DEBUG - Marking up chromosome KI270722.1
2020-08-27 17:10:38,116 - WARNING - The .bam file refers to a chromosome 'KI270722.1+' not present in the annotation (.gtf) file
2020-08-27 17:10:38,116 - WARNING - The .bam file refers to a chromosome 'KI270722.1-' not present in the annotation (.gtf) file
2020-08-27 17:10:38,117 - DEBUG - Marking up chromosome GL000194.1
2020-08-27 17:10:38,117 - WARNING - The .bam file refers to a chromosome 'GL000194.1+' not present in the annotation (.gtf) file
2020-08-27 17:10:38,184 - DEBUG - Marking up chromosome KI270742.1
2020-08-27 17:10:38,184 - WARNING - The .bam file refers to a chromosome 'KI270742.1+' not present in the annotation (.gtf) file
2020-08-27 17:10:38,184 - WARNING - The .bam file refers to a chromosome 'KI270742.1-' not present in the annotation (.gtf) file
2020-08-27 17:10:38,200 - DEBUG - Marking up chromosome GL000205.2
2020-08-27 17:10:38,200 - WARNING - The .bam file refers to a chromosome 'GL000205.2+' not present in the annotation (.gtf) file
2020-08-27 17:10:38,215 - DEBUG - Marking up chromosome GL000195.1
2020-08-27 17:10:38,239 - DEBUG - Marking up chromosome KI270733.1
2020-08-27 17:10:38,239 - WARNING - The .bam file refers to a chromosome 'KI270733.1+' not present in the annotation (.gtf) file
2020-08-27 17:10:38,239 - WARNING - The .bam file refers to a chromosome 'KI270733.1-' not present in the annotation (.gtf) file
2020-08-27 17:10:44,489 - DEBUG - Marking up chromosome GL000224.1
2020-08-27 17:10:44,489 - WARNING - The .bam file refers to a chromosome 'GL000224.1+' not present in the annotation (.gtf) file
2020-08-27 17:10:44,489 - WARNING - The .bam file refers to a chromosome 'GL000224.1-' not present in the annotation (.gtf) file
2020-08-27 17:10:44,502 - DEBUG - Marking up chromosome GL000219.1
2020-08-27 17:10:44,502 - WARNING - The .bam file refers to a chromosome 'GL000219.1+' not present in the annotation (.gtf) file
2020-08-27 17:10:44,582 - DEBUG - Marking up chromosome KI270719.1
2020-08-27 17:10:44,582 - WARNING - The .bam file refers to a chromosome 'KI270719.1+' not present in the annotation (.gtf) file
2020-08-27 17:10:44,582 - WARNING - The .bam file refers to a chromosome 'KI270719.1-' not present in the annotation (.gtf) file
2020-08-27 17:10:44,590 - DEBUG - Marking up chromosome GL000216.2
2020-08-27 17:10:44,590 - WARNING - The .bam file refers to a chromosome 'GL000216.2+' not present in the annotation (.gtf) file
2020-08-27 17:10:44,590 - WARNING - The .bam file refers to a chromosome 'GL000216.2-' not present in the annotation (.gtf) file
2020-08-27 17:10:44,591 - DEBUG - Marking up chromosome KI270712.1
2020-08-27 17:10:44,591 - WARNING - The .bam file refers to a chromosome 'KI270712.1+' not present in the annotation (.gtf) file
2020-08-27 17:10:44,591 - WARNING - The .bam file refers to a chromosome 'KI270712.1-' not present in the annotation (.gtf) file
2020-08-27 17:10:44,596 - DEBUG - Marking up chromosome KI270706.1
2020-08-27 17:10:44,596 - WARNING - The .bam file refers to a chromosome 'KI270706.1+' not present in the annotation (.gtf) file
2020-08-27 17:10:44,596 - WARNING - The .bam file refers to a chromosome 'KI270706.1-' not present in the annotation (.gtf) file
2020-08-27 17:10:44,710 - DEBUG - Marking up chromosome KI270725.1
2020-08-27 17:10:44,710 - WARNING - The .bam file refers to a chromosome 'KI270725.1+' not present in the annotation (.gtf) file
2020-08-27 17:10:44,710 - WARNING - The .bam file refers to a chromosome 'KI270725.1-' not present in the annotation (.gtf) file
2020-08-27 17:10:44,712 - DEBUG - Marking up chromosome KI270744.1
2020-08-27 17:10:44,712 - WARNING - The .bam file refers to a chromosome 'KI270744.1+' not present in the annotation (.gtf) file
2020-08-27 17:10:44,712 - WARNING - The .bam file refers to a chromosome 'KI270744.1-' not present in the annotation (.gtf) file
2020-08-27 17:10:44,721 - DEBUG - Marking up chromosome KI270734.1
2020-08-27 17:10:44,729 - DEBUG - Marking up chromosome GL000213.1
2020-08-27 17:10:44,729 - WARNING - The .bam file refers to a chromosome 'GL000213.1+' not present in the annotation (.gtf) file
2020-08-27 17:10:44,830 - DEBUG - Marking up chromosome GL000220.1
2020-08-27 17:10:44,830 - WARNING - The .bam file refers to a chromosome 'GL000220.1+' not present in the annotation (.gtf) file
2020-08-27 17:10:44,831 - WARNING - The .bam file refers to a chromosome 'GL000220.1-' not present in the annotation (.gtf) file
2020-08-27 17:10:51,099 - DEBUG - Marking up chromosome KI270715.1
2020-08-27 17:10:51,099 - WARNING - The .bam file refers to a chromosome 'KI270715.1+' not present in the annotation (.gtf) file
2020-08-27 17:10:51,100 - WARNING - The .bam file refers to a chromosome 'KI270715.1-' not present in the annotation (.gtf) file
2020-08-27 17:10:51,100 - DEBUG - Marking up chromosome GL000218.1
2020-08-27 17:10:51,100 - WARNING - The .bam file refers to a chromosome 'GL000218.1+' not present in the annotation (.gtf) file
2020-08-27 17:10:51,166 - DEBUG - Marking up chromosome KI270749.1
2020-08-27 17:10:51,166 - WARNING - The .bam file refers to a chromosome 'KI270749.1+' not present in the annotation (.gtf) file
2020-08-27 17:10:51,166 - WARNING - The .bam file refers to a chromosome 'KI270749.1-' not present in the annotation (.gtf) file
2020-08-27 17:10:51,168 - DEBUG - Marking up chromosome GL000221.1
2020-08-27 17:10:51,168 - WARNING - The .bam file refers to a chromosome 'GL000221.1+' not present in the annotation (.gtf) file
2020-08-27 17:10:51,168 - WARNING - The .bam file refers to a chromosome 'GL000221.1-' not present in the annotation (.gtf) file
2020-08-27 17:10:51,186 - DEBUG - Marking up chromosome KI270716.1
2020-08-27 17:10:51,186 - WARNING - The .bam file refers to a chromosome 'KI270716.1+' not present in the annotation (.gtf) file
2020-08-27 17:10:51,186 - WARNING - The .bam file refers to a chromosome 'KI270716.1-' not present in the annotation (.gtf) file
2020-08-27 17:10:51,187 - DEBUG - Marking up chromosome KI270731.1
2020-08-27 17:10:51,187 - WARNING - The .bam file refers to a chromosome 'KI270731.1+' not present in the annotation (.gtf) file
2020-08-27 17:10:51,190 - DEBUG - Marking up chromosome KI270751.1
2020-08-27 17:10:51,190 - WARNING - The .bam file refers to a chromosome 'KI270751.1+' not present in the annotation (.gtf) file
2020-08-27 17:10:51,190 - WARNING - The .bam file refers to a chromosome 'KI270751.1-' not present in the annotation (.gtf) file
2020-08-27 17:10:51,192 - DEBUG - Marking up chromosome GL000214.1
2020-08-27 17:10:51,192 - WARNING - The .bam file refers to a chromosome 'GL000214.1+' not present in the annotation (.gtf) file
2020-08-27 17:10:51,192 - WARNING - The .bam file refers to a chromosome 'GL000214.1-' not present in the annotation (.gtf) file
2020-08-27 17:10:51,197 - DEBUG - Marking up chromosome KI270708.1
2020-08-27 17:10:51,197 - WARNING - The .bam file refers to a chromosome 'KI270708.1+' not present in the annotation (.gtf) file
2020-08-27 17:10:51,197 - WARNING - The .bam file refers to a chromosome 'KI270708.1-' not present in the annotation (.gtf) file
2020-08-27 17:10:51,198 - DEBUG - Marking up chromosome KI270438.1
2020-08-27 17:10:51,198 - WARNING - The .bam file refers to a chromosome 'KI270438.1+' not present in the annotation (.gtf) file
2020-08-27 17:10:51,198 - WARNING - The .bam file refers to a chromosome 'KI270438.1-' not present in the annotation (.gtf) file
2020-08-27 17:10:51,199 - DEBUG - Marking up chromosome KI270737.1
2020-08-27 17:10:51,199 - WARNING - The .bam file refers to a chromosome 'KI270737.1+' not present in the annotation (.gtf) file
2020-08-27 17:10:51,199 - WARNING - The .bam file refers to a chromosome 'KI270737.1-' not present in the annotation (.gtf) file
2020-08-27 17:10:51,199 - DEBUG - Marking up chromosome KI270721.1
2020-08-27 17:10:51,199 - WARNING - The .bam file refers to a chromosome 'KI270721.1-' not present in the annotation (.gtf) file
2020-08-27 17:10:51,207 - DEBUG - Marking up chromosome KI270738.1
2020-08-27 17:10:51,207 - WARNING - The .bam file refers to a chromosome 'KI270738.1+' not present in the annotation (.gtf) file
2020-08-27 17:10:51,207 - WARNING - The .bam file refers to a chromosome 'KI270738.1-' not present in the annotation (.gtf) file
2020-08-27 17:10:51,210 - DEBUG - Marking up chromosome GL000208.1
2020-08-27 17:10:51,210 - WARNING - The .bam file refers to a chromosome 'GL000208.1+' not present in the annotation (.gtf) file
2020-08-27 17:10:51,210 - WARNING - The .bam file refers to a chromosome 'GL000208.1-' not present in the annotation (.gtf) file
2020-08-27 17:10:51,210 - DEBUG - Marking up chromosome KI270538.1
2020-08-27 17:10:51,210 - WARNING - The .bam file refers to a chromosome 'KI270538.1+' not present in the annotation (.gtf) file
2020-08-27 17:10:51,210 - WARNING - The .bam file refers to a chromosome 'KI270538.1-' not present in the annotation (.gtf) file
2020-08-27 17:10:51,210 - DEBUG - Marking up chromosome KI270709.1
2020-08-27 17:10:51,211 - WARNING - The .bam file refers to a chromosome 'KI270709.1+' not present in the annotation (.gtf) file
2020-08-27 17:10:51,211 - WARNING - The .bam file refers to a chromosome 'KI270709.1-' not present in the annotation (.gtf) file
2020-08-27 17:10:51,211 - DEBUG - Marking up chromosome KI270753.1
2020-08-27 17:10:51,211 - WARNING - The .bam file refers to a chromosome 'KI270753.1+' not present in the annotation (.gtf) file
2020-08-27 17:10:51,211 - WARNING - The .bam file refers to a chromosome 'KI270753.1-' not present in the annotation (.gtf) file
2020-08-27 17:10:51,212 - DEBUG - Marking up chromosome KI270735.1
2020-08-27 17:10:51,212 - WARNING - The .bam file refers to a chromosome 'KI270735.1+' not present in the annotation (.gtf) file
2020-08-27 17:10:51,212 - WARNING - The .bam file refers to a chromosome 'KI270735.1-' not present in the annotation (.gtf) file
2020-08-27 17:10:51,213 - DEBUG - Marking up chromosome KI270711.1
2020-08-27 17:10:51,213 - WARNING - The .bam file refers to a chromosome 'KI270711.1+' not present in the annotation (.gtf) file
2020-08-27 17:10:51,237 - DEBUG - Marking up chromosome KI270745.1
2020-08-27 17:10:51,237 - WARNING - The .bam file refers to a chromosome 'KI270745.1+' not present in the annotation (.gtf) file
2020-08-27 17:10:51,237 - WARNING - The .bam file refers to a chromosome 'KI270745.1-' not present in the annotation (.gtf) file
2020-08-27 17:10:51,244 - DEBUG - Marking up chromosome KI270714.1
2020-08-27 17:10:51,244 - WARNING - The .bam file refers to a chromosome 'KI270714.1+' not present in the annotation (.gtf) file
2020-08-27 17:10:51,244 - WARNING - The .bam file refers to a chromosome 'KI270714.1-' not present in the annotation (.gtf) file
2020-08-27 17:10:51,245 - DEBUG - Marking up chromosome KI270732.1
2020-08-27 17:10:51,245 - WARNING - The .bam file refers to a chromosome 'KI270732.1+' not present in the annotation (.gtf) file
2020-08-27 17:10:51,245 - WARNING - The .bam file refers to a chromosome 'KI270732.1-' not present in the annotation (.gtf) file
2020-08-27 17:10:51,246 - DEBUG - Marking up chromosome KI270713.1
2020-08-27 17:10:51,247 - DEBUG - Marking up chromosome KI270710.1
2020-08-27 17:10:51,247 - WARNING - The .bam file refers to a chromosome 'KI270710.1+' not present in the annotation (.gtf) file
2020-08-27 17:10:51,247 - WARNING - The .bam file refers to a chromosome 'KI270710.1-' not present in the annotation (.gtf) file
2020-08-27 17:10:51,248 - DEBUG - Marking up chromosome KI270717.1
2020-08-27 17:10:51,248 - WARNING - The .bam file refers to a chromosome 'KI270717.1+' not present in the annotation (.gtf) file
2020-08-27 17:10:51,248 - WARNING - The .bam file refers to a chromosome 'KI270717.1-' not present in the annotation (.gtf) file
2020-08-27 17:10:51,257 - DEBUG - Marking up chromosome KI270720.1
2020-08-27 17:10:51,257 - WARNING - The .bam file refers to a chromosome 'KI270720.1+' not present in the annotation (.gtf) file
2020-08-27 17:10:51,257 - WARNING - The .bam file refers to a chromosome 'KI270720.1-' not present in the annotation (.gtf) file
2020-08-27 17:10:51,260 - DEBUG - Marking up chromosome KI270718.1
2020-08-27 17:10:51,260 - WARNING - The .bam file refers to a chromosome 'KI270718.1+' not present in the annotation (.gtf) file
2020-08-27 17:10:51,260 - WARNING - The .bam file refers to a chromosome 'KI270718.1-' not present in the annotation (.gtf) file
2020-08-27 17:10:51,298 - DEBUG - Marking up chromosome KI270707.1
2020-08-27 17:10:51,298 - WARNING - The .bam file refers to a chromosome 'KI270707.1+' not present in the annotation (.gtf) file
2020-08-27 17:10:51,298 - WARNING - The .bam file refers to a chromosome 'KI270707.1-' not present in the annotation (.gtf) file
2020-08-27 17:10:51,310 - DEBUG - Marking up chromosome KI270467.1
2020-08-27 17:10:51,310 - WARNING - The .bam file refers to a chromosome 'KI270467.1+' not present in the annotation (.gtf) file
2020-08-27 17:10:51,310 - WARNING - The .bam file refers to a chromosome 'KI270467.1-' not present in the annotation (.gtf) file
2020-08-27 17:10:51,310 - DEBUG - Marking up chromosome KI270330.1
2020-08-27 17:10:51,310 - WARNING - The .bam file refers to a chromosome 'KI270330.1+' not present in the annotation (.gtf) file
2020-08-27 17:10:51,310 - WARNING - The .bam file refers to a chromosome 'KI270330.1-' not present in the annotation (.gtf) file
2020-08-27 17:10:56,785 - DEBUG - Read first 150 million reads
2020-08-27 17:11:07,935 - DEBUG - End of file. Reset index: start scanning from initial position.
2020-08-27 17:11:07,936 - DEBUG - 3110104 reads were skipped because no apropiate cell or umi barcode was found
2020-08-27 17:11:07,936 - DEBUG - Start molecule counting!
2020-08-27 17:11:11,985 - DEBUG - Features available for chromosomes : ['1-', '1+', '10-', '10+', '11-', '11+', '12-', '12+', '13-', '13+', '14-', '14+', '15-', '15+', '16-', '16+', '17-', '17+', '18-', '18+', '19-', '19+', '2-', '2+', '20-', '20+', '21-', '21+', '22-', '22+', '3-', '3+', '4-', '4+', '5-', '5+', '6-', '6+', '7-', '7+', '8-', '8+', '9-', '9+', 'GL000009.2-', 'GL000194.1-', 'GL000195.1-', 'GL000195.1+', 'GL000205.2-', 'GL000213.1-', 'GL000218.1-', 'GL000219.1-', 'KI270711.1-', 'KI270713.1-', 'KI270713.1+', 'KI270721.1+', 'KI270726.1+', 'KI270727.1-', 'KI270727.1+', 'KI270728.1-', 'KI270728.1+', 'KI270731.1-', 'KI270734.1-', 'KI270734.1+', 'MT-', 'MT+', 'X-', 'X+', 'Y-', 'Y+']
2020-08-27 17:11:11,986 - DEBUG - Mask available for chromosomes : []
2020-08-27 17:11:11,986 - DEBUG - Summarizing the results of intron validation.
2020-08-27 17:11:12,598 - DEBUG - Validated 436929 introns (of which unique intervals 135130) out of 996444 total possible introns (considering each possible transcript models).
2020-08-27 17:11:12,598 - DEBUG - Reading /net/isi-dcnl/ifs/user_data/abild/Megatron_data/COH049/FEL017022.mRNA/feline_p1722.10x.counts/FEL020_E/outs/cellsorted_possorted_genome_bam.bam
2020-08-27 17:11:12,635 - DEBUG - Read first 0 million reads
2020-08-27 17:11:50,635 - DEBUG - Counting for batch 1, containing 100 cells and 650084 reads
2020-08-27 17:12:14,986 - DEBUG - 0 reads not considered because fully enclosed in repeat masked regions
2020-08-27 17:12:27,098 - DEBUG - Read first 10 million reads
2020-08-27 17:12:39,166 - DEBUG - Counting for batch 2, containing 100 cells and 633962 reads
2020-08-27 17:13:04,908 - DEBUG - 0 reads not considered because fully enclosed in repeat masked regions
2020-08-27 17:13:30,929 - DEBUG - Counting for batch 3, containing 100 cells and 691415 reads
2020-08-27 17:13:57,199 - DEBUG - 0 reads not considered because fully enclosed in repeat masked regions
2020-08-27 17:14:20,895 - DEBUG - Counting for batch 4, containing 100 cells and 621914 reads
2020-08-27 17:14:45,424 - DEBUG - 0 reads not considered because fully enclosed in repeat masked regions
2020-08-27 17:15:04,588 - DEBUG - Read first 20 million reads
2020-08-27 17:15:12,123 - DEBUG - Counting for batch 5, containing 100 cells and 583261 reads
2020-08-27 17:15:37,396 - DEBUG - 0 reads not considered because fully enclosed in repeat masked regions
2020-08-27 17:16:02,764 - DEBUG - Counting for batch 6, containing 100 cells and 616420 reads
2020-08-27 17:16:27,224 - DEBUG - 0 reads not considered because fully enclosed in repeat masked regions
2020-08-27 17:16:52,318 - DEBUG - Counting for batch 7, containing 100 cells and 606974 reads
2020-08-27 17:17:16,999 - DEBUG - 0 reads not considered because fully enclosed in repeat masked regions
2020-08-27 17:17:41,671 - DEBUG - Counting for batch 8, containing 100 cells and 748359 reads
2020-08-27 17:18:10,935 - DEBUG - 0 reads not considered because fully enclosed in repeat masked regions
2020-08-27 17:18:19,412 - DEBUG - Read first 30 million reads
2020-08-27 17:18:34,203 - DEBUG - Counting for batch 9, containing 100 cells and 632594 reads
2020-08-27 17:18:59,784 - DEBUG - 0 reads not considered because fully enclosed in repeat masked regions
2020-08-27 17:19:19,364 - DEBUG - Counting for batch 10, containing 100 cells and 568419 reads
2020-08-27 17:19:42,562 - DEBUG - 0 reads not considered because fully enclosed in repeat masked regions
2020-08-27 17:20:05,698 - DEBUG - Counting for batch 11, containing 100 cells and 700136 reads
2020-08-27 17:20:31,705 - DEBUG - 0 reads not considered because fully enclosed in repeat masked regions
2020-08-27 17:20:50,385 - DEBUG - Read first 40 million reads
2020-08-27 17:20:56,466 - DEBUG - Counting for batch 12, containing 100 cells and 663649 reads
2020-08-27 17:21:23,310 - DEBUG - 0 reads not considered because fully enclosed in repeat masked regions
2020-08-27 17:21:45,282 - DEBUG - Counting for batch 13, containing 100 cells and 665821 reads
2020-08-27 17:22:12,023 - DEBUG - 0 reads not considered because fully enclosed in repeat masked regions
2020-08-27 17:22:36,189 - DEBUG - Counting for batch 14, containing 100 cells and 664601 reads
2020-08-27 17:23:01,278 - DEBUG - 0 reads not considered because fully enclosed in repeat masked regions
2020-08-27 17:23:25,012 - DEBUG - Counting for batch 15, containing 100 cells and 673225 reads
2020-08-27 17:23:52,185 - DEBUG - 0 reads not considered because fully enclosed in repeat masked regions
2020-08-27 17:23:58,288 - DEBUG - Read first 50 million reads
2020-08-27 17:24:13,888 - DEBUG - Counting for batch 16, containing 100 cells and 655461 reads
2020-08-27 17:24:38,774 - DEBUG - 0 reads not considered because fully enclosed in repeat masked regions
2020-08-27 17:25:02,527 - DEBUG - Counting for batch 17, containing 100 cells and 668302 reads
2020-08-27 17:25:28,984 - DEBUG - 0 reads not considered because fully enclosed in repeat masked regions
2020-08-27 17:25:56,415 - DEBUG - Counting for batch 18, containing 100 cells and 807944 reads
2020-08-27 17:26:28,771 - DEBUG - 0 reads not considered because fully enclosed in repeat masked regions
2020-08-27 17:26:45,039 - DEBUG - Read first 60 million reads
2020-08-27 17:26:53,838 - DEBUG - Counting for batch 19, containing 100 cells and 655473 reads
2020-08-27 17:27:20,977 - DEBUG - 0 reads not considered because fully enclosed in repeat masked regions
2020-08-27 17:27:45,776 - DEBUG - Counting for batch 20, containing 100 cells and 665121 reads
2020-08-27 17:28:11,780 - DEBUG - 0 reads not considered because fully enclosed in repeat masked regions
2020-08-27 17:28:37,179 - DEBUG - Counting for batch 21, containing 100 cells and 606162 reads
2020-08-27 17:29:00,650 - DEBUG - 0 reads not considered because fully enclosed in repeat masked regions
2020-08-27 17:29:21,399 - DEBUG - Read first 70 million reads
2020-08-27 17:29:22,380 - DEBUG - Counting for batch 22, containing 100 cells and 633591 reads
2020-08-27 17:29:48,892 - DEBUG - 0 reads not considered because fully enclosed in repeat masked regions
2020-08-27 17:30:10,777 - DEBUG - Counting for batch 23, containing 100 cells and 636019 reads
2020-08-27 17:30:35,869 - DEBUG - 0 reads not considered because fully enclosed in repeat masked regions
2020-08-27 17:30:59,951 - DEBUG - Counting for batch 24, containing 100 cells and 613645 reads
2020-08-27 17:31:25,515 - DEBUG - 0 reads not considered because fully enclosed in repeat masked regions
2020-08-27 17:31:51,641 - DEBUG - Counting for batch 25, containing 100 cells and 706387 reads
2020-08-27 17:32:20,394 - DEBUG - 0 reads not considered because fully enclosed in repeat masked regions
2020-08-27 17:32:33,033 - DEBUG - Read first 80 million reads
2020-08-27 17:32:46,417 - DEBUG - Counting for batch 26, containing 100 cells and 674274 reads
2020-08-27 17:33:13,870 - DEBUG - 0 reads not considered because fully enclosed in repeat masked regions
2020-08-27 17:33:40,275 - DEBUG - Counting for batch 27, containing 100 cells and 637719 reads
2020-08-27 17:34:06,013 - DEBUG - 0 reads not considered because fully enclosed in repeat masked regions
2020-08-27 17:34:29,712 - DEBUG - Counting for batch 28, containing 100 cells and 644197 reads
2020-08-27 17:34:54,173 - DEBUG - 0 reads not considered because fully enclosed in repeat masked regions
2020-08-27 17:35:12,783 - DEBUG - Read first 90 million reads
2020-08-27 17:35:18,271 - DEBUG - Counting for batch 29, containing 100 cells and 590519 reads
2020-08-27 17:35:42,034 - DEBUG - 0 reads not considered because fully enclosed in repeat masked regions
2020-08-27 17:36:08,271 - DEBUG - Counting for batch 30, containing 100 cells and 664251 reads
2020-08-27 17:36:35,672 - DEBUG - 0 reads not considered because fully enclosed in repeat masked regions
2020-08-27 17:37:00,115 - DEBUG - Counting for batch 31, containing 100 cells and 721042 reads
2020-08-27 17:37:28,984 - DEBUG - 0 reads not considered because fully enclosed in repeat masked regions
2020-08-27 17:37:54,365 - DEBUG - Read first 100 million reads
2020-08-27 17:37:56,516 - DEBUG - Counting for batch 32, containing 100 cells and 636910 reads
2020-08-27 17:38:22,242 - DEBUG - 0 reads not considered because fully enclosed in repeat masked regions
2020-08-27 17:38:47,946 - DEBUG - Counting for batch 33, containing 100 cells and 632858 reads
2020-08-27 17:39:14,323 - DEBUG - 0 reads not considered because fully enclosed in repeat masked regions
2020-08-27 17:39:37,610 - DEBUG - Counting for batch 34, containing 100 cells and 621102 reads
2020-08-27 17:40:03,239 - DEBUG - 0 reads not considered because fully enclosed in repeat masked regions
2020-08-27 17:40:26,708 - DEBUG - Counting for batch 35, containing 100 cells and 583387 reads
2020-08-27 17:40:51,816 - DEBUG - 0 reads not considered because fully enclosed in repeat masked regions
2020-08-27 17:40:59,396 - DEBUG - Read first 110 million reads
2020-08-27 17:41:20,681 - DEBUG - Counting for batch 36, containing 100 cells and 846491 reads
2020-08-27 17:41:53,825 - DEBUG - 0 reads not considered because fully enclosed in repeat masked regions
2020-08-27 17:42:22,080 - DEBUG - Counting for batch 37, containing 100 cells and 695911 reads
2020-08-27 17:42:48,975 - DEBUG - 0 reads not considered because fully enclosed in repeat masked regions
2020-08-27 17:43:14,909 - DEBUG - Counting for batch 38, containing 100 cells and 664620 reads
2020-08-27 17:43:42,831 - DEBUG - 0 reads not considered because fully enclosed in repeat masked regions
2020-08-27 17:43:55,016 - DEBUG - Read first 120 million reads
2020-08-27 17:44:06,005 - DEBUG - Counting for batch 39, containing 100 cells and 575966 reads
2020-08-27 17:44:33,627 - DEBUG - 0 reads not considered because fully enclosed in repeat masked regions
2020-08-27 17:44:59,568 - DEBUG - Counting for batch 40, containing 100 cells and 700199 reads
2020-08-27 17:45:28,297 - DEBUG - 0 reads not considered because fully enclosed in repeat masked regions
2020-08-27 17:45:51,470 - DEBUG - Counting for batch 41, containing 100 cells and 720472 reads
2020-08-27 17:46:21,023 - DEBUG - 0 reads not considered because fully enclosed in repeat masked regions
2020-08-27 17:46:44,491 - DEBUG - Read first 130 million reads
2020-08-27 17:46:49,926 - DEBUG - Counting for batch 42, containing 100 cells and 733528 reads
2020-08-27 17:47:18,384 - DEBUG - 0 reads not considered because fully enclosed in repeat masked regions
2020-08-27 17:47:50,002 - DEBUG - Counting for batch 43, containing 100 cells and 733300 reads
2020-08-27 17:48:20,311 - DEBUG - 0 reads not considered because fully enclosed in repeat masked regions
2020-08-27 17:48:52,223 - DEBUG - Counting for batch 44, containing 100 cells and 628947 reads
2020-08-27 17:49:17,487 - DEBUG - 0 reads not considered because fully enclosed in repeat masked regions
2020-08-27 17:49:47,525 - DEBUG - Read first 140 million reads
2020-08-27 17:49:48,225 - DEBUG - Counting for batch 45, containing 100 cells and 670147 reads
2020-08-27 17:50:14,850 - DEBUG - 0 reads not considered because fully enclosed in repeat masked regions
2020-08-27 17:50:46,326 - DEBUG - Counting for batch 46, containing 100 cells and 920572 reads
2020-08-27 17:51:21,961 - DEBUG - 0 reads not considered because fully enclosed in repeat masked regions
2020-08-27 17:51:52,306 - DEBUG - Counting for batch 47, containing 100 cells and 696929 reads
2020-08-27 17:52:20,721 - DEBUG - 0 reads not considered because fully enclosed in repeat masked regions
2020-08-27 17:52:46,905 - DEBUG - Counting for batch 48, containing 100 cells and 663342 reads
2020-08-27 17:53:14,736 - DEBUG - 0 reads not considered because fully enclosed in repeat masked regions
2020-08-27 17:53:28,683 - DEBUG - Read first 150 million reads
2020-08-27 17:53:41,339 - DEBUG - Counting for batch 49, containing 100 cells and 638327 reads
2020-08-27 17:54:08,125 - DEBUG - 0 reads not considered because fully enclosed in repeat masked regions
2020-08-27 17:54:33,124 - DEBUG - Counting for batch 50, containing 100 cells and 591299 reads
2020-08-27 17:54:57,198 - DEBUG - 0 reads not considered because fully enclosed in repeat masked regions
2020-08-27 17:55:11,095 - DEBUG - Counting for batch 51, containing 35 cells and 212903 reads
2020-08-27 17:55:20,816 - DEBUG - 0 reads not considered because fully enclosed in repeat masked regions
2020-08-27 17:55:22,765 - DEBUG - 3110104 reads were skipped because no apropiate cell or umi barcode was found
2020-08-27 17:55:22,766 - DEBUG - Counting done!
2020-08-27 17:55:22,791 - DEBUG - Generating output file /net/isi-dcnl/ifs/user_data/abild/Megatron_data/COH049/FEL017022.mRNA/feline_p1722.10x.counts/FEL020_E/velocyto/FEL020_E.loom
2020-08-27 17:55:22,791 - DEBUG - Collecting row attributes
2020-08-27 17:55:22,885 - DEBUG - Generating data table
2020-08-27 17:55:24,429 - DEBUG - Writing loom file
2020-08-27 17:55:39,764 - DEBUG - Terminated Succesfully!
Start: 1598572282
End: 1598576142
Run time: 3860
Done
