CPU: 16
N: 58
Step1: Analyze spliced and unspliced reads and genrate a loom file for velocityR
Run velocyto to generate loom file
2020-08-27 19:19:30,098 - DEBUG - Using logic: Default
2020-08-27 19:19:30,111 - INFO - Read 3941 cell barcodes from /net/isi-dcnl/ifs/user_data/abild/Megatron_data/COH057/feline_p29_40_mRNA/cell_ranger/FEL031_S/outs/filtered_feature_bc_matrix/barcodes.tsv.gz
2020-08-27 19:19:30,111 - DEBUG - Example of barcode: AAACCCACACATCATG and cell_id: FEL031_S:AAACCCACACATCATG-1
2020-08-27 19:19:30,121 - DEBUG - Peeking into /net/isi-dcnl/ifs/user_data/abild/Megatron_data/COH057/feline_p29_40_mRNA/cell_ranger/FEL031_S/outs/possorted_genome_bam.bam
2020-08-27 19:19:30,230 - WARNING - Not found cell and umi barcode in entry 6 of the bam file
2020-08-27 19:19:30,231 - WARNING - Not found cell and umi barcode in entry 7 of the bam file
2020-08-27 19:19:30,231 - WARNING - Not found cell and umi barcode in entry 11 of the bam file
2020-08-27 19:19:30,231 - WARNING - Not found cell and umi barcode in entry 228 of the bam file
2020-08-27 19:19:30,232 - WARNING - Not found cell and umi barcode in entry 386 of the bam file
2020-08-27 19:19:30,232 - WARNING - Not found cell and umi barcode in entry 460 of the bam file
2020-08-27 19:19:30,232 - WARNING - Not found cell and umi barcode in entry 466 of the bam file
2020-08-27 19:19:30,232 - WARNING - Not found cell and umi barcode in entry 555 of the bam file
2020-08-27 19:19:30,233 - WARNING - Not found cell and umi barcode in entry 556 of the bam file
2020-08-27 19:19:30,233 - WARNING - Not found cell and umi barcode in entry 579 of the bam file
2020-08-27 19:19:30,233 - WARNING - Not found cell and umi barcode in entry 633 of the bam file
2020-08-27 19:19:30,233 - WARNING - Not found cell and umi barcode in entry 760 of the bam file
2020-08-27 19:19:30,234 - WARNING - Not found cell and umi barcode in entry 888 of the bam file
2020-08-27 19:19:30,234 - WARNING - Not found cell and umi barcode in entry 1010 of the bam file
2020-08-27 19:19:30,237 - WARNING - The file /net/isi-dcnl/ifs/user_data/abild/Megatron_data/COH057/feline_p29_40_mRNA/cell_ranger/FEL031_S/outs/cellsorted_possorted_genome_bam.bam already exists. The sorting step will be skipped and the existing file will be used.
2020-08-27 19:19:30,237 - INFO - Load the annotation from /net/isi-dcnl/ifs/user_data/abild/Genomes/refdata-cellranger-GRCh38-3.0.0/genes/genes.gtf
2020-08-27 19:19:38,319 - DEBUG - Parsing Chromosome 1 strand - [line 0]
2020-08-27 19:19:38,980 - DEBUG - Done with 1- [line 108728]
2020-08-27 19:19:38,980 - DEBUG - Assigning indexes to genes
2020-08-27 19:19:38,990 - DEBUG - Seen 1561 genes until now
2020-08-27 19:19:38,990 - DEBUG - Parsing Chromosome 1 strand + [line 108729]
2020-08-27 19:19:39,741 - DEBUG - Done with 1+ [line 232515]
2020-08-27 19:19:39,741 - DEBUG - Assigning indexes to genes
2020-08-27 19:19:39,753 - DEBUG - Seen 3154 genes until now
2020-08-27 19:19:39,753 - DEBUG - Parsing Chromosome 10 strand - [line 232516]
2020-08-27 19:19:40,194 - DEBUG - Done with 10- [line 279343]
2020-08-27 19:19:40,194 - DEBUG - Assigning indexes to genes
2020-08-27 19:19:40,197 - DEBUG - Seen 3737 genes until now
2020-08-27 19:19:40,197 - DEBUG - Parsing Chromosome 10 strand + [line 279344]
2020-08-27 19:19:40,393 - DEBUG - Done with 10+ [line 323872]
2020-08-27 19:19:40,393 - DEBUG - Assigning indexes to genes
2020-08-27 19:19:40,396 - DEBUG - Seen 4384 genes until now
2020-08-27 19:19:40,396 - DEBUG - Parsing Chromosome 11 strand - [line 323873]
2020-08-27 19:19:40,998 - DEBUG - Done with 11- [line 402908]
2020-08-27 19:19:40,998 - DEBUG - Assigning indexes to genes
2020-08-27 19:19:41,006 - DEBUG - Seen 5320 genes until now
2020-08-27 19:19:41,006 - DEBUG - Parsing Chromosome 11 strand + [line 402909]
2020-08-27 19:19:41,358 - DEBUG - Done with 11+ [line 482591]
2020-08-27 19:19:41,358 - DEBUG - Assigning indexes to genes
2020-08-27 19:19:41,365 - DEBUG - Seen 6305 genes until now
2020-08-27 19:19:41,365 - DEBUG - Parsing Chromosome 12 strand - [line 482592]
2020-08-27 19:19:42,021 - DEBUG - Done with 12- [line 559278]
2020-08-27 19:19:42,022 - DEBUG - Assigning indexes to genes
2020-08-27 19:19:42,027 - DEBUG - Seen 7177 genes until now
2020-08-27 19:19:42,028 - DEBUG - Parsing Chromosome 12 strand + [line 559279]
2020-08-27 19:19:42,367 - DEBUG - Done with 12+ [line 635173]
2020-08-27 19:19:42,368 - DEBUG - Assigning indexes to genes
2020-08-27 19:19:42,374 - DEBUG - Seen 8070 genes until now
2020-08-27 19:19:42,374 - DEBUG - Parsing Chromosome 13 strand - [line 635174]
2020-08-27 19:19:42,460 - DEBUG - Done with 13- [line 653523]
2020-08-27 19:19:42,460 - DEBUG - Assigning indexes to genes
2020-08-27 19:19:42,462 - DEBUG - Seen 8400 genes until now
2020-08-27 19:19:42,462 - DEBUG - Parsing Chromosome 13 strand + [line 653524]
2020-08-27 19:19:42,909 - DEBUG - Done with 13+ [line 673091]
2020-08-27 19:19:42,909 - DEBUG - Assigning indexes to genes
2020-08-27 19:19:42,911 - DEBUG - Seen 8736 genes until now
2020-08-27 19:19:42,911 - DEBUG - Parsing Chromosome 14 strand - [line 673092]
2020-08-27 19:19:43,113 - DEBUG - Done with 14- [line 716831]
2020-08-27 19:19:43,113 - DEBUG - Assigning indexes to genes
2020-08-27 19:19:43,117 - DEBUG - Seen 9452 genes until now
2020-08-27 19:19:43,117 - DEBUG - Parsing Chromosome 14 strand + [line 716832]
2020-08-27 19:19:43,338 - DEBUG - Done with 14+ [line 764942]
2020-08-27 19:19:43,338 - DEBUG - Assigning indexes to genes
2020-08-27 19:19:43,342 - DEBUG - Seen 10121 genes until now
2020-08-27 19:19:43,342 - DEBUG - Parsing Chromosome 15 strand - [line 764943]
2020-08-27 19:19:43,575 - DEBUG - Done with 15- [line 813803]
2020-08-27 19:19:43,575 - DEBUG - Assigning indexes to genes
2020-08-27 19:19:43,578 - DEBUG - Seen 10698 genes until now
2020-08-27 19:19:43,578 - DEBUG - Parsing Chromosome 15 strand + [line 813804]
2020-08-27 19:19:43,780 - DEBUG - Done with 15+ [line 857859]
2020-08-27 19:19:43,780 - DEBUG - Assigning indexes to genes
2020-08-27 19:19:43,784 - DEBUG - Seen 11256 genes until now
2020-08-27 19:19:43,784 - DEBUG - Parsing Chromosome 16 strand - [line 857860]
2020-08-27 19:19:44,405 - DEBUG - Done with 16- [line 911118]
2020-08-27 19:19:44,405 - DEBUG - Assigning indexes to genes
2020-08-27 19:19:44,410 - DEBUG - Seen 11998 genes until now
2020-08-27 19:19:44,410 - DEBUG - Parsing Chromosome 16 strand + [line 911119]
2020-08-27 19:19:44,734 - DEBUG - Done with 16+ [line 981663]
2020-08-27 19:19:44,734 - DEBUG - Assigning indexes to genes
2020-08-27 19:19:44,740 - DEBUG - Seen 12787 genes until now
2020-08-27 19:19:44,740 - DEBUG - Parsing Chromosome 17 strand - [line 981664]
2020-08-27 19:19:45,135 - DEBUG - Done with 17- [line 1066635]
2020-08-27 19:19:45,135 - DEBUG - Assigning indexes to genes
2020-08-27 19:19:45,143 - DEBUG - Seen 13775 genes until now
2020-08-27 19:19:45,143 - DEBUG - Parsing Chromosome 17 strand + [line 1066636]
2020-08-27 19:19:45,923 - DEBUG - Done with 17+ [line 1143834]
2020-08-27 19:19:45,923 - DEBUG - Assigning indexes to genes
2020-08-27 19:19:45,932 - DEBUG - Seen 14681 genes until now
2020-08-27 19:19:45,932 - DEBUG - Parsing Chromosome 18 strand - [line 1143835]
2020-08-27 19:19:46,048 - DEBUG - Done with 18- [line 1168496]
2020-08-27 19:19:46,048 - DEBUG - Assigning indexes to genes
2020-08-27 19:19:46,050 - DEBUG - Seen 15006 genes until now
2020-08-27 19:19:46,050 - DEBUG - Parsing Chromosome 18 strand + [line 1168497]
2020-08-27 19:19:46,151 - DEBUG - Done with 18+ [line 1189691]
2020-08-27 19:19:46,151 - DEBUG - Assigning indexes to genes
2020-08-27 19:19:46,153 - DEBUG - Seen 15343 genes until now
2020-08-27 19:19:46,153 - DEBUG - Parsing Chromosome 19 strand - [line 1189692]
2020-08-27 19:19:46,511 - DEBUG - Done with 19- [line 1268854]
2020-08-27 19:19:46,511 - DEBUG - Assigning indexes to genes
2020-08-27 19:19:46,518 - DEBUG - Seen 16352 genes until now
2020-08-27 19:19:46,518 - DEBUG - Parsing Chromosome 19 strand + [line 1268855]
2020-08-27 19:19:46,888 - DEBUG - Done with 19+ [line 1351833]
2020-08-27 19:19:46,889 - DEBUG - Assigning indexes to genes
2020-08-27 19:19:46,896 - DEBUG - Seen 17347 genes until now
2020-08-27 19:19:46,896 - DEBUG - Parsing Chromosome 2 strand - [line 1351834]
2020-08-27 19:19:47,345 - DEBUG - Done with 2- [line 1448710]
2020-08-27 19:19:47,345 - DEBUG - Assigning indexes to genes
2020-08-27 19:19:47,354 - DEBUG - Seen 18472 genes until now
2020-08-27 19:19:47,354 - DEBUG - Parsing Chromosome 2 strand + [line 1448711]
2020-08-27 19:19:48,334 - DEBUG - Done with 2+ [line 1542602]
2020-08-27 19:19:48,334 - DEBUG - Assigning indexes to genes
2020-08-27 19:19:48,343 - DEBUG - Seen 19632 genes until now
2020-08-27 19:19:48,343 - DEBUG - Parsing Chromosome 20 strand - [line 1542603]
2020-08-27 19:19:48,466 - DEBUG - Done with 20- [line 1569195]
2020-08-27 19:19:48,466 - DEBUG - Assigning indexes to genes
2020-08-27 19:19:48,469 - DEBUG - Seen 20079 genes until now
2020-08-27 19:19:48,469 - DEBUG - Parsing Chromosome 20 strand + [line 1569196]
2020-08-27 19:19:48,613 - DEBUG - Done with 20+ [line 1600541]
2020-08-27 19:19:48,613 - DEBUG - Assigning indexes to genes
2020-08-27 19:19:48,616 - DEBUG - Seen 20527 genes until now
2020-08-27 19:19:48,616 - DEBUG - Parsing Chromosome 21 strand - [line 1600542]
2020-08-27 19:19:48,679 - DEBUG - Done with 21- [line 1614106]
2020-08-27 19:19:48,680 - DEBUG - Assigning indexes to genes
2020-08-27 19:19:48,681 - DEBUG - Seen 20795 genes until now
2020-08-27 19:19:48,681 - DEBUG - Parsing Chromosome 21 strand + [line 1614107]
2020-08-27 19:19:48,750 - DEBUG - Done with 21+ [line 1628392]
2020-08-27 19:19:48,750 - DEBUG - Assigning indexes to genes
2020-08-27 19:19:48,751 - DEBUG - Seen 21029 genes until now
2020-08-27 19:19:48,751 - DEBUG - Parsing Chromosome 22 strand - [line 1628393]
2020-08-27 19:19:48,869 - DEBUG - Done with 22- [line 1653805]
2020-08-27 19:19:48,869 - DEBUG - Assigning indexes to genes
2020-08-27 19:19:48,871 - DEBUG - Seen 21391 genes until now
2020-08-27 19:19:48,871 - DEBUG - Parsing Chromosome 22 strand + [line 1653806]
2020-08-27 19:19:49,012 - DEBUG - Done with 22+ [line 1684245]
2020-08-27 19:19:49,012 - DEBUG - Assigning indexes to genes
2020-08-27 19:19:49,017 - DEBUG - Seen 21866 genes until now
2020-08-27 19:19:49,017 - DEBUG - Parsing Chromosome 3 strand - [line 1684246]
2020-08-27 19:19:49,384 - DEBUG - Done with 3- [line 1763939]
2020-08-27 19:19:49,384 - DEBUG - Assigning indexes to genes
2020-08-27 19:19:49,391 - DEBUG - Seen 22713 genes until now
2020-08-27 19:19:49,391 - DEBUG - Parsing Chromosome 3 strand + [line 1763940]
2020-08-27 19:19:49,757 - DEBUG - Done with 3+ [line 1844840]
2020-08-27 19:19:49,758 - DEBUG - Assigning indexes to genes
2020-08-27 19:19:49,764 - DEBUG - Seen 23585 genes until now
2020-08-27 19:19:49,764 - DEBUG - Parsing Chromosome 4 strand - [line 1844841]
2020-08-27 19:19:50,595 - DEBUG - Done with 4- [line 1898665]
2020-08-27 19:19:50,595 - DEBUG - Assigning indexes to genes
2020-08-27 19:19:50,600 - DEBUG - Seen 24246 genes until now
2020-08-27 19:19:50,600 - DEBUG - Parsing Chromosome 4 strand + [line 1898666]
2020-08-27 19:19:50,824 - DEBUG - Done with 4+ [line 1947617]
2020-08-27 19:19:50,824 - DEBUG - Assigning indexes to genes
2020-08-27 19:19:50,829 - DEBUG - Seen 24938 genes until now
2020-08-27 19:19:50,829 - DEBUG - Parsing Chromosome 5 strand - [line 1947618]
2020-08-27 19:19:51,077 - DEBUG - Done with 5- [line 2001140]
2020-08-27 19:19:51,077 - DEBUG - Assigning indexes to genes
2020-08-27 19:19:51,082 - DEBUG - Seen 25741 genes until now
2020-08-27 19:19:51,082 - DEBUG - Parsing Chromosome 5 strand + [line 2001141]
2020-08-27 19:19:51,357 - DEBUG - Done with 5+ [line 2062165]
2020-08-27 19:19:51,357 - DEBUG - Assigning indexes to genes
2020-08-27 19:19:51,363 - DEBUG - Seen 26599 genes until now
2020-08-27 19:19:51,363 - DEBUG - Parsing Chromosome 6 strand - [line 2062166]
2020-08-27 19:19:51,635 - DEBUG - Done with 6- [line 2121425]
2020-08-27 19:19:51,635 - DEBUG - Assigning indexes to genes
2020-08-27 19:19:51,640 - DEBUG - Seen 27435 genes until now
2020-08-27 19:19:51,640 - DEBUG - Parsing Chromosome 6 strand + [line 2121426]
2020-08-27 19:19:51,883 - DEBUG - Done with 6+ [line 2176078]
2020-08-27 19:19:51,883 - DEBUG - Assigning indexes to genes
2020-08-27 19:19:51,888 - DEBUG - Seen 28231 genes until now
2020-08-27 19:19:51,888 - DEBUG - Parsing Chromosome 7 strand - [line 2176079]
2020-08-27 19:19:52,150 - DEBUG - Done with 7- [line 2233605]
2020-08-27 19:19:52,150 - DEBUG - Assigning indexes to genes
2020-08-27 19:19:52,155 - DEBUG - Seen 28953 genes until now
2020-08-27 19:19:52,155 - DEBUG - Parsing Chromosome 7 strand + [line 2233606]
2020-08-27 19:19:52,449 - DEBUG - Done with 7+ [line 2295513]
2020-08-27 19:19:52,449 - DEBUG - Assigning indexes to genes
2020-08-27 19:19:52,454 - DEBUG - Seen 29770 genes until now
2020-08-27 19:19:52,454 - DEBUG - Parsing Chromosome 8 strand - [line 2295514]
2020-08-27 19:19:52,673 - DEBUG - Done with 8- [line 2343289]
2020-08-27 19:19:52,674 - DEBUG - Assigning indexes to genes
2020-08-27 19:19:52,678 - DEBUG - Seen 30442 genes until now
2020-08-27 19:19:52,678 - DEBUG - Parsing Chromosome 8 strand + [line 2343290]
2020-08-27 19:19:52,876 - DEBUG - Done with 8+ [line 2386793]
2020-08-27 19:19:52,876 - DEBUG - Assigning indexes to genes
2020-08-27 19:19:52,880 - DEBUG - Seen 31090 genes until now
2020-08-27 19:19:52,880 - DEBUG - Parsing Chromosome 9 strand - [line 2386794]
2020-08-27 19:19:53,811 - DEBUG - Done with 9- [line 2430389]
2020-08-27 19:19:53,811 - DEBUG - Assigning indexes to genes
2020-08-27 19:19:53,814 - DEBUG - Seen 31710 genes until now
2020-08-27 19:19:53,814 - DEBUG - Parsing Chromosome 9 strand + [line 2430390]
2020-08-27 19:19:54,031 - DEBUG - Done with 9+ [line 2477312]
2020-08-27 19:19:54,031 - DEBUG - Assigning indexes to genes
2020-08-27 19:19:54,035 - DEBUG - Seen 32318 genes until now
2020-08-27 19:19:54,035 - DEBUG - Parsing Chromosome GL000009.2 strand - [line 2477313]
2020-08-27 19:19:54,035 - DEBUG - Done with GL000009.2- [line 2477320]
2020-08-27 19:19:54,035 - DEBUG - Assigning indexes to genes
2020-08-27 19:19:54,035 - DEBUG - Seen 32319 genes until now
2020-08-27 19:19:54,035 - DEBUG - Parsing Chromosome GL000194.1 strand - [line 2477321]
2020-08-27 19:19:54,035 - DEBUG - Done with GL000194.1- [line 2477346]
2020-08-27 19:19:54,035 - DEBUG - Assigning indexes to genes
2020-08-27 19:19:54,035 - DEBUG - Seen 32321 genes until now
2020-08-27 19:19:54,035 - DEBUG - Parsing Chromosome GL000195.1 strand - [line 2477347]
2020-08-27 19:19:54,035 - DEBUG - Done with GL000195.1- [line 2477356]
2020-08-27 19:19:54,035 - DEBUG - Assigning indexes to genes
2020-08-27 19:19:54,035 - DEBUG - Seen 32322 genes until now
2020-08-27 19:19:54,035 - DEBUG - Parsing Chromosome GL000195.1 strand + [line 2477357]
2020-08-27 19:19:54,035 - DEBUG - Done with GL000195.1+ [line 2477370]
2020-08-27 19:19:54,035 - DEBUG - Assigning indexes to genes
2020-08-27 19:19:54,035 - DEBUG - Seen 32323 genes until now
2020-08-27 19:19:54,035 - DEBUG - Parsing Chromosome GL000205.2 strand - [line 2477371]
2020-08-27 19:19:54,036 - DEBUG - Done with GL000205.2- [line 2477384]
2020-08-27 19:19:54,036 - DEBUG - Assigning indexes to genes
2020-08-27 19:19:54,036 - DEBUG - Seen 32324 genes until now
2020-08-27 19:19:54,036 - DEBUG - Parsing Chromosome GL000213.1 strand - [line 2477385]
2020-08-27 19:19:54,036 - DEBUG - Done with GL000213.1- [line 2477433]
2020-08-27 19:19:54,036 - DEBUG - Assigning indexes to genes
2020-08-27 19:19:54,036 - DEBUG - Seen 32325 genes until now
2020-08-27 19:19:54,036 - DEBUG - Parsing Chromosome GL000218.1 strand - [line 2477434]
2020-08-27 19:19:54,036 - DEBUG - Done with GL000218.1- [line 2477441]
2020-08-27 19:19:54,036 - DEBUG - Assigning indexes to genes
2020-08-27 19:19:54,036 - DEBUG - Seen 32326 genes until now
2020-08-27 19:19:54,036 - DEBUG - Parsing Chromosome GL000219.1 strand - [line 2477442]
2020-08-27 19:19:54,036 - DEBUG - Done with GL000219.1- [line 2477453]
2020-08-27 19:19:54,036 - DEBUG - Assigning indexes to genes
2020-08-27 19:19:54,036 - DEBUG - Seen 32327 genes until now
2020-08-27 19:19:54,036 - DEBUG - Parsing Chromosome KI270711.1 strand - [line 2477454]
2020-08-27 19:19:54,037 - DEBUG - Done with KI270711.1- [line 2477604]
2020-08-27 19:19:54,037 - DEBUG - Assigning indexes to genes
2020-08-27 19:19:54,037 - DEBUG - Seen 32328 genes until now
2020-08-27 19:19:54,037 - DEBUG - Parsing Chromosome KI270713.1 strand - [line 2477605]
2020-08-27 19:19:54,037 - DEBUG - Done with KI270713.1- [line 2477612]
2020-08-27 19:19:54,037 - DEBUG - Assigning indexes to genes
2020-08-27 19:19:54,037 - DEBUG - Seen 32329 genes until now
2020-08-27 19:19:54,037 - DEBUG - Parsing Chromosome KI270713.1 strand + [line 2477613]
2020-08-27 19:19:54,038 - DEBUG - Done with KI270713.1+ [line 2477618]
2020-08-27 19:19:54,038 - DEBUG - Assigning indexes to genes
2020-08-27 19:19:54,038 - DEBUG - Seen 32330 genes until now
2020-08-27 19:19:54,038 - DEBUG - Parsing Chromosome KI270721.1 strand + [line 2477619]
2020-08-27 19:19:54,038 - DEBUG - Done with KI270721.1+ [line 2477634]
2020-08-27 19:19:54,038 - DEBUG - Assigning indexes to genes
2020-08-27 19:19:54,038 - DEBUG - Seen 32331 genes until now
2020-08-27 19:19:54,038 - DEBUG - Parsing Chromosome KI270726.1 strand + [line 2477635]
2020-08-27 19:19:54,038 - DEBUG - Done with KI270726.1+ [line 2477645]
2020-08-27 19:19:54,038 - DEBUG - Assigning indexes to genes
2020-08-27 19:19:54,038 - DEBUG - Seen 32333 genes until now
2020-08-27 19:19:54,038 - DEBUG - Parsing Chromosome KI270727.1 strand - [line 2477646]
2020-08-27 19:19:54,038 - DEBUG - Done with KI270727.1- [line 2477704]
2020-08-27 19:19:54,038 - DEBUG - Assigning indexes to genes
2020-08-27 19:19:54,038 - DEBUG - Seen 32335 genes until now
2020-08-27 19:19:54,038 - DEBUG - Parsing Chromosome KI270727.1 strand + [line 2477705]
2020-08-27 19:19:54,039 - DEBUG - Done with KI270727.1+ [line 2477719]
2020-08-27 19:19:54,039 - DEBUG - Assigning indexes to genes
2020-08-27 19:19:54,039 - DEBUG - Seen 32337 genes until now
2020-08-27 19:19:54,039 - DEBUG - Parsing Chromosome KI270728.1 strand - [line 2477720]
2020-08-27 19:19:54,039 - DEBUG - Done with KI270728.1- [line 2477796]
2020-08-27 19:19:54,039 - DEBUG - Assigning indexes to genes
2020-08-27 19:19:54,039 - DEBUG - Seen 32339 genes until now
2020-08-27 19:19:54,039 - DEBUG - Parsing Chromosome KI270728.1 strand + [line 2477797]
2020-08-27 19:19:54,039 - DEBUG - Done with KI270728.1+ [line 2477833]
2020-08-27 19:19:54,039 - DEBUG - Assigning indexes to genes
2020-08-27 19:19:54,039 - DEBUG - Seen 32343 genes until now
2020-08-27 19:19:54,039 - DEBUG - Parsing Chromosome KI270731.1 strand - [line 2477834]
2020-08-27 19:19:54,040 - DEBUG - Done with KI270731.1- [line 2477840]
2020-08-27 19:19:54,040 - DEBUG - Assigning indexes to genes
2020-08-27 19:19:54,040 - DEBUG - Seen 32344 genes until now
2020-08-27 19:19:54,040 - DEBUG - Parsing Chromosome KI270734.1 strand - [line 2477841]
2020-08-27 19:19:54,040 - DEBUG - Done with KI270734.1- [line 2477909]
2020-08-27 19:19:54,040 - DEBUG - Assigning indexes to genes
2020-08-27 19:19:54,040 - DEBUG - Seen 32345 genes until now
2020-08-27 19:19:54,040 - DEBUG - Parsing Chromosome KI270734.1 strand + [line 2477910]
2020-08-27 19:19:54,040 - DEBUG - Done with KI270734.1+ [line 2477932]
2020-08-27 19:19:54,040 - DEBUG - Assigning indexes to genes
2020-08-27 19:19:54,040 - DEBUG - Seen 32347 genes until now
2020-08-27 19:19:54,040 - DEBUG - Parsing Chromosome MT strand - [line 2477933]
2020-08-27 19:19:54,040 - DEBUG - Done with MT- [line 2477938]
2020-08-27 19:19:54,040 - DEBUG - Assigning indexes to genes
2020-08-27 19:19:54,040 - DEBUG - Seen 32348 genes until now
2020-08-27 19:19:54,041 - DEBUG - Parsing Chromosome MT strand + [line 2477939]
2020-08-27 19:19:54,041 - DEBUG - Done with MT+ [line 2478004]
2020-08-27 19:19:54,041 - DEBUG - Assigning indexes to genes
2020-08-27 19:19:54,041 - DEBUG - Seen 32360 genes until now
2020-08-27 19:19:54,041 - DEBUG - Parsing Chromosome X strand - [line 2478005]
2020-08-27 19:19:54,221 - DEBUG - Done with X- [line 2518937]
2020-08-27 19:19:54,221 - DEBUG - Assigning indexes to genes
2020-08-27 19:19:54,224 - DEBUG - Seen 32876 genes until now
2020-08-27 19:19:54,224 - DEBUG - Parsing Chromosome X strand + [line 2518938]
2020-08-27 19:19:54,406 - DEBUG - Done with X+ [line 2560301]
2020-08-27 19:19:54,406 - DEBUG - Assigning indexes to genes
2020-08-27 19:19:54,409 - DEBUG - Seen 33438 genes until now
2020-08-27 19:19:54,409 - DEBUG - Parsing Chromosome Y strand - [line 2560302]
2020-08-27 19:19:54,420 - DEBUG - Done with Y- [line 2562446]
2020-08-27 19:19:54,420 - DEBUG - Assigning indexes to genes
2020-08-27 19:19:54,420 - DEBUG - Seen 33485 genes until now
2020-08-27 19:19:54,420 - DEBUG - Parsing Chromosome Y strand + [line 2562447]
2020-08-27 19:19:54,433 - DEBUG - Assigning indexes to genes
2020-08-27 19:19:54,433 - DEBUG - Done with Y+ [line 2565059]
2020-08-27 19:19:54,433 - DEBUG - Fixing corner cases of transcript models containg intron longer than 1000Kbp
2020-08-27 19:19:56,353 - DEBUG - Generated 2165800 features corresponding to 172912 transcript models from /net/isi-dcnl/ifs/user_data/abild/Genomes/refdata-cellranger-GRCh38-3.0.0/genes/genes.gtf
2020-08-27 19:19:56,388 - INFO - Scan /net/isi-dcnl/ifs/user_data/abild/Megatron_data/COH057/feline_p29_40_mRNA/cell_ranger/FEL031_S/outs/possorted_genome_bam.bam to validate intron intervals
2020-08-27 19:20:00,379 - DEBUG - Reading /net/isi-dcnl/ifs/user_data/abild/Megatron_data/COH057/feline_p29_40_mRNA/cell_ranger/FEL031_S/outs/possorted_genome_bam.bam
2020-08-27 19:20:00,394 - DEBUG - Read first 0 million reads
2020-08-27 19:20:00,397 - DEBUG - Marking up chromosome 1
2020-08-27 19:21:40,825 - DEBUG - Marking up chromosome 10
2020-08-27 19:21:50,178 - DEBUG - Read first 10 million reads
2020-08-27 19:22:31,260 - DEBUG - Marking up chromosome 11
2020-08-27 19:24:07,083 - DEBUG - Read first 20 million reads
2020-08-27 19:24:50,812 - DEBUG - Marking up chromosome 12
2020-08-27 19:25:38,045 - DEBUG - Marking up chromosome 13
2020-08-27 19:25:58,111 - DEBUG - Marking up chromosome 14
2020-08-27 19:26:16,976 - DEBUG - Read first 30 million reads
2020-08-27 19:26:32,646 - DEBUG - Marking up chromosome 15
2020-08-27 19:27:09,317 - DEBUG - Marking up chromosome 16
2020-08-27 19:27:48,403 - DEBUG - Marking up chromosome 17
2020-08-27 19:28:09,262 - DEBUG - Read first 40 million reads
2020-08-27 19:28:36,029 - DEBUG - Marking up chromosome 18
2020-08-27 19:28:56,577 - DEBUG - Marking up chromosome 19
2020-08-27 19:29:38,477 - DEBUG - Marking up chromosome 2
2020-08-27 19:30:07,188 - DEBUG - Read first 50 million reads
2020-08-27 19:30:55,223 - DEBUG - Marking up chromosome 20
2020-08-27 19:31:16,108 - DEBUG - Marking up chromosome 21
2020-08-27 19:31:25,588 - DEBUG - Read first 60 million reads
2020-08-27 19:31:40,317 - DEBUG - Marking up chromosome 22
2020-08-27 19:31:52,332 - DEBUG - Marking up chromosome 3
2020-08-27 19:32:56,975 - DEBUG - Marking up chromosome 4
2020-08-27 19:33:10,578 - DEBUG - Read first 70 million reads
2020-08-27 19:33:46,468 - DEBUG - Marking up chromosome 5
2020-08-27 19:34:33,810 - DEBUG - Marking up chromosome 6
2020-08-27 19:35:03,867 - DEBUG - Read first 80 million reads
2020-08-27 19:35:17,226 - DEBUG - Marking up chromosome 7
2020-08-27 19:36:21,043 - DEBUG - Marking up chromosome 8
2020-08-27 19:36:57,154 - DEBUG - Marking up chromosome 9
2020-08-27 19:36:58,438 - DEBUG - Read first 90 million reads
2020-08-27 19:37:26,935 - DEBUG - Marking up chromosome MT
2020-08-27 19:37:32,215 - DEBUG - Marking up chromosome X
2020-08-27 19:37:54,807 - DEBUG - Marking up chromosome Y
2020-08-27 19:37:54,899 - DEBUG - Marking up chromosome KI270728.1
2020-08-27 19:37:54,962 - DEBUG - Marking up chromosome KI270727.1
2020-08-27 19:37:54,987 - DEBUG - Marking up chromosome KI270442.1
2020-08-27 19:37:54,987 - WARNING - The .bam file refers to a chromosome 'KI270442.1+' not present in the annotation (.gtf) file
2020-08-27 19:37:54,987 - WARNING - The .bam file refers to a chromosome 'KI270442.1-' not present in the annotation (.gtf) file
2020-08-27 19:37:54,989 - DEBUG - Marking up chromosome KI270729.1
2020-08-27 19:37:54,989 - WARNING - The .bam file refers to a chromosome 'KI270729.1+' not present in the annotation (.gtf) file
2020-08-27 19:37:54,989 - WARNING - The .bam file refers to a chromosome 'KI270729.1-' not present in the annotation (.gtf) file
2020-08-27 19:37:54,990 - DEBUG - Marking up chromosome GL000225.1
2020-08-27 19:37:54,991 - WARNING - The .bam file refers to a chromosome 'GL000225.1+' not present in the annotation (.gtf) file
2020-08-27 19:37:54,991 - WARNING - The .bam file refers to a chromosome 'GL000225.1-' not present in the annotation (.gtf) file
2020-08-27 19:37:54,991 - DEBUG - Marking up chromosome KI270743.1
2020-08-27 19:37:54,991 - WARNING - The .bam file refers to a chromosome 'KI270743.1+' not present in the annotation (.gtf) file
2020-08-27 19:37:54,991 - WARNING - The .bam file refers to a chromosome 'KI270743.1-' not present in the annotation (.gtf) file
2020-08-27 19:37:54,999 - DEBUG - Marking up chromosome GL000008.2
2020-08-27 19:37:54,999 - WARNING - The .bam file refers to a chromosome 'GL000008.2+' not present in the annotation (.gtf) file
2020-08-27 19:37:54,999 - WARNING - The .bam file refers to a chromosome 'GL000008.2-' not present in the annotation (.gtf) file
2020-08-27 19:37:55,008 - DEBUG - Marking up chromosome GL000009.2
2020-08-27 19:37:55,008 - WARNING - The .bam file refers to a chromosome 'GL000009.2+' not present in the annotation (.gtf) file
2020-08-27 19:37:55,037 - DEBUG - Marking up chromosome KI270747.1
2020-08-27 19:37:55,037 - WARNING - The .bam file refers to a chromosome 'KI270747.1+' not present in the annotation (.gtf) file
2020-08-27 19:37:55,037 - WARNING - The .bam file refers to a chromosome 'KI270747.1-' not present in the annotation (.gtf) file
2020-08-27 19:37:55,037 - DEBUG - Marking up chromosome KI270722.1
2020-08-27 19:37:55,038 - WARNING - The .bam file refers to a chromosome 'KI270722.1+' not present in the annotation (.gtf) file
2020-08-27 19:37:55,038 - WARNING - The .bam file refers to a chromosome 'KI270722.1-' not present in the annotation (.gtf) file
2020-08-27 19:37:55,038 - DEBUG - Marking up chromosome GL000194.1
2020-08-27 19:37:55,038 - WARNING - The .bam file refers to a chromosome 'GL000194.1+' not present in the annotation (.gtf) file
2020-08-27 19:37:55,163 - DEBUG - Marking up chromosome KI270742.1
2020-08-27 19:37:55,163 - WARNING - The .bam file refers to a chromosome 'KI270742.1+' not present in the annotation (.gtf) file
2020-08-27 19:37:55,163 - WARNING - The .bam file refers to a chromosome 'KI270742.1-' not present in the annotation (.gtf) file
2020-08-27 19:37:55,204 - DEBUG - Marking up chromosome GL000205.2
2020-08-27 19:37:55,204 - WARNING - The .bam file refers to a chromosome 'GL000205.2+' not present in the annotation (.gtf) file
2020-08-27 19:37:55,224 - DEBUG - Marking up chromosome GL000195.1
2020-08-27 19:37:55,274 - DEBUG - Marking up chromosome KI270733.1
2020-08-27 19:37:55,274 - WARNING - The .bam file refers to a chromosome 'KI270733.1+' not present in the annotation (.gtf) file
2020-08-27 19:37:55,274 - WARNING - The .bam file refers to a chromosome 'KI270733.1-' not present in the annotation (.gtf) file
2020-08-27 19:38:02,262 - DEBUG - Marking up chromosome GL000224.1
2020-08-27 19:38:02,263 - WARNING - The .bam file refers to a chromosome 'GL000224.1+' not present in the annotation (.gtf) file
2020-08-27 19:38:02,263 - WARNING - The .bam file refers to a chromosome 'GL000224.1-' not present in the annotation (.gtf) file
2020-08-27 19:38:02,272 - DEBUG - Marking up chromosome GL000219.1
2020-08-27 19:38:02,272 - WARNING - The .bam file refers to a chromosome 'GL000219.1+' not present in the annotation (.gtf) file
2020-08-27 19:38:02,364 - DEBUG - Marking up chromosome KI270719.1
2020-08-27 19:38:02,364 - WARNING - The .bam file refers to a chromosome 'KI270719.1+' not present in the annotation (.gtf) file
2020-08-27 19:38:02,364 - WARNING - The .bam file refers to a chromosome 'KI270719.1-' not present in the annotation (.gtf) file
2020-08-27 19:38:02,369 - DEBUG - Marking up chromosome GL000216.2
2020-08-27 19:38:02,369 - WARNING - The .bam file refers to a chromosome 'GL000216.2+' not present in the annotation (.gtf) file
2020-08-27 19:38:02,369 - WARNING - The .bam file refers to a chromosome 'GL000216.2-' not present in the annotation (.gtf) file
2020-08-27 19:38:02,370 - DEBUG - Marking up chromosome KI270712.1
2020-08-27 19:38:02,370 - WARNING - The .bam file refers to a chromosome 'KI270712.1+' not present in the annotation (.gtf) file
2020-08-27 19:38:02,370 - WARNING - The .bam file refers to a chromosome 'KI270712.1-' not present in the annotation (.gtf) file
2020-08-27 19:38:02,373 - DEBUG - Marking up chromosome KI270706.1
2020-08-27 19:38:02,373 - WARNING - The .bam file refers to a chromosome 'KI270706.1+' not present in the annotation (.gtf) file
2020-08-27 19:38:02,373 - WARNING - The .bam file refers to a chromosome 'KI270706.1-' not present in the annotation (.gtf) file
2020-08-27 19:38:02,389 - DEBUG - Marking up chromosome KI270725.1
2020-08-27 19:38:02,389 - WARNING - The .bam file refers to a chromosome 'KI270725.1+' not present in the annotation (.gtf) file
2020-08-27 19:38:02,389 - WARNING - The .bam file refers to a chromosome 'KI270725.1-' not present in the annotation (.gtf) file
2020-08-27 19:38:02,391 - DEBUG - Marking up chromosome KI270744.1
2020-08-27 19:38:02,391 - WARNING - The .bam file refers to a chromosome 'KI270744.1+' not present in the annotation (.gtf) file
2020-08-27 19:38:02,391 - WARNING - The .bam file refers to a chromosome 'KI270744.1-' not present in the annotation (.gtf) file
2020-08-27 19:38:02,413 - DEBUG - Marking up chromosome KI270734.1
2020-08-27 19:38:02,428 - DEBUG - Marking up chromosome GL000213.1
2020-08-27 19:38:02,428 - WARNING - The .bam file refers to a chromosome 'GL000213.1+' not present in the annotation (.gtf) file
2020-08-27 19:38:02,477 - DEBUG - Marking up chromosome GL000220.1
2020-08-27 19:38:02,477 - WARNING - The .bam file refers to a chromosome 'GL000220.1+' not present in the annotation (.gtf) file
2020-08-27 19:38:02,477 - WARNING - The .bam file refers to a chromosome 'GL000220.1-' not present in the annotation (.gtf) file
2020-08-27 19:38:04,657 - DEBUG - Read first 100 million reads
2020-08-27 19:38:09,493 - DEBUG - Marking up chromosome KI270715.1
2020-08-27 19:38:09,493 - WARNING - The .bam file refers to a chromosome 'KI270715.1+' not present in the annotation (.gtf) file
2020-08-27 19:38:09,493 - WARNING - The .bam file refers to a chromosome 'KI270715.1-' not present in the annotation (.gtf) file
2020-08-27 19:38:09,493 - DEBUG - Marking up chromosome GL000218.1
2020-08-27 19:38:09,493 - WARNING - The .bam file refers to a chromosome 'GL000218.1+' not present in the annotation (.gtf) file
2020-08-27 19:38:09,548 - DEBUG - Marking up chromosome KI270749.1
2020-08-27 19:38:09,548 - WARNING - The .bam file refers to a chromosome 'KI270749.1+' not present in the annotation (.gtf) file
2020-08-27 19:38:09,548 - WARNING - The .bam file refers to a chromosome 'KI270749.1-' not present in the annotation (.gtf) file
2020-08-27 19:38:09,551 - DEBUG - Marking up chromosome KI270741.1
2020-08-27 19:38:09,551 - WARNING - The .bam file refers to a chromosome 'KI270741.1+' not present in the annotation (.gtf) file
2020-08-27 19:38:09,551 - WARNING - The .bam file refers to a chromosome 'KI270741.1-' not present in the annotation (.gtf) file
2020-08-27 19:38:09,554 - DEBUG - Marking up chromosome GL000221.1
2020-08-27 19:38:09,554 - WARNING - The .bam file refers to a chromosome 'GL000221.1+' not present in the annotation (.gtf) file
2020-08-27 19:38:09,554 - WARNING - The .bam file refers to a chromosome 'GL000221.1-' not present in the annotation (.gtf) file
2020-08-27 19:38:09,585 - DEBUG - Marking up chromosome KI270731.1
2020-08-27 19:38:09,585 - WARNING - The .bam file refers to a chromosome 'KI270731.1+' not present in the annotation (.gtf) file
2020-08-27 19:38:09,601 - DEBUG - Marking up chromosome KI270751.1
2020-08-27 19:38:09,601 - WARNING - The .bam file refers to a chromosome 'KI270751.1+' not present in the annotation (.gtf) file
2020-08-27 19:38:09,601 - WARNING - The .bam file refers to a chromosome 'KI270751.1-' not present in the annotation (.gtf) file
2020-08-27 19:38:09,605 - DEBUG - Marking up chromosome KI270750.1
2020-08-27 19:38:09,605 - WARNING - The .bam file refers to a chromosome 'KI270750.1+' not present in the annotation (.gtf) file
2020-08-27 19:38:09,605 - WARNING - The .bam file refers to a chromosome 'KI270750.1-' not present in the annotation (.gtf) file
2020-08-27 19:38:09,605 - DEBUG - Marking up chromosome KI270519.1
2020-08-27 19:38:09,605 - WARNING - The .bam file refers to a chromosome 'KI270519.1+' not present in the annotation (.gtf) file
2020-08-27 19:38:09,605 - WARNING - The .bam file refers to a chromosome 'KI270519.1-' not present in the annotation (.gtf) file
2020-08-27 19:38:09,608 - DEBUG - Marking up chromosome GL000214.1
2020-08-27 19:38:09,608 - WARNING - The .bam file refers to a chromosome 'GL000214.1+' not present in the annotation (.gtf) file
2020-08-27 19:38:09,608 - WARNING - The .bam file refers to a chromosome 'GL000214.1-' not present in the annotation (.gtf) file
2020-08-27 19:38:09,631 - DEBUG - Marking up chromosome KI270708.1
2020-08-27 19:38:09,631 - WARNING - The .bam file refers to a chromosome 'KI270708.1+' not present in the annotation (.gtf) file
2020-08-27 19:38:09,631 - WARNING - The .bam file refers to a chromosome 'KI270708.1-' not present in the annotation (.gtf) file
2020-08-27 19:38:09,632 - DEBUG - Marking up chromosome KI270737.1
2020-08-27 19:38:09,632 - WARNING - The .bam file refers to a chromosome 'KI270737.1+' not present in the annotation (.gtf) file
2020-08-27 19:38:09,632 - WARNING - The .bam file refers to a chromosome 'KI270737.1-' not present in the annotation (.gtf) file
2020-08-27 19:38:09,632 - DEBUG - Marking up chromosome KI270721.1
2020-08-27 19:38:09,633 - WARNING - The .bam file refers to a chromosome 'KI270721.1-' not present in the annotation (.gtf) file
2020-08-27 19:38:09,640 - DEBUG - Marking up chromosome KI270738.1
2020-08-27 19:38:09,641 - WARNING - The .bam file refers to a chromosome 'KI270738.1+' not present in the annotation (.gtf) file
2020-08-27 19:38:09,641 - WARNING - The .bam file refers to a chromosome 'KI270738.1-' not present in the annotation (.gtf) file
2020-08-27 19:38:09,643 - DEBUG - Marking up chromosome KI270748.1
2020-08-27 19:38:09,644 - WARNING - The .bam file refers to a chromosome 'KI270748.1+' not present in the annotation (.gtf) file
2020-08-27 19:38:09,644 - WARNING - The .bam file refers to a chromosome 'KI270748.1-' not present in the annotation (.gtf) file
2020-08-27 19:38:09,646 - DEBUG - Marking up chromosome GL000208.1
2020-08-27 19:38:09,646 - WARNING - The .bam file refers to a chromosome 'GL000208.1+' not present in the annotation (.gtf) file
2020-08-27 19:38:09,646 - WARNING - The .bam file refers to a chromosome 'GL000208.1-' not present in the annotation (.gtf) file
2020-08-27 19:38:09,646 - DEBUG - Marking up chromosome KI270538.1
2020-08-27 19:38:09,646 - WARNING - The .bam file refers to a chromosome 'KI270538.1+' not present in the annotation (.gtf) file
2020-08-27 19:38:09,646 - WARNING - The .bam file refers to a chromosome 'KI270538.1-' not present in the annotation (.gtf) file
2020-08-27 19:38:09,646 - DEBUG - Marking up chromosome KI270757.1
2020-08-27 19:38:09,646 - WARNING - The .bam file refers to a chromosome 'KI270757.1+' not present in the annotation (.gtf) file
2020-08-27 19:38:09,646 - WARNING - The .bam file refers to a chromosome 'KI270757.1-' not present in the annotation (.gtf) file
2020-08-27 19:38:09,647 - DEBUG - Marking up chromosome KI270709.1
2020-08-27 19:38:09,647 - WARNING - The .bam file refers to a chromosome 'KI270709.1+' not present in the annotation (.gtf) file
2020-08-27 19:38:09,647 - WARNING - The .bam file refers to a chromosome 'KI270709.1-' not present in the annotation (.gtf) file
2020-08-27 19:38:09,649 - DEBUG - Marking up chromosome KI270589.1
2020-08-27 19:38:09,649 - WARNING - The .bam file refers to a chromosome 'KI270589.1+' not present in the annotation (.gtf) file
2020-08-27 19:38:09,649 - WARNING - The .bam file refers to a chromosome 'KI270589.1-' not present in the annotation (.gtf) file
2020-08-27 19:38:09,649 - DEBUG - Marking up chromosome KI270726.1
2020-08-27 19:38:09,650 - WARNING - The .bam file refers to a chromosome 'KI270726.1-' not present in the annotation (.gtf) file
2020-08-27 19:38:09,650 - DEBUG - Marking up chromosome KI270711.1
2020-08-27 19:38:09,650 - WARNING - The .bam file refers to a chromosome 'KI270711.1+' not present in the annotation (.gtf) file
2020-08-27 19:38:09,689 - DEBUG - Marking up chromosome KI270745.1
2020-08-27 19:38:09,689 - WARNING - The .bam file refers to a chromosome 'KI270745.1+' not present in the annotation (.gtf) file
2020-08-27 19:38:09,689 - WARNING - The .bam file refers to a chromosome 'KI270745.1-' not present in the annotation (.gtf) file
2020-08-27 19:38:09,701 - DEBUG - Marking up chromosome KI270714.1
2020-08-27 19:38:09,701 - WARNING - The .bam file refers to a chromosome 'KI270714.1+' not present in the annotation (.gtf) file
2020-08-27 19:38:09,701 - WARNING - The .bam file refers to a chromosome 'KI270714.1-' not present in the annotation (.gtf) file
2020-08-27 19:38:09,707 - DEBUG - Marking up chromosome KI270732.1
2020-08-27 19:38:09,707 - WARNING - The .bam file refers to a chromosome 'KI270732.1+' not present in the annotation (.gtf) file
2020-08-27 19:38:09,707 - WARNING - The .bam file refers to a chromosome 'KI270732.1-' not present in the annotation (.gtf) file
2020-08-27 19:38:09,707 - DEBUG - Marking up chromosome KI270713.1
2020-08-27 19:38:09,711 - DEBUG - Marking up chromosome KI270754.1
2020-08-27 19:38:09,711 - WARNING - The .bam file refers to a chromosome 'KI270754.1+' not present in the annotation (.gtf) file
2020-08-27 19:38:09,711 - WARNING - The .bam file refers to a chromosome 'KI270754.1-' not present in the annotation (.gtf) file
2020-08-27 19:38:09,712 - DEBUG - Marking up chromosome KI270717.1
2020-08-27 19:38:09,712 - WARNING - The .bam file refers to a chromosome 'KI270717.1+' not present in the annotation (.gtf) file
2020-08-27 19:38:09,712 - WARNING - The .bam file refers to a chromosome 'KI270717.1-' not present in the annotation (.gtf) file
2020-08-27 19:38:09,716 - DEBUG - Marking up chromosome KI270720.1
2020-08-27 19:38:09,716 - WARNING - The .bam file refers to a chromosome 'KI270720.1+' not present in the annotation (.gtf) file
2020-08-27 19:38:09,716 - WARNING - The .bam file refers to a chromosome 'KI270720.1-' not present in the annotation (.gtf) file
2020-08-27 19:38:09,719 - DEBUG - Marking up chromosome KI270723.1
2020-08-27 19:38:09,719 - WARNING - The .bam file refers to a chromosome 'KI270723.1+' not present in the annotation (.gtf) file
2020-08-27 19:38:09,719 - WARNING - The .bam file refers to a chromosome 'KI270723.1-' not present in the annotation (.gtf) file
2020-08-27 19:38:09,719 - DEBUG - Marking up chromosome KI270718.1
2020-08-27 19:38:09,720 - WARNING - The .bam file refers to a chromosome 'KI270718.1+' not present in the annotation (.gtf) file
2020-08-27 19:38:09,720 - WARNING - The .bam file refers to a chromosome 'KI270718.1-' not present in the annotation (.gtf) file
2020-08-27 19:38:09,728 - DEBUG - Marking up chromosome KI270755.1
2020-08-27 19:38:09,728 - WARNING - The .bam file refers to a chromosome 'KI270755.1+' not present in the annotation (.gtf) file
2020-08-27 19:38:09,728 - WARNING - The .bam file refers to a chromosome 'KI270755.1-' not present in the annotation (.gtf) file
2020-08-27 19:38:09,728 - DEBUG - Marking up chromosome KI270707.1
2020-08-27 19:38:09,728 - WARNING - The .bam file refers to a chromosome 'KI270707.1+' not present in the annotation (.gtf) file
2020-08-27 19:38:09,728 - WARNING - The .bam file refers to a chromosome 'KI270707.1-' not present in the annotation (.gtf) file
2020-08-27 19:38:09,730 - DEBUG - Marking up chromosome KI270366.1
2020-08-27 19:38:09,730 - WARNING - The .bam file refers to a chromosome 'KI270366.1+' not present in the annotation (.gtf) file
2020-08-27 19:38:09,730 - WARNING - The .bam file refers to a chromosome 'KI270366.1-' not present in the annotation (.gtf) file
2020-08-27 19:38:09,730 - DEBUG - Marking up chromosome KI270582.1
2020-08-27 19:38:09,730 - WARNING - The .bam file refers to a chromosome 'KI270582.1+' not present in the annotation (.gtf) file
2020-08-27 19:38:09,730 - WARNING - The .bam file refers to a chromosome 'KI270582.1-' not present in the annotation (.gtf) file
2020-08-27 19:38:09,730 - DEBUG - Marking up chromosome KI270591.1
2020-08-27 19:38:09,730 - WARNING - The .bam file refers to a chromosome 'KI270591.1+' not present in the annotation (.gtf) file
2020-08-27 19:38:09,730 - WARNING - The .bam file refers to a chromosome 'KI270591.1-' not present in the annotation (.gtf) file
2020-08-27 19:38:09,730 - DEBUG - Marking up chromosome KI270584.1
2020-08-27 19:38:09,730 - WARNING - The .bam file refers to a chromosome 'KI270584.1+' not present in the annotation (.gtf) file
2020-08-27 19:38:09,730 - WARNING - The .bam file refers to a chromosome 'KI270584.1-' not present in the annotation (.gtf) file
2020-08-27 19:38:09,731 - DEBUG - Marking up chromosome KI270330.1
2020-08-27 19:38:09,731 - WARNING - The .bam file refers to a chromosome 'KI270330.1+' not present in the annotation (.gtf) file
2020-08-27 19:38:09,731 - WARNING - The .bam file refers to a chromosome 'KI270330.1-' not present in the annotation (.gtf) file
2020-08-27 19:38:19,224 - DEBUG - End of file. Reset index: start scanning from initial position.
2020-08-27 19:38:19,224 - DEBUG - 2358715 reads were skipped because no apropiate cell or umi barcode was found
2020-08-27 19:38:19,225 - DEBUG - Start molecule counting!
2020-08-27 19:38:23,266 - DEBUG - Features available for chromosomes : ['1-', '1+', '10-', '10+', '11-', '11+', '12-', '12+', '13-', '13+', '14-', '14+', '15-', '15+', '16-', '16+', '17-', '17+', '18-', '18+', '19-', '19+', '2-', '2+', '20-', '20+', '21-', '21+', '22-', '22+', '3-', '3+', '4-', '4+', '5-', '5+', '6-', '6+', '7-', '7+', '8-', '8+', '9-', '9+', 'GL000009.2-', 'GL000194.1-', 'GL000195.1-', 'GL000195.1+', 'GL000205.2-', 'GL000213.1-', 'GL000218.1-', 'GL000219.1-', 'KI270711.1-', 'KI270713.1-', 'KI270713.1+', 'KI270721.1+', 'KI270726.1+', 'KI270727.1-', 'KI270727.1+', 'KI270728.1-', 'KI270728.1+', 'KI270731.1-', 'KI270734.1-', 'KI270734.1+', 'MT-', 'MT+', 'X-', 'X+', 'Y-', 'Y+']
2020-08-27 19:38:23,266 - DEBUG - Mask available for chromosomes : []
2020-08-27 19:38:23,266 - DEBUG - Summarizing the results of intron validation.
2020-08-27 19:38:23,961 - DEBUG - Validated 439428 introns (of which unique intervals 140473) out of 996444 total possible introns (considering each possible transcript models).
2020-08-27 19:38:23,962 - DEBUG - Reading /net/isi-dcnl/ifs/user_data/abild/Megatron_data/COH057/feline_p29_40_mRNA/cell_ranger/FEL031_S/outs/cellsorted_possorted_genome_bam.bam
2020-08-27 19:38:24,006 - DEBUG - Read first 0 million reads
2020-08-27 19:39:02,997 - DEBUG - Counting for batch 1, containing 100 cells and 1420619 reads
2020-08-27 19:39:50,960 - DEBUG - 0 reads not considered because fully enclosed in repeat masked regions
2020-08-27 19:40:21,603 - DEBUG - Read first 10 million reads
2020-08-27 19:40:22,881 - DEBUG - Counting for batch 2, containing 100 cells and 1304241 reads
2020-08-27 19:41:05,846 - DEBUG - 0 reads not considered because fully enclosed in repeat masked regions
2020-08-27 19:41:40,683 - DEBUG - Counting for batch 3, containing 100 cells and 1549395 reads
2020-08-27 19:42:32,964 - DEBUG - 0 reads not considered because fully enclosed in repeat masked regions
2020-08-27 19:43:04,540 - DEBUG - Counting for batch 4, containing 100 cells and 1253162 reads
2020-08-27 19:43:46,308 - DEBUG - 0 reads not considered because fully enclosed in repeat masked regions
2020-08-27 19:44:18,625 - DEBUG - Counting for batch 5, containing 100 cells and 1344381 reads
2020-08-27 19:45:03,790 - DEBUG - 0 reads not considered because fully enclosed in repeat masked regions
2020-08-27 19:45:27,046 - DEBUG - Read first 20 million reads
2020-08-27 19:45:32,703 - DEBUG - Counting for batch 6, containing 100 cells and 1262305 reads
2020-08-27 19:46:15,131 - DEBUG - 0 reads not considered because fully enclosed in repeat masked regions
2020-08-27 19:46:43,251 - DEBUG - Counting for batch 7, containing 100 cells and 1061829 reads
2020-08-27 19:47:20,091 - DEBUG - 0 reads not considered because fully enclosed in repeat masked regions
2020-08-27 19:47:49,644 - DEBUG - Counting for batch 8, containing 100 cells and 1259856 reads
2020-08-27 19:48:32,101 - DEBUG - 0 reads not considered because fully enclosed in repeat masked regions
2020-08-27 19:49:00,908 - DEBUG - Counting for batch 9, containing 100 cells and 1159611 reads
2020-08-27 19:49:40,123 - DEBUG - 0 reads not considered because fully enclosed in repeat masked regions
2020-08-27 19:50:02,205 - DEBUG - Read first 30 million reads
2020-08-27 19:50:10,467 - DEBUG - Counting for batch 10, containing 100 cells and 1268986 reads
2020-08-27 19:50:53,952 - DEBUG - 0 reads not considered because fully enclosed in repeat masked regions
2020-08-27 19:51:26,576 - DEBUG - Counting for batch 11, containing 100 cells and 1375170 reads
2020-08-27 19:52:12,298 - DEBUG - 0 reads not considered because fully enclosed in repeat masked regions
2020-08-27 19:52:47,023 - DEBUG - Counting for batch 12, containing 100 cells and 1461217 reads
2020-08-27 19:53:36,239 - DEBUG - 0 reads not considered because fully enclosed in repeat masked regions
2020-08-27 19:54:08,912 - DEBUG - Counting for batch 13, containing 100 cells and 1296653 reads
2020-08-27 19:54:52,460 - DEBUG - 0 reads not considered because fully enclosed in repeat masked regions
2020-08-27 19:55:08,847 - DEBUG - Read first 40 million reads
2020-08-27 19:55:20,364 - DEBUG - Counting for batch 14, containing 100 cells and 1149958 reads
2020-08-27 19:55:59,722 - DEBUG - 0 reads not considered because fully enclosed in repeat masked regions
2020-08-27 19:56:29,335 - DEBUG - Counting for batch 15, containing 100 cells and 1124407 reads
2020-08-27 19:57:09,534 - DEBUG - 0 reads not considered because fully enclosed in repeat masked regions
2020-08-27 19:57:32,787 - DEBUG - Counting for batch 16, containing 100 cells and 1024566 reads
2020-08-27 19:58:08,819 - DEBUG - 0 reads not considered because fully enclosed in repeat masked regions
2020-08-27 19:58:37,521 - DEBUG - Counting for batch 17, containing 100 cells and 1196014 reads
2020-08-27 19:59:18,901 - DEBUG - 0 reads not considered because fully enclosed in repeat masked regions
2020-08-27 19:59:38,216 - DEBUG - Read first 50 million reads
2020-08-27 19:59:44,396 - DEBUG - Counting for batch 18, containing 100 cells and 1126451 reads
2020-08-27 20:00:23,979 - DEBUG - 0 reads not considered because fully enclosed in repeat masked regions
2020-08-27 20:00:52,673 - DEBUG - Counting for batch 19, containing 100 cells and 1274653 reads
2020-08-27 20:01:36,574 - DEBUG - 0 reads not considered because fully enclosed in repeat masked regions
2020-08-27 20:02:10,092 - DEBUG - Counting for batch 20, containing 100 cells and 1346121 reads
2020-08-27 20:02:56,226 - DEBUG - 0 reads not considered because fully enclosed in repeat masked regions
2020-08-27 20:03:26,669 - DEBUG - Counting for batch 21, containing 100 cells and 1203228 reads
2020-08-27 20:04:08,388 - DEBUG - 0 reads not considered because fully enclosed in repeat masked regions
2020-08-27 20:04:25,267 - DEBUG - Read first 60 million reads
2020-08-27 20:04:38,032 - DEBUG - Counting for batch 22, containing 100 cells and 1303114 reads
2020-08-27 20:05:22,819 - DEBUG - 0 reads not considered because fully enclosed in repeat masked regions
2020-08-27 20:05:52,252 - DEBUG - Counting for batch 23, containing 100 cells and 1233743 reads
2020-08-27 20:06:35,141 - DEBUG - 0 reads not considered because fully enclosed in repeat masked regions
2020-08-27 20:07:04,649 - DEBUG - Counting for batch 24, containing 100 cells and 1276749 reads
2020-08-27 20:07:48,157 - DEBUG - 0 reads not considered because fully enclosed in repeat masked regions
2020-08-27 20:08:15,536 - DEBUG - Counting for batch 25, containing 100 cells and 1083818 reads
2020-08-27 20:08:53,549 - DEBUG - 0 reads not considered because fully enclosed in repeat masked regions
2020-08-27 20:09:05,208 - DEBUG - Read first 70 million reads
2020-08-27 20:09:23,618 - DEBUG - Counting for batch 26, containing 100 cells and 1451537 reads
2020-08-27 20:10:15,060 - DEBUG - 0 reads not considered because fully enclosed in repeat masked regions
2020-08-27 20:10:41,182 - DEBUG - Counting for batch 27, containing 100 cells and 1037918 reads
2020-08-27 20:11:15,281 - DEBUG - 0 reads not considered because fully enclosed in repeat masked regions
2020-08-27 20:11:43,039 - DEBUG - Counting for batch 28, containing 100 cells and 1212037 reads
2020-08-27 20:12:23,780 - DEBUG - 0 reads not considered because fully enclosed in repeat masked regions
2020-08-27 20:12:54,670 - DEBUG - Counting for batch 29, containing 100 cells and 1362515 reads
2020-08-27 20:13:40,108 - DEBUG - 0 reads not considered because fully enclosed in repeat masked regions
2020-08-27 20:13:53,320 - DEBUG - Read first 80 million reads
2020-08-27 20:14:12,871 - DEBUG - Counting for batch 30, containing 100 cells and 1186005 reads
2020-08-27 20:14:54,017 - DEBUG - 0 reads not considered because fully enclosed in repeat masked regions
2020-08-27 20:15:21,697 - DEBUG - Counting for batch 31, containing 100 cells and 1322115 reads
2020-08-27 20:16:08,544 - DEBUG - 0 reads not considered because fully enclosed in repeat masked regions
2020-08-27 20:16:34,874 - DEBUG - Counting for batch 32, containing 100 cells and 1090684 reads
2020-08-27 20:17:13,750 - DEBUG - 0 reads not considered because fully enclosed in repeat masked regions
2020-08-27 20:17:43,130 - DEBUG - Counting for batch 33, containing 100 cells and 1440239 reads
2020-08-27 20:18:31,863 - DEBUG - 0 reads not considered because fully enclosed in repeat masked regions
2020-08-27 20:18:43,479 - DEBUG - Read first 90 million reads
2020-08-27 20:19:02,182 - DEBUG - Counting for batch 34, containing 100 cells and 1242256 reads
2020-08-27 20:19:43,698 - DEBUG - 0 reads not considered because fully enclosed in repeat masked regions
2020-08-27 20:20:15,346 - DEBUG - Counting for batch 35, containing 100 cells and 1302474 reads
2020-08-27 20:20:58,554 - DEBUG - 0 reads not considered because fully enclosed in repeat masked regions
2020-08-27 20:21:28,798 - DEBUG - Counting for batch 36, containing 100 cells and 1229237 reads
2020-08-27 20:22:11,043 - DEBUG - 0 reads not considered because fully enclosed in repeat masked regions
2020-08-27 20:22:37,031 - DEBUG - Read first 100 million reads
2020-08-27 20:22:43,705 - DEBUG - Counting for batch 37, containing 100 cells and 1456834 reads
2020-08-27 20:23:31,635 - DEBUG - 0 reads not considered because fully enclosed in repeat masked regions
2020-08-27 20:24:01,269 - DEBUG - Counting for batch 38, containing 100 cells and 1155075 reads
2020-08-27 20:24:40,874 - DEBUG - 0 reads not considered because fully enclosed in repeat masked regions
2020-08-27 20:25:08,713 - DEBUG - Counting for batch 39, containing 100 cells and 1068501 reads
2020-08-27 20:25:45,067 - DEBUG - 0 reads not considered because fully enclosed in repeat masked regions
2020-08-27 20:26:00,544 - DEBUG - Counting for batch 40, containing 41 cells and 449772 reads
2020-08-27 20:26:15,426 - DEBUG - 0 reads not considered because fully enclosed in repeat masked regions
2020-08-27 20:26:18,693 - DEBUG - 2358715 reads were skipped because no apropiate cell or umi barcode was found
2020-08-27 20:26:18,694 - DEBUG - Counting done!
2020-08-27 20:26:18,722 - DEBUG - Generating output file /net/isi-dcnl/ifs/user_data/abild/Megatron_data/COH057/feline_p29_40_mRNA/cell_ranger/FEL031_S/velocyto/FEL031_S.loom
2020-08-27 20:26:18,722 - DEBUG - Collecting row attributes
2020-08-27 20:26:18,819 - DEBUG - Generating data table
2020-08-27 20:26:20,553 - DEBUG - Writing loom file
2020-08-27 20:26:28,673 - DEBUG - Terminated Succesfully!
Start: 1598581162
End: 1598585190
Run time: 4028
Done
