CPU: 16
N: 49
Step1: Analyze spliced and unspliced reads and genrate a loom file for velocityR
Run velocyto to generate loom file
2020-08-27 18:40:06,388 - DEBUG - Using logic: Default
2020-08-27 18:40:06,429 - INFO - Read 6764 cell barcodes from /net/isi-dcnl/ifs/user_data/abild/Megatron_data/COH055/FEL025028.mRNA/cell_ranger/FEL028_S/outs/filtered_feature_bc_matrix/barcodes.tsv.gz
2020-08-27 18:40:06,429 - DEBUG - Example of barcode: AAACCCAAGCAATAGT and cell_id: FEL028_S:AAACCCAAGCAATAGT-1
2020-08-27 18:40:06,445 - DEBUG - Peeking into /net/isi-dcnl/ifs/user_data/abild/Megatron_data/COH055/FEL025028.mRNA/cell_ranger/FEL028_S/outs/possorted_genome_bam.bam
2020-08-27 18:40:06,563 - WARNING - Not found cell and umi barcode in entry 4 of the bam file
2020-08-27 18:40:06,564 - WARNING - Not found cell and umi barcode in entry 86 of the bam file
2020-08-27 18:40:06,564 - WARNING - Not found cell and umi barcode in entry 192 of the bam file
2020-08-27 18:40:06,564 - WARNING - Not found cell and umi barcode in entry 193 of the bam file
2020-08-27 18:40:06,565 - WARNING - Not found cell and umi barcode in entry 307 of the bam file
2020-08-27 18:40:06,565 - WARNING - Not found cell and umi barcode in entry 499 of the bam file
2020-08-27 18:40:06,565 - WARNING - Not found cell and umi barcode in entry 500 of the bam file
2020-08-27 18:40:06,566 - WARNING - Not found cell and umi barcode in entry 705 of the bam file
2020-08-27 18:40:06,566 - WARNING - Not found cell and umi barcode in entry 761 of the bam file
2020-08-27 18:40:06,566 - WARNING - Not found cell and umi barcode in entry 898 of the bam file
2020-08-27 18:40:06,567 - WARNING - Not found cell and umi barcode in entry 966 of the bam file
2020-08-27 18:40:06,567 - WARNING - Not found cell and umi barcode in entry 967 of the bam file
2020-08-27 18:40:06,567 - WARNING - Not found cell and umi barcode in entry 968 of the bam file
2020-08-27 18:40:06,567 - WARNING - Not found cell and umi barcode in entry 987 of the bam file
2020-08-27 18:40:06,572 - WARNING - The file /net/isi-dcnl/ifs/user_data/abild/Megatron_data/COH055/FEL025028.mRNA/cell_ranger/FEL028_S/outs/cellsorted_possorted_genome_bam.bam already exists. The sorting step will be skipped and the existing file will be used.
2020-08-27 18:40:06,572 - INFO - Load the annotation from /net/isi-dcnl/ifs/user_data/abild/Genomes/refdata-cellranger-GRCh38-3.0.0/genes/genes.gtf
2020-08-27 18:40:14,260 - DEBUG - Parsing Chromosome 1 strand - [line 0]
2020-08-27 18:40:14,895 - DEBUG - Done with 1- [line 108728]
2020-08-27 18:40:14,896 - DEBUG - Assigning indexes to genes
2020-08-27 18:40:14,905 - DEBUG - Seen 1561 genes until now
2020-08-27 18:40:14,905 - DEBUG - Parsing Chromosome 1 strand + [line 108729]
2020-08-27 18:40:15,658 - DEBUG - Done with 1+ [line 232515]
2020-08-27 18:40:15,658 - DEBUG - Assigning indexes to genes
2020-08-27 18:40:15,669 - DEBUG - Seen 3154 genes until now
2020-08-27 18:40:15,669 - DEBUG - Parsing Chromosome 10 strand - [line 232516]
2020-08-27 18:40:16,086 - DEBUG - Done with 10- [line 279343]
2020-08-27 18:40:16,086 - DEBUG - Assigning indexes to genes
2020-08-27 18:40:16,089 - DEBUG - Seen 3737 genes until now
2020-08-27 18:40:16,089 - DEBUG - Parsing Chromosome 10 strand + [line 279344]
2020-08-27 18:40:16,277 - DEBUG - Done with 10+ [line 323872]
2020-08-27 18:40:16,277 - DEBUG - Assigning indexes to genes
2020-08-27 18:40:16,280 - DEBUG - Seen 4384 genes until now
2020-08-27 18:40:16,280 - DEBUG - Parsing Chromosome 11 strand - [line 323873]
2020-08-27 18:40:16,846 - DEBUG - Done with 11- [line 402908]
2020-08-27 18:40:16,846 - DEBUG - Assigning indexes to genes
2020-08-27 18:40:16,853 - DEBUG - Seen 5320 genes until now
2020-08-27 18:40:16,853 - DEBUG - Parsing Chromosome 11 strand + [line 402909]
2020-08-27 18:40:17,182 - DEBUG - Done with 11+ [line 482591]
2020-08-27 18:40:17,182 - DEBUG - Assigning indexes to genes
2020-08-27 18:40:17,189 - DEBUG - Seen 6305 genes until now
2020-08-27 18:40:17,189 - DEBUG - Parsing Chromosome 12 strand - [line 482592]
2020-08-27 18:40:17,780 - DEBUG - Done with 12- [line 559278]
2020-08-27 18:40:17,780 - DEBUG - Assigning indexes to genes
2020-08-27 18:40:17,786 - DEBUG - Seen 7177 genes until now
2020-08-27 18:40:17,787 - DEBUG - Parsing Chromosome 12 strand + [line 559279]
2020-08-27 18:40:18,102 - DEBUG - Done with 12+ [line 635173]
2020-08-27 18:40:18,102 - DEBUG - Assigning indexes to genes
2020-08-27 18:40:18,108 - DEBUG - Seen 8070 genes until now
2020-08-27 18:40:18,108 - DEBUG - Parsing Chromosome 13 strand - [line 635174]
2020-08-27 18:40:18,186 - DEBUG - Done with 13- [line 653523]
2020-08-27 18:40:18,186 - DEBUG - Assigning indexes to genes
2020-08-27 18:40:18,188 - DEBUG - Seen 8400 genes until now
2020-08-27 18:40:18,188 - DEBUG - Parsing Chromosome 13 strand + [line 653524]
2020-08-27 18:40:18,572 - DEBUG - Done with 13+ [line 673091]
2020-08-27 18:40:18,572 - DEBUG - Assigning indexes to genes
2020-08-27 18:40:18,573 - DEBUG - Seen 8736 genes until now
2020-08-27 18:40:18,573 - DEBUG - Parsing Chromosome 14 strand - [line 673092]
2020-08-27 18:40:18,755 - DEBUG - Done with 14- [line 716831]
2020-08-27 18:40:18,755 - DEBUG - Assigning indexes to genes
2020-08-27 18:40:18,759 - DEBUG - Seen 9452 genes until now
2020-08-27 18:40:18,759 - DEBUG - Parsing Chromosome 14 strand + [line 716832]
2020-08-27 18:40:18,959 - DEBUG - Done with 14+ [line 764942]
2020-08-27 18:40:18,959 - DEBUG - Assigning indexes to genes
2020-08-27 18:40:18,962 - DEBUG - Seen 10121 genes until now
2020-08-27 18:40:18,962 - DEBUG - Parsing Chromosome 15 strand - [line 764943]
2020-08-27 18:40:19,170 - DEBUG - Done with 15- [line 813803]
2020-08-27 18:40:19,170 - DEBUG - Assigning indexes to genes
2020-08-27 18:40:19,174 - DEBUG - Seen 10698 genes until now
2020-08-27 18:40:19,174 - DEBUG - Parsing Chromosome 15 strand + [line 813804]
2020-08-27 18:40:19,357 - DEBUG - Done with 15+ [line 857859]
2020-08-27 18:40:19,357 - DEBUG - Assigning indexes to genes
2020-08-27 18:40:19,361 - DEBUG - Seen 11256 genes until now
2020-08-27 18:40:19,361 - DEBUG - Parsing Chromosome 16 strand - [line 857860]
2020-08-27 18:40:19,913 - DEBUG - Done with 16- [line 911118]
2020-08-27 18:40:19,914 - DEBUG - Assigning indexes to genes
2020-08-27 18:40:19,919 - DEBUG - Seen 11998 genes until now
2020-08-27 18:40:19,919 - DEBUG - Parsing Chromosome 16 strand + [line 911119]
2020-08-27 18:40:20,211 - DEBUG - Done with 16+ [line 981663]
2020-08-27 18:40:20,211 - DEBUG - Assigning indexes to genes
2020-08-27 18:40:20,216 - DEBUG - Seen 12787 genes until now
2020-08-27 18:40:20,216 - DEBUG - Parsing Chromosome 17 strand - [line 981664]
2020-08-27 18:40:20,573 - DEBUG - Done with 17- [line 1066635]
2020-08-27 18:40:20,573 - DEBUG - Assigning indexes to genes
2020-08-27 18:40:20,580 - DEBUG - Seen 13775 genes until now
2020-08-27 18:40:20,580 - DEBUG - Parsing Chromosome 17 strand + [line 1066636]
2020-08-27 18:40:21,271 - DEBUG - Done with 17+ [line 1143834]
2020-08-27 18:40:21,272 - DEBUG - Assigning indexes to genes
2020-08-27 18:40:21,279 - DEBUG - Seen 14681 genes until now
2020-08-27 18:40:21,280 - DEBUG - Parsing Chromosome 18 strand - [line 1143835]
2020-08-27 18:40:21,384 - DEBUG - Done with 18- [line 1168496]
2020-08-27 18:40:21,384 - DEBUG - Assigning indexes to genes
2020-08-27 18:40:21,386 - DEBUG - Seen 15006 genes until now
2020-08-27 18:40:21,386 - DEBUG - Parsing Chromosome 18 strand + [line 1168497]
2020-08-27 18:40:21,474 - DEBUG - Done with 18+ [line 1189691]
2020-08-27 18:40:21,474 - DEBUG - Assigning indexes to genes
2020-08-27 18:40:21,475 - DEBUG - Seen 15343 genes until now
2020-08-27 18:40:21,475 - DEBUG - Parsing Chromosome 19 strand - [line 1189692]
2020-08-27 18:40:21,799 - DEBUG - Done with 19- [line 1268854]
2020-08-27 18:40:21,800 - DEBUG - Assigning indexes to genes
2020-08-27 18:40:21,806 - DEBUG - Seen 16352 genes until now
2020-08-27 18:40:21,806 - DEBUG - Parsing Chromosome 19 strand + [line 1268855]
2020-08-27 18:40:22,140 - DEBUG - Done with 19+ [line 1351833]
2020-08-27 18:40:22,140 - DEBUG - Assigning indexes to genes
2020-08-27 18:40:22,147 - DEBUG - Seen 17347 genes until now
2020-08-27 18:40:22,147 - DEBUG - Parsing Chromosome 2 strand - [line 1351834]
2020-08-27 18:40:22,562 - DEBUG - Done with 2- [line 1448710]
2020-08-27 18:40:22,562 - DEBUG - Assigning indexes to genes
2020-08-27 18:40:22,569 - DEBUG - Seen 18472 genes until now
2020-08-27 18:40:22,570 - DEBUG - Parsing Chromosome 2 strand + [line 1448711]
2020-08-27 18:40:23,400 - DEBUG - Done with 2+ [line 1542602]
2020-08-27 18:40:23,401 - DEBUG - Assigning indexes to genes
2020-08-27 18:40:23,409 - DEBUG - Seen 19632 genes until now
2020-08-27 18:40:23,409 - DEBUG - Parsing Chromosome 20 strand - [line 1542603]
2020-08-27 18:40:23,520 - DEBUG - Done with 20- [line 1569195]
2020-08-27 18:40:23,520 - DEBUG - Assigning indexes to genes
2020-08-27 18:40:23,522 - DEBUG - Seen 20079 genes until now
2020-08-27 18:40:23,522 - DEBUG - Parsing Chromosome 20 strand + [line 1569196]
2020-08-27 18:40:23,651 - DEBUG - Done with 20+ [line 1600541]
2020-08-27 18:40:23,651 - DEBUG - Assigning indexes to genes
2020-08-27 18:40:23,653 - DEBUG - Seen 20527 genes until now
2020-08-27 18:40:23,654 - DEBUG - Parsing Chromosome 21 strand - [line 1600542]
2020-08-27 18:40:23,712 - DEBUG - Done with 21- [line 1614106]
2020-08-27 18:40:23,712 - DEBUG - Assigning indexes to genes
2020-08-27 18:40:23,713 - DEBUG - Seen 20795 genes until now
2020-08-27 18:40:23,713 - DEBUG - Parsing Chromosome 21 strand + [line 1614107]
2020-08-27 18:40:23,775 - DEBUG - Done with 21+ [line 1628392]
2020-08-27 18:40:23,775 - DEBUG - Assigning indexes to genes
2020-08-27 18:40:23,777 - DEBUG - Seen 21029 genes until now
2020-08-27 18:40:23,777 - DEBUG - Parsing Chromosome 22 strand - [line 1628393]
2020-08-27 18:40:23,883 - DEBUG - Done with 22- [line 1653805]
2020-08-27 18:40:23,883 - DEBUG - Assigning indexes to genes
2020-08-27 18:40:23,885 - DEBUG - Seen 21391 genes until now
2020-08-27 18:40:23,885 - DEBUG - Parsing Chromosome 22 strand + [line 1653806]
2020-08-27 18:40:24,011 - DEBUG - Done with 22+ [line 1684245]
2020-08-27 18:40:24,011 - DEBUG - Assigning indexes to genes
2020-08-27 18:40:24,016 - DEBUG - Seen 21866 genes until now
2020-08-27 18:40:24,016 - DEBUG - Parsing Chromosome 3 strand - [line 1684246]
2020-08-27 18:40:24,352 - DEBUG - Done with 3- [line 1763939]
2020-08-27 18:40:24,353 - DEBUG - Assigning indexes to genes
2020-08-27 18:40:24,359 - DEBUG - Seen 22713 genes until now
2020-08-27 18:40:24,359 - DEBUG - Parsing Chromosome 3 strand + [line 1763940]
2020-08-27 18:40:24,695 - DEBUG - Done with 3+ [line 1844840]
2020-08-27 18:40:24,696 - DEBUG - Assigning indexes to genes
2020-08-27 18:40:24,702 - DEBUG - Seen 23585 genes until now
2020-08-27 18:40:24,702 - DEBUG - Parsing Chromosome 4 strand - [line 1844841]
2020-08-27 18:40:25,431 - DEBUG - Done with 4- [line 1898665]
2020-08-27 18:40:25,431 - DEBUG - Assigning indexes to genes
2020-08-27 18:40:25,436 - DEBUG - Seen 24246 genes until now
2020-08-27 18:40:25,436 - DEBUG - Parsing Chromosome 4 strand + [line 1898666]
2020-08-27 18:40:25,638 - DEBUG - Done with 4+ [line 1947617]
2020-08-27 18:40:25,639 - DEBUG - Assigning indexes to genes
2020-08-27 18:40:25,642 - DEBUG - Seen 24938 genes until now
2020-08-27 18:40:25,642 - DEBUG - Parsing Chromosome 5 strand - [line 1947618]
2020-08-27 18:40:25,869 - DEBUG - Done with 5- [line 2001140]
2020-08-27 18:40:25,869 - DEBUG - Assigning indexes to genes
2020-08-27 18:40:25,873 - DEBUG - Seen 25741 genes until now
2020-08-27 18:40:25,873 - DEBUG - Parsing Chromosome 5 strand + [line 2001141]
2020-08-27 18:40:26,128 - DEBUG - Done with 5+ [line 2062165]
2020-08-27 18:40:26,128 - DEBUG - Assigning indexes to genes
2020-08-27 18:40:26,133 - DEBUG - Seen 26599 genes until now
2020-08-27 18:40:26,133 - DEBUG - Parsing Chromosome 6 strand - [line 2062166]
2020-08-27 18:40:26,380 - DEBUG - Done with 6- [line 2121425]
2020-08-27 18:40:26,380 - DEBUG - Assigning indexes to genes
2020-08-27 18:40:26,385 - DEBUG - Seen 27435 genes until now
2020-08-27 18:40:26,385 - DEBUG - Parsing Chromosome 6 strand + [line 2121426]
2020-08-27 18:40:26,605 - DEBUG - Done with 6+ [line 2176078]
2020-08-27 18:40:26,606 - DEBUG - Assigning indexes to genes
2020-08-27 18:40:26,610 - DEBUG - Seen 28231 genes until now
2020-08-27 18:40:26,610 - DEBUG - Parsing Chromosome 7 strand - [line 2176079]
2020-08-27 18:40:26,852 - DEBUG - Done with 7- [line 2233605]
2020-08-27 18:40:26,852 - DEBUG - Assigning indexes to genes
2020-08-27 18:40:26,856 - DEBUG - Seen 28953 genes until now
2020-08-27 18:40:26,856 - DEBUG - Parsing Chromosome 7 strand + [line 2233606]
2020-08-27 18:40:27,112 - DEBUG - Done with 7+ [line 2295513]
2020-08-27 18:40:27,112 - DEBUG - Assigning indexes to genes
2020-08-27 18:40:27,117 - DEBUG - Seen 29770 genes until now
2020-08-27 18:40:27,117 - DEBUG - Parsing Chromosome 8 strand - [line 2295514]
2020-08-27 18:40:27,315 - DEBUG - Done with 8- [line 2343289]
2020-08-27 18:40:27,315 - DEBUG - Assigning indexes to genes
2020-08-27 18:40:27,319 - DEBUG - Seen 30442 genes until now
2020-08-27 18:40:27,319 - DEBUG - Parsing Chromosome 8 strand + [line 2343290]
2020-08-27 18:40:27,510 - DEBUG - Done with 8+ [line 2386793]
2020-08-27 18:40:27,510 - DEBUG - Assigning indexes to genes
2020-08-27 18:40:27,514 - DEBUG - Seen 31090 genes until now
2020-08-27 18:40:27,514 - DEBUG - Parsing Chromosome 9 strand - [line 2386794]
2020-08-27 18:40:28,284 - DEBUG - Done with 9- [line 2430389]
2020-08-27 18:40:28,285 - DEBUG - Assigning indexes to genes
2020-08-27 18:40:28,288 - DEBUG - Seen 31710 genes until now
2020-08-27 18:40:28,288 - DEBUG - Parsing Chromosome 9 strand + [line 2430390]
2020-08-27 18:40:28,483 - DEBUG - Done with 9+ [line 2477312]
2020-08-27 18:40:28,483 - DEBUG - Assigning indexes to genes
2020-08-27 18:40:28,487 - DEBUG - Seen 32318 genes until now
2020-08-27 18:40:28,487 - DEBUG - Parsing Chromosome GL000009.2 strand - [line 2477313]
2020-08-27 18:40:28,487 - DEBUG - Done with GL000009.2- [line 2477320]
2020-08-27 18:40:28,487 - DEBUG - Assigning indexes to genes
2020-08-27 18:40:28,487 - DEBUG - Seen 32319 genes until now
2020-08-27 18:40:28,487 - DEBUG - Parsing Chromosome GL000194.1 strand - [line 2477321]
2020-08-27 18:40:28,487 - DEBUG - Done with GL000194.1- [line 2477346]
2020-08-27 18:40:28,487 - DEBUG - Assigning indexes to genes
2020-08-27 18:40:28,487 - DEBUG - Seen 32321 genes until now
2020-08-27 18:40:28,487 - DEBUG - Parsing Chromosome GL000195.1 strand - [line 2477347]
2020-08-27 18:40:28,487 - DEBUG - Done with GL000195.1- [line 2477356]
2020-08-27 18:40:28,487 - DEBUG - Assigning indexes to genes
2020-08-27 18:40:28,487 - DEBUG - Seen 32322 genes until now
2020-08-27 18:40:28,487 - DEBUG - Parsing Chromosome GL000195.1 strand + [line 2477357]
2020-08-27 18:40:28,487 - DEBUG - Done with GL000195.1+ [line 2477370]
2020-08-27 18:40:28,488 - DEBUG - Assigning indexes to genes
2020-08-27 18:40:28,488 - DEBUG - Seen 32323 genes until now
2020-08-27 18:40:28,488 - DEBUG - Parsing Chromosome GL000205.2 strand - [line 2477371]
2020-08-27 18:40:28,488 - DEBUG - Done with GL000205.2- [line 2477384]
2020-08-27 18:40:28,488 - DEBUG - Assigning indexes to genes
2020-08-27 18:40:28,488 - DEBUG - Seen 32324 genes until now
2020-08-27 18:40:28,488 - DEBUG - Parsing Chromosome GL000213.1 strand - [line 2477385]
2020-08-27 18:40:28,488 - DEBUG - Done with GL000213.1- [line 2477433]
2020-08-27 18:40:28,488 - DEBUG - Assigning indexes to genes
2020-08-27 18:40:28,488 - DEBUG - Seen 32325 genes until now
2020-08-27 18:40:28,488 - DEBUG - Parsing Chromosome GL000218.1 strand - [line 2477434]
2020-08-27 18:40:28,488 - DEBUG - Done with GL000218.1- [line 2477441]
2020-08-27 18:40:28,488 - DEBUG - Assigning indexes to genes
2020-08-27 18:40:28,488 - DEBUG - Seen 32326 genes until now
2020-08-27 18:40:28,488 - DEBUG - Parsing Chromosome GL000219.1 strand - [line 2477442]
2020-08-27 18:40:28,488 - DEBUG - Done with GL000219.1- [line 2477453]
2020-08-27 18:40:28,488 - DEBUG - Assigning indexes to genes
2020-08-27 18:40:28,488 - DEBUG - Seen 32327 genes until now
2020-08-27 18:40:28,488 - DEBUG - Parsing Chromosome KI270711.1 strand - [line 2477454]
2020-08-27 18:40:28,489 - DEBUG - Done with KI270711.1- [line 2477604]
2020-08-27 18:40:28,489 - DEBUG - Assigning indexes to genes
2020-08-27 18:40:28,489 - DEBUG - Seen 32328 genes until now
2020-08-27 18:40:28,489 - DEBUG - Parsing Chromosome KI270713.1 strand - [line 2477605]
2020-08-27 18:40:28,489 - DEBUG - Done with KI270713.1- [line 2477612]
2020-08-27 18:40:28,489 - DEBUG - Assigning indexes to genes
2020-08-27 18:40:28,489 - DEBUG - Seen 32329 genes until now
2020-08-27 18:40:28,489 - DEBUG - Parsing Chromosome KI270713.1 strand + [line 2477613]
2020-08-27 18:40:28,489 - DEBUG - Done with KI270713.1+ [line 2477618]
2020-08-27 18:40:28,490 - DEBUG - Assigning indexes to genes
2020-08-27 18:40:28,490 - DEBUG - Seen 32330 genes until now
2020-08-27 18:40:28,490 - DEBUG - Parsing Chromosome KI270721.1 strand + [line 2477619]
2020-08-27 18:40:28,490 - DEBUG - Done with KI270721.1+ [line 2477634]
2020-08-27 18:40:28,490 - DEBUG - Assigning indexes to genes
2020-08-27 18:40:28,490 - DEBUG - Seen 32331 genes until now
2020-08-27 18:40:28,490 - DEBUG - Parsing Chromosome KI270726.1 strand + [line 2477635]
2020-08-27 18:40:28,490 - DEBUG - Done with KI270726.1+ [line 2477645]
2020-08-27 18:40:28,490 - DEBUG - Assigning indexes to genes
2020-08-27 18:40:28,490 - DEBUG - Seen 32333 genes until now
2020-08-27 18:40:28,490 - DEBUG - Parsing Chromosome KI270727.1 strand - [line 2477646]
2020-08-27 18:40:28,490 - DEBUG - Done with KI270727.1- [line 2477704]
2020-08-27 18:40:28,490 - DEBUG - Assigning indexes to genes
2020-08-27 18:40:28,490 - DEBUG - Seen 32335 genes until now
2020-08-27 18:40:28,490 - DEBUG - Parsing Chromosome KI270727.1 strand + [line 2477705]
2020-08-27 18:40:28,490 - DEBUG - Done with KI270727.1+ [line 2477719]
2020-08-27 18:40:28,490 - DEBUG - Assigning indexes to genes
2020-08-27 18:40:28,491 - DEBUG - Seen 32337 genes until now
2020-08-27 18:40:28,491 - DEBUG - Parsing Chromosome KI270728.1 strand - [line 2477720]
2020-08-27 18:40:28,491 - DEBUG - Done with KI270728.1- [line 2477796]
2020-08-27 18:40:28,491 - DEBUG - Assigning indexes to genes
2020-08-27 18:40:28,491 - DEBUG - Seen 32339 genes until now
2020-08-27 18:40:28,491 - DEBUG - Parsing Chromosome KI270728.1 strand + [line 2477797]
2020-08-27 18:40:28,491 - DEBUG - Done with KI270728.1+ [line 2477833]
2020-08-27 18:40:28,491 - DEBUG - Assigning indexes to genes
2020-08-27 18:40:28,491 - DEBUG - Seen 32343 genes until now
2020-08-27 18:40:28,491 - DEBUG - Parsing Chromosome KI270731.1 strand - [line 2477834]
2020-08-27 18:40:28,491 - DEBUG - Done with KI270731.1- [line 2477840]
2020-08-27 18:40:28,491 - DEBUG - Assigning indexes to genes
2020-08-27 18:40:28,491 - DEBUG - Seen 32344 genes until now
2020-08-27 18:40:28,491 - DEBUG - Parsing Chromosome KI270734.1 strand - [line 2477841]
2020-08-27 18:40:28,492 - DEBUG - Done with KI270734.1- [line 2477909]
2020-08-27 18:40:28,492 - DEBUG - Assigning indexes to genes
2020-08-27 18:40:28,492 - DEBUG - Seen 32345 genes until now
2020-08-27 18:40:28,492 - DEBUG - Parsing Chromosome KI270734.1 strand + [line 2477910]
2020-08-27 18:40:28,492 - DEBUG - Done with KI270734.1+ [line 2477932]
2020-08-27 18:40:28,492 - DEBUG - Assigning indexes to genes
2020-08-27 18:40:28,492 - DEBUG - Seen 32347 genes until now
2020-08-27 18:40:28,492 - DEBUG - Parsing Chromosome MT strand - [line 2477933]
2020-08-27 18:40:28,492 - DEBUG - Done with MT- [line 2477938]
2020-08-27 18:40:28,492 - DEBUG - Assigning indexes to genes
2020-08-27 18:40:28,492 - DEBUG - Seen 32348 genes until now
2020-08-27 18:40:28,492 - DEBUG - Parsing Chromosome MT strand + [line 2477939]
2020-08-27 18:40:28,492 - DEBUG - Done with MT+ [line 2478004]
2020-08-27 18:40:28,492 - DEBUG - Assigning indexes to genes
2020-08-27 18:40:28,493 - DEBUG - Seen 32360 genes until now
2020-08-27 18:40:28,493 - DEBUG - Parsing Chromosome X strand - [line 2478005]
2020-08-27 18:40:28,659 - DEBUG - Done with X- [line 2518937]
2020-08-27 18:40:28,659 - DEBUG - Assigning indexes to genes
2020-08-27 18:40:28,662 - DEBUG - Seen 32876 genes until now
2020-08-27 18:40:28,662 - DEBUG - Parsing Chromosome X strand + [line 2518938]
2020-08-27 18:40:28,828 - DEBUG - Done with X+ [line 2560301]
2020-08-27 18:40:28,828 - DEBUG - Assigning indexes to genes
2020-08-27 18:40:28,831 - DEBUG - Seen 33438 genes until now
2020-08-27 18:40:28,831 - DEBUG - Parsing Chromosome Y strand - [line 2560302]
2020-08-27 18:40:28,840 - DEBUG - Done with Y- [line 2562446]
2020-08-27 18:40:28,840 - DEBUG - Assigning indexes to genes
2020-08-27 18:40:28,841 - DEBUG - Seen 33485 genes until now
2020-08-27 18:40:28,841 - DEBUG - Parsing Chromosome Y strand + [line 2562447]
2020-08-27 18:40:28,851 - DEBUG - Assigning indexes to genes
2020-08-27 18:40:28,851 - DEBUG - Done with Y+ [line 2565059]
2020-08-27 18:40:28,851 - DEBUG - Fixing corner cases of transcript models containg intron longer than 1000Kbp
2020-08-27 18:40:30,583 - DEBUG - Generated 2165800 features corresponding to 172912 transcript models from /net/isi-dcnl/ifs/user_data/abild/Genomes/refdata-cellranger-GRCh38-3.0.0/genes/genes.gtf
2020-08-27 18:40:30,612 - INFO - Scan /net/isi-dcnl/ifs/user_data/abild/Megatron_data/COH055/FEL025028.mRNA/cell_ranger/FEL028_S/outs/possorted_genome_bam.bam to validate intron intervals
2020-08-27 18:40:34,523 - DEBUG - Reading /net/isi-dcnl/ifs/user_data/abild/Megatron_data/COH055/FEL025028.mRNA/cell_ranger/FEL028_S/outs/possorted_genome_bam.bam
2020-08-27 18:40:34,539 - DEBUG - Read first 0 million reads
2020-08-27 18:40:34,539 - DEBUG - Marking up chromosome 1
2020-08-27 18:41:59,969 - DEBUG - Read first 10 million reads
2020-08-27 18:42:24,879 - DEBUG - Marking up chromosome 10
2020-08-27 18:43:08,581 - DEBUG - Marking up chromosome 11
2020-08-27 18:43:38,888 - DEBUG - Read first 20 million reads
2020-08-27 18:44:54,230 - DEBUG - Marking up chromosome 12
2020-08-27 18:45:20,529 - DEBUG - Read first 30 million reads
2020-08-27 18:45:49,555 - DEBUG - Marking up chromosome 13
2020-08-27 18:46:06,330 - DEBUG - Marking up chromosome 14
2020-08-27 18:46:41,298 - DEBUG - Marking up chromosome 15
2020-08-27 18:46:55,645 - DEBUG - Read first 40 million reads
2020-08-27 18:47:24,243 - DEBUG - Marking up chromosome 16
2020-08-27 18:48:22,598 - DEBUG - Marking up chromosome 17
2020-08-27 18:48:27,329 - DEBUG - Read first 50 million reads
2020-08-27 18:49:31,189 - DEBUG - Marking up chromosome 18
2020-08-27 18:49:52,564 - DEBUG - Marking up chromosome 19
2020-08-27 18:50:04,736 - DEBUG - Read first 60 million reads
2020-08-27 18:50:52,999 - DEBUG - Marking up chromosome 2
2020-08-27 18:51:35,381 - DEBUG - Read first 70 million reads
2020-08-27 18:52:09,375 - DEBUG - Marking up chromosome 20
2020-08-27 18:52:33,129 - DEBUG - Marking up chromosome 21
2020-08-27 18:52:41,650 - DEBUG - Read first 80 million reads
2020-08-27 18:53:03,166 - DEBUG - Read first 90 million reads
2020-08-27 18:53:17,912 - DEBUG - Marking up chromosome 22
2020-08-27 18:53:47,139 - DEBUG - Marking up chromosome 3
2020-08-27 18:54:37,916 - DEBUG - Read first 100 million reads
2020-08-27 18:54:58,293 - DEBUG - Marking up chromosome 4
2020-08-27 18:55:35,553 - DEBUG - Marking up chromosome 5
2020-08-27 18:56:10,148 - DEBUG - Read first 110 million reads
2020-08-27 18:56:30,501 - DEBUG - Marking up chromosome 6
2020-08-27 18:57:32,010 - DEBUG - Marking up chromosome 7
2020-08-27 18:57:43,478 - DEBUG - Read first 120 million reads
2020-08-27 18:58:29,057 - DEBUG - Marking up chromosome 8
2020-08-27 18:59:11,412 - DEBUG - Marking up chromosome 9
2020-08-27 18:59:14,671 - DEBUG - Read first 130 million reads
2020-08-27 18:59:46,619 - DEBUG - Marking up chromosome MT
2020-08-27 18:59:58,174 - DEBUG - Marking up chromosome X
2020-08-27 19:00:26,184 - DEBUG - Marking up chromosome Y
2020-08-27 19:00:26,320 - DEBUG - Marking up chromosome KI270728.1
2020-08-27 19:00:26,324 - DEBUG - Marking up chromosome KI270727.1
2020-08-27 19:00:26,328 - DEBUG - Marking up chromosome KI270442.1
2020-08-27 19:00:26,328 - WARNING - The .bam file refers to a chromosome 'KI270442.1+' not present in the annotation (.gtf) file
2020-08-27 19:00:26,328 - WARNING - The .bam file refers to a chromosome 'KI270442.1-' not present in the annotation (.gtf) file
2020-08-27 19:00:26,335 - DEBUG - Marking up chromosome KI270729.1
2020-08-27 19:00:26,335 - WARNING - The .bam file refers to a chromosome 'KI270729.1+' not present in the annotation (.gtf) file
2020-08-27 19:00:26,335 - WARNING - The .bam file refers to a chromosome 'KI270729.1-' not present in the annotation (.gtf) file
2020-08-27 19:00:26,335 - DEBUG - Marking up chromosome GL000225.1
2020-08-27 19:00:26,335 - WARNING - The .bam file refers to a chromosome 'GL000225.1+' not present in the annotation (.gtf) file
2020-08-27 19:00:26,335 - WARNING - The .bam file refers to a chromosome 'GL000225.1-' not present in the annotation (.gtf) file
2020-08-27 19:00:26,336 - DEBUG - Marking up chromosome KI270743.1
2020-08-27 19:00:26,336 - WARNING - The .bam file refers to a chromosome 'KI270743.1+' not present in the annotation (.gtf) file
2020-08-27 19:00:26,336 - WARNING - The .bam file refers to a chromosome 'KI270743.1-' not present in the annotation (.gtf) file
2020-08-27 19:00:26,348 - DEBUG - Marking up chromosome GL000008.2
2020-08-27 19:00:26,348 - WARNING - The .bam file refers to a chromosome 'GL000008.2+' not present in the annotation (.gtf) file
2020-08-27 19:00:26,349 - WARNING - The .bam file refers to a chromosome 'GL000008.2-' not present in the annotation (.gtf) file
2020-08-27 19:00:26,362 - DEBUG - Marking up chromosome GL000009.2
2020-08-27 19:00:26,362 - WARNING - The .bam file refers to a chromosome 'GL000009.2+' not present in the annotation (.gtf) file
2020-08-27 19:00:26,505 - DEBUG - Marking up chromosome KI270722.1
2020-08-27 19:00:26,505 - WARNING - The .bam file refers to a chromosome 'KI270722.1+' not present in the annotation (.gtf) file
2020-08-27 19:00:26,505 - WARNING - The .bam file refers to a chromosome 'KI270722.1-' not present in the annotation (.gtf) file
2020-08-27 19:00:26,509 - DEBUG - Marking up chromosome GL000194.1
2020-08-27 19:00:26,509 - WARNING - The .bam file refers to a chromosome 'GL000194.1+' not present in the annotation (.gtf) file
2020-08-27 19:00:26,563 - DEBUG - Marking up chromosome KI270742.1
2020-08-27 19:00:26,563 - WARNING - The .bam file refers to a chromosome 'KI270742.1+' not present in the annotation (.gtf) file
2020-08-27 19:00:26,563 - WARNING - The .bam file refers to a chromosome 'KI270742.1-' not present in the annotation (.gtf) file
2020-08-27 19:00:26,576 - DEBUG - Marking up chromosome GL000205.2
2020-08-27 19:00:26,576 - WARNING - The .bam file refers to a chromosome 'GL000205.2+' not present in the annotation (.gtf) file
2020-08-27 19:00:26,605 - DEBUG - Marking up chromosome GL000195.1
2020-08-27 19:00:26,670 - DEBUG - Marking up chromosome KI270736.1
2020-08-27 19:00:26,670 - WARNING - The .bam file refers to a chromosome 'KI270736.1+' not present in the annotation (.gtf) file
2020-08-27 19:00:26,670 - WARNING - The .bam file refers to a chromosome 'KI270736.1-' not present in the annotation (.gtf) file
2020-08-27 19:00:26,670 - DEBUG - Marking up chromosome KI270733.1
2020-08-27 19:00:26,670 - WARNING - The .bam file refers to a chromosome 'KI270733.1+' not present in the annotation (.gtf) file
2020-08-27 19:00:26,670 - WARNING - The .bam file refers to a chromosome 'KI270733.1-' not present in the annotation (.gtf) file
2020-08-27 19:00:28,090 - DEBUG - Read first 140 million reads
2020-08-27 19:00:42,612 - DEBUG - Marking up chromosome GL000224.1
2020-08-27 19:00:42,613 - WARNING - The .bam file refers to a chromosome 'GL000224.1+' not present in the annotation (.gtf) file
2020-08-27 19:00:42,613 - WARNING - The .bam file refers to a chromosome 'GL000224.1-' not present in the annotation (.gtf) file
2020-08-27 19:00:42,623 - DEBUG - Marking up chromosome GL000219.1
2020-08-27 19:00:42,623 - WARNING - The .bam file refers to a chromosome 'GL000219.1+' not present in the annotation (.gtf) file
2020-08-27 19:00:42,701 - DEBUG - Marking up chromosome KI270719.1
2020-08-27 19:00:42,701 - WARNING - The .bam file refers to a chromosome 'KI270719.1+' not present in the annotation (.gtf) file
2020-08-27 19:00:42,701 - WARNING - The .bam file refers to a chromosome 'KI270719.1-' not present in the annotation (.gtf) file
2020-08-27 19:00:42,707 - DEBUG - Marking up chromosome GL000216.2
2020-08-27 19:00:42,707 - WARNING - The .bam file refers to a chromosome 'GL000216.2+' not present in the annotation (.gtf) file
2020-08-27 19:00:42,707 - WARNING - The .bam file refers to a chromosome 'GL000216.2-' not present in the annotation (.gtf) file
2020-08-27 19:00:42,707 - DEBUG - Marking up chromosome KI270712.1
2020-08-27 19:00:42,707 - WARNING - The .bam file refers to a chromosome 'KI270712.1+' not present in the annotation (.gtf) file
2020-08-27 19:00:42,707 - WARNING - The .bam file refers to a chromosome 'KI270712.1-' not present in the annotation (.gtf) file
2020-08-27 19:00:42,713 - DEBUG - Marking up chromosome KI270706.1
2020-08-27 19:00:42,713 - WARNING - The .bam file refers to a chromosome 'KI270706.1+' not present in the annotation (.gtf) file
2020-08-27 19:00:42,713 - WARNING - The .bam file refers to a chromosome 'KI270706.1-' not present in the annotation (.gtf) file
2020-08-27 19:00:42,765 - DEBUG - Marking up chromosome KI270725.1
2020-08-27 19:00:42,765 - WARNING - The .bam file refers to a chromosome 'KI270725.1+' not present in the annotation (.gtf) file
2020-08-27 19:00:42,765 - WARNING - The .bam file refers to a chromosome 'KI270725.1-' not present in the annotation (.gtf) file
2020-08-27 19:00:42,765 - DEBUG - Marking up chromosome KI270744.1
2020-08-27 19:00:42,765 - WARNING - The .bam file refers to a chromosome 'KI270744.1+' not present in the annotation (.gtf) file
2020-08-27 19:00:42,765 - WARNING - The .bam file refers to a chromosome 'KI270744.1-' not present in the annotation (.gtf) file
2020-08-27 19:00:42,787 - DEBUG - Marking up chromosome KI270734.1
2020-08-27 19:00:42,797 - DEBUG - Marking up chromosome GL000213.1
2020-08-27 19:00:42,797 - WARNING - The .bam file refers to a chromosome 'GL000213.1+' not present in the annotation (.gtf) file
2020-08-27 19:00:42,800 - DEBUG - Marking up chromosome GL000220.1
2020-08-27 19:00:42,800 - WARNING - The .bam file refers to a chromosome 'GL000220.1+' not present in the annotation (.gtf) file
2020-08-27 19:00:42,800 - WARNING - The .bam file refers to a chromosome 'GL000220.1-' not present in the annotation (.gtf) file
2020-08-27 19:00:48,974 - DEBUG - Read first 150 million reads
2020-08-27 19:00:59,008 - DEBUG - Marking up chromosome KI270715.1
2020-08-27 19:00:59,009 - WARNING - The .bam file refers to a chromosome 'KI270715.1+' not present in the annotation (.gtf) file
2020-08-27 19:00:59,009 - WARNING - The .bam file refers to a chromosome 'KI270715.1-' not present in the annotation (.gtf) file
2020-08-27 19:00:59,009 - DEBUG - Marking up chromosome GL000218.1
2020-08-27 19:00:59,009 - WARNING - The .bam file refers to a chromosome 'GL000218.1+' not present in the annotation (.gtf) file
2020-08-27 19:00:59,042 - DEBUG - Marking up chromosome KI270749.1
2020-08-27 19:00:59,042 - WARNING - The .bam file refers to a chromosome 'KI270749.1+' not present in the annotation (.gtf) file
2020-08-27 19:00:59,042 - WARNING - The .bam file refers to a chromosome 'KI270749.1-' not present in the annotation (.gtf) file
2020-08-27 19:00:59,045 - DEBUG - Marking up chromosome KI270741.1
2020-08-27 19:00:59,045 - WARNING - The .bam file refers to a chromosome 'KI270741.1+' not present in the annotation (.gtf) file
2020-08-27 19:00:59,045 - WARNING - The .bam file refers to a chromosome 'KI270741.1-' not present in the annotation (.gtf) file
2020-08-27 19:00:59,049 - DEBUG - Marking up chromosome GL000221.1
2020-08-27 19:00:59,049 - WARNING - The .bam file refers to a chromosome 'GL000221.1+' not present in the annotation (.gtf) file
2020-08-27 19:00:59,049 - WARNING - The .bam file refers to a chromosome 'GL000221.1-' not present in the annotation (.gtf) file
2020-08-27 19:00:59,060 - DEBUG - Marking up chromosome KI270731.1
2020-08-27 19:00:59,060 - WARNING - The .bam file refers to a chromosome 'KI270731.1+' not present in the annotation (.gtf) file
2020-08-27 19:00:59,071 - DEBUG - Marking up chromosome KI270751.1
2020-08-27 19:00:59,071 - WARNING - The .bam file refers to a chromosome 'KI270751.1+' not present in the annotation (.gtf) file
2020-08-27 19:00:59,071 - WARNING - The .bam file refers to a chromosome 'KI270751.1-' not present in the annotation (.gtf) file
2020-08-27 19:00:59,075 - DEBUG - Marking up chromosome KI270519.1
2020-08-27 19:00:59,075 - WARNING - The .bam file refers to a chromosome 'KI270519.1+' not present in the annotation (.gtf) file
2020-08-27 19:00:59,075 - WARNING - The .bam file refers to a chromosome 'KI270519.1-' not present in the annotation (.gtf) file
2020-08-27 19:00:59,077 - DEBUG - Marking up chromosome GL000214.1
2020-08-27 19:00:59,077 - WARNING - The .bam file refers to a chromosome 'GL000214.1+' not present in the annotation (.gtf) file
2020-08-27 19:00:59,077 - WARNING - The .bam file refers to a chromosome 'GL000214.1-' not present in the annotation (.gtf) file
2020-08-27 19:00:59,085 - DEBUG - Marking up chromosome KI270708.1
2020-08-27 19:00:59,085 - WARNING - The .bam file refers to a chromosome 'KI270708.1+' not present in the annotation (.gtf) file
2020-08-27 19:00:59,085 - WARNING - The .bam file refers to a chromosome 'KI270708.1-' not present in the annotation (.gtf) file
2020-08-27 19:00:59,085 - DEBUG - Marking up chromosome KI270438.1
2020-08-27 19:00:59,085 - WARNING - The .bam file refers to a chromosome 'KI270438.1+' not present in the annotation (.gtf) file
2020-08-27 19:00:59,085 - WARNING - The .bam file refers to a chromosome 'KI270438.1-' not present in the annotation (.gtf) file
2020-08-27 19:00:59,086 - DEBUG - Marking up chromosome KI270737.1
2020-08-27 19:00:59,086 - WARNING - The .bam file refers to a chromosome 'KI270737.1+' not present in the annotation (.gtf) file
2020-08-27 19:00:59,086 - WARNING - The .bam file refers to a chromosome 'KI270737.1-' not present in the annotation (.gtf) file
2020-08-27 19:00:59,086 - DEBUG - Marking up chromosome KI270721.1
2020-08-27 19:00:59,086 - WARNING - The .bam file refers to a chromosome 'KI270721.1-' not present in the annotation (.gtf) file
2020-08-27 19:00:59,096 - DEBUG - Marking up chromosome KI270738.1
2020-08-27 19:00:59,097 - WARNING - The .bam file refers to a chromosome 'KI270738.1+' not present in the annotation (.gtf) file
2020-08-27 19:00:59,097 - WARNING - The .bam file refers to a chromosome 'KI270738.1-' not present in the annotation (.gtf) file
2020-08-27 19:00:59,097 - DEBUG - Marking up chromosome KI270748.1
2020-08-27 19:00:59,097 - WARNING - The .bam file refers to a chromosome 'KI270748.1+' not present in the annotation (.gtf) file
2020-08-27 19:00:59,097 - WARNING - The .bam file refers to a chromosome 'KI270748.1-' not present in the annotation (.gtf) file
2020-08-27 19:00:59,099 - DEBUG - Marking up chromosome KI270435.1
2020-08-27 19:00:59,099 - WARNING - The .bam file refers to a chromosome 'KI270435.1+' not present in the annotation (.gtf) file
2020-08-27 19:00:59,099 - WARNING - The .bam file refers to a chromosome 'KI270435.1-' not present in the annotation (.gtf) file
2020-08-27 19:00:59,100 - DEBUG - Marking up chromosome GL000208.1
2020-08-27 19:00:59,100 - WARNING - The .bam file refers to a chromosome 'GL000208.1+' not present in the annotation (.gtf) file
2020-08-27 19:00:59,100 - WARNING - The .bam file refers to a chromosome 'GL000208.1-' not present in the annotation (.gtf) file
2020-08-27 19:00:59,100 - DEBUG - Marking up chromosome KI270739.1
2020-08-27 19:00:59,100 - WARNING - The .bam file refers to a chromosome 'KI270739.1+' not present in the annotation (.gtf) file
2020-08-27 19:00:59,100 - WARNING - The .bam file refers to a chromosome 'KI270739.1-' not present in the annotation (.gtf) file
2020-08-27 19:00:59,100 - DEBUG - Marking up chromosome KI270757.1
2020-08-27 19:00:59,100 - WARNING - The .bam file refers to a chromosome 'KI270757.1+' not present in the annotation (.gtf) file
2020-08-27 19:00:59,100 - WARNING - The .bam file refers to a chromosome 'KI270757.1-' not present in the annotation (.gtf) file
2020-08-27 19:00:59,101 - DEBUG - Marking up chromosome KI270709.1
2020-08-27 19:00:59,101 - WARNING - The .bam file refers to a chromosome 'KI270709.1+' not present in the annotation (.gtf) file
2020-08-27 19:00:59,101 - WARNING - The .bam file refers to a chromosome 'KI270709.1-' not present in the annotation (.gtf) file
2020-08-27 19:00:59,102 - DEBUG - Marking up chromosome KI270753.1
2020-08-27 19:00:59,102 - WARNING - The .bam file refers to a chromosome 'KI270753.1+' not present in the annotation (.gtf) file
2020-08-27 19:00:59,102 - WARNING - The .bam file refers to a chromosome 'KI270753.1-' not present in the annotation (.gtf) file
2020-08-27 19:00:59,102 - DEBUG - Marking up chromosome KI270589.1
2020-08-27 19:00:59,102 - WARNING - The .bam file refers to a chromosome 'KI270589.1+' not present in the annotation (.gtf) file
2020-08-27 19:00:59,102 - WARNING - The .bam file refers to a chromosome 'KI270589.1-' not present in the annotation (.gtf) file
2020-08-27 19:00:59,102 - DEBUG - Marking up chromosome KI270726.1
2020-08-27 19:00:59,102 - WARNING - The .bam file refers to a chromosome 'KI270726.1-' not present in the annotation (.gtf) file
2020-08-27 19:00:59,102 - DEBUG - Marking up chromosome KI270735.1
2020-08-27 19:00:59,103 - WARNING - The .bam file refers to a chromosome 'KI270735.1+' not present in the annotation (.gtf) file
2020-08-27 19:00:59,103 - WARNING - The .bam file refers to a chromosome 'KI270735.1-' not present in the annotation (.gtf) file
2020-08-27 19:00:59,104 - DEBUG - Marking up chromosome KI270711.1
2020-08-27 19:00:59,104 - WARNING - The .bam file refers to a chromosome 'KI270711.1+' not present in the annotation (.gtf) file
2020-08-27 19:00:59,118 - DEBUG - Marking up chromosome KI270745.1
2020-08-27 19:00:59,119 - WARNING - The .bam file refers to a chromosome 'KI270745.1+' not present in the annotation (.gtf) file
2020-08-27 19:00:59,119 - WARNING - The .bam file refers to a chromosome 'KI270745.1-' not present in the annotation (.gtf) file
2020-08-27 19:00:59,125 - DEBUG - Marking up chromosome KI270714.1
2020-08-27 19:00:59,125 - WARNING - The .bam file refers to a chromosome 'KI270714.1+' not present in the annotation (.gtf) file
2020-08-27 19:00:59,125 - WARNING - The .bam file refers to a chromosome 'KI270714.1-' not present in the annotation (.gtf) file
2020-08-27 19:00:59,126 - DEBUG - Marking up chromosome KI270732.1
2020-08-27 19:00:59,126 - WARNING - The .bam file refers to a chromosome 'KI270732.1+' not present in the annotation (.gtf) file
2020-08-27 19:00:59,126 - WARNING - The .bam file refers to a chromosome 'KI270732.1-' not present in the annotation (.gtf) file
2020-08-27 19:00:59,126 - DEBUG - Marking up chromosome KI270713.1
2020-08-27 19:00:59,128 - DEBUG - Marking up chromosome KI270710.1
2020-08-27 19:00:59,128 - WARNING - The .bam file refers to a chromosome 'KI270710.1+' not present in the annotation (.gtf) file
2020-08-27 19:00:59,128 - WARNING - The .bam file refers to a chromosome 'KI270710.1-' not present in the annotation (.gtf) file
2020-08-27 19:00:59,129 - DEBUG - Marking up chromosome KI270717.1
2020-08-27 19:00:59,129 - WARNING - The .bam file refers to a chromosome 'KI270717.1+' not present in the annotation (.gtf) file
2020-08-27 19:00:59,129 - WARNING - The .bam file refers to a chromosome 'KI270717.1-' not present in the annotation (.gtf) file
2020-08-27 19:00:59,130 - DEBUG - Marking up chromosome KI270724.1
2020-08-27 19:00:59,130 - WARNING - The .bam file refers to a chromosome 'KI270724.1+' not present in the annotation (.gtf) file
2020-08-27 19:00:59,130 - WARNING - The .bam file refers to a chromosome 'KI270724.1-' not present in the annotation (.gtf) file
2020-08-27 19:00:59,134 - DEBUG - Marking up chromosome KI270720.1
2020-08-27 19:00:59,134 - WARNING - The .bam file refers to a chromosome 'KI270720.1+' not present in the annotation (.gtf) file
2020-08-27 19:00:59,134 - WARNING - The .bam file refers to a chromosome 'KI270720.1-' not present in the annotation (.gtf) file
2020-08-27 19:00:59,135 - DEBUG - Marking up chromosome KI270723.1
2020-08-27 19:00:59,135 - WARNING - The .bam file refers to a chromosome 'KI270723.1+' not present in the annotation (.gtf) file
2020-08-27 19:00:59,135 - WARNING - The .bam file refers to a chromosome 'KI270723.1-' not present in the annotation (.gtf) file
2020-08-27 19:00:59,138 - DEBUG - Marking up chromosome KI270718.1
2020-08-27 19:00:59,138 - WARNING - The .bam file refers to a chromosome 'KI270718.1+' not present in the annotation (.gtf) file
2020-08-27 19:00:59,138 - WARNING - The .bam file refers to a chromosome 'KI270718.1-' not present in the annotation (.gtf) file
2020-08-27 19:00:59,163 - DEBUG - Marking up chromosome KI270755.1
2020-08-27 19:00:59,163 - WARNING - The .bam file refers to a chromosome 'KI270755.1+' not present in the annotation (.gtf) file
2020-08-27 19:00:59,163 - WARNING - The .bam file refers to a chromosome 'KI270755.1-' not present in the annotation (.gtf) file
2020-08-27 19:00:59,163 - DEBUG - Marking up chromosome KI270707.1
2020-08-27 19:00:59,163 - WARNING - The .bam file refers to a chromosome 'KI270707.1+' not present in the annotation (.gtf) file
2020-08-27 19:00:59,163 - WARNING - The .bam file refers to a chromosome 'KI270707.1-' not present in the annotation (.gtf) file
2020-08-27 19:00:59,168 - DEBUG - Marking up chromosome KI270584.1
2020-08-27 19:00:59,168 - WARNING - The .bam file refers to a chromosome 'KI270584.1+' not present in the annotation (.gtf) file
2020-08-27 19:00:59,168 - WARNING - The .bam file refers to a chromosome 'KI270584.1-' not present in the annotation (.gtf) file
2020-08-27 19:00:59,168 - DEBUG - Marking up chromosome KI270418.1
2020-08-27 19:00:59,168 - WARNING - The .bam file refers to a chromosome 'KI270418.1+' not present in the annotation (.gtf) file
2020-08-27 19:00:59,168 - WARNING - The .bam file refers to a chromosome 'KI270418.1-' not present in the annotation (.gtf) file
2020-08-27 19:00:59,169 - DEBUG - Marking up chromosome KI270424.1
2020-08-27 19:00:59,169 - WARNING - The .bam file refers to a chromosome 'KI270424.1+' not present in the annotation (.gtf) file
2020-08-27 19:00:59,169 - WARNING - The .bam file refers to a chromosome 'KI270424.1-' not present in the annotation (.gtf) file
2020-08-27 19:00:59,169 - DEBUG - Marking up chromosome KI270330.1
2020-08-27 19:00:59,169 - WARNING - The .bam file refers to a chromosome 'KI270330.1+' not present in the annotation (.gtf) file
2020-08-27 19:00:59,169 - WARNING - The .bam file refers to a chromosome 'KI270330.1-' not present in the annotation (.gtf) file
2020-08-27 19:00:59,169 - DEBUG - Marking up chromosome KI270580.1
2020-08-27 19:00:59,170 - WARNING - The .bam file refers to a chromosome 'KI270580.1+' not present in the annotation (.gtf) file
2020-08-27 19:00:59,170 - WARNING - The .bam file refers to a chromosome 'KI270580.1-' not present in the annotation (.gtf) file
2020-08-27 19:00:59,170 - DEBUG - Marking up chromosome KI270583.1
2020-08-27 19:00:59,170 - WARNING - The .bam file refers to a chromosome 'KI270583.1+' not present in the annotation (.gtf) file
2020-08-27 19:00:59,170 - WARNING - The .bam file refers to a chromosome 'KI270583.1-' not present in the annotation (.gtf) file
2020-08-27 19:01:09,542 - DEBUG - Read first 160 million reads
2020-08-27 19:01:11,549 - DEBUG - End of file. Reset index: start scanning from initial position.
2020-08-27 19:01:11,549 - DEBUG - 3875784 reads were skipped because no apropiate cell or umi barcode was found
2020-08-27 19:01:11,549 - DEBUG - Start molecule counting!
2020-08-27 19:01:15,633 - DEBUG - Features available for chromosomes : ['1-', '1+', '10-', '10+', '11-', '11+', '12-', '12+', '13-', '13+', '14-', '14+', '15-', '15+', '16-', '16+', '17-', '17+', '18-', '18+', '19-', '19+', '2-', '2+', '20-', '20+', '21-', '21+', '22-', '22+', '3-', '3+', '4-', '4+', '5-', '5+', '6-', '6+', '7-', '7+', '8-', '8+', '9-', '9+', 'GL000009.2-', 'GL000194.1-', 'GL000195.1-', 'GL000195.1+', 'GL000205.2-', 'GL000213.1-', 'GL000218.1-', 'GL000219.1-', 'KI270711.1-', 'KI270713.1-', 'KI270713.1+', 'KI270721.1+', 'KI270726.1+', 'KI270727.1-', 'KI270727.1+', 'KI270728.1-', 'KI270728.1+', 'KI270731.1-', 'KI270734.1-', 'KI270734.1+', 'MT-', 'MT+', 'X-', 'X+', 'Y-', 'Y+']
2020-08-27 19:01:15,633 - DEBUG - Mask available for chromosomes : []
2020-08-27 19:01:15,633 - DEBUG - Summarizing the results of intron validation.
2020-08-27 19:01:16,343 - DEBUG - Validated 489669 introns (of which unique intervals 156366) out of 996444 total possible introns (considering each possible transcript models).
2020-08-27 19:01:16,343 - DEBUG - Reading /net/isi-dcnl/ifs/user_data/abild/Megatron_data/COH055/FEL025028.mRNA/cell_ranger/FEL028_S/outs/cellsorted_possorted_genome_bam.bam
2020-08-27 19:01:16,384 - DEBUG - Read first 0 million reads
2020-08-27 19:01:45,276 - DEBUG - Read first 10 million reads
2020-08-27 19:02:07,604 - DEBUG - Counting for batch 1, containing 100 cells and 752706 reads
2020-08-27 19:02:34,116 - DEBUG - 0 reads not considered because fully enclosed in repeat masked regions
2020-08-27 19:02:56,702 - DEBUG - Counting for batch 2, containing 100 cells and 756629 reads
2020-08-27 19:03:24,778 - DEBUG - 0 reads not considered because fully enclosed in repeat masked regions
2020-08-27 19:03:46,175 - DEBUG - Counting for batch 3, containing 100 cells and 765599 reads
2020-08-27 19:04:14,536 - DEBUG - 0 reads not considered because fully enclosed in repeat masked regions
2020-08-27 19:04:22,977 - DEBUG - Read first 20 million reads
2020-08-27 19:04:34,885 - DEBUG - Counting for batch 4, containing 100 cells and 697107 reads
2020-08-27 19:04:59,471 - DEBUG - 0 reads not considered because fully enclosed in repeat masked regions
2020-08-27 19:05:20,673 - DEBUG - Counting for batch 5, containing 100 cells and 648282 reads
2020-08-27 19:05:45,816 - DEBUG - 0 reads not considered because fully enclosed in repeat masked regions
2020-08-27 19:06:05,303 - DEBUG - Counting for batch 6, containing 100 cells and 708452 reads
2020-08-27 19:06:32,357 - DEBUG - 0 reads not considered because fully enclosed in repeat masked regions
2020-08-27 19:06:50,854 - DEBUG - Counting for batch 7, containing 100 cells and 656785 reads
2020-08-27 19:07:14,552 - DEBUG - 0 reads not considered because fully enclosed in repeat masked regions
2020-08-27 19:07:30,119 - DEBUG - Read first 30 million reads
2020-08-27 19:07:34,394 - DEBUG - Counting for batch 8, containing 100 cells and 605560 reads
2020-08-27 19:07:56,691 - DEBUG - 0 reads not considered because fully enclosed in repeat masked regions
2020-08-27 19:08:17,337 - DEBUG - Counting for batch 9, containing 100 cells and 736863 reads
2020-08-27 19:08:45,306 - DEBUG - 0 reads not considered because fully enclosed in repeat masked regions
2020-08-27 19:09:05,415 - DEBUG - Counting for batch 10, containing 100 cells and 669610 reads
2020-08-27 19:09:31,420 - DEBUG - 0 reads not considered because fully enclosed in repeat masked regions
2020-08-27 19:09:50,504 - DEBUG - Counting for batch 11, containing 100 cells and 703944 reads
2020-08-27 19:10:17,419 - DEBUG - 0 reads not considered because fully enclosed in repeat masked regions
2020-08-27 19:10:35,878 - DEBUG - Counting for batch 12, containing 100 cells and 698275 reads
2020-08-27 19:11:03,673 - DEBUG - 0 reads not considered because fully enclosed in repeat masked regions
2020-08-27 19:11:12,929 - DEBUG - Read first 40 million reads
2020-08-27 19:11:23,489 - DEBUG - Counting for batch 13, containing 100 cells and 766899 reads
2020-08-27 19:11:55,133 - DEBUG - 0 reads not considered because fully enclosed in repeat masked regions
2020-08-27 19:12:15,151 - DEBUG - Counting for batch 14, containing 100 cells and 736197 reads
2020-08-27 19:12:41,270 - DEBUG - 0 reads not considered because fully enclosed in repeat masked regions
2020-08-27 19:13:04,100 - DEBUG - Counting for batch 15, containing 100 cells and 863436 reads
2020-08-27 19:13:34,853 - DEBUG - 0 reads not considered because fully enclosed in repeat masked regions
2020-08-27 19:13:56,820 - DEBUG - Counting for batch 16, containing 100 cells and 654235 reads
2020-08-27 19:14:20,678 - DEBUG - 0 reads not considered because fully enclosed in repeat masked regions
2020-08-27 19:14:38,676 - DEBUG - Read first 50 million reads
2020-08-27 19:14:41,240 - DEBUG - Counting for batch 17, containing 100 cells and 664749 reads
2020-08-27 19:15:07,323 - DEBUG - 0 reads not considered because fully enclosed in repeat masked regions
2020-08-27 19:15:26,609 - DEBUG - Counting for batch 18, containing 100 cells and 704048 reads
2020-08-27 19:15:53,607 - DEBUG - 0 reads not considered because fully enclosed in repeat masked regions
2020-08-27 19:16:14,082 - DEBUG - Counting for batch 19, containing 100 cells and 810529 reads
2020-08-27 19:16:44,017 - DEBUG - 0 reads not considered because fully enclosed in repeat masked regions
2020-08-27 19:17:06,816 - DEBUG - Counting for batch 20, containing 100 cells and 669754 reads
2020-08-27 19:17:30,901 - DEBUG - 0 reads not considered because fully enclosed in repeat masked regions
2020-08-27 19:17:51,445 - DEBUG - Counting for batch 21, containing 100 cells and 723028 reads
2020-08-27 19:18:18,684 - DEBUG - 0 reads not considered because fully enclosed in repeat masked regions
2020-08-27 19:18:27,408 - DEBUG - Read first 60 million reads
2020-08-27 19:18:38,145 - DEBUG - Counting for batch 22, containing 100 cells and 713293 reads
2020-08-27 19:19:05,591 - DEBUG - 0 reads not considered because fully enclosed in repeat masked regions
2020-08-27 19:19:23,760 - DEBUG - Counting for batch 23, containing 100 cells and 685489 reads
2020-08-27 19:19:50,236 - DEBUG - 0 reads not considered because fully enclosed in repeat masked regions
2020-08-27 19:20:10,096 - DEBUG - Counting for batch 24, containing 100 cells and 665758 reads
2020-08-27 19:20:36,127 - DEBUG - 0 reads not considered because fully enclosed in repeat masked regions
2020-08-27 19:20:55,527 - DEBUG - Counting for batch 25, containing 100 cells and 655885 reads
2020-08-27 19:21:20,977 - DEBUG - 0 reads not considered because fully enclosed in repeat masked regions
2020-08-27 19:21:39,036 - DEBUG - Read first 70 million reads
2020-08-27 19:21:41,535 - DEBUG - Counting for batch 26, containing 100 cells and 760603 reads
2020-08-27 19:22:10,106 - DEBUG - 0 reads not considered because fully enclosed in repeat masked regions
2020-08-27 19:22:28,872 - DEBUG - Counting for batch 27, containing 100 cells and 652089 reads
2020-08-27 19:22:54,348 - DEBUG - 0 reads not considered because fully enclosed in repeat masked regions
2020-08-27 19:23:14,982 - DEBUG - Counting for batch 28, containing 100 cells and 632897 reads
2020-08-27 19:23:38,016 - DEBUG - 0 reads not considered because fully enclosed in repeat masked regions
2020-08-27 19:23:57,132 - DEBUG - Counting for batch 29, containing 100 cells and 656412 reads
2020-08-27 19:24:22,846 - DEBUG - 0 reads not considered because fully enclosed in repeat masked regions
2020-08-27 19:24:43,991 - DEBUG - Counting for batch 30, containing 100 cells and 785385 reads
2020-08-27 19:25:13,716 - DEBUG - 0 reads not considered because fully enclosed in repeat masked regions
2020-08-27 19:25:23,298 - DEBUG - Read first 80 million reads
2020-08-27 19:25:32,761 - DEBUG - Counting for batch 31, containing 100 cells and 632614 reads
2020-08-27 19:25:57,598 - DEBUG - 0 reads not considered because fully enclosed in repeat masked regions
2020-08-27 19:26:15,104 - DEBUG - Counting for batch 32, containing 100 cells and 682847 reads
2020-08-27 19:26:41,142 - DEBUG - 0 reads not considered because fully enclosed in repeat masked regions
2020-08-27 19:27:01,728 - DEBUG - Counting for batch 33, containing 100 cells and 646074 reads
2020-08-27 19:27:24,905 - DEBUG - 0 reads not considered because fully enclosed in repeat masked regions
2020-08-27 19:27:47,204 - DEBUG - Counting for batch 34, containing 100 cells and 681379 reads
2020-08-27 19:28:13,741 - DEBUG - 0 reads not considered because fully enclosed in repeat masked regions
2020-08-27 19:28:29,621 - DEBUG - Read first 90 million reads
2020-08-27 19:28:34,406 - DEBUG - Counting for batch 35, containing 100 cells and 709238 reads
2020-08-27 19:28:59,910 - DEBUG - 0 reads not considered because fully enclosed in repeat masked regions
2020-08-27 19:29:21,253 - DEBUG - Counting for batch 36, containing 100 cells and 720605 reads
2020-08-27 19:29:49,188 - DEBUG - 0 reads not considered because fully enclosed in repeat masked regions
2020-08-27 19:30:07,943 - DEBUG - Counting for batch 37, containing 100 cells and 648145 reads
2020-08-27 19:30:31,842 - DEBUG - 0 reads not considered because fully enclosed in repeat masked regions
2020-08-27 19:30:50,582 - DEBUG - Counting for batch 38, containing 100 cells and 685199 reads
2020-08-27 19:31:17,166 - DEBUG - 0 reads not considered because fully enclosed in repeat masked regions
2020-08-27 19:31:35,222 - DEBUG - Counting for batch 39, containing 100 cells and 618451 reads
2020-08-27 19:31:58,024 - DEBUG - 0 reads not considered because fully enclosed in repeat masked regions
2020-08-27 19:32:12,707 - DEBUG - Read first 100 million reads
2020-08-27 19:32:19,565 - DEBUG - Counting for batch 40, containing 100 cells and 754975 reads
2020-08-27 19:32:47,872 - DEBUG - 0 reads not considered because fully enclosed in repeat masked regions
2020-08-27 19:33:06,681 - DEBUG - Counting for batch 41, containing 100 cells and 628531 reads
2020-08-27 19:33:28,992 - DEBUG - 0 reads not considered because fully enclosed in repeat masked regions
2020-08-27 19:33:50,474 - DEBUG - Counting for batch 42, containing 100 cells and 719080 reads
2020-08-27 19:34:17,389 - DEBUG - 0 reads not considered because fully enclosed in repeat masked regions
2020-08-27 19:34:37,205 - DEBUG - Counting for batch 43, containing 100 cells and 654512 reads
2020-08-27 19:35:00,603 - DEBUG - 0 reads not considered because fully enclosed in repeat masked regions
2020-08-27 19:35:19,821 - DEBUG - Counting for batch 44, containing 100 cells and 637369 reads
2020-08-27 19:35:44,832 - DEBUG - 0 reads not considered because fully enclosed in repeat masked regions
2020-08-27 19:35:52,974 - DEBUG - Read first 110 million reads
2020-08-27 19:36:01,922 - DEBUG - Counting for batch 45, containing 100 cells and 613289 reads
2020-08-27 19:36:24,374 - DEBUG - 0 reads not considered because fully enclosed in repeat masked regions
2020-08-27 19:36:45,904 - DEBUG - Counting for batch 46, containing 100 cells and 696994 reads
2020-08-27 19:37:10,981 - DEBUG - 0 reads not considered because fully enclosed in repeat masked regions
2020-08-27 19:37:29,613 - DEBUG - Counting for batch 47, containing 100 cells and 610237 reads
2020-08-27 19:37:53,567 - DEBUG - 0 reads not considered because fully enclosed in repeat masked regions
2020-08-27 19:38:10,623 - DEBUG - Counting for batch 48, containing 100 cells and 609967 reads
2020-08-27 19:38:34,644 - DEBUG - 0 reads not considered because fully enclosed in repeat masked regions
2020-08-27 19:38:52,013 - DEBUG - Counting for batch 49, containing 100 cells and 630813 reads
2020-08-27 19:39:14,446 - DEBUG - 0 reads not considered because fully enclosed in repeat masked regions
2020-08-27 19:39:23,449 - DEBUG - Read first 120 million reads
2020-08-27 19:39:34,850 - DEBUG - Counting for batch 50, containing 100 cells and 735291 reads
2020-08-27 19:40:02,713 - DEBUG - 0 reads not considered because fully enclosed in repeat masked regions
2020-08-27 19:40:22,850 - DEBUG - Counting for batch 51, containing 100 cells and 678043 reads
2020-08-27 19:40:48,969 - DEBUG - 0 reads not considered because fully enclosed in repeat masked regions
2020-08-27 19:41:09,177 - DEBUG - Counting for batch 52, containing 100 cells and 749524 reads
2020-08-27 19:41:37,113 - DEBUG - 0 reads not considered because fully enclosed in repeat masked regions
2020-08-27 19:41:57,704 - DEBUG - Counting for batch 53, containing 100 cells and 610653 reads
2020-08-27 19:42:19,990 - DEBUG - 0 reads not considered because fully enclosed in repeat masked regions
2020-08-27 19:42:36,437 - DEBUG - Read first 130 million reads
2020-08-27 19:42:41,471 - DEBUG - Counting for batch 54, containing 100 cells and 707392 reads
2020-08-27 19:43:06,733 - DEBUG - 0 reads not considered because fully enclosed in repeat masked regions
2020-08-27 19:43:29,402 - DEBUG - Counting for batch 55, containing 100 cells and 623845 reads
2020-08-27 19:43:54,561 - DEBUG - 0 reads not considered because fully enclosed in repeat masked regions
2020-08-27 19:44:13,083 - DEBUG - Counting for batch 56, containing 100 cells and 701530 reads
2020-08-27 19:44:40,191 - DEBUG - 0 reads not considered because fully enclosed in repeat masked regions
2020-08-27 19:44:58,855 - DEBUG - Counting for batch 57, containing 100 cells and 676700 reads
2020-08-27 19:45:23,219 - DEBUG - 0 reads not considered because fully enclosed in repeat masked regions
2020-08-27 19:45:45,016 - DEBUG - Counting for batch 58, containing 100 cells and 707717 reads
2020-08-27 19:46:10,626 - DEBUG - 0 reads not considered because fully enclosed in repeat masked regions
2020-08-27 19:46:17,896 - DEBUG - Read first 140 million reads
2020-08-27 19:46:31,043 - DEBUG - Counting for batch 59, containing 100 cells and 620406 reads
2020-08-27 19:46:53,642 - DEBUG - 0 reads not considered because fully enclosed in repeat masked regions
2020-08-27 19:47:14,599 - DEBUG - Counting for batch 60, containing 100 cells and 720052 reads
2020-08-27 19:47:42,188 - DEBUG - 0 reads not considered because fully enclosed in repeat masked regions
2020-08-27 19:48:01,707 - DEBUG - Counting for batch 61, containing 100 cells and 727708 reads
2020-08-27 19:48:29,606 - DEBUG - 0 reads not considered because fully enclosed in repeat masked regions
2020-08-27 19:48:52,431 - DEBUG - Counting for batch 62, containing 100 cells and 897183 reads
2020-08-27 19:49:22,237 - DEBUG - 0 reads not considered because fully enclosed in repeat masked regions
2020-08-27 19:49:40,406 - DEBUG - Read first 150 million reads
2020-08-27 19:49:46,664 - DEBUG - Counting for batch 63, containing 100 cells and 685583 reads
2020-08-27 19:50:12,850 - DEBUG - 0 reads not considered because fully enclosed in repeat masked regions
2020-08-27 19:50:33,612 - DEBUG - Counting for batch 64, containing 100 cells and 696961 reads
2020-08-27 19:50:58,704 - DEBUG - 0 reads not considered because fully enclosed in repeat masked regions
2020-08-27 19:51:17,321 - DEBUG - Counting for batch 65, containing 100 cells and 624536 reads
2020-08-27 19:51:41,768 - DEBUG - 0 reads not considered because fully enclosed in repeat masked regions
2020-08-27 19:52:01,302 - DEBUG - Counting for batch 66, containing 100 cells and 635266 reads
2020-08-27 19:52:24,424 - DEBUG - 0 reads not considered because fully enclosed in repeat masked regions
2020-08-27 19:52:44,305 - DEBUG - Counting for batch 67, containing 100 cells and 629238 reads
2020-08-27 19:53:07,431 - DEBUG - 0 reads not considered because fully enclosed in repeat masked regions
2020-08-27 19:53:16,315 - DEBUG - Read first 160 million reads
2020-08-27 19:53:23,377 - DEBUG - Counting for batch 68, containing 64 cells and 478390 reads
2020-08-27 19:53:42,042 - DEBUG - 0 reads not considered because fully enclosed in repeat masked regions
2020-08-27 19:53:46,134 - DEBUG - 3875784 reads were skipped because no apropiate cell or umi barcode was found
2020-08-27 19:53:46,135 - DEBUG - Counting done!
2020-08-27 19:53:46,168 - DEBUG - Generating output file /net/isi-dcnl/ifs/user_data/abild/Megatron_data/COH055/FEL025028.mRNA/cell_ranger/FEL028_S/velocyto/FEL028_S.loom
2020-08-27 19:53:46,168 - DEBUG - Collecting row attributes
2020-08-27 19:53:46,263 - DEBUG - Generating data table
2020-08-27 19:53:48,508 - DEBUG - Writing loom file
2020-08-27 19:54:02,219 - DEBUG - Terminated Succesfully!
Start: 1598578797
End: 1598583244
Run time: 4447
Done
