CPU: 16
N: 84
Step1: Analyze spliced and unspliced reads and genrate a loom file for velocityR
Run velocyto to generate loom file
2020-08-27 20:31:28,492 - DEBUG - Using logic: Default
2020-08-27 20:31:28,522 - INFO - Read 12278 cell barcodes from /net/isi-dcnl/ifs/user_data/abild/Megatron_data/COH064/FEL041043.mRNA/FEL041_count03/FEL041_M/outs/filtered_feature_bc_matrix/barcodes.tsv.gz
2020-08-27 20:31:28,522 - DEBUG - Example of barcode: AAACCCAAGACTCTTG and cell_id: FEL041_M:AAACCCAAGACTCTTG-1
2020-08-27 20:31:28,535 - DEBUG - Peeking into /net/isi-dcnl/ifs/user_data/abild/Megatron_data/COH064/FEL041043.mRNA/FEL041_count03/FEL041_M/outs/possorted_genome_bam.bam
2020-08-27 20:31:28,851 - WARNING - Not found cell and umi barcode in entry 0 of the bam file
2020-08-27 20:31:28,851 - WARNING - Not found cell and umi barcode in entry 4 of the bam file
2020-08-27 20:31:28,852 - WARNING - Not found cell and umi barcode in entry 17 of the bam file
2020-08-27 20:31:28,852 - WARNING - Not found cell and umi barcode in entry 19 of the bam file
2020-08-27 20:31:28,852 - WARNING - Not found cell and umi barcode in entry 40 of the bam file
2020-08-27 20:31:28,852 - WARNING - Not found cell and umi barcode in entry 41 of the bam file
2020-08-27 20:31:28,852 - WARNING - Not found cell and umi barcode in entry 45 of the bam file
2020-08-27 20:31:28,852 - WARNING - Not found cell and umi barcode in entry 49 of the bam file
2020-08-27 20:31:28,852 - WARNING - Not found cell and umi barcode in entry 52 of the bam file
2020-08-27 20:31:28,852 - WARNING - Not found cell and umi barcode in entry 54 of the bam file
2020-08-27 20:31:28,852 - WARNING - Not found cell and umi barcode in entry 59 of the bam file
2020-08-27 20:31:28,853 - WARNING - Not found cell and umi barcode in entry 191 of the bam file
2020-08-27 20:31:28,853 - WARNING - Not found cell and umi barcode in entry 192 of the bam file
2020-08-27 20:31:28,853 - WARNING - Not found cell and umi barcode in entry 193 of the bam file
2020-08-27 20:31:28,854 - WARNING - Not found cell and umi barcode in entry 194 of the bam file
2020-08-27 20:31:28,854 - WARNING - Not found cell and umi barcode in entry 195 of the bam file
2020-08-27 20:31:28,855 - WARNING - Not found cell and umi barcode in entry 503 of the bam file
2020-08-27 20:31:28,855 - WARNING - Not found cell and umi barcode in entry 530 of the bam file
2020-08-27 20:31:28,857 - WARNING - Not found cell and umi barcode in entry 793 of the bam file
2020-08-27 20:31:28,858 - WARNING - Not found cell and umi barcode in entry 967 of the bam file
2020-08-27 20:31:28,870 - WARNING - The file /net/isi-dcnl/ifs/user_data/abild/Megatron_data/COH064/FEL041043.mRNA/FEL041_count03/FEL041_M/outs/cellsorted_possorted_genome_bam.bam already exists. The sorting step will be skipped and the existing file will be used.
2020-08-27 20:31:28,870 - INFO - Load the annotation from /net/isi-dcnl/ifs/user_data/abild/Genomes/refdata-cellranger-GRCh38-3.0.0/genes/genes.gtf
2020-08-27 20:31:37,033 - DEBUG - Parsing Chromosome 1 strand - [line 0]
2020-08-27 20:31:37,715 - DEBUG - Done with 1- [line 108728]
2020-08-27 20:31:37,715 - DEBUG - Assigning indexes to genes
2020-08-27 20:31:37,726 - DEBUG - Seen 1561 genes until now
2020-08-27 20:31:37,726 - DEBUG - Parsing Chromosome 1 strand + [line 108729]
2020-08-27 20:31:38,467 - DEBUG - Done with 1+ [line 232515]
2020-08-27 20:31:38,468 - DEBUG - Assigning indexes to genes
2020-08-27 20:31:38,479 - DEBUG - Seen 3154 genes until now
2020-08-27 20:31:38,479 - DEBUG - Parsing Chromosome 10 strand - [line 232516]
2020-08-27 20:31:38,924 - DEBUG - Done with 10- [line 279343]
2020-08-27 20:31:38,924 - DEBUG - Assigning indexes to genes
2020-08-27 20:31:38,927 - DEBUG - Seen 3737 genes until now
2020-08-27 20:31:38,927 - DEBUG - Parsing Chromosome 10 strand + [line 279344]
2020-08-27 20:31:39,112 - DEBUG - Done with 10+ [line 323872]
2020-08-27 20:31:39,112 - DEBUG - Assigning indexes to genes
2020-08-27 20:31:39,115 - DEBUG - Seen 4384 genes until now
2020-08-27 20:31:39,115 - DEBUG - Parsing Chromosome 11 strand - [line 323873]
2020-08-27 20:31:39,714 - DEBUG - Done with 11- [line 402908]
2020-08-27 20:31:39,714 - DEBUG - Assigning indexes to genes
2020-08-27 20:31:39,721 - DEBUG - Seen 5320 genes until now
2020-08-27 20:31:39,721 - DEBUG - Parsing Chromosome 11 strand + [line 402909]
2020-08-27 20:31:40,059 - DEBUG - Done with 11+ [line 482591]
2020-08-27 20:31:40,059 - DEBUG - Assigning indexes to genes
2020-08-27 20:31:40,066 - DEBUG - Seen 6305 genes until now
2020-08-27 20:31:40,066 - DEBUG - Parsing Chromosome 12 strand - [line 482592]
2020-08-27 20:31:40,686 - DEBUG - Done with 12- [line 559278]
2020-08-27 20:31:40,686 - DEBUG - Assigning indexes to genes
2020-08-27 20:31:40,693 - DEBUG - Seen 7177 genes until now
2020-08-27 20:31:40,693 - DEBUG - Parsing Chromosome 12 strand + [line 559279]
2020-08-27 20:31:41,004 - DEBUG - Done with 12+ [line 635173]
2020-08-27 20:31:41,004 - DEBUG - Assigning indexes to genes
2020-08-27 20:31:41,010 - DEBUG - Seen 8070 genes until now
2020-08-27 20:31:41,011 - DEBUG - Parsing Chromosome 13 strand - [line 635174]
2020-08-27 20:31:41,090 - DEBUG - Done with 13- [line 653523]
2020-08-27 20:31:41,090 - DEBUG - Assigning indexes to genes
2020-08-27 20:31:41,091 - DEBUG - Seen 8400 genes until now
2020-08-27 20:31:41,091 - DEBUG - Parsing Chromosome 13 strand + [line 653524]
2020-08-27 20:31:41,631 - DEBUG - Done with 13+ [line 673091]
2020-08-27 20:31:41,632 - DEBUG - Assigning indexes to genes
2020-08-27 20:31:41,633 - DEBUG - Seen 8736 genes until now
2020-08-27 20:31:41,633 - DEBUG - Parsing Chromosome 14 strand - [line 673092]
2020-08-27 20:31:41,812 - DEBUG - Done with 14- [line 716831]
2020-08-27 20:31:41,813 - DEBUG - Assigning indexes to genes
2020-08-27 20:31:41,816 - DEBUG - Seen 9452 genes until now
2020-08-27 20:31:41,816 - DEBUG - Parsing Chromosome 14 strand + [line 716832]
2020-08-27 20:31:42,013 - DEBUG - Done with 14+ [line 764942]
2020-08-27 20:31:42,013 - DEBUG - Assigning indexes to genes
2020-08-27 20:31:42,017 - DEBUG - Seen 10121 genes until now
2020-08-27 20:31:42,017 - DEBUG - Parsing Chromosome 15 strand - [line 764943]
2020-08-27 20:31:42,223 - DEBUG - Done with 15- [line 813803]
2020-08-27 20:31:42,223 - DEBUG - Assigning indexes to genes
2020-08-27 20:31:42,227 - DEBUG - Seen 10698 genes until now
2020-08-27 20:31:42,227 - DEBUG - Parsing Chromosome 15 strand + [line 813804]
2020-08-27 20:31:42,410 - DEBUG - Done with 15+ [line 857859]
2020-08-27 20:31:42,410 - DEBUG - Assigning indexes to genes
2020-08-27 20:31:42,415 - DEBUG - Seen 11256 genes until now
2020-08-27 20:31:42,415 - DEBUG - Parsing Chromosome 16 strand - [line 857860]
2020-08-27 20:31:43,000 - DEBUG - Done with 16- [line 911118]
2020-08-27 20:31:43,000 - DEBUG - Assigning indexes to genes
2020-08-27 20:31:43,005 - DEBUG - Seen 11998 genes until now
2020-08-27 20:31:43,005 - DEBUG - Parsing Chromosome 16 strand + [line 911119]
2020-08-27 20:31:43,298 - DEBUG - Done with 16+ [line 981663]
2020-08-27 20:31:43,298 - DEBUG - Assigning indexes to genes
2020-08-27 20:31:43,304 - DEBUG - Seen 12787 genes until now
2020-08-27 20:31:43,304 - DEBUG - Parsing Chromosome 17 strand - [line 981664]
2020-08-27 20:31:43,669 - DEBUG - Done with 17- [line 1066635]
2020-08-27 20:31:43,669 - DEBUG - Assigning indexes to genes
2020-08-27 20:31:43,677 - DEBUG - Seen 13775 genes until now
2020-08-27 20:31:43,677 - DEBUG - Parsing Chromosome 17 strand + [line 1066636]
2020-08-27 20:31:44,408 - DEBUG - Done with 17+ [line 1143834]
2020-08-27 20:31:44,408 - DEBUG - Assigning indexes to genes
2020-08-27 20:31:44,416 - DEBUG - Seen 14681 genes until now
2020-08-27 20:31:44,416 - DEBUG - Parsing Chromosome 18 strand - [line 1143835]
2020-08-27 20:31:44,523 - DEBUG - Done with 18- [line 1168496]
2020-08-27 20:31:44,523 - DEBUG - Assigning indexes to genes
2020-08-27 20:31:44,525 - DEBUG - Seen 15006 genes until now
2020-08-27 20:31:44,525 - DEBUG - Parsing Chromosome 18 strand + [line 1168497]
2020-08-27 20:31:44,614 - DEBUG - Done with 18+ [line 1189691]
2020-08-27 20:31:44,614 - DEBUG - Assigning indexes to genes
2020-08-27 20:31:44,615 - DEBUG - Seen 15343 genes until now
2020-08-27 20:31:44,615 - DEBUG - Parsing Chromosome 19 strand - [line 1189692]
2020-08-27 20:31:44,947 - DEBUG - Done with 19- [line 1268854]
2020-08-27 20:31:44,947 - DEBUG - Assigning indexes to genes
2020-08-27 20:31:44,955 - DEBUG - Seen 16352 genes until now
2020-08-27 20:31:44,955 - DEBUG - Parsing Chromosome 19 strand + [line 1268855]
2020-08-27 20:31:45,286 - DEBUG - Done with 19+ [line 1351833]
2020-08-27 20:31:45,286 - DEBUG - Assigning indexes to genes
2020-08-27 20:31:45,294 - DEBUG - Seen 17347 genes until now
2020-08-27 20:31:45,294 - DEBUG - Parsing Chromosome 2 strand - [line 1351834]
2020-08-27 20:31:45,705 - DEBUG - Done with 2- [line 1448710]
2020-08-27 20:31:45,705 - DEBUG - Assigning indexes to genes
2020-08-27 20:31:45,714 - DEBUG - Seen 18472 genes until now
2020-08-27 20:31:45,714 - DEBUG - Parsing Chromosome 2 strand + [line 1448711]
2020-08-27 20:31:46,589 - DEBUG - Done with 2+ [line 1542602]
2020-08-27 20:31:46,589 - DEBUG - Assigning indexes to genes
2020-08-27 20:31:46,598 - DEBUG - Seen 19632 genes until now
2020-08-27 20:31:46,598 - DEBUG - Parsing Chromosome 20 strand - [line 1542603]
2020-08-27 20:31:46,708 - DEBUG - Done with 20- [line 1569195]
2020-08-27 20:31:46,708 - DEBUG - Assigning indexes to genes
2020-08-27 20:31:46,710 - DEBUG - Seen 20079 genes until now
2020-08-27 20:31:46,710 - DEBUG - Parsing Chromosome 20 strand + [line 1569196]
2020-08-27 20:31:46,839 - DEBUG - Done with 20+ [line 1600541]
2020-08-27 20:31:46,839 - DEBUG - Assigning indexes to genes
2020-08-27 20:31:46,842 - DEBUG - Seen 20527 genes until now
2020-08-27 20:31:46,842 - DEBUG - Parsing Chromosome 21 strand - [line 1600542]
2020-08-27 20:31:46,899 - DEBUG - Done with 21- [line 1614106]
2020-08-27 20:31:46,900 - DEBUG - Assigning indexes to genes
2020-08-27 20:31:46,901 - DEBUG - Seen 20795 genes until now
2020-08-27 20:31:46,901 - DEBUG - Parsing Chromosome 21 strand + [line 1614107]
2020-08-27 20:31:46,963 - DEBUG - Done with 21+ [line 1628392]
2020-08-27 20:31:46,963 - DEBUG - Assigning indexes to genes
2020-08-27 20:31:46,964 - DEBUG - Seen 21029 genes until now
2020-08-27 20:31:46,964 - DEBUG - Parsing Chromosome 22 strand - [line 1628393]
2020-08-27 20:31:47,079 - DEBUG - Done with 22- [line 1653805]
2020-08-27 20:31:47,079 - DEBUG - Assigning indexes to genes
2020-08-27 20:31:47,081 - DEBUG - Seen 21391 genes until now
2020-08-27 20:31:47,081 - DEBUG - Parsing Chromosome 22 strand + [line 1653806]
2020-08-27 20:31:47,213 - DEBUG - Done with 22+ [line 1684245]
2020-08-27 20:31:47,213 - DEBUG - Assigning indexes to genes
2020-08-27 20:31:47,218 - DEBUG - Seen 21866 genes until now
2020-08-27 20:31:47,218 - DEBUG - Parsing Chromosome 3 strand - [line 1684246]
2020-08-27 20:31:47,551 - DEBUG - Done with 3- [line 1763939]
2020-08-27 20:31:47,551 - DEBUG - Assigning indexes to genes
2020-08-27 20:31:47,557 - DEBUG - Seen 22713 genes until now
2020-08-27 20:31:47,557 - DEBUG - Parsing Chromosome 3 strand + [line 1763940]
2020-08-27 20:31:47,889 - DEBUG - Done with 3+ [line 1844840]
2020-08-27 20:31:47,889 - DEBUG - Assigning indexes to genes
2020-08-27 20:31:47,896 - DEBUG - Seen 23585 genes until now
2020-08-27 20:31:47,896 - DEBUG - Parsing Chromosome 4 strand - [line 1844841]
2020-08-27 20:31:48,735 - DEBUG - Done with 4- [line 1898665]
2020-08-27 20:31:48,735 - DEBUG - Assigning indexes to genes
2020-08-27 20:31:48,740 - DEBUG - Seen 24246 genes until now
2020-08-27 20:31:48,740 - DEBUG - Parsing Chromosome 4 strand + [line 1898666]
2020-08-27 20:31:48,940 - DEBUG - Done with 4+ [line 1947617]
2020-08-27 20:31:48,940 - DEBUG - Assigning indexes to genes
2020-08-27 20:31:48,944 - DEBUG - Seen 24938 genes until now
2020-08-27 20:31:48,944 - DEBUG - Parsing Chromosome 5 strand - [line 1947618]
2020-08-27 20:31:49,187 - DEBUG - Done with 5- [line 2001140]
2020-08-27 20:31:49,187 - DEBUG - Assigning indexes to genes
2020-08-27 20:31:49,192 - DEBUG - Seen 25741 genes until now
2020-08-27 20:31:49,192 - DEBUG - Parsing Chromosome 5 strand + [line 2001141]
2020-08-27 20:31:49,443 - DEBUG - Done with 5+ [line 2062165]
2020-08-27 20:31:49,444 - DEBUG - Assigning indexes to genes
2020-08-27 20:31:49,449 - DEBUG - Seen 26599 genes until now
2020-08-27 20:31:49,449 - DEBUG - Parsing Chromosome 6 strand - [line 2062166]
2020-08-27 20:31:49,693 - DEBUG - Done with 6- [line 2121425]
2020-08-27 20:31:49,694 - DEBUG - Assigning indexes to genes
2020-08-27 20:31:49,699 - DEBUG - Seen 27435 genes until now
2020-08-27 20:31:49,699 - DEBUG - Parsing Chromosome 6 strand + [line 2121426]
2020-08-27 20:31:49,918 - DEBUG - Done with 6+ [line 2176078]
2020-08-27 20:31:49,918 - DEBUG - Assigning indexes to genes
2020-08-27 20:31:49,922 - DEBUG - Seen 28231 genes until now
2020-08-27 20:31:49,922 - DEBUG - Parsing Chromosome 7 strand - [line 2176079]
2020-08-27 20:31:50,161 - DEBUG - Done with 7- [line 2233605]
2020-08-27 20:31:50,161 - DEBUG - Assigning indexes to genes
2020-08-27 20:31:50,166 - DEBUG - Seen 28953 genes until now
2020-08-27 20:31:50,166 - DEBUG - Parsing Chromosome 7 strand + [line 2233606]
2020-08-27 20:31:50,418 - DEBUG - Done with 7+ [line 2295513]
2020-08-27 20:31:50,418 - DEBUG - Assigning indexes to genes
2020-08-27 20:31:50,423 - DEBUG - Seen 29770 genes until now
2020-08-27 20:31:50,423 - DEBUG - Parsing Chromosome 8 strand - [line 2295514]
2020-08-27 20:31:50,619 - DEBUG - Done with 8- [line 2343289]
2020-08-27 20:31:50,619 - DEBUG - Assigning indexes to genes
2020-08-27 20:31:50,623 - DEBUG - Seen 30442 genes until now
2020-08-27 20:31:50,623 - DEBUG - Parsing Chromosome 8 strand + [line 2343290]
2020-08-27 20:31:50,801 - DEBUG - Done with 8+ [line 2386793]
2020-08-27 20:31:50,801 - DEBUG - Assigning indexes to genes
2020-08-27 20:31:50,804 - DEBUG - Seen 31090 genes until now
2020-08-27 20:31:50,804 - DEBUG - Parsing Chromosome 9 strand - [line 2386794]
2020-08-27 20:31:51,657 - DEBUG - Done with 9- [line 2430389]
2020-08-27 20:31:51,658 - DEBUG - Assigning indexes to genes
2020-08-27 20:31:51,661 - DEBUG - Seen 31710 genes until now
2020-08-27 20:31:51,661 - DEBUG - Parsing Chromosome 9 strand + [line 2430390]
2020-08-27 20:31:51,858 - DEBUG - Done with 9+ [line 2477312]
2020-08-27 20:31:51,858 - DEBUG - Assigning indexes to genes
2020-08-27 20:31:51,862 - DEBUG - Seen 32318 genes until now
2020-08-27 20:31:51,862 - DEBUG - Parsing Chromosome GL000009.2 strand - [line 2477313]
2020-08-27 20:31:51,862 - DEBUG - Done with GL000009.2- [line 2477320]
2020-08-27 20:31:51,862 - DEBUG - Assigning indexes to genes
2020-08-27 20:31:51,862 - DEBUG - Seen 32319 genes until now
2020-08-27 20:31:51,862 - DEBUG - Parsing Chromosome GL000194.1 strand - [line 2477321]
2020-08-27 20:31:51,862 - DEBUG - Done with GL000194.1- [line 2477346]
2020-08-27 20:31:51,862 - DEBUG - Assigning indexes to genes
2020-08-27 20:31:51,862 - DEBUG - Seen 32321 genes until now
2020-08-27 20:31:51,862 - DEBUG - Parsing Chromosome GL000195.1 strand - [line 2477347]
2020-08-27 20:31:51,862 - DEBUG - Done with GL000195.1- [line 2477356]
2020-08-27 20:31:51,862 - DEBUG - Assigning indexes to genes
2020-08-27 20:31:51,862 - DEBUG - Seen 32322 genes until now
2020-08-27 20:31:51,862 - DEBUG - Parsing Chromosome GL000195.1 strand + [line 2477357]
2020-08-27 20:31:51,863 - DEBUG - Done with GL000195.1+ [line 2477370]
2020-08-27 20:31:51,863 - DEBUG - Assigning indexes to genes
2020-08-27 20:31:51,863 - DEBUG - Seen 32323 genes until now
2020-08-27 20:31:51,863 - DEBUG - Parsing Chromosome GL000205.2 strand - [line 2477371]
2020-08-27 20:31:51,863 - DEBUG - Done with GL000205.2- [line 2477384]
2020-08-27 20:31:51,863 - DEBUG - Assigning indexes to genes
2020-08-27 20:31:51,863 - DEBUG - Seen 32324 genes until now
2020-08-27 20:31:51,863 - DEBUG - Parsing Chromosome GL000213.1 strand - [line 2477385]
2020-08-27 20:31:51,863 - DEBUG - Done with GL000213.1- [line 2477433]
2020-08-27 20:31:51,863 - DEBUG - Assigning indexes to genes
2020-08-27 20:31:51,863 - DEBUG - Seen 32325 genes until now
2020-08-27 20:31:51,863 - DEBUG - Parsing Chromosome GL000218.1 strand - [line 2477434]
2020-08-27 20:31:51,863 - DEBUG - Done with GL000218.1- [line 2477441]
2020-08-27 20:31:51,863 - DEBUG - Assigning indexes to genes
2020-08-27 20:31:51,863 - DEBUG - Seen 32326 genes until now
2020-08-27 20:31:51,863 - DEBUG - Parsing Chromosome GL000219.1 strand - [line 2477442]
2020-08-27 20:31:51,864 - DEBUG - Done with GL000219.1- [line 2477453]
2020-08-27 20:31:51,864 - DEBUG - Assigning indexes to genes
2020-08-27 20:31:51,864 - DEBUG - Seen 32327 genes until now
2020-08-27 20:31:51,864 - DEBUG - Parsing Chromosome KI270711.1 strand - [line 2477454]
2020-08-27 20:31:51,864 - DEBUG - Done with KI270711.1- [line 2477604]
2020-08-27 20:31:51,865 - DEBUG - Assigning indexes to genes
2020-08-27 20:31:51,865 - DEBUG - Seen 32328 genes until now
2020-08-27 20:31:51,865 - DEBUG - Parsing Chromosome KI270713.1 strand - [line 2477605]
2020-08-27 20:31:51,865 - DEBUG - Done with KI270713.1- [line 2477612]
2020-08-27 20:31:51,865 - DEBUG - Assigning indexes to genes
2020-08-27 20:31:51,865 - DEBUG - Seen 32329 genes until now
2020-08-27 20:31:51,865 - DEBUG - Parsing Chromosome KI270713.1 strand + [line 2477613]
2020-08-27 20:31:51,865 - DEBUG - Done with KI270713.1+ [line 2477618]
2020-08-27 20:31:51,865 - DEBUG - Assigning indexes to genes
2020-08-27 20:31:51,865 - DEBUG - Seen 32330 genes until now
2020-08-27 20:31:51,865 - DEBUG - Parsing Chromosome KI270721.1 strand + [line 2477619]
2020-08-27 20:31:51,866 - DEBUG - Done with KI270721.1+ [line 2477634]
2020-08-27 20:31:51,866 - DEBUG - Assigning indexes to genes
2020-08-27 20:31:51,866 - DEBUG - Seen 32331 genes until now
2020-08-27 20:31:51,866 - DEBUG - Parsing Chromosome KI270726.1 strand + [line 2477635]
2020-08-27 20:31:51,866 - DEBUG - Done with KI270726.1+ [line 2477645]
2020-08-27 20:31:51,866 - DEBUG - Assigning indexes to genes
2020-08-27 20:31:51,866 - DEBUG - Seen 32333 genes until now
2020-08-27 20:31:51,866 - DEBUG - Parsing Chromosome KI270727.1 strand - [line 2477646]
2020-08-27 20:31:51,866 - DEBUG - Done with KI270727.1- [line 2477704]
2020-08-27 20:31:51,866 - DEBUG - Assigning indexes to genes
2020-08-27 20:31:51,866 - DEBUG - Seen 32335 genes until now
2020-08-27 20:31:51,866 - DEBUG - Parsing Chromosome KI270727.1 strand + [line 2477705]
2020-08-27 20:31:51,866 - DEBUG - Done with KI270727.1+ [line 2477719]
2020-08-27 20:31:51,866 - DEBUG - Assigning indexes to genes
2020-08-27 20:31:51,866 - DEBUG - Seen 32337 genes until now
2020-08-27 20:31:51,866 - DEBUG - Parsing Chromosome KI270728.1 strand - [line 2477720]
2020-08-27 20:31:51,867 - DEBUG - Done with KI270728.1- [line 2477796]
2020-08-27 20:31:51,867 - DEBUG - Assigning indexes to genes
2020-08-27 20:31:51,867 - DEBUG - Seen 32339 genes until now
2020-08-27 20:31:51,867 - DEBUG - Parsing Chromosome KI270728.1 strand + [line 2477797]
2020-08-27 20:31:51,867 - DEBUG - Done with KI270728.1+ [line 2477833]
2020-08-27 20:31:51,867 - DEBUG - Assigning indexes to genes
2020-08-27 20:31:51,867 - DEBUG - Seen 32343 genes until now
2020-08-27 20:31:51,867 - DEBUG - Parsing Chromosome KI270731.1 strand - [line 2477834]
2020-08-27 20:31:51,867 - DEBUG - Done with KI270731.1- [line 2477840]
2020-08-27 20:31:51,867 - DEBUG - Assigning indexes to genes
2020-08-27 20:31:51,867 - DEBUG - Seen 32344 genes until now
2020-08-27 20:31:51,867 - DEBUG - Parsing Chromosome KI270734.1 strand - [line 2477841]
2020-08-27 20:31:51,868 - DEBUG - Done with KI270734.1- [line 2477909]
2020-08-27 20:31:51,868 - DEBUG - Assigning indexes to genes
2020-08-27 20:31:51,868 - DEBUG - Seen 32345 genes until now
2020-08-27 20:31:51,868 - DEBUG - Parsing Chromosome KI270734.1 strand + [line 2477910]
2020-08-27 20:31:51,868 - DEBUG - Done with KI270734.1+ [line 2477932]
2020-08-27 20:31:51,868 - DEBUG - Assigning indexes to genes
2020-08-27 20:31:51,868 - DEBUG - Seen 32347 genes until now
2020-08-27 20:31:51,868 - DEBUG - Parsing Chromosome MT strand - [line 2477933]
2020-08-27 20:31:51,868 - DEBUG - Done with MT- [line 2477938]
2020-08-27 20:31:51,868 - DEBUG - Assigning indexes to genes
2020-08-27 20:31:51,868 - DEBUG - Seen 32348 genes until now
2020-08-27 20:31:51,868 - DEBUG - Parsing Chromosome MT strand + [line 2477939]
2020-08-27 20:31:51,868 - DEBUG - Done with MT+ [line 2478004]
2020-08-27 20:31:51,868 - DEBUG - Assigning indexes to genes
2020-08-27 20:31:51,869 - DEBUG - Seen 32360 genes until now
2020-08-27 20:31:51,869 - DEBUG - Parsing Chromosome X strand - [line 2478005]
2020-08-27 20:31:52,035 - DEBUG - Done with X- [line 2518937]
2020-08-27 20:31:52,035 - DEBUG - Assigning indexes to genes
2020-08-27 20:31:52,038 - DEBUG - Seen 32876 genes until now
2020-08-27 20:31:52,038 - DEBUG - Parsing Chromosome X strand + [line 2518938]
2020-08-27 20:31:52,201 - DEBUG - Done with X+ [line 2560301]
2020-08-27 20:31:52,201 - DEBUG - Assigning indexes to genes
2020-08-27 20:31:52,205 - DEBUG - Seen 33438 genes until now
2020-08-27 20:31:52,205 - DEBUG - Parsing Chromosome Y strand - [line 2560302]
2020-08-27 20:31:52,214 - DEBUG - Done with Y- [line 2562446]
2020-08-27 20:31:52,214 - DEBUG - Assigning indexes to genes
2020-08-27 20:31:52,214 - DEBUG - Seen 33485 genes until now
2020-08-27 20:31:52,214 - DEBUG - Parsing Chromosome Y strand + [line 2562447]
2020-08-27 20:31:52,224 - DEBUG - Assigning indexes to genes
2020-08-27 20:31:52,225 - DEBUG - Done with Y+ [line 2565059]
2020-08-27 20:31:52,225 - DEBUG - Fixing corner cases of transcript models containg intron longer than 1000Kbp
2020-08-27 20:31:54,045 - DEBUG - Generated 2165800 features corresponding to 172912 transcript models from /net/isi-dcnl/ifs/user_data/abild/Genomes/refdata-cellranger-GRCh38-3.0.0/genes/genes.gtf
2020-08-27 20:31:54,077 - INFO - Scan /net/isi-dcnl/ifs/user_data/abild/Megatron_data/COH064/FEL041043.mRNA/FEL041_count03/FEL041_M/outs/possorted_genome_bam.bam to validate intron intervals
2020-08-27 20:31:58,006 - DEBUG - Reading /net/isi-dcnl/ifs/user_data/abild/Megatron_data/COH064/FEL041043.mRNA/FEL041_count03/FEL041_M/outs/possorted_genome_bam.bam
2020-08-27 20:31:58,028 - DEBUG - Read first 0 million reads
2020-08-27 20:31:58,028 - DEBUG - Marking up chromosome 1
2020-08-27 20:33:49,534 - DEBUG - Read first 10 million reads
2020-08-27 20:35:52,397 - DEBUG - Read first 20 million reads
2020-08-27 20:37:28,261 - DEBUG - Read first 30 million reads
2020-08-27 20:38:40,823 - DEBUG - Marking up chromosome 10
2020-08-27 20:39:31,397 - DEBUG - Read first 40 million reads
2020-08-27 20:40:54,259 - DEBUG - Marking up chromosome 11
2020-08-27 20:41:35,579 - DEBUG - Read first 50 million reads
2020-08-27 20:43:49,763 - DEBUG - Read first 60 million reads
2020-08-27 20:46:35,405 - DEBUG - Read first 70 million reads
2020-08-27 20:49:38,885 - DEBUG - Read first 80 million reads
2020-08-27 20:52:37,762 - DEBUG - Read first 90 million reads
2020-08-27 20:55:11,285 - DEBUG - Marking up chromosome 12
2020-08-27 20:55:16,155 - DEBUG - Read first 100 million reads
2020-08-27 20:57:17,676 - DEBUG - Read first 110 million reads
2020-08-27 20:59:13,717 - DEBUG - Read first 120 million reads
2020-08-27 20:59:19,651 - DEBUG - Marking up chromosome 13
2020-08-27 21:00:48,214 - DEBUG - Marking up chromosome 14
2020-08-27 21:01:12,250 - DEBUG - Read first 130 million reads
2020-08-27 21:03:08,804 - DEBUG - Marking up chromosome 15
2020-08-27 21:03:17,888 - DEBUG - Read first 140 million reads
2020-08-27 21:05:20,960 - DEBUG - Read first 150 million reads
2020-08-27 21:06:06,602 - DEBUG - Marking up chromosome 16
2020-08-27 21:07:09,302 - DEBUG - Read first 160 million reads
2020-08-27 21:09:00,553 - DEBUG - Marking up chromosome 17
2020-08-27 21:09:07,328 - DEBUG - Read first 170 million reads
2020-08-27 21:11:05,910 - DEBUG - Read first 180 million reads
2020-08-27 21:11:15,819 - DEBUG - Marking up chromosome 18
2020-08-27 21:13:13,389 - DEBUG - Marking up chromosome 19
2020-08-27 21:13:23,239 - DEBUG - Read first 190 million reads
2020-08-27 21:15:22,481 - DEBUG - Read first 200 million reads
2020-08-27 21:16:21,153 - DEBUG - Marking up chromosome 2
2020-08-27 21:17:18,384 - DEBUG - Read first 210 million reads
2020-08-27 21:19:15,072 - DEBUG - Read first 220 million reads
2020-08-27 21:20:06,574 - DEBUG - Marking up chromosome 20
2020-08-27 21:21:14,787 - DEBUG - Read first 230 million reads
2020-08-27 21:21:47,889 - DEBUG - Marking up chromosome 21
2020-08-27 21:22:09,677 - DEBUG - Read first 240 million reads
2020-08-27 21:22:37,341 - DEBUG - Marking up chromosome 22
2020-08-27 21:23:32,092 - DEBUG - Marking up chromosome 3
2020-08-27 21:24:17,235 - DEBUG - Read first 250 million reads
2020-08-27 21:26:24,539 - DEBUG - Read first 260 million reads
2020-08-27 21:28:38,209 - DEBUG - Read first 270 million reads
2020-08-27 21:28:51,139 - DEBUG - Marking up chromosome 4
2020-08-27 21:30:50,689 - DEBUG - Read first 280 million reads
2020-08-27 21:31:03,952 - DEBUG - Marking up chromosome 5
2020-08-27 21:32:35,300 - DEBUG - Read first 290 million reads
2020-08-27 21:34:12,336 - DEBUG - Marking up chromosome 6
2020-08-27 21:34:38,850 - DEBUG - Read first 300 million reads
2020-08-27 21:36:36,236 - DEBUG - Read first 310 million reads
2020-08-27 21:36:48,541 - DEBUG - Marking up chromosome 7
2020-08-27 21:38:19,858 - DEBUG - Read first 320 million reads
2020-08-27 21:40:18,190 - DEBUG - Read first 330 million reads
2020-08-27 21:40:32,792 - DEBUG - Marking up chromosome 8
2020-08-27 21:42:29,813 - DEBUG - Read first 340 million reads
2020-08-27 21:43:12,178 - DEBUG - Marking up chromosome 9
2020-08-27 21:44:23,264 - DEBUG - Read first 350 million reads
2020-08-27 21:45:37,185 - DEBUG - Marking up chromosome MT
2020-08-27 21:45:58,337 - DEBUG - Read first 360 million reads
2020-08-27 21:46:07,452 - DEBUG - Marking up chromosome X
2020-08-27 21:47:44,569 - DEBUG - Read first 370 million reads
2020-08-27 21:48:19,112 - DEBUG - Marking up chromosome Y
2020-08-27 21:48:19,268 - DEBUG - Marking up chromosome KI270728.1
2020-08-27 21:48:19,290 - DEBUG - Marking up chromosome KI270727.1
2020-08-27 21:48:19,390 - DEBUG - Marking up chromosome KI270442.1
2020-08-27 21:48:19,390 - WARNING - The .bam file refers to a chromosome 'KI270442.1+' not present in the annotation (.gtf) file
2020-08-27 21:48:19,391 - WARNING - The .bam file refers to a chromosome 'KI270442.1-' not present in the annotation (.gtf) file
2020-08-27 21:48:19,412 - DEBUG - Marking up chromosome KI270729.1
2020-08-27 21:48:19,412 - WARNING - The .bam file refers to a chromosome 'KI270729.1+' not present in the annotation (.gtf) file
2020-08-27 21:48:19,412 - WARNING - The .bam file refers to a chromosome 'KI270729.1-' not present in the annotation (.gtf) file
2020-08-27 21:48:19,413 - DEBUG - Marking up chromosome GL000225.1
2020-08-27 21:48:19,413 - WARNING - The .bam file refers to a chromosome 'GL000225.1+' not present in the annotation (.gtf) file
2020-08-27 21:48:19,413 - WARNING - The .bam file refers to a chromosome 'GL000225.1-' not present in the annotation (.gtf) file
2020-08-27 21:48:19,415 - DEBUG - Marking up chromosome KI270743.1
2020-08-27 21:48:19,415 - WARNING - The .bam file refers to a chromosome 'KI270743.1+' not present in the annotation (.gtf) file
2020-08-27 21:48:19,415 - WARNING - The .bam file refers to a chromosome 'KI270743.1-' not present in the annotation (.gtf) file
2020-08-27 21:48:19,430 - DEBUG - Marking up chromosome GL000008.2
2020-08-27 21:48:19,430 - WARNING - The .bam file refers to a chromosome 'GL000008.2+' not present in the annotation (.gtf) file
2020-08-27 21:48:19,430 - WARNING - The .bam file refers to a chromosome 'GL000008.2-' not present in the annotation (.gtf) file
2020-08-27 21:48:19,451 - DEBUG - Marking up chromosome GL000009.2
2020-08-27 21:48:19,452 - WARNING - The .bam file refers to a chromosome 'GL000009.2+' not present in the annotation (.gtf) file
2020-08-27 21:48:19,481 - DEBUG - Marking up chromosome KI270722.1
2020-08-27 21:48:19,481 - WARNING - The .bam file refers to a chromosome 'KI270722.1+' not present in the annotation (.gtf) file
2020-08-27 21:48:19,481 - WARNING - The .bam file refers to a chromosome 'KI270722.1-' not present in the annotation (.gtf) file
2020-08-27 21:48:19,482 - DEBUG - Marking up chromosome GL000194.1
2020-08-27 21:48:19,482 - WARNING - The .bam file refers to a chromosome 'GL000194.1+' not present in the annotation (.gtf) file
2020-08-27 21:48:19,680 - DEBUG - Marking up chromosome KI270742.1
2020-08-27 21:48:19,680 - WARNING - The .bam file refers to a chromosome 'KI270742.1+' not present in the annotation (.gtf) file
2020-08-27 21:48:19,680 - WARNING - The .bam file refers to a chromosome 'KI270742.1-' not present in the annotation (.gtf) file
2020-08-27 21:48:19,746 - DEBUG - Marking up chromosome GL000205.2
2020-08-27 21:48:19,746 - WARNING - The .bam file refers to a chromosome 'GL000205.2+' not present in the annotation (.gtf) file
2020-08-27 21:48:19,914 - DEBUG - Marking up chromosome GL000195.1
2020-08-27 21:48:19,990 - DEBUG - Marking up chromosome KI270736.1
2020-08-27 21:48:19,990 - WARNING - The .bam file refers to a chromosome 'KI270736.1+' not present in the annotation (.gtf) file
2020-08-27 21:48:19,990 - WARNING - The .bam file refers to a chromosome 'KI270736.1-' not present in the annotation (.gtf) file
2020-08-27 21:48:19,990 - DEBUG - Marking up chromosome KI270733.1
2020-08-27 21:48:19,990 - WARNING - The .bam file refers to a chromosome 'KI270733.1+' not present in the annotation (.gtf) file
2020-08-27 21:48:19,990 - WARNING - The .bam file refers to a chromosome 'KI270733.1-' not present in the annotation (.gtf) file
2020-08-27 21:48:27,610 - DEBUG - Marking up chromosome GL000224.1
2020-08-27 21:48:27,610 - WARNING - The .bam file refers to a chromosome 'GL000224.1+' not present in the annotation (.gtf) file
2020-08-27 21:48:27,610 - WARNING - The .bam file refers to a chromosome 'GL000224.1-' not present in the annotation (.gtf) file
2020-08-27 21:48:27,669 - DEBUG - Marking up chromosome GL000219.1
2020-08-27 21:48:27,669 - WARNING - The .bam file refers to a chromosome 'GL000219.1+' not present in the annotation (.gtf) file
2020-08-27 21:48:27,879 - DEBUG - Marking up chromosome KI270719.1
2020-08-27 21:48:27,879 - WARNING - The .bam file refers to a chromosome 'KI270719.1+' not present in the annotation (.gtf) file
2020-08-27 21:48:27,879 - WARNING - The .bam file refers to a chromosome 'KI270719.1-' not present in the annotation (.gtf) file
2020-08-27 21:48:27,897 - DEBUG - Marking up chromosome GL000216.2
2020-08-27 21:48:27,897 - WARNING - The .bam file refers to a chromosome 'GL000216.2+' not present in the annotation (.gtf) file
2020-08-27 21:48:27,897 - WARNING - The .bam file refers to a chromosome 'GL000216.2-' not present in the annotation (.gtf) file
2020-08-27 21:48:27,899 - DEBUG - Marking up chromosome KI270712.1
2020-08-27 21:48:27,899 - WARNING - The .bam file refers to a chromosome 'KI270712.1+' not present in the annotation (.gtf) file
2020-08-27 21:48:27,899 - WARNING - The .bam file refers to a chromosome 'KI270712.1-' not present in the annotation (.gtf) file
2020-08-27 21:48:27,905 - DEBUG - Marking up chromosome KI270706.1
2020-08-27 21:48:27,905 - WARNING - The .bam file refers to a chromosome 'KI270706.1+' not present in the annotation (.gtf) file
2020-08-27 21:48:27,905 - WARNING - The .bam file refers to a chromosome 'KI270706.1-' not present in the annotation (.gtf) file
2020-08-27 21:48:28,140 - DEBUG - Marking up chromosome KI270725.1
2020-08-27 21:48:28,140 - WARNING - The .bam file refers to a chromosome 'KI270725.1+' not present in the annotation (.gtf) file
2020-08-27 21:48:28,140 - WARNING - The .bam file refers to a chromosome 'KI270725.1-' not present in the annotation (.gtf) file
2020-08-27 21:48:28,142 - DEBUG - Marking up chromosome KI270744.1
2020-08-27 21:48:28,142 - WARNING - The .bam file refers to a chromosome 'KI270744.1+' not present in the annotation (.gtf) file
2020-08-27 21:48:28,142 - WARNING - The .bam file refers to a chromosome 'KI270744.1-' not present in the annotation (.gtf) file
2020-08-27 21:48:28,234 - DEBUG - Marking up chromosome KI270734.1
2020-08-27 21:48:28,244 - DEBUG - Marking up chromosome GL000213.1
2020-08-27 21:48:28,244 - WARNING - The .bam file refers to a chromosome 'GL000213.1+' not present in the annotation (.gtf) file
2020-08-27 21:48:28,246 - DEBUG - Marking up chromosome GL000220.1
2020-08-27 21:48:28,246 - WARNING - The .bam file refers to a chromosome 'GL000220.1+' not present in the annotation (.gtf) file
2020-08-27 21:48:28,247 - WARNING - The .bam file refers to a chromosome 'GL000220.1-' not present in the annotation (.gtf) file
2020-08-27 21:48:35,429 - DEBUG - Read first 380 million reads
2020-08-27 21:48:35,821 - DEBUG - Marking up chromosome KI270715.1
2020-08-27 21:48:35,821 - WARNING - The .bam file refers to a chromosome 'KI270715.1+' not present in the annotation (.gtf) file
2020-08-27 21:48:35,821 - WARNING - The .bam file refers to a chromosome 'KI270715.1-' not present in the annotation (.gtf) file
2020-08-27 21:48:35,822 - DEBUG - Marking up chromosome GL000218.1
2020-08-27 21:48:35,822 - WARNING - The .bam file refers to a chromosome 'GL000218.1+' not present in the annotation (.gtf) file
2020-08-27 21:48:36,090 - DEBUG - Marking up chromosome KI270749.1
2020-08-27 21:48:36,090 - WARNING - The .bam file refers to a chromosome 'KI270749.1+' not present in the annotation (.gtf) file
2020-08-27 21:48:36,090 - WARNING - The .bam file refers to a chromosome 'KI270749.1-' not present in the annotation (.gtf) file
2020-08-27 21:48:36,093 - DEBUG - Marking up chromosome KI270741.1
2020-08-27 21:48:36,093 - WARNING - The .bam file refers to a chromosome 'KI270741.1+' not present in the annotation (.gtf) file
2020-08-27 21:48:36,093 - WARNING - The .bam file refers to a chromosome 'KI270741.1-' not present in the annotation (.gtf) file
2020-08-27 21:48:36,122 - DEBUG - Marking up chromosome GL000221.1
2020-08-27 21:48:36,122 - WARNING - The .bam file refers to a chromosome 'GL000221.1+' not present in the annotation (.gtf) file
2020-08-27 21:48:36,122 - WARNING - The .bam file refers to a chromosome 'GL000221.1-' not present in the annotation (.gtf) file
2020-08-27 21:48:36,184 - DEBUG - Marking up chromosome KI270716.1
2020-08-27 21:48:36,184 - WARNING - The .bam file refers to a chromosome 'KI270716.1+' not present in the annotation (.gtf) file
2020-08-27 21:48:36,184 - WARNING - The .bam file refers to a chromosome 'KI270716.1-' not present in the annotation (.gtf) file
2020-08-27 21:48:36,185 - DEBUG - Marking up chromosome KI270731.1
2020-08-27 21:48:36,185 - WARNING - The .bam file refers to a chromosome 'KI270731.1+' not present in the annotation (.gtf) file
2020-08-27 21:48:36,205 - DEBUG - Marking up chromosome KI270751.1
2020-08-27 21:48:36,205 - WARNING - The .bam file refers to a chromosome 'KI270751.1+' not present in the annotation (.gtf) file
2020-08-27 21:48:36,205 - WARNING - The .bam file refers to a chromosome 'KI270751.1-' not present in the annotation (.gtf) file
2020-08-27 21:48:36,213 - DEBUG - Marking up chromosome KI270750.1
2020-08-27 21:48:36,213 - WARNING - The .bam file refers to a chromosome 'KI270750.1+' not present in the annotation (.gtf) file
2020-08-27 21:48:36,213 - WARNING - The .bam file refers to a chromosome 'KI270750.1-' not present in the annotation (.gtf) file
2020-08-27 21:48:36,213 - DEBUG - Marking up chromosome KI270519.1
2020-08-27 21:48:36,213 - WARNING - The .bam file refers to a chromosome 'KI270519.1+' not present in the annotation (.gtf) file
2020-08-27 21:48:36,213 - WARNING - The .bam file refers to a chromosome 'KI270519.1-' not present in the annotation (.gtf) file
2020-08-27 21:48:36,217 - DEBUG - Marking up chromosome GL000214.1
2020-08-27 21:48:36,217 - WARNING - The .bam file refers to a chromosome 'GL000214.1+' not present in the annotation (.gtf) file
2020-08-27 21:48:36,217 - WARNING - The .bam file refers to a chromosome 'GL000214.1-' not present in the annotation (.gtf) file
2020-08-27 21:48:36,237 - DEBUG - Marking up chromosome KI270708.1
2020-08-27 21:48:36,238 - WARNING - The .bam file refers to a chromosome 'KI270708.1+' not present in the annotation (.gtf) file
2020-08-27 21:48:36,238 - WARNING - The .bam file refers to a chromosome 'KI270708.1-' not present in the annotation (.gtf) file
2020-08-27 21:48:36,239 - DEBUG - Marking up chromosome KI270730.1
2020-08-27 21:48:36,239 - WARNING - The .bam file refers to a chromosome 'KI270730.1+' not present in the annotation (.gtf) file
2020-08-27 21:48:36,240 - WARNING - The .bam file refers to a chromosome 'KI270730.1-' not present in the annotation (.gtf) file
2020-08-27 21:48:36,240 - DEBUG - Marking up chromosome KI270438.1
2020-08-27 21:48:36,240 - WARNING - The .bam file refers to a chromosome 'KI270438.1+' not present in the annotation (.gtf) file
2020-08-27 21:48:36,240 - WARNING - The .bam file refers to a chromosome 'KI270438.1-' not present in the annotation (.gtf) file
2020-08-27 21:48:36,241 - DEBUG - Marking up chromosome KI270737.1
2020-08-27 21:48:36,241 - WARNING - The .bam file refers to a chromosome 'KI270737.1+' not present in the annotation (.gtf) file
2020-08-27 21:48:36,241 - WARNING - The .bam file refers to a chromosome 'KI270737.1-' not present in the annotation (.gtf) file
2020-08-27 21:48:36,241 - DEBUG - Marking up chromosome KI270721.1
2020-08-27 21:48:36,241 - WARNING - The .bam file refers to a chromosome 'KI270721.1-' not present in the annotation (.gtf) file
2020-08-27 21:48:36,270 - DEBUG - Marking up chromosome KI270738.1
2020-08-27 21:48:36,270 - WARNING - The .bam file refers to a chromosome 'KI270738.1+' not present in the annotation (.gtf) file
2020-08-27 21:48:36,270 - WARNING - The .bam file refers to a chromosome 'KI270738.1-' not present in the annotation (.gtf) file
2020-08-27 21:48:36,272 - DEBUG - Marking up chromosome KI270748.1
2020-08-27 21:48:36,272 - WARNING - The .bam file refers to a chromosome 'KI270748.1+' not present in the annotation (.gtf) file
2020-08-27 21:48:36,272 - WARNING - The .bam file refers to a chromosome 'KI270748.1-' not present in the annotation (.gtf) file
2020-08-27 21:48:36,273 - DEBUG - Marking up chromosome KI270435.1
2020-08-27 21:48:36,273 - WARNING - The .bam file refers to a chromosome 'KI270435.1+' not present in the annotation (.gtf) file
2020-08-27 21:48:36,273 - WARNING - The .bam file refers to a chromosome 'KI270435.1-' not present in the annotation (.gtf) file
2020-08-27 21:48:36,273 - DEBUG - Marking up chromosome GL000208.1
2020-08-27 21:48:36,273 - WARNING - The .bam file refers to a chromosome 'GL000208.1+' not present in the annotation (.gtf) file
2020-08-27 21:48:36,273 - WARNING - The .bam file refers to a chromosome 'GL000208.1-' not present in the annotation (.gtf) file
2020-08-27 21:48:36,274 - DEBUG - Marking up chromosome KI270538.1
2020-08-27 21:48:36,274 - WARNING - The .bam file refers to a chromosome 'KI270538.1+' not present in the annotation (.gtf) file
2020-08-27 21:48:36,274 - WARNING - The .bam file refers to a chromosome 'KI270538.1-' not present in the annotation (.gtf) file
2020-08-27 21:48:36,274 - DEBUG - Marking up chromosome KI270739.1
2020-08-27 21:48:36,274 - WARNING - The .bam file refers to a chromosome 'KI270739.1+' not present in the annotation (.gtf) file
2020-08-27 21:48:36,274 - WARNING - The .bam file refers to a chromosome 'KI270739.1-' not present in the annotation (.gtf) file
2020-08-27 21:48:36,274 - DEBUG - Marking up chromosome KI270757.1
2020-08-27 21:48:36,274 - WARNING - The .bam file refers to a chromosome 'KI270757.1+' not present in the annotation (.gtf) file
2020-08-27 21:48:36,274 - WARNING - The .bam file refers to a chromosome 'KI270757.1-' not present in the annotation (.gtf) file
2020-08-27 21:48:36,275 - DEBUG - Marking up chromosome KI270709.1
2020-08-27 21:48:36,275 - WARNING - The .bam file refers to a chromosome 'KI270709.1+' not present in the annotation (.gtf) file
2020-08-27 21:48:36,275 - WARNING - The .bam file refers to a chromosome 'KI270709.1-' not present in the annotation (.gtf) file
2020-08-27 21:48:36,275 - DEBUG - Marking up chromosome KI270746.1
2020-08-27 21:48:36,275 - WARNING - The .bam file refers to a chromosome 'KI270746.1+' not present in the annotation (.gtf) file
2020-08-27 21:48:36,275 - WARNING - The .bam file refers to a chromosome 'KI270746.1-' not present in the annotation (.gtf) file
2020-08-27 21:48:36,277 - DEBUG - Marking up chromosome KI270753.1
2020-08-27 21:48:36,277 - WARNING - The .bam file refers to a chromosome 'KI270753.1+' not present in the annotation (.gtf) file
2020-08-27 21:48:36,277 - WARNING - The .bam file refers to a chromosome 'KI270753.1-' not present in the annotation (.gtf) file
2020-08-27 21:48:36,278 - DEBUG - Marking up chromosome KI270589.1
2020-08-27 21:48:36,278 - WARNING - The .bam file refers to a chromosome 'KI270589.1+' not present in the annotation (.gtf) file
2020-08-27 21:48:36,278 - WARNING - The .bam file refers to a chromosome 'KI270589.1-' not present in the annotation (.gtf) file
2020-08-27 21:48:36,278 - DEBUG - Marking up chromosome KI270726.1
2020-08-27 21:48:36,278 - WARNING - The .bam file refers to a chromosome 'KI270726.1-' not present in the annotation (.gtf) file
2020-08-27 21:48:36,279 - DEBUG - Marking up chromosome KI270735.1
2020-08-27 21:48:36,279 - WARNING - The .bam file refers to a chromosome 'KI270735.1+' not present in the annotation (.gtf) file
2020-08-27 21:48:36,279 - WARNING - The .bam file refers to a chromosome 'KI270735.1-' not present in the annotation (.gtf) file
2020-08-27 21:48:36,279 - DEBUG - Marking up chromosome KI270711.1
2020-08-27 21:48:36,279 - WARNING - The .bam file refers to a chromosome 'KI270711.1+' not present in the annotation (.gtf) file
2020-08-27 21:48:36,388 - DEBUG - Marking up chromosome KI270745.1
2020-08-27 21:48:36,388 - WARNING - The .bam file refers to a chromosome 'KI270745.1+' not present in the annotation (.gtf) file
2020-08-27 21:48:36,388 - WARNING - The .bam file refers to a chromosome 'KI270745.1-' not present in the annotation (.gtf) file
2020-08-27 21:48:36,415 - DEBUG - Marking up chromosome KI270714.1
2020-08-27 21:48:36,415 - WARNING - The .bam file refers to a chromosome 'KI270714.1+' not present in the annotation (.gtf) file
2020-08-27 21:48:36,416 - WARNING - The .bam file refers to a chromosome 'KI270714.1-' not present in the annotation (.gtf) file
2020-08-27 21:48:36,422 - DEBUG - Marking up chromosome KI270732.1
2020-08-27 21:48:36,423 - WARNING - The .bam file refers to a chromosome 'KI270732.1+' not present in the annotation (.gtf) file
2020-08-27 21:48:36,423 - WARNING - The .bam file refers to a chromosome 'KI270732.1-' not present in the annotation (.gtf) file
2020-08-27 21:48:36,423 - DEBUG - Marking up chromosome KI270713.1
2020-08-27 21:48:36,436 - DEBUG - Marking up chromosome KI270710.1
2020-08-27 21:48:36,436 - WARNING - The .bam file refers to a chromosome 'KI270710.1+' not present in the annotation (.gtf) file
2020-08-27 21:48:36,436 - WARNING - The .bam file refers to a chromosome 'KI270710.1-' not present in the annotation (.gtf) file
2020-08-27 21:48:36,437 - DEBUG - Marking up chromosome KI270717.1
2020-08-27 21:48:36,437 - WARNING - The .bam file refers to a chromosome 'KI270717.1+' not present in the annotation (.gtf) file
2020-08-27 21:48:36,437 - WARNING - The .bam file refers to a chromosome 'KI270717.1-' not present in the annotation (.gtf) file
2020-08-27 21:48:36,442 - DEBUG - Marking up chromosome KI270724.1
2020-08-27 21:48:36,442 - WARNING - The .bam file refers to a chromosome 'KI270724.1+' not present in the annotation (.gtf) file
2020-08-27 21:48:36,442 - WARNING - The .bam file refers to a chromosome 'KI270724.1-' not present in the annotation (.gtf) file
2020-08-27 21:48:36,442 - DEBUG - Marking up chromosome KI270720.1
2020-08-27 21:48:36,442 - WARNING - The .bam file refers to a chromosome 'KI270720.1+' not present in the annotation (.gtf) file
2020-08-27 21:48:36,442 - WARNING - The .bam file refers to a chromosome 'KI270720.1-' not present in the annotation (.gtf) file
2020-08-27 21:48:36,444 - DEBUG - Marking up chromosome KI270723.1
2020-08-27 21:48:36,444 - WARNING - The .bam file refers to a chromosome 'KI270723.1+' not present in the annotation (.gtf) file
2020-08-27 21:48:36,444 - WARNING - The .bam file refers to a chromosome 'KI270723.1-' not present in the annotation (.gtf) file
2020-08-27 21:48:36,446 - DEBUG - Marking up chromosome KI270718.1
2020-08-27 21:48:36,446 - WARNING - The .bam file refers to a chromosome 'KI270718.1+' not present in the annotation (.gtf) file
2020-08-27 21:48:36,446 - WARNING - The .bam file refers to a chromosome 'KI270718.1-' not present in the annotation (.gtf) file
2020-08-27 21:48:36,473 - DEBUG - Marking up chromosome KI270755.1
2020-08-27 21:48:36,473 - WARNING - The .bam file refers to a chromosome 'KI270755.1+' not present in the annotation (.gtf) file
2020-08-27 21:48:36,474 - WARNING - The .bam file refers to a chromosome 'KI270755.1-' not present in the annotation (.gtf) file
2020-08-27 21:48:36,474 - DEBUG - Marking up chromosome KI270707.1
2020-08-27 21:48:36,474 - WARNING - The .bam file refers to a chromosome 'KI270707.1+' not present in the annotation (.gtf) file
2020-08-27 21:48:36,474 - WARNING - The .bam file refers to a chromosome 'KI270707.1-' not present in the annotation (.gtf) file
2020-08-27 21:48:36,481 - DEBUG - Marking up chromosome KI270512.1
2020-08-27 21:48:36,481 - WARNING - The .bam file refers to a chromosome 'KI270512.1+' not present in the annotation (.gtf) file
2020-08-27 21:48:36,481 - WARNING - The .bam file refers to a chromosome 'KI270512.1-' not present in the annotation (.gtf) file
2020-08-27 21:48:36,482 - DEBUG - Marking up chromosome KI270588.1
2020-08-27 21:48:36,482 - WARNING - The .bam file refers to a chromosome 'KI270588.1+' not present in the annotation (.gtf) file
2020-08-27 21:48:36,482 - WARNING - The .bam file refers to a chromosome 'KI270588.1-' not present in the annotation (.gtf) file
2020-08-27 21:48:36,482 - DEBUG - Marking up chromosome KI270522.1
2020-08-27 21:48:36,482 - WARNING - The .bam file refers to a chromosome 'KI270522.1+' not present in the annotation (.gtf) file
2020-08-27 21:48:36,482 - WARNING - The .bam file refers to a chromosome 'KI270522.1-' not present in the annotation (.gtf) file
2020-08-27 21:48:36,482 - DEBUG - Marking up chromosome KI270590.1
2020-08-27 21:48:36,482 - WARNING - The .bam file refers to a chromosome 'KI270590.1+' not present in the annotation (.gtf) file
2020-08-27 21:48:36,482 - WARNING - The .bam file refers to a chromosome 'KI270590.1-' not present in the annotation (.gtf) file
2020-08-27 21:48:36,482 - DEBUG - Marking up chromosome KI270467.1
2020-08-27 21:48:36,482 - WARNING - The .bam file refers to a chromosome 'KI270467.1+' not present in the annotation (.gtf) file
2020-08-27 21:48:36,482 - WARNING - The .bam file refers to a chromosome 'KI270467.1-' not present in the annotation (.gtf) file
2020-08-27 21:48:36,483 - DEBUG - Marking up chromosome KI270315.1
2020-08-27 21:48:36,483 - WARNING - The .bam file refers to a chromosome 'KI270315.1+' not present in the annotation (.gtf) file
2020-08-27 21:48:36,483 - WARNING - The .bam file refers to a chromosome 'KI270315.1-' not present in the annotation (.gtf) file
2020-08-27 21:48:36,483 - DEBUG - Marking up chromosome KI270303.1
2020-08-27 21:48:36,483 - WARNING - The .bam file refers to a chromosome 'KI270303.1+' not present in the annotation (.gtf) file
2020-08-27 21:48:36,483 - WARNING - The .bam file refers to a chromosome 'KI270303.1-' not present in the annotation (.gtf) file
2020-08-27 21:48:36,483 - DEBUG - Marking up chromosome KI270330.1
2020-08-27 21:48:36,483 - WARNING - The .bam file refers to a chromosome 'KI270330.1+' not present in the annotation (.gtf) file
2020-08-27 21:48:36,483 - WARNING - The .bam file refers to a chromosome 'KI270330.1-' not present in the annotation (.gtf) file
2020-08-27 21:48:36,486 - DEBUG - Marking up chromosome KI270316.1
2020-08-27 21:48:36,486 - WARNING - The .bam file refers to a chromosome 'KI270316.1+' not present in the annotation (.gtf) file
2020-08-27 21:48:36,486 - WARNING - The .bam file refers to a chromosome 'KI270316.1-' not present in the annotation (.gtf) file
2020-08-27 21:48:36,487 - DEBUG - Marking up chromosome KI270466.1
2020-08-27 21:48:36,487 - WARNING - The .bam file refers to a chromosome 'KI270466.1+' not present in the annotation (.gtf) file
2020-08-27 21:48:36,487 - WARNING - The .bam file refers to a chromosome 'KI270466.1-' not present in the annotation (.gtf) file
2020-08-27 21:48:57,033 - DEBUG - Read first 390 million reads
2020-08-27 21:49:05,229 - DEBUG - End of file. Reset index: start scanning from initial position.
2020-08-27 21:49:05,229 - DEBUG - 7503946 reads were skipped because no apropiate cell or umi barcode was found
2020-08-27 21:49:05,230 - DEBUG - Start molecule counting!
2020-08-27 21:49:09,241 - DEBUG - Features available for chromosomes : ['1-', '1+', '10-', '10+', '11-', '11+', '12-', '12+', '13-', '13+', '14-', '14+', '15-', '15+', '16-', '16+', '17-', '17+', '18-', '18+', '19-', '19+', '2-', '2+', '20-', '20+', '21-', '21+', '22-', '22+', '3-', '3+', '4-', '4+', '5-', '5+', '6-', '6+', '7-', '7+', '8-', '8+', '9-', '9+', 'GL000009.2-', 'GL000194.1-', 'GL000195.1-', 'GL000195.1+', 'GL000205.2-', 'GL000213.1-', 'GL000218.1-', 'GL000219.1-', 'KI270711.1-', 'KI270713.1-', 'KI270713.1+', 'KI270721.1+', 'KI270726.1+', 'KI270727.1-', 'KI270727.1+', 'KI270728.1-', 'KI270728.1+', 'KI270731.1-', 'KI270734.1-', 'KI270734.1+', 'MT-', 'MT+', 'X-', 'X+', 'Y-', 'Y+']
2020-08-27 21:49:09,241 - DEBUG - Mask available for chromosomes : []
2020-08-27 21:49:09,241 - DEBUG - Summarizing the results of intron validation.
2020-08-27 21:49:09,859 - DEBUG - Validated 587139 introns (of which unique intervals 188376) out of 996444 total possible introns (considering each possible transcript models).
2020-08-27 21:49:09,860 - DEBUG - Reading /net/isi-dcnl/ifs/user_data/abild/Megatron_data/COH064/FEL041043.mRNA/FEL041_count03/FEL041_M/outs/cellsorted_possorted_genome_bam.bam
2020-08-27 21:49:09,892 - DEBUG - Read first 0 million reads
2020-08-27 21:49:46,390 - DEBUG - Read first 10 million reads
2020-08-27 21:50:22,619 - DEBUG - Counting for batch 1, containing 100 cells and 2216984 reads
2020-08-27 21:51:36,480 - DEBUG - 0 reads not considered because fully enclosed in repeat masked regions
2020-08-27 21:52:17,278 - DEBUG - Counting for batch 2, containing 100 cells and 1902699 reads
2020-08-27 21:53:18,743 - DEBUG - 0 reads not considered because fully enclosed in repeat masked regions
2020-08-27 21:53:52,150 - DEBUG - Read first 20 million reads
2020-08-27 21:54:00,699 - DEBUG - Counting for batch 3, containing 100 cells and 2038160 reads
2020-08-27 21:55:05,937 - DEBUG - 0 reads not considered because fully enclosed in repeat masked regions
2020-08-27 21:55:50,966 - DEBUG - Counting for batch 4, containing 100 cells and 1978857 reads
2020-08-27 21:56:55,258 - DEBUG - 0 reads not considered because fully enclosed in repeat masked regions
2020-08-27 21:57:46,393 - DEBUG - Counting for batch 5, containing 100 cells and 2678225 reads
2020-08-27 21:59:14,710 - DEBUG - 0 reads not considered because fully enclosed in repeat masked regions
2020-08-27 21:59:50,761 - DEBUG - Read first 30 million reads
2020-08-27 21:59:59,394 - DEBUG - Counting for batch 6, containing 100 cells and 1933211 reads
2020-08-27 22:01:00,088 - DEBUG - 0 reads not considered because fully enclosed in repeat masked regions
2020-08-27 22:01:41,789 - DEBUG - Counting for batch 7, containing 100 cells and 1916641 reads
2020-08-27 22:02:43,658 - DEBUG - 0 reads not considered because fully enclosed in repeat masked regions
2020-08-27 22:03:26,321 - DEBUG - Counting for batch 8, containing 100 cells and 2126506 reads
2020-08-27 22:04:37,939 - DEBUG - 0 reads not considered because fully enclosed in repeat masked regions
2020-08-27 22:05:19,677 - DEBUG - Read first 40 million reads
2020-08-27 22:05:21,958 - DEBUG - Counting for batch 9, containing 100 cells and 2054956 reads
2020-08-27 22:06:32,483 - DEBUG - 0 reads not considered because fully enclosed in repeat masked regions
2020-08-27 22:07:17,795 - DEBUG - Counting for batch 10, containing 100 cells and 2354453 reads
2020-08-27 22:08:37,097 - DEBUG - 0 reads not considered because fully enclosed in repeat masked regions
2020-08-27 22:09:18,460 - DEBUG - Counting for batch 11, containing 100 cells and 1950999 reads
2020-08-27 22:10:24,784 - DEBUG - 0 reads not considered because fully enclosed in repeat masked regions
2020-08-27 22:11:06,626 - DEBUG - Counting for batch 12, containing 100 cells and 1993804 reads
2020-08-27 22:12:13,984 - DEBUG - 0 reads not considered because fully enclosed in repeat masked regions
2020-08-27 22:12:28,935 - DEBUG - Read first 50 million reads
2020-08-27 22:12:57,952 - DEBUG - Counting for batch 13, containing 100 cells and 2045504 reads
2020-08-27 22:14:04,046 - DEBUG - 0 reads not considered because fully enclosed in repeat masked regions
2020-08-27 22:14:53,767 - DEBUG - Counting for batch 14, containing 100 cells and 2314149 reads
2020-08-27 22:16:07,715 - DEBUG - 0 reads not considered because fully enclosed in repeat masked regions
2020-08-27 22:16:55,906 - DEBUG - Read first 60 million reads
2020-08-27 22:16:58,367 - DEBUG - Counting for batch 15, containing 100 cells and 2257356 reads
2020-08-27 22:18:10,201 - DEBUG - 0 reads not considered because fully enclosed in repeat masked regions
2020-08-27 22:19:01,546 - DEBUG - Counting for batch 16, containing 100 cells and 2548346 reads
2020-08-27 22:20:25,039 - DEBUG - 0 reads not considered because fully enclosed in repeat masked regions
2020-08-27 22:21:08,607 - DEBUG - Counting for batch 17, containing 100 cells and 1876365 reads
2020-08-27 22:22:12,249 - DEBUG - 0 reads not considered because fully enclosed in repeat masked regions
2020-08-27 22:22:54,132 - DEBUG - Counting for batch 18, containing 100 cells and 2082494 reads
2020-08-27 22:24:03,810 - DEBUG - 0 reads not considered because fully enclosed in repeat masked regions
2020-08-27 22:24:20,421 - DEBUG - Read first 70 million reads
2020-08-27 22:24:47,867 - DEBUG - Counting for batch 19, containing 100 cells and 2102974 reads
2020-08-27 22:25:54,837 - DEBUG - 0 reads not considered because fully enclosed in repeat masked regions
2020-08-27 22:26:38,340 - DEBUG - Counting for batch 20, containing 100 cells and 2063916 reads
2020-08-27 22:27:47,938 - DEBUG - 0 reads not considered because fully enclosed in repeat masked regions
2020-08-27 22:28:31,405 - DEBUG - Counting for batch 21, containing 100 cells and 2227369 reads
2020-08-27 22:29:46,228 - DEBUG - 0 reads not considered because fully enclosed in repeat masked regions
2020-08-27 22:30:07,947 - DEBUG - Read first 80 million reads
2020-08-27 22:30:25,665 - DEBUG - Counting for batch 22, containing 100 cells and 1687879 reads
2020-08-27 22:31:21,217 - DEBUG - 0 reads not considered because fully enclosed in repeat masked regions
2020-08-27 22:32:02,886 - DEBUG - Counting for batch 23, containing 100 cells and 2002860 reads
2020-08-27 22:33:11,121 - DEBUG - 0 reads not considered because fully enclosed in repeat masked regions
2020-08-27 22:33:53,188 - DEBUG - Counting for batch 24, containing 100 cells and 1973420 reads
2020-08-27 22:34:58,772 - DEBUG - 0 reads not considered because fully enclosed in repeat masked regions
2020-08-27 22:35:30,341 - DEBUG - Read first 90 million reads
2020-08-27 22:35:43,027 - DEBUG - Counting for batch 25, containing 100 cells and 2053658 reads
2020-08-27 22:36:53,742 - DEBUG - 0 reads not considered because fully enclosed in repeat masked regions
2020-08-27 22:37:35,260 - DEBUG - Counting for batch 26, containing 100 cells and 1856673 reads
2020-08-27 22:38:36,369 - DEBUG - 0 reads not considered because fully enclosed in repeat masked regions
2020-08-27 22:39:24,558 - DEBUG - Counting for batch 27, containing 100 cells and 2444222 reads
2020-08-27 22:40:46,300 - DEBUG - 0 reads not considered because fully enclosed in repeat masked regions
2020-08-27 22:41:20,753 - DEBUG - Read first 100 million reads
2020-08-27 22:41:32,921 - DEBUG - Counting for batch 28, containing 100 cells and 2154481 reads
2020-08-27 22:42:41,268 - DEBUG - 0 reads not considered because fully enclosed in repeat masked regions
2020-08-27 22:43:26,445 - DEBUG - Counting for batch 29, containing 100 cells and 1992918 reads
2020-08-27 22:44:31,424 - DEBUG - 0 reads not considered because fully enclosed in repeat masked regions
2020-08-27 22:45:17,985 - DEBUG - Counting for batch 30, containing 100 cells and 2254037 reads
2020-08-27 22:46:33,691 - DEBUG - 0 reads not considered because fully enclosed in repeat masked regions
2020-08-27 22:47:10,337 - DEBUG - Read first 110 million reads
2020-08-27 22:47:19,519 - DEBUG - Counting for batch 31, containing 100 cells and 2029982 reads
2020-08-27 22:48:24,740 - DEBUG - 0 reads not considered because fully enclosed in repeat masked regions
2020-08-27 22:49:11,955 - DEBUG - Counting for batch 32, containing 100 cells and 2307640 reads
2020-08-27 22:50:24,553 - DEBUG - 0 reads not considered because fully enclosed in repeat masked regions
2020-08-27 22:51:12,071 - DEBUG - Counting for batch 33, containing 100 cells and 2074589 reads
2020-08-27 22:52:21,636 - DEBUG - 0 reads not considered because fully enclosed in repeat masked regions
2020-08-27 22:52:58,664 - DEBUG - Read first 120 million reads
2020-08-27 22:53:06,333 - DEBUG - Counting for batch 34, containing 100 cells and 2146534 reads
2020-08-27 22:54:15,643 - DEBUG - 0 reads not considered because fully enclosed in repeat masked regions
2020-08-27 22:55:00,428 - DEBUG - Counting for batch 35, containing 100 cells and 1934412 reads
2020-08-27 22:56:02,584 - DEBUG - 0 reads not considered because fully enclosed in repeat masked regions
2020-08-27 22:56:46,704 - DEBUG - Counting for batch 36, containing 100 cells and 1994927 reads
2020-08-27 22:57:51,812 - DEBUG - 0 reads not considered because fully enclosed in repeat masked regions
2020-08-27 22:58:36,726 - DEBUG - Read first 130 million reads
2020-08-27 22:58:37,493 - DEBUG - Counting for batch 37, containing 100 cells and 2136845 reads
2020-08-27 22:59:45,256 - DEBUG - 0 reads not considered because fully enclosed in repeat masked regions
2020-08-27 23:00:29,156 - DEBUG - Counting for batch 38, containing 100 cells and 1873976 reads
2020-08-27 23:01:32,816 - DEBUG - 0 reads not considered because fully enclosed in repeat masked regions
2020-08-27 23:02:14,400 - DEBUG - Counting for batch 39, containing 100 cells and 2127633 reads
2020-08-27 23:03:22,687 - DEBUG - 0 reads not considered because fully enclosed in repeat masked regions
2020-08-27 23:04:11,996 - DEBUG - Counting for batch 40, containing 100 cells and 2192893 reads
2020-08-27 23:05:23,303 - DEBUG - 0 reads not considered because fully enclosed in repeat masked regions
2020-08-27 23:05:43,955 - DEBUG - Read first 140 million reads
2020-08-27 23:06:07,252 - DEBUG - Counting for batch 41, containing 100 cells and 1812956 reads
2020-08-27 23:07:06,012 - DEBUG - 0 reads not considered because fully enclosed in repeat masked regions
2020-08-27 23:07:48,591 - DEBUG - Counting for batch 42, containing 100 cells and 1992756 reads
2020-08-27 23:08:57,653 - DEBUG - 0 reads not considered because fully enclosed in repeat masked regions
2020-08-27 23:09:34,554 - DEBUG - Counting for batch 43, containing 100 cells and 1808088 reads
2020-08-27 23:10:37,221 - DEBUG - 0 reads not considered because fully enclosed in repeat masked regions
2020-08-27 23:11:04,438 - DEBUG - Read first 150 million reads
2020-08-27 23:11:19,064 - DEBUG - Counting for batch 44, containing 100 cells and 2158607 reads
2020-08-27 23:12:29,182 - DEBUG - 0 reads not considered because fully enclosed in repeat masked regions
2020-08-27 23:13:15,895 - DEBUG - Counting for batch 45, containing 100 cells and 2047177 reads
2020-08-27 23:14:26,155 - DEBUG - 0 reads not considered because fully enclosed in repeat masked regions
2020-08-27 23:15:05,026 - DEBUG - Counting for batch 46, containing 100 cells and 1708071 reads
2020-08-27 23:16:03,342 - DEBUG - 0 reads not considered because fully enclosed in repeat masked regions
2020-08-27 23:16:35,234 - DEBUG - Read first 160 million reads
2020-08-27 23:16:38,533 - DEBUG - Counting for batch 47, containing 100 cells and 1813707 reads
2020-08-27 23:17:40,434 - DEBUG - 0 reads not considered because fully enclosed in repeat masked regions
2020-08-27 23:18:22,021 - DEBUG - Counting for batch 48, containing 100 cells and 2212421 reads
2020-08-27 23:19:34,311 - DEBUG - 0 reads not considered because fully enclosed in repeat masked regions
2020-08-27 23:20:17,050 - DEBUG - Counting for batch 49, containing 100 cells and 1879071 reads
2020-08-27 23:21:16,659 - DEBUG - 0 reads not considered because fully enclosed in repeat masked regions
2020-08-27 23:21:52,485 - DEBUG - Counting for batch 50, containing 100 cells and 1602215 reads
2020-08-27 23:22:50,833 - DEBUG - 0 reads not considered because fully enclosed in repeat masked regions
2020-08-27 23:23:10,245 - DEBUG - Read first 170 million reads
2020-08-27 23:23:28,400 - DEBUG - Counting for batch 51, containing 100 cells and 1916353 reads
2020-08-27 23:24:30,998 - DEBUG - 0 reads not considered because fully enclosed in repeat masked regions
2020-08-27 23:25:10,736 - DEBUG - Counting for batch 52, containing 100 cells and 1857442 reads
2020-08-27 23:26:14,175 - DEBUG - 0 reads not considered because fully enclosed in repeat masked regions
2020-08-27 23:26:53,800 - DEBUG - Counting for batch 53, containing 100 cells and 1992829 reads
2020-08-27 23:27:58,578 - DEBUG - 0 reads not considered because fully enclosed in repeat masked regions
2020-08-27 23:28:33,973 - DEBUG - Read first 180 million reads
2020-08-27 23:28:44,864 - DEBUG - Counting for batch 54, containing 100 cells and 2246043 reads
2020-08-27 23:29:59,862 - DEBUG - 0 reads not considered because fully enclosed in repeat masked regions
2020-08-27 23:30:42,094 - DEBUG - Counting for batch 55, containing 100 cells and 1724385 reads
2020-08-27 23:31:38,511 - DEBUG - 0 reads not considered because fully enclosed in repeat masked regions
2020-08-27 23:32:19,004 - DEBUG - Counting for batch 56, containing 100 cells and 1993021 reads
2020-08-27 23:33:26,802 - DEBUG - 0 reads not considered because fully enclosed in repeat masked regions
2020-08-27 23:34:07,016 - DEBUG - Counting for batch 57, containing 100 cells and 1927946 reads
2020-08-27 23:35:09,328 - DEBUG - 0 reads not considered because fully enclosed in repeat masked regions
2020-08-27 23:35:23,104 - DEBUG - Read first 190 million reads
2020-08-27 23:35:53,860 - DEBUG - Counting for batch 58, containing 100 cells and 2093324 reads
2020-08-27 23:37:06,013 - DEBUG - 0 reads not considered because fully enclosed in repeat masked regions
2020-08-27 23:37:47,158 - DEBUG - Counting for batch 59, containing 100 cells and 2016956 reads
2020-08-27 23:38:55,073 - DEBUG - 0 reads not considered because fully enclosed in repeat masked regions
2020-08-27 23:39:40,212 - DEBUG - Counting for batch 60, containing 100 cells and 2183840 reads
2020-08-27 23:40:49,357 - DEBUG - 0 reads not considered because fully enclosed in repeat masked regions
2020-08-27 23:41:05,285 - DEBUG - Read first 200 million reads
2020-08-27 23:41:33,490 - DEBUG - Counting for batch 61, containing 100 cells and 1964406 reads
2020-08-27 23:42:39,017 - DEBUG - 0 reads not considered because fully enclosed in repeat masked regions
2020-08-27 23:43:22,586 - DEBUG - Counting for batch 62, containing 100 cells and 1881586 reads
2020-08-27 23:44:23,466 - DEBUG - 0 reads not considered because fully enclosed in repeat masked regions
2020-08-27 23:45:11,375 - DEBUG - Counting for batch 63, containing 100 cells and 2373937 reads
2020-08-27 23:46:29,118 - DEBUG - 0 reads not considered because fully enclosed in repeat masked regions
2020-08-27 23:46:51,024 - DEBUG - Read first 210 million reads
2020-08-27 23:47:11,562 - DEBUG - Counting for batch 64, containing 100 cells and 1985025 reads
2020-08-27 23:48:14,379 - DEBUG - 0 reads not considered because fully enclosed in repeat masked regions
2020-08-27 23:48:58,998 - DEBUG - Counting for batch 65, containing 100 cells and 1951566 reads
2020-08-27 23:50:02,198 - DEBUG - 0 reads not considered because fully enclosed in repeat masked regions
2020-08-27 23:50:46,809 - DEBUG - Counting for batch 66, containing 100 cells and 2117140 reads
2020-08-27 23:51:58,700 - DEBUG - 0 reads not considered because fully enclosed in repeat masked regions
2020-08-27 23:52:25,830 - DEBUG - Read first 220 million reads
2020-08-27 23:52:43,318 - DEBUG - Counting for batch 67, containing 100 cells and 2309486 reads
2020-08-27 23:54:01,893 - DEBUG - 0 reads not considered because fully enclosed in repeat masked regions
2020-08-27 23:54:44,683 - DEBUG - Counting for batch 68, containing 100 cells and 2053867 reads
2020-08-27 23:55:54,273 - DEBUG - 0 reads not considered because fully enclosed in repeat masked regions
2020-08-27 23:56:40,117 - DEBUG - Counting for batch 69, containing 100 cells and 2250925 reads
2020-08-27 23:57:54,660 - DEBUG - 0 reads not considered because fully enclosed in repeat masked regions
2020-08-27 23:58:20,142 - DEBUG - Read first 230 million reads
2020-08-27 23:58:36,429 - DEBUG - Counting for batch 70, containing 100 cells and 1871572 reads
2020-08-27 23:59:39,855 - DEBUG - 0 reads not considered because fully enclosed in repeat masked regions
2020-08-28 00:00:23,381 - DEBUG - Counting for batch 71, containing 100 cells and 2155883 reads
2020-08-28 00:01:30,570 - DEBUG - 0 reads not considered because fully enclosed in repeat masked regions
2020-08-28 00:02:13,704 - DEBUG - Counting for batch 72, containing 100 cells and 1783676 reads
2020-08-28 00:03:17,865 - DEBUG - 0 reads not considered because fully enclosed in repeat masked regions
2020-08-28 00:03:47,633 - DEBUG - Read first 240 million reads
2020-08-28 00:03:58,295 - DEBUG - Counting for batch 73, containing 100 cells and 2046039 reads
2020-08-28 00:05:02,464 - DEBUG - 0 reads not considered because fully enclosed in repeat masked regions
2020-08-28 00:05:45,755 - DEBUG - Counting for batch 74, containing 100 cells and 2134084 reads
2020-08-28 00:06:56,293 - DEBUG - 0 reads not considered because fully enclosed in repeat masked regions
2020-08-28 00:07:34,683 - DEBUG - Counting for batch 75, containing 100 cells and 1848986 reads
2020-08-28 00:08:36,905 - DEBUG - 0 reads not considered because fully enclosed in repeat masked regions
2020-08-28 00:09:10,586 - DEBUG - Read first 250 million reads
2020-08-28 00:09:12,110 - DEBUG - Counting for batch 76, containing 100 cells and 1852277 reads
2020-08-28 00:10:13,675 - DEBUG - 0 reads not considered because fully enclosed in repeat masked regions
2020-08-28 00:10:53,975 - DEBUG - Counting for batch 77, containing 100 cells and 1945625 reads
2020-08-28 00:11:55,837 - DEBUG - 0 reads not considered because fully enclosed in repeat masked regions
2020-08-28 00:12:37,604 - DEBUG - Counting for batch 78, containing 100 cells and 2099352 reads
2020-08-28 00:13:46,725 - DEBUG - 0 reads not considered because fully enclosed in repeat masked regions
2020-08-28 00:14:25,413 - DEBUG - Counting for batch 79, containing 100 cells and 2107033 reads
2020-08-28 00:15:33,567 - DEBUG - 0 reads not considered because fully enclosed in repeat masked regions
2020-08-28 00:15:53,122 - DEBUG - Read first 260 million reads
2020-08-28 00:16:16,983 - DEBUG - Counting for batch 80, containing 100 cells and 2111189 reads
2020-08-28 00:17:22,674 - DEBUG - 0 reads not considered because fully enclosed in repeat masked regions
2020-08-28 00:18:03,862 - DEBUG - Counting for batch 81, containing 100 cells and 1736770 reads
2020-08-28 00:18:59,671 - DEBUG - 0 reads not considered because fully enclosed in repeat masked regions
2020-08-28 00:19:37,399 - DEBUG - Counting for batch 82, containing 100 cells and 1691895 reads
2020-08-28 00:20:32,379 - DEBUG - 0 reads not considered because fully enclosed in repeat masked regions
2020-08-28 00:21:02,548 - DEBUG - Read first 270 million reads
2020-08-28 00:21:13,554 - DEBUG - Counting for batch 83, containing 100 cells and 2145579 reads
2020-08-28 00:22:24,642 - DEBUG - 0 reads not considered because fully enclosed in repeat masked regions
2020-08-28 00:23:05,606 - DEBUG - Counting for batch 84, containing 100 cells and 1990225 reads
2020-08-28 00:24:08,549 - DEBUG - 0 reads not considered because fully enclosed in repeat masked regions
2020-08-28 00:24:49,372 - DEBUG - Counting for batch 85, containing 100 cells and 1870074 reads
2020-08-28 00:25:48,316 - DEBUG - 0 reads not considered because fully enclosed in repeat masked regions
2020-08-28 00:26:30,884 - DEBUG - Read first 280 million reads
2020-08-28 00:26:34,188 - DEBUG - Counting for batch 86, containing 100 cells and 2334601 reads
2020-08-28 00:27:50,799 - DEBUG - 0 reads not considered because fully enclosed in repeat masked regions
2020-08-28 00:28:40,065 - DEBUG - Counting for batch 87, containing 100 cells and 2434879 reads
2020-08-28 00:29:59,876 - DEBUG - 0 reads not considered because fully enclosed in repeat masked regions
2020-08-28 00:30:40,070 - DEBUG - Counting for batch 88, containing 100 cells and 1906492 reads
2020-08-28 00:31:40,799 - DEBUG - 0 reads not considered because fully enclosed in repeat masked regions
2020-08-28 00:32:24,891 - DEBUG - Read first 290 million reads
2020-08-28 00:32:26,900 - DEBUG - Counting for batch 89, containing 100 cells and 2209969 reads
2020-08-28 00:33:39,095 - DEBUG - 0 reads not considered because fully enclosed in repeat masked regions
2020-08-28 00:34:23,780 - DEBUG - Counting for batch 90, containing 100 cells and 2346107 reads
2020-08-28 00:35:36,130 - DEBUG - 0 reads not considered because fully enclosed in repeat masked regions
2020-08-28 00:36:22,261 - DEBUG - Counting for batch 91, containing 100 cells and 1987603 reads
2020-08-28 00:37:25,291 - DEBUG - 0 reads not considered because fully enclosed in repeat masked regions
2020-08-28 00:38:12,519 - DEBUG - Counting for batch 92, containing 100 cells and 2256937 reads
2020-08-28 00:39:22,893 - DEBUG - 0 reads not considered because fully enclosed in repeat masked regions
2020-08-28 00:39:38,225 - DEBUG - Read first 300 million reads
2020-08-28 00:40:09,356 - DEBUG - Counting for batch 93, containing 100 cells and 2158180 reads
2020-08-28 00:41:21,138 - DEBUG - 0 reads not considered because fully enclosed in repeat masked regions
2020-08-28 00:42:03,716 - DEBUG - Counting for batch 94, containing 100 cells and 2156861 reads
2020-08-28 00:43:14,434 - DEBUG - 0 reads not considered because fully enclosed in repeat masked regions
2020-08-28 00:43:57,618 - DEBUG - Counting for batch 95, containing 100 cells and 2220318 reads
2020-08-28 00:45:06,706 - DEBUG - 0 reads not considered because fully enclosed in repeat masked regions
2020-08-28 00:45:26,567 - DEBUG - Read first 310 million reads
2020-08-28 00:45:51,183 - DEBUG - Counting for batch 96, containing 100 cells and 1874661 reads
2020-08-28 00:46:51,109 - DEBUG - 0 reads not considered because fully enclosed in repeat masked regions
2020-08-28 00:47:32,087 - DEBUG - Counting for batch 97, containing 100 cells and 1876876 reads
2020-08-28 00:48:31,967 - DEBUG - 0 reads not considered because fully enclosed in repeat masked regions
2020-08-28 00:49:10,302 - DEBUG - Counting for batch 98, containing 100 cells and 1791671 reads
2020-08-28 00:50:10,509 - DEBUG - 0 reads not considered because fully enclosed in repeat masked regions
2020-08-28 00:50:36,638 - DEBUG - Read first 320 million reads
2020-08-28 00:50:55,251 - DEBUG - Counting for batch 99, containing 100 cells and 2363949 reads
2020-08-28 00:52:13,935 - DEBUG - 0 reads not considered because fully enclosed in repeat masked regions
2020-08-28 00:53:00,062 - DEBUG - Counting for batch 100, containing 100 cells and 2322138 reads
2020-08-28 00:54:17,336 - DEBUG - 0 reads not considered because fully enclosed in repeat masked regions
2020-08-28 00:54:57,807 - DEBUG - Counting for batch 101, containing 100 cells and 1994000 reads
2020-08-28 00:56:04,897 - DEBUG - 0 reads not considered because fully enclosed in repeat masked regions
2020-08-28 00:56:32,764 - DEBUG - Read first 330 million reads
2020-08-28 00:56:43,501 - DEBUG - Counting for batch 102, containing 100 cells and 1929840 reads
2020-08-28 00:57:48,501 - DEBUG - 0 reads not considered because fully enclosed in repeat masked regions
2020-08-28 00:58:24,616 - DEBUG - Counting for batch 103, containing 100 cells and 1888608 reads
2020-08-28 00:59:27,538 - DEBUG - 0 reads not considered because fully enclosed in repeat masked regions
2020-08-28 01:00:05,872 - DEBUG - Counting for batch 104, containing 100 cells and 1920272 reads
2020-08-28 01:01:07,186 - DEBUG - 0 reads not considered because fully enclosed in repeat masked regions
2020-08-28 01:01:52,087 - DEBUG - Read first 340 million reads
2020-08-28 01:01:52,487 - DEBUG - Counting for batch 105, containing 100 cells and 2092908 reads
2020-08-28 01:02:59,124 - DEBUG - 0 reads not considered because fully enclosed in repeat masked regions
2020-08-28 01:03:41,150 - DEBUG - Counting for batch 106, containing 100 cells and 1897133 reads
2020-08-28 01:04:44,622 - DEBUG - 0 reads not considered because fully enclosed in repeat masked regions
2020-08-28 01:05:28,205 - DEBUG - Counting for batch 107, containing 100 cells and 2152449 reads
2020-08-28 01:06:35,094 - DEBUG - 0 reads not considered because fully enclosed in repeat masked regions
2020-08-28 01:07:22,261 - DEBUG - Counting for batch 108, containing 100 cells and 2157501 reads
2020-08-28 01:08:30,471 - DEBUG - 0 reads not considered because fully enclosed in repeat masked regions
2020-08-28 01:08:47,905 - DEBUG - Read first 350 million reads
2020-08-28 01:09:20,563 - DEBUG - Counting for batch 109, containing 100 cells and 2387130 reads
2020-08-28 01:10:34,442 - DEBUG - 0 reads not considered because fully enclosed in repeat masked regions
2020-08-28 01:11:22,017 - DEBUG - Counting for batch 110, containing 100 cells and 2150024 reads
2020-08-28 01:12:31,534 - DEBUG - 0 reads not considered because fully enclosed in repeat masked regions
2020-08-28 01:13:09,807 - DEBUG - Counting for batch 111, containing 100 cells and 1751157 reads
2020-08-28 01:14:05,944 - DEBUG - 0 reads not considered because fully enclosed in repeat masked regions
2020-08-28 01:14:26,647 - DEBUG - Read first 360 million reads
2020-08-28 01:14:49,618 - DEBUG - Counting for batch 112, containing 100 cells and 1959706 reads
2020-08-28 01:15:53,179 - DEBUG - 0 reads not considered because fully enclosed in repeat masked regions
2020-08-28 01:16:32,977 - DEBUG - Counting for batch 113, containing 100 cells and 1796681 reads
2020-08-28 01:17:33,367 - DEBUG - 0 reads not considered because fully enclosed in repeat masked regions
2020-08-28 01:18:13,177 - DEBUG - Counting for batch 114, containing 100 cells and 2174889 reads
2020-08-28 01:19:23,976 - DEBUG - 0 reads not considered because fully enclosed in repeat masked regions
2020-08-28 01:19:52,188 - DEBUG - Read first 370 million reads
2020-08-28 01:20:04,526 - DEBUG - Counting for batch 115, containing 100 cells and 1811170 reads
2020-08-28 01:21:06,262 - DEBUG - 0 reads not considered because fully enclosed in repeat masked regions
2020-08-28 01:21:45,028 - DEBUG - Counting for batch 116, containing 100 cells and 2000224 reads
2020-08-28 01:22:52,759 - DEBUG - 0 reads not considered because fully enclosed in repeat masked regions
2020-08-28 01:23:31,885 - DEBUG - Counting for batch 117, containing 100 cells and 1828222 reads
2020-08-28 01:24:34,234 - DEBUG - 0 reads not considered because fully enclosed in repeat masked regions
2020-08-28 01:25:11,525 - DEBUG - Read first 380 million reads
2020-08-28 01:25:11,760 - DEBUG - Counting for batch 118, containing 100 cells and 1855294 reads
2020-08-28 01:26:15,038 - DEBUG - 0 reads not considered because fully enclosed in repeat masked regions
2020-08-28 01:26:49,878 - DEBUG - Counting for batch 119, containing 100 cells and 1781450 reads
2020-08-28 01:27:46,788 - DEBUG - 0 reads not considered because fully enclosed in repeat masked regions
2020-08-28 01:28:31,866 - DEBUG - Counting for batch 120, containing 100 cells and 2008209 reads
2020-08-28 01:29:36,833 - DEBUG - 0 reads not considered because fully enclosed in repeat masked regions
2020-08-28 01:30:19,383 - DEBUG - Counting for batch 121, containing 100 cells and 2008868 reads
2020-08-28 01:31:27,115 - DEBUG - 0 reads not considered because fully enclosed in repeat masked regions
2020-08-28 01:31:52,290 - DEBUG - Read first 390 million reads
2020-08-28 01:32:05,835 - DEBUG - Counting for batch 122, containing 100 cells and 1996328 reads
2020-08-28 01:33:13,066 - DEBUG - 0 reads not considered because fully enclosed in repeat masked regions
2020-08-28 01:33:47,477 - DEBUG - Counting for batch 123, containing 78 cells and 1438395 reads
2020-08-28 01:34:39,864 - DEBUG - 0 reads not considered because fully enclosed in repeat masked regions
2020-08-28 01:34:51,293 - DEBUG - 7503946 reads were skipped because no apropiate cell or umi barcode was found
2020-08-28 01:34:51,294 - DEBUG - Counting done!
2020-08-28 01:34:51,361 - DEBUG - Generating output file /net/isi-dcnl/ifs/user_data/abild/Megatron_data/COH064/FEL041043.mRNA/FEL041_count03/FEL041_M/velocyto/FEL041_M.loom
2020-08-28 01:34:51,361 - DEBUG - Collecting row attributes
2020-08-28 01:34:51,474 - DEBUG - Generating data table
2020-08-28 01:34:56,589 - DEBUG - Writing loom file
2020-08-28 01:35:23,052 - DEBUG - Terminated Succesfully!
Start: 1598585480
End: 1598603727
Run time: 18247
Done
