CPU: 16
N: 40
Step1: Analyze spliced and unspliced reads and genrate a loom file for velocityR
Run velocyto to generate loom file
2020-08-27 18:27:51,877 - DEBUG - Using logic: Default
2020-08-27 18:27:51,902 - INFO - Read 4245 cell barcodes from /net/isi-dcnl/ifs/user_data/abild/Megatron_data/COH055/FEL025028.mRNA/cell_ranger/FEL025_M/outs/filtered_feature_bc_matrix/barcodes.tsv.gz
2020-08-27 18:27:51,902 - DEBUG - Example of barcode: AAACCCAAGCATTGAA and cell_id: FEL025_M:AAACCCAAGCATTGAA-1
2020-08-27 18:27:51,915 - DEBUG - Peeking into /net/isi-dcnl/ifs/user_data/abild/Megatron_data/COH055/FEL025028.mRNA/cell_ranger/FEL025_M/outs/possorted_genome_bam.bam
2020-08-27 18:27:52,048 - WARNING - Not found cell and umi barcode in entry 2 of the bam file
2020-08-27 18:27:52,048 - WARNING - Not found cell and umi barcode in entry 3 of the bam file
2020-08-27 18:27:52,048 - WARNING - Not found cell and umi barcode in entry 4 of the bam file
2020-08-27 18:27:52,048 - WARNING - Not found cell and umi barcode in entry 8 of the bam file
2020-08-27 18:27:52,048 - WARNING - Not found cell and umi barcode in entry 9 of the bam file
2020-08-27 18:27:52,048 - WARNING - Not found cell and umi barcode in entry 10 of the bam file
2020-08-27 18:27:52,049 - WARNING - Not found cell and umi barcode in entry 12 of the bam file
2020-08-27 18:27:52,049 - WARNING - Not found cell and umi barcode in entry 13 of the bam file
2020-08-27 18:27:52,049 - WARNING - Not found cell and umi barcode in entry 14 of the bam file
2020-08-27 18:27:52,049 - WARNING - Not found cell and umi barcode in entry 19 of the bam file
2020-08-27 18:27:52,049 - WARNING - Not found cell and umi barcode in entry 20 of the bam file
2020-08-27 18:27:52,049 - WARNING - Not found cell and umi barcode in entry 21 of the bam file
2020-08-27 18:27:52,049 - WARNING - Not found cell and umi barcode in entry 30 of the bam file
2020-08-27 18:27:52,049 - WARNING - Not found cell and umi barcode in entry 31 of the bam file
2020-08-27 18:27:52,050 - WARNING - Not found cell and umi barcode in entry 194 of the bam file
2020-08-27 18:27:52,051 - WARNING - Not found cell and umi barcode in entry 443 of the bam file
2020-08-27 18:27:52,051 - WARNING - Not found cell and umi barcode in entry 459 of the bam file
2020-08-27 18:27:52,051 - WARNING - Not found cell and umi barcode in entry 460 of the bam file
2020-08-27 18:27:52,051 - WARNING - Not found cell and umi barcode in entry 509 of the bam file
2020-08-27 18:27:52,052 - WARNING - Not found cell and umi barcode in entry 754 of the bam file
2020-08-27 18:27:52,060 - WARNING - The file /net/isi-dcnl/ifs/user_data/abild/Megatron_data/COH055/FEL025028.mRNA/cell_ranger/FEL025_M/outs/cellsorted_possorted_genome_bam.bam already exists. The sorting step will be skipped and the existing file will be used.
2020-08-27 18:27:52,060 - INFO - Load the annotation from /net/isi-dcnl/ifs/user_data/abild/Genomes/refdata-cellranger-GRCh38-3.0.0/genes/genes.gtf
2020-08-27 18:28:00,607 - DEBUG - Parsing Chromosome 1 strand - [line 0]
2020-08-27 18:28:01,275 - DEBUG - Done with 1- [line 108728]
2020-08-27 18:28:01,275 - DEBUG - Assigning indexes to genes
2020-08-27 18:28:01,286 - DEBUG - Seen 1561 genes until now
2020-08-27 18:28:01,286 - DEBUG - Parsing Chromosome 1 strand + [line 108729]
2020-08-27 18:28:02,042 - DEBUG - Done with 1+ [line 232515]
2020-08-27 18:28:02,042 - DEBUG - Assigning indexes to genes
2020-08-27 18:28:02,054 - DEBUG - Seen 3154 genes until now
2020-08-27 18:28:02,054 - DEBUG - Parsing Chromosome 10 strand - [line 232516]
2020-08-27 18:28:02,523 - DEBUG - Done with 10- [line 279343]
2020-08-27 18:28:02,524 - DEBUG - Assigning indexes to genes
2020-08-27 18:28:02,527 - DEBUG - Seen 3737 genes until now
2020-08-27 18:28:02,527 - DEBUG - Parsing Chromosome 10 strand + [line 279344]
2020-08-27 18:28:02,722 - DEBUG - Done with 10+ [line 323872]
2020-08-27 18:28:02,722 - DEBUG - Assigning indexes to genes
2020-08-27 18:28:02,725 - DEBUG - Seen 4384 genes until now
2020-08-27 18:28:02,725 - DEBUG - Parsing Chromosome 11 strand - [line 323873]
2020-08-27 18:28:03,362 - DEBUG - Done with 11- [line 402908]
2020-08-27 18:28:03,362 - DEBUG - Assigning indexes to genes
2020-08-27 18:28:03,370 - DEBUG - Seen 5320 genes until now
2020-08-27 18:28:03,370 - DEBUG - Parsing Chromosome 11 strand + [line 402909]
2020-08-27 18:28:03,719 - DEBUG - Done with 11+ [line 482591]
2020-08-27 18:28:03,719 - DEBUG - Assigning indexes to genes
2020-08-27 18:28:03,726 - DEBUG - Seen 6305 genes until now
2020-08-27 18:28:03,726 - DEBUG - Parsing Chromosome 12 strand - [line 482592]
2020-08-27 18:28:04,395 - DEBUG - Done with 12- [line 559278]
2020-08-27 18:28:04,396 - DEBUG - Assigning indexes to genes
2020-08-27 18:28:04,402 - DEBUG - Seen 7177 genes until now
2020-08-27 18:28:04,402 - DEBUG - Parsing Chromosome 12 strand + [line 559279]
2020-08-27 18:28:04,726 - DEBUG - Done with 12+ [line 635173]
2020-08-27 18:28:04,726 - DEBUG - Assigning indexes to genes
2020-08-27 18:28:04,733 - DEBUG - Seen 8070 genes until now
2020-08-27 18:28:04,733 - DEBUG - Parsing Chromosome 13 strand - [line 635174]
2020-08-27 18:28:04,815 - DEBUG - Done with 13- [line 653523]
2020-08-27 18:28:04,815 - DEBUG - Assigning indexes to genes
2020-08-27 18:28:04,817 - DEBUG - Seen 8400 genes until now
2020-08-27 18:28:04,817 - DEBUG - Parsing Chromosome 13 strand + [line 653524]
2020-08-27 18:28:05,309 - DEBUG - Done with 13+ [line 673091]
2020-08-27 18:28:05,310 - DEBUG - Assigning indexes to genes
2020-08-27 18:28:05,312 - DEBUG - Seen 8736 genes until now
2020-08-27 18:28:05,312 - DEBUG - Parsing Chromosome 14 strand - [line 673092]
2020-08-27 18:28:05,502 - DEBUG - Done with 14- [line 716831]
2020-08-27 18:28:05,502 - DEBUG - Assigning indexes to genes
2020-08-27 18:28:05,506 - DEBUG - Seen 9452 genes until now
2020-08-27 18:28:05,506 - DEBUG - Parsing Chromosome 14 strand + [line 716832]
2020-08-27 18:28:05,712 - DEBUG - Done with 14+ [line 764942]
2020-08-27 18:28:05,712 - DEBUG - Assigning indexes to genes
2020-08-27 18:28:05,716 - DEBUG - Seen 10121 genes until now
2020-08-27 18:28:05,716 - DEBUG - Parsing Chromosome 15 strand - [line 764943]
2020-08-27 18:28:05,931 - DEBUG - Done with 15- [line 813803]
2020-08-27 18:28:05,931 - DEBUG - Assigning indexes to genes
2020-08-27 18:28:05,935 - DEBUG - Seen 10698 genes until now
2020-08-27 18:28:05,935 - DEBUG - Parsing Chromosome 15 strand + [line 813804]
2020-08-27 18:28:06,125 - DEBUG - Done with 15+ [line 857859]
2020-08-27 18:28:06,125 - DEBUG - Assigning indexes to genes
2020-08-27 18:28:06,129 - DEBUG - Seen 11256 genes until now
2020-08-27 18:28:06,129 - DEBUG - Parsing Chromosome 16 strand - [line 857860]
2020-08-27 18:28:06,772 - DEBUG - Done with 16- [line 911118]
2020-08-27 18:28:06,773 - DEBUG - Assigning indexes to genes
2020-08-27 18:28:06,778 - DEBUG - Seen 11998 genes until now
2020-08-27 18:28:06,778 - DEBUG - Parsing Chromosome 16 strand + [line 911119]
2020-08-27 18:28:07,078 - DEBUG - Done with 16+ [line 981663]
2020-08-27 18:28:07,078 - DEBUG - Assigning indexes to genes
2020-08-27 18:28:07,085 - DEBUG - Seen 12787 genes until now
2020-08-27 18:28:07,085 - DEBUG - Parsing Chromosome 17 strand - [line 981664]
2020-08-27 18:28:07,457 - DEBUG - Done with 17- [line 1066635]
2020-08-27 18:28:07,457 - DEBUG - Assigning indexes to genes
2020-08-27 18:28:07,466 - DEBUG - Seen 13775 genes until now
2020-08-27 18:28:07,466 - DEBUG - Parsing Chromosome 17 strand + [line 1066636]
2020-08-27 18:28:08,263 - DEBUG - Done with 17+ [line 1143834]
2020-08-27 18:28:08,263 - DEBUG - Assigning indexes to genes
2020-08-27 18:28:08,272 - DEBUG - Seen 14681 genes until now
2020-08-27 18:28:08,272 - DEBUG - Parsing Chromosome 18 strand - [line 1143835]
2020-08-27 18:28:08,380 - DEBUG - Done with 18- [line 1168496]
2020-08-27 18:28:08,380 - DEBUG - Assigning indexes to genes
2020-08-27 18:28:08,382 - DEBUG - Seen 15006 genes until now
2020-08-27 18:28:08,382 - DEBUG - Parsing Chromosome 18 strand + [line 1168497]
2020-08-27 18:28:08,472 - DEBUG - Done with 18+ [line 1189691]
2020-08-27 18:28:08,472 - DEBUG - Assigning indexes to genes
2020-08-27 18:28:08,474 - DEBUG - Seen 15343 genes until now
2020-08-27 18:28:08,474 - DEBUG - Parsing Chromosome 19 strand - [line 1189692]
2020-08-27 18:28:08,811 - DEBUG - Done with 19- [line 1268854]
2020-08-27 18:28:08,811 - DEBUG - Assigning indexes to genes
2020-08-27 18:28:08,819 - DEBUG - Seen 16352 genes until now
2020-08-27 18:28:08,819 - DEBUG - Parsing Chromosome 19 strand + [line 1268855]
2020-08-27 18:28:09,162 - DEBUG - Done with 19+ [line 1351833]
2020-08-27 18:28:09,162 - DEBUG - Assigning indexes to genes
2020-08-27 18:28:09,170 - DEBUG - Seen 17347 genes until now
2020-08-27 18:28:09,170 - DEBUG - Parsing Chromosome 2 strand - [line 1351834]
2020-08-27 18:28:09,590 - DEBUG - Done with 2- [line 1448710]
2020-08-27 18:28:09,591 - DEBUG - Assigning indexes to genes
2020-08-27 18:28:09,600 - DEBUG - Seen 18472 genes until now
2020-08-27 18:28:09,601 - DEBUG - Parsing Chromosome 2 strand + [line 1448711]
2020-08-27 18:28:10,591 - DEBUG - Done with 2+ [line 1542602]
2020-08-27 18:28:10,591 - DEBUG - Assigning indexes to genes
2020-08-27 18:28:10,601 - DEBUG - Seen 19632 genes until now
2020-08-27 18:28:10,601 - DEBUG - Parsing Chromosome 20 strand - [line 1542603]
2020-08-27 18:28:10,716 - DEBUG - Done with 20- [line 1569195]
2020-08-27 18:28:10,716 - DEBUG - Assigning indexes to genes
2020-08-27 18:28:10,718 - DEBUG - Seen 20079 genes until now
2020-08-27 18:28:10,718 - DEBUG - Parsing Chromosome 20 strand + [line 1569196]
2020-08-27 18:28:10,851 - DEBUG - Done with 20+ [line 1600541]
2020-08-27 18:28:10,851 - DEBUG - Assigning indexes to genes
2020-08-27 18:28:10,854 - DEBUG - Seen 20527 genes until now
2020-08-27 18:28:10,854 - DEBUG - Parsing Chromosome 21 strand - [line 1600542]
2020-08-27 18:28:10,914 - DEBUG - Done with 21- [line 1614106]
2020-08-27 18:28:10,914 - DEBUG - Assigning indexes to genes
2020-08-27 18:28:10,915 - DEBUG - Seen 20795 genes until now
2020-08-27 18:28:10,915 - DEBUG - Parsing Chromosome 21 strand + [line 1614107]
2020-08-27 18:28:10,980 - DEBUG - Done with 21+ [line 1628392]
2020-08-27 18:28:10,980 - DEBUG - Assigning indexes to genes
2020-08-27 18:28:10,981 - DEBUG - Seen 21029 genes until now
2020-08-27 18:28:10,981 - DEBUG - Parsing Chromosome 22 strand - [line 1628393]
2020-08-27 18:28:11,092 - DEBUG - Done with 22- [line 1653805]
2020-08-27 18:28:11,092 - DEBUG - Assigning indexes to genes
2020-08-27 18:28:11,095 - DEBUG - Seen 21391 genes until now
2020-08-27 18:28:11,095 - DEBUG - Parsing Chromosome 22 strand + [line 1653806]
2020-08-27 18:28:11,226 - DEBUG - Done with 22+ [line 1684245]
2020-08-27 18:28:11,226 - DEBUG - Assigning indexes to genes
2020-08-27 18:28:11,231 - DEBUG - Seen 21866 genes until now
2020-08-27 18:28:11,231 - DEBUG - Parsing Chromosome 3 strand - [line 1684246]
2020-08-27 18:28:11,568 - DEBUG - Done with 3- [line 1763939]
2020-08-27 18:28:11,568 - DEBUG - Assigning indexes to genes
2020-08-27 18:28:11,575 - DEBUG - Seen 22713 genes until now
2020-08-27 18:28:11,575 - DEBUG - Parsing Chromosome 3 strand + [line 1763940]
2020-08-27 18:28:11,915 - DEBUG - Done with 3+ [line 1844840]
2020-08-27 18:28:11,915 - DEBUG - Assigning indexes to genes
2020-08-27 18:28:11,922 - DEBUG - Seen 23585 genes until now
2020-08-27 18:28:11,922 - DEBUG - Parsing Chromosome 4 strand - [line 1844841]
2020-08-27 18:28:12,793 - DEBUG - Done with 4- [line 1898665]
2020-08-27 18:28:12,793 - DEBUG - Assigning indexes to genes
2020-08-27 18:28:12,798 - DEBUG - Seen 24246 genes until now
2020-08-27 18:28:12,798 - DEBUG - Parsing Chromosome 4 strand + [line 1898666]
2020-08-27 18:28:13,006 - DEBUG - Done with 4+ [line 1947617]
2020-08-27 18:28:13,006 - DEBUG - Assigning indexes to genes
2020-08-27 18:28:13,010 - DEBUG - Seen 24938 genes until now
2020-08-27 18:28:13,010 - DEBUG - Parsing Chromosome 5 strand - [line 1947618]
2020-08-27 18:28:13,258 - DEBUG - Done with 5- [line 2001140]
2020-08-27 18:28:13,259 - DEBUG - Assigning indexes to genes
2020-08-27 18:28:13,265 - DEBUG - Seen 25741 genes until now
2020-08-27 18:28:13,265 - DEBUG - Parsing Chromosome 5 strand + [line 2001141]
2020-08-27 18:28:13,526 - DEBUG - Done with 5+ [line 2062165]
2020-08-27 18:28:13,526 - DEBUG - Assigning indexes to genes
2020-08-27 18:28:13,532 - DEBUG - Seen 26599 genes until now
2020-08-27 18:28:13,532 - DEBUG - Parsing Chromosome 6 strand - [line 2062166]
2020-08-27 18:28:13,789 - DEBUG - Done with 6- [line 2121425]
2020-08-27 18:28:13,789 - DEBUG - Assigning indexes to genes
2020-08-27 18:28:13,794 - DEBUG - Seen 27435 genes until now
2020-08-27 18:28:13,794 - DEBUG - Parsing Chromosome 6 strand + [line 2121426]
2020-08-27 18:28:14,021 - DEBUG - Done with 6+ [line 2176078]
2020-08-27 18:28:14,021 - DEBUG - Assigning indexes to genes
2020-08-27 18:28:14,026 - DEBUG - Seen 28231 genes until now
2020-08-27 18:28:14,026 - DEBUG - Parsing Chromosome 7 strand - [line 2176079]
2020-08-27 18:28:14,277 - DEBUG - Done with 7- [line 2233605]
2020-08-27 18:28:14,277 - DEBUG - Assigning indexes to genes
2020-08-27 18:28:14,282 - DEBUG - Seen 28953 genes until now
2020-08-27 18:28:14,282 - DEBUG - Parsing Chromosome 7 strand + [line 2233606]
2020-08-27 18:28:14,546 - DEBUG - Done with 7+ [line 2295513]
2020-08-27 18:28:14,546 - DEBUG - Assigning indexes to genes
2020-08-27 18:28:14,551 - DEBUG - Seen 29770 genes until now
2020-08-27 18:28:14,551 - DEBUG - Parsing Chromosome 8 strand - [line 2295514]
2020-08-27 18:28:14,764 - DEBUG - Done with 8- [line 2343289]
2020-08-27 18:28:14,765 - DEBUG - Assigning indexes to genes
2020-08-27 18:28:14,769 - DEBUG - Seen 30442 genes until now
2020-08-27 18:28:14,769 - DEBUG - Parsing Chromosome 8 strand + [line 2343290]
2020-08-27 18:28:14,961 - DEBUG - Done with 8+ [line 2386793]
2020-08-27 18:28:14,962 - DEBUG - Assigning indexes to genes
2020-08-27 18:28:14,966 - DEBUG - Seen 31090 genes until now
2020-08-27 18:28:14,966 - DEBUG - Parsing Chromosome 9 strand - [line 2386794]
2020-08-27 18:28:15,950 - DEBUG - Done with 9- [line 2430389]
2020-08-27 18:28:15,950 - DEBUG - Assigning indexes to genes
2020-08-27 18:28:15,954 - DEBUG - Seen 31710 genes until now
2020-08-27 18:28:15,954 - DEBUG - Parsing Chromosome 9 strand + [line 2430390]
2020-08-27 18:28:16,155 - DEBUG - Done with 9+ [line 2477312]
2020-08-27 18:28:16,155 - DEBUG - Assigning indexes to genes
2020-08-27 18:28:16,159 - DEBUG - Seen 32318 genes until now
2020-08-27 18:28:16,159 - DEBUG - Parsing Chromosome GL000009.2 strand - [line 2477313]
2020-08-27 18:28:16,159 - DEBUG - Done with GL000009.2- [line 2477320]
2020-08-27 18:28:16,159 - DEBUG - Assigning indexes to genes
2020-08-27 18:28:16,159 - DEBUG - Seen 32319 genes until now
2020-08-27 18:28:16,160 - DEBUG - Parsing Chromosome GL000194.1 strand - [line 2477321]
2020-08-27 18:28:16,160 - DEBUG - Done with GL000194.1- [line 2477346]
2020-08-27 18:28:16,160 - DEBUG - Assigning indexes to genes
2020-08-27 18:28:16,160 - DEBUG - Seen 32321 genes until now
2020-08-27 18:28:16,160 - DEBUG - Parsing Chromosome GL000195.1 strand - [line 2477347]
2020-08-27 18:28:16,160 - DEBUG - Done with GL000195.1- [line 2477356]
2020-08-27 18:28:16,160 - DEBUG - Assigning indexes to genes
2020-08-27 18:28:16,160 - DEBUG - Seen 32322 genes until now
2020-08-27 18:28:16,160 - DEBUG - Parsing Chromosome GL000195.1 strand + [line 2477357]
2020-08-27 18:28:16,160 - DEBUG - Done with GL000195.1+ [line 2477370]
2020-08-27 18:28:16,160 - DEBUG - Assigning indexes to genes
2020-08-27 18:28:16,160 - DEBUG - Seen 32323 genes until now
2020-08-27 18:28:16,160 - DEBUG - Parsing Chromosome GL000205.2 strand - [line 2477371]
2020-08-27 18:28:16,160 - DEBUG - Done with GL000205.2- [line 2477384]
2020-08-27 18:28:16,160 - DEBUG - Assigning indexes to genes
2020-08-27 18:28:16,160 - DEBUG - Seen 32324 genes until now
2020-08-27 18:28:16,160 - DEBUG - Parsing Chromosome GL000213.1 strand - [line 2477385]
2020-08-27 18:28:16,161 - DEBUG - Done with GL000213.1- [line 2477433]
2020-08-27 18:28:16,161 - DEBUG - Assigning indexes to genes
2020-08-27 18:28:16,161 - DEBUG - Seen 32325 genes until now
2020-08-27 18:28:16,161 - DEBUG - Parsing Chromosome GL000218.1 strand - [line 2477434]
2020-08-27 18:28:16,161 - DEBUG - Done with GL000218.1- [line 2477441]
2020-08-27 18:28:16,161 - DEBUG - Assigning indexes to genes
2020-08-27 18:28:16,161 - DEBUG - Seen 32326 genes until now
2020-08-27 18:28:16,161 - DEBUG - Parsing Chromosome GL000219.1 strand - [line 2477442]
2020-08-27 18:28:16,161 - DEBUG - Done with GL000219.1- [line 2477453]
2020-08-27 18:28:16,161 - DEBUG - Assigning indexes to genes
2020-08-27 18:28:16,161 - DEBUG - Seen 32327 genes until now
2020-08-27 18:28:16,161 - DEBUG - Parsing Chromosome KI270711.1 strand - [line 2477454]
2020-08-27 18:28:16,162 - DEBUG - Done with KI270711.1- [line 2477604]
2020-08-27 18:28:16,162 - DEBUG - Assigning indexes to genes
2020-08-27 18:28:16,162 - DEBUG - Seen 32328 genes until now
2020-08-27 18:28:16,162 - DEBUG - Parsing Chromosome KI270713.1 strand - [line 2477605]
2020-08-27 18:28:16,162 - DEBUG - Done with KI270713.1- [line 2477612]
2020-08-27 18:28:16,162 - DEBUG - Assigning indexes to genes
2020-08-27 18:28:16,162 - DEBUG - Seen 32329 genes until now
2020-08-27 18:28:16,162 - DEBUG - Parsing Chromosome KI270713.1 strand + [line 2477613]
2020-08-27 18:28:16,162 - DEBUG - Done with KI270713.1+ [line 2477618]
2020-08-27 18:28:16,162 - DEBUG - Assigning indexes to genes
2020-08-27 18:28:16,162 - DEBUG - Seen 32330 genes until now
2020-08-27 18:28:16,162 - DEBUG - Parsing Chromosome KI270721.1 strand + [line 2477619]
2020-08-27 18:28:16,163 - DEBUG - Done with KI270721.1+ [line 2477634]
2020-08-27 18:28:16,163 - DEBUG - Assigning indexes to genes
2020-08-27 18:28:16,163 - DEBUG - Seen 32331 genes until now
2020-08-27 18:28:16,163 - DEBUG - Parsing Chromosome KI270726.1 strand + [line 2477635]
2020-08-27 18:28:16,163 - DEBUG - Done with KI270726.1+ [line 2477645]
2020-08-27 18:28:16,163 - DEBUG - Assigning indexes to genes
2020-08-27 18:28:16,163 - DEBUG - Seen 32333 genes until now
2020-08-27 18:28:16,163 - DEBUG - Parsing Chromosome KI270727.1 strand - [line 2477646]
2020-08-27 18:28:16,163 - DEBUG - Done with KI270727.1- [line 2477704]
2020-08-27 18:28:16,163 - DEBUG - Assigning indexes to genes
2020-08-27 18:28:16,163 - DEBUG - Seen 32335 genes until now
2020-08-27 18:28:16,163 - DEBUG - Parsing Chromosome KI270727.1 strand + [line 2477705]
2020-08-27 18:28:16,163 - DEBUG - Done with KI270727.1+ [line 2477719]
2020-08-27 18:28:16,163 - DEBUG - Assigning indexes to genes
2020-08-27 18:28:16,163 - DEBUG - Seen 32337 genes until now
2020-08-27 18:28:16,163 - DEBUG - Parsing Chromosome KI270728.1 strand - [line 2477720]
2020-08-27 18:28:16,164 - DEBUG - Done with KI270728.1- [line 2477796]
2020-08-27 18:28:16,164 - DEBUG - Assigning indexes to genes
2020-08-27 18:28:16,164 - DEBUG - Seen 32339 genes until now
2020-08-27 18:28:16,164 - DEBUG - Parsing Chromosome KI270728.1 strand + [line 2477797]
2020-08-27 18:28:16,164 - DEBUG - Done with KI270728.1+ [line 2477833]
2020-08-27 18:28:16,164 - DEBUG - Assigning indexes to genes
2020-08-27 18:28:16,164 - DEBUG - Seen 32343 genes until now
2020-08-27 18:28:16,164 - DEBUG - Parsing Chromosome KI270731.1 strand - [line 2477834]
2020-08-27 18:28:16,164 - DEBUG - Done with KI270731.1- [line 2477840]
2020-08-27 18:28:16,164 - DEBUG - Assigning indexes to genes
2020-08-27 18:28:16,164 - DEBUG - Seen 32344 genes until now
2020-08-27 18:28:16,164 - DEBUG - Parsing Chromosome KI270734.1 strand - [line 2477841]
2020-08-27 18:28:16,165 - DEBUG - Done with KI270734.1- [line 2477909]
2020-08-27 18:28:16,165 - DEBUG - Assigning indexes to genes
2020-08-27 18:28:16,165 - DEBUG - Seen 32345 genes until now
2020-08-27 18:28:16,165 - DEBUG - Parsing Chromosome KI270734.1 strand + [line 2477910]
2020-08-27 18:28:16,165 - DEBUG - Done with KI270734.1+ [line 2477932]
2020-08-27 18:28:16,165 - DEBUG - Assigning indexes to genes
2020-08-27 18:28:16,165 - DEBUG - Seen 32347 genes until now
2020-08-27 18:28:16,165 - DEBUG - Parsing Chromosome MT strand - [line 2477933]
2020-08-27 18:28:16,165 - DEBUG - Done with MT- [line 2477938]
2020-08-27 18:28:16,165 - DEBUG - Assigning indexes to genes
2020-08-27 18:28:16,165 - DEBUG - Seen 32348 genes until now
2020-08-27 18:28:16,165 - DEBUG - Parsing Chromosome MT strand + [line 2477939]
2020-08-27 18:28:16,165 - DEBUG - Done with MT+ [line 2478004]
2020-08-27 18:28:16,166 - DEBUG - Assigning indexes to genes
2020-08-27 18:28:16,166 - DEBUG - Seen 32360 genes until now
2020-08-27 18:28:16,166 - DEBUG - Parsing Chromosome X strand - [line 2478005]
2020-08-27 18:28:16,339 - DEBUG - Done with X- [line 2518937]
2020-08-27 18:28:16,340 - DEBUG - Assigning indexes to genes
2020-08-27 18:28:16,343 - DEBUG - Seen 32876 genes until now
2020-08-27 18:28:16,343 - DEBUG - Parsing Chromosome X strand + [line 2518938]
2020-08-27 18:28:16,514 - DEBUG - Done with X+ [line 2560301]
2020-08-27 18:28:16,514 - DEBUG - Assigning indexes to genes
2020-08-27 18:28:16,517 - DEBUG - Seen 33438 genes until now
2020-08-27 18:28:16,517 - DEBUG - Parsing Chromosome Y strand - [line 2560302]
2020-08-27 18:28:16,527 - DEBUG - Done with Y- [line 2562446]
2020-08-27 18:28:16,527 - DEBUG - Assigning indexes to genes
2020-08-27 18:28:16,527 - DEBUG - Seen 33485 genes until now
2020-08-27 18:28:16,527 - DEBUG - Parsing Chromosome Y strand + [line 2562447]
2020-08-27 18:28:16,539 - DEBUG - Assigning indexes to genes
2020-08-27 18:28:16,539 - DEBUG - Done with Y+ [line 2565059]
2020-08-27 18:28:16,539 - DEBUG - Fixing corner cases of transcript models containg intron longer than 1000Kbp
2020-08-27 18:28:18,549 - DEBUG - Generated 2165800 features corresponding to 172912 transcript models from /net/isi-dcnl/ifs/user_data/abild/Genomes/refdata-cellranger-GRCh38-3.0.0/genes/genes.gtf
2020-08-27 18:28:18,589 - INFO - Scan /net/isi-dcnl/ifs/user_data/abild/Megatron_data/COH055/FEL025028.mRNA/cell_ranger/FEL025_M/outs/possorted_genome_bam.bam to validate intron intervals
2020-08-27 18:28:22,668 - DEBUG - Reading /net/isi-dcnl/ifs/user_data/abild/Megatron_data/COH055/FEL025028.mRNA/cell_ranger/FEL025_M/outs/possorted_genome_bam.bam
2020-08-27 18:28:22,685 - DEBUG - Read first 0 million reads
2020-08-27 18:28:22,686 - DEBUG - Marking up chromosome 1
2020-08-27 18:30:10,352 - DEBUG - Read first 10 million reads
2020-08-27 18:30:52,797 - DEBUG - Marking up chromosome 10
2020-08-27 18:32:03,928 - DEBUG - Read first 20 million reads
2020-08-27 18:32:11,218 - DEBUG - Marking up chromosome 11
2020-08-27 18:34:16,987 - DEBUG - Read first 30 million reads
2020-08-27 18:34:55,800 - DEBUG - Marking up chromosome 12
2020-08-27 18:36:05,766 - DEBUG - Marking up chromosome 13
2020-08-27 18:36:18,585 - DEBUG - Read first 40 million reads
2020-08-27 18:36:30,981 - DEBUG - Marking up chromosome 14
2020-08-27 18:37:20,282 - DEBUG - Marking up chromosome 15
2020-08-27 18:38:13,089 - DEBUG - Marking up chromosome 16
2020-08-27 18:38:17,230 - DEBUG - Read first 50 million reads
2020-08-27 18:39:07,998 - DEBUG - Marking up chromosome 17
2020-08-27 18:40:01,248 - DEBUG - Read first 60 million reads
2020-08-27 18:40:15,064 - DEBUG - Marking up chromosome 18
2020-08-27 18:40:48,074 - DEBUG - Marking up chromosome 19
2020-08-27 18:41:50,608 - DEBUG - Marking up chromosome 2
2020-08-27 18:42:01,615 - DEBUG - Read first 70 million reads
2020-08-27 18:43:36,641 - DEBUG - Marking up chromosome 20
2020-08-27 18:43:53,384 - DEBUG - Read first 80 million reads
2020-08-27 18:44:05,698 - DEBUG - Marking up chromosome 21
2020-08-27 18:44:31,114 - DEBUG - Marking up chromosome 22
2020-08-27 18:45:01,708 - DEBUG - Marking up chromosome 3
2020-08-27 18:45:01,902 - DEBUG - Read first 90 million reads
2020-08-27 18:46:35,163 - DEBUG - Marking up chromosome 4
2020-08-27 18:47:11,303 - DEBUG - Read first 100 million reads
2020-08-27 18:47:35,801 - DEBUG - Marking up chromosome 5
2020-08-27 18:48:44,684 - DEBUG - Marking up chromosome 6
2020-08-27 18:48:54,048 - DEBUG - Read first 110 million reads
2020-08-27 18:49:50,721 - DEBUG - Marking up chromosome 7
2020-08-27 18:50:36,752 - DEBUG - Read first 120 million reads
2020-08-27 18:50:56,171 - DEBUG - Marking up chromosome 8
2020-08-27 18:51:49,398 - DEBUG - Marking up chromosome 9
2020-08-27 18:52:29,731 - DEBUG - Read first 130 million reads
2020-08-27 18:52:31,729 - DEBUG - Marking up chromosome MT
2020-08-27 18:52:36,628 - DEBUG - Marking up chromosome X
2020-08-27 18:53:09,728 - DEBUG - Marking up chromosome Y
2020-08-27 18:53:09,783 - DEBUG - Marking up chromosome KI270728.1
2020-08-27 18:53:09,789 - DEBUG - Marking up chromosome KI270727.1
2020-08-27 18:53:09,950 - DEBUG - Marking up chromosome KI270442.1
2020-08-27 18:53:09,951 - WARNING - The .bam file refers to a chromosome 'KI270442.1+' not present in the annotation (.gtf) file
2020-08-27 18:53:09,951 - WARNING - The .bam file refers to a chromosome 'KI270442.1-' not present in the annotation (.gtf) file
2020-08-27 18:53:09,954 - DEBUG - Marking up chromosome KI270729.1
2020-08-27 18:53:09,954 - WARNING - The .bam file refers to a chromosome 'KI270729.1+' not present in the annotation (.gtf) file
2020-08-27 18:53:09,954 - WARNING - The .bam file refers to a chromosome 'KI270729.1-' not present in the annotation (.gtf) file
2020-08-27 18:53:09,955 - DEBUG - Marking up chromosome GL000225.1
2020-08-27 18:53:09,955 - WARNING - The .bam file refers to a chromosome 'GL000225.1+' not present in the annotation (.gtf) file
2020-08-27 18:53:09,955 - WARNING - The .bam file refers to a chromosome 'GL000225.1-' not present in the annotation (.gtf) file
2020-08-27 18:53:09,955 - DEBUG - Marking up chromosome KI270743.1
2020-08-27 18:53:09,955 - WARNING - The .bam file refers to a chromosome 'KI270743.1+' not present in the annotation (.gtf) file
2020-08-27 18:53:09,955 - WARNING - The .bam file refers to a chromosome 'KI270743.1-' not present in the annotation (.gtf) file
2020-08-27 18:53:09,961 - DEBUG - Marking up chromosome GL000008.2
2020-08-27 18:53:09,961 - WARNING - The .bam file refers to a chromosome 'GL000008.2+' not present in the annotation (.gtf) file
2020-08-27 18:53:09,961 - WARNING - The .bam file refers to a chromosome 'GL000008.2-' not present in the annotation (.gtf) file
2020-08-27 18:53:09,980 - DEBUG - Marking up chromosome GL000009.2
2020-08-27 18:53:09,980 - WARNING - The .bam file refers to a chromosome 'GL000009.2+' not present in the annotation (.gtf) file
2020-08-27 18:53:09,991 - DEBUG - Marking up chromosome KI270722.1
2020-08-27 18:53:09,991 - WARNING - The .bam file refers to a chromosome 'KI270722.1+' not present in the annotation (.gtf) file
2020-08-27 18:53:09,991 - WARNING - The .bam file refers to a chromosome 'KI270722.1-' not present in the annotation (.gtf) file
2020-08-27 18:53:09,992 - DEBUG - Marking up chromosome GL000194.1
2020-08-27 18:53:09,992 - WARNING - The .bam file refers to a chromosome 'GL000194.1+' not present in the annotation (.gtf) file
2020-08-27 18:53:10,084 - DEBUG - Marking up chromosome KI270742.1
2020-08-27 18:53:10,084 - WARNING - The .bam file refers to a chromosome 'KI270742.1+' not present in the annotation (.gtf) file
2020-08-27 18:53:10,084 - WARNING - The .bam file refers to a chromosome 'KI270742.1-' not present in the annotation (.gtf) file
2020-08-27 18:53:10,101 - DEBUG - Marking up chromosome GL000205.2
2020-08-27 18:53:10,101 - WARNING - The .bam file refers to a chromosome 'GL000205.2+' not present in the annotation (.gtf) file
2020-08-27 18:53:10,144 - DEBUG - Marking up chromosome GL000195.1
2020-08-27 18:53:10,179 - DEBUG - Marking up chromosome KI270736.1
2020-08-27 18:53:10,179 - WARNING - The .bam file refers to a chromosome 'KI270736.1+' not present in the annotation (.gtf) file
2020-08-27 18:53:10,179 - WARNING - The .bam file refers to a chromosome 'KI270736.1-' not present in the annotation (.gtf) file
2020-08-27 18:53:10,179 - DEBUG - Marking up chromosome KI270733.1
2020-08-27 18:53:10,179 - WARNING - The .bam file refers to a chromosome 'KI270733.1+' not present in the annotation (.gtf) file
2020-08-27 18:53:10,179 - WARNING - The .bam file refers to a chromosome 'KI270733.1-' not present in the annotation (.gtf) file
2020-08-27 18:53:15,895 - DEBUG - Marking up chromosome GL000224.1
2020-08-27 18:53:15,895 - WARNING - The .bam file refers to a chromosome 'GL000224.1+' not present in the annotation (.gtf) file
2020-08-27 18:53:15,895 - WARNING - The .bam file refers to a chromosome 'GL000224.1-' not present in the annotation (.gtf) file
2020-08-27 18:53:15,905 - DEBUG - Marking up chromosome GL000219.1
2020-08-27 18:53:15,905 - WARNING - The .bam file refers to a chromosome 'GL000219.1+' not present in the annotation (.gtf) file
2020-08-27 18:53:16,084 - DEBUG - Marking up chromosome KI270719.1
2020-08-27 18:53:16,084 - WARNING - The .bam file refers to a chromosome 'KI270719.1+' not present in the annotation (.gtf) file
2020-08-27 18:53:16,084 - WARNING - The .bam file refers to a chromosome 'KI270719.1-' not present in the annotation (.gtf) file
2020-08-27 18:53:16,087 - DEBUG - Marking up chromosome GL000216.2
2020-08-27 18:53:16,087 - WARNING - The .bam file refers to a chromosome 'GL000216.2+' not present in the annotation (.gtf) file
2020-08-27 18:53:16,087 - WARNING - The .bam file refers to a chromosome 'GL000216.2-' not present in the annotation (.gtf) file
2020-08-27 18:53:16,087 - DEBUG - Marking up chromosome KI270712.1
2020-08-27 18:53:16,087 - WARNING - The .bam file refers to a chromosome 'KI270712.1+' not present in the annotation (.gtf) file
2020-08-27 18:53:16,087 - WARNING - The .bam file refers to a chromosome 'KI270712.1-' not present in the annotation (.gtf) file
2020-08-27 18:53:16,092 - DEBUG - Marking up chromosome KI270706.1
2020-08-27 18:53:16,092 - WARNING - The .bam file refers to a chromosome 'KI270706.1+' not present in the annotation (.gtf) file
2020-08-27 18:53:16,092 - WARNING - The .bam file refers to a chromosome 'KI270706.1-' not present in the annotation (.gtf) file
2020-08-27 18:53:16,159 - DEBUG - Marking up chromosome KI270725.1
2020-08-27 18:53:16,159 - WARNING - The .bam file refers to a chromosome 'KI270725.1+' not present in the annotation (.gtf) file
2020-08-27 18:53:16,159 - WARNING - The .bam file refers to a chromosome 'KI270725.1-' not present in the annotation (.gtf) file
2020-08-27 18:53:16,161 - DEBUG - Marking up chromosome KI270744.1
2020-08-27 18:53:16,161 - WARNING - The .bam file refers to a chromosome 'KI270744.1+' not present in the annotation (.gtf) file
2020-08-27 18:53:16,161 - WARNING - The .bam file refers to a chromosome 'KI270744.1-' not present in the annotation (.gtf) file
2020-08-27 18:53:16,171 - DEBUG - Marking up chromosome KI270734.1
2020-08-27 18:53:16,196 - DEBUG - Marking up chromosome GL000213.1
2020-08-27 18:53:16,196 - WARNING - The .bam file refers to a chromosome 'GL000213.1+' not present in the annotation (.gtf) file
2020-08-27 18:53:16,328 - DEBUG - Marking up chromosome GL000220.1
2020-08-27 18:53:16,328 - WARNING - The .bam file refers to a chromosome 'GL000220.1+' not present in the annotation (.gtf) file
2020-08-27 18:53:16,328 - WARNING - The .bam file refers to a chromosome 'GL000220.1-' not present in the annotation (.gtf) file
2020-08-27 18:53:22,037 - DEBUG - Marking up chromosome GL000218.1
2020-08-27 18:53:22,037 - WARNING - The .bam file refers to a chromosome 'GL000218.1+' not present in the annotation (.gtf) file
2020-08-27 18:53:22,064 - DEBUG - Marking up chromosome KI270749.1
2020-08-27 18:53:22,064 - WARNING - The .bam file refers to a chromosome 'KI270749.1+' not present in the annotation (.gtf) file
2020-08-27 18:53:22,064 - WARNING - The .bam file refers to a chromosome 'KI270749.1-' not present in the annotation (.gtf) file
2020-08-27 18:53:22,068 - DEBUG - Marking up chromosome KI270741.1
2020-08-27 18:53:22,068 - WARNING - The .bam file refers to a chromosome 'KI270741.1+' not present in the annotation (.gtf) file
2020-08-27 18:53:22,068 - WARNING - The .bam file refers to a chromosome 'KI270741.1-' not present in the annotation (.gtf) file
2020-08-27 18:53:22,072 - DEBUG - Marking up chromosome GL000221.1
2020-08-27 18:53:22,072 - WARNING - The .bam file refers to a chromosome 'GL000221.1+' not present in the annotation (.gtf) file
2020-08-27 18:53:22,072 - WARNING - The .bam file refers to a chromosome 'GL000221.1-' not present in the annotation (.gtf) file
2020-08-27 18:53:22,089 - DEBUG - Marking up chromosome KI270731.1
2020-08-27 18:53:22,089 - WARNING - The .bam file refers to a chromosome 'KI270731.1+' not present in the annotation (.gtf) file
2020-08-27 18:53:22,099 - DEBUG - Marking up chromosome KI270751.1
2020-08-27 18:53:22,099 - WARNING - The .bam file refers to a chromosome 'KI270751.1+' not present in the annotation (.gtf) file
2020-08-27 18:53:22,099 - WARNING - The .bam file refers to a chromosome 'KI270751.1-' not present in the annotation (.gtf) file
2020-08-27 18:53:22,101 - DEBUG - Marking up chromosome KI270750.1
2020-08-27 18:53:22,101 - WARNING - The .bam file refers to a chromosome 'KI270750.1+' not present in the annotation (.gtf) file
2020-08-27 18:53:22,101 - WARNING - The .bam file refers to a chromosome 'KI270750.1-' not present in the annotation (.gtf) file
2020-08-27 18:53:22,101 - DEBUG - Marking up chromosome GL000214.1
2020-08-27 18:53:22,101 - WARNING - The .bam file refers to a chromosome 'GL000214.1+' not present in the annotation (.gtf) file
2020-08-27 18:53:22,101 - WARNING - The .bam file refers to a chromosome 'GL000214.1-' not present in the annotation (.gtf) file
2020-08-27 18:53:22,112 - DEBUG - Marking up chromosome KI270708.1
2020-08-27 18:53:22,112 - WARNING - The .bam file refers to a chromosome 'KI270708.1+' not present in the annotation (.gtf) file
2020-08-27 18:53:22,113 - WARNING - The .bam file refers to a chromosome 'KI270708.1-' not present in the annotation (.gtf) file
2020-08-27 18:53:22,113 - DEBUG - Marking up chromosome KI270737.1
2020-08-27 18:53:22,113 - WARNING - The .bam file refers to a chromosome 'KI270737.1+' not present in the annotation (.gtf) file
2020-08-27 18:53:22,113 - WARNING - The .bam file refers to a chromosome 'KI270737.1-' not present in the annotation (.gtf) file
2020-08-27 18:53:22,116 - DEBUG - Marking up chromosome KI270721.1
2020-08-27 18:53:22,116 - WARNING - The .bam file refers to a chromosome 'KI270721.1-' not present in the annotation (.gtf) file
2020-08-27 18:53:22,131 - DEBUG - Marking up chromosome KI270738.1
2020-08-27 18:53:22,131 - WARNING - The .bam file refers to a chromosome 'KI270738.1+' not present in the annotation (.gtf) file
2020-08-27 18:53:22,131 - WARNING - The .bam file refers to a chromosome 'KI270738.1-' not present in the annotation (.gtf) file
2020-08-27 18:53:22,133 - DEBUG - Marking up chromosome KI270748.1
2020-08-27 18:53:22,133 - WARNING - The .bam file refers to a chromosome 'KI270748.1+' not present in the annotation (.gtf) file
2020-08-27 18:53:22,133 - WARNING - The .bam file refers to a chromosome 'KI270748.1-' not present in the annotation (.gtf) file
2020-08-27 18:53:22,135 - DEBUG - Marking up chromosome GL000208.1
2020-08-27 18:53:22,135 - WARNING - The .bam file refers to a chromosome 'GL000208.1+' not present in the annotation (.gtf) file
2020-08-27 18:53:22,135 - WARNING - The .bam file refers to a chromosome 'GL000208.1-' not present in the annotation (.gtf) file
2020-08-27 18:53:22,135 - DEBUG - Marking up chromosome KI270709.1
2020-08-27 18:53:22,135 - WARNING - The .bam file refers to a chromosome 'KI270709.1+' not present in the annotation (.gtf) file
2020-08-27 18:53:22,135 - WARNING - The .bam file refers to a chromosome 'KI270709.1-' not present in the annotation (.gtf) file
2020-08-27 18:53:22,136 - DEBUG - Marking up chromosome KI270746.1
2020-08-27 18:53:22,136 - WARNING - The .bam file refers to a chromosome 'KI270746.1+' not present in the annotation (.gtf) file
2020-08-27 18:53:22,136 - WARNING - The .bam file refers to a chromosome 'KI270746.1-' not present in the annotation (.gtf) file
2020-08-27 18:53:22,136 - DEBUG - Marking up chromosome KI270753.1
2020-08-27 18:53:22,136 - WARNING - The .bam file refers to a chromosome 'KI270753.1+' not present in the annotation (.gtf) file
2020-08-27 18:53:22,136 - WARNING - The .bam file refers to a chromosome 'KI270753.1-' not present in the annotation (.gtf) file
2020-08-27 18:53:22,136 - DEBUG - Marking up chromosome KI270589.1
2020-08-27 18:53:22,136 - WARNING - The .bam file refers to a chromosome 'KI270589.1+' not present in the annotation (.gtf) file
2020-08-27 18:53:22,136 - WARNING - The .bam file refers to a chromosome 'KI270589.1-' not present in the annotation (.gtf) file
2020-08-27 18:53:22,137 - DEBUG - Marking up chromosome KI270726.1
2020-08-27 18:53:22,137 - WARNING - The .bam file refers to a chromosome 'KI270726.1-' not present in the annotation (.gtf) file
2020-08-27 18:53:22,141 - DEBUG - Marking up chromosome KI270711.1
2020-08-27 18:53:22,141 - WARNING - The .bam file refers to a chromosome 'KI270711.1+' not present in the annotation (.gtf) file
2020-08-27 18:53:22,170 - DEBUG - Marking up chromosome KI270745.1
2020-08-27 18:53:22,170 - WARNING - The .bam file refers to a chromosome 'KI270745.1+' not present in the annotation (.gtf) file
2020-08-27 18:53:22,170 - WARNING - The .bam file refers to a chromosome 'KI270745.1-' not present in the annotation (.gtf) file
2020-08-27 18:53:22,181 - DEBUG - Marking up chromosome KI270714.1
2020-08-27 18:53:22,181 - WARNING - The .bam file refers to a chromosome 'KI270714.1+' not present in the annotation (.gtf) file
2020-08-27 18:53:22,181 - WARNING - The .bam file refers to a chromosome 'KI270714.1-' not present in the annotation (.gtf) file
2020-08-27 18:53:22,188 - DEBUG - Marking up chromosome KI270732.1
2020-08-27 18:53:22,188 - WARNING - The .bam file refers to a chromosome 'KI270732.1+' not present in the annotation (.gtf) file
2020-08-27 18:53:22,188 - WARNING - The .bam file refers to a chromosome 'KI270732.1-' not present in the annotation (.gtf) file
2020-08-27 18:53:22,189 - DEBUG - Marking up chromosome KI270713.1
2020-08-27 18:53:22,192 - DEBUG - Marking up chromosome KI270754.1
2020-08-27 18:53:22,192 - WARNING - The .bam file refers to a chromosome 'KI270754.1+' not present in the annotation (.gtf) file
2020-08-27 18:53:22,192 - WARNING - The .bam file refers to a chromosome 'KI270754.1-' not present in the annotation (.gtf) file
2020-08-27 18:53:22,193 - DEBUG - Marking up chromosome KI270717.1
2020-08-27 18:53:22,193 - WARNING - The .bam file refers to a chromosome 'KI270717.1+' not present in the annotation (.gtf) file
2020-08-27 18:53:22,193 - WARNING - The .bam file refers to a chromosome 'KI270717.1-' not present in the annotation (.gtf) file
2020-08-27 18:53:22,204 - DEBUG - Marking up chromosome KI270724.1
2020-08-27 18:53:22,204 - WARNING - The .bam file refers to a chromosome 'KI270724.1+' not present in the annotation (.gtf) file
2020-08-27 18:53:22,204 - WARNING - The .bam file refers to a chromosome 'KI270724.1-' not present in the annotation (.gtf) file
2020-08-27 18:53:22,204 - DEBUG - Marking up chromosome KI270720.1
2020-08-27 18:53:22,205 - WARNING - The .bam file refers to a chromosome 'KI270720.1+' not present in the annotation (.gtf) file
2020-08-27 18:53:22,205 - WARNING - The .bam file refers to a chromosome 'KI270720.1-' not present in the annotation (.gtf) file
2020-08-27 18:53:22,205 - DEBUG - Marking up chromosome KI270723.1
2020-08-27 18:53:22,205 - WARNING - The .bam file refers to a chromosome 'KI270723.1+' not present in the annotation (.gtf) file
2020-08-27 18:53:22,205 - WARNING - The .bam file refers to a chromosome 'KI270723.1-' not present in the annotation (.gtf) file
2020-08-27 18:53:22,206 - DEBUG - Marking up chromosome KI270718.1
2020-08-27 18:53:22,206 - WARNING - The .bam file refers to a chromosome 'KI270718.1+' not present in the annotation (.gtf) file
2020-08-27 18:53:22,206 - WARNING - The .bam file refers to a chromosome 'KI270718.1-' not present in the annotation (.gtf) file
2020-08-27 18:53:22,210 - DEBUG - Marking up chromosome KI270755.1
2020-08-27 18:53:22,210 - WARNING - The .bam file refers to a chromosome 'KI270755.1+' not present in the annotation (.gtf) file
2020-08-27 18:53:22,210 - WARNING - The .bam file refers to a chromosome 'KI270755.1-' not present in the annotation (.gtf) file
2020-08-27 18:53:22,211 - DEBUG - Marking up chromosome KI270707.1
2020-08-27 18:53:22,211 - WARNING - The .bam file refers to a chromosome 'KI270707.1+' not present in the annotation (.gtf) file
2020-08-27 18:53:22,211 - WARNING - The .bam file refers to a chromosome 'KI270707.1-' not present in the annotation (.gtf) file
2020-08-27 18:53:22,214 - DEBUG - Marking up chromosome KI270579.1
2020-08-27 18:53:22,214 - WARNING - The .bam file refers to a chromosome 'KI270579.1+' not present in the annotation (.gtf) file
2020-08-27 18:53:22,214 - WARNING - The .bam file refers to a chromosome 'KI270579.1-' not present in the annotation (.gtf) file
2020-08-27 18:53:22,214 - DEBUG - Marking up chromosome KI270448.1
2020-08-27 18:53:22,214 - WARNING - The .bam file refers to a chromosome 'KI270448.1+' not present in the annotation (.gtf) file
2020-08-27 18:53:22,215 - WARNING - The .bam file refers to a chromosome 'KI270448.1-' not present in the annotation (.gtf) file
2020-08-27 18:53:22,215 - DEBUG - Marking up chromosome KI270584.1
2020-08-27 18:53:22,215 - WARNING - The .bam file refers to a chromosome 'KI270584.1+' not present in the annotation (.gtf) file
2020-08-27 18:53:22,215 - WARNING - The .bam file refers to a chromosome 'KI270584.1-' not present in the annotation (.gtf) file
2020-08-27 18:53:22,215 - DEBUG - Marking up chromosome KI270330.1
2020-08-27 18:53:22,215 - WARNING - The .bam file refers to a chromosome 'KI270330.1+' not present in the annotation (.gtf) file
2020-08-27 18:53:22,215 - WARNING - The .bam file refers to a chromosome 'KI270330.1-' not present in the annotation (.gtf) file
2020-08-27 18:53:23,305 - DEBUG - Read first 140 million reads
2020-08-27 18:53:31,714 - DEBUG - End of file. Reset index: start scanning from initial position.
2020-08-27 18:53:31,714 - DEBUG - 3147909 reads were skipped because no apropiate cell or umi barcode was found
2020-08-27 18:53:31,714 - DEBUG - Start molecule counting!
2020-08-27 18:53:35,770 - DEBUG - Features available for chromosomes : ['1-', '1+', '10-', '10+', '11-', '11+', '12-', '12+', '13-', '13+', '14-', '14+', '15-', '15+', '16-', '16+', '17-', '17+', '18-', '18+', '19-', '19+', '2-', '2+', '20-', '20+', '21-', '21+', '22-', '22+', '3-', '3+', '4-', '4+', '5-', '5+', '6-', '6+', '7-', '7+', '8-', '8+', '9-', '9+', 'GL000009.2-', 'GL000194.1-', 'GL000195.1-', 'GL000195.1+', 'GL000205.2-', 'GL000213.1-', 'GL000218.1-', 'GL000219.1-', 'KI270711.1-', 'KI270713.1-', 'KI270713.1+', 'KI270721.1+', 'KI270726.1+', 'KI270727.1-', 'KI270727.1+', 'KI270728.1-', 'KI270728.1+', 'KI270731.1-', 'KI270734.1-', 'KI270734.1+', 'MT-', 'MT+', 'X-', 'X+', 'Y-', 'Y+']
2020-08-27 18:53:35,771 - DEBUG - Mask available for chromosomes : []
2020-08-27 18:53:35,771 - DEBUG - Summarizing the results of intron validation.
2020-08-27 18:53:36,486 - DEBUG - Validated 498088 introns (of which unique intervals 159902) out of 996444 total possible introns (considering each possible transcript models).
2020-08-27 18:53:36,487 - DEBUG - Reading /net/isi-dcnl/ifs/user_data/abild/Megatron_data/COH055/FEL025028.mRNA/cell_ranger/FEL025_M/outs/cellsorted_possorted_genome_bam.bam
2020-08-27 18:53:36,514 - DEBUG - Read first 0 million reads
2020-08-27 18:54:25,694 - DEBUG - Counting for batch 1, containing 100 cells and 1746025 reads
2020-08-27 18:55:24,872 - DEBUG - 0 reads not considered because fully enclosed in repeat masked regions
2020-08-27 18:55:39,877 - DEBUG - Read first 10 million reads
2020-08-27 18:56:04,520 - DEBUG - Counting for batch 2, containing 100 cells and 1635215 reads
2020-08-27 18:57:01,599 - DEBUG - 0 reads not considered because fully enclosed in repeat masked regions
2020-08-27 18:57:42,143 - DEBUG - Counting for batch 3, containing 100 cells and 1995530 reads
2020-08-27 18:58:46,517 - DEBUG - 0 reads not considered because fully enclosed in repeat masked regions
2020-08-27 18:59:30,883 - DEBUG - Counting for batch 4, containing 100 cells and 1687258 reads
2020-08-27 19:00:26,862 - DEBUG - 0 reads not considered because fully enclosed in repeat masked regions
2020-08-27 19:00:39,720 - DEBUG - Read first 20 million reads
2020-08-27 19:01:05,840 - DEBUG - Counting for batch 5, containing 100 cells and 1573235 reads
2020-08-27 19:02:01,439 - DEBUG - 0 reads not considered because fully enclosed in repeat masked regions
2020-08-27 19:02:39,964 - DEBUG - Counting for batch 6, containing 100 cells and 1654860 reads
2020-08-27 19:03:33,921 - DEBUG - 0 reads not considered because fully enclosed in repeat masked regions
2020-08-27 19:04:10,416 - DEBUG - Counting for batch 7, containing 100 cells and 1344130 reads
2020-08-27 19:04:56,427 - DEBUG - 0 reads not considered because fully enclosed in repeat masked regions
2020-08-27 19:05:09,429 - DEBUG - Read first 30 million reads
2020-08-27 19:05:35,709 - DEBUG - Counting for batch 8, containing 100 cells and 1620122 reads
2020-08-27 19:06:29,801 - DEBUG - 0 reads not considered because fully enclosed in repeat masked regions
2020-08-27 19:07:06,070 - DEBUG - Counting for batch 9, containing 100 cells and 1303853 reads
2020-08-27 19:07:50,303 - DEBUG - 0 reads not considered because fully enclosed in repeat masked regions
2020-08-27 19:08:26,845 - DEBUG - Counting for batch 10, containing 100 cells and 1630687 reads
2020-08-27 19:09:23,198 - DEBUG - 0 reads not considered because fully enclosed in repeat masked regions
2020-08-27 19:09:39,642 - DEBUG - Read first 40 million reads
2020-08-27 19:10:04,368 - DEBUG - Counting for batch 11, containing 100 cells and 1962224 reads
2020-08-27 19:11:10,244 - DEBUG - 0 reads not considered because fully enclosed in repeat masked regions
2020-08-27 19:11:48,933 - DEBUG - Counting for batch 12, containing 100 cells and 1434032 reads
2020-08-27 19:12:38,640 - DEBUG - 0 reads not considered because fully enclosed in repeat masked regions
2020-08-27 19:13:14,775 - DEBUG - Counting for batch 13, containing 100 cells and 1599954 reads
2020-08-27 19:14:10,770 - DEBUG - 0 reads not considered because fully enclosed in repeat masked regions
2020-08-27 19:14:28,895 - DEBUG - Read first 50 million reads
2020-08-27 19:14:47,994 - DEBUG - Counting for batch 14, containing 100 cells and 1557489 reads
2020-08-27 19:15:41,605 - DEBUG - 0 reads not considered because fully enclosed in repeat masked regions
2020-08-27 19:16:15,648 - DEBUG - Counting for batch 15, containing 100 cells and 1331408 reads
2020-08-27 19:17:01,840 - DEBUG - 0 reads not considered because fully enclosed in repeat masked regions
2020-08-27 19:17:40,214 - DEBUG - Counting for batch 16, containing 100 cells and 1673684 reads
2020-08-27 19:18:38,237 - DEBUG - 0 reads not considered because fully enclosed in repeat masked regions
2020-08-27 19:19:04,105 - DEBUG - Read first 60 million reads
2020-08-27 19:19:17,705 - DEBUG - Counting for batch 17, containing 100 cells and 1801439 reads
2020-08-27 19:20:20,721 - DEBUG - 0 reads not considered because fully enclosed in repeat masked regions
2020-08-27 19:20:51,361 - DEBUG - Counting for batch 18, containing 100 cells and 1152927 reads
2020-08-27 19:21:31,111 - DEBUG - 0 reads not considered because fully enclosed in repeat masked regions
2020-08-27 19:22:09,408 - DEBUG - Counting for batch 19, containing 100 cells and 1825691 reads
2020-08-27 19:23:10,731 - DEBUG - 0 reads not considered because fully enclosed in repeat masked regions
2020-08-27 19:23:44,410 - DEBUG - Read first 70 million reads
2020-08-27 19:23:45,714 - DEBUG - Counting for batch 20, containing 100 cells and 1407114 reads
2020-08-27 19:24:36,190 - DEBUG - 0 reads not considered because fully enclosed in repeat masked regions
2020-08-27 19:25:13,209 - DEBUG - Counting for batch 21, containing 100 cells and 1679307 reads
2020-08-27 19:26:11,104 - DEBUG - 0 reads not considered because fully enclosed in repeat masked regions
2020-08-27 19:26:47,858 - DEBUG - Counting for batch 22, containing 100 cells and 1509011 reads
2020-08-27 19:27:38,680 - DEBUG - 0 reads not considered because fully enclosed in repeat masked regions
2020-08-27 19:28:19,266 - DEBUG - Read first 80 million reads
2020-08-27 19:28:23,101 - DEBUG - Counting for batch 23, containing 100 cells and 1946895 reads
2020-08-27 19:29:30,509 - DEBUG - 0 reads not considered because fully enclosed in repeat masked regions
2020-08-27 19:30:22,969 - DEBUG - Counting for batch 24, containing 100 cells and 2476944 reads
2020-08-27 19:31:44,690 - DEBUG - 0 reads not considered because fully enclosed in repeat masked regions
2020-08-27 19:32:25,899 - DEBUG - Counting for batch 25, containing 100 cells and 1505790 reads
2020-08-27 19:33:14,103 - DEBUG - 0 reads not considered because fully enclosed in repeat masked regions
2020-08-27 19:33:42,155 - DEBUG - Read first 90 million reads
2020-08-27 19:33:52,379 - DEBUG - Counting for batch 26, containing 100 cells and 1436862 reads
2020-08-27 19:34:41,159 - DEBUG - 0 reads not considered because fully enclosed in repeat masked regions
2020-08-27 19:35:14,903 - DEBUG - Counting for batch 27, containing 100 cells and 1243134 reads
2020-08-27 19:35:58,577 - DEBUG - 0 reads not considered because fully enclosed in repeat masked regions
2020-08-27 19:36:31,864 - DEBUG - Counting for batch 28, containing 100 cells and 1433256 reads
2020-08-27 19:37:20,441 - DEBUG - 0 reads not considered because fully enclosed in repeat masked regions
2020-08-27 19:37:51,454 - DEBUG - Read first 100 million reads
2020-08-27 19:37:54,261 - DEBUG - Counting for batch 29, containing 100 cells and 1280621 reads
2020-08-27 19:38:40,583 - DEBUG - 0 reads not considered because fully enclosed in repeat masked regions
2020-08-27 19:39:11,538 - DEBUG - Counting for batch 30, containing 100 cells and 1406753 reads
2020-08-27 19:40:01,175 - DEBUG - 0 reads not considered because fully enclosed in repeat masked regions
2020-08-27 19:40:41,937 - DEBUG - Counting for batch 31, containing 100 cells and 1902669 reads
2020-08-27 19:41:48,034 - DEBUG - 0 reads not considered because fully enclosed in repeat masked regions
2020-08-27 19:42:22,441 - DEBUG - Read first 110 million reads
2020-08-27 19:42:23,490 - DEBUG - Counting for batch 32, containing 100 cells and 1407007 reads
2020-08-27 19:43:11,719 - DEBUG - 0 reads not considered because fully enclosed in repeat masked regions
2020-08-27 19:43:46,741 - DEBUG - Counting for batch 33, containing 100 cells and 1589580 reads
2020-08-27 19:44:42,383 - DEBUG - 0 reads not considered because fully enclosed in repeat masked regions
2020-08-27 19:45:19,073 - DEBUG - Counting for batch 34, containing 100 cells and 1529897 reads
2020-08-27 19:46:13,104 - DEBUG - 0 reads not considered because fully enclosed in repeat masked regions
2020-08-27 19:46:46,451 - DEBUG - Counting for batch 35, containing 100 cells and 1422368 reads
2020-08-27 19:47:33,918 - DEBUG - 0 reads not considered because fully enclosed in repeat masked regions
2020-08-27 19:47:47,574 - DEBUG - Read first 120 million reads
2020-08-27 19:48:06,796 - DEBUG - Counting for batch 36, containing 100 cells and 1155142 reads
2020-08-27 19:48:46,739 - DEBUG - 0 reads not considered because fully enclosed in repeat masked regions
2020-08-27 19:49:23,899 - DEBUG - Counting for batch 37, containing 100 cells and 1634295 reads
2020-08-27 19:50:18,539 - DEBUG - 0 reads not considered because fully enclosed in repeat masked regions
2020-08-27 19:50:56,266 - DEBUG - Counting for batch 38, containing 100 cells and 1525633 reads
2020-08-27 19:51:50,077 - DEBUG - 0 reads not considered because fully enclosed in repeat masked regions
2020-08-27 19:52:08,284 - DEBUG - Read first 130 million reads
2020-08-27 19:52:29,111 - DEBUG - Counting for batch 39, containing 100 cells and 1713151 reads
2020-08-27 19:53:28,268 - DEBUG - 0 reads not considered because fully enclosed in repeat masked regions
2020-08-27 19:54:07,315 - DEBUG - Counting for batch 40, containing 100 cells and 1586255 reads
2020-08-27 19:55:00,214 - DEBUG - 0 reads not considered because fully enclosed in repeat masked regions
2020-08-27 19:55:41,925 - DEBUG - Counting for batch 41, containing 100 cells and 1756182 reads
2020-08-27 19:56:42,307 - DEBUG - 0 reads not considered because fully enclosed in repeat masked regions
2020-08-27 19:56:58,327 - DEBUG - Read first 140 million reads
2020-08-27 19:57:19,785 - DEBUG - Counting for batch 42, containing 100 cells and 1624417 reads
2020-08-27 19:58:13,076 - DEBUG - 0 reads not considered because fully enclosed in repeat masked regions
2020-08-27 19:58:35,351 - DEBUG - Counting for batch 43, containing 45 cells and 582975 reads
2020-08-27 19:58:55,634 - DEBUG - 0 reads not considered because fully enclosed in repeat masked regions
2020-08-27 19:59:00,081 - DEBUG - 3147909 reads were skipped because no apropiate cell or umi barcode was found
2020-08-27 19:59:00,082 - DEBUG - Counting done!
2020-08-27 19:59:00,112 - DEBUG - Generating output file /net/isi-dcnl/ifs/user_data/abild/Megatron_data/COH055/FEL025028.mRNA/cell_ranger/FEL025_M/velocyto/FEL025_M.loom
2020-08-27 19:59:00,112 - DEBUG - Collecting row attributes
2020-08-27 19:59:00,201 - DEBUG - Generating data table
2020-08-27 19:59:01,689 - DEBUG - Writing loom file
2020-08-27 19:59:11,061 - DEBUG - Terminated Succesfully!
Start: 1598578063
End: 1598583553
Run time: 5490
Done
