CPU: 16
N: 92
Step1: Analyze spliced and unspliced reads and genrate a loom file for velocityR
Run velocyto to generate loom file
2020-08-27 20:47:26,884 - DEBUG - Using logic: Default
2020-08-27 20:47:26,905 - INFO - Read 3116 cell barcodes from /net/isi-dcnl/ifs/user_data/abild/jichen/Projects/Breast/scRNA/Data/Megatron_data/COH073/FEL044046.mRNA/FEL044_count03/cell_ranger/FEL044_S/outs/filtered_feature_bc_matrix/barcodes.tsv.gz
2020-08-27 20:47:26,905 - DEBUG - Example of barcode: AAACCCAAGTGATCGG and cell_id: FEL044_S:AAACCCAAGTGATCGG-1
2020-08-27 20:47:26,918 - DEBUG - Peeking into /net/isi-dcnl/ifs/user_data/abild/jichen/Projects/Breast/scRNA/Data/Megatron_data/COH073/FEL044046.mRNA/FEL044_count03/cell_ranger/FEL044_S/outs/possorted_genome_bam.bam
2020-08-27 20:47:27,337 - WARNING - Not found cell and umi barcode in entry 1 of the bam file
2020-08-27 20:47:27,337 - WARNING - Not found cell and umi barcode in entry 92 of the bam file
2020-08-27 20:47:27,337 - WARNING - Not found cell and umi barcode in entry 98 of the bam file
2020-08-27 20:47:27,337 - WARNING - Not found cell and umi barcode in entry 109 of the bam file
2020-08-27 20:47:27,338 - WARNING - Not found cell and umi barcode in entry 129 of the bam file
2020-08-27 20:47:27,338 - WARNING - Not found cell and umi barcode in entry 154 of the bam file
2020-08-27 20:47:27,338 - WARNING - Not found cell and umi barcode in entry 157 of the bam file
2020-08-27 20:47:27,338 - WARNING - Not found cell and umi barcode in entry 158 of the bam file
2020-08-27 20:47:27,338 - WARNING - Not found cell and umi barcode in entry 162 of the bam file
2020-08-27 20:47:27,338 - WARNING - Not found cell and umi barcode in entry 163 of the bam file
2020-08-27 20:47:27,339 - WARNING - Not found cell and umi barcode in entry 164 of the bam file
2020-08-27 20:47:27,339 - WARNING - Not found cell and umi barcode in entry 165 of the bam file
2020-08-27 20:47:27,339 - WARNING - Not found cell and umi barcode in entry 166 of the bam file
2020-08-27 20:47:27,339 - WARNING - Not found cell and umi barcode in entry 185 of the bam file
2020-08-27 20:47:27,339 - WARNING - Not found cell and umi barcode in entry 208 of the bam file
2020-08-27 20:47:27,339 - WARNING - Not found cell and umi barcode in entry 210 of the bam file
2020-08-27 20:47:27,339 - WARNING - Not found cell and umi barcode in entry 248 of the bam file
2020-08-27 20:47:27,339 - WARNING - Not found cell and umi barcode in entry 249 of the bam file
2020-08-27 20:47:27,340 - WARNING - Not found cell and umi barcode in entry 326 of the bam file
2020-08-27 20:47:27,340 - WARNING - Not found cell and umi barcode in entry 404 of the bam file
2020-08-27 20:47:27,340 - WARNING - Not found cell and umi barcode in entry 405 of the bam file
2020-08-27 20:47:27,341 - WARNING - Not found cell and umi barcode in entry 452 of the bam file
2020-08-27 20:47:27,341 - WARNING - Not found cell and umi barcode in entry 453 of the bam file
2020-08-27 20:47:27,341 - WARNING - Not found cell and umi barcode in entry 454 of the bam file
2020-08-27 20:47:27,341 - WARNING - Not found cell and umi barcode in entry 455 of the bam file
2020-08-27 20:47:27,341 - WARNING - Not found cell and umi barcode in entry 456 of the bam file
2020-08-27 20:47:27,341 - WARNING - Not found cell and umi barcode in entry 457 of the bam file
2020-08-27 20:47:27,342 - WARNING - Not found cell and umi barcode in entry 580 of the bam file
2020-08-27 20:47:27,342 - WARNING - Not found cell and umi barcode in entry 581 of the bam file
2020-08-27 20:47:27,342 - WARNING - Not found cell and umi barcode in entry 582 of the bam file
2020-08-27 20:47:27,342 - WARNING - Not found cell and umi barcode in entry 583 of the bam file
2020-08-27 20:47:27,342 - WARNING - Not found cell and umi barcode in entry 584 of the bam file
2020-08-27 20:47:27,342 - WARNING - Not found cell and umi barcode in entry 585 of the bam file
2020-08-27 20:47:27,355 - WARNING - The file /net/isi-dcnl/ifs/user_data/abild/jichen/Projects/Breast/scRNA/Data/Megatron_data/COH073/FEL044046.mRNA/FEL044_count03/cell_ranger/FEL044_S/outs/cellsorted_possorted_genome_bam.bam already exists. The sorting step will be skipped and the existing file will be used.
2020-08-27 20:47:27,355 - INFO - Load the annotation from /net/isi-dcnl/ifs/user_data/abild/Genomes/refdata-cellranger-GRCh38-3.0.0/genes/genes.gtf
2020-08-27 20:47:35,086 - DEBUG - Parsing Chromosome 1 strand - [line 0]
2020-08-27 20:47:35,713 - DEBUG - Done with 1- [line 108728]
2020-08-27 20:47:35,713 - DEBUG - Assigning indexes to genes
2020-08-27 20:47:35,723 - DEBUG - Seen 1561 genes until now
2020-08-27 20:47:35,723 - DEBUG - Parsing Chromosome 1 strand + [line 108729]
2020-08-27 20:47:36,430 - DEBUG - Done with 1+ [line 232515]
2020-08-27 20:47:36,431 - DEBUG - Assigning indexes to genes
2020-08-27 20:47:36,442 - DEBUG - Seen 3154 genes until now
2020-08-27 20:47:36,442 - DEBUG - Parsing Chromosome 10 strand - [line 232516]
2020-08-27 20:47:36,854 - DEBUG - Done with 10- [line 279343]
2020-08-27 20:47:36,855 - DEBUG - Assigning indexes to genes
2020-08-27 20:47:36,858 - DEBUG - Seen 3737 genes until now
2020-08-27 20:47:36,858 - DEBUG - Parsing Chromosome 10 strand + [line 279344]
2020-08-27 20:47:37,044 - DEBUG - Done with 10+ [line 323872]
2020-08-27 20:47:37,044 - DEBUG - Assigning indexes to genes
2020-08-27 20:47:37,047 - DEBUG - Seen 4384 genes until now
2020-08-27 20:47:37,047 - DEBUG - Parsing Chromosome 11 strand - [line 323873]
2020-08-27 20:47:37,609 - DEBUG - Done with 11- [line 402908]
2020-08-27 20:47:37,609 - DEBUG - Assigning indexes to genes
2020-08-27 20:47:37,615 - DEBUG - Seen 5320 genes until now
2020-08-27 20:47:37,616 - DEBUG - Parsing Chromosome 11 strand + [line 402909]
2020-08-27 20:47:37,941 - DEBUG - Done with 11+ [line 482591]
2020-08-27 20:47:37,942 - DEBUG - Assigning indexes to genes
2020-08-27 20:47:37,948 - DEBUG - Seen 6305 genes until now
2020-08-27 20:47:37,948 - DEBUG - Parsing Chromosome 12 strand - [line 482592]
2020-08-27 20:47:38,533 - DEBUG - Done with 12- [line 559278]
2020-08-27 20:47:38,533 - DEBUG - Assigning indexes to genes
2020-08-27 20:47:38,539 - DEBUG - Seen 7177 genes until now
2020-08-27 20:47:38,539 - DEBUG - Parsing Chromosome 12 strand + [line 559279]
2020-08-27 20:47:38,851 - DEBUG - Done with 12+ [line 635173]
2020-08-27 20:47:38,851 - DEBUG - Assigning indexes to genes
2020-08-27 20:47:38,857 - DEBUG - Seen 8070 genes until now
2020-08-27 20:47:38,857 - DEBUG - Parsing Chromosome 13 strand - [line 635174]
2020-08-27 20:47:38,935 - DEBUG - Done with 13- [line 653523]
2020-08-27 20:47:38,935 - DEBUG - Assigning indexes to genes
2020-08-27 20:47:38,937 - DEBUG - Seen 8400 genes until now
2020-08-27 20:47:38,937 - DEBUG - Parsing Chromosome 13 strand + [line 653524]
2020-08-27 20:47:39,309 - DEBUG - Done with 13+ [line 673091]
2020-08-27 20:47:39,309 - DEBUG - Assigning indexes to genes
2020-08-27 20:47:39,311 - DEBUG - Seen 8736 genes until now
2020-08-27 20:47:39,311 - DEBUG - Parsing Chromosome 14 strand - [line 673092]
2020-08-27 20:47:39,492 - DEBUG - Done with 14- [line 716831]
2020-08-27 20:47:39,492 - DEBUG - Assigning indexes to genes
2020-08-27 20:47:39,496 - DEBUG - Seen 9452 genes until now
2020-08-27 20:47:39,496 - DEBUG - Parsing Chromosome 14 strand + [line 716832]
2020-08-27 20:47:39,695 - DEBUG - Done with 14+ [line 764942]
2020-08-27 20:47:39,695 - DEBUG - Assigning indexes to genes
2020-08-27 20:47:39,699 - DEBUG - Seen 10121 genes until now
2020-08-27 20:47:39,699 - DEBUG - Parsing Chromosome 15 strand - [line 764943]
2020-08-27 20:47:39,906 - DEBUG - Done with 15- [line 813803]
2020-08-27 20:47:39,906 - DEBUG - Assigning indexes to genes
2020-08-27 20:47:39,909 - DEBUG - Seen 10698 genes until now
2020-08-27 20:47:39,909 - DEBUG - Parsing Chromosome 15 strand + [line 813804]
2020-08-27 20:47:40,090 - DEBUG - Done with 15+ [line 857859]
2020-08-27 20:47:40,090 - DEBUG - Assigning indexes to genes
2020-08-27 20:47:40,094 - DEBUG - Seen 11256 genes until now
2020-08-27 20:47:40,094 - DEBUG - Parsing Chromosome 16 strand - [line 857860]
2020-08-27 20:47:40,677 - DEBUG - Done with 16- [line 911118]
2020-08-27 20:47:40,677 - DEBUG - Assigning indexes to genes
2020-08-27 20:47:40,681 - DEBUG - Seen 11998 genes until now
2020-08-27 20:47:40,681 - DEBUG - Parsing Chromosome 16 strand + [line 911119]
2020-08-27 20:47:40,968 - DEBUG - Done with 16+ [line 981663]
2020-08-27 20:47:40,968 - DEBUG - Assigning indexes to genes
2020-08-27 20:47:40,974 - DEBUG - Seen 12787 genes until now
2020-08-27 20:47:40,974 - DEBUG - Parsing Chromosome 17 strand - [line 981664]
2020-08-27 20:47:41,326 - DEBUG - Done with 17- [line 1066635]
2020-08-27 20:47:41,326 - DEBUG - Assigning indexes to genes
2020-08-27 20:47:41,333 - DEBUG - Seen 13775 genes until now
2020-08-27 20:47:41,333 - DEBUG - Parsing Chromosome 17 strand + [line 1066636]
2020-08-27 20:47:42,016 - DEBUG - Done with 17+ [line 1143834]
2020-08-27 20:47:42,016 - DEBUG - Assigning indexes to genes
2020-08-27 20:47:42,024 - DEBUG - Seen 14681 genes until now
2020-08-27 20:47:42,024 - DEBUG - Parsing Chromosome 18 strand - [line 1143835]
2020-08-27 20:47:42,127 - DEBUG - Done with 18- [line 1168496]
2020-08-27 20:47:42,128 - DEBUG - Assigning indexes to genes
2020-08-27 20:47:42,129 - DEBUG - Seen 15006 genes until now
2020-08-27 20:47:42,129 - DEBUG - Parsing Chromosome 18 strand + [line 1168497]
2020-08-27 20:47:42,215 - DEBUG - Done with 18+ [line 1189691]
2020-08-27 20:47:42,215 - DEBUG - Assigning indexes to genes
2020-08-27 20:47:42,217 - DEBUG - Seen 15343 genes until now
2020-08-27 20:47:42,217 - DEBUG - Parsing Chromosome 19 strand - [line 1189692]
2020-08-27 20:47:42,539 - DEBUG - Done with 19- [line 1268854]
2020-08-27 20:47:42,539 - DEBUG - Assigning indexes to genes
2020-08-27 20:47:42,546 - DEBUG - Seen 16352 genes until now
2020-08-27 20:47:42,546 - DEBUG - Parsing Chromosome 19 strand + [line 1268855]
2020-08-27 20:47:42,874 - DEBUG - Done with 19+ [line 1351833]
2020-08-27 20:47:42,874 - DEBUG - Assigning indexes to genes
2020-08-27 20:47:42,882 - DEBUG - Seen 17347 genes until now
2020-08-27 20:47:42,882 - DEBUG - Parsing Chromosome 2 strand - [line 1351834]
2020-08-27 20:47:43,292 - DEBUG - Done with 2- [line 1448710]
2020-08-27 20:47:43,293 - DEBUG - Assigning indexes to genes
2020-08-27 20:47:43,301 - DEBUG - Seen 18472 genes until now
2020-08-27 20:47:43,301 - DEBUG - Parsing Chromosome 2 strand + [line 1448711]
2020-08-27 20:47:44,117 - DEBUG - Done with 2+ [line 1542602]
2020-08-27 20:47:44,117 - DEBUG - Assigning indexes to genes
2020-08-27 20:47:44,126 - DEBUG - Seen 19632 genes until now
2020-08-27 20:47:44,126 - DEBUG - Parsing Chromosome 20 strand - [line 1542603]
2020-08-27 20:47:44,236 - DEBUG - Done with 20- [line 1569195]
2020-08-27 20:47:44,236 - DEBUG - Assigning indexes to genes
2020-08-27 20:47:44,238 - DEBUG - Seen 20079 genes until now
2020-08-27 20:47:44,238 - DEBUG - Parsing Chromosome 20 strand + [line 1569196]
2020-08-27 20:47:44,366 - DEBUG - Done with 20+ [line 1600541]
2020-08-27 20:47:44,366 - DEBUG - Assigning indexes to genes
2020-08-27 20:47:44,368 - DEBUG - Seen 20527 genes until now
2020-08-27 20:47:44,368 - DEBUG - Parsing Chromosome 21 strand - [line 1600542]
2020-08-27 20:47:44,426 - DEBUG - Done with 21- [line 1614106]
2020-08-27 20:47:44,426 - DEBUG - Assigning indexes to genes
2020-08-27 20:47:44,427 - DEBUG - Seen 20795 genes until now
2020-08-27 20:47:44,427 - DEBUG - Parsing Chromosome 21 strand + [line 1614107]
2020-08-27 20:47:44,489 - DEBUG - Done with 21+ [line 1628392]
2020-08-27 20:47:44,489 - DEBUG - Assigning indexes to genes
2020-08-27 20:47:44,490 - DEBUG - Seen 21029 genes until now
2020-08-27 20:47:44,490 - DEBUG - Parsing Chromosome 22 strand - [line 1628393]
2020-08-27 20:47:44,596 - DEBUG - Done with 22- [line 1653805]
2020-08-27 20:47:44,596 - DEBUG - Assigning indexes to genes
2020-08-27 20:47:44,598 - DEBUG - Seen 21391 genes until now
2020-08-27 20:47:44,598 - DEBUG - Parsing Chromosome 22 strand + [line 1653806]
2020-08-27 20:47:44,723 - DEBUG - Done with 22+ [line 1684245]
2020-08-27 20:47:44,723 - DEBUG - Assigning indexes to genes
2020-08-27 20:47:44,730 - DEBUG - Seen 21866 genes until now
2020-08-27 20:47:44,730 - DEBUG - Parsing Chromosome 3 strand - [line 1684246]
2020-08-27 20:47:45,062 - DEBUG - Done with 3- [line 1763939]
2020-08-27 20:47:45,063 - DEBUG - Assigning indexes to genes
2020-08-27 20:47:45,069 - DEBUG - Seen 22713 genes until now
2020-08-27 20:47:45,069 - DEBUG - Parsing Chromosome 3 strand + [line 1763940]
2020-08-27 20:47:45,402 - DEBUG - Done with 3+ [line 1844840]
2020-08-27 20:47:45,402 - DEBUG - Assigning indexes to genes
2020-08-27 20:47:45,408 - DEBUG - Seen 23585 genes until now
2020-08-27 20:47:45,408 - DEBUG - Parsing Chromosome 4 strand - [line 1844841]
2020-08-27 20:47:46,165 - DEBUG - Done with 4- [line 1898665]
2020-08-27 20:47:46,165 - DEBUG - Assigning indexes to genes
2020-08-27 20:47:46,169 - DEBUG - Seen 24246 genes until now
2020-08-27 20:47:46,169 - DEBUG - Parsing Chromosome 4 strand + [line 1898666]
2020-08-27 20:47:46,368 - DEBUG - Done with 4+ [line 1947617]
2020-08-27 20:47:46,368 - DEBUG - Assigning indexes to genes
2020-08-27 20:47:46,372 - DEBUG - Seen 24938 genes until now
2020-08-27 20:47:46,372 - DEBUG - Parsing Chromosome 5 strand - [line 1947618]
2020-08-27 20:47:46,595 - DEBUG - Done with 5- [line 2001140]
2020-08-27 20:47:46,595 - DEBUG - Assigning indexes to genes
2020-08-27 20:47:46,599 - DEBUG - Seen 25741 genes until now
2020-08-27 20:47:46,600 - DEBUG - Parsing Chromosome 5 strand + [line 2001141]
2020-08-27 20:47:46,849 - DEBUG - Done with 5+ [line 2062165]
2020-08-27 20:47:46,849 - DEBUG - Assigning indexes to genes
2020-08-27 20:47:46,854 - DEBUG - Seen 26599 genes until now
2020-08-27 20:47:46,854 - DEBUG - Parsing Chromosome 6 strand - [line 2062166]
2020-08-27 20:47:47,099 - DEBUG - Done with 6- [line 2121425]
2020-08-27 20:47:47,099 - DEBUG - Assigning indexes to genes
2020-08-27 20:47:47,104 - DEBUG - Seen 27435 genes until now
2020-08-27 20:47:47,104 - DEBUG - Parsing Chromosome 6 strand + [line 2121426]
2020-08-27 20:47:47,322 - DEBUG - Done with 6+ [line 2176078]
2020-08-27 20:47:47,322 - DEBUG - Assigning indexes to genes
2020-08-27 20:47:47,326 - DEBUG - Seen 28231 genes until now
2020-08-27 20:47:47,326 - DEBUG - Parsing Chromosome 7 strand - [line 2176079]
2020-08-27 20:47:47,565 - DEBUG - Done with 7- [line 2233605]
2020-08-27 20:47:47,565 - DEBUG - Assigning indexes to genes
2020-08-27 20:47:47,569 - DEBUG - Seen 28953 genes until now
2020-08-27 20:47:47,570 - DEBUG - Parsing Chromosome 7 strand + [line 2233606]
2020-08-27 20:47:47,822 - DEBUG - Done with 7+ [line 2295513]
2020-08-27 20:47:47,822 - DEBUG - Assigning indexes to genes
2020-08-27 20:47:47,827 - DEBUG - Seen 29770 genes until now
2020-08-27 20:47:47,827 - DEBUG - Parsing Chromosome 8 strand - [line 2295514]
2020-08-27 20:47:48,022 - DEBUG - Done with 8- [line 2343289]
2020-08-27 20:47:48,022 - DEBUG - Assigning indexes to genes
2020-08-27 20:47:48,026 - DEBUG - Seen 30442 genes until now
2020-08-27 20:47:48,026 - DEBUG - Parsing Chromosome 8 strand + [line 2343290]
2020-08-27 20:47:48,205 - DEBUG - Done with 8+ [line 2386793]
2020-08-27 20:47:48,205 - DEBUG - Assigning indexes to genes
2020-08-27 20:47:48,209 - DEBUG - Seen 31090 genes until now
2020-08-27 20:47:48,209 - DEBUG - Parsing Chromosome 9 strand - [line 2386794]
2020-08-27 20:47:48,980 - DEBUG - Done with 9- [line 2430389]
2020-08-27 20:47:48,980 - DEBUG - Assigning indexes to genes
2020-08-27 20:47:48,984 - DEBUG - Seen 31710 genes until now
2020-08-27 20:47:48,984 - DEBUG - Parsing Chromosome 9 strand + [line 2430390]
2020-08-27 20:47:49,179 - DEBUG - Done with 9+ [line 2477312]
2020-08-27 20:47:49,179 - DEBUG - Assigning indexes to genes
2020-08-27 20:47:49,183 - DEBUG - Seen 32318 genes until now
2020-08-27 20:47:49,183 - DEBUG - Parsing Chromosome GL000009.2 strand - [line 2477313]
2020-08-27 20:47:49,183 - DEBUG - Done with GL000009.2- [line 2477320]
2020-08-27 20:47:49,183 - DEBUG - Assigning indexes to genes
2020-08-27 20:47:49,183 - DEBUG - Seen 32319 genes until now
2020-08-27 20:47:49,183 - DEBUG - Parsing Chromosome GL000194.1 strand - [line 2477321]
2020-08-27 20:47:49,183 - DEBUG - Done with GL000194.1- [line 2477346]
2020-08-27 20:47:49,183 - DEBUG - Assigning indexes to genes
2020-08-27 20:47:49,183 - DEBUG - Seen 32321 genes until now
2020-08-27 20:47:49,183 - DEBUG - Parsing Chromosome GL000195.1 strand - [line 2477347]
2020-08-27 20:47:49,183 - DEBUG - Done with GL000195.1- [line 2477356]
2020-08-27 20:47:49,183 - DEBUG - Assigning indexes to genes
2020-08-27 20:47:49,183 - DEBUG - Seen 32322 genes until now
2020-08-27 20:47:49,184 - DEBUG - Parsing Chromosome GL000195.1 strand + [line 2477357]
2020-08-27 20:47:49,184 - DEBUG - Done with GL000195.1+ [line 2477370]
2020-08-27 20:47:49,184 - DEBUG - Assigning indexes to genes
2020-08-27 20:47:49,184 - DEBUG - Seen 32323 genes until now
2020-08-27 20:47:49,184 - DEBUG - Parsing Chromosome GL000205.2 strand - [line 2477371]
2020-08-27 20:47:49,184 - DEBUG - Done with GL000205.2- [line 2477384]
2020-08-27 20:47:49,184 - DEBUG - Assigning indexes to genes
2020-08-27 20:47:49,184 - DEBUG - Seen 32324 genes until now
2020-08-27 20:47:49,184 - DEBUG - Parsing Chromosome GL000213.1 strand - [line 2477385]
2020-08-27 20:47:49,184 - DEBUG - Done with GL000213.1- [line 2477433]
2020-08-27 20:47:49,184 - DEBUG - Assigning indexes to genes
2020-08-27 20:47:49,184 - DEBUG - Seen 32325 genes until now
2020-08-27 20:47:49,184 - DEBUG - Parsing Chromosome GL000218.1 strand - [line 2477434]
2020-08-27 20:47:49,184 - DEBUG - Done with GL000218.1- [line 2477441]
2020-08-27 20:47:49,184 - DEBUG - Assigning indexes to genes
2020-08-27 20:47:49,184 - DEBUG - Seen 32326 genes until now
2020-08-27 20:47:49,184 - DEBUG - Parsing Chromosome GL000219.1 strand - [line 2477442]
2020-08-27 20:47:49,184 - DEBUG - Done with GL000219.1- [line 2477453]
2020-08-27 20:47:49,185 - DEBUG - Assigning indexes to genes
2020-08-27 20:47:49,185 - DEBUG - Seen 32327 genes until now
2020-08-27 20:47:49,185 - DEBUG - Parsing Chromosome KI270711.1 strand - [line 2477454]
2020-08-27 20:47:49,185 - DEBUG - Done with KI270711.1- [line 2477604]
2020-08-27 20:47:49,185 - DEBUG - Assigning indexes to genes
2020-08-27 20:47:49,185 - DEBUG - Seen 32328 genes until now
2020-08-27 20:47:49,185 - DEBUG - Parsing Chromosome KI270713.1 strand - [line 2477605]
2020-08-27 20:47:49,185 - DEBUG - Done with KI270713.1- [line 2477612]
2020-08-27 20:47:49,185 - DEBUG - Assigning indexes to genes
2020-08-27 20:47:49,186 - DEBUG - Seen 32329 genes until now
2020-08-27 20:47:49,186 - DEBUG - Parsing Chromosome KI270713.1 strand + [line 2477613]
2020-08-27 20:47:49,186 - DEBUG - Done with KI270713.1+ [line 2477618]
2020-08-27 20:47:49,186 - DEBUG - Assigning indexes to genes
2020-08-27 20:47:49,186 - DEBUG - Seen 32330 genes until now
2020-08-27 20:47:49,186 - DEBUG - Parsing Chromosome KI270721.1 strand + [line 2477619]
2020-08-27 20:47:49,186 - DEBUG - Done with KI270721.1+ [line 2477634]
2020-08-27 20:47:49,186 - DEBUG - Assigning indexes to genes
2020-08-27 20:47:49,186 - DEBUG - Seen 32331 genes until now
2020-08-27 20:47:49,186 - DEBUG - Parsing Chromosome KI270726.1 strand + [line 2477635]
2020-08-27 20:47:49,186 - DEBUG - Done with KI270726.1+ [line 2477645]
2020-08-27 20:47:49,186 - DEBUG - Assigning indexes to genes
2020-08-27 20:47:49,186 - DEBUG - Seen 32333 genes until now
2020-08-27 20:47:49,186 - DEBUG - Parsing Chromosome KI270727.1 strand - [line 2477646]
2020-08-27 20:47:49,186 - DEBUG - Done with KI270727.1- [line 2477704]
2020-08-27 20:47:49,186 - DEBUG - Assigning indexes to genes
2020-08-27 20:47:49,186 - DEBUG - Seen 32335 genes until now
2020-08-27 20:47:49,186 - DEBUG - Parsing Chromosome KI270727.1 strand + [line 2477705]
2020-08-27 20:47:49,187 - DEBUG - Done with KI270727.1+ [line 2477719]
2020-08-27 20:47:49,187 - DEBUG - Assigning indexes to genes
2020-08-27 20:47:49,187 - DEBUG - Seen 32337 genes until now
2020-08-27 20:47:49,187 - DEBUG - Parsing Chromosome KI270728.1 strand - [line 2477720]
2020-08-27 20:47:49,187 - DEBUG - Done with KI270728.1- [line 2477796]
2020-08-27 20:47:49,187 - DEBUG - Assigning indexes to genes
2020-08-27 20:47:49,187 - DEBUG - Seen 32339 genes until now
2020-08-27 20:47:49,187 - DEBUG - Parsing Chromosome KI270728.1 strand + [line 2477797]
2020-08-27 20:47:49,187 - DEBUG - Done with KI270728.1+ [line 2477833]
2020-08-27 20:47:49,187 - DEBUG - Assigning indexes to genes
2020-08-27 20:47:49,187 - DEBUG - Seen 32343 genes until now
2020-08-27 20:47:49,187 - DEBUG - Parsing Chromosome KI270731.1 strand - [line 2477834]
2020-08-27 20:47:49,187 - DEBUG - Done with KI270731.1- [line 2477840]
2020-08-27 20:47:49,187 - DEBUG - Assigning indexes to genes
2020-08-27 20:47:49,188 - DEBUG - Seen 32344 genes until now
2020-08-27 20:47:49,188 - DEBUG - Parsing Chromosome KI270734.1 strand - [line 2477841]
2020-08-27 20:47:49,188 - DEBUG - Done with KI270734.1- [line 2477909]
2020-08-27 20:47:49,188 - DEBUG - Assigning indexes to genes
2020-08-27 20:47:49,188 - DEBUG - Seen 32345 genes until now
2020-08-27 20:47:49,188 - DEBUG - Parsing Chromosome KI270734.1 strand + [line 2477910]
2020-08-27 20:47:49,188 - DEBUG - Done with KI270734.1+ [line 2477932]
2020-08-27 20:47:49,188 - DEBUG - Assigning indexes to genes
2020-08-27 20:47:49,188 - DEBUG - Seen 32347 genes until now
2020-08-27 20:47:49,188 - DEBUG - Parsing Chromosome MT strand - [line 2477933]
2020-08-27 20:47:49,188 - DEBUG - Done with MT- [line 2477938]
2020-08-27 20:47:49,188 - DEBUG - Assigning indexes to genes
2020-08-27 20:47:49,188 - DEBUG - Seen 32348 genes until now
2020-08-27 20:47:49,188 - DEBUG - Parsing Chromosome MT strand + [line 2477939]
2020-08-27 20:47:49,189 - DEBUG - Done with MT+ [line 2478004]
2020-08-27 20:47:49,189 - DEBUG - Assigning indexes to genes
2020-08-27 20:47:49,189 - DEBUG - Seen 32360 genes until now
2020-08-27 20:47:49,189 - DEBUG - Parsing Chromosome X strand - [line 2478005]
2020-08-27 20:47:49,355 - DEBUG - Done with X- [line 2518937]
2020-08-27 20:47:49,355 - DEBUG - Assigning indexes to genes
2020-08-27 20:47:49,358 - DEBUG - Seen 32876 genes until now
2020-08-27 20:47:49,358 - DEBUG - Parsing Chromosome X strand + [line 2518938]
2020-08-27 20:47:49,524 - DEBUG - Done with X+ [line 2560301]
2020-08-27 20:47:49,524 - DEBUG - Assigning indexes to genes
2020-08-27 20:47:49,527 - DEBUG - Seen 33438 genes until now
2020-08-27 20:47:49,527 - DEBUG - Parsing Chromosome Y strand - [line 2560302]
2020-08-27 20:47:49,536 - DEBUG - Done with Y- [line 2562446]
2020-08-27 20:47:49,536 - DEBUG - Assigning indexes to genes
2020-08-27 20:47:49,537 - DEBUG - Seen 33485 genes until now
2020-08-27 20:47:49,537 - DEBUG - Parsing Chromosome Y strand + [line 2562447]
2020-08-27 20:47:49,547 - DEBUG - Assigning indexes to genes
2020-08-27 20:47:49,547 - DEBUG - Done with Y+ [line 2565059]
2020-08-27 20:47:49,547 - DEBUG - Fixing corner cases of transcript models containg intron longer than 1000Kbp
2020-08-27 20:47:51,301 - DEBUG - Generated 2165800 features corresponding to 172912 transcript models from /net/isi-dcnl/ifs/user_data/abild/Genomes/refdata-cellranger-GRCh38-3.0.0/genes/genes.gtf
2020-08-27 20:47:51,329 - INFO - Scan /net/isi-dcnl/ifs/user_data/abild/jichen/Projects/Breast/scRNA/Data/Megatron_data/COH073/FEL044046.mRNA/FEL044_count03/cell_ranger/FEL044_S/outs/possorted_genome_bam.bam to validate intron intervals
2020-08-27 20:47:55,265 - DEBUG - Reading /net/isi-dcnl/ifs/user_data/abild/jichen/Projects/Breast/scRNA/Data/Megatron_data/COH073/FEL044046.mRNA/FEL044_count03/cell_ranger/FEL044_S/outs/possorted_genome_bam.bam
2020-08-27 20:47:55,289 - DEBUG - Read first 0 million reads
2020-08-27 20:47:55,289 - DEBUG - Marking up chromosome 1
2020-08-27 20:49:19,680 - DEBUG - Read first 10 million reads
2020-08-27 20:50:21,208 - DEBUG - Read first 20 million reads
2020-08-27 20:51:20,973 - DEBUG - Marking up chromosome 10
2020-08-27 20:51:45,321 - DEBUG - Read first 30 million reads
2020-08-27 20:53:23,819 - DEBUG - Read first 40 million reads
2020-08-27 20:53:53,968 - DEBUG - Marking up chromosome 11
2020-08-27 20:55:04,354 - DEBUG - Read first 50 million reads
2020-08-27 20:56:55,905 - DEBUG - Read first 60 million reads
2020-08-27 20:56:56,805 - DEBUG - Marking up chromosome 12
2020-08-27 20:58:23,344 - DEBUG - Read first 70 million reads
2020-08-27 20:58:57,557 - DEBUG - Marking up chromosome 13
2020-08-27 20:59:25,183 - DEBUG - Marking up chromosome 14
2020-08-27 20:59:50,238 - DEBUG - Read first 80 million reads
2020-08-27 21:00:30,146 - DEBUG - Marking up chromosome 15
2020-08-27 21:01:21,697 - DEBUG - Read first 90 million reads
2020-08-27 21:01:32,392 - DEBUG - Marking up chromosome 16
2020-08-27 21:02:27,972 - DEBUG - Read first 100 million reads
2020-08-27 21:03:06,226 - DEBUG - Marking up chromosome 17
2020-08-27 21:04:02,906 - DEBUG - Read first 110 million reads
2020-08-27 21:04:58,314 - DEBUG - Marking up chromosome 18
2020-08-27 21:05:32,139 - DEBUG - Marking up chromosome 19
2020-08-27 21:05:40,316 - DEBUG - Read first 120 million reads
2020-08-27 21:07:09,752 - DEBUG - Marking up chromosome 2
2020-08-27 21:07:13,050 - DEBUG - Read first 130 million reads
2020-08-27 21:08:33,611 - DEBUG - Read first 140 million reads
2020-08-27 21:10:01,882 - DEBUG - Read first 150 million reads
2020-08-27 21:10:04,242 - DEBUG - Marking up chromosome 20
2020-08-27 21:11:14,580 - DEBUG - Marking up chromosome 21
2020-08-27 21:11:19,177 - DEBUG - Read first 160 million reads
2020-08-27 21:11:40,399 - DEBUG - Read first 170 million reads
2020-08-27 21:12:01,769 - DEBUG - Read first 180 million reads
2020-08-27 21:12:22,844 - DEBUG - Read first 190 million reads
2020-08-27 21:12:43,819 - DEBUG - Read first 200 million reads
2020-08-27 21:13:05,195 - DEBUG - Read first 210 million reads
2020-08-27 21:13:26,617 - DEBUG - Read first 220 million reads
2020-08-27 21:13:48,119 - DEBUG - Read first 230 million reads
2020-08-27 21:14:09,452 - DEBUG - Read first 240 million reads
2020-08-27 21:14:30,997 - DEBUG - Read first 250 million reads
2020-08-27 21:14:52,267 - DEBUG - Read first 260 million reads
2020-08-27 21:15:13,129 - DEBUG - Read first 270 million reads
2020-08-27 21:15:33,979 - DEBUG - Read first 280 million reads
2020-08-27 21:15:55,358 - DEBUG - Read first 290 million reads
2020-08-27 21:16:16,750 - DEBUG - Read first 300 million reads
2020-08-27 21:16:38,218 - DEBUG - Read first 310 million reads
2020-08-27 21:17:00,055 - DEBUG - Read first 320 million reads
2020-08-27 21:17:21,242 - DEBUG - Read first 330 million reads
2020-08-27 21:17:43,024 - DEBUG - Read first 340 million reads
2020-08-27 21:18:03,959 - DEBUG - Read first 350 million reads
2020-08-27 21:18:25,070 - DEBUG - Read first 360 million reads
2020-08-27 21:18:46,760 - DEBUG - Read first 370 million reads
2020-08-27 21:19:08,387 - DEBUG - Read first 380 million reads
2020-08-27 21:19:29,724 - DEBUG - Read first 390 million reads
2020-08-27 21:19:51,207 - DEBUG - Read first 400 million reads
2020-08-27 21:20:12,662 - DEBUG - Read first 410 million reads
2020-08-27 21:20:33,996 - DEBUG - Read first 420 million reads
2020-08-27 21:20:55,300 - DEBUG - Read first 430 million reads
2020-08-27 21:21:16,332 - DEBUG - Read first 440 million reads
2020-08-27 21:21:37,441 - DEBUG - Read first 450 million reads
2020-08-27 21:21:59,223 - DEBUG - Read first 460 million reads
2020-08-27 21:22:20,771 - DEBUG - Read first 470 million reads
2020-08-27 21:22:41,885 - DEBUG - Read first 480 million reads
2020-08-27 21:23:03,481 - DEBUG - Read first 490 million reads
2020-08-27 21:23:37,857 - DEBUG - Read first 500 million reads
2020-08-27 21:23:51,833 - DEBUG - Marking up chromosome 22
2020-08-27 21:24:44,714 - DEBUG - Marking up chromosome 3
2020-08-27 21:25:35,702 - DEBUG - Read first 510 million reads
2020-08-27 21:27:06,582 - DEBUG - Read first 520 million reads
2020-08-27 21:27:36,497 - DEBUG - Marking up chromosome 4
2020-08-27 21:29:05,107 - DEBUG - Read first 530 million reads
2020-08-27 21:29:40,314 - DEBUG - Marking up chromosome 5
2020-08-27 21:30:19,712 - DEBUG - Read first 540 million reads
2020-08-27 21:31:39,266 - DEBUG - Marking up chromosome 6
2020-08-27 21:31:44,833 - DEBUG - Read first 550 million reads
2020-08-27 21:33:13,338 - DEBUG - Read first 560 million reads
2020-08-27 21:33:34,785 - DEBUG - Marking up chromosome 7
2020-08-27 21:34:39,367 - DEBUG - Read first 570 million reads
2020-08-27 21:35:53,257 - DEBUG - Read first 580 million reads
2020-08-27 21:35:54,598 - DEBUG - Marking up chromosome 8
2020-08-27 21:37:23,465 - DEBUG - Marking up chromosome 9
2020-08-27 21:37:24,982 - DEBUG - Read first 590 million reads
2020-08-27 21:38:28,438 - DEBUG - Marking up chromosome MT
2020-08-27 21:38:37,302 - DEBUG - Read first 600 million reads
2020-08-27 21:39:09,758 - DEBUG - Marking up chromosome X
2020-08-27 21:39:46,684 - DEBUG - Read first 610 million reads
2020-08-27 21:39:59,647 - DEBUG - Marking up chromosome Y
2020-08-27 21:39:59,958 - DEBUG - Marking up chromosome KI270728.1
2020-08-27 21:39:59,980 - DEBUG - Marking up chromosome KI270727.1
2020-08-27 21:40:00,149 - DEBUG - Marking up chromosome KI270442.1
2020-08-27 21:40:00,149 - WARNING - The .bam file refers to a chromosome 'KI270442.1+' not present in the annotation (.gtf) file
2020-08-27 21:40:00,149 - WARNING - The .bam file refers to a chromosome 'KI270442.1-' not present in the annotation (.gtf) file
2020-08-27 21:40:01,824 - DEBUG - Marking up chromosome KI270729.1
2020-08-27 21:40:01,824 - WARNING - The .bam file refers to a chromosome 'KI270729.1+' not present in the annotation (.gtf) file
2020-08-27 21:40:01,824 - WARNING - The .bam file refers to a chromosome 'KI270729.1-' not present in the annotation (.gtf) file
2020-08-27 21:40:01,868 - DEBUG - Marking up chromosome GL000225.1
2020-08-27 21:40:01,868 - WARNING - The .bam file refers to a chromosome 'GL000225.1+' not present in the annotation (.gtf) file
2020-08-27 21:40:01,868 - WARNING - The .bam file refers to a chromosome 'GL000225.1-' not present in the annotation (.gtf) file
2020-08-27 21:40:01,870 - DEBUG - Marking up chromosome KI270743.1
2020-08-27 21:40:01,870 - WARNING - The .bam file refers to a chromosome 'KI270743.1+' not present in the annotation (.gtf) file
2020-08-27 21:40:01,870 - WARNING - The .bam file refers to a chromosome 'KI270743.1-' not present in the annotation (.gtf) file
2020-08-27 21:40:01,979 - DEBUG - Marking up chromosome GL000008.2
2020-08-27 21:40:01,979 - WARNING - The .bam file refers to a chromosome 'GL000008.2+' not present in the annotation (.gtf) file
2020-08-27 21:40:01,979 - WARNING - The .bam file refers to a chromosome 'GL000008.2-' not present in the annotation (.gtf) file
2020-08-27 21:40:02,052 - DEBUG - Marking up chromosome GL000009.2
2020-08-27 21:40:02,052 - WARNING - The .bam file refers to a chromosome 'GL000009.2+' not present in the annotation (.gtf) file
2020-08-27 21:40:02,525 - DEBUG - Marking up chromosome KI270747.1
2020-08-27 21:40:02,525 - WARNING - The .bam file refers to a chromosome 'KI270747.1+' not present in the annotation (.gtf) file
2020-08-27 21:40:02,525 - WARNING - The .bam file refers to a chromosome 'KI270747.1-' not present in the annotation (.gtf) file
2020-08-27 21:40:02,525 - DEBUG - Marking up chromosome KI270722.1
2020-08-27 21:40:02,525 - WARNING - The .bam file refers to a chromosome 'KI270722.1+' not present in the annotation (.gtf) file
2020-08-27 21:40:02,525 - WARNING - The .bam file refers to a chromosome 'KI270722.1-' not present in the annotation (.gtf) file
2020-08-27 21:40:02,558 - DEBUG - Marking up chromosome GL000194.1
2020-08-27 21:40:02,558 - WARNING - The .bam file refers to a chromosome 'GL000194.1+' not present in the annotation (.gtf) file
2020-08-27 21:40:03,017 - DEBUG - Marking up chromosome KI270742.1
2020-08-27 21:40:03,017 - WARNING - The .bam file refers to a chromosome 'KI270742.1+' not present in the annotation (.gtf) file
2020-08-27 21:40:03,017 - WARNING - The .bam file refers to a chromosome 'KI270742.1-' not present in the annotation (.gtf) file
2020-08-27 21:40:03,166 - DEBUG - Marking up chromosome GL000205.2
2020-08-27 21:40:03,166 - WARNING - The .bam file refers to a chromosome 'GL000205.2+' not present in the annotation (.gtf) file
2020-08-27 21:40:03,178 - DEBUG - Marking up chromosome GL000195.1
2020-08-27 21:40:03,200 - DEBUG - Marking up chromosome KI270736.1
2020-08-27 21:40:03,200 - WARNING - The .bam file refers to a chromosome 'KI270736.1+' not present in the annotation (.gtf) file
2020-08-27 21:40:03,200 - WARNING - The .bam file refers to a chromosome 'KI270736.1-' not present in the annotation (.gtf) file
2020-08-27 21:40:03,202 - DEBUG - Marking up chromosome KI270733.1
2020-08-27 21:40:03,202 - WARNING - The .bam file refers to a chromosome 'KI270733.1+' not present in the annotation (.gtf) file
2020-08-27 21:40:03,202 - WARNING - The .bam file refers to a chromosome 'KI270733.1-' not present in the annotation (.gtf) file
2020-08-27 21:40:19,919 - DEBUG - Read first 620 million reads
2020-08-27 21:40:40,993 - DEBUG - Read first 630 million reads
2020-08-27 21:41:02,121 - DEBUG - Read first 640 million reads
2020-08-27 21:41:22,971 - DEBUG - Read first 650 million reads
2020-08-27 21:41:43,928 - DEBUG - Read first 660 million reads
2020-08-27 21:42:04,938 - DEBUG - Read first 670 million reads
2020-08-27 21:42:25,851 - DEBUG - Read first 680 million reads
2020-08-27 21:42:46,730 - DEBUG - Read first 690 million reads
2020-08-27 21:43:08,730 - DEBUG - Read first 700 million reads
2020-08-27 21:43:30,700 - DEBUG - Read first 710 million reads
2020-08-27 21:43:51,980 - DEBUG - Read first 720 million reads
2020-08-27 21:44:13,239 - DEBUG - Read first 730 million reads
2020-08-27 21:44:34,179 - DEBUG - Read first 740 million reads
2020-08-27 21:44:55,183 - DEBUG - Read first 750 million reads
2020-08-27 21:45:16,277 - DEBUG - Read first 760 million reads
2020-08-27 21:45:37,334 - DEBUG - Read first 770 million reads
2020-08-27 21:45:58,385 - DEBUG - Read first 780 million reads
2020-08-27 21:46:19,784 - DEBUG - Marking up chromosome GL000224.1
2020-08-27 21:46:19,784 - WARNING - The .bam file refers to a chromosome 'GL000224.1+' not present in the annotation (.gtf) file
2020-08-27 21:46:19,784 - WARNING - The .bam file refers to a chromosome 'GL000224.1-' not present in the annotation (.gtf) file
2020-08-27 21:46:19,819 - DEBUG - Marking up chromosome GL000219.1
2020-08-27 21:46:19,819 - WARNING - The .bam file refers to a chromosome 'GL000219.1+' not present in the annotation (.gtf) file
2020-08-27 21:46:19,931 - DEBUG - Marking up chromosome KI270719.1
2020-08-27 21:46:19,931 - WARNING - The .bam file refers to a chromosome 'KI270719.1+' not present in the annotation (.gtf) file
2020-08-27 21:46:19,931 - WARNING - The .bam file refers to a chromosome 'KI270719.1-' not present in the annotation (.gtf) file
2020-08-27 21:46:19,956 - DEBUG - Marking up chromosome GL000216.2
2020-08-27 21:46:19,956 - WARNING - The .bam file refers to a chromosome 'GL000216.2+' not present in the annotation (.gtf) file
2020-08-27 21:46:19,957 - WARNING - The .bam file refers to a chromosome 'GL000216.2-' not present in the annotation (.gtf) file
2020-08-27 21:46:19,990 - DEBUG - Marking up chromosome KI270712.1
2020-08-27 21:46:19,990 - WARNING - The .bam file refers to a chromosome 'KI270712.1+' not present in the annotation (.gtf) file
2020-08-27 21:46:19,990 - WARNING - The .bam file refers to a chromosome 'KI270712.1-' not present in the annotation (.gtf) file
2020-08-27 21:46:20,014 - DEBUG - Marking up chromosome KI270706.1
2020-08-27 21:46:20,014 - WARNING - The .bam file refers to a chromosome 'KI270706.1+' not present in the annotation (.gtf) file
2020-08-27 21:46:20,014 - WARNING - The .bam file refers to a chromosome 'KI270706.1-' not present in the annotation (.gtf) file
2020-08-27 21:46:20,193 - DEBUG - Marking up chromosome KI270725.1
2020-08-27 21:46:20,193 - WARNING - The .bam file refers to a chromosome 'KI270725.1+' not present in the annotation (.gtf) file
2020-08-27 21:46:20,193 - WARNING - The .bam file refers to a chromosome 'KI270725.1-' not present in the annotation (.gtf) file
2020-08-27 21:46:20,201 - DEBUG - Marking up chromosome KI270744.1
2020-08-27 21:46:20,201 - WARNING - The .bam file refers to a chromosome 'KI270744.1+' not present in the annotation (.gtf) file
2020-08-27 21:46:20,201 - WARNING - The .bam file refers to a chromosome 'KI270744.1-' not present in the annotation (.gtf) file
2020-08-27 21:46:20,329 - DEBUG - Marking up chromosome KI270734.1
2020-08-27 21:46:20,400 - DEBUG - Marking up chromosome GL000213.1
2020-08-27 21:46:20,400 - WARNING - The .bam file refers to a chromosome 'GL000213.1+' not present in the annotation (.gtf) file
2020-08-27 21:46:20,416 - DEBUG - Marking up chromosome GL000220.1
2020-08-27 21:46:20,416 - WARNING - The .bam file refers to a chromosome 'GL000220.1+' not present in the annotation (.gtf) file
2020-08-27 21:46:20,416 - WARNING - The .bam file refers to a chromosome 'GL000220.1-' not present in the annotation (.gtf) file
2020-08-27 21:46:20,506 - DEBUG - Read first 790 million reads
2020-08-27 21:46:42,088 - DEBUG - Read first 800 million reads
2020-08-27 21:47:03,594 - DEBUG - Read first 810 million reads
2020-08-27 21:47:24,892 - DEBUG - Read first 820 million reads
2020-08-27 21:47:45,828 - DEBUG - Read first 830 million reads
2020-08-27 21:48:06,976 - DEBUG - Read first 840 million reads
2020-08-27 21:48:28,015 - DEBUG - Read first 850 million reads
2020-08-27 21:48:48,875 - DEBUG - Read first 860 million reads
2020-08-27 21:49:09,888 - DEBUG - Read first 870 million reads
2020-08-27 21:49:31,661 - DEBUG - Read first 880 million reads
2020-08-27 21:49:52,948 - DEBUG - Read first 890 million reads
2020-08-27 21:50:14,266 - DEBUG - Read first 900 million reads
2020-08-27 21:50:35,297 - DEBUG - Read first 910 million reads
2020-08-27 21:50:56,135 - DEBUG - Read first 920 million reads
2020-08-27 21:51:17,172 - DEBUG - Read first 930 million reads
2020-08-27 21:51:38,132 - DEBUG - Read first 940 million reads
2020-08-27 21:51:58,884 - DEBUG - Read first 950 million reads
2020-08-27 21:52:19,948 - DEBUG - Read first 960 million reads
2020-08-27 21:52:35,365 - DEBUG - Marking up chromosome KI270715.1
2020-08-27 21:52:35,366 - WARNING - The .bam file refers to a chromosome 'KI270715.1+' not present in the annotation (.gtf) file
2020-08-27 21:52:35,366 - WARNING - The .bam file refers to a chromosome 'KI270715.1-' not present in the annotation (.gtf) file
2020-08-27 21:52:35,371 - DEBUG - Marking up chromosome GL000218.1
2020-08-27 21:52:35,371 - WARNING - The .bam file refers to a chromosome 'GL000218.1+' not present in the annotation (.gtf) file
2020-08-27 21:52:35,464 - DEBUG - Marking up chromosome KI270749.1
2020-08-27 21:52:35,464 - WARNING - The .bam file refers to a chromosome 'KI270749.1+' not present in the annotation (.gtf) file
2020-08-27 21:52:35,465 - WARNING - The .bam file refers to a chromosome 'KI270749.1-' not present in the annotation (.gtf) file
2020-08-27 21:52:35,472 - DEBUG - Marking up chromosome KI270741.1
2020-08-27 21:52:35,472 - WARNING - The .bam file refers to a chromosome 'KI270741.1+' not present in the annotation (.gtf) file
2020-08-27 21:52:35,472 - WARNING - The .bam file refers to a chromosome 'KI270741.1-' not present in the annotation (.gtf) file
2020-08-27 21:52:35,478 - DEBUG - Marking up chromosome GL000221.1
2020-08-27 21:52:35,479 - WARNING - The .bam file refers to a chromosome 'GL000221.1+' not present in the annotation (.gtf) file
2020-08-27 21:52:35,479 - WARNING - The .bam file refers to a chromosome 'GL000221.1-' not present in the annotation (.gtf) file
2020-08-27 21:52:35,603 - DEBUG - Marking up chromosome KI270716.1
2020-08-27 21:52:35,603 - WARNING - The .bam file refers to a chromosome 'KI270716.1+' not present in the annotation (.gtf) file
2020-08-27 21:52:35,603 - WARNING - The .bam file refers to a chromosome 'KI270716.1-' not present in the annotation (.gtf) file
2020-08-27 21:52:35,612 - DEBUG - Marking up chromosome KI270731.1
2020-08-27 21:52:35,612 - WARNING - The .bam file refers to a chromosome 'KI270731.1+' not present in the annotation (.gtf) file
2020-08-27 21:52:35,624 - DEBUG - Marking up chromosome KI270751.1
2020-08-27 21:52:35,624 - WARNING - The .bam file refers to a chromosome 'KI270751.1+' not present in the annotation (.gtf) file
2020-08-27 21:52:35,624 - WARNING - The .bam file refers to a chromosome 'KI270751.1-' not present in the annotation (.gtf) file
2020-08-27 21:52:35,708 - DEBUG - Marking up chromosome KI270750.1
2020-08-27 21:52:35,708 - WARNING - The .bam file refers to a chromosome 'KI270750.1+' not present in the annotation (.gtf) file
2020-08-27 21:52:35,708 - WARNING - The .bam file refers to a chromosome 'KI270750.1-' not present in the annotation (.gtf) file
2020-08-27 21:52:36,069 - DEBUG - Marking up chromosome KI270519.1
2020-08-27 21:52:36,069 - WARNING - The .bam file refers to a chromosome 'KI270519.1+' not present in the annotation (.gtf) file
2020-08-27 21:52:36,069 - WARNING - The .bam file refers to a chromosome 'KI270519.1-' not present in the annotation (.gtf) file
2020-08-27 21:52:36,072 - DEBUG - Marking up chromosome GL000214.1
2020-08-27 21:52:36,072 - WARNING - The .bam file refers to a chromosome 'GL000214.1+' not present in the annotation (.gtf) file
2020-08-27 21:52:36,072 - WARNING - The .bam file refers to a chromosome 'GL000214.1-' not present in the annotation (.gtf) file
2020-08-27 21:52:36,245 - DEBUG - Marking up chromosome KI270708.1
2020-08-27 21:52:36,245 - WARNING - The .bam file refers to a chromosome 'KI270708.1+' not present in the annotation (.gtf) file
2020-08-27 21:52:36,245 - WARNING - The .bam file refers to a chromosome 'KI270708.1-' not present in the annotation (.gtf) file
2020-08-27 21:52:36,250 - DEBUG - Marking up chromosome KI270730.1
2020-08-27 21:52:36,250 - WARNING - The .bam file refers to a chromosome 'KI270730.1+' not present in the annotation (.gtf) file
2020-08-27 21:52:36,250 - WARNING - The .bam file refers to a chromosome 'KI270730.1-' not present in the annotation (.gtf) file
2020-08-27 21:52:36,251 - DEBUG - Marking up chromosome KI270438.1
2020-08-27 21:52:36,251 - WARNING - The .bam file refers to a chromosome 'KI270438.1+' not present in the annotation (.gtf) file
2020-08-27 21:52:36,251 - WARNING - The .bam file refers to a chromosome 'KI270438.1-' not present in the annotation (.gtf) file
2020-08-27 21:52:36,254 - DEBUG - Marking up chromosome KI270737.1
2020-08-27 21:52:36,254 - WARNING - The .bam file refers to a chromosome 'KI270737.1+' not present in the annotation (.gtf) file
2020-08-27 21:52:36,255 - WARNING - The .bam file refers to a chromosome 'KI270737.1-' not present in the annotation (.gtf) file
2020-08-27 21:52:36,261 - DEBUG - Marking up chromosome KI270721.1
2020-08-27 21:52:36,261 - WARNING - The .bam file refers to a chromosome 'KI270721.1-' not present in the annotation (.gtf) file
2020-08-27 21:52:36,282 - DEBUG - Marking up chromosome KI270738.1
2020-08-27 21:52:36,282 - WARNING - The .bam file refers to a chromosome 'KI270738.1+' not present in the annotation (.gtf) file
2020-08-27 21:52:36,282 - WARNING - The .bam file refers to a chromosome 'KI270738.1-' not present in the annotation (.gtf) file
2020-08-27 21:52:36,283 - DEBUG - Marking up chromosome KI270748.1
2020-08-27 21:52:36,283 - WARNING - The .bam file refers to a chromosome 'KI270748.1+' not present in the annotation (.gtf) file
2020-08-27 21:52:36,283 - WARNING - The .bam file refers to a chromosome 'KI270748.1-' not present in the annotation (.gtf) file
2020-08-27 21:52:36,296 - DEBUG - Marking up chromosome KI270435.1
2020-08-27 21:52:36,297 - WARNING - The .bam file refers to a chromosome 'KI270435.1+' not present in the annotation (.gtf) file
2020-08-27 21:52:36,297 - WARNING - The .bam file refers to a chromosome 'KI270435.1-' not present in the annotation (.gtf) file
2020-08-27 21:52:36,300 - DEBUG - Marking up chromosome GL000208.1
2020-08-27 21:52:36,300 - WARNING - The .bam file refers to a chromosome 'GL000208.1+' not present in the annotation (.gtf) file
2020-08-27 21:52:36,300 - WARNING - The .bam file refers to a chromosome 'GL000208.1-' not present in the annotation (.gtf) file
2020-08-27 21:52:36,301 - DEBUG - Marking up chromosome KI270538.1
2020-08-27 21:52:36,301 - WARNING - The .bam file refers to a chromosome 'KI270538.1+' not present in the annotation (.gtf) file
2020-08-27 21:52:36,301 - WARNING - The .bam file refers to a chromosome 'KI270538.1-' not present in the annotation (.gtf) file
2020-08-27 21:52:36,302 - DEBUG - Marking up chromosome KI270756.1
2020-08-27 21:52:36,302 - WARNING - The .bam file refers to a chromosome 'KI270756.1+' not present in the annotation (.gtf) file
2020-08-27 21:52:36,302 - WARNING - The .bam file refers to a chromosome 'KI270756.1-' not present in the annotation (.gtf) file
2020-08-27 21:52:36,303 - DEBUG - Marking up chromosome KI270739.1
2020-08-27 21:52:36,303 - WARNING - The .bam file refers to a chromosome 'KI270739.1+' not present in the annotation (.gtf) file
2020-08-27 21:52:36,303 - WARNING - The .bam file refers to a chromosome 'KI270739.1-' not present in the annotation (.gtf) file
2020-08-27 21:52:36,303 - DEBUG - Marking up chromosome KI270757.1
2020-08-27 21:52:36,303 - WARNING - The .bam file refers to a chromosome 'KI270757.1+' not present in the annotation (.gtf) file
2020-08-27 21:52:36,303 - WARNING - The .bam file refers to a chromosome 'KI270757.1-' not present in the annotation (.gtf) file
2020-08-27 21:52:36,306 - DEBUG - Marking up chromosome KI270709.1
2020-08-27 21:52:36,306 - WARNING - The .bam file refers to a chromosome 'KI270709.1+' not present in the annotation (.gtf) file
2020-08-27 21:52:36,306 - WARNING - The .bam file refers to a chromosome 'KI270709.1-' not present in the annotation (.gtf) file
2020-08-27 21:52:36,307 - DEBUG - Marking up chromosome KI270746.1
2020-08-27 21:52:36,307 - WARNING - The .bam file refers to a chromosome 'KI270746.1+' not present in the annotation (.gtf) file
2020-08-27 21:52:36,307 - WARNING - The .bam file refers to a chromosome 'KI270746.1-' not present in the annotation (.gtf) file
2020-08-27 21:52:36,319 - DEBUG - Marking up chromosome KI270753.1
2020-08-27 21:52:36,319 - WARNING - The .bam file refers to a chromosome 'KI270753.1+' not present in the annotation (.gtf) file
2020-08-27 21:52:36,319 - WARNING - The .bam file refers to a chromosome 'KI270753.1-' not present in the annotation (.gtf) file
2020-08-27 21:52:36,323 - DEBUG - Marking up chromosome KI270589.1
2020-08-27 21:52:36,323 - WARNING - The .bam file refers to a chromosome 'KI270589.1+' not present in the annotation (.gtf) file
2020-08-27 21:52:36,323 - WARNING - The .bam file refers to a chromosome 'KI270589.1-' not present in the annotation (.gtf) file
2020-08-27 21:52:36,325 - DEBUG - Marking up chromosome KI270735.1
2020-08-27 21:52:36,325 - WARNING - The .bam file refers to a chromosome 'KI270735.1+' not present in the annotation (.gtf) file
2020-08-27 21:52:36,325 - WARNING - The .bam file refers to a chromosome 'KI270735.1-' not present in the annotation (.gtf) file
2020-08-27 21:52:36,334 - DEBUG - Marking up chromosome KI270711.1
2020-08-27 21:52:36,334 - WARNING - The .bam file refers to a chromosome 'KI270711.1+' not present in the annotation (.gtf) file
2020-08-27 21:52:36,386 - DEBUG - Marking up chromosome KI270745.1
2020-08-27 21:52:36,386 - WARNING - The .bam file refers to a chromosome 'KI270745.1+' not present in the annotation (.gtf) file
2020-08-27 21:52:36,386 - WARNING - The .bam file refers to a chromosome 'KI270745.1-' not present in the annotation (.gtf) file
2020-08-27 21:52:36,436 - DEBUG - Marking up chromosome KI270714.1
2020-08-27 21:52:36,436 - WARNING - The .bam file refers to a chromosome 'KI270714.1+' not present in the annotation (.gtf) file
2020-08-27 21:52:36,436 - WARNING - The .bam file refers to a chromosome 'KI270714.1-' not present in the annotation (.gtf) file
2020-08-27 21:52:36,442 - DEBUG - Marking up chromosome KI270732.1
2020-08-27 21:52:36,442 - WARNING - The .bam file refers to a chromosome 'KI270732.1+' not present in the annotation (.gtf) file
2020-08-27 21:52:36,442 - WARNING - The .bam file refers to a chromosome 'KI270732.1-' not present in the annotation (.gtf) file
2020-08-27 21:52:36,443 - DEBUG - Marking up chromosome KI270713.1
2020-08-27 21:52:36,446 - DEBUG - Marking up chromosome KI270754.1
2020-08-27 21:52:36,446 - WARNING - The .bam file refers to a chromosome 'KI270754.1+' not present in the annotation (.gtf) file
2020-08-27 21:52:36,446 - WARNING - The .bam file refers to a chromosome 'KI270754.1-' not present in the annotation (.gtf) file
2020-08-27 21:52:36,446 - DEBUG - Marking up chromosome KI270710.1
2020-08-27 21:52:36,446 - WARNING - The .bam file refers to a chromosome 'KI270710.1+' not present in the annotation (.gtf) file
2020-08-27 21:52:36,446 - WARNING - The .bam file refers to a chromosome 'KI270710.1-' not present in the annotation (.gtf) file
2020-08-27 21:52:36,447 - DEBUG - Marking up chromosome KI270717.1
2020-08-27 21:52:36,447 - WARNING - The .bam file refers to a chromosome 'KI270717.1+' not present in the annotation (.gtf) file
2020-08-27 21:52:36,447 - WARNING - The .bam file refers to a chromosome 'KI270717.1-' not present in the annotation (.gtf) file
2020-08-27 21:52:36,458 - DEBUG - Marking up chromosome KI270724.1
2020-08-27 21:52:36,459 - WARNING - The .bam file refers to a chromosome 'KI270724.1+' not present in the annotation (.gtf) file
2020-08-27 21:52:36,459 - WARNING - The .bam file refers to a chromosome 'KI270724.1-' not present in the annotation (.gtf) file
2020-08-27 21:52:36,460 - DEBUG - Marking up chromosome KI270720.1
2020-08-27 21:52:36,460 - WARNING - The .bam file refers to a chromosome 'KI270720.1+' not present in the annotation (.gtf) file
2020-08-27 21:52:36,461 - WARNING - The .bam file refers to a chromosome 'KI270720.1-' not present in the annotation (.gtf) file
2020-08-27 21:52:36,467 - DEBUG - Marking up chromosome KI270723.1
2020-08-27 21:52:36,467 - WARNING - The .bam file refers to a chromosome 'KI270723.1+' not present in the annotation (.gtf) file
2020-08-27 21:52:36,467 - WARNING - The .bam file refers to a chromosome 'KI270723.1-' not present in the annotation (.gtf) file
2020-08-27 21:52:36,471 - DEBUG - Marking up chromosome KI270718.1
2020-08-27 21:52:36,471 - WARNING - The .bam file refers to a chromosome 'KI270718.1+' not present in the annotation (.gtf) file
2020-08-27 21:52:36,471 - WARNING - The .bam file refers to a chromosome 'KI270718.1-' not present in the annotation (.gtf) file
2020-08-27 21:52:36,557 - DEBUG - Marking up chromosome KI270755.1
2020-08-27 21:52:36,557 - WARNING - The .bam file refers to a chromosome 'KI270755.1+' not present in the annotation (.gtf) file
2020-08-27 21:52:36,557 - WARNING - The .bam file refers to a chromosome 'KI270755.1-' not present in the annotation (.gtf) file
2020-08-27 21:52:36,558 - DEBUG - Marking up chromosome KI270707.1
2020-08-27 21:52:36,558 - WARNING - The .bam file refers to a chromosome 'KI270707.1+' not present in the annotation (.gtf) file
2020-08-27 21:52:36,558 - WARNING - The .bam file refers to a chromosome 'KI270707.1-' not present in the annotation (.gtf) file
2020-08-27 21:52:36,574 - DEBUG - Marking up chromosome KI270366.1
2020-08-27 21:52:36,574 - WARNING - The .bam file refers to a chromosome 'KI270366.1+' not present in the annotation (.gtf) file
2020-08-27 21:52:36,574 - WARNING - The .bam file refers to a chromosome 'KI270366.1-' not present in the annotation (.gtf) file
2020-08-27 21:52:36,574 - DEBUG - Marking up chromosome KI270511.1
2020-08-27 21:52:36,574 - WARNING - The .bam file refers to a chromosome 'KI270511.1+' not present in the annotation (.gtf) file
2020-08-27 21:52:36,574 - WARNING - The .bam file refers to a chromosome 'KI270511.1-' not present in the annotation (.gtf) file
2020-08-27 21:52:36,574 - DEBUG - Marking up chromosome KI270448.1
2020-08-27 21:52:36,574 - WARNING - The .bam file refers to a chromosome 'KI270448.1+' not present in the annotation (.gtf) file
2020-08-27 21:52:36,575 - WARNING - The .bam file refers to a chromosome 'KI270448.1-' not present in the annotation (.gtf) file
2020-08-27 21:52:36,575 - DEBUG - Marking up chromosome KI270521.1
2020-08-27 21:52:36,575 - WARNING - The .bam file refers to a chromosome 'KI270521.1+' not present in the annotation (.gtf) file
2020-08-27 21:52:36,575 - WARNING - The .bam file refers to a chromosome 'KI270521.1-' not present in the annotation (.gtf) file
2020-08-27 21:52:36,575 - DEBUG - Marking up chromosome KI270515.1
2020-08-27 21:52:36,575 - WARNING - The .bam file refers to a chromosome 'KI270515.1+' not present in the annotation (.gtf) file
2020-08-27 21:52:36,575 - WARNING - The .bam file refers to a chromosome 'KI270515.1-' not present in the annotation (.gtf) file
2020-08-27 21:52:36,576 - DEBUG - Marking up chromosome KI270588.1
2020-08-27 21:52:36,576 - WARNING - The .bam file refers to a chromosome 'KI270588.1+' not present in the annotation (.gtf) file
2020-08-27 21:52:36,576 - WARNING - The .bam file refers to a chromosome 'KI270588.1-' not present in the annotation (.gtf) file
2020-08-27 21:52:36,576 - DEBUG - Marking up chromosome KI270591.1
2020-08-27 21:52:36,576 - WARNING - The .bam file refers to a chromosome 'KI270591.1+' not present in the annotation (.gtf) file
2020-08-27 21:52:36,576 - WARNING - The .bam file refers to a chromosome 'KI270591.1-' not present in the annotation (.gtf) file
2020-08-27 21:52:36,576 - DEBUG - Marking up chromosome KI270507.1
2020-08-27 21:52:36,576 - WARNING - The .bam file refers to a chromosome 'KI270507.1+' not present in the annotation (.gtf) file
2020-08-27 21:52:36,576 - WARNING - The .bam file refers to a chromosome 'KI270507.1-' not present in the annotation (.gtf) file
2020-08-27 21:52:36,577 - DEBUG - Marking up chromosome KI270590.1
2020-08-27 21:52:36,577 - WARNING - The .bam file refers to a chromosome 'KI270590.1+' not present in the annotation (.gtf) file
2020-08-27 21:52:36,577 - WARNING - The .bam file refers to a chromosome 'KI270590.1-' not present in the annotation (.gtf) file
2020-08-27 21:52:36,577 - DEBUG - Marking up chromosome KI270584.1
2020-08-27 21:52:36,577 - WARNING - The .bam file refers to a chromosome 'KI270584.1+' not present in the annotation (.gtf) file
2020-08-27 21:52:36,577 - WARNING - The .bam file refers to a chromosome 'KI270584.1-' not present in the annotation (.gtf) file
2020-08-27 21:52:36,579 - DEBUG - Marking up chromosome KI270467.1
2020-08-27 21:52:36,579 - WARNING - The .bam file refers to a chromosome 'KI270467.1+' not present in the annotation (.gtf) file
2020-08-27 21:52:36,579 - WARNING - The .bam file refers to a chromosome 'KI270467.1-' not present in the annotation (.gtf) file
2020-08-27 21:52:36,579 - DEBUG - Marking up chromosome KI270517.1
2020-08-27 21:52:36,579 - WARNING - The .bam file refers to a chromosome 'KI270517.1+' not present in the annotation (.gtf) file
2020-08-27 21:52:36,579 - WARNING - The .bam file refers to a chromosome 'KI270517.1-' not present in the annotation (.gtf) file
2020-08-27 21:52:36,579 - DEBUG - Marking up chromosome KI270593.1
2020-08-27 21:52:36,579 - WARNING - The .bam file refers to a chromosome 'KI270593.1+' not present in the annotation (.gtf) file
2020-08-27 21:52:36,579 - WARNING - The .bam file refers to a chromosome 'KI270593.1-' not present in the annotation (.gtf) file
2020-08-27 21:52:36,582 - DEBUG - Marking up chromosome KI270333.1
2020-08-27 21:52:36,582 - WARNING - The .bam file refers to a chromosome 'KI270333.1+' not present in the annotation (.gtf) file
2020-08-27 21:52:36,582 - WARNING - The .bam file refers to a chromosome 'KI270333.1-' not present in the annotation (.gtf) file
2020-08-27 21:52:36,582 - DEBUG - Marking up chromosome KI270510.1
2020-08-27 21:52:36,582 - WARNING - The .bam file refers to a chromosome 'KI270510.1+' not present in the annotation (.gtf) file
2020-08-27 21:52:36,582 - WARNING - The .bam file refers to a chromosome 'KI270510.1-' not present in the annotation (.gtf) file
2020-08-27 21:52:36,582 - DEBUG - Marking up chromosome KI270304.1
2020-08-27 21:52:36,582 - WARNING - The .bam file refers to a chromosome 'KI270304.1+' not present in the annotation (.gtf) file
2020-08-27 21:52:36,582 - WARNING - The .bam file refers to a chromosome 'KI270304.1-' not present in the annotation (.gtf) file
2020-08-27 21:52:36,582 - DEBUG - Marking up chromosome KI270508.1
2020-08-27 21:52:36,583 - WARNING - The .bam file refers to a chromosome 'KI270508.1+' not present in the annotation (.gtf) file
2020-08-27 21:52:36,583 - WARNING - The .bam file refers to a chromosome 'KI270508.1-' not present in the annotation (.gtf) file
2020-08-27 21:52:36,583 - DEBUG - Marking up chromosome KI270363.1
2020-08-27 21:52:36,583 - WARNING - The .bam file refers to a chromosome 'KI270363.1+' not present in the annotation (.gtf) file
2020-08-27 21:52:36,583 - WARNING - The .bam file refers to a chromosome 'KI270363.1-' not present in the annotation (.gtf) file
2020-08-27 21:52:36,583 - DEBUG - Marking up chromosome KI270465.1
2020-08-27 21:52:36,583 - WARNING - The .bam file refers to a chromosome 'KI270465.1+' not present in the annotation (.gtf) file
2020-08-27 21:52:36,583 - WARNING - The .bam file refers to a chromosome 'KI270465.1-' not present in the annotation (.gtf) file
2020-08-27 21:52:36,583 - DEBUG - Marking up chromosome KI270330.1
2020-08-27 21:52:36,583 - WARNING - The .bam file refers to a chromosome 'KI270330.1+' not present in the annotation (.gtf) file
2020-08-27 21:52:36,583 - WARNING - The .bam file refers to a chromosome 'KI270330.1-' not present in the annotation (.gtf) file
2020-08-27 21:52:36,587 - DEBUG - Marking up chromosome KI270583.1
2020-08-27 21:52:36,587 - WARNING - The .bam file refers to a chromosome 'KI270583.1+' not present in the annotation (.gtf) file
2020-08-27 21:52:36,587 - WARNING - The .bam file refers to a chromosome 'KI270583.1-' not present in the annotation (.gtf) file
2020-08-27 21:52:36,587 - DEBUG - Marking up chromosome KI270516.1
2020-08-27 21:52:36,587 - WARNING - The .bam file refers to a chromosome 'KI270516.1+' not present in the annotation (.gtf) file
2020-08-27 21:52:36,587 - WARNING - The .bam file refers to a chromosome 'KI270516.1-' not present in the annotation (.gtf) file
2020-08-27 21:52:41,526 - DEBUG - Read first 970 million reads
2020-08-27 21:53:01,827 - DEBUG - Read first 980 million reads
2020-08-27 21:53:22,107 - DEBUG - Read first 990 million reads
2020-08-27 21:53:42,363 - DEBUG - Read first 1000 million reads
2020-08-27 21:54:02,636 - DEBUG - Read first 1010 million reads
2020-08-27 21:54:22,845 - DEBUG - Read first 1020 million reads
2020-08-27 21:54:23,796 - DEBUG - End of file. Reset index: start scanning from initial position.
2020-08-27 21:54:23,796 - DEBUG - 5056572 reads were skipped because no apropiate cell or umi barcode was found
2020-08-27 21:54:23,796 - DEBUG - Start molecule counting!
2020-08-27 21:54:27,849 - DEBUG - Features available for chromosomes : ['1-', '1+', '10-', '10+', '11-', '11+', '12-', '12+', '13-', '13+', '14-', '14+', '15-', '15+', '16-', '16+', '17-', '17+', '18-', '18+', '19-', '19+', '2-', '2+', '20-', '20+', '21-', '21+', '22-', '22+', '3-', '3+', '4-', '4+', '5-', '5+', '6-', '6+', '7-', '7+', '8-', '8+', '9-', '9+', 'GL000009.2-', 'GL000194.1-', 'GL000195.1-', 'GL000195.1+', 'GL000205.2-', 'GL000213.1-', 'GL000218.1-', 'GL000219.1-', 'KI270711.1-', 'KI270713.1-', 'KI270713.1+', 'KI270721.1+', 'KI270726.1+', 'KI270727.1-', 'KI270727.1+', 'KI270728.1-', 'KI270728.1+', 'KI270731.1-', 'KI270734.1-', 'KI270734.1+', 'MT-', 'MT+', 'X-', 'X+', 'Y-', 'Y+']
2020-08-27 21:54:27,851 - DEBUG - Mask available for chromosomes : []
2020-08-27 21:54:27,851 - DEBUG - Summarizing the results of intron validation.
2020-08-27 21:54:28,575 - DEBUG - Validated 573483 introns (of which unique intervals 177569) out of 996444 total possible introns (considering each possible transcript models).
2020-08-27 21:54:28,576 - DEBUG - Reading /net/isi-dcnl/ifs/user_data/abild/jichen/Projects/Breast/scRNA/Data/Megatron_data/COH073/FEL044046.mRNA/FEL044_count03/cell_ranger/FEL044_S/outs/cellsorted_possorted_genome_bam.bam
2020-08-27 21:54:28,612 - DEBUG - Read first 0 million reads
2020-08-27 21:54:54,373 - DEBUG - Read first 10 million reads
2020-08-27 21:55:14,446 - DEBUG - Read first 20 million reads
2020-08-27 21:55:34,690 - DEBUG - Read first 30 million reads
2020-08-27 21:55:54,742 - DEBUG - Read first 40 million reads
2020-08-27 21:56:14,788 - DEBUG - Read first 50 million reads
2020-08-27 21:56:39,579 - DEBUG - Read first 60 million reads
2020-08-27 21:56:59,487 - DEBUG - Read first 70 million reads
2020-08-27 21:57:19,305 - DEBUG - Read first 80 million reads
2020-08-27 21:57:38,977 - DEBUG - Read first 90 million reads
2020-08-27 21:57:58,795 - DEBUG - Read first 100 million reads
2020-08-27 21:58:23,904 - DEBUG - Read first 110 million reads
2020-08-27 21:58:58,226 - DEBUG - Read first 120 million reads
2020-08-27 21:59:34,984 - DEBUG - Read first 130 million reads
2020-08-27 22:00:09,728 - DEBUG - Counting for batch 1, containing 100 cells and 3219219 reads
2020-08-27 22:02:20,134 - DEBUG - 0 reads not considered because fully enclosed in repeat masked regions
2020-08-27 22:02:49,077 - DEBUG - Read first 140 million reads
2020-08-27 22:03:20,574 - DEBUG - Read first 150 million reads
2020-08-27 22:03:55,626 - DEBUG - Read first 160 million reads
2020-08-27 22:04:33,570 - DEBUG - Read first 170 million reads
2020-08-27 22:04:34,553 - DEBUG - Counting for batch 2, containing 100 cells and 3019938 reads
2020-08-27 22:06:32,591 - DEBUG - 0 reads not considered because fully enclosed in repeat masked regions
2020-08-27 22:07:34,388 - DEBUG - Read first 180 million reads
2020-08-27 22:08:07,874 - DEBUG - Read first 190 million reads
2020-08-27 22:08:42,548 - DEBUG - Counting for batch 3, containing 100 cells and 2566894 reads
2020-08-27 22:10:23,186 - DEBUG - 0 reads not considered because fully enclosed in repeat masked regions
2020-08-27 22:10:44,433 - DEBUG - Read first 200 million reads
2020-08-27 22:11:22,063 - DEBUG - Read first 210 million reads
2020-08-27 22:11:57,633 - DEBUG - Read first 220 million reads
2020-08-27 22:12:31,679 - DEBUG - Counting for batch 4, containing 100 cells and 2823131 reads
2020-08-27 22:14:29,150 - DEBUG - 0 reads not considered because fully enclosed in repeat masked regions
2020-08-27 22:14:54,384 - DEBUG - Read first 230 million reads
2020-08-27 22:15:28,474 - DEBUG - Read first 240 million reads
2020-08-27 22:16:01,435 - DEBUG - Read first 250 million reads
2020-08-27 22:16:19,109 - DEBUG - Counting for batch 5, containing 100 cells and 2130880 reads
2020-08-27 22:17:45,818 - DEBUG - 0 reads not considered because fully enclosed in repeat masked regions
2020-08-27 22:18:19,649 - DEBUG - Read first 260 million reads
2020-08-27 22:18:53,166 - DEBUG - Read first 270 million reads
2020-08-27 22:19:30,517 - DEBUG - Read first 280 million reads
2020-08-27 22:19:31,024 - DEBUG - Counting for batch 6, containing 100 cells and 2570685 reads
2020-08-27 22:21:13,267 - DEBUG - 0 reads not considered because fully enclosed in repeat masked regions
2020-08-27 22:22:06,662 - DEBUG - Read first 290 million reads
2020-08-27 22:22:43,660 - DEBUG - Read first 300 million reads
2020-08-27 22:23:06,810 - DEBUG - Counting for batch 7, containing 100 cells and 2384493 reads
2020-08-27 22:24:45,930 - DEBUG - 0 reads not considered because fully enclosed in repeat masked regions
2020-08-27 22:25:15,206 - DEBUG - Read first 310 million reads
2020-08-27 22:25:47,671 - DEBUG - Read first 320 million reads
2020-08-27 22:26:21,826 - DEBUG - Read first 330 million reads
2020-08-27 22:26:56,537 - DEBUG - Read first 340 million reads
2020-08-27 22:26:58,352 - DEBUG - Counting for batch 8, containing 100 cells and 2872297 reads
2020-08-27 22:28:56,686 - DEBUG - 0 reads not considered because fully enclosed in repeat masked regions
2020-08-27 22:29:51,744 - DEBUG - Read first 350 million reads
2020-08-27 22:30:26,123 - DEBUG - Read first 360 million reads
2020-08-27 22:31:00,219 - DEBUG - Counting for batch 9, containing 100 cells and 2753067 reads
2020-08-27 22:32:50,016 - DEBUG - 0 reads not considered because fully enclosed in repeat masked regions
2020-08-27 22:33:13,547 - DEBUG - Read first 370 million reads
2020-08-27 22:33:46,814 - DEBUG - Read first 380 million reads
2020-08-27 22:34:23,158 - DEBUG - Read first 390 million reads
2020-08-27 22:34:58,543 - DEBUG - Read first 400 million reads
2020-08-27 22:34:59,841 - DEBUG - Counting for batch 10, containing 100 cells and 2623317 reads
2020-08-27 22:36:42,900 - DEBUG - 0 reads not considered because fully enclosed in repeat masked regions
2020-08-27 22:37:38,636 - DEBUG - Read first 410 million reads
2020-08-27 22:38:12,898 - DEBUG - Read first 420 million reads
2020-08-27 22:38:49,597 - DEBUG - Read first 430 million reads
2020-08-27 22:38:54,668 - DEBUG - Counting for batch 11, containing 100 cells and 2728351 reads
2020-08-27 22:40:43,788 - DEBUG - 0 reads not considered because fully enclosed in repeat masked regions
2020-08-27 22:41:32,212 - DEBUG - Read first 440 million reads
2020-08-27 22:42:07,827 - DEBUG - Read first 450 million reads
2020-08-27 22:42:41,224 - DEBUG - Read first 460 million reads
2020-08-27 22:42:47,079 - DEBUG - Counting for batch 12, containing 100 cells and 2466983 reads
2020-08-27 22:44:25,449 - DEBUG - 0 reads not considered because fully enclosed in repeat masked regions
2020-08-27 22:45:13,429 - DEBUG - Read first 470 million reads
2020-08-27 22:45:50,256 - DEBUG - Read first 480 million reads
2020-08-27 22:46:22,995 - DEBUG - Counting for batch 13, containing 100 cells and 3132869 reads
2020-08-27 22:48:31,203 - DEBUG - 0 reads not considered because fully enclosed in repeat masked regions
2020-08-27 22:49:00,923 - DEBUG - Read first 490 million reads
2020-08-27 22:49:36,145 - DEBUG - Read first 500 million reads
2020-08-27 22:50:12,185 - DEBUG - Read first 510 million reads
2020-08-27 22:50:47,675 - DEBUG - Counting for batch 14, containing 100 cells and 3109497 reads
2020-08-27 22:53:00,155 - DEBUG - 0 reads not considered because fully enclosed in repeat masked regions
2020-08-27 22:53:28,068 - DEBUG - Read first 520 million reads
2020-08-27 22:54:00,036 - DEBUG - Read first 530 million reads
2020-08-27 22:54:31,725 - DEBUG - Read first 540 million reads
2020-08-27 22:54:55,612 - DEBUG - Counting for batch 15, containing 100 cells and 2397461 reads
2020-08-27 22:56:36,952 - DEBUG - 0 reads not considered because fully enclosed in repeat masked regions
2020-08-27 22:57:08,360 - DEBUG - Read first 550 million reads
2020-08-27 22:57:41,925 - DEBUG - Read first 560 million reads
2020-08-27 22:58:17,406 - DEBUG - Read first 570 million reads
2020-08-27 22:58:44,328 - DEBUG - Counting for batch 16, containing 100 cells and 2435151 reads
2020-08-27 23:00:22,709 - DEBUG - 0 reads not considered because fully enclosed in repeat masked regions
2020-08-27 23:00:49,652 - DEBUG - Read first 580 million reads
2020-08-27 23:01:28,678 - DEBUG - Read first 590 million reads
2020-08-27 23:02:06,007 - DEBUG - Read first 600 million reads
2020-08-27 23:02:35,189 - DEBUG - Counting for batch 17, containing 100 cells and 2619124 reads
2020-08-27 23:04:26,221 - DEBUG - 0 reads not considered because fully enclosed in repeat masked regions
2020-08-27 23:04:55,535 - DEBUG - Read first 610 million reads
2020-08-27 23:05:28,304 - DEBUG - Read first 620 million reads
2020-08-27 23:06:02,214 - DEBUG - Read first 630 million reads
2020-08-27 23:06:22,510 - DEBUG - Counting for batch 18, containing 100 cells and 2627147 reads
2020-08-27 23:08:05,882 - DEBUG - 0 reads not considered because fully enclosed in repeat masked regions
2020-08-27 23:08:37,192 - DEBUG - Read first 640 million reads
2020-08-27 23:09:10,138 - DEBUG - Read first 650 million reads
2020-08-27 23:09:43,081 - DEBUG - Read first 660 million reads
2020-08-27 23:10:07,866 - DEBUG - Counting for batch 19, containing 100 cells and 2156443 reads
2020-08-27 23:11:34,172 - DEBUG - 0 reads not considered because fully enclosed in repeat masked regions
2020-08-27 23:12:01,328 - DEBUG - Read first 670 million reads
2020-08-27 23:12:35,816 - DEBUG - Read first 680 million reads
2020-08-27 23:13:08,987 - DEBUG - Read first 690 million reads
2020-08-27 23:13:30,136 - DEBUG - Counting for batch 20, containing 100 cells and 2454458 reads
2020-08-27 23:15:07,463 - DEBUG - 0 reads not considered because fully enclosed in repeat masked regions
2020-08-27 23:15:41,421 - DEBUG - Read first 700 million reads
2020-08-27 23:16:15,366 - DEBUG - Read first 710 million reads
2020-08-27 23:16:49,311 - DEBUG - Read first 720 million reads
2020-08-27 23:16:59,790 - DEBUG - Counting for batch 21, containing 100 cells and 2080978 reads
2020-08-27 23:18:24,778 - DEBUG - 0 reads not considered because fully enclosed in repeat masked regions
2020-08-27 23:19:01,906 - DEBUG - Read first 730 million reads
2020-08-27 23:19:32,983 - DEBUG - Read first 740 million reads
2020-08-27 23:20:09,676 - DEBUG - Read first 750 million reads
2020-08-27 23:20:24,276 - DEBUG - Counting for batch 22, containing 100 cells and 2117293 reads
2020-08-27 23:21:48,129 - DEBUG - 0 reads not considered because fully enclosed in repeat masked regions
2020-08-27 23:22:22,507 - DEBUG - Read first 760 million reads
2020-08-27 23:22:57,606 - DEBUG - Read first 770 million reads
2020-08-27 23:23:33,393 - DEBUG - Read first 780 million reads
2020-08-27 23:23:43,944 - DEBUG - Counting for batch 23, containing 100 cells and 2547996 reads
2020-08-27 23:25:28,822 - DEBUG - 0 reads not considered because fully enclosed in repeat masked regions
2020-08-27 23:26:08,909 - DEBUG - Read first 790 million reads
2020-08-27 23:26:41,235 - DEBUG - Read first 800 million reads
2020-08-27 23:27:14,991 - DEBUG - Read first 810 million reads
2020-08-27 23:27:40,608 - DEBUG - Counting for batch 24, containing 100 cells and 3030324 reads
2020-08-27 23:29:44,804 - DEBUG - 0 reads not considered because fully enclosed in repeat masked regions
2020-08-27 23:30:20,947 - DEBUG - Read first 820 million reads
2020-08-27 23:30:54,078 - DEBUG - Read first 830 million reads
2020-08-27 23:31:27,153 - DEBUG - Read first 840 million reads
2020-08-27 23:31:57,105 - DEBUG - Counting for batch 25, containing 100 cells and 3172476 reads
2020-08-27 23:34:01,246 - DEBUG - 0 reads not considered because fully enclosed in repeat masked regions
2020-08-27 23:34:31,510 - DEBUG - Read first 850 million reads
2020-08-27 23:35:01,951 - DEBUG - Read first 860 million reads
2020-08-27 23:35:37,785 - DEBUG - Read first 870 million reads
2020-08-27 23:36:04,581 - DEBUG - Counting for batch 26, containing 100 cells and 2335699 reads
2020-08-27 23:37:38,434 - DEBUG - 0 reads not considered because fully enclosed in repeat masked regions
2020-08-27 23:38:05,569 - DEBUG - Read first 880 million reads
2020-08-27 23:38:36,773 - DEBUG - Read first 890 million reads
2020-08-27 23:39:12,096 - DEBUG - Read first 900 million reads
2020-08-27 23:39:33,107 - DEBUG - Counting for batch 27, containing 100 cells and 2455844 reads
2020-08-27 23:41:12,109 - DEBUG - 0 reads not considered because fully enclosed in repeat masked regions
2020-08-27 23:41:42,014 - DEBUG - Read first 910 million reads
2020-08-27 23:42:15,310 - DEBUG - Read first 920 million reads
2020-08-27 23:42:46,076 - DEBUG - Read first 930 million reads
2020-08-27 23:42:59,540 - DEBUG - Counting for batch 28, containing 100 cells and 1989905 reads
2020-08-27 23:44:17,662 - DEBUG - 0 reads not considered because fully enclosed in repeat masked regions
2020-08-27 23:44:53,631 - DEBUG - Read first 940 million reads
2020-08-27 23:45:28,151 - DEBUG - Read first 950 million reads
2020-08-27 23:46:02,211 - DEBUG - Read first 960 million reads
2020-08-27 23:46:11,254 - DEBUG - Counting for batch 29, containing 100 cells and 2294590 reads
2020-08-27 23:47:41,590 - DEBUG - 0 reads not considered because fully enclosed in repeat masked regions
2020-08-27 23:48:24,614 - DEBUG - Read first 970 million reads
2020-08-27 23:48:56,685 - DEBUG - Read first 980 million reads
2020-08-27 23:49:27,244 - DEBUG - Counting for batch 30, containing 100 cells and 2159820 reads
2020-08-27 23:50:55,111 - DEBUG - 0 reads not considered because fully enclosed in repeat masked regions
2020-08-27 23:51:15,099 - DEBUG - Read first 990 million reads
2020-08-27 23:51:47,513 - DEBUG - Read first 1000 million reads
2020-08-27 23:52:21,785 - DEBUG - Read first 1010 million reads
2020-08-27 23:52:43,273 - DEBUG - Counting for batch 31, containing 100 cells and 2249241 reads
2020-08-27 23:54:13,862 - DEBUG - 0 reads not considered because fully enclosed in repeat masked regions
2020-08-27 23:54:44,278 - DEBUG - Read first 1020 million reads
2020-08-27 23:54:45,679 - DEBUG - Counting for batch 32, containing 16 cells and 305253 reads
2020-08-27 23:54:58,081 - DEBUG - 0 reads not considered because fully enclosed in repeat masked regions
2020-08-27 23:55:00,445 - DEBUG - 5056572 reads were skipped because no apropiate cell or umi barcode was found
2020-08-27 23:55:00,445 - DEBUG - Counting done!
2020-08-27 23:55:00,485 - DEBUG - Generating output file /net/isi-dcnl/ifs/user_data/abild/jichen/Projects/Breast/scRNA/Data/Megatron_data/COH073/FEL044046.mRNA/FEL044_count03/cell_ranger/FEL044_S/velocyto/FEL044_S.loom
2020-08-27 23:55:00,485 - DEBUG - Collecting row attributes
2020-08-27 23:55:00,590 - DEBUG - Generating data table
2020-08-27 23:55:01,824 - DEBUG - Writing loom file
2020-08-27 23:55:08,627 - DEBUG - Terminated Succesfully!
Start: 1598586438
End: 1598597711
Run time: 11273
Done
