CPU: 16
N: 14
Step1: Analyze spliced and unspliced reads and genrate a loom file for velocityR
Run velocyto to generate loom file
2020-08-27 16:31:01,441 - DEBUG - Using logic: Default
2020-08-27 16:31:01,445 - INFO - Read 1065 cell barcodes from /net/isi-dcnl/ifs/user_data/abild/Megatron_data/COH044/FELINE/FEL012016.mRNA/FEL015_count03/FEL015_M/outs/filtered_feature_bc_matrix/barcodes.tsv.gz
2020-08-27 16:31:01,445 - DEBUG - Example of barcode: AAACCCAAGGTTATAG and cell_id: FEL015_M:AAACCCAAGGTTATAG-1
2020-08-27 16:31:01,460 - DEBUG - Peeking into /net/isi-dcnl/ifs/user_data/abild/Megatron_data/COH044/FELINE/FEL012016.mRNA/FEL015_count03/FEL015_M/outs/possorted_genome_bam.bam
2020-08-27 16:31:01,629 - WARNING - Not found cell and umi barcode in entry 48 of the bam file
2020-08-27 16:31:01,629 - WARNING - Not found cell and umi barcode in entry 52 of the bam file
2020-08-27 16:31:01,629 - WARNING - Not found cell and umi barcode in entry 59 of the bam file
2020-08-27 16:31:01,629 - WARNING - Not found cell and umi barcode in entry 64 of the bam file
2020-08-27 16:31:01,629 - WARNING - Not found cell and umi barcode in entry 84 of the bam file
2020-08-27 16:31:01,629 - WARNING - Not found cell and umi barcode in entry 85 of the bam file
2020-08-27 16:31:01,629 - WARNING - Not found cell and umi barcode in entry 88 of the bam file
2020-08-27 16:31:01,629 - WARNING - Not found cell and umi barcode in entry 97 of the bam file
2020-08-27 16:31:01,629 - WARNING - Not found cell and umi barcode in entry 104 of the bam file
2020-08-27 16:31:01,629 - WARNING - Not found cell and umi barcode in entry 105 of the bam file
2020-08-27 16:31:01,629 - WARNING - Not found cell and umi barcode in entry 106 of the bam file
2020-08-27 16:31:01,630 - WARNING - Not found cell and umi barcode in entry 107 of the bam file
2020-08-27 16:31:01,630 - WARNING - Not found cell and umi barcode in entry 108 of the bam file
2020-08-27 16:31:01,630 - WARNING - Not found cell and umi barcode in entry 109 of the bam file
2020-08-27 16:31:01,630 - WARNING - Not found cell and umi barcode in entry 110 of the bam file
2020-08-27 16:31:01,630 - WARNING - Not found cell and umi barcode in entry 111 of the bam file
2020-08-27 16:31:01,630 - WARNING - Not found cell and umi barcode in entry 112 of the bam file
2020-08-27 16:31:01,630 - WARNING - Not found cell and umi barcode in entry 113 of the bam file
2020-08-27 16:31:01,630 - WARNING - Not found cell and umi barcode in entry 114 of the bam file
2020-08-27 16:31:01,630 - WARNING - Not found cell and umi barcode in entry 115 of the bam file
2020-08-27 16:31:01,630 - WARNING - Not found cell and umi barcode in entry 116 of the bam file
2020-08-27 16:31:01,630 - WARNING - Not found cell and umi barcode in entry 160 of the bam file
2020-08-27 16:31:01,632 - WARNING - Not found cell and umi barcode in entry 737 of the bam file
2020-08-27 16:31:01,632 - WARNING - Not found cell and umi barcode in entry 738 of the bam file
2020-08-27 16:31:01,632 - WARNING - Not found cell and umi barcode in entry 786 of the bam file
2020-08-27 16:31:01,632 - WARNING - Not found cell and umi barcode in entry 787 of the bam file
2020-08-27 16:31:01,632 - WARNING - Not found cell and umi barcode in entry 788 of the bam file
2020-08-27 16:31:01,633 - WARNING - Not found cell and umi barcode in entry 915 of the bam file
2020-08-27 16:31:01,633 - WARNING - Not found cell and umi barcode in entry 980 of the bam file
2020-08-27 16:31:01,637 - WARNING - The file /net/isi-dcnl/ifs/user_data/abild/Megatron_data/COH044/FELINE/FEL012016.mRNA/FEL015_count03/FEL015_M/outs/cellsorted_possorted_genome_bam.bam already exists. The sorting step will be skipped and the existing file will be used.
2020-08-27 16:31:01,637 - INFO - Load the annotation from /net/isi-dcnl/ifs/user_data/abild/Genomes/refdata-cellranger-GRCh38-3.0.0/genes/genes.gtf
2020-08-27 16:31:09,426 - DEBUG - Parsing Chromosome 1 strand - [line 0]
2020-08-27 16:31:10,054 - DEBUG - Done with 1- [line 108728]
2020-08-27 16:31:10,054 - DEBUG - Assigning indexes to genes
2020-08-27 16:31:10,064 - DEBUG - Seen 1561 genes until now
2020-08-27 16:31:10,064 - DEBUG - Parsing Chromosome 1 strand + [line 108729]
2020-08-27 16:31:10,769 - DEBUG - Done with 1+ [line 232515]
2020-08-27 16:31:10,770 - DEBUG - Assigning indexes to genes
2020-08-27 16:31:10,992 - DEBUG - Seen 3154 genes until now
2020-08-27 16:31:10,992 - DEBUG - Parsing Chromosome 10 strand - [line 232516]
2020-08-27 16:31:11,192 - DEBUG - Done with 10- [line 279343]
2020-08-27 16:31:11,192 - DEBUG - Assigning indexes to genes
2020-08-27 16:31:11,195 - DEBUG - Seen 3737 genes until now
2020-08-27 16:31:11,195 - DEBUG - Parsing Chromosome 10 strand + [line 279344]
2020-08-27 16:31:11,382 - DEBUG - Done with 10+ [line 323872]
2020-08-27 16:31:11,382 - DEBUG - Assigning indexes to genes
2020-08-27 16:31:11,385 - DEBUG - Seen 4384 genes until now
2020-08-27 16:31:11,385 - DEBUG - Parsing Chromosome 11 strand - [line 323873]
2020-08-27 16:31:11,986 - DEBUG - Done with 11- [line 402908]
2020-08-27 16:31:11,987 - DEBUG - Assigning indexes to genes
2020-08-27 16:31:11,993 - DEBUG - Seen 5320 genes until now
2020-08-27 16:31:11,993 - DEBUG - Parsing Chromosome 11 strand + [line 402909]
2020-08-27 16:31:12,585 - DEBUG - Done with 11+ [line 482591]
2020-08-27 16:31:12,585 - DEBUG - Assigning indexes to genes
2020-08-27 16:31:12,594 - DEBUG - Seen 6305 genes until now
2020-08-27 16:31:12,594 - DEBUG - Parsing Chromosome 12 strand - [line 482592]
2020-08-27 16:31:12,918 - DEBUG - Done with 12- [line 559278]
2020-08-27 16:31:12,918 - DEBUG - Assigning indexes to genes
2020-08-27 16:31:12,924 - DEBUG - Seen 7177 genes until now
2020-08-27 16:31:12,924 - DEBUG - Parsing Chromosome 12 strand + [line 559279]
2020-08-27 16:31:13,235 - DEBUG - Done with 12+ [line 635173]
2020-08-27 16:31:13,235 - DEBUG - Assigning indexes to genes
2020-08-27 16:31:13,241 - DEBUG - Seen 8070 genes until now
2020-08-27 16:31:13,241 - DEBUG - Parsing Chromosome 13 strand - [line 635174]
2020-08-27 16:31:13,610 - DEBUG - Done with 13- [line 653523]
2020-08-27 16:31:13,610 - DEBUG - Assigning indexes to genes
2020-08-27 16:31:13,612 - DEBUG - Seen 8400 genes until now
2020-08-27 16:31:13,613 - DEBUG - Parsing Chromosome 13 strand + [line 653524]
2020-08-27 16:31:13,694 - DEBUG - Done with 13+ [line 673091]
2020-08-27 16:31:13,694 - DEBUG - Assigning indexes to genes
2020-08-27 16:31:13,696 - DEBUG - Seen 8736 genes until now
2020-08-27 16:31:13,696 - DEBUG - Parsing Chromosome 14 strand - [line 673092]
2020-08-27 16:31:13,875 - DEBUG - Done with 14- [line 716831]
2020-08-27 16:31:13,876 - DEBUG - Assigning indexes to genes
2020-08-27 16:31:13,879 - DEBUG - Seen 9452 genes until now
2020-08-27 16:31:13,879 - DEBUG - Parsing Chromosome 14 strand + [line 716832]
2020-08-27 16:31:14,077 - DEBUG - Done with 14+ [line 764942]
2020-08-27 16:31:14,077 - DEBUG - Assigning indexes to genes
2020-08-27 16:31:14,080 - DEBUG - Seen 10121 genes until now
2020-08-27 16:31:14,081 - DEBUG - Parsing Chromosome 15 strand - [line 764943]
2020-08-27 16:31:14,287 - DEBUG - Done with 15- [line 813803]
2020-08-27 16:31:14,287 - DEBUG - Assigning indexes to genes
2020-08-27 16:31:14,290 - DEBUG - Seen 10698 genes until now
2020-08-27 16:31:14,290 - DEBUG - Parsing Chromosome 15 strand + [line 813804]
2020-08-27 16:31:14,471 - DEBUG - Done with 15+ [line 857859]
2020-08-27 16:31:14,471 - DEBUG - Assigning indexes to genes
2020-08-27 16:31:14,475 - DEBUG - Seen 11256 genes until now
2020-08-27 16:31:14,475 - DEBUG - Parsing Chromosome 16 strand - [line 857860]
2020-08-27 16:31:15,067 - DEBUG - Done with 16- [line 911118]
2020-08-27 16:31:15,067 - DEBUG - Assigning indexes to genes
2020-08-27 16:31:15,071 - DEBUG - Seen 11998 genes until now
2020-08-27 16:31:15,071 - DEBUG - Parsing Chromosome 16 strand + [line 911119]
2020-08-27 16:31:15,360 - DEBUG - Done with 16+ [line 981663]
2020-08-27 16:31:15,360 - DEBUG - Assigning indexes to genes
2020-08-27 16:31:15,366 - DEBUG - Seen 12787 genes until now
2020-08-27 16:31:15,366 - DEBUG - Parsing Chromosome 17 strand - [line 981664]
2020-08-27 16:31:15,718 - DEBUG - Done with 17- [line 1066635]
2020-08-27 16:31:15,718 - DEBUG - Assigning indexes to genes
2020-08-27 16:31:15,725 - DEBUG - Seen 13775 genes until now
2020-08-27 16:31:15,725 - DEBUG - Parsing Chromosome 17 strand + [line 1066636]
2020-08-27 16:31:16,411 - DEBUG - Done with 17+ [line 1143834]
2020-08-27 16:31:16,411 - DEBUG - Assigning indexes to genes
2020-08-27 16:31:16,419 - DEBUG - Seen 14681 genes until now
2020-08-27 16:31:16,419 - DEBUG - Parsing Chromosome 18 strand - [line 1143835]
2020-08-27 16:31:16,522 - DEBUG - Done with 18- [line 1168496]
2020-08-27 16:31:16,522 - DEBUG - Assigning indexes to genes
2020-08-27 16:31:16,524 - DEBUG - Seen 15006 genes until now
2020-08-27 16:31:16,524 - DEBUG - Parsing Chromosome 18 strand + [line 1168497]
2020-08-27 16:31:16,612 - DEBUG - Done with 18+ [line 1189691]
2020-08-27 16:31:16,612 - DEBUG - Assigning indexes to genes
2020-08-27 16:31:16,613 - DEBUG - Seen 15343 genes until now
2020-08-27 16:31:16,613 - DEBUG - Parsing Chromosome 19 strand - [line 1189692]
2020-08-27 16:31:16,933 - DEBUG - Done with 19- [line 1268854]
2020-08-27 16:31:16,933 - DEBUG - Assigning indexes to genes
2020-08-27 16:31:16,940 - DEBUG - Seen 16352 genes until now
2020-08-27 16:31:16,940 - DEBUG - Parsing Chromosome 19 strand + [line 1268855]
2020-08-27 16:31:17,268 - DEBUG - Done with 19+ [line 1351833]
2020-08-27 16:31:17,268 - DEBUG - Assigning indexes to genes
2020-08-27 16:31:17,276 - DEBUG - Seen 17347 genes until now
2020-08-27 16:31:17,276 - DEBUG - Parsing Chromosome 2 strand - [line 1351834]
2020-08-27 16:31:17,684 - DEBUG - Done with 2- [line 1448710]
2020-08-27 16:31:17,684 - DEBUG - Assigning indexes to genes
2020-08-27 16:31:17,692 - DEBUG - Seen 18472 genes until now
2020-08-27 16:31:17,692 - DEBUG - Parsing Chromosome 2 strand + [line 1448711]
2020-08-27 16:31:18,513 - DEBUG - Done with 2+ [line 1542602]
2020-08-27 16:31:18,513 - DEBUG - Assigning indexes to genes
2020-08-27 16:31:18,522 - DEBUG - Seen 19632 genes until now
2020-08-27 16:31:18,522 - DEBUG - Parsing Chromosome 20 strand - [line 1542603]
2020-08-27 16:31:18,631 - DEBUG - Done with 20- [line 1569195]
2020-08-27 16:31:18,631 - DEBUG - Assigning indexes to genes
2020-08-27 16:31:18,633 - DEBUG - Seen 20079 genes until now
2020-08-27 16:31:18,634 - DEBUG - Parsing Chromosome 20 strand + [line 1569196]
2020-08-27 16:31:18,761 - DEBUG - Done with 20+ [line 1600541]
2020-08-27 16:31:18,762 - DEBUG - Assigning indexes to genes
2020-08-27 16:31:18,764 - DEBUG - Seen 20527 genes until now
2020-08-27 16:31:18,764 - DEBUG - Parsing Chromosome 21 strand - [line 1600542]
2020-08-27 16:31:18,822 - DEBUG - Done with 21- [line 1614106]
2020-08-27 16:31:18,822 - DEBUG - Assigning indexes to genes
2020-08-27 16:31:18,823 - DEBUG - Seen 20795 genes until now
2020-08-27 16:31:18,823 - DEBUG - Parsing Chromosome 21 strand + [line 1614107]
2020-08-27 16:31:18,885 - DEBUG - Done with 21+ [line 1628392]
2020-08-27 16:31:18,885 - DEBUG - Assigning indexes to genes
2020-08-27 16:31:18,886 - DEBUG - Seen 21029 genes until now
2020-08-27 16:31:18,886 - DEBUG - Parsing Chromosome 22 strand - [line 1628393]
2020-08-27 16:31:18,992 - DEBUG - Done with 22- [line 1653805]
2020-08-27 16:31:18,992 - DEBUG - Assigning indexes to genes
2020-08-27 16:31:18,994 - DEBUG - Seen 21391 genes until now
2020-08-27 16:31:18,994 - DEBUG - Parsing Chromosome 22 strand + [line 1653806]
2020-08-27 16:31:19,118 - DEBUG - Done with 22+ [line 1684245]
2020-08-27 16:31:19,118 - DEBUG - Assigning indexes to genes
2020-08-27 16:31:19,122 - DEBUG - Seen 21866 genes until now
2020-08-27 16:31:19,122 - DEBUG - Parsing Chromosome 3 strand - [line 1684246]
2020-08-27 16:31:19,454 - DEBUG - Done with 3- [line 1763939]
2020-08-27 16:31:19,454 - DEBUG - Assigning indexes to genes
2020-08-27 16:31:19,460 - DEBUG - Seen 22713 genes until now
2020-08-27 16:31:19,461 - DEBUG - Parsing Chromosome 3 strand + [line 1763940]
2020-08-27 16:31:19,792 - DEBUG - Done with 3+ [line 1844840]
2020-08-27 16:31:19,792 - DEBUG - Assigning indexes to genes
2020-08-27 16:31:19,798 - DEBUG - Seen 23585 genes until now
2020-08-27 16:31:19,798 - DEBUG - Parsing Chromosome 4 strand - [line 1844841]
2020-08-27 16:31:20,559 - DEBUG - Done with 4- [line 1898665]
2020-08-27 16:31:20,559 - DEBUG - Assigning indexes to genes
2020-08-27 16:31:20,564 - DEBUG - Seen 24246 genes until now
2020-08-27 16:31:20,564 - DEBUG - Parsing Chromosome 4 strand + [line 1898666]
2020-08-27 16:31:20,763 - DEBUG - Done with 4+ [line 1947617]
2020-08-27 16:31:20,763 - DEBUG - Assigning indexes to genes
2020-08-27 16:31:20,767 - DEBUG - Seen 24938 genes until now
2020-08-27 16:31:20,767 - DEBUG - Parsing Chromosome 5 strand - [line 1947618]
2020-08-27 16:31:20,991 - DEBUG - Done with 5- [line 2001140]
2020-08-27 16:31:20,991 - DEBUG - Assigning indexes to genes
2020-08-27 16:31:20,996 - DEBUG - Seen 25741 genes until now
2020-08-27 16:31:20,996 - DEBUG - Parsing Chromosome 5 strand + [line 2001141]
2020-08-27 16:31:21,245 - DEBUG - Done with 5+ [line 2062165]
2020-08-27 16:31:21,245 - DEBUG - Assigning indexes to genes
2020-08-27 16:31:21,250 - DEBUG - Seen 26599 genes until now
2020-08-27 16:31:21,250 - DEBUG - Parsing Chromosome 6 strand - [line 2062166]
2020-08-27 16:31:21,498 - DEBUG - Done with 6- [line 2121425]
2020-08-27 16:31:21,499 - DEBUG - Assigning indexes to genes
2020-08-27 16:31:21,503 - DEBUG - Seen 27435 genes until now
2020-08-27 16:31:21,503 - DEBUG - Parsing Chromosome 6 strand + [line 2121426]
2020-08-27 16:31:21,728 - DEBUG - Done with 6+ [line 2176078]
2020-08-27 16:31:21,728 - DEBUG - Assigning indexes to genes
2020-08-27 16:31:21,732 - DEBUG - Seen 28231 genes until now
2020-08-27 16:31:21,732 - DEBUG - Parsing Chromosome 7 strand - [line 2176079]
2020-08-27 16:31:21,978 - DEBUG - Done with 7- [line 2233605]
2020-08-27 16:31:21,978 - DEBUG - Assigning indexes to genes
2020-08-27 16:31:21,982 - DEBUG - Seen 28953 genes until now
2020-08-27 16:31:21,982 - DEBUG - Parsing Chromosome 7 strand + [line 2233606]
2020-08-27 16:31:22,238 - DEBUG - Done with 7+ [line 2295513]
2020-08-27 16:31:22,238 - DEBUG - Assigning indexes to genes
2020-08-27 16:31:22,243 - DEBUG - Seen 29770 genes until now
2020-08-27 16:31:22,243 - DEBUG - Parsing Chromosome 8 strand - [line 2295514]
2020-08-27 16:31:22,439 - DEBUG - Done with 8- [line 2343289]
2020-08-27 16:31:22,439 - DEBUG - Assigning indexes to genes
2020-08-27 16:31:22,443 - DEBUG - Seen 30442 genes until now
2020-08-27 16:31:22,443 - DEBUG - Parsing Chromosome 8 strand + [line 2343290]
2020-08-27 16:31:22,620 - DEBUG - Done with 8+ [line 2386793]
2020-08-27 16:31:22,620 - DEBUG - Assigning indexes to genes
2020-08-27 16:31:22,623 - DEBUG - Seen 31090 genes until now
2020-08-27 16:31:22,624 - DEBUG - Parsing Chromosome 9 strand - [line 2386794]
2020-08-27 16:31:23,417 - DEBUG - Done with 9- [line 2430389]
2020-08-27 16:31:23,417 - DEBUG - Assigning indexes to genes
2020-08-27 16:31:23,421 - DEBUG - Seen 31710 genes until now
2020-08-27 16:31:23,421 - DEBUG - Parsing Chromosome 9 strand + [line 2430390]
2020-08-27 16:31:23,614 - DEBUG - Done with 9+ [line 2477312]
2020-08-27 16:31:23,614 - DEBUG - Assigning indexes to genes
2020-08-27 16:31:23,617 - DEBUG - Seen 32318 genes until now
2020-08-27 16:31:23,617 - DEBUG - Parsing Chromosome GL000009.2 strand - [line 2477313]
2020-08-27 16:31:23,617 - DEBUG - Done with GL000009.2- [line 2477320]
2020-08-27 16:31:23,618 - DEBUG - Assigning indexes to genes
2020-08-27 16:31:23,618 - DEBUG - Seen 32319 genes until now
2020-08-27 16:31:23,618 - DEBUG - Parsing Chromosome GL000194.1 strand - [line 2477321]
2020-08-27 16:31:23,618 - DEBUG - Done with GL000194.1- [line 2477346]
2020-08-27 16:31:23,618 - DEBUG - Assigning indexes to genes
2020-08-27 16:31:23,618 - DEBUG - Seen 32321 genes until now
2020-08-27 16:31:23,618 - DEBUG - Parsing Chromosome GL000195.1 strand - [line 2477347]
2020-08-27 16:31:23,618 - DEBUG - Done with GL000195.1- [line 2477356]
2020-08-27 16:31:23,618 - DEBUG - Assigning indexes to genes
2020-08-27 16:31:23,618 - DEBUG - Seen 32322 genes until now
2020-08-27 16:31:23,618 - DEBUG - Parsing Chromosome GL000195.1 strand + [line 2477357]
2020-08-27 16:31:23,618 - DEBUG - Done with GL000195.1+ [line 2477370]
2020-08-27 16:31:23,618 - DEBUG - Assigning indexes to genes
2020-08-27 16:31:23,618 - DEBUG - Seen 32323 genes until now
2020-08-27 16:31:23,618 - DEBUG - Parsing Chromosome GL000205.2 strand - [line 2477371]
2020-08-27 16:31:23,618 - DEBUG - Done with GL000205.2- [line 2477384]
2020-08-27 16:31:23,618 - DEBUG - Assigning indexes to genes
2020-08-27 16:31:23,619 - DEBUG - Seen 32324 genes until now
2020-08-27 16:31:23,619 - DEBUG - Parsing Chromosome GL000213.1 strand - [line 2477385]
2020-08-27 16:31:23,619 - DEBUG - Done with GL000213.1- [line 2477433]
2020-08-27 16:31:23,619 - DEBUG - Assigning indexes to genes
2020-08-27 16:31:23,619 - DEBUG - Seen 32325 genes until now
2020-08-27 16:31:23,619 - DEBUG - Parsing Chromosome GL000218.1 strand - [line 2477434]
2020-08-27 16:31:23,619 - DEBUG - Done with GL000218.1- [line 2477441]
2020-08-27 16:31:23,619 - DEBUG - Assigning indexes to genes
2020-08-27 16:31:23,619 - DEBUG - Seen 32326 genes until now
2020-08-27 16:31:23,619 - DEBUG - Parsing Chromosome GL000219.1 strand - [line 2477442]
2020-08-27 16:31:23,619 - DEBUG - Done with GL000219.1- [line 2477453]
2020-08-27 16:31:23,619 - DEBUG - Assigning indexes to genes
2020-08-27 16:31:23,619 - DEBUG - Seen 32327 genes until now
2020-08-27 16:31:23,619 - DEBUG - Parsing Chromosome KI270711.1 strand - [line 2477454]
2020-08-27 16:31:23,620 - DEBUG - Done with KI270711.1- [line 2477604]
2020-08-27 16:31:23,620 - DEBUG - Assigning indexes to genes
2020-08-27 16:31:23,620 - DEBUG - Seen 32328 genes until now
2020-08-27 16:31:23,620 - DEBUG - Parsing Chromosome KI270713.1 strand - [line 2477605]
2020-08-27 16:31:23,620 - DEBUG - Done with KI270713.1- [line 2477612]
2020-08-27 16:31:23,620 - DEBUG - Assigning indexes to genes
2020-08-27 16:31:23,620 - DEBUG - Seen 32329 genes until now
2020-08-27 16:31:23,620 - DEBUG - Parsing Chromosome KI270713.1 strand + [line 2477613]
2020-08-27 16:31:23,620 - DEBUG - Done with KI270713.1+ [line 2477618]
2020-08-27 16:31:23,620 - DEBUG - Assigning indexes to genes
2020-08-27 16:31:23,620 - DEBUG - Seen 32330 genes until now
2020-08-27 16:31:23,620 - DEBUG - Parsing Chromosome KI270721.1 strand + [line 2477619]
2020-08-27 16:31:23,621 - DEBUG - Done with KI270721.1+ [line 2477634]
2020-08-27 16:31:23,621 - DEBUG - Assigning indexes to genes
2020-08-27 16:31:23,621 - DEBUG - Seen 32331 genes until now
2020-08-27 16:31:23,621 - DEBUG - Parsing Chromosome KI270726.1 strand + [line 2477635]
2020-08-27 16:31:23,621 - DEBUG - Done with KI270726.1+ [line 2477645]
2020-08-27 16:31:23,621 - DEBUG - Assigning indexes to genes
2020-08-27 16:31:23,621 - DEBUG - Seen 32333 genes until now
2020-08-27 16:31:23,621 - DEBUG - Parsing Chromosome KI270727.1 strand - [line 2477646]
2020-08-27 16:31:23,621 - DEBUG - Done with KI270727.1- [line 2477704]
2020-08-27 16:31:23,621 - DEBUG - Assigning indexes to genes
2020-08-27 16:31:23,621 - DEBUG - Seen 32335 genes until now
2020-08-27 16:31:23,621 - DEBUG - Parsing Chromosome KI270727.1 strand + [line 2477705]
2020-08-27 16:31:23,621 - DEBUG - Done with KI270727.1+ [line 2477719]
2020-08-27 16:31:23,621 - DEBUG - Assigning indexes to genes
2020-08-27 16:31:23,621 - DEBUG - Seen 32337 genes until now
2020-08-27 16:31:23,621 - DEBUG - Parsing Chromosome KI270728.1 strand - [line 2477720]
2020-08-27 16:31:23,622 - DEBUG - Done with KI270728.1- [line 2477796]
2020-08-27 16:31:23,622 - DEBUG - Assigning indexes to genes
2020-08-27 16:31:23,622 - DEBUG - Seen 32339 genes until now
2020-08-27 16:31:23,622 - DEBUG - Parsing Chromosome KI270728.1 strand + [line 2477797]
2020-08-27 16:31:23,622 - DEBUG - Done with KI270728.1+ [line 2477833]
2020-08-27 16:31:23,622 - DEBUG - Assigning indexes to genes
2020-08-27 16:31:23,622 - DEBUG - Seen 32343 genes until now
2020-08-27 16:31:23,622 - DEBUG - Parsing Chromosome KI270731.1 strand - [line 2477834]
2020-08-27 16:31:23,622 - DEBUG - Done with KI270731.1- [line 2477840]
2020-08-27 16:31:23,622 - DEBUG - Assigning indexes to genes
2020-08-27 16:31:23,622 - DEBUG - Seen 32344 genes until now
2020-08-27 16:31:23,622 - DEBUG - Parsing Chromosome KI270734.1 strand - [line 2477841]
2020-08-27 16:31:23,623 - DEBUG - Done with KI270734.1- [line 2477909]
2020-08-27 16:31:23,623 - DEBUG - Assigning indexes to genes
2020-08-27 16:31:23,623 - DEBUG - Seen 32345 genes until now
2020-08-27 16:31:23,623 - DEBUG - Parsing Chromosome KI270734.1 strand + [line 2477910]
2020-08-27 16:31:23,623 - DEBUG - Done with KI270734.1+ [line 2477932]
2020-08-27 16:31:23,623 - DEBUG - Assigning indexes to genes
2020-08-27 16:31:23,623 - DEBUG - Seen 32347 genes until now
2020-08-27 16:31:23,623 - DEBUG - Parsing Chromosome MT strand - [line 2477933]
2020-08-27 16:31:23,623 - DEBUG - Done with MT- [line 2477938]
2020-08-27 16:31:23,623 - DEBUG - Assigning indexes to genes
2020-08-27 16:31:23,623 - DEBUG - Seen 32348 genes until now
2020-08-27 16:31:23,623 - DEBUG - Parsing Chromosome MT strand + [line 2477939]
2020-08-27 16:31:23,623 - DEBUG - Done with MT+ [line 2478004]
2020-08-27 16:31:23,623 - DEBUG - Assigning indexes to genes
2020-08-27 16:31:23,624 - DEBUG - Seen 32360 genes until now
2020-08-27 16:31:23,624 - DEBUG - Parsing Chromosome X strand - [line 2478005]
2020-08-27 16:31:23,789 - DEBUG - Done with X- [line 2518937]
2020-08-27 16:31:23,789 - DEBUG - Assigning indexes to genes
2020-08-27 16:31:23,792 - DEBUG - Seen 32876 genes until now
2020-08-27 16:31:23,792 - DEBUG - Parsing Chromosome X strand + [line 2518938]
2020-08-27 16:31:23,956 - DEBUG - Done with X+ [line 2560301]
2020-08-27 16:31:23,956 - DEBUG - Assigning indexes to genes
2020-08-27 16:31:23,959 - DEBUG - Seen 33438 genes until now
2020-08-27 16:31:23,959 - DEBUG - Parsing Chromosome Y strand - [line 2560302]
2020-08-27 16:31:23,969 - DEBUG - Done with Y- [line 2562446]
2020-08-27 16:31:23,969 - DEBUG - Assigning indexes to genes
2020-08-27 16:31:23,969 - DEBUG - Seen 33485 genes until now
2020-08-27 16:31:23,969 - DEBUG - Parsing Chromosome Y strand + [line 2562447]
2020-08-27 16:31:23,979 - DEBUG - Assigning indexes to genes
2020-08-27 16:31:23,979 - DEBUG - Done with Y+ [line 2565059]
2020-08-27 16:31:23,980 - DEBUG - Fixing corner cases of transcript models containg intron longer than 1000Kbp
2020-08-27 16:31:25,745 - DEBUG - Generated 2165800 features corresponding to 172912 transcript models from /net/isi-dcnl/ifs/user_data/abild/Genomes/refdata-cellranger-GRCh38-3.0.0/genes/genes.gtf
2020-08-27 16:31:25,773 - INFO - Scan /net/isi-dcnl/ifs/user_data/abild/Megatron_data/COH044/FELINE/FEL012016.mRNA/FEL015_count03/FEL015_M/outs/possorted_genome_bam.bam to validate intron intervals
2020-08-27 16:31:29,712 - DEBUG - Reading /net/isi-dcnl/ifs/user_data/abild/Megatron_data/COH044/FELINE/FEL012016.mRNA/FEL015_count03/FEL015_M/outs/possorted_genome_bam.bam
2020-08-27 16:31:29,729 - DEBUG - Read first 0 million reads
2020-08-27 16:31:29,738 - DEBUG - Marking up chromosome 1
2020-08-27 16:33:21,289 - DEBUG - Read first 10 million reads
2020-08-27 16:34:14,631 - DEBUG - Marking up chromosome 10
2020-08-27 16:35:17,283 - DEBUG - Read first 20 million reads
2020-08-27 16:35:55,929 - DEBUG - Marking up chromosome 11
2020-08-27 16:37:51,293 - DEBUG - Read first 30 million reads
2020-08-27 16:39:23,855 - DEBUG - Marking up chromosome 12
2020-08-27 16:40:19,919 - DEBUG - Read first 40 million reads
2020-08-27 16:41:12,661 - DEBUG - Marking up chromosome 13
2020-08-27 16:41:56,935 - DEBUG - Marking up chromosome 14
2020-08-27 16:42:32,492 - DEBUG - Read first 50 million reads
2020-08-27 16:43:12,793 - DEBUG - Marking up chromosome 15
2020-08-27 16:44:30,741 - DEBUG - Marking up chromosome 16
2020-08-27 16:44:52,796 - DEBUG - Read first 60 million reads
2020-08-27 16:45:51,065 - DEBUG - Marking up chromosome 17
2020-08-27 16:46:55,554 - DEBUG - Read first 70 million reads
2020-08-27 16:47:25,367 - DEBUG - Marking up chromosome 18
2020-08-27 16:48:11,270 - DEBUG - Marking up chromosome 19
2020-08-27 16:49:12,624 - DEBUG - Read first 80 million reads
2020-08-27 16:49:26,736 - DEBUG - Marking up chromosome 2
2020-08-27 16:51:10,227 - DEBUG - Read first 90 million reads
2020-08-27 16:52:00,102 - DEBUG - Marking up chromosome 20
2020-08-27 16:52:38,411 - DEBUG - Marking up chromosome 21
2020-08-27 16:52:44,273 - DEBUG - Read first 100 million reads
2020-08-27 16:53:05,142 - DEBUG - Read first 110 million reads
2020-08-27 16:53:34,888 - DEBUG - Marking up chromosome 22
2020-08-27 16:54:13,924 - DEBUG - Marking up chromosome 3
2020-08-27 16:54:43,041 - DEBUG - Read first 120 million reads
2020-08-27 16:56:34,968 - DEBUG - Marking up chromosome 4
2020-08-27 16:56:52,702 - DEBUG - Read first 130 million reads
2020-08-27 16:58:12,107 - DEBUG - Marking up chromosome 5
2020-08-27 16:58:50,330 - DEBUG - Read first 140 million reads
2020-08-27 16:59:55,810 - DEBUG - Marking up chromosome 6
2020-08-27 17:00:49,147 - DEBUG - Read first 150 million reads
2020-08-27 17:01:31,189 - DEBUG - Marking up chromosome 7
2020-08-27 17:02:41,024 - DEBUG - Read first 160 million reads
2020-08-27 17:03:09,360 - DEBUG - Marking up chromosome 8
2020-08-27 17:04:31,448 - DEBUG - Marking up chromosome 9
2020-08-27 17:04:46,876 - DEBUG - Read first 170 million reads
2020-08-27 17:05:35,776 - DEBUG - Marking up chromosome MT
2020-08-27 17:05:40,157 - DEBUG - Marking up chromosome X
2020-08-27 17:06:30,553 - DEBUG - Marking up chromosome Y
2020-08-27 17:06:30,662 - DEBUG - Marking up chromosome KI270728.1
2020-08-27 17:06:30,669 - DEBUG - Marking up chromosome KI270727.1
2020-08-27 17:06:30,694 - DEBUG - Read first 180 million reads
2020-08-27 17:06:30,697 - DEBUG - Marking up chromosome KI270442.1
2020-08-27 17:06:30,697 - WARNING - The .bam file refers to a chromosome 'KI270442.1+' not present in the annotation (.gtf) file
2020-08-27 17:06:30,697 - WARNING - The .bam file refers to a chromosome 'KI270442.1-' not present in the annotation (.gtf) file
2020-08-27 17:06:30,720 - DEBUG - Marking up chromosome KI270729.1
2020-08-27 17:06:30,721 - WARNING - The .bam file refers to a chromosome 'KI270729.1+' not present in the annotation (.gtf) file
2020-08-27 17:06:30,721 - WARNING - The .bam file refers to a chromosome 'KI270729.1-' not present in the annotation (.gtf) file
2020-08-27 17:06:30,721 - DEBUG - Marking up chromosome GL000225.1
2020-08-27 17:06:30,721 - WARNING - The .bam file refers to a chromosome 'GL000225.1+' not present in the annotation (.gtf) file
2020-08-27 17:06:30,721 - WARNING - The .bam file refers to a chromosome 'GL000225.1-' not present in the annotation (.gtf) file
2020-08-27 17:06:30,722 - DEBUG - Marking up chromosome KI270743.1
2020-08-27 17:06:30,722 - WARNING - The .bam file refers to a chromosome 'KI270743.1+' not present in the annotation (.gtf) file
2020-08-27 17:06:30,722 - WARNING - The .bam file refers to a chromosome 'KI270743.1-' not present in the annotation (.gtf) file
2020-08-27 17:06:30,738 - DEBUG - Marking up chromosome GL000008.2
2020-08-27 17:06:30,738 - WARNING - The .bam file refers to a chromosome 'GL000008.2+' not present in the annotation (.gtf) file
2020-08-27 17:06:30,738 - WARNING - The .bam file refers to a chromosome 'GL000008.2-' not present in the annotation (.gtf) file
2020-08-27 17:06:30,754 - DEBUG - Marking up chromosome GL000009.2
2020-08-27 17:06:30,754 - WARNING - The .bam file refers to a chromosome 'GL000009.2+' not present in the annotation (.gtf) file
2020-08-27 17:06:30,780 - DEBUG - Marking up chromosome KI270747.1
2020-08-27 17:06:30,780 - WARNING - The .bam file refers to a chromosome 'KI270747.1+' not present in the annotation (.gtf) file
2020-08-27 17:06:30,780 - WARNING - The .bam file refers to a chromosome 'KI270747.1-' not present in the annotation (.gtf) file
2020-08-27 17:06:30,781 - DEBUG - Marking up chromosome KI270722.1
2020-08-27 17:06:30,781 - WARNING - The .bam file refers to a chromosome 'KI270722.1+' not present in the annotation (.gtf) file
2020-08-27 17:06:30,781 - WARNING - The .bam file refers to a chromosome 'KI270722.1-' not present in the annotation (.gtf) file
2020-08-27 17:06:30,783 - DEBUG - Marking up chromosome GL000194.1
2020-08-27 17:06:30,783 - WARNING - The .bam file refers to a chromosome 'GL000194.1+' not present in the annotation (.gtf) file
2020-08-27 17:06:31,011 - DEBUG - Marking up chromosome KI270742.1
2020-08-27 17:06:31,011 - WARNING - The .bam file refers to a chromosome 'KI270742.1+' not present in the annotation (.gtf) file
2020-08-27 17:06:31,011 - WARNING - The .bam file refers to a chromosome 'KI270742.1-' not present in the annotation (.gtf) file
2020-08-27 17:06:31,070 - DEBUG - Marking up chromosome GL000205.2
2020-08-27 17:06:31,070 - WARNING - The .bam file refers to a chromosome 'GL000205.2+' not present in the annotation (.gtf) file
2020-08-27 17:06:31,153 - DEBUG - Marking up chromosome GL000195.1
2020-08-27 17:06:31,269 - DEBUG - Marking up chromosome KI270733.1
2020-08-27 17:06:31,269 - WARNING - The .bam file refers to a chromosome 'KI270733.1+' not present in the annotation (.gtf) file
2020-08-27 17:06:31,269 - WARNING - The .bam file refers to a chromosome 'KI270733.1-' not present in the annotation (.gtf) file
2020-08-27 17:06:53,901 - DEBUG - Marking up chromosome GL000224.1
2020-08-27 17:06:53,901 - WARNING - The .bam file refers to a chromosome 'GL000224.1+' not present in the annotation (.gtf) file
2020-08-27 17:06:53,901 - WARNING - The .bam file refers to a chromosome 'GL000224.1-' not present in the annotation (.gtf) file
2020-08-27 17:06:53,960 - DEBUG - Marking up chromosome GL000219.1
2020-08-27 17:06:53,960 - WARNING - The .bam file refers to a chromosome 'GL000219.1+' not present in the annotation (.gtf) file
2020-08-27 17:06:54,075 - DEBUG - Marking up chromosome KI270719.1
2020-08-27 17:06:54,075 - WARNING - The .bam file refers to a chromosome 'KI270719.1+' not present in the annotation (.gtf) file
2020-08-27 17:06:54,075 - WARNING - The .bam file refers to a chromosome 'KI270719.1-' not present in the annotation (.gtf) file
2020-08-27 17:06:54,090 - DEBUG - Marking up chromosome GL000216.2
2020-08-27 17:06:54,090 - WARNING - The .bam file refers to a chromosome 'GL000216.2+' not present in the annotation (.gtf) file
2020-08-27 17:06:54,090 - WARNING - The .bam file refers to a chromosome 'GL000216.2-' not present in the annotation (.gtf) file
2020-08-27 17:06:54,090 - DEBUG - Marking up chromosome KI270712.1
2020-08-27 17:06:54,090 - WARNING - The .bam file refers to a chromosome 'KI270712.1+' not present in the annotation (.gtf) file
2020-08-27 17:06:54,090 - WARNING - The .bam file refers to a chromosome 'KI270712.1-' not present in the annotation (.gtf) file
2020-08-27 17:06:54,096 - DEBUG - Marking up chromosome KI270706.1
2020-08-27 17:06:54,096 - WARNING - The .bam file refers to a chromosome 'KI270706.1+' not present in the annotation (.gtf) file
2020-08-27 17:06:54,096 - WARNING - The .bam file refers to a chromosome 'KI270706.1-' not present in the annotation (.gtf) file
2020-08-27 17:06:54,247 - DEBUG - Marking up chromosome KI270725.1
2020-08-27 17:06:54,247 - WARNING - The .bam file refers to a chromosome 'KI270725.1+' not present in the annotation (.gtf) file
2020-08-27 17:06:54,248 - WARNING - The .bam file refers to a chromosome 'KI270725.1-' not present in the annotation (.gtf) file
2020-08-27 17:06:54,250 - DEBUG - Marking up chromosome KI270744.1
2020-08-27 17:06:54,250 - WARNING - The .bam file refers to a chromosome 'KI270744.1+' not present in the annotation (.gtf) file
2020-08-27 17:06:54,250 - WARNING - The .bam file refers to a chromosome 'KI270744.1-' not present in the annotation (.gtf) file
2020-08-27 17:06:54,301 - DEBUG - Marking up chromosome KI270734.1
2020-08-27 17:06:54,329 - DEBUG - Marking up chromosome GL000213.1
2020-08-27 17:06:54,329 - WARNING - The .bam file refers to a chromosome 'GL000213.1+' not present in the annotation (.gtf) file
2020-08-27 17:06:54,362 - DEBUG - Marking up chromosome GL000220.1
2020-08-27 17:06:54,363 - WARNING - The .bam file refers to a chromosome 'GL000220.1+' not present in the annotation (.gtf) file
2020-08-27 17:06:54,363 - WARNING - The .bam file refers to a chromosome 'GL000220.1-' not present in the annotation (.gtf) file
2020-08-27 17:06:55,847 - DEBUG - Read first 190 million reads
2020-08-27 17:07:12,009 - DEBUG - Marking up chromosome GL000218.1
2020-08-27 17:07:12,009 - WARNING - The .bam file refers to a chromosome 'GL000218.1+' not present in the annotation (.gtf) file
2020-08-27 17:07:12,249 - DEBUG - Marking up chromosome KI270749.1
2020-08-27 17:07:12,250 - WARNING - The .bam file refers to a chromosome 'KI270749.1+' not present in the annotation (.gtf) file
2020-08-27 17:07:12,250 - WARNING - The .bam file refers to a chromosome 'KI270749.1-' not present in the annotation (.gtf) file
2020-08-27 17:07:12,253 - DEBUG - Marking up chromosome KI270741.1
2020-08-27 17:07:12,253 - WARNING - The .bam file refers to a chromosome 'KI270741.1+' not present in the annotation (.gtf) file
2020-08-27 17:07:12,253 - WARNING - The .bam file refers to a chromosome 'KI270741.1-' not present in the annotation (.gtf) file
2020-08-27 17:07:12,255 - DEBUG - Marking up chromosome GL000221.1
2020-08-27 17:07:12,255 - WARNING - The .bam file refers to a chromosome 'GL000221.1+' not present in the annotation (.gtf) file
2020-08-27 17:07:12,256 - WARNING - The .bam file refers to a chromosome 'GL000221.1-' not present in the annotation (.gtf) file
2020-08-27 17:07:12,304 - DEBUG - Marking up chromosome KI270731.1
2020-08-27 17:07:12,304 - WARNING - The .bam file refers to a chromosome 'KI270731.1+' not present in the annotation (.gtf) file
2020-08-27 17:07:12,310 - DEBUG - Marking up chromosome KI270751.1
2020-08-27 17:07:12,310 - WARNING - The .bam file refers to a chromosome 'KI270751.1+' not present in the annotation (.gtf) file
2020-08-27 17:07:12,310 - WARNING - The .bam file refers to a chromosome 'KI270751.1-' not present in the annotation (.gtf) file
2020-08-27 17:07:12,316 - DEBUG - Marking up chromosome KI270750.1
2020-08-27 17:07:12,316 - WARNING - The .bam file refers to a chromosome 'KI270750.1+' not present in the annotation (.gtf) file
2020-08-27 17:07:12,316 - WARNING - The .bam file refers to a chromosome 'KI270750.1-' not present in the annotation (.gtf) file
2020-08-27 17:07:12,316 - DEBUG - Marking up chromosome KI270519.1
2020-08-27 17:07:12,316 - WARNING - The .bam file refers to a chromosome 'KI270519.1+' not present in the annotation (.gtf) file
2020-08-27 17:07:12,316 - WARNING - The .bam file refers to a chromosome 'KI270519.1-' not present in the annotation (.gtf) file
2020-08-27 17:07:12,317 - DEBUG - Marking up chromosome GL000214.1
2020-08-27 17:07:12,317 - WARNING - The .bam file refers to a chromosome 'GL000214.1+' not present in the annotation (.gtf) file
2020-08-27 17:07:12,317 - WARNING - The .bam file refers to a chromosome 'GL000214.1-' not present in the annotation (.gtf) file
2020-08-27 17:07:12,384 - DEBUG - Marking up chromosome KI270708.1
2020-08-27 17:07:12,384 - WARNING - The .bam file refers to a chromosome 'KI270708.1+' not present in the annotation (.gtf) file
2020-08-27 17:07:12,384 - WARNING - The .bam file refers to a chromosome 'KI270708.1-' not present in the annotation (.gtf) file
2020-08-27 17:07:12,385 - DEBUG - Marking up chromosome KI270438.1
2020-08-27 17:07:12,385 - WARNING - The .bam file refers to a chromosome 'KI270438.1+' not present in the annotation (.gtf) file
2020-08-27 17:07:12,385 - WARNING - The .bam file refers to a chromosome 'KI270438.1-' not present in the annotation (.gtf) file
2020-08-27 17:07:12,386 - DEBUG - Marking up chromosome KI270737.1
2020-08-27 17:07:12,386 - WARNING - The .bam file refers to a chromosome 'KI270737.1+' not present in the annotation (.gtf) file
2020-08-27 17:07:12,386 - WARNING - The .bam file refers to a chromosome 'KI270737.1-' not present in the annotation (.gtf) file
2020-08-27 17:07:12,386 - DEBUG - Marking up chromosome KI270721.1
2020-08-27 17:07:12,386 - WARNING - The .bam file refers to a chromosome 'KI270721.1-' not present in the annotation (.gtf) file
2020-08-27 17:07:12,395 - DEBUG - Marking up chromosome KI270738.1
2020-08-27 17:07:12,395 - WARNING - The .bam file refers to a chromosome 'KI270738.1+' not present in the annotation (.gtf) file
2020-08-27 17:07:12,395 - WARNING - The .bam file refers to a chromosome 'KI270738.1-' not present in the annotation (.gtf) file
2020-08-27 17:07:12,397 - DEBUG - Marking up chromosome KI270748.1
2020-08-27 17:07:12,397 - WARNING - The .bam file refers to a chromosome 'KI270748.1+' not present in the annotation (.gtf) file
2020-08-27 17:07:12,397 - WARNING - The .bam file refers to a chromosome 'KI270748.1-' not present in the annotation (.gtf) file
2020-08-27 17:07:12,399 - DEBUG - Marking up chromosome KI270435.1
2020-08-27 17:07:12,399 - WARNING - The .bam file refers to a chromosome 'KI270435.1+' not present in the annotation (.gtf) file
2020-08-27 17:07:12,399 - WARNING - The .bam file refers to a chromosome 'KI270435.1-' not present in the annotation (.gtf) file
2020-08-27 17:07:12,400 - DEBUG - Marking up chromosome GL000208.1
2020-08-27 17:07:12,400 - WARNING - The .bam file refers to a chromosome 'GL000208.1+' not present in the annotation (.gtf) file
2020-08-27 17:07:12,400 - WARNING - The .bam file refers to a chromosome 'GL000208.1-' not present in the annotation (.gtf) file
2020-08-27 17:07:12,400 - DEBUG - Marking up chromosome KI270538.1
2020-08-27 17:07:12,400 - WARNING - The .bam file refers to a chromosome 'KI270538.1+' not present in the annotation (.gtf) file
2020-08-27 17:07:12,400 - WARNING - The .bam file refers to a chromosome 'KI270538.1-' not present in the annotation (.gtf) file
2020-08-27 17:07:12,400 - DEBUG - Marking up chromosome KI270709.1
2020-08-27 17:07:12,400 - WARNING - The .bam file refers to a chromosome 'KI270709.1+' not present in the annotation (.gtf) file
2020-08-27 17:07:12,400 - WARNING - The .bam file refers to a chromosome 'KI270709.1-' not present in the annotation (.gtf) file
2020-08-27 17:07:12,400 - DEBUG - Marking up chromosome KI270746.1
2020-08-27 17:07:12,400 - WARNING - The .bam file refers to a chromosome 'KI270746.1+' not present in the annotation (.gtf) file
2020-08-27 17:07:12,401 - WARNING - The .bam file refers to a chromosome 'KI270746.1-' not present in the annotation (.gtf) file
2020-08-27 17:07:12,403 - DEBUG - Marking up chromosome KI270753.1
2020-08-27 17:07:12,403 - WARNING - The .bam file refers to a chromosome 'KI270753.1+' not present in the annotation (.gtf) file
2020-08-27 17:07:12,403 - WARNING - The .bam file refers to a chromosome 'KI270753.1-' not present in the annotation (.gtf) file
2020-08-27 17:07:12,403 - DEBUG - Marking up chromosome KI270589.1
2020-08-27 17:07:12,403 - WARNING - The .bam file refers to a chromosome 'KI270589.1+' not present in the annotation (.gtf) file
2020-08-27 17:07:12,403 - WARNING - The .bam file refers to a chromosome 'KI270589.1-' not present in the annotation (.gtf) file
2020-08-27 17:07:12,403 - DEBUG - Marking up chromosome KI270726.1
2020-08-27 17:07:12,403 - WARNING - The .bam file refers to a chromosome 'KI270726.1-' not present in the annotation (.gtf) file
2020-08-27 17:07:12,403 - DEBUG - Marking up chromosome KI270711.1
2020-08-27 17:07:12,403 - WARNING - The .bam file refers to a chromosome 'KI270711.1+' not present in the annotation (.gtf) file
2020-08-27 17:07:12,437 - DEBUG - Marking up chromosome KI270745.1
2020-08-27 17:07:12,437 - WARNING - The .bam file refers to a chromosome 'KI270745.1+' not present in the annotation (.gtf) file
2020-08-27 17:07:12,437 - WARNING - The .bam file refers to a chromosome 'KI270745.1-' not present in the annotation (.gtf) file
2020-08-27 17:07:12,455 - DEBUG - Marking up chromosome KI270714.1
2020-08-27 17:07:12,455 - WARNING - The .bam file refers to a chromosome 'KI270714.1+' not present in the annotation (.gtf) file
2020-08-27 17:07:12,455 - WARNING - The .bam file refers to a chromosome 'KI270714.1-' not present in the annotation (.gtf) file
2020-08-27 17:07:12,457 - DEBUG - Marking up chromosome KI270732.1
2020-08-27 17:07:12,457 - WARNING - The .bam file refers to a chromosome 'KI270732.1+' not present in the annotation (.gtf) file
2020-08-27 17:07:12,457 - WARNING - The .bam file refers to a chromosome 'KI270732.1-' not present in the annotation (.gtf) file
2020-08-27 17:07:12,457 - DEBUG - Marking up chromosome KI270713.1
2020-08-27 17:07:12,463 - DEBUG - Marking up chromosome KI270754.1
2020-08-27 17:07:12,463 - WARNING - The .bam file refers to a chromosome 'KI270754.1+' not present in the annotation (.gtf) file
2020-08-27 17:07:12,463 - WARNING - The .bam file refers to a chromosome 'KI270754.1-' not present in the annotation (.gtf) file
2020-08-27 17:07:12,464 - DEBUG - Marking up chromosome KI270717.1
2020-08-27 17:07:12,464 - WARNING - The .bam file refers to a chromosome 'KI270717.1+' not present in the annotation (.gtf) file
2020-08-27 17:07:12,464 - WARNING - The .bam file refers to a chromosome 'KI270717.1-' not present in the annotation (.gtf) file
2020-08-27 17:07:12,473 - DEBUG - Marking up chromosome KI270720.1
2020-08-27 17:07:12,473 - WARNING - The .bam file refers to a chromosome 'KI270720.1+' not present in the annotation (.gtf) file
2020-08-27 17:07:12,473 - WARNING - The .bam file refers to a chromosome 'KI270720.1-' not present in the annotation (.gtf) file
2020-08-27 17:07:12,474 - DEBUG - Marking up chromosome KI270723.1
2020-08-27 17:07:12,474 - WARNING - The .bam file refers to a chromosome 'KI270723.1+' not present in the annotation (.gtf) file
2020-08-27 17:07:12,474 - WARNING - The .bam file refers to a chromosome 'KI270723.1-' not present in the annotation (.gtf) file
2020-08-27 17:07:12,483 - DEBUG - Marking up chromosome KI270718.1
2020-08-27 17:07:12,483 - WARNING - The .bam file refers to a chromosome 'KI270718.1+' not present in the annotation (.gtf) file
2020-08-27 17:07:12,483 - WARNING - The .bam file refers to a chromosome 'KI270718.1-' not present in the annotation (.gtf) file
2020-08-27 17:07:12,596 - DEBUG - Marking up chromosome KI270755.1
2020-08-27 17:07:12,596 - WARNING - The .bam file refers to a chromosome 'KI270755.1+' not present in the annotation (.gtf) file
2020-08-27 17:07:12,596 - WARNING - The .bam file refers to a chromosome 'KI270755.1-' not present in the annotation (.gtf) file
2020-08-27 17:07:12,597 - DEBUG - Marking up chromosome KI270707.1
2020-08-27 17:07:12,597 - WARNING - The .bam file refers to a chromosome 'KI270707.1+' not present in the annotation (.gtf) file
2020-08-27 17:07:12,597 - WARNING - The .bam file refers to a chromosome 'KI270707.1-' not present in the annotation (.gtf) file
2020-08-27 17:07:12,607 - DEBUG - Marking up chromosome KI270330.1
2020-08-27 17:07:12,607 - WARNING - The .bam file refers to a chromosome 'KI270330.1+' not present in the annotation (.gtf) file
2020-08-27 17:07:12,607 - WARNING - The .bam file refers to a chromosome 'KI270330.1-' not present in the annotation (.gtf) file
2020-08-27 17:07:16,425 - DEBUG - Read first 200 million reads
2020-08-27 17:07:31,944 - DEBUG - End of file. Reset index: start scanning from initial position.
2020-08-27 17:07:31,945 - DEBUG - 6751210 reads were skipped because no apropiate cell or umi barcode was found
2020-08-27 17:07:31,945 - DEBUG - Start molecule counting!
2020-08-27 17:07:35,893 - DEBUG - Features available for chromosomes : ['1-', '1+', '10-', '10+', '11-', '11+', '12-', '12+', '13-', '13+', '14-', '14+', '15-', '15+', '16-', '16+', '17-', '17+', '18-', '18+', '19-', '19+', '2-', '2+', '20-', '20+', '21-', '21+', '22-', '22+', '3-', '3+', '4-', '4+', '5-', '5+', '6-', '6+', '7-', '7+', '8-', '8+', '9-', '9+', 'GL000009.2-', 'GL000194.1-', 'GL000195.1-', 'GL000195.1+', 'GL000205.2-', 'GL000213.1-', 'GL000218.1-', 'GL000219.1-', 'KI270711.1-', 'KI270713.1-', 'KI270713.1+', 'KI270721.1+', 'KI270726.1+', 'KI270727.1-', 'KI270727.1+', 'KI270728.1-', 'KI270728.1+', 'KI270731.1-', 'KI270734.1-', 'KI270734.1+', 'MT-', 'MT+', 'X-', 'X+', 'Y-', 'Y+']
2020-08-27 17:07:35,894 - DEBUG - Mask available for chromosomes : []
2020-08-27 17:07:35,894 - DEBUG - Summarizing the results of intron validation.
2020-08-27 17:07:36,565 - DEBUG - Validated 455633 introns (of which unique intervals 144954) out of 996444 total possible introns (considering each possible transcript models).
2020-08-27 17:07:36,566 - DEBUG - Reading /net/isi-dcnl/ifs/user_data/abild/Megatron_data/COH044/FELINE/FEL012016.mRNA/FEL015_count03/FEL015_M/outs/cellsorted_possorted_genome_bam.bam
2020-08-27 17:07:36,602 - DEBUG - Read first 0 million reads
2020-08-27 17:08:07,543 - DEBUG - Read first 10 million reads
2020-08-27 17:08:52,659 - DEBUG - Read first 20 million reads
2020-08-27 17:10:10,267 - DEBUG - Read first 30 million reads
2020-08-27 17:11:08,975 - DEBUG - Counting for batch 1, containing 100 cells and 11251905 reads
2020-08-27 17:16:38,605 - DEBUG - 0 reads not considered because fully enclosed in repeat masked regions
2020-08-27 17:17:51,439 - DEBUG - Read first 40 million reads
2020-08-27 17:18:54,854 - DEBUG - Read first 50 million reads
2020-08-27 17:19:18,133 - DEBUG - Counting for batch 2, containing 100 cells and 7584048 reads
2020-08-27 17:22:59,844 - DEBUG - 0 reads not considered because fully enclosed in repeat masked regions
2020-08-27 17:24:22,507 - DEBUG - Read first 60 million reads
2020-08-27 17:25:48,397 - DEBUG - Read first 70 million reads
2020-08-27 17:26:08,683 - DEBUG - Counting for batch 3, containing 100 cells and 10899554 reads
2020-08-27 17:31:29,866 - DEBUG - 0 reads not considered because fully enclosed in repeat masked regions
2020-08-27 17:33:26,787 - DEBUG - Read first 80 million reads
2020-08-27 17:35:00,228 - DEBUG - Read first 90 million reads
2020-08-27 17:35:09,162 - DEBUG - Counting for batch 4, containing 100 cells and 10107204 reads
2020-08-27 17:40:32,032 - DEBUG - 0 reads not considered because fully enclosed in repeat masked regions
2020-08-27 17:42:40,995 - DEBUG - Read first 100 million reads
2020-08-27 17:44:18,125 - DEBUG - Read first 110 million reads
2020-08-27 17:44:25,699 - DEBUG - Counting for batch 5, containing 100 cells and 10435104 reads
2020-08-27 17:50:11,586 - DEBUG - 0 reads not considered because fully enclosed in repeat masked regions
2020-08-27 17:52:07,169 - DEBUG - Read first 120 million reads
2020-08-27 17:53:14,163 - DEBUG - Counting for batch 6, containing 100 cells and 8834200 reads
2020-08-27 17:58:04,478 - DEBUG - 0 reads not considered because fully enclosed in repeat masked regions
2020-08-27 17:59:00,643 - DEBUG - Read first 130 million reads
2020-08-27 18:00:20,071 - DEBUG - Read first 140 million reads
2020-08-27 18:01:22,560 - DEBUG - Counting for batch 7, containing 100 cells and 9882397 reads
2020-08-27 18:06:47,419 - DEBUG - 0 reads not considered because fully enclosed in repeat masked regions
2020-08-27 18:08:08,962 - DEBUG - Read first 150 million reads
2020-08-27 18:09:36,814 - DEBUG - Read first 160 million reads
2020-08-27 18:10:33,009 - DEBUG - Counting for batch 8, containing 100 cells and 10406775 reads
2020-08-27 18:16:12,091 - DEBUG - 0 reads not considered because fully enclosed in repeat masked regions
2020-08-27 18:17:42,914 - DEBUG - Read first 170 million reads
2020-08-27 18:19:08,562 - DEBUG - Read first 180 million reads
2020-08-27 18:19:38,012 - DEBUG - Counting for batch 9, containing 100 cells and 9447316 reads
2020-08-27 18:24:12,127 - DEBUG - 0 reads not considered because fully enclosed in repeat masked regions
2020-08-27 18:25:40,494 - DEBUG - Read first 190 million reads
2020-08-27 18:26:39,192 - DEBUG - Counting for batch 10, containing 100 cells and 6155252 reads
2020-08-27 18:29:42,986 - DEBUG - 0 reads not considered because fully enclosed in repeat masked regions
2020-08-27 18:30:31,039 - DEBUG - Read first 200 million reads
2020-08-27 18:31:37,728 - DEBUG - Counting for batch 11, containing 65 cells and 5801875 reads
2020-08-27 18:34:28,906 - DEBUG - 0 reads not considered because fully enclosed in repeat masked regions
2020-08-27 18:34:58,167 - DEBUG - 6751210 reads were skipped because no apropiate cell or umi barcode was found
2020-08-27 18:34:58,168 - DEBUG - Counting done!
2020-08-27 18:34:58,189 - DEBUG - Generating output file /net/isi-dcnl/ifs/user_data/abild/Megatron_data/COH044/FELINE/FEL012016.mRNA/FEL015_count03/FEL015_M/velocyto/FEL015_M.loom
2020-08-27 18:34:58,189 - DEBUG - Collecting row attributes
2020-08-27 18:34:58,278 - DEBUG - Generating data table
2020-08-27 18:34:58,560 - DEBUG - Writing loom file
2020-08-27 18:35:01,230 - DEBUG - Terminated Succesfully!
Start: 1598571054
End: 1598578503
Run time: 7449
Done
