CPU: 16
N: 27
Step1: Analyze spliced and unspliced reads and genrate a loom file for velocityR
Run velocyto to generate loom file
2020-08-27 17:30:28,909 - DEBUG - Using logic: Default
2020-08-27 17:30:28,935 - INFO - Read 4942 cell barcodes from /net/isi-dcnl/ifs/user_data/abild/Megatron_data/COH049/FEL017022.mRNA/feline_p1722.10x.counts/FEL020_S/outs/filtered_feature_bc_matrix/barcodes.tsv.gz
2020-08-27 17:30:28,935 - DEBUG - Example of barcode: AAACCCACACAAGTGG and cell_id: FEL020_S:AAACCCACACAAGTGG-1
2020-08-27 17:30:28,946 - DEBUG - Peeking into /net/isi-dcnl/ifs/user_data/abild/Megatron_data/COH049/FEL017022.mRNA/feline_p1722.10x.counts/FEL020_S/outs/possorted_genome_bam.bam
2020-08-27 17:30:29,220 - WARNING - Not found cell and umi barcode in entry 13 of the bam file
2020-08-27 17:30:29,220 - WARNING - Not found cell and umi barcode in entry 16 of the bam file
2020-08-27 17:30:29,220 - WARNING - Not found cell and umi barcode in entry 19 of the bam file
2020-08-27 17:30:29,221 - WARNING - Not found cell and umi barcode in entry 20 of the bam file
2020-08-27 17:30:29,221 - WARNING - Not found cell and umi barcode in entry 24 of the bam file
2020-08-27 17:30:29,221 - WARNING - Not found cell and umi barcode in entry 29 of the bam file
2020-08-27 17:30:29,221 - WARNING - Not found cell and umi barcode in entry 31 of the bam file
2020-08-27 17:30:29,221 - WARNING - Not found cell and umi barcode in entry 32 of the bam file
2020-08-27 17:30:29,221 - WARNING - Not found cell and umi barcode in entry 38 of the bam file
2020-08-27 17:30:29,221 - WARNING - Not found cell and umi barcode in entry 54 of the bam file
2020-08-27 17:30:29,221 - WARNING - Not found cell and umi barcode in entry 89 of the bam file
2020-08-27 17:30:29,222 - WARNING - Not found cell and umi barcode in entry 138 of the bam file
2020-08-27 17:30:29,223 - WARNING - Not found cell and umi barcode in entry 357 of the bam file
2020-08-27 17:30:29,224 - WARNING - Not found cell and umi barcode in entry 358 of the bam file
2020-08-27 17:30:29,225 - WARNING - Not found cell and umi barcode in entry 534 of the bam file
2020-08-27 17:30:29,225 - WARNING - Not found cell and umi barcode in entry 567 of the bam file
2020-08-27 17:30:29,225 - WARNING - Not found cell and umi barcode in entry 568 of the bam file
2020-08-27 17:30:29,225 - WARNING - Not found cell and umi barcode in entry 601 of the bam file
2020-08-27 17:30:29,226 - WARNING - Not found cell and umi barcode in entry 631 of the bam file
2020-08-27 17:30:29,227 - WARNING - Not found cell and umi barcode in entry 689 of the bam file
2020-08-27 17:30:29,227 - WARNING - Not found cell and umi barcode in entry 767 of the bam file
2020-08-27 17:30:29,228 - WARNING - Not found cell and umi barcode in entry 943 of the bam file
2020-08-27 17:30:29,228 - WARNING - Not found cell and umi barcode in entry 968 of the bam file
2020-08-27 17:30:29,229 - WARNING - Not found cell and umi barcode in entry 969 of the bam file
2020-08-27 17:30:29,229 - WARNING - Not found cell and umi barcode in entry 970 of the bam file
2020-08-27 17:30:29,229 - WARNING - Not found cell and umi barcode in entry 996 of the bam file
2020-08-27 17:30:29,236 - WARNING - The file /net/isi-dcnl/ifs/user_data/abild/Megatron_data/COH049/FEL017022.mRNA/feline_p1722.10x.counts/FEL020_S/outs/cellsorted_possorted_genome_bam.bam already exists. The sorting step will be skipped and the existing file will be used.
2020-08-27 17:30:29,237 - INFO - Load the annotation from /net/isi-dcnl/ifs/user_data/abild/Genomes/refdata-cellranger-GRCh38-3.0.0/genes/genes.gtf
2020-08-27 17:30:36,808 - DEBUG - Parsing Chromosome 1 strand - [line 0]
2020-08-27 17:30:37,394 - DEBUG - Done with 1- [line 108728]
2020-08-27 17:30:37,394 - DEBUG - Assigning indexes to genes
2020-08-27 17:30:37,403 - DEBUG - Seen 1561 genes until now
2020-08-27 17:30:37,403 - DEBUG - Parsing Chromosome 1 strand + [line 108729]
2020-08-27 17:30:38,052 - DEBUG - Done with 1+ [line 232515]
2020-08-27 17:30:38,052 - DEBUG - Assigning indexes to genes
2020-08-27 17:30:38,062 - DEBUG - Seen 3154 genes until now
2020-08-27 17:30:38,062 - DEBUG - Parsing Chromosome 10 strand - [line 232516]
2020-08-27 17:30:38,440 - DEBUG - Done with 10- [line 279343]
2020-08-27 17:30:38,440 - DEBUG - Assigning indexes to genes
2020-08-27 17:30:38,443 - DEBUG - Seen 3737 genes until now
2020-08-27 17:30:38,443 - DEBUG - Parsing Chromosome 10 strand + [line 279344]
2020-08-27 17:30:38,617 - DEBUG - Done with 10+ [line 323872]
2020-08-27 17:30:38,617 - DEBUG - Assigning indexes to genes
2020-08-27 17:30:38,620 - DEBUG - Seen 4384 genes until now
2020-08-27 17:30:38,620 - DEBUG - Parsing Chromosome 11 strand - [line 323873]
2020-08-27 17:30:39,143 - DEBUG - Done with 11- [line 402908]
2020-08-27 17:30:39,143 - DEBUG - Assigning indexes to genes
2020-08-27 17:30:39,150 - DEBUG - Seen 5320 genes until now
2020-08-27 17:30:39,150 - DEBUG - Parsing Chromosome 11 strand + [line 402909]
2020-08-27 17:30:39,454 - DEBUG - Done with 11+ [line 482591]
2020-08-27 17:30:39,454 - DEBUG - Assigning indexes to genes
2020-08-27 17:30:39,461 - DEBUG - Seen 6305 genes until now
2020-08-27 17:30:39,461 - DEBUG - Parsing Chromosome 12 strand - [line 482592]
2020-08-27 17:30:40,011 - DEBUG - Done with 12- [line 559278]
2020-08-27 17:30:40,011 - DEBUG - Assigning indexes to genes
2020-08-27 17:30:40,017 - DEBUG - Seen 7177 genes until now
2020-08-27 17:30:40,017 - DEBUG - Parsing Chromosome 12 strand + [line 559279]
2020-08-27 17:30:40,306 - DEBUG - Done with 12+ [line 635173]
2020-08-27 17:30:40,306 - DEBUG - Assigning indexes to genes
2020-08-27 17:30:40,311 - DEBUG - Seen 8070 genes until now
2020-08-27 17:30:40,312 - DEBUG - Parsing Chromosome 13 strand - [line 635174]
2020-08-27 17:30:40,385 - DEBUG - Done with 13- [line 653523]
2020-08-27 17:30:40,385 - DEBUG - Assigning indexes to genes
2020-08-27 17:30:40,386 - DEBUG - Seen 8400 genes until now
2020-08-27 17:30:40,386 - DEBUG - Parsing Chromosome 13 strand + [line 653524]
2020-08-27 17:30:40,752 - DEBUG - Done with 13+ [line 673091]
2020-08-27 17:30:40,752 - DEBUG - Assigning indexes to genes
2020-08-27 17:30:40,754 - DEBUG - Seen 8736 genes until now
2020-08-27 17:30:40,754 - DEBUG - Parsing Chromosome 14 strand - [line 673092]
2020-08-27 17:30:40,928 - DEBUG - Done with 14- [line 716831]
2020-08-27 17:30:40,928 - DEBUG - Assigning indexes to genes
2020-08-27 17:30:40,931 - DEBUG - Seen 9452 genes until now
2020-08-27 17:30:40,931 - DEBUG - Parsing Chromosome 14 strand + [line 716832]
2020-08-27 17:30:41,119 - DEBUG - Done with 14+ [line 764942]
2020-08-27 17:30:41,119 - DEBUG - Assigning indexes to genes
2020-08-27 17:30:41,123 - DEBUG - Seen 10121 genes until now
2020-08-27 17:30:41,123 - DEBUG - Parsing Chromosome 15 strand - [line 764943]
2020-08-27 17:30:41,321 - DEBUG - Done with 15- [line 813803]
2020-08-27 17:30:41,321 - DEBUG - Assigning indexes to genes
2020-08-27 17:30:41,324 - DEBUG - Seen 10698 genes until now
2020-08-27 17:30:41,324 - DEBUG - Parsing Chromosome 15 strand + [line 813804]
2020-08-27 17:30:41,497 - DEBUG - Done with 15+ [line 857859]
2020-08-27 17:30:41,497 - DEBUG - Assigning indexes to genes
2020-08-27 17:30:41,501 - DEBUG - Seen 11256 genes until now
2020-08-27 17:30:41,501 - DEBUG - Parsing Chromosome 16 strand - [line 857860]
2020-08-27 17:30:42,055 - DEBUG - Done with 16- [line 911118]
2020-08-27 17:30:42,055 - DEBUG - Assigning indexes to genes
2020-08-27 17:30:42,059 - DEBUG - Seen 11998 genes until now
2020-08-27 17:30:42,059 - DEBUG - Parsing Chromosome 16 strand + [line 911119]
2020-08-27 17:30:42,336 - DEBUG - Done with 16+ [line 981663]
2020-08-27 17:30:42,336 - DEBUG - Assigning indexes to genes
2020-08-27 17:30:42,341 - DEBUG - Seen 12787 genes until now
2020-08-27 17:30:42,342 - DEBUG - Parsing Chromosome 17 strand - [line 981664]
2020-08-27 17:30:42,701 - DEBUG - Done with 17- [line 1066635]
2020-08-27 17:30:42,701 - DEBUG - Assigning indexes to genes
2020-08-27 17:30:42,708 - DEBUG - Seen 13775 genes until now
2020-08-27 17:30:42,708 - DEBUG - Parsing Chromosome 17 strand + [line 1066636]
2020-08-27 17:30:43,439 - DEBUG - Done with 17+ [line 1143834]
2020-08-27 17:30:43,439 - DEBUG - Assigning indexes to genes
2020-08-27 17:30:43,447 - DEBUG - Seen 14681 genes until now
2020-08-27 17:30:43,447 - DEBUG - Parsing Chromosome 18 strand - [line 1143835]
2020-08-27 17:30:43,547 - DEBUG - Done with 18- [line 1168496]
2020-08-27 17:30:43,547 - DEBUG - Assigning indexes to genes
2020-08-27 17:30:43,548 - DEBUG - Seen 15006 genes until now
2020-08-27 17:30:43,548 - DEBUG - Parsing Chromosome 18 strand + [line 1168497]
2020-08-27 17:30:43,630 - DEBUG - Done with 18+ [line 1189691]
2020-08-27 17:30:43,631 - DEBUG - Assigning indexes to genes
2020-08-27 17:30:43,632 - DEBUG - Seen 15343 genes until now
2020-08-27 17:30:43,632 - DEBUG - Parsing Chromosome 19 strand - [line 1189692]
2020-08-27 17:30:43,939 - DEBUG - Done with 19- [line 1268854]
2020-08-27 17:30:43,939 - DEBUG - Assigning indexes to genes
2020-08-27 17:30:43,946 - DEBUG - Seen 16352 genes until now
2020-08-27 17:30:43,946 - DEBUG - Parsing Chromosome 19 strand + [line 1268855]
2020-08-27 17:30:44,261 - DEBUG - Done with 19+ [line 1351833]
2020-08-27 17:30:44,261 - DEBUG - Assigning indexes to genes
2020-08-27 17:30:44,268 - DEBUG - Seen 17347 genes until now
2020-08-27 17:30:44,268 - DEBUG - Parsing Chromosome 2 strand - [line 1351834]
2020-08-27 17:30:44,648 - DEBUG - Done with 2- [line 1448710]
2020-08-27 17:30:44,648 - DEBUG - Assigning indexes to genes
2020-08-27 17:30:44,656 - DEBUG - Seen 18472 genes until now
2020-08-27 17:30:44,656 - DEBUG - Parsing Chromosome 2 strand + [line 1448711]
2020-08-27 17:30:45,469 - DEBUG - Done with 2+ [line 1542602]
2020-08-27 17:30:45,469 - DEBUG - Assigning indexes to genes
2020-08-27 17:30:45,478 - DEBUG - Seen 19632 genes until now
2020-08-27 17:30:45,478 - DEBUG - Parsing Chromosome 20 strand - [line 1542603]
2020-08-27 17:30:45,583 - DEBUG - Done with 20- [line 1569195]
2020-08-27 17:30:45,583 - DEBUG - Assigning indexes to genes
2020-08-27 17:30:45,585 - DEBUG - Seen 20079 genes until now
2020-08-27 17:30:45,585 - DEBUG - Parsing Chromosome 20 strand + [line 1569196]
2020-08-27 17:30:45,707 - DEBUG - Done with 20+ [line 1600541]
2020-08-27 17:30:45,707 - DEBUG - Assigning indexes to genes
2020-08-27 17:30:45,710 - DEBUG - Seen 20527 genes until now
2020-08-27 17:30:45,710 - DEBUG - Parsing Chromosome 21 strand - [line 1600542]
2020-08-27 17:30:45,764 - DEBUG - Done with 21- [line 1614106]
2020-08-27 17:30:45,764 - DEBUG - Assigning indexes to genes
2020-08-27 17:30:45,765 - DEBUG - Seen 20795 genes until now
2020-08-27 17:30:45,765 - DEBUG - Parsing Chromosome 21 strand + [line 1614107]
2020-08-27 17:30:45,825 - DEBUG - Done with 21+ [line 1628392]
2020-08-27 17:30:45,825 - DEBUG - Assigning indexes to genes
2020-08-27 17:30:45,826 - DEBUG - Seen 21029 genes until now
2020-08-27 17:30:45,826 - DEBUG - Parsing Chromosome 22 strand - [line 1628393]
2020-08-27 17:30:45,928 - DEBUG - Done with 22- [line 1653805]
2020-08-27 17:30:45,928 - DEBUG - Assigning indexes to genes
2020-08-27 17:30:45,930 - DEBUG - Seen 21391 genes until now
2020-08-27 17:30:45,930 - DEBUG - Parsing Chromosome 22 strand + [line 1653806]
2020-08-27 17:30:46,050 - DEBUG - Done with 22+ [line 1684245]
2020-08-27 17:30:46,050 - DEBUG - Assigning indexes to genes
2020-08-27 17:30:46,054 - DEBUG - Seen 21866 genes until now
2020-08-27 17:30:46,054 - DEBUG - Parsing Chromosome 3 strand - [line 1684246]
2020-08-27 17:30:46,362 - DEBUG - Done with 3- [line 1763939]
2020-08-27 17:30:46,362 - DEBUG - Assigning indexes to genes
2020-08-27 17:30:46,368 - DEBUG - Seen 22713 genes until now
2020-08-27 17:30:46,368 - DEBUG - Parsing Chromosome 3 strand + [line 1763940]
2020-08-27 17:30:46,678 - DEBUG - Done with 3+ [line 1844840]
2020-08-27 17:30:46,678 - DEBUG - Assigning indexes to genes
2020-08-27 17:30:46,684 - DEBUG - Seen 23585 genes until now
2020-08-27 17:30:46,684 - DEBUG - Parsing Chromosome 4 strand - [line 1844841]
2020-08-27 17:30:47,470 - DEBUG - Done with 4- [line 1898665]
2020-08-27 17:30:47,471 - DEBUG - Assigning indexes to genes
2020-08-27 17:30:47,475 - DEBUG - Seen 24246 genes until now
2020-08-27 17:30:47,475 - DEBUG - Parsing Chromosome 4 strand + [line 1898666]
2020-08-27 17:30:47,662 - DEBUG - Done with 4+ [line 1947617]
2020-08-27 17:30:47,662 - DEBUG - Assigning indexes to genes
2020-08-27 17:30:47,665 - DEBUG - Seen 24938 genes until now
2020-08-27 17:30:47,666 - DEBUG - Parsing Chromosome 5 strand - [line 1947618]
2020-08-27 17:30:47,872 - DEBUG - Done with 5- [line 2001140]
2020-08-27 17:30:47,872 - DEBUG - Assigning indexes to genes
2020-08-27 17:30:47,876 - DEBUG - Seen 25741 genes until now
2020-08-27 17:30:47,877 - DEBUG - Parsing Chromosome 5 strand + [line 2001141]
2020-08-27 17:30:48,110 - DEBUG - Done with 5+ [line 2062165]
2020-08-27 17:30:48,110 - DEBUG - Assigning indexes to genes
2020-08-27 17:30:48,116 - DEBUG - Seen 26599 genes until now
2020-08-27 17:30:48,116 - DEBUG - Parsing Chromosome 6 strand - [line 2062166]
2020-08-27 17:30:48,342 - DEBUG - Done with 6- [line 2121425]
2020-08-27 17:30:48,342 - DEBUG - Assigning indexes to genes
2020-08-27 17:30:48,346 - DEBUG - Seen 27435 genes until now
2020-08-27 17:30:48,346 - DEBUG - Parsing Chromosome 6 strand + [line 2121426]
2020-08-27 17:30:48,550 - DEBUG - Done with 6+ [line 2176078]
2020-08-27 17:30:48,550 - DEBUG - Assigning indexes to genes
2020-08-27 17:30:48,554 - DEBUG - Seen 28231 genes until now
2020-08-27 17:30:48,554 - DEBUG - Parsing Chromosome 7 strand - [line 2176079]
2020-08-27 17:30:48,775 - DEBUG - Done with 7- [line 2233605]
2020-08-27 17:30:48,776 - DEBUG - Assigning indexes to genes
2020-08-27 17:30:48,780 - DEBUG - Seen 28953 genes until now
2020-08-27 17:30:48,780 - DEBUG - Parsing Chromosome 7 strand + [line 2233606]
2020-08-27 17:30:49,017 - DEBUG - Done with 7+ [line 2295513]
2020-08-27 17:30:49,017 - DEBUG - Assigning indexes to genes
2020-08-27 17:30:49,022 - DEBUG - Seen 29770 genes until now
2020-08-27 17:30:49,022 - DEBUG - Parsing Chromosome 8 strand - [line 2295514]
2020-08-27 17:30:49,203 - DEBUG - Done with 8- [line 2343289]
2020-08-27 17:30:49,203 - DEBUG - Assigning indexes to genes
2020-08-27 17:30:49,207 - DEBUG - Seen 30442 genes until now
2020-08-27 17:30:49,207 - DEBUG - Parsing Chromosome 8 strand + [line 2343290]
2020-08-27 17:30:49,372 - DEBUG - Done with 8+ [line 2386793]
2020-08-27 17:30:49,372 - DEBUG - Assigning indexes to genes
2020-08-27 17:30:49,376 - DEBUG - Seen 31090 genes until now
2020-08-27 17:30:49,376 - DEBUG - Parsing Chromosome 9 strand - [line 2386794]
2020-08-27 17:30:50,173 - DEBUG - Done with 9- [line 2430389]
2020-08-27 17:30:50,173 - DEBUG - Assigning indexes to genes
2020-08-27 17:30:50,177 - DEBUG - Seen 31710 genes until now
2020-08-27 17:30:50,177 - DEBUG - Parsing Chromosome 9 strand + [line 2430390]
2020-08-27 17:30:50,357 - DEBUG - Done with 9+ [line 2477312]
2020-08-27 17:30:50,357 - DEBUG - Assigning indexes to genes
2020-08-27 17:30:50,360 - DEBUG - Seen 32318 genes until now
2020-08-27 17:30:50,360 - DEBUG - Parsing Chromosome GL000009.2 strand - [line 2477313]
2020-08-27 17:30:50,360 - DEBUG - Done with GL000009.2- [line 2477320]
2020-08-27 17:30:50,360 - DEBUG - Assigning indexes to genes
2020-08-27 17:30:50,360 - DEBUG - Seen 32319 genes until now
2020-08-27 17:30:50,360 - DEBUG - Parsing Chromosome GL000194.1 strand - [line 2477321]
2020-08-27 17:30:50,360 - DEBUG - Done with GL000194.1- [line 2477346]
2020-08-27 17:30:50,361 - DEBUG - Assigning indexes to genes
2020-08-27 17:30:50,361 - DEBUG - Seen 32321 genes until now
2020-08-27 17:30:50,361 - DEBUG - Parsing Chromosome GL000195.1 strand - [line 2477347]
2020-08-27 17:30:50,361 - DEBUG - Done with GL000195.1- [line 2477356]
2020-08-27 17:30:50,361 - DEBUG - Assigning indexes to genes
2020-08-27 17:30:50,361 - DEBUG - Seen 32322 genes until now
2020-08-27 17:30:50,361 - DEBUG - Parsing Chromosome GL000195.1 strand + [line 2477357]
2020-08-27 17:30:50,361 - DEBUG - Done with GL000195.1+ [line 2477370]
2020-08-27 17:30:50,361 - DEBUG - Assigning indexes to genes
2020-08-27 17:30:50,361 - DEBUG - Seen 32323 genes until now
2020-08-27 17:30:50,361 - DEBUG - Parsing Chromosome GL000205.2 strand - [line 2477371]
2020-08-27 17:30:50,361 - DEBUG - Done with GL000205.2- [line 2477384]
2020-08-27 17:30:50,361 - DEBUG - Assigning indexes to genes
2020-08-27 17:30:50,361 - DEBUG - Seen 32324 genes until now
2020-08-27 17:30:50,361 - DEBUG - Parsing Chromosome GL000213.1 strand - [line 2477385]
2020-08-27 17:30:50,361 - DEBUG - Done with GL000213.1- [line 2477433]
2020-08-27 17:30:50,361 - DEBUG - Assigning indexes to genes
2020-08-27 17:30:50,361 - DEBUG - Seen 32325 genes until now
2020-08-27 17:30:50,361 - DEBUG - Parsing Chromosome GL000218.1 strand - [line 2477434]
2020-08-27 17:30:50,361 - DEBUG - Done with GL000218.1- [line 2477441]
2020-08-27 17:30:50,362 - DEBUG - Assigning indexes to genes
2020-08-27 17:30:50,362 - DEBUG - Seen 32326 genes until now
2020-08-27 17:30:50,362 - DEBUG - Parsing Chromosome GL000219.1 strand - [line 2477442]
2020-08-27 17:30:50,362 - DEBUG - Done with GL000219.1- [line 2477453]
2020-08-27 17:30:50,362 - DEBUG - Assigning indexes to genes
2020-08-27 17:30:50,362 - DEBUG - Seen 32327 genes until now
2020-08-27 17:30:50,362 - DEBUG - Parsing Chromosome KI270711.1 strand - [line 2477454]
2020-08-27 17:30:50,362 - DEBUG - Done with KI270711.1- [line 2477604]
2020-08-27 17:30:50,363 - DEBUG - Assigning indexes to genes
2020-08-27 17:30:50,363 - DEBUG - Seen 32328 genes until now
2020-08-27 17:30:50,363 - DEBUG - Parsing Chromosome KI270713.1 strand - [line 2477605]
2020-08-27 17:30:50,363 - DEBUG - Done with KI270713.1- [line 2477612]
2020-08-27 17:30:50,363 - DEBUG - Assigning indexes to genes
2020-08-27 17:30:50,363 - DEBUG - Seen 32329 genes until now
2020-08-27 17:30:50,363 - DEBUG - Parsing Chromosome KI270713.1 strand + [line 2477613]
2020-08-27 17:30:50,363 - DEBUG - Done with KI270713.1+ [line 2477618]
2020-08-27 17:30:50,363 - DEBUG - Assigning indexes to genes
2020-08-27 17:30:50,363 - DEBUG - Seen 32330 genes until now
2020-08-27 17:30:50,363 - DEBUG - Parsing Chromosome KI270721.1 strand + [line 2477619]
2020-08-27 17:30:50,363 - DEBUG - Done with KI270721.1+ [line 2477634]
2020-08-27 17:30:50,363 - DEBUG - Assigning indexes to genes
2020-08-27 17:30:50,363 - DEBUG - Seen 32331 genes until now
2020-08-27 17:30:50,363 - DEBUG - Parsing Chromosome KI270726.1 strand + [line 2477635]
2020-08-27 17:30:50,364 - DEBUG - Done with KI270726.1+ [line 2477645]
2020-08-27 17:30:50,364 - DEBUG - Assigning indexes to genes
2020-08-27 17:30:50,364 - DEBUG - Seen 32333 genes until now
2020-08-27 17:30:50,364 - DEBUG - Parsing Chromosome KI270727.1 strand - [line 2477646]
2020-08-27 17:30:50,364 - DEBUG - Done with KI270727.1- [line 2477704]
2020-08-27 17:30:50,364 - DEBUG - Assigning indexes to genes
2020-08-27 17:30:50,364 - DEBUG - Seen 32335 genes until now
2020-08-27 17:30:50,364 - DEBUG - Parsing Chromosome KI270727.1 strand + [line 2477705]
2020-08-27 17:30:50,364 - DEBUG - Done with KI270727.1+ [line 2477719]
2020-08-27 17:30:50,364 - DEBUG - Assigning indexes to genes
2020-08-27 17:30:50,364 - DEBUG - Seen 32337 genes until now
2020-08-27 17:30:50,364 - DEBUG - Parsing Chromosome KI270728.1 strand - [line 2477720]
2020-08-27 17:30:50,365 - DEBUG - Done with KI270728.1- [line 2477796]
2020-08-27 17:30:50,365 - DEBUG - Assigning indexes to genes
2020-08-27 17:30:50,365 - DEBUG - Seen 32339 genes until now
2020-08-27 17:30:50,365 - DEBUG - Parsing Chromosome KI270728.1 strand + [line 2477797]
2020-08-27 17:30:50,365 - DEBUG - Done with KI270728.1+ [line 2477833]
2020-08-27 17:30:50,365 - DEBUG - Assigning indexes to genes
2020-08-27 17:30:50,365 - DEBUG - Seen 32343 genes until now
2020-08-27 17:30:50,365 - DEBUG - Parsing Chromosome KI270731.1 strand - [line 2477834]
2020-08-27 17:30:50,365 - DEBUG - Done with KI270731.1- [line 2477840]
2020-08-27 17:30:50,365 - DEBUG - Assigning indexes to genes
2020-08-27 17:30:50,365 - DEBUG - Seen 32344 genes until now
2020-08-27 17:30:50,365 - DEBUG - Parsing Chromosome KI270734.1 strand - [line 2477841]
2020-08-27 17:30:50,365 - DEBUG - Done with KI270734.1- [line 2477909]
2020-08-27 17:30:50,365 - DEBUG - Assigning indexes to genes
2020-08-27 17:30:50,365 - DEBUG - Seen 32345 genes until now
2020-08-27 17:30:50,365 - DEBUG - Parsing Chromosome KI270734.1 strand + [line 2477910]
2020-08-27 17:30:50,366 - DEBUG - Done with KI270734.1+ [line 2477932]
2020-08-27 17:30:50,366 - DEBUG - Assigning indexes to genes
2020-08-27 17:30:50,366 - DEBUG - Seen 32347 genes until now
2020-08-27 17:30:50,366 - DEBUG - Parsing Chromosome MT strand - [line 2477933]
2020-08-27 17:30:50,366 - DEBUG - Done with MT- [line 2477938]
2020-08-27 17:30:50,366 - DEBUG - Assigning indexes to genes
2020-08-27 17:30:50,366 - DEBUG - Seen 32348 genes until now
2020-08-27 17:30:50,366 - DEBUG - Parsing Chromosome MT strand + [line 2477939]
2020-08-27 17:30:50,366 - DEBUG - Done with MT+ [line 2478004]
2020-08-27 17:30:50,366 - DEBUG - Assigning indexes to genes
2020-08-27 17:30:50,366 - DEBUG - Seen 32360 genes until now
2020-08-27 17:30:50,366 - DEBUG - Parsing Chromosome X strand - [line 2478005]
2020-08-27 17:30:50,535 - DEBUG - Done with X- [line 2518937]
2020-08-27 17:30:50,535 - DEBUG - Assigning indexes to genes
2020-08-27 17:30:50,539 - DEBUG - Seen 32876 genes until now
2020-08-27 17:30:50,539 - DEBUG - Parsing Chromosome X strand + [line 2518938]
2020-08-27 17:30:50,694 - DEBUG - Done with X+ [line 2560301]
2020-08-27 17:30:50,695 - DEBUG - Assigning indexes to genes
2020-08-27 17:30:50,697 - DEBUG - Seen 33438 genes until now
2020-08-27 17:30:50,697 - DEBUG - Parsing Chromosome Y strand - [line 2560302]
2020-08-27 17:30:50,706 - DEBUG - Done with Y- [line 2562446]
2020-08-27 17:30:50,706 - DEBUG - Assigning indexes to genes
2020-08-27 17:30:50,706 - DEBUG - Seen 33485 genes until now
2020-08-27 17:30:50,706 - DEBUG - Parsing Chromosome Y strand + [line 2562447]
2020-08-27 17:30:50,716 - DEBUG - Assigning indexes to genes
2020-08-27 17:30:50,717 - DEBUG - Done with Y+ [line 2565059]
2020-08-27 17:30:50,717 - DEBUG - Fixing corner cases of transcript models containg intron longer than 1000Kbp
2020-08-27 17:30:52,408 - DEBUG - Generated 2165800 features corresponding to 172912 transcript models from /net/isi-dcnl/ifs/user_data/abild/Genomes/refdata-cellranger-GRCh38-3.0.0/genes/genes.gtf
2020-08-27 17:30:52,443 - INFO - Scan /net/isi-dcnl/ifs/user_data/abild/Megatron_data/COH049/FEL017022.mRNA/feline_p1722.10x.counts/FEL020_S/outs/possorted_genome_bam.bam to validate intron intervals
2020-08-27 17:30:56,057 - DEBUG - Reading /net/isi-dcnl/ifs/user_data/abild/Megatron_data/COH049/FEL017022.mRNA/feline_p1722.10x.counts/FEL020_S/outs/possorted_genome_bam.bam
2020-08-27 17:30:56,072 - DEBUG - Read first 0 million reads
2020-08-27 17:30:56,072 - DEBUG - Marking up chromosome 1
2020-08-27 17:32:06,824 - DEBUG - Read first 10 million reads
2020-08-27 17:32:19,096 - DEBUG - Marking up chromosome 10
2020-08-27 17:33:01,157 - DEBUG - Marking up chromosome 11
2020-08-27 17:33:21,104 - DEBUG - Read first 20 million reads
2020-08-27 17:34:53,781 - DEBUG - Read first 30 million reads
2020-08-27 17:35:44,941 - DEBUG - Marking up chromosome 12
2020-08-27 17:36:17,390 - DEBUG - Read first 40 million reads
2020-08-27 17:36:41,908 - DEBUG - Marking up chromosome 13
2020-08-27 17:36:54,526 - DEBUG - Marking up chromosome 14
2020-08-27 17:37:32,201 - DEBUG - Read first 50 million reads
2020-08-27 17:37:33,333 - DEBUG - Marking up chromosome 15
2020-08-27 17:38:07,047 - DEBUG - Marking up chromosome 16
2020-08-27 17:38:38,885 - DEBUG - Read first 60 million reads
2020-08-27 17:38:47,204 - DEBUG - Marking up chromosome 17
2020-08-27 17:39:43,276 - DEBUG - Marking up chromosome 18
2020-08-27 17:39:54,613 - DEBUG - Read first 70 million reads
2020-08-27 17:40:01,850 - DEBUG - Marking up chromosome 19
2020-08-27 17:40:59,657 - DEBUG - Marking up chromosome 2
2020-08-27 17:41:06,740 - DEBUG - Read first 80 million reads
2020-08-27 17:41:55,246 - DEBUG - Marking up chromosome 20
2020-08-27 17:42:19,006 - DEBUG - Read first 90 million reads
2020-08-27 17:42:25,037 - DEBUG - Marking up chromosome 21
2020-08-27 17:42:41,281 - DEBUG - Marking up chromosome 22
2020-08-27 17:43:05,785 - DEBUG - Marking up chromosome 3
2020-08-27 17:43:07,804 - DEBUG - Read first 100 million reads
2020-08-27 17:44:04,967 - DEBUG - Marking up chromosome 4
2020-08-27 17:44:26,228 - DEBUG - Read first 110 million reads
2020-08-27 17:44:51,414 - DEBUG - Marking up chromosome 5
2020-08-27 17:45:39,022 - DEBUG - Read first 120 million reads
2020-08-27 17:45:52,461 - DEBUG - Marking up chromosome 6
2020-08-27 17:46:37,089 - DEBUG - Marking up chromosome 7
2020-08-27 17:46:47,560 - DEBUG - Read first 130 million reads
2020-08-27 17:47:15,555 - DEBUG - Marking up chromosome 8
2020-08-27 17:47:59,632 - DEBUG - Read first 140 million reads
2020-08-27 17:48:28,758 - DEBUG - Marking up chromosome 9
2020-08-27 17:48:54,913 - DEBUG - Marking up chromosome MT
2020-08-27 17:49:02,827 - DEBUG - Marking up chromosome X
2020-08-27 17:49:07,044 - DEBUG - Read first 150 million reads
2020-08-27 17:49:31,257 - DEBUG - Marking up chromosome Y
2020-08-27 17:49:31,339 - DEBUG - Marking up chromosome KI270728.1
2020-08-27 17:49:31,343 - DEBUG - Marking up chromosome KI270727.1
2020-08-27 17:49:31,363 - DEBUG - Marking up chromosome KI270442.1
2020-08-27 17:49:31,363 - WARNING - The .bam file refers to a chromosome 'KI270442.1+' not present in the annotation (.gtf) file
2020-08-27 17:49:31,364 - WARNING - The .bam file refers to a chromosome 'KI270442.1-' not present in the annotation (.gtf) file
2020-08-27 17:49:31,366 - DEBUG - Marking up chromosome KI270729.1
2020-08-27 17:49:31,366 - WARNING - The .bam file refers to a chromosome 'KI270729.1+' not present in the annotation (.gtf) file
2020-08-27 17:49:31,366 - WARNING - The .bam file refers to a chromosome 'KI270729.1-' not present in the annotation (.gtf) file
2020-08-27 17:49:31,367 - DEBUG - Marking up chromosome GL000225.1
2020-08-27 17:49:31,367 - WARNING - The .bam file refers to a chromosome 'GL000225.1+' not present in the annotation (.gtf) file
2020-08-27 17:49:31,367 - WARNING - The .bam file refers to a chromosome 'GL000225.1-' not present in the annotation (.gtf) file
2020-08-27 17:49:31,367 - DEBUG - Marking up chromosome KI270743.1
2020-08-27 17:49:31,367 - WARNING - The .bam file refers to a chromosome 'KI270743.1+' not present in the annotation (.gtf) file
2020-08-27 17:49:31,367 - WARNING - The .bam file refers to a chromosome 'KI270743.1-' not present in the annotation (.gtf) file
2020-08-27 17:49:31,372 - DEBUG - Marking up chromosome GL000008.2
2020-08-27 17:49:31,372 - WARNING - The .bam file refers to a chromosome 'GL000008.2+' not present in the annotation (.gtf) file
2020-08-27 17:49:31,372 - WARNING - The .bam file refers to a chromosome 'GL000008.2-' not present in the annotation (.gtf) file
2020-08-27 17:49:31,375 - DEBUG - Marking up chromosome GL000009.2
2020-08-27 17:49:31,375 - WARNING - The .bam file refers to a chromosome 'GL000009.2+' not present in the annotation (.gtf) file
2020-08-27 17:49:31,386 - DEBUG - Marking up chromosome KI270722.1
2020-08-27 17:49:31,386 - WARNING - The .bam file refers to a chromosome 'KI270722.1+' not present in the annotation (.gtf) file
2020-08-27 17:49:31,386 - WARNING - The .bam file refers to a chromosome 'KI270722.1-' not present in the annotation (.gtf) file
2020-08-27 17:49:31,386 - DEBUG - Marking up chromosome GL000194.1
2020-08-27 17:49:31,386 - WARNING - The .bam file refers to a chromosome 'GL000194.1+' not present in the annotation (.gtf) file
2020-08-27 17:49:31,440 - DEBUG - Marking up chromosome KI270742.1
2020-08-27 17:49:31,440 - WARNING - The .bam file refers to a chromosome 'KI270742.1+' not present in the annotation (.gtf) file
2020-08-27 17:49:31,441 - WARNING - The .bam file refers to a chromosome 'KI270742.1-' not present in the annotation (.gtf) file
2020-08-27 17:49:31,454 - DEBUG - Marking up chromosome GL000205.2
2020-08-27 17:49:31,454 - WARNING - The .bam file refers to a chromosome 'GL000205.2+' not present in the annotation (.gtf) file
2020-08-27 17:49:31,470 - DEBUG - Marking up chromosome GL000195.1
2020-08-27 17:49:31,515 - DEBUG - Marking up chromosome KI270736.1
2020-08-27 17:49:31,515 - WARNING - The .bam file refers to a chromosome 'KI270736.1+' not present in the annotation (.gtf) file
2020-08-27 17:49:31,516 - WARNING - The .bam file refers to a chromosome 'KI270736.1-' not present in the annotation (.gtf) file
2020-08-27 17:49:31,516 - DEBUG - Marking up chromosome KI270733.1
2020-08-27 17:49:31,516 - WARNING - The .bam file refers to a chromosome 'KI270733.1+' not present in the annotation (.gtf) file
2020-08-27 17:49:31,516 - WARNING - The .bam file refers to a chromosome 'KI270733.1-' not present in the annotation (.gtf) file
2020-08-27 17:49:36,010 - DEBUG - Marking up chromosome GL000224.1
2020-08-27 17:49:36,011 - WARNING - The .bam file refers to a chromosome 'GL000224.1+' not present in the annotation (.gtf) file
2020-08-27 17:49:36,011 - WARNING - The .bam file refers to a chromosome 'GL000224.1-' not present in the annotation (.gtf) file
2020-08-27 17:49:36,017 - DEBUG - Marking up chromosome GL000219.1
2020-08-27 17:49:36,017 - WARNING - The .bam file refers to a chromosome 'GL000219.1+' not present in the annotation (.gtf) file
2020-08-27 17:49:36,053 - DEBUG - Marking up chromosome KI270719.1
2020-08-27 17:49:36,053 - WARNING - The .bam file refers to a chromosome 'KI270719.1+' not present in the annotation (.gtf) file
2020-08-27 17:49:36,053 - WARNING - The .bam file refers to a chromosome 'KI270719.1-' not present in the annotation (.gtf) file
2020-08-27 17:49:36,059 - DEBUG - Marking up chromosome GL000216.2
2020-08-27 17:49:36,060 - WARNING - The .bam file refers to a chromosome 'GL000216.2+' not present in the annotation (.gtf) file
2020-08-27 17:49:36,060 - WARNING - The .bam file refers to a chromosome 'GL000216.2-' not present in the annotation (.gtf) file
2020-08-27 17:49:36,060 - DEBUG - Marking up chromosome KI270712.1
2020-08-27 17:49:36,060 - WARNING - The .bam file refers to a chromosome 'KI270712.1+' not present in the annotation (.gtf) file
2020-08-27 17:49:36,060 - WARNING - The .bam file refers to a chromosome 'KI270712.1-' not present in the annotation (.gtf) file
2020-08-27 17:49:36,063 - DEBUG - Marking up chromosome KI270706.1
2020-08-27 17:49:36,063 - WARNING - The .bam file refers to a chromosome 'KI270706.1+' not present in the annotation (.gtf) file
2020-08-27 17:49:36,063 - WARNING - The .bam file refers to a chromosome 'KI270706.1-' not present in the annotation (.gtf) file
2020-08-27 17:49:36,148 - DEBUG - Marking up chromosome KI270725.1
2020-08-27 17:49:36,149 - WARNING - The .bam file refers to a chromosome 'KI270725.1+' not present in the annotation (.gtf) file
2020-08-27 17:49:36,149 - WARNING - The .bam file refers to a chromosome 'KI270725.1-' not present in the annotation (.gtf) file
2020-08-27 17:49:36,149 - DEBUG - Marking up chromosome KI270744.1
2020-08-27 17:49:36,149 - WARNING - The .bam file refers to a chromosome 'KI270744.1+' not present in the annotation (.gtf) file
2020-08-27 17:49:36,149 - WARNING - The .bam file refers to a chromosome 'KI270744.1-' not present in the annotation (.gtf) file
2020-08-27 17:49:36,155 - DEBUG - Marking up chromosome KI270734.1
2020-08-27 17:49:36,165 - DEBUG - Marking up chromosome GL000213.1
2020-08-27 17:49:36,165 - WARNING - The .bam file refers to a chromosome 'GL000213.1+' not present in the annotation (.gtf) file
2020-08-27 17:49:36,184 - DEBUG - Marking up chromosome GL000220.1
2020-08-27 17:49:36,184 - WARNING - The .bam file refers to a chromosome 'GL000220.1+' not present in the annotation (.gtf) file
2020-08-27 17:49:36,184 - WARNING - The .bam file refers to a chromosome 'GL000220.1-' not present in the annotation (.gtf) file
2020-08-27 17:49:40,678 - DEBUG - Marking up chromosome GL000218.1
2020-08-27 17:49:40,678 - WARNING - The .bam file refers to a chromosome 'GL000218.1+' not present in the annotation (.gtf) file
2020-08-27 17:49:40,734 - DEBUG - Marking up chromosome KI270749.1
2020-08-27 17:49:40,734 - WARNING - The .bam file refers to a chromosome 'KI270749.1+' not present in the annotation (.gtf) file
2020-08-27 17:49:40,734 - WARNING - The .bam file refers to a chromosome 'KI270749.1-' not present in the annotation (.gtf) file
2020-08-27 17:49:40,735 - DEBUG - Marking up chromosome GL000221.1
2020-08-27 17:49:40,736 - WARNING - The .bam file refers to a chromosome 'GL000221.1+' not present in the annotation (.gtf) file
2020-08-27 17:49:40,736 - WARNING - The .bam file refers to a chromosome 'GL000221.1-' not present in the annotation (.gtf) file
2020-08-27 17:49:40,749 - DEBUG - Marking up chromosome KI270716.1
2020-08-27 17:49:40,749 - WARNING - The .bam file refers to a chromosome 'KI270716.1+' not present in the annotation (.gtf) file
2020-08-27 17:49:40,749 - WARNING - The .bam file refers to a chromosome 'KI270716.1-' not present in the annotation (.gtf) file
2020-08-27 17:49:40,750 - DEBUG - Marking up chromosome KI270731.1
2020-08-27 17:49:40,750 - WARNING - The .bam file refers to a chromosome 'KI270731.1+' not present in the annotation (.gtf) file
2020-08-27 17:49:40,753 - DEBUG - Marking up chromosome KI270751.1
2020-08-27 17:49:40,753 - WARNING - The .bam file refers to a chromosome 'KI270751.1+' not present in the annotation (.gtf) file
2020-08-27 17:49:40,753 - WARNING - The .bam file refers to a chromosome 'KI270751.1-' not present in the annotation (.gtf) file
2020-08-27 17:49:40,754 - DEBUG - Marking up chromosome KI270750.1
2020-08-27 17:49:40,754 - WARNING - The .bam file refers to a chromosome 'KI270750.1+' not present in the annotation (.gtf) file
2020-08-27 17:49:40,754 - WARNING - The .bam file refers to a chromosome 'KI270750.1-' not present in the annotation (.gtf) file
2020-08-27 17:49:40,754 - DEBUG - Marking up chromosome KI270519.1
2020-08-27 17:49:40,754 - WARNING - The .bam file refers to a chromosome 'KI270519.1+' not present in the annotation (.gtf) file
2020-08-27 17:49:40,754 - WARNING - The .bam file refers to a chromosome 'KI270519.1-' not present in the annotation (.gtf) file
2020-08-27 17:49:40,755 - DEBUG - Marking up chromosome GL000214.1
2020-08-27 17:49:40,755 - WARNING - The .bam file refers to a chromosome 'GL000214.1+' not present in the annotation (.gtf) file
2020-08-27 17:49:40,755 - WARNING - The .bam file refers to a chromosome 'GL000214.1-' not present in the annotation (.gtf) file
2020-08-27 17:49:40,756 - DEBUG - Marking up chromosome KI270708.1
2020-08-27 17:49:40,756 - WARNING - The .bam file refers to a chromosome 'KI270708.1+' not present in the annotation (.gtf) file
2020-08-27 17:49:40,756 - WARNING - The .bam file refers to a chromosome 'KI270708.1-' not present in the annotation (.gtf) file
2020-08-27 17:49:40,756 - DEBUG - Marking up chromosome KI270438.1
2020-08-27 17:49:40,756 - WARNING - The .bam file refers to a chromosome 'KI270438.1+' not present in the annotation (.gtf) file
2020-08-27 17:49:40,756 - WARNING - The .bam file refers to a chromosome 'KI270438.1-' not present in the annotation (.gtf) file
2020-08-27 17:49:40,757 - DEBUG - Marking up chromosome KI270737.1
2020-08-27 17:49:40,757 - WARNING - The .bam file refers to a chromosome 'KI270737.1+' not present in the annotation (.gtf) file
2020-08-27 17:49:40,757 - WARNING - The .bam file refers to a chromosome 'KI270737.1-' not present in the annotation (.gtf) file
2020-08-27 17:49:40,757 - DEBUG - Marking up chromosome KI270721.1
2020-08-27 17:49:40,757 - WARNING - The .bam file refers to a chromosome 'KI270721.1-' not present in the annotation (.gtf) file
2020-08-27 17:49:40,779 - DEBUG - Marking up chromosome KI270738.1
2020-08-27 17:49:40,779 - WARNING - The .bam file refers to a chromosome 'KI270738.1+' not present in the annotation (.gtf) file
2020-08-27 17:49:40,779 - WARNING - The .bam file refers to a chromosome 'KI270738.1-' not present in the annotation (.gtf) file
2020-08-27 17:49:40,781 - DEBUG - Marking up chromosome GL000208.1
2020-08-27 17:49:40,781 - WARNING - The .bam file refers to a chromosome 'GL000208.1+' not present in the annotation (.gtf) file
2020-08-27 17:49:40,781 - WARNING - The .bam file refers to a chromosome 'GL000208.1-' not present in the annotation (.gtf) file
2020-08-27 17:49:40,781 - DEBUG - Marking up chromosome KI270709.1
2020-08-27 17:49:40,781 - WARNING - The .bam file refers to a chromosome 'KI270709.1+' not present in the annotation (.gtf) file
2020-08-27 17:49:40,781 - WARNING - The .bam file refers to a chromosome 'KI270709.1-' not present in the annotation (.gtf) file
2020-08-27 17:49:40,781 - DEBUG - Marking up chromosome KI270746.1
2020-08-27 17:49:40,781 - WARNING - The .bam file refers to a chromosome 'KI270746.1+' not present in the annotation (.gtf) file
2020-08-27 17:49:40,782 - WARNING - The .bam file refers to a chromosome 'KI270746.1-' not present in the annotation (.gtf) file
2020-08-27 17:49:40,782 - DEBUG - Marking up chromosome KI270589.1
2020-08-27 17:49:40,782 - WARNING - The .bam file refers to a chromosome 'KI270589.1+' not present in the annotation (.gtf) file
2020-08-27 17:49:40,782 - WARNING - The .bam file refers to a chromosome 'KI270589.1-' not present in the annotation (.gtf) file
2020-08-27 17:49:40,782 - DEBUG - Marking up chromosome KI270735.1
2020-08-27 17:49:40,782 - WARNING - The .bam file refers to a chromosome 'KI270735.1+' not present in the annotation (.gtf) file
2020-08-27 17:49:40,782 - WARNING - The .bam file refers to a chromosome 'KI270735.1-' not present in the annotation (.gtf) file
2020-08-27 17:49:40,782 - DEBUG - Marking up chromosome KI270711.1
2020-08-27 17:49:40,782 - WARNING - The .bam file refers to a chromosome 'KI270711.1+' not present in the annotation (.gtf) file
2020-08-27 17:49:40,800 - DEBUG - Marking up chromosome KI270745.1
2020-08-27 17:49:40,800 - WARNING - The .bam file refers to a chromosome 'KI270745.1+' not present in the annotation (.gtf) file
2020-08-27 17:49:40,800 - WARNING - The .bam file refers to a chromosome 'KI270745.1-' not present in the annotation (.gtf) file
2020-08-27 17:49:40,803 - DEBUG - Marking up chromosome KI270714.1
2020-08-27 17:49:40,803 - WARNING - The .bam file refers to a chromosome 'KI270714.1+' not present in the annotation (.gtf) file
2020-08-27 17:49:40,803 - WARNING - The .bam file refers to a chromosome 'KI270714.1-' not present in the annotation (.gtf) file
2020-08-27 17:49:40,804 - DEBUG - Marking up chromosome KI270713.1
2020-08-27 17:49:40,805 - DEBUG - Marking up chromosome KI270710.1
2020-08-27 17:49:40,805 - WARNING - The .bam file refers to a chromosome 'KI270710.1+' not present in the annotation (.gtf) file
2020-08-27 17:49:40,805 - WARNING - The .bam file refers to a chromosome 'KI270710.1-' not present in the annotation (.gtf) file
2020-08-27 17:49:40,806 - DEBUG - Marking up chromosome KI270717.1
2020-08-27 17:49:40,806 - WARNING - The .bam file refers to a chromosome 'KI270717.1+' not present in the annotation (.gtf) file
2020-08-27 17:49:40,806 - WARNING - The .bam file refers to a chromosome 'KI270717.1-' not present in the annotation (.gtf) file
2020-08-27 17:49:40,808 - DEBUG - Marking up chromosome KI270724.1
2020-08-27 17:49:40,808 - WARNING - The .bam file refers to a chromosome 'KI270724.1+' not present in the annotation (.gtf) file
2020-08-27 17:49:40,808 - WARNING - The .bam file refers to a chromosome 'KI270724.1-' not present in the annotation (.gtf) file
2020-08-27 17:49:40,808 - DEBUG - Marking up chromosome KI270720.1
2020-08-27 17:49:40,808 - WARNING - The .bam file refers to a chromosome 'KI270720.1+' not present in the annotation (.gtf) file
2020-08-27 17:49:40,808 - WARNING - The .bam file refers to a chromosome 'KI270720.1-' not present in the annotation (.gtf) file
2020-08-27 17:49:40,808 - DEBUG - Marking up chromosome KI270723.1
2020-08-27 17:49:40,808 - WARNING - The .bam file refers to a chromosome 'KI270723.1+' not present in the annotation (.gtf) file
2020-08-27 17:49:40,808 - WARNING - The .bam file refers to a chromosome 'KI270723.1-' not present in the annotation (.gtf) file
2020-08-27 17:49:40,813 - DEBUG - Marking up chromosome KI270718.1
2020-08-27 17:49:40,813 - WARNING - The .bam file refers to a chromosome 'KI270718.1+' not present in the annotation (.gtf) file
2020-08-27 17:49:40,813 - WARNING - The .bam file refers to a chromosome 'KI270718.1-' not present in the annotation (.gtf) file
2020-08-27 17:49:40,817 - DEBUG - Marking up chromosome KI270707.1
2020-08-27 17:49:40,817 - WARNING - The .bam file refers to a chromosome 'KI270707.1+' not present in the annotation (.gtf) file
2020-08-27 17:49:40,817 - WARNING - The .bam file refers to a chromosome 'KI270707.1-' not present in the annotation (.gtf) file
2020-08-27 17:49:40,822 - DEBUG - Marking up chromosome KI270467.1
2020-08-27 17:49:40,822 - WARNING - The .bam file refers to a chromosome 'KI270467.1+' not present in the annotation (.gtf) file
2020-08-27 17:49:40,822 - WARNING - The .bam file refers to a chromosome 'KI270467.1-' not present in the annotation (.gtf) file
2020-08-27 17:49:40,823 - DEBUG - Marking up chromosome KI270330.1
2020-08-27 17:49:40,823 - WARNING - The .bam file refers to a chromosome 'KI270330.1+' not present in the annotation (.gtf) file
2020-08-27 17:49:40,823 - WARNING - The .bam file refers to a chromosome 'KI270330.1-' not present in the annotation (.gtf) file
2020-08-27 17:49:43,572 - DEBUG - Read first 160 million reads
2020-08-27 17:49:57,054 - DEBUG - End of file. Reset index: start scanning from initial position.
2020-08-27 17:49:57,054 - DEBUG - 5757966 reads were skipped because no apropiate cell or umi barcode was found
2020-08-27 17:49:57,055 - DEBUG - Start molecule counting!
2020-08-27 17:50:00,886 - DEBUG - Features available for chromosomes : ['1-', '1+', '10-', '10+', '11-', '11+', '12-', '12+', '13-', '13+', '14-', '14+', '15-', '15+', '16-', '16+', '17-', '17+', '18-', '18+', '19-', '19+', '2-', '2+', '20-', '20+', '21-', '21+', '22-', '22+', '3-', '3+', '4-', '4+', '5-', '5+', '6-', '6+', '7-', '7+', '8-', '8+', '9-', '9+', 'GL000009.2-', 'GL000194.1-', 'GL000195.1-', 'GL000195.1+', 'GL000205.2-', 'GL000213.1-', 'GL000218.1-', 'GL000219.1-', 'KI270711.1-', 'KI270713.1-', 'KI270713.1+', 'KI270721.1+', 'KI270726.1+', 'KI270727.1-', 'KI270727.1+', 'KI270728.1-', 'KI270728.1+', 'KI270731.1-', 'KI270734.1-', 'KI270734.1+', 'MT-', 'MT+', 'X-', 'X+', 'Y-', 'Y+']
2020-08-27 17:50:00,887 - DEBUG - Mask available for chromosomes : []
2020-08-27 17:50:00,887 - DEBUG - Summarizing the results of intron validation.
2020-08-27 17:50:01,586 - DEBUG - Validated 416703 introns (of which unique intervals 133540) out of 996444 total possible introns (considering each possible transcript models).
2020-08-27 17:50:01,587 - DEBUG - Reading /net/isi-dcnl/ifs/user_data/abild/Megatron_data/COH049/FEL017022.mRNA/feline_p1722.10x.counts/FEL020_S/outs/cellsorted_possorted_genome_bam.bam
2020-08-27 17:50:01,634 - DEBUG - Read first 0 million reads
2020-08-27 17:50:31,059 - DEBUG - Read first 10 million reads
2020-08-27 17:50:51,893 - DEBUG - Counting for batch 1, containing 100 cells and 824178 reads
2020-08-27 17:51:23,324 - DEBUG - 0 reads not considered because fully enclosed in repeat masked regions
2020-08-27 17:51:47,037 - DEBUG - Counting for batch 2, containing 100 cells and 909536 reads
2020-08-27 17:52:21,074 - DEBUG - 0 reads not considered because fully enclosed in repeat masked regions
2020-08-27 17:52:48,436 - DEBUG - Counting for batch 3, containing 100 cells and 842888 reads
2020-08-27 17:53:21,171 - DEBUG - 0 reads not considered because fully enclosed in repeat masked regions
2020-08-27 17:53:32,052 - DEBUG - Read first 20 million reads
2020-08-27 17:53:50,527 - DEBUG - Counting for batch 4, containing 100 cells and 1041848 reads
2020-08-27 17:54:36,804 - DEBUG - 0 reads not considered because fully enclosed in repeat masked regions
2020-08-27 17:55:05,697 - DEBUG - Counting for batch 5, containing 100 cells and 943284 reads
2020-08-27 17:55:45,362 - DEBUG - 0 reads not considered because fully enclosed in repeat masked regions
2020-08-27 17:56:13,802 - DEBUG - Counting for batch 6, containing 100 cells and 910363 reads
2020-08-27 17:56:52,098 - DEBUG - 0 reads not considered because fully enclosed in repeat masked regions
2020-08-27 17:57:04,453 - DEBUG - Read first 30 million reads
2020-08-27 17:57:16,832 - DEBUG - Counting for batch 7, containing 100 cells and 742971 reads
2020-08-27 17:57:48,566 - DEBUG - 0 reads not considered because fully enclosed in repeat masked regions
2020-08-27 17:58:16,158 - DEBUG - Counting for batch 8, containing 100 cells and 882382 reads
2020-08-27 17:58:53,260 - DEBUG - 0 reads not considered because fully enclosed in repeat masked regions
2020-08-27 17:59:22,158 - DEBUG - Counting for batch 9, containing 100 cells and 931386 reads
2020-08-27 17:59:59,198 - DEBUG - 0 reads not considered because fully enclosed in repeat masked regions
2020-08-27 18:00:14,165 - DEBUG - Read first 40 million reads
2020-08-27 18:00:28,515 - DEBUG - Counting for batch 10, containing 100 cells and 758987 reads
2020-08-27 18:00:59,249 - DEBUG - 0 reads not considered because fully enclosed in repeat masked regions
2020-08-27 18:01:25,228 - DEBUG - Counting for batch 11, containing 100 cells and 674171 reads
2020-08-27 18:01:52,357 - DEBUG - 0 reads not considered because fully enclosed in repeat masked regions
2020-08-27 18:02:21,193 - DEBUG - Counting for batch 12, containing 100 cells and 859694 reads
2020-08-27 18:02:57,330 - DEBUG - 0 reads not considered because fully enclosed in repeat masked regions
2020-08-27 18:03:16,548 - DEBUG - Read first 50 million reads
2020-08-27 18:03:24,554 - DEBUG - Counting for batch 13, containing 100 cells and 839536 reads
2020-08-27 18:03:59,854 - DEBUG - 0 reads not considered because fully enclosed in repeat masked regions
2020-08-27 18:04:27,955 - DEBUG - Counting for batch 14, containing 100 cells and 873601 reads
2020-08-27 18:05:05,603 - DEBUG - 0 reads not considered because fully enclosed in repeat masked regions
2020-08-27 18:05:31,420 - DEBUG - Counting for batch 15, containing 100 cells and 809521 reads
2020-08-27 18:06:06,703 - DEBUG - 0 reads not considered because fully enclosed in repeat masked regions
2020-08-27 18:06:29,575 - DEBUG - Read first 60 million reads
2020-08-27 18:06:31,381 - DEBUG - Counting for batch 16, containing 100 cells and 869856 reads
2020-08-27 18:07:07,914 - DEBUG - 0 reads not considered because fully enclosed in repeat masked regions
2020-08-27 18:07:39,010 - DEBUG - Counting for batch 17, containing 100 cells and 1123034 reads
2020-08-27 18:08:27,242 - DEBUG - 0 reads not considered because fully enclosed in repeat masked regions
2020-08-27 18:08:56,600 - DEBUG - Counting for batch 18, containing 100 cells and 965858 reads
2020-08-27 18:09:36,631 - DEBUG - 0 reads not considered because fully enclosed in repeat masked regions
2020-08-27 18:10:07,136 - DEBUG - Counting for batch 19, containing 100 cells and 913530 reads
2020-08-27 18:10:45,479 - DEBUG - 0 reads not considered because fully enclosed in repeat masked regions
2020-08-27 18:10:55,571 - DEBUG - Read first 70 million reads
2020-08-27 18:11:13,420 - DEBUG - Counting for batch 20, containing 100 cells and 857162 reads
2020-08-27 18:11:48,359 - DEBUG - 0 reads not considered because fully enclosed in repeat masked regions
2020-08-27 18:12:16,702 - DEBUG - Counting for batch 21, containing 100 cells and 749064 reads
2020-08-27 18:12:45,709 - DEBUG - 0 reads not considered because fully enclosed in repeat masked regions
2020-08-27 18:13:17,295 - DEBUG - Counting for batch 22, containing 100 cells and 971007 reads
2020-08-27 18:13:57,499 - DEBUG - 0 reads not considered because fully enclosed in repeat masked regions
2020-08-27 18:14:11,825 - DEBUG - Read first 80 million reads
2020-08-27 18:14:23,579 - DEBUG - Counting for batch 23, containing 100 cells and 860174 reads
2020-08-27 18:15:00,232 - DEBUG - 0 reads not considered because fully enclosed in repeat masked regions
2020-08-27 18:15:25,670 - DEBUG - Counting for batch 24, containing 100 cells and 737972 reads
2020-08-27 18:15:57,287 - DEBUG - 0 reads not considered because fully enclosed in repeat masked regions
2020-08-27 18:16:25,905 - DEBUG - Counting for batch 25, containing 100 cells and 809119 reads
2020-08-27 18:17:00,233 - DEBUG - 0 reads not considered because fully enclosed in repeat masked regions
2020-08-27 18:17:16,176 - DEBUG - Read first 90 million reads
2020-08-27 18:17:27,625 - DEBUG - Counting for batch 26, containing 100 cells and 955235 reads
2020-08-27 18:18:11,316 - DEBUG - 0 reads not considered because fully enclosed in repeat masked regions
2020-08-27 18:18:38,601 - DEBUG - Counting for batch 27, containing 100 cells and 743637 reads
2020-08-27 18:19:08,460 - DEBUG - 0 reads not considered because fully enclosed in repeat masked regions
2020-08-27 18:19:42,693 - DEBUG - Counting for batch 28, containing 100 cells and 1173530 reads
2020-08-27 18:20:29,533 - DEBUG - 0 reads not considered because fully enclosed in repeat masked regions
2020-08-27 18:20:47,008 - DEBUG - Read first 100 million reads
2020-08-27 18:20:58,496 - DEBUG - Counting for batch 29, containing 100 cells and 878916 reads
2020-08-27 18:21:34,667 - DEBUG - 0 reads not considered because fully enclosed in repeat masked regions
2020-08-27 18:22:05,996 - DEBUG - Counting for batch 30, containing 100 cells and 911156 reads
2020-08-27 18:22:43,378 - DEBUG - 0 reads not considered because fully enclosed in repeat masked regions
2020-08-27 18:23:12,999 - DEBUG - Counting for batch 31, containing 100 cells and 850950 reads
2020-08-27 18:23:45,106 - DEBUG - 0 reads not considered because fully enclosed in repeat masked regions
2020-08-27 18:24:00,074 - DEBUG - Read first 110 million reads
2020-08-27 18:24:13,077 - DEBUG - Counting for batch 32, containing 100 cells and 831783 reads
2020-08-27 18:24:42,879 - DEBUG - 0 reads not considered because fully enclosed in repeat masked regions
2020-08-27 18:25:11,625 - DEBUG - Counting for batch 33, containing 100 cells and 1079904 reads
2020-08-27 18:25:49,369 - DEBUG - 0 reads not considered because fully enclosed in repeat masked regions
2020-08-27 18:26:13,304 - DEBUG - Counting for batch 34, containing 100 cells and 724944 reads
2020-08-27 18:26:36,967 - DEBUG - 0 reads not considered because fully enclosed in repeat masked regions
2020-08-27 18:26:49,570 - DEBUG - Read first 120 million reads
2020-08-27 18:27:00,216 - DEBUG - Counting for batch 35, containing 100 cells and 744607 reads
2020-08-27 18:27:26,597 - DEBUG - 0 reads not considered because fully enclosed in repeat masked regions
2020-08-27 18:27:50,369 - DEBUG - Counting for batch 36, containing 100 cells and 918363 reads
2020-08-27 18:28:21,328 - DEBUG - 0 reads not considered because fully enclosed in repeat masked regions
2020-08-27 18:28:48,397 - DEBUG - Counting for batch 37, containing 100 cells and 905687 reads
2020-08-27 18:29:19,150 - DEBUG - 0 reads not considered because fully enclosed in repeat masked regions
2020-08-27 18:29:34,486 - DEBUG - Read first 130 million reads
2020-08-27 18:29:44,789 - DEBUG - Counting for batch 38, containing 100 cells and 806478 reads
2020-08-27 18:30:10,474 - DEBUG - 0 reads not considered because fully enclosed in repeat masked regions
2020-08-27 18:30:35,536 - DEBUG - Counting for batch 39, containing 100 cells and 945796 reads
2020-08-27 18:31:07,400 - DEBUG - 0 reads not considered because fully enclosed in repeat masked regions
2020-08-27 18:31:31,805 - DEBUG - Counting for batch 40, containing 100 cells and 901307 reads
2020-08-27 18:32:03,027 - DEBUG - 0 reads not considered because fully enclosed in repeat masked regions
2020-08-27 18:32:27,268 - DEBUG - Counting for batch 41, containing 100 cells and 793586 reads
2020-08-27 18:32:52,955 - DEBUG - 0 reads not considered because fully enclosed in repeat masked regions
2020-08-27 18:32:59,211 - DEBUG - Read first 140 million reads
2020-08-27 18:33:20,813 - DEBUG - Counting for batch 42, containing 100 cells and 859790 reads
2020-08-27 18:33:50,015 - DEBUG - 0 reads not considered because fully enclosed in repeat masked regions
2020-08-27 18:34:13,594 - DEBUG - Counting for batch 43, containing 100 cells and 869950 reads
2020-08-27 18:34:43,307 - DEBUG - 0 reads not considered because fully enclosed in repeat masked regions
2020-08-27 18:35:09,136 - DEBUG - Read first 150 million reads
2020-08-27 18:35:10,137 - DEBUG - Counting for batch 44, containing 100 cells and 964541 reads
2020-08-27 18:35:42,586 - DEBUG - 0 reads not considered because fully enclosed in repeat masked regions
2020-08-27 18:36:04,932 - DEBUG - Counting for batch 45, containing 100 cells and 789804 reads
2020-08-27 18:36:29,634 - DEBUG - 0 reads not considered because fully enclosed in repeat masked regions
2020-08-27 18:36:54,338 - DEBUG - Counting for batch 46, containing 100 cells and 763887 reads
2020-08-27 18:37:19,932 - DEBUG - 0 reads not considered because fully enclosed in repeat masked regions
2020-08-27 18:37:46,024 - DEBUG - Counting for batch 47, containing 100 cells and 1048212 reads
2020-08-27 18:38:22,784 - DEBUG - 0 reads not considered because fully enclosed in repeat masked regions
2020-08-27 18:38:32,214 - DEBUG - Read first 160 million reads
2020-08-27 18:38:45,031 - DEBUG - Counting for batch 48, containing 100 cells and 734874 reads
2020-08-27 18:39:09,643 - DEBUG - 0 reads not considered because fully enclosed in repeat masked regions
2020-08-27 18:39:36,987 - DEBUG - Counting for batch 49, containing 100 cells and 984285 reads
2020-08-27 18:40:11,475 - DEBUG - 0 reads not considered because fully enclosed in repeat masked regions
2020-08-27 18:40:26,875 - DEBUG - Counting for batch 50, containing 42 cells and 355285 reads
2020-08-27 18:40:37,603 - DEBUG - 0 reads not considered because fully enclosed in repeat masked regions
2020-08-27 18:40:40,255 - DEBUG - 5757966 reads were skipped because no apropiate cell or umi barcode was found
2020-08-27 18:40:40,255 - DEBUG - Counting done!
2020-08-27 18:40:40,279 - DEBUG - Generating output file /net/isi-dcnl/ifs/user_data/abild/Megatron_data/COH049/FEL017022.mRNA/feline_p1722.10x.counts/FEL020_S/velocyto/FEL020_S.loom
2020-08-27 18:40:40,279 - DEBUG - Collecting row attributes
2020-08-27 18:40:40,366 - DEBUG - Generating data table
2020-08-27 18:40:42,529 - DEBUG - Writing loom file
2020-08-27 18:40:51,362 - DEBUG - Terminated Succesfully!
Start: 1598574620
End: 1598578853
Run time: 4233
Done
slurmstepd: error: _get_pss: ferror() indicates error on file /proc/21712/smaps
