CPU: 16
N: 55
Step1: Analyze spliced and unspliced reads and genrate a loom file for velocityR
Run velocyto to generate loom file
2020-08-27 18:57:05,782 - DEBUG - Using logic: Default
2020-08-27 18:57:05,805 - INFO - Read 251 cell barcodes from /net/isi-dcnl/ifs/user_data/abild/Megatron_data/COH057/feline_p29_40_mRNA/cell_ranger/FEL030_S_2/outs/filtered_feature_bc_matrix/barcodes.tsv.gz
2020-08-27 18:57:05,806 - DEBUG - Example of barcode: AAACCCAAGGACAAGA and cell_id: FEL030_S_2:AAACCCAAGGACAAGA-1
2020-08-27 18:57:05,821 - DEBUG - Peeking into /net/isi-dcnl/ifs/user_data/abild/Megatron_data/COH057/feline_p29_40_mRNA/cell_ranger/FEL030_S_2/outs/possorted_genome_bam.bam
2020-08-27 18:57:05,935 - WARNING - Not found cell and umi barcode in entry 0 of the bam file
2020-08-27 18:57:05,945 - WARNING - The file /net/isi-dcnl/ifs/user_data/abild/Megatron_data/COH057/feline_p29_40_mRNA/cell_ranger/FEL030_S_2/outs/cellsorted_possorted_genome_bam.bam already exists. The sorting step will be skipped and the existing file will be used.
2020-08-27 18:57:05,945 - INFO - Load the annotation from /net/isi-dcnl/ifs/user_data/abild/Genomes/refdata-cellranger-GRCh38-3.0.0/genes/genes.gtf
2020-08-27 18:57:15,916 - DEBUG - Parsing Chromosome 1 strand - [line 0]
2020-08-27 18:57:16,514 - DEBUG - Done with 1- [line 108728]
2020-08-27 18:57:16,514 - DEBUG - Assigning indexes to genes
2020-08-27 18:57:16,524 - DEBUG - Seen 1561 genes until now
2020-08-27 18:57:16,524 - DEBUG - Parsing Chromosome 1 strand + [line 108729]
2020-08-27 18:57:17,222 - DEBUG - Done with 1+ [line 232515]
2020-08-27 18:57:17,223 - DEBUG - Assigning indexes to genes
2020-08-27 18:57:17,234 - DEBUG - Seen 3154 genes until now
2020-08-27 18:57:17,234 - DEBUG - Parsing Chromosome 10 strand - [line 232516]
2020-08-27 18:57:17,640 - DEBUG - Done with 10- [line 279343]
2020-08-27 18:57:17,641 - DEBUG - Assigning indexes to genes
2020-08-27 18:57:17,644 - DEBUG - Seen 3737 genes until now
2020-08-27 18:57:17,644 - DEBUG - Parsing Chromosome 10 strand + [line 279344]
2020-08-27 18:57:17,829 - DEBUG - Done with 10+ [line 323872]
2020-08-27 18:57:17,829 - DEBUG - Assigning indexes to genes
2020-08-27 18:57:17,832 - DEBUG - Seen 4384 genes until now
2020-08-27 18:57:17,832 - DEBUG - Parsing Chromosome 11 strand - [line 323873]
2020-08-27 18:57:18,394 - DEBUG - Done with 11- [line 402908]
2020-08-27 18:57:18,394 - DEBUG - Assigning indexes to genes
2020-08-27 18:57:18,401 - DEBUG - Seen 5320 genes until now
2020-08-27 18:57:18,401 - DEBUG - Parsing Chromosome 11 strand + [line 402909]
2020-08-27 18:57:18,728 - DEBUG - Done with 11+ [line 482591]
2020-08-27 18:57:18,728 - DEBUG - Assigning indexes to genes
2020-08-27 18:57:18,735 - DEBUG - Seen 6305 genes until now
2020-08-27 18:57:18,735 - DEBUG - Parsing Chromosome 12 strand - [line 482592]
2020-08-27 18:57:19,312 - DEBUG - Done with 12- [line 559278]
2020-08-27 18:57:19,312 - DEBUG - Assigning indexes to genes
2020-08-27 18:57:19,318 - DEBUG - Seen 7177 genes until now
2020-08-27 18:57:19,318 - DEBUG - Parsing Chromosome 12 strand + [line 559279]
2020-08-27 18:57:19,626 - DEBUG - Done with 12+ [line 635173]
2020-08-27 18:57:19,626 - DEBUG - Assigning indexes to genes
2020-08-27 18:57:19,632 - DEBUG - Seen 8070 genes until now
2020-08-27 18:57:19,632 - DEBUG - Parsing Chromosome 13 strand - [line 635174]
2020-08-27 18:57:19,710 - DEBUG - Done with 13- [line 653523]
2020-08-27 18:57:19,710 - DEBUG - Assigning indexes to genes
2020-08-27 18:57:19,712 - DEBUG - Seen 8400 genes until now
2020-08-27 18:57:19,712 - DEBUG - Parsing Chromosome 13 strand + [line 653524]
2020-08-27 18:57:20,078 - DEBUG - Done with 13+ [line 673091]
2020-08-27 18:57:20,078 - DEBUG - Assigning indexes to genes
2020-08-27 18:57:20,080 - DEBUG - Seen 8736 genes until now
2020-08-27 18:57:20,080 - DEBUG - Parsing Chromosome 14 strand - [line 673092]
2020-08-27 18:57:20,260 - DEBUG - Done with 14- [line 716831]
2020-08-27 18:57:20,260 - DEBUG - Assigning indexes to genes
2020-08-27 18:57:20,264 - DEBUG - Seen 9452 genes until now
2020-08-27 18:57:20,264 - DEBUG - Parsing Chromosome 14 strand + [line 716832]
2020-08-27 18:57:20,461 - DEBUG - Done with 14+ [line 764942]
2020-08-27 18:57:20,461 - DEBUG - Assigning indexes to genes
2020-08-27 18:57:20,465 - DEBUG - Seen 10121 genes until now
2020-08-27 18:57:20,465 - DEBUG - Parsing Chromosome 15 strand - [line 764943]
2020-08-27 18:57:20,671 - DEBUG - Done with 15- [line 813803]
2020-08-27 18:57:20,671 - DEBUG - Assigning indexes to genes
2020-08-27 18:57:20,674 - DEBUG - Seen 10698 genes until now
2020-08-27 18:57:20,674 - DEBUG - Parsing Chromosome 15 strand + [line 813804]
2020-08-27 18:57:20,855 - DEBUG - Done with 15+ [line 857859]
2020-08-27 18:57:20,855 - DEBUG - Assigning indexes to genes
2020-08-27 18:57:20,859 - DEBUG - Seen 11256 genes until now
2020-08-27 18:57:20,859 - DEBUG - Parsing Chromosome 16 strand - [line 857860]
2020-08-27 18:57:21,400 - DEBUG - Done with 16- [line 911118]
2020-08-27 18:57:21,400 - DEBUG - Assigning indexes to genes
2020-08-27 18:57:21,405 - DEBUG - Seen 11998 genes until now
2020-08-27 18:57:21,405 - DEBUG - Parsing Chromosome 16 strand + [line 911119]
2020-08-27 18:57:21,690 - DEBUG - Done with 16+ [line 981663]
2020-08-27 18:57:21,691 - DEBUG - Assigning indexes to genes
2020-08-27 18:57:21,696 - DEBUG - Seen 12787 genes until now
2020-08-27 18:57:21,696 - DEBUG - Parsing Chromosome 17 strand - [line 981664]
2020-08-27 18:57:22,047 - DEBUG - Done with 17- [line 1066635]
2020-08-27 18:57:22,047 - DEBUG - Assigning indexes to genes
2020-08-27 18:57:22,054 - DEBUG - Seen 13775 genes until now
2020-08-27 18:57:22,054 - DEBUG - Parsing Chromosome 17 strand + [line 1066636]
2020-08-27 18:57:22,771 - DEBUG - Done with 17+ [line 1143834]
2020-08-27 18:57:22,771 - DEBUG - Assigning indexes to genes
2020-08-27 18:57:22,779 - DEBUG - Seen 14681 genes until now
2020-08-27 18:57:22,779 - DEBUG - Parsing Chromosome 18 strand - [line 1143835]
2020-08-27 18:57:22,882 - DEBUG - Done with 18- [line 1168496]
2020-08-27 18:57:22,882 - DEBUG - Assigning indexes to genes
2020-08-27 18:57:22,884 - DEBUG - Seen 15006 genes until now
2020-08-27 18:57:22,884 - DEBUG - Parsing Chromosome 18 strand + [line 1168497]
2020-08-27 18:57:22,971 - DEBUG - Done with 18+ [line 1189691]
2020-08-27 18:57:22,971 - DEBUG - Assigning indexes to genes
2020-08-27 18:57:22,972 - DEBUG - Seen 15343 genes until now
2020-08-27 18:57:22,972 - DEBUG - Parsing Chromosome 19 strand - [line 1189692]
2020-08-27 18:57:23,292 - DEBUG - Done with 19- [line 1268854]
2020-08-27 18:57:23,292 - DEBUG - Assigning indexes to genes
2020-08-27 18:57:23,299 - DEBUG - Seen 16352 genes until now
2020-08-27 18:57:23,299 - DEBUG - Parsing Chromosome 19 strand + [line 1268855]
2020-08-27 18:57:23,627 - DEBUG - Done with 19+ [line 1351833]
2020-08-27 18:57:23,628 - DEBUG - Assigning indexes to genes
2020-08-27 18:57:23,635 - DEBUG - Seen 17347 genes until now
2020-08-27 18:57:23,635 - DEBUG - Parsing Chromosome 2 strand - [line 1351834]
2020-08-27 18:57:24,043 - DEBUG - Done with 2- [line 1448710]
2020-08-27 18:57:24,043 - DEBUG - Assigning indexes to genes
2020-08-27 18:57:24,051 - DEBUG - Seen 18472 genes until now
2020-08-27 18:57:24,051 - DEBUG - Parsing Chromosome 2 strand + [line 1448711]
2020-08-27 18:57:24,860 - DEBUG - Done with 2+ [line 1542602]
2020-08-27 18:57:24,860 - DEBUG - Assigning indexes to genes
2020-08-27 18:57:24,869 - DEBUG - Seen 19632 genes until now
2020-08-27 18:57:24,869 - DEBUG - Parsing Chromosome 20 strand - [line 1542603]
2020-08-27 18:57:24,978 - DEBUG - Done with 20- [line 1569195]
2020-08-27 18:57:24,978 - DEBUG - Assigning indexes to genes
2020-08-27 18:57:24,980 - DEBUG - Seen 20079 genes until now
2020-08-27 18:57:24,980 - DEBUG - Parsing Chromosome 20 strand + [line 1569196]
2020-08-27 18:57:25,108 - DEBUG - Done with 20+ [line 1600541]
2020-08-27 18:57:25,108 - DEBUG - Assigning indexes to genes
2020-08-27 18:57:25,110 - DEBUG - Seen 20527 genes until now
2020-08-27 18:57:25,110 - DEBUG - Parsing Chromosome 21 strand - [line 1600542]
2020-08-27 18:57:25,167 - DEBUG - Done with 21- [line 1614106]
2020-08-27 18:57:25,167 - DEBUG - Assigning indexes to genes
2020-08-27 18:57:25,168 - DEBUG - Seen 20795 genes until now
2020-08-27 18:57:25,168 - DEBUG - Parsing Chromosome 21 strand + [line 1614107]
2020-08-27 18:57:25,230 - DEBUG - Done with 21+ [line 1628392]
2020-08-27 18:57:25,230 - DEBUG - Assigning indexes to genes
2020-08-27 18:57:25,231 - DEBUG - Seen 21029 genes until now
2020-08-27 18:57:25,231 - DEBUG - Parsing Chromosome 22 strand - [line 1628393]
2020-08-27 18:57:25,336 - DEBUG - Done with 22- [line 1653805]
2020-08-27 18:57:25,336 - DEBUG - Assigning indexes to genes
2020-08-27 18:57:25,338 - DEBUG - Seen 21391 genes until now
2020-08-27 18:57:25,338 - DEBUG - Parsing Chromosome 22 strand + [line 1653806]
2020-08-27 18:57:25,463 - DEBUG - Done with 22+ [line 1684245]
2020-08-27 18:57:25,463 - DEBUG - Assigning indexes to genes
2020-08-27 18:57:25,467 - DEBUG - Seen 21866 genes until now
2020-08-27 18:57:25,467 - DEBUG - Parsing Chromosome 3 strand - [line 1684246]
2020-08-27 18:57:25,798 - DEBUG - Done with 3- [line 1763939]
2020-08-27 18:57:25,798 - DEBUG - Assigning indexes to genes
2020-08-27 18:57:25,805 - DEBUG - Seen 22713 genes until now
2020-08-27 18:57:25,805 - DEBUG - Parsing Chromosome 3 strand + [line 1763940]
2020-08-27 18:57:26,135 - DEBUG - Done with 3+ [line 1844840]
2020-08-27 18:57:26,136 - DEBUG - Assigning indexes to genes
2020-08-27 18:57:26,142 - DEBUG - Seen 23585 genes until now
2020-08-27 18:57:26,142 - DEBUG - Parsing Chromosome 4 strand - [line 1844841]
2020-08-27 18:57:26,855 - DEBUG - Done with 4- [line 1898665]
2020-08-27 18:57:26,856 - DEBUG - Assigning indexes to genes
2020-08-27 18:57:26,860 - DEBUG - Seen 24246 genes until now
2020-08-27 18:57:26,861 - DEBUG - Parsing Chromosome 4 strand + [line 1898666]
2020-08-27 18:57:27,059 - DEBUG - Done with 4+ [line 1947617]
2020-08-27 18:57:27,060 - DEBUG - Assigning indexes to genes
2020-08-27 18:57:27,063 - DEBUG - Seen 24938 genes until now
2020-08-27 18:57:27,063 - DEBUG - Parsing Chromosome 5 strand - [line 1947618]
2020-08-27 18:57:27,286 - DEBUG - Done with 5- [line 2001140]
2020-08-27 18:57:27,287 - DEBUG - Assigning indexes to genes
2020-08-27 18:57:27,292 - DEBUG - Seen 25741 genes until now
2020-08-27 18:57:27,292 - DEBUG - Parsing Chromosome 5 strand + [line 2001141]
2020-08-27 18:57:27,556 - DEBUG - Done with 5+ [line 2062165]
2020-08-27 18:57:27,556 - DEBUG - Assigning indexes to genes
2020-08-27 18:57:27,561 - DEBUG - Seen 26599 genes until now
2020-08-27 18:57:27,561 - DEBUG - Parsing Chromosome 6 strand - [line 2062166]
2020-08-27 18:57:27,805 - DEBUG - Done with 6- [line 2121425]
2020-08-27 18:57:27,805 - DEBUG - Assigning indexes to genes
2020-08-27 18:57:27,810 - DEBUG - Seen 27435 genes until now
2020-08-27 18:57:27,810 - DEBUG - Parsing Chromosome 6 strand + [line 2121426]
2020-08-27 18:57:28,026 - DEBUG - Done with 6+ [line 2176078]
2020-08-27 18:57:28,026 - DEBUG - Assigning indexes to genes
2020-08-27 18:57:28,030 - DEBUG - Seen 28231 genes until now
2020-08-27 18:57:28,030 - DEBUG - Parsing Chromosome 7 strand - [line 2176079]
2020-08-27 18:57:28,269 - DEBUG - Done with 7- [line 2233605]
2020-08-27 18:57:28,269 - DEBUG - Assigning indexes to genes
2020-08-27 18:57:28,274 - DEBUG - Seen 28953 genes until now
2020-08-27 18:57:28,274 - DEBUG - Parsing Chromosome 7 strand + [line 2233606]
2020-08-27 18:57:28,524 - DEBUG - Done with 7+ [line 2295513]
2020-08-27 18:57:28,524 - DEBUG - Assigning indexes to genes
2020-08-27 18:57:28,529 - DEBUG - Seen 29770 genes until now
2020-08-27 18:57:28,529 - DEBUG - Parsing Chromosome 8 strand - [line 2295514]
2020-08-27 18:57:28,724 - DEBUG - Done with 8- [line 2343289]
2020-08-27 18:57:28,724 - DEBUG - Assigning indexes to genes
2020-08-27 18:57:28,728 - DEBUG - Seen 30442 genes until now
2020-08-27 18:57:28,728 - DEBUG - Parsing Chromosome 8 strand + [line 2343290]
2020-08-27 18:57:28,905 - DEBUG - Done with 8+ [line 2386793]
2020-08-27 18:57:28,905 - DEBUG - Assigning indexes to genes
2020-08-27 18:57:28,909 - DEBUG - Seen 31090 genes until now
2020-08-27 18:57:28,909 - DEBUG - Parsing Chromosome 9 strand - [line 2386794]
2020-08-27 18:57:29,702 - DEBUG - Done with 9- [line 2430389]
2020-08-27 18:57:29,703 - DEBUG - Assigning indexes to genes
2020-08-27 18:57:29,706 - DEBUG - Seen 31710 genes until now
2020-08-27 18:57:29,706 - DEBUG - Parsing Chromosome 9 strand + [line 2430390]
2020-08-27 18:57:29,899 - DEBUG - Done with 9+ [line 2477312]
2020-08-27 18:57:29,899 - DEBUG - Assigning indexes to genes
2020-08-27 18:57:29,903 - DEBUG - Seen 32318 genes until now
2020-08-27 18:57:29,903 - DEBUG - Parsing Chromosome GL000009.2 strand - [line 2477313]
2020-08-27 18:57:29,903 - DEBUG - Done with GL000009.2- [line 2477320]
2020-08-27 18:57:29,903 - DEBUG - Assigning indexes to genes
2020-08-27 18:57:29,903 - DEBUG - Seen 32319 genes until now
2020-08-27 18:57:29,903 - DEBUG - Parsing Chromosome GL000194.1 strand - [line 2477321]
2020-08-27 18:57:29,903 - DEBUG - Done with GL000194.1- [line 2477346]
2020-08-27 18:57:29,903 - DEBUG - Assigning indexes to genes
2020-08-27 18:57:29,903 - DEBUG - Seen 32321 genes until now
2020-08-27 18:57:29,903 - DEBUG - Parsing Chromosome GL000195.1 strand - [line 2477347]
2020-08-27 18:57:29,903 - DEBUG - Done with GL000195.1- [line 2477356]
2020-08-27 18:57:29,903 - DEBUG - Assigning indexes to genes
2020-08-27 18:57:29,903 - DEBUG - Seen 32322 genes until now
2020-08-27 18:57:29,903 - DEBUG - Parsing Chromosome GL000195.1 strand + [line 2477357]
2020-08-27 18:57:29,903 - DEBUG - Done with GL000195.1+ [line 2477370]
2020-08-27 18:57:29,903 - DEBUG - Assigning indexes to genes
2020-08-27 18:57:29,904 - DEBUG - Seen 32323 genes until now
2020-08-27 18:57:29,904 - DEBUG - Parsing Chromosome GL000205.2 strand - [line 2477371]
2020-08-27 18:57:29,904 - DEBUG - Done with GL000205.2- [line 2477384]
2020-08-27 18:57:29,904 - DEBUG - Assigning indexes to genes
2020-08-27 18:57:29,904 - DEBUG - Seen 32324 genes until now
2020-08-27 18:57:29,904 - DEBUG - Parsing Chromosome GL000213.1 strand - [line 2477385]
2020-08-27 18:57:29,904 - DEBUG - Done with GL000213.1- [line 2477433]
2020-08-27 18:57:29,904 - DEBUG - Assigning indexes to genes
2020-08-27 18:57:29,904 - DEBUG - Seen 32325 genes until now
2020-08-27 18:57:29,904 - DEBUG - Parsing Chromosome GL000218.1 strand - [line 2477434]
2020-08-27 18:57:29,904 - DEBUG - Done with GL000218.1- [line 2477441]
2020-08-27 18:57:29,904 - DEBUG - Assigning indexes to genes
2020-08-27 18:57:29,904 - DEBUG - Seen 32326 genes until now
2020-08-27 18:57:29,904 - DEBUG - Parsing Chromosome GL000219.1 strand - [line 2477442]
2020-08-27 18:57:29,904 - DEBUG - Done with GL000219.1- [line 2477453]
2020-08-27 18:57:29,904 - DEBUG - Assigning indexes to genes
2020-08-27 18:57:29,904 - DEBUG - Seen 32327 genes until now
2020-08-27 18:57:29,904 - DEBUG - Parsing Chromosome KI270711.1 strand - [line 2477454]
2020-08-27 18:57:29,905 - DEBUG - Done with KI270711.1- [line 2477604]
2020-08-27 18:57:29,905 - DEBUG - Assigning indexes to genes
2020-08-27 18:57:29,905 - DEBUG - Seen 32328 genes until now
2020-08-27 18:57:29,905 - DEBUG - Parsing Chromosome KI270713.1 strand - [line 2477605]
2020-08-27 18:57:29,905 - DEBUG - Done with KI270713.1- [line 2477612]
2020-08-27 18:57:29,905 - DEBUG - Assigning indexes to genes
2020-08-27 18:57:29,905 - DEBUG - Seen 32329 genes until now
2020-08-27 18:57:29,905 - DEBUG - Parsing Chromosome KI270713.1 strand + [line 2477613]
2020-08-27 18:57:29,905 - DEBUG - Done with KI270713.1+ [line 2477618]
2020-08-27 18:57:29,906 - DEBUG - Assigning indexes to genes
2020-08-27 18:57:29,906 - DEBUG - Seen 32330 genes until now
2020-08-27 18:57:29,906 - DEBUG - Parsing Chromosome KI270721.1 strand + [line 2477619]
2020-08-27 18:57:29,906 - DEBUG - Done with KI270721.1+ [line 2477634]
2020-08-27 18:57:29,906 - DEBUG - Assigning indexes to genes
2020-08-27 18:57:29,906 - DEBUG - Seen 32331 genes until now
2020-08-27 18:57:29,906 - DEBUG - Parsing Chromosome KI270726.1 strand + [line 2477635]
2020-08-27 18:57:29,906 - DEBUG - Done with KI270726.1+ [line 2477645]
2020-08-27 18:57:29,906 - DEBUG - Assigning indexes to genes
2020-08-27 18:57:29,906 - DEBUG - Seen 32333 genes until now
2020-08-27 18:57:29,906 - DEBUG - Parsing Chromosome KI270727.1 strand - [line 2477646]
2020-08-27 18:57:29,906 - DEBUG - Done with KI270727.1- [line 2477704]
2020-08-27 18:57:29,906 - DEBUG - Assigning indexes to genes
2020-08-27 18:57:29,906 - DEBUG - Seen 32335 genes until now
2020-08-27 18:57:29,906 - DEBUG - Parsing Chromosome KI270727.1 strand + [line 2477705]
2020-08-27 18:57:29,906 - DEBUG - Done with KI270727.1+ [line 2477719]
2020-08-27 18:57:29,906 - DEBUG - Assigning indexes to genes
2020-08-27 18:57:29,907 - DEBUG - Seen 32337 genes until now
2020-08-27 18:57:29,907 - DEBUG - Parsing Chromosome KI270728.1 strand - [line 2477720]
2020-08-27 18:57:29,907 - DEBUG - Done with KI270728.1- [line 2477796]
2020-08-27 18:57:29,907 - DEBUG - Assigning indexes to genes
2020-08-27 18:57:29,907 - DEBUG - Seen 32339 genes until now
2020-08-27 18:57:29,907 - DEBUG - Parsing Chromosome KI270728.1 strand + [line 2477797]
2020-08-27 18:57:29,907 - DEBUG - Done with KI270728.1+ [line 2477833]
2020-08-27 18:57:29,907 - DEBUG - Assigning indexes to genes
2020-08-27 18:57:29,907 - DEBUG - Seen 32343 genes until now
2020-08-27 18:57:29,907 - DEBUG - Parsing Chromosome KI270731.1 strand - [line 2477834]
2020-08-27 18:57:29,907 - DEBUG - Done with KI270731.1- [line 2477840]
2020-08-27 18:57:29,907 - DEBUG - Assigning indexes to genes
2020-08-27 18:57:29,907 - DEBUG - Seen 32344 genes until now
2020-08-27 18:57:29,907 - DEBUG - Parsing Chromosome KI270734.1 strand - [line 2477841]
2020-08-27 18:57:29,908 - DEBUG - Done with KI270734.1- [line 2477909]
2020-08-27 18:57:29,908 - DEBUG - Assigning indexes to genes
2020-08-27 18:57:29,908 - DEBUG - Seen 32345 genes until now
2020-08-27 18:57:29,908 - DEBUG - Parsing Chromosome KI270734.1 strand + [line 2477910]
2020-08-27 18:57:29,908 - DEBUG - Done with KI270734.1+ [line 2477932]
2020-08-27 18:57:29,908 - DEBUG - Assigning indexes to genes
2020-08-27 18:57:29,908 - DEBUG - Seen 32347 genes until now
2020-08-27 18:57:29,908 - DEBUG - Parsing Chromosome MT strand - [line 2477933]
2020-08-27 18:57:29,908 - DEBUG - Done with MT- [line 2477938]
2020-08-27 18:57:29,908 - DEBUG - Assigning indexes to genes
2020-08-27 18:57:29,908 - DEBUG - Seen 32348 genes until now
2020-08-27 18:57:29,908 - DEBUG - Parsing Chromosome MT strand + [line 2477939]
2020-08-27 18:57:29,908 - DEBUG - Done with MT+ [line 2478004]
2020-08-27 18:57:29,909 - DEBUG - Assigning indexes to genes
2020-08-27 18:57:29,909 - DEBUG - Seen 32360 genes until now
2020-08-27 18:57:29,909 - DEBUG - Parsing Chromosome X strand - [line 2478005]
2020-08-27 18:57:30,073 - DEBUG - Done with X- [line 2518937]
2020-08-27 18:57:30,073 - DEBUG - Assigning indexes to genes
2020-08-27 18:57:30,076 - DEBUG - Seen 32876 genes until now
2020-08-27 18:57:30,076 - DEBUG - Parsing Chromosome X strand + [line 2518938]
2020-08-27 18:57:30,238 - DEBUG - Done with X+ [line 2560301]
2020-08-27 18:57:30,238 - DEBUG - Assigning indexes to genes
2020-08-27 18:57:30,241 - DEBUG - Seen 33438 genes until now
2020-08-27 18:57:30,242 - DEBUG - Parsing Chromosome Y strand - [line 2560302]
2020-08-27 18:57:30,251 - DEBUG - Done with Y- [line 2562446]
2020-08-27 18:57:30,251 - DEBUG - Assigning indexes to genes
2020-08-27 18:57:30,251 - DEBUG - Seen 33485 genes until now
2020-08-27 18:57:30,251 - DEBUG - Parsing Chromosome Y strand + [line 2562447]
2020-08-27 18:57:30,262 - DEBUG - Assigning indexes to genes
2020-08-27 18:57:30,262 - DEBUG - Done with Y+ [line 2565059]
2020-08-27 18:57:30,262 - DEBUG - Fixing corner cases of transcript models containg intron longer than 1000Kbp
2020-08-27 18:57:31,984 - DEBUG - Generated 2165800 features corresponding to 172912 transcript models from /net/isi-dcnl/ifs/user_data/abild/Genomes/refdata-cellranger-GRCh38-3.0.0/genes/genes.gtf
2020-08-27 18:57:32,013 - INFO - Scan /net/isi-dcnl/ifs/user_data/abild/Megatron_data/COH057/feline_p29_40_mRNA/cell_ranger/FEL030_S_2/outs/possorted_genome_bam.bam to validate intron intervals
2020-08-27 18:57:35,879 - DEBUG - Reading /net/isi-dcnl/ifs/user_data/abild/Megatron_data/COH057/feline_p29_40_mRNA/cell_ranger/FEL030_S_2/outs/possorted_genome_bam.bam
2020-08-27 18:57:35,892 - DEBUG - Read first 0 million reads
2020-08-27 18:57:35,893 - DEBUG - Marking up chromosome 1
2020-08-27 18:58:25,789 - DEBUG - Marking up chromosome 10
2020-08-27 18:58:52,863 - DEBUG - Marking up chromosome 11
2020-08-27 18:59:37,871 - DEBUG - Read first 10 million reads
2020-08-27 18:59:46,035 - DEBUG - Marking up chromosome 12
2020-08-27 19:00:18,490 - DEBUG - Marking up chromosome 13
2020-08-27 19:00:30,889 - DEBUG - Marking up chromosome 14
2020-08-27 19:00:53,350 - DEBUG - Marking up chromosome 15
2020-08-27 19:01:13,738 - DEBUG - Marking up chromosome 16
2020-08-27 19:01:30,925 - DEBUG - Read first 20 million reads
2020-08-27 19:01:37,884 - DEBUG - Marking up chromosome 17
2020-08-27 19:02:07,602 - DEBUG - Marking up chromosome 18
2020-08-27 19:02:19,898 - DEBUG - Marking up chromosome 19
2020-08-27 19:02:42,270 - DEBUG - Marking up chromosome 2
2020-08-27 19:03:28,024 - DEBUG - Marking up chromosome 20
2020-08-27 19:03:37,566 - DEBUG - Read first 30 million reads
2020-08-27 19:03:40,102 - DEBUG - Marking up chromosome 21
2020-08-27 19:03:58,967 - DEBUG - Read first 40 million reads
2020-08-27 19:04:18,500 - DEBUG - Read first 50 million reads
2020-08-27 19:04:37,800 - DEBUG - Read first 60 million reads
2020-08-27 19:04:57,382 - DEBUG - Read first 70 million reads
2020-08-27 19:05:16,744 - DEBUG - Read first 80 million reads
2020-08-27 19:05:36,985 - DEBUG - Read first 90 million reads
2020-08-27 19:05:56,513 - DEBUG - Read first 100 million reads
2020-08-27 19:06:15,813 - DEBUG - Read first 110 million reads
2020-08-27 19:06:41,163 - DEBUG - Marking up chromosome 22
2020-08-27 19:06:44,027 - DEBUG - Read first 120 million reads
2020-08-27 19:06:53,534 - DEBUG - Marking up chromosome 3
2020-08-27 19:07:33,511 - DEBUG - Marking up chromosome 4
2020-08-27 19:07:59,374 - DEBUG - Marking up chromosome 5
2020-08-27 19:08:31,099 - DEBUG - Marking up chromosome 6
2020-08-27 19:08:50,787 - DEBUG - Read first 130 million reads
2020-08-27 19:09:00,023 - DEBUG - Marking up chromosome 7
2020-08-27 19:09:30,973 - DEBUG - Marking up chromosome 8
2020-08-27 19:09:56,298 - DEBUG - Marking up chromosome 9
2020-08-27 19:10:15,562 - DEBUG - Marking up chromosome MT
2020-08-27 19:10:30,792 - DEBUG - Read first 140 million reads
2020-08-27 19:10:38,708 - DEBUG - Marking up chromosome X
2020-08-27 19:10:56,493 - DEBUG - Marking up chromosome Y
2020-08-27 19:10:56,520 - DEBUG - Marking up chromosome KI270728.1
2020-08-27 19:10:56,522 - DEBUG - Marking up chromosome KI270727.1
2020-08-27 19:10:56,527 - DEBUG - Marking up chromosome KI270442.1
2020-08-27 19:10:56,528 - WARNING - The .bam file refers to a chromosome 'KI270442.1+' not present in the annotation (.gtf) file
2020-08-27 19:10:56,528 - WARNING - The .bam file refers to a chromosome 'KI270442.1-' not present in the annotation (.gtf) file
2020-08-27 19:10:56,531 - DEBUG - Marking up chromosome KI270729.1
2020-08-27 19:10:56,531 - WARNING - The .bam file refers to a chromosome 'KI270729.1+' not present in the annotation (.gtf) file
2020-08-27 19:10:56,531 - WARNING - The .bam file refers to a chromosome 'KI270729.1-' not present in the annotation (.gtf) file
2020-08-27 19:10:56,531 - DEBUG - Marking up chromosome GL000225.1
2020-08-27 19:10:56,531 - WARNING - The .bam file refers to a chromosome 'GL000225.1+' not present in the annotation (.gtf) file
2020-08-27 19:10:56,531 - WARNING - The .bam file refers to a chromosome 'GL000225.1-' not present in the annotation (.gtf) file
2020-08-27 19:10:56,532 - DEBUG - Marking up chromosome KI270743.1
2020-08-27 19:10:56,532 - WARNING - The .bam file refers to a chromosome 'KI270743.1+' not present in the annotation (.gtf) file
2020-08-27 19:10:56,532 - WARNING - The .bam file refers to a chromosome 'KI270743.1-' not present in the annotation (.gtf) file
2020-08-27 19:10:56,535 - DEBUG - Marking up chromosome GL000008.2
2020-08-27 19:10:56,535 - WARNING - The .bam file refers to a chromosome 'GL000008.2+' not present in the annotation (.gtf) file
2020-08-27 19:10:56,535 - WARNING - The .bam file refers to a chromosome 'GL000008.2-' not present in the annotation (.gtf) file
2020-08-27 19:10:56,542 - DEBUG - Marking up chromosome GL000009.2
2020-08-27 19:10:56,542 - WARNING - The .bam file refers to a chromosome 'GL000009.2+' not present in the annotation (.gtf) file
2020-08-27 19:10:56,545 - DEBUG - Marking up chromosome KI270747.1
2020-08-27 19:10:56,545 - WARNING - The .bam file refers to a chromosome 'KI270747.1+' not present in the annotation (.gtf) file
2020-08-27 19:10:56,545 - WARNING - The .bam file refers to a chromosome 'KI270747.1-' not present in the annotation (.gtf) file
2020-08-27 19:10:56,547 - DEBUG - Marking up chromosome KI270722.1
2020-08-27 19:10:56,547 - WARNING - The .bam file refers to a chromosome 'KI270722.1+' not present in the annotation (.gtf) file
2020-08-27 19:10:56,547 - WARNING - The .bam file refers to a chromosome 'KI270722.1-' not present in the annotation (.gtf) file
2020-08-27 19:10:56,547 - DEBUG - Marking up chromosome GL000194.1
2020-08-27 19:10:56,547 - WARNING - The .bam file refers to a chromosome 'GL000194.1+' not present in the annotation (.gtf) file
2020-08-27 19:10:56,562 - DEBUG - Marking up chromosome KI270742.1
2020-08-27 19:10:56,562 - WARNING - The .bam file refers to a chromosome 'KI270742.1+' not present in the annotation (.gtf) file
2020-08-27 19:10:56,562 - WARNING - The .bam file refers to a chromosome 'KI270742.1-' not present in the annotation (.gtf) file
2020-08-27 19:10:56,588 - DEBUG - Marking up chromosome GL000205.2
2020-08-27 19:10:56,589 - WARNING - The .bam file refers to a chromosome 'GL000205.2+' not present in the annotation (.gtf) file
2020-08-27 19:10:56,604 - DEBUG - Marking up chromosome GL000195.1
2020-08-27 19:10:56,621 - DEBUG - Marking up chromosome KI270733.1
2020-08-27 19:10:56,621 - WARNING - The .bam file refers to a chromosome 'KI270733.1+' not present in the annotation (.gtf) file
2020-08-27 19:10:56,621 - WARNING - The .bam file refers to a chromosome 'KI270733.1-' not present in the annotation (.gtf) file
2020-08-27 19:11:10,771 - DEBUG - Read first 150 million reads
2020-08-27 19:11:29,791 - DEBUG - Read first 160 million reads
2020-08-27 19:11:49,284 - DEBUG - Read first 170 million reads
2020-08-27 19:12:08,413 - DEBUG - Read first 180 million reads
2020-08-27 19:12:25,879 - DEBUG - Marking up chromosome GL000224.1
2020-08-27 19:12:25,880 - WARNING - The .bam file refers to a chromosome 'GL000224.1+' not present in the annotation (.gtf) file
2020-08-27 19:12:25,880 - WARNING - The .bam file refers to a chromosome 'GL000224.1-' not present in the annotation (.gtf) file
2020-08-27 19:12:25,894 - DEBUG - Marking up chromosome GL000219.1
2020-08-27 19:12:25,894 - WARNING - The .bam file refers to a chromosome 'GL000219.1+' not present in the annotation (.gtf) file
2020-08-27 19:12:25,934 - DEBUG - Marking up chromosome KI270719.1
2020-08-27 19:12:25,934 - WARNING - The .bam file refers to a chromosome 'KI270719.1+' not present in the annotation (.gtf) file
2020-08-27 19:12:25,934 - WARNING - The .bam file refers to a chromosome 'KI270719.1-' not present in the annotation (.gtf) file
2020-08-27 19:12:25,937 - DEBUG - Marking up chromosome KI270712.1
2020-08-27 19:12:25,937 - WARNING - The .bam file refers to a chromosome 'KI270712.1+' not present in the annotation (.gtf) file
2020-08-27 19:12:25,937 - WARNING - The .bam file refers to a chromosome 'KI270712.1-' not present in the annotation (.gtf) file
2020-08-27 19:12:25,939 - DEBUG - Marking up chromosome KI270706.1
2020-08-27 19:12:25,939 - WARNING - The .bam file refers to a chromosome 'KI270706.1+' not present in the annotation (.gtf) file
2020-08-27 19:12:25,939 - WARNING - The .bam file refers to a chromosome 'KI270706.1-' not present in the annotation (.gtf) file
2020-08-27 19:12:25,949 - DEBUG - Marking up chromosome KI270725.1
2020-08-27 19:12:25,949 - WARNING - The .bam file refers to a chromosome 'KI270725.1+' not present in the annotation (.gtf) file
2020-08-27 19:12:25,949 - WARNING - The .bam file refers to a chromosome 'KI270725.1-' not present in the annotation (.gtf) file
2020-08-27 19:12:25,951 - DEBUG - Marking up chromosome KI270744.1
2020-08-27 19:12:25,951 - WARNING - The .bam file refers to a chromosome 'KI270744.1+' not present in the annotation (.gtf) file
2020-08-27 19:12:25,951 - WARNING - The .bam file refers to a chromosome 'KI270744.1-' not present in the annotation (.gtf) file
2020-08-27 19:12:25,961 - DEBUG - Marking up chromosome GL000213.1
2020-08-27 19:12:25,961 - WARNING - The .bam file refers to a chromosome 'GL000213.1+' not present in the annotation (.gtf) file
2020-08-27 19:12:25,965 - DEBUG - Marking up chromosome GL000220.1
2020-08-27 19:12:25,965 - WARNING - The .bam file refers to a chromosome 'GL000220.1+' not present in the annotation (.gtf) file
2020-08-27 19:12:25,965 - WARNING - The .bam file refers to a chromosome 'GL000220.1-' not present in the annotation (.gtf) file
2020-08-27 19:12:27,745 - DEBUG - Read first 190 million reads
2020-08-27 19:12:46,908 - DEBUG - Read first 200 million reads
2020-08-27 19:13:05,930 - DEBUG - Read first 210 million reads
2020-08-27 19:13:25,336 - DEBUG - Read first 220 million reads
2020-08-27 19:13:44,358 - DEBUG - Read first 230 million reads
2020-08-27 19:13:55,219 - DEBUG - Marking up chromosome GL000218.1
2020-08-27 19:13:55,219 - WARNING - The .bam file refers to a chromosome 'GL000218.1+' not present in the annotation (.gtf) file
2020-08-27 19:13:55,245 - DEBUG - Marking up chromosome KI270749.1
2020-08-27 19:13:55,245 - WARNING - The .bam file refers to a chromosome 'KI270749.1+' not present in the annotation (.gtf) file
2020-08-27 19:13:55,245 - WARNING - The .bam file refers to a chromosome 'KI270749.1-' not present in the annotation (.gtf) file
2020-08-27 19:13:55,246 - DEBUG - Marking up chromosome GL000221.1
2020-08-27 19:13:55,246 - WARNING - The .bam file refers to a chromosome 'GL000221.1+' not present in the annotation (.gtf) file
2020-08-27 19:13:55,246 - WARNING - The .bam file refers to a chromosome 'GL000221.1-' not present in the annotation (.gtf) file
2020-08-27 19:13:55,263 - DEBUG - Marking up chromosome KI270751.1
2020-08-27 19:13:55,263 - WARNING - The .bam file refers to a chromosome 'KI270751.1+' not present in the annotation (.gtf) file
2020-08-27 19:13:55,263 - WARNING - The .bam file refers to a chromosome 'KI270751.1-' not present in the annotation (.gtf) file
2020-08-27 19:13:55,266 - DEBUG - Marking up chromosome GL000214.1
2020-08-27 19:13:55,266 - WARNING - The .bam file refers to a chromosome 'GL000214.1+' not present in the annotation (.gtf) file
2020-08-27 19:13:55,266 - WARNING - The .bam file refers to a chromosome 'GL000214.1-' not present in the annotation (.gtf) file
2020-08-27 19:13:55,275 - DEBUG - Marking up chromosome KI270708.1
2020-08-27 19:13:55,275 - WARNING - The .bam file refers to a chromosome 'KI270708.1+' not present in the annotation (.gtf) file
2020-08-27 19:13:55,275 - WARNING - The .bam file refers to a chromosome 'KI270708.1-' not present in the annotation (.gtf) file
2020-08-27 19:13:55,277 - DEBUG - Marking up chromosome KI270721.1
2020-08-27 19:13:55,277 - WARNING - The .bam file refers to a chromosome 'KI270721.1-' not present in the annotation (.gtf) file
2020-08-27 19:13:55,280 - DEBUG - Marking up chromosome KI270435.1
2020-08-27 19:13:55,280 - WARNING - The .bam file refers to a chromosome 'KI270435.1+' not present in the annotation (.gtf) file
2020-08-27 19:13:55,280 - WARNING - The .bam file refers to a chromosome 'KI270435.1-' not present in the annotation (.gtf) file
2020-08-27 19:13:55,284 - DEBUG - Marking up chromosome KI270538.1
2020-08-27 19:13:55,284 - WARNING - The .bam file refers to a chromosome 'KI270538.1+' not present in the annotation (.gtf) file
2020-08-27 19:13:55,284 - WARNING - The .bam file refers to a chromosome 'KI270538.1-' not present in the annotation (.gtf) file
2020-08-27 19:13:55,285 - DEBUG - Marking up chromosome KI270746.1
2020-08-27 19:13:55,285 - WARNING - The .bam file refers to a chromosome 'KI270746.1+' not present in the annotation (.gtf) file
2020-08-27 19:13:55,285 - WARNING - The .bam file refers to a chromosome 'KI270746.1-' not present in the annotation (.gtf) file
2020-08-27 19:13:55,291 - DEBUG - Marking up chromosome KI270711.1
2020-08-27 19:13:55,292 - WARNING - The .bam file refers to a chromosome 'KI270711.1+' not present in the annotation (.gtf) file
2020-08-27 19:13:55,308 - DEBUG - Marking up chromosome KI270714.1
2020-08-27 19:13:55,308 - WARNING - The .bam file refers to a chromosome 'KI270714.1+' not present in the annotation (.gtf) file
2020-08-27 19:13:55,308 - WARNING - The .bam file refers to a chromosome 'KI270714.1-' not present in the annotation (.gtf) file
2020-08-27 19:13:55,308 - DEBUG - Marking up chromosome KI270713.1
2020-08-27 19:13:55,310 - DEBUG - Marking up chromosome KI270754.1
2020-08-27 19:13:55,310 - WARNING - The .bam file refers to a chromosome 'KI270754.1+' not present in the annotation (.gtf) file
2020-08-27 19:13:55,310 - WARNING - The .bam file refers to a chromosome 'KI270754.1-' not present in the annotation (.gtf) file
2020-08-27 19:13:55,312 - DEBUG - Marking up chromosome KI270717.1
2020-08-27 19:13:55,312 - WARNING - The .bam file refers to a chromosome 'KI270717.1+' not present in the annotation (.gtf) file
2020-08-27 19:13:55,312 - WARNING - The .bam file refers to a chromosome 'KI270717.1-' not present in the annotation (.gtf) file
2020-08-27 19:13:55,316 - DEBUG - Marking up chromosome KI270723.1
2020-08-27 19:13:55,316 - WARNING - The .bam file refers to a chromosome 'KI270723.1+' not present in the annotation (.gtf) file
2020-08-27 19:13:55,316 - WARNING - The .bam file refers to a chromosome 'KI270723.1-' not present in the annotation (.gtf) file
2020-08-27 19:13:55,318 - DEBUG - Marking up chromosome KI270718.1
2020-08-27 19:13:55,318 - WARNING - The .bam file refers to a chromosome 'KI270718.1+' not present in the annotation (.gtf) file
2020-08-27 19:13:55,318 - WARNING - The .bam file refers to a chromosome 'KI270718.1-' not present in the annotation (.gtf) file
2020-08-27 19:13:55,326 - DEBUG - Marking up chromosome KI270707.1
2020-08-27 19:13:55,326 - WARNING - The .bam file refers to a chromosome 'KI270707.1+' not present in the annotation (.gtf) file
2020-08-27 19:13:55,326 - WARNING - The .bam file refers to a chromosome 'KI270707.1-' not present in the annotation (.gtf) file
2020-08-27 19:13:55,327 - DEBUG - Marking up chromosome KI270512.1
2020-08-27 19:13:55,327 - WARNING - The .bam file refers to a chromosome 'KI270512.1+' not present in the annotation (.gtf) file
2020-08-27 19:13:55,327 - WARNING - The .bam file refers to a chromosome 'KI270512.1-' not present in the annotation (.gtf) file
2020-08-27 19:13:55,327 - DEBUG - Marking up chromosome KI270590.1
2020-08-27 19:13:55,327 - WARNING - The .bam file refers to a chromosome 'KI270590.1+' not present in the annotation (.gtf) file
2020-08-27 19:13:55,327 - WARNING - The .bam file refers to a chromosome 'KI270590.1-' not present in the annotation (.gtf) file
2020-08-27 19:13:55,328 - DEBUG - Marking up chromosome KI270467.1
2020-08-27 19:13:55,328 - WARNING - The .bam file refers to a chromosome 'KI270467.1+' not present in the annotation (.gtf) file
2020-08-27 19:13:55,328 - WARNING - The .bam file refers to a chromosome 'KI270467.1-' not present in the annotation (.gtf) file
2020-08-27 19:13:55,329 - DEBUG - Marking up chromosome KI270330.1
2020-08-27 19:13:55,329 - WARNING - The .bam file refers to a chromosome 'KI270330.1+' not present in the annotation (.gtf) file
2020-08-27 19:13:55,329 - WARNING - The .bam file refers to a chromosome 'KI270330.1-' not present in the annotation (.gtf) file
2020-08-27 19:13:55,333 - DEBUG - Marking up chromosome KI270583.1
2020-08-27 19:13:55,333 - WARNING - The .bam file refers to a chromosome 'KI270583.1+' not present in the annotation (.gtf) file
2020-08-27 19:13:55,333 - WARNING - The .bam file refers to a chromosome 'KI270583.1-' not present in the annotation (.gtf) file
2020-08-27 19:13:55,334 - DEBUG - Marking up chromosome KI270466.1
2020-08-27 19:13:55,334 - WARNING - The .bam file refers to a chromosome 'KI270466.1+' not present in the annotation (.gtf) file
2020-08-27 19:13:55,334 - WARNING - The .bam file refers to a chromosome 'KI270466.1-' not present in the annotation (.gtf) file
2020-08-27 19:14:02,879 - DEBUG - Read first 240 million reads
2020-08-27 19:14:09,430 - DEBUG - End of file. Reset index: start scanning from initial position.
2020-08-27 19:14:09,431 - DEBUG - 1342860 reads were skipped because no apropiate cell or umi barcode was found
2020-08-27 19:14:09,431 - DEBUG - Start molecule counting!
2020-08-27 19:14:13,454 - DEBUG - Features available for chromosomes : ['1-', '1+', '10-', '10+', '11-', '11+', '12-', '12+', '13-', '13+', '14-', '14+', '15-', '15+', '16-', '16+', '17-', '17+', '18-', '18+', '19-', '19+', '2-', '2+', '20-', '20+', '21-', '21+', '22-', '22+', '3-', '3+', '4-', '4+', '5-', '5+', '6-', '6+', '7-', '7+', '8-', '8+', '9-', '9+', 'GL000009.2-', 'GL000194.1-', 'GL000195.1-', 'GL000195.1+', 'GL000205.2-', 'GL000213.1-', 'GL000218.1-', 'GL000219.1-', 'KI270711.1-', 'KI270713.1-', 'KI270713.1+', 'KI270721.1+', 'KI270726.1+', 'KI270727.1-', 'KI270727.1+', 'KI270728.1-', 'KI270728.1+', 'KI270731.1-', 'KI270734.1-', 'KI270734.1+', 'MT-', 'MT+', 'X-', 'X+', 'Y-', 'Y+']
2020-08-27 19:14:13,455 - DEBUG - Mask available for chromosomes : []
2020-08-27 19:14:13,455 - DEBUG - Summarizing the results of intron validation.
2020-08-27 19:14:14,028 - DEBUG - Validated 101681 introns (of which unique intervals 32637) out of 996444 total possible introns (considering each possible transcript models).
2020-08-27 19:14:14,029 - DEBUG - Reading /net/isi-dcnl/ifs/user_data/abild/Megatron_data/COH057/feline_p29_40_mRNA/cell_ranger/FEL030_S_2/outs/cellsorted_possorted_genome_bam.bam
2020-08-27 19:14:14,077 - DEBUG - Read first 0 million reads
2020-08-27 19:14:34,328 - DEBUG - Read first 10 million reads
2020-08-27 19:14:54,388 - DEBUG - Read first 20 million reads
2020-08-27 19:15:13,103 - DEBUG - Read first 30 million reads
2020-08-27 19:15:56,272 - DEBUG - Read first 40 million reads
2020-08-27 19:16:25,774 - DEBUG - Read first 50 million reads
2020-08-27 19:17:08,413 - DEBUG - Read first 60 million reads
2020-08-27 19:17:48,204 - DEBUG - Read first 70 million reads
2020-08-27 19:18:26,006 - DEBUG - Read first 80 million reads
2020-08-27 19:19:09,206 - DEBUG - Read first 90 million reads
2020-08-27 19:19:44,368 - DEBUG - Read first 100 million reads
2020-08-27 19:20:37,443 - DEBUG - Read first 110 million reads
2020-08-27 19:20:54,322 - DEBUG - Counting for batch 1, containing 100 cells and 13067711 reads
2020-08-27 19:28:13,570 - DEBUG - 0 reads not considered because fully enclosed in repeat masked regions
2020-08-27 19:29:16,782 - DEBUG - Read first 120 million reads
2020-08-27 19:29:50,968 - DEBUG - Read first 130 million reads
2020-08-27 19:30:19,174 - DEBUG - Read first 140 million reads
2020-08-27 19:30:57,041 - DEBUG - Read first 150 million reads
2020-08-27 19:31:30,769 - DEBUG - Read first 160 million reads
2020-08-27 19:32:08,163 - DEBUG - Read first 170 million reads
2020-08-27 19:32:44,266 - DEBUG - Read first 180 million reads
2020-08-27 19:33:17,396 - DEBUG - Read first 190 million reads
2020-08-27 19:33:36,758 - DEBUG - Counting for batch 2, containing 100 cells and 10197319 reads
2020-08-27 19:39:27,231 - DEBUG - 0 reads not considered because fully enclosed in repeat masked regions
2020-08-27 19:40:20,372 - DEBUG - Read first 200 million reads
2020-08-27 19:40:50,163 - DEBUG - Read first 210 million reads
2020-08-27 19:41:25,929 - DEBUG - Read first 220 million reads
2020-08-27 19:41:57,189 - DEBUG - Read first 230 million reads
2020-08-27 19:42:25,698 - DEBUG - Read first 240 million reads
2020-08-27 19:42:35,522 - DEBUG - Counting for batch 3, containing 51 cells and 6068337 reads
2020-08-27 19:45:53,030 - DEBUG - 0 reads not considered because fully enclosed in repeat masked regions
2020-08-27 19:46:13,668 - DEBUG - 1342860 reads were skipped because no apropiate cell or umi barcode was found
2020-08-27 19:46:13,669 - DEBUG - Counting done!
2020-08-27 19:46:13,684 - DEBUG - Generating output file /net/isi-dcnl/ifs/user_data/abild/Megatron_data/COH057/feline_p29_40_mRNA/cell_ranger/FEL030_S_2/velocyto/FEL030_S_2.loom
2020-08-27 19:46:13,684 - DEBUG - Collecting row attributes
2020-08-27 19:46:13,810 - DEBUG - Generating data table
2020-08-27 19:46:13,874 - DEBUG - Writing loom file
2020-08-27 19:46:15,147 - DEBUG - Terminated Succesfully!
Start: 1598579817
End: 1598582777
Run time: 2960
Done
