CPU: 16
N: 66
Step1: Analyze spliced and unspliced reads and genrate a loom file for velocityR
Run velocyto to generate loom file
2020-08-27 19:48:01,021 - DEBUG - Using logic: Default
2020-08-27 19:48:01,041 - INFO - Read 4262 cell barcodes from /net/isi-dcnl/ifs/user_data/abild/Megatron_data/COH057/feline_p29_40_mRNA/cell_ranger/FEL034_M/outs/filtered_feature_bc_matrix/barcodes.tsv.gz
2020-08-27 19:48:01,041 - DEBUG - Example of barcode: AAACCCAAGCTCGGCT and cell_id: FEL034_M:AAACCCAAGCTCGGCT-1
2020-08-27 19:48:01,054 - DEBUG - Peeking into /net/isi-dcnl/ifs/user_data/abild/Megatron_data/COH057/feline_p29_40_mRNA/cell_ranger/FEL034_M/outs/possorted_genome_bam.bam
2020-08-27 19:48:01,163 - WARNING - Not found cell and umi barcode in entry 0 of the bam file
2020-08-27 19:48:01,164 - WARNING - Not found cell and umi barcode in entry 7 of the bam file
2020-08-27 19:48:01,164 - WARNING - Not found cell and umi barcode in entry 8 of the bam file
2020-08-27 19:48:01,164 - WARNING - Not found cell and umi barcode in entry 10 of the bam file
2020-08-27 19:48:01,164 - WARNING - Not found cell and umi barcode in entry 11 of the bam file
2020-08-27 19:48:01,164 - WARNING - Not found cell and umi barcode in entry 12 of the bam file
2020-08-27 19:48:01,164 - WARNING - Not found cell and umi barcode in entry 16 of the bam file
2020-08-27 19:48:01,164 - WARNING - Not found cell and umi barcode in entry 44 of the bam file
2020-08-27 19:48:01,165 - WARNING - Not found cell and umi barcode in entry 153 of the bam file
2020-08-27 19:48:01,165 - WARNING - Not found cell and umi barcode in entry 182 of the bam file
2020-08-27 19:48:01,165 - WARNING - Not found cell and umi barcode in entry 183 of the bam file
2020-08-27 19:48:01,165 - WARNING - Not found cell and umi barcode in entry 207 of the bam file
2020-08-27 19:48:01,166 - WARNING - Not found cell and umi barcode in entry 297 of the bam file
2020-08-27 19:48:01,166 - WARNING - Not found cell and umi barcode in entry 333 of the bam file
2020-08-27 19:48:01,166 - WARNING - Not found cell and umi barcode in entry 336 of the bam file
2020-08-27 19:48:01,167 - WARNING - Not found cell and umi barcode in entry 431 of the bam file
2020-08-27 19:48:01,167 - WARNING - Not found cell and umi barcode in entry 484 of the bam file
2020-08-27 19:48:01,167 - WARNING - Not found cell and umi barcode in entry 485 of the bam file
2020-08-27 19:48:01,168 - WARNING - Not found cell and umi barcode in entry 619 of the bam file
2020-08-27 19:48:01,169 - WARNING - Not found cell and umi barcode in entry 696 of the bam file
2020-08-27 19:48:01,169 - WARNING - Not found cell and umi barcode in entry 707 of the bam file
2020-08-27 19:48:01,169 - WARNING - Not found cell and umi barcode in entry 731 of the bam file
2020-08-27 19:48:01,169 - WARNING - Not found cell and umi barcode in entry 750 of the bam file
2020-08-27 19:48:01,170 - WARNING - Not found cell and umi barcode in entry 825 of the bam file
2020-08-27 19:48:01,170 - WARNING - Not found cell and umi barcode in entry 828 of the bam file
2020-08-27 19:48:01,170 - WARNING - Not found cell and umi barcode in entry 831 of the bam file
2020-08-27 19:48:01,170 - WARNING - Not found cell and umi barcode in entry 834 of the bam file
2020-08-27 19:48:01,170 - WARNING - Not found cell and umi barcode in entry 838 of the bam file
2020-08-27 19:48:01,170 - WARNING - Not found cell and umi barcode in entry 839 of the bam file
2020-08-27 19:48:01,170 - WARNING - Not found cell and umi barcode in entry 840 of the bam file
2020-08-27 19:48:01,170 - WARNING - Not found cell and umi barcode in entry 855 of the bam file
2020-08-27 19:48:01,170 - WARNING - Not found cell and umi barcode in entry 862 of the bam file
2020-08-27 19:48:01,171 - WARNING - Not found cell and umi barcode in entry 875 of the bam file
2020-08-27 19:48:01,171 - WARNING - Not found cell and umi barcode in entry 878 of the bam file
2020-08-27 19:48:01,171 - WARNING - Not found cell and umi barcode in entry 879 of the bam file
2020-08-27 19:48:01,171 - WARNING - Not found cell and umi barcode in entry 887 of the bam file
2020-08-27 19:48:01,171 - WARNING - Not found cell and umi barcode in entry 888 of the bam file
2020-08-27 19:48:01,171 - WARNING - Not found cell and umi barcode in entry 889 of the bam file
2020-08-27 19:48:01,171 - WARNING - Not found cell and umi barcode in entry 894 of the bam file
2020-08-27 19:48:01,171 - WARNING - Not found cell and umi barcode in entry 897 of the bam file
2020-08-27 19:48:01,171 - WARNING - Not found cell and umi barcode in entry 898 of the bam file
2020-08-27 19:48:01,171 - WARNING - Not found cell and umi barcode in entry 899 of the bam file
2020-08-27 19:48:01,171 - WARNING - Not found cell and umi barcode in entry 900 of the bam file
2020-08-27 19:48:01,171 - WARNING - Not found cell and umi barcode in entry 903 of the bam file
2020-08-27 19:48:01,171 - WARNING - Not found cell and umi barcode in entry 904 of the bam file
2020-08-27 19:48:01,171 - WARNING - Not found cell and umi barcode in entry 905 of the bam file
2020-08-27 19:48:01,172 - WARNING - Not found cell and umi barcode in entry 906 of the bam file
2020-08-27 19:48:01,172 - WARNING - Not found cell and umi barcode in entry 907 of the bam file
2020-08-27 19:48:01,172 - WARNING - Not found cell and umi barcode in entry 908 of the bam file
2020-08-27 19:48:01,172 - WARNING - Not found cell and umi barcode in entry 910 of the bam file
2020-08-27 19:48:01,172 - WARNING - Not found cell and umi barcode in entry 911 of the bam file
2020-08-27 19:48:01,172 - WARNING - Not found cell and umi barcode in entry 912 of the bam file
2020-08-27 19:48:01,172 - WARNING - Not found cell and umi barcode in entry 915 of the bam file
2020-08-27 19:48:01,172 - WARNING - Not found cell and umi barcode in entry 916 of the bam file
2020-08-27 19:48:01,172 - WARNING - Not found cell and umi barcode in entry 917 of the bam file
2020-08-27 19:48:01,172 - WARNING - Not found cell and umi barcode in entry 918 of the bam file
2020-08-27 19:48:01,172 - WARNING - Not found cell and umi barcode in entry 919 of the bam file
2020-08-27 19:48:01,172 - WARNING - Not found cell and umi barcode in entry 921 of the bam file
2020-08-27 19:48:01,172 - WARNING - Not found cell and umi barcode in entry 922 of the bam file
2020-08-27 19:48:01,172 - WARNING - Not found cell and umi barcode in entry 923 of the bam file
2020-08-27 19:48:01,172 - WARNING - Not found cell and umi barcode in entry 924 of the bam file
2020-08-27 19:48:01,173 - WARNING - Not found cell and umi barcode in entry 925 of the bam file
2020-08-27 19:48:01,173 - WARNING - Not found cell and umi barcode in entry 927 of the bam file
2020-08-27 19:48:01,173 - WARNING - Not found cell and umi barcode in entry 928 of the bam file
2020-08-27 19:48:01,173 - WARNING - Not found cell and umi barcode in entry 929 of the bam file
2020-08-27 19:48:01,173 - WARNING - Not found cell and umi barcode in entry 930 of the bam file
2020-08-27 19:48:01,173 - WARNING - Not found cell and umi barcode in entry 932 of the bam file
2020-08-27 19:48:01,173 - WARNING - Not found cell and umi barcode in entry 933 of the bam file
2020-08-27 19:48:01,173 - WARNING - Not found cell and umi barcode in entry 934 of the bam file
2020-08-27 19:48:01,173 - WARNING - Not found cell and umi barcode in entry 935 of the bam file
2020-08-27 19:48:01,173 - WARNING - Not found cell and umi barcode in entry 936 of the bam file
2020-08-27 19:48:01,173 - WARNING - Not found cell and umi barcode in entry 937 of the bam file
2020-08-27 19:48:01,174 - WARNING - Not found cell and umi barcode in entry 938 of the bam file
2020-08-27 19:48:01,174 - WARNING - Not found cell and umi barcode in entry 939 of the bam file
2020-08-27 19:48:01,174 - WARNING - Not found cell and umi barcode in entry 940 of the bam file
2020-08-27 19:48:01,174 - WARNING - Not found cell and umi barcode in entry 942 of the bam file
2020-08-27 19:48:01,174 - WARNING - Not found cell and umi barcode in entry 943 of the bam file
2020-08-27 19:48:01,174 - WARNING - Not found cell and umi barcode in entry 944 of the bam file
2020-08-27 19:48:01,174 - WARNING - Not found cell and umi barcode in entry 947 of the bam file
2020-08-27 19:48:01,174 - WARNING - Not found cell and umi barcode in entry 949 of the bam file
2020-08-27 19:48:01,174 - WARNING - Not found cell and umi barcode in entry 950 of the bam file
2020-08-27 19:48:01,174 - WARNING - Not found cell and umi barcode in entry 951 of the bam file
2020-08-27 19:48:01,174 - WARNING - Not found cell and umi barcode in entry 952 of the bam file
2020-08-27 19:48:01,174 - WARNING - Not found cell and umi barcode in entry 953 of the bam file
2020-08-27 19:48:01,174 - WARNING - Not found cell and umi barcode in entry 954 of the bam file
2020-08-27 19:48:01,174 - WARNING - Not found cell and umi barcode in entry 955 of the bam file
2020-08-27 19:48:01,175 - WARNING - Not found cell and umi barcode in entry 956 of the bam file
2020-08-27 19:48:01,175 - WARNING - Not found cell and umi barcode in entry 957 of the bam file
2020-08-27 19:48:01,175 - WARNING - Not found cell and umi barcode in entry 958 of the bam file
2020-08-27 19:48:01,175 - WARNING - Not found cell and umi barcode in entry 959 of the bam file
2020-08-27 19:48:01,175 - WARNING - Not found cell and umi barcode in entry 960 of the bam file
2020-08-27 19:48:01,175 - WARNING - Not found cell and umi barcode in entry 961 of the bam file
2020-08-27 19:48:01,175 - WARNING - Not found cell and umi barcode in entry 962 of the bam file
2020-08-27 19:48:01,175 - WARNING - Not found cell and umi barcode in entry 963 of the bam file
2020-08-27 19:48:01,175 - WARNING - Not found cell and umi barcode in entry 964 of the bam file
2020-08-27 19:48:01,175 - WARNING - Not found cell and umi barcode in entry 965 of the bam file
2020-08-27 19:48:01,176 - WARNING - Not found cell and umi barcode in entry 966 of the bam file
2020-08-27 19:48:01,176 - WARNING - Not found cell and umi barcode in entry 967 of the bam file
2020-08-27 19:48:01,176 - WARNING - Not found cell and umi barcode in entry 968 of the bam file
2020-08-27 19:48:01,176 - WARNING - Not found cell and umi barcode in entry 980 of the bam file
2020-08-27 19:48:01,176 - WARNING - Not found cell and umi barcode in entry 981 of the bam file
2020-08-27 19:48:01,176 - WARNING - Not found cell and umi barcode in entry 988 of the bam file
2020-08-27 19:48:01,176 - WARNING - Not found cell and umi barcode in entry 996 of the bam file
2020-08-27 19:48:01,177 - WARNING - Not found cell and umi barcode in entry 1001 of the bam file
2020-08-27 19:48:01,177 - WARNING - Not found cell and umi barcode in entry 1002 of the bam file
2020-08-27 19:48:01,177 - WARNING - Not found cell and umi barcode in entry 1003 of the bam file
2020-08-27 19:48:01,177 - WARNING - Not found cell and umi barcode in entry 1004 of the bam file
2020-08-27 19:48:01,177 - WARNING - Not found cell and umi barcode in entry 1005 of the bam file
2020-08-27 19:48:01,177 - WARNING - Not found cell and umi barcode in entry 1007 of the bam file
2020-08-27 19:48:01,177 - WARNING - Not found cell and umi barcode in entry 1008 of the bam file
2020-08-27 19:48:01,177 - WARNING - Not found cell and umi barcode in entry 1010 of the bam file
2020-08-27 19:48:01,177 - WARNING - Not found cell and umi barcode in entry 1011 of the bam file
2020-08-27 19:48:01,177 - WARNING - Not found cell and umi barcode in entry 1013 of the bam file
2020-08-27 19:48:01,177 - WARNING - Not found cell and umi barcode in entry 1019 of the bam file
2020-08-27 19:48:01,177 - WARNING - Not found cell and umi barcode in entry 1020 of the bam file
2020-08-27 19:48:01,177 - WARNING - Not found cell and umi barcode in entry 1021 of the bam file
2020-08-27 19:48:01,177 - WARNING - Not found cell and umi barcode in entry 1023 of the bam file
2020-08-27 19:48:01,178 - WARNING - Not found cell and umi barcode in entry 1027 of the bam file
2020-08-27 19:48:01,178 - WARNING - Not found cell and umi barcode in entry 1028 of the bam file
2020-08-27 19:48:01,178 - WARNING - Not found cell and umi barcode in entry 1029 of the bam file
2020-08-27 19:48:01,178 - WARNING - Not found cell and umi barcode in entry 1032 of the bam file
2020-08-27 19:48:01,178 - WARNING - Not found cell and umi barcode in entry 1036 of the bam file
2020-08-27 19:48:01,178 - WARNING - Not found cell and umi barcode in entry 1044 of the bam file
2020-08-27 19:48:01,178 - WARNING - Not found cell and umi barcode in entry 1056 of the bam file
2020-08-27 19:48:01,178 - WARNING - Not found cell and umi barcode in entry 1060 of the bam file
2020-08-27 19:48:01,178 - WARNING - Not found cell and umi barcode in entry 1077 of the bam file
2020-08-27 19:48:01,178 - WARNING - Not found cell and umi barcode in entry 1080 of the bam file
2020-08-27 19:48:01,178 - WARNING - Not found cell and umi barcode in entry 1088 of the bam file
2020-08-27 19:48:01,178 - WARNING - Not found cell and umi barcode in entry 1096 of the bam file
2020-08-27 19:48:01,178 - WARNING - Not found cell and umi barcode in entry 1097 of the bam file
2020-08-27 19:48:01,191 - WARNING - Not found cell and umi barcode in entry 1106 of the bam file
2020-08-27 19:48:01,191 - WARNING - Not found cell and umi barcode in entry 1112 of the bam file
2020-08-27 19:48:01,192 - WARNING - Not found cell and umi barcode in entry 1113 of the bam file
2020-08-27 19:48:01,192 - WARNING - Not found cell and umi barcode in entry 1121 of the bam file
2020-08-27 19:48:01,192 - WARNING - Not found cell and umi barcode in entry 1130 of the bam file
2020-08-27 19:48:01,192 - WARNING - Not found cell and umi barcode in entry 1131 of the bam file
2020-08-27 19:48:01,192 - WARNING - Not found cell and umi barcode in entry 1133 of the bam file
2020-08-27 19:48:01,192 - WARNING - Not found cell and umi barcode in entry 1136 of the bam file
2020-08-27 19:48:01,197 - WARNING - The file /net/isi-dcnl/ifs/user_data/abild/Megatron_data/COH057/feline_p29_40_mRNA/cell_ranger/FEL034_M/outs/cellsorted_possorted_genome_bam.bam already exists. The sorting step will be skipped and the existing file will be used.
2020-08-27 19:48:01,197 - INFO - Load the annotation from /net/isi-dcnl/ifs/user_data/abild/Genomes/refdata-cellranger-GRCh38-3.0.0/genes/genes.gtf
2020-08-27 19:48:09,188 - DEBUG - Parsing Chromosome 1 strand - [line 0]
2020-08-27 19:48:09,826 - DEBUG - Done with 1- [line 108728]
2020-08-27 19:48:09,826 - DEBUG - Assigning indexes to genes
2020-08-27 19:48:09,836 - DEBUG - Seen 1561 genes until now
2020-08-27 19:48:09,836 - DEBUG - Parsing Chromosome 1 strand + [line 108729]
2020-08-27 19:48:10,551 - DEBUG - Done with 1+ [line 232515]
2020-08-27 19:48:10,552 - DEBUG - Assigning indexes to genes
2020-08-27 19:48:10,563 - DEBUG - Seen 3154 genes until now
2020-08-27 19:48:10,563 - DEBUG - Parsing Chromosome 10 strand - [line 232516]
2020-08-27 19:48:11,021 - DEBUG - Done with 10- [line 279343]
2020-08-27 19:48:11,021 - DEBUG - Assigning indexes to genes
2020-08-27 19:48:11,024 - DEBUG - Seen 3737 genes until now
2020-08-27 19:48:11,025 - DEBUG - Parsing Chromosome 10 strand + [line 279344]
2020-08-27 19:48:11,210 - DEBUG - Done with 10+ [line 323872]
2020-08-27 19:48:11,210 - DEBUG - Assigning indexes to genes
2020-08-27 19:48:11,213 - DEBUG - Seen 4384 genes until now
2020-08-27 19:48:11,213 - DEBUG - Parsing Chromosome 11 strand - [line 323873]
2020-08-27 19:48:11,781 - DEBUG - Done with 11- [line 402908]
2020-08-27 19:48:11,781 - DEBUG - Assigning indexes to genes
2020-08-27 19:48:11,788 - DEBUG - Seen 5320 genes until now
2020-08-27 19:48:11,788 - DEBUG - Parsing Chromosome 11 strand + [line 402909]
2020-08-27 19:48:12,117 - DEBUG - Done with 11+ [line 482591]
2020-08-27 19:48:12,117 - DEBUG - Assigning indexes to genes
2020-08-27 19:48:12,125 - DEBUG - Seen 6305 genes until now
2020-08-27 19:48:12,125 - DEBUG - Parsing Chromosome 12 strand - [line 482592]
2020-08-27 19:48:12,703 - DEBUG - Done with 12- [line 559278]
2020-08-27 19:48:12,703 - DEBUG - Assigning indexes to genes
2020-08-27 19:48:12,709 - DEBUG - Seen 7177 genes until now
2020-08-27 19:48:12,709 - DEBUG - Parsing Chromosome 12 strand + [line 559279]
2020-08-27 19:48:13,017 - DEBUG - Done with 12+ [line 635173]
2020-08-27 19:48:13,018 - DEBUG - Assigning indexes to genes
2020-08-27 19:48:13,024 - DEBUG - Seen 8070 genes until now
2020-08-27 19:48:13,024 - DEBUG - Parsing Chromosome 13 strand - [line 635174]
2020-08-27 19:48:13,103 - DEBUG - Done with 13- [line 653523]
2020-08-27 19:48:13,103 - DEBUG - Assigning indexes to genes
2020-08-27 19:48:13,104 - DEBUG - Seen 8400 genes until now
2020-08-27 19:48:13,104 - DEBUG - Parsing Chromosome 13 strand + [line 653524]
2020-08-27 19:48:13,472 - DEBUG - Done with 13+ [line 673091]
2020-08-27 19:48:13,473 - DEBUG - Assigning indexes to genes
2020-08-27 19:48:13,474 - DEBUG - Seen 8736 genes until now
2020-08-27 19:48:13,474 - DEBUG - Parsing Chromosome 14 strand - [line 673092]
2020-08-27 19:48:13,653 - DEBUG - Done with 14- [line 716831]
2020-08-27 19:48:13,653 - DEBUG - Assigning indexes to genes
2020-08-27 19:48:13,657 - DEBUG - Seen 9452 genes until now
2020-08-27 19:48:13,657 - DEBUG - Parsing Chromosome 14 strand + [line 716832]
2020-08-27 19:48:13,853 - DEBUG - Done with 14+ [line 764942]
2020-08-27 19:48:13,853 - DEBUG - Assigning indexes to genes
2020-08-27 19:48:13,857 - DEBUG - Seen 10121 genes until now
2020-08-27 19:48:13,857 - DEBUG - Parsing Chromosome 15 strand - [line 764943]
2020-08-27 19:48:14,061 - DEBUG - Done with 15- [line 813803]
2020-08-27 19:48:14,061 - DEBUG - Assigning indexes to genes
2020-08-27 19:48:14,065 - DEBUG - Seen 10698 genes until now
2020-08-27 19:48:14,065 - DEBUG - Parsing Chromosome 15 strand + [line 813804]
2020-08-27 19:48:14,244 - DEBUG - Done with 15+ [line 857859]
2020-08-27 19:48:14,244 - DEBUG - Assigning indexes to genes
2020-08-27 19:48:14,248 - DEBUG - Seen 11256 genes until now
2020-08-27 19:48:14,248 - DEBUG - Parsing Chromosome 16 strand - [line 857860]
2020-08-27 19:48:14,792 - DEBUG - Done with 16- [line 911118]
2020-08-27 19:48:14,792 - DEBUG - Assigning indexes to genes
2020-08-27 19:48:14,797 - DEBUG - Seen 11998 genes until now
2020-08-27 19:48:14,797 - DEBUG - Parsing Chromosome 16 strand + [line 911119]
2020-08-27 19:48:15,082 - DEBUG - Done with 16+ [line 981663]
2020-08-27 19:48:15,082 - DEBUG - Assigning indexes to genes
2020-08-27 19:48:15,088 - DEBUG - Seen 12787 genes until now
2020-08-27 19:48:15,088 - DEBUG - Parsing Chromosome 17 strand - [line 981664]
2020-08-27 19:48:15,439 - DEBUG - Done with 17- [line 1066635]
2020-08-27 19:48:15,439 - DEBUG - Assigning indexes to genes
2020-08-27 19:48:15,448 - DEBUG - Seen 13775 genes until now
2020-08-27 19:48:15,448 - DEBUG - Parsing Chromosome 17 strand + [line 1066636]
2020-08-27 19:48:16,172 - DEBUG - Done with 17+ [line 1143834]
2020-08-27 19:48:16,172 - DEBUG - Assigning indexes to genes
2020-08-27 19:48:16,180 - DEBUG - Seen 14681 genes until now
2020-08-27 19:48:16,180 - DEBUG - Parsing Chromosome 18 strand - [line 1143835]
2020-08-27 19:48:16,282 - DEBUG - Done with 18- [line 1168496]
2020-08-27 19:48:16,282 - DEBUG - Assigning indexes to genes
2020-08-27 19:48:16,284 - DEBUG - Seen 15006 genes until now
2020-08-27 19:48:16,284 - DEBUG - Parsing Chromosome 18 strand + [line 1168497]
2020-08-27 19:48:16,370 - DEBUG - Done with 18+ [line 1189691]
2020-08-27 19:48:16,370 - DEBUG - Assigning indexes to genes
2020-08-27 19:48:16,372 - DEBUG - Seen 15343 genes until now
2020-08-27 19:48:16,372 - DEBUG - Parsing Chromosome 19 strand - [line 1189692]
2020-08-27 19:48:16,688 - DEBUG - Done with 19- [line 1268854]
2020-08-27 19:48:16,689 - DEBUG - Assigning indexes to genes
2020-08-27 19:48:16,696 - DEBUG - Seen 16352 genes until now
2020-08-27 19:48:16,696 - DEBUG - Parsing Chromosome 19 strand + [line 1268855]
2020-08-27 19:48:17,023 - DEBUG - Done with 19+ [line 1351833]
2020-08-27 19:48:17,023 - DEBUG - Assigning indexes to genes
2020-08-27 19:48:17,030 - DEBUG - Seen 17347 genes until now
2020-08-27 19:48:17,030 - DEBUG - Parsing Chromosome 2 strand - [line 1351834]
2020-08-27 19:48:17,436 - DEBUG - Done with 2- [line 1448710]
2020-08-27 19:48:17,437 - DEBUG - Assigning indexes to genes
2020-08-27 19:48:17,444 - DEBUG - Seen 18472 genes until now
2020-08-27 19:48:17,445 - DEBUG - Parsing Chromosome 2 strand + [line 1448711]
2020-08-27 19:48:18,253 - DEBUG - Done with 2+ [line 1542602]
2020-08-27 19:48:18,254 - DEBUG - Assigning indexes to genes
2020-08-27 19:48:18,262 - DEBUG - Seen 19632 genes until now
2020-08-27 19:48:18,263 - DEBUG - Parsing Chromosome 20 strand - [line 1542603]
2020-08-27 19:48:18,372 - DEBUG - Done with 20- [line 1569195]
2020-08-27 19:48:18,372 - DEBUG - Assigning indexes to genes
2020-08-27 19:48:18,374 - DEBUG - Seen 20079 genes until now
2020-08-27 19:48:18,374 - DEBUG - Parsing Chromosome 20 strand + [line 1569196]
2020-08-27 19:48:18,501 - DEBUG - Done with 20+ [line 1600541]
2020-08-27 19:48:18,502 - DEBUG - Assigning indexes to genes
2020-08-27 19:48:18,504 - DEBUG - Seen 20527 genes until now
2020-08-27 19:48:18,504 - DEBUG - Parsing Chromosome 21 strand - [line 1600542]
2020-08-27 19:48:18,561 - DEBUG - Done with 21- [line 1614106]
2020-08-27 19:48:18,561 - DEBUG - Assigning indexes to genes
2020-08-27 19:48:18,562 - DEBUG - Seen 20795 genes until now
2020-08-27 19:48:18,562 - DEBUG - Parsing Chromosome 21 strand + [line 1614107]
2020-08-27 19:48:18,623 - DEBUG - Done with 21+ [line 1628392]
2020-08-27 19:48:18,623 - DEBUG - Assigning indexes to genes
2020-08-27 19:48:18,624 - DEBUG - Seen 21029 genes until now
2020-08-27 19:48:18,624 - DEBUG - Parsing Chromosome 22 strand - [line 1628393]
2020-08-27 19:48:18,729 - DEBUG - Done with 22- [line 1653805]
2020-08-27 19:48:18,729 - DEBUG - Assigning indexes to genes
2020-08-27 19:48:18,731 - DEBUG - Seen 21391 genes until now
2020-08-27 19:48:18,732 - DEBUG - Parsing Chromosome 22 strand + [line 1653806]
2020-08-27 19:48:18,856 - DEBUG - Done with 22+ [line 1684245]
2020-08-27 19:48:18,856 - DEBUG - Assigning indexes to genes
2020-08-27 19:48:18,860 - DEBUG - Seen 21866 genes until now
2020-08-27 19:48:18,860 - DEBUG - Parsing Chromosome 3 strand - [line 1684246]
2020-08-27 19:48:19,189 - DEBUG - Done with 3- [line 1763939]
2020-08-27 19:48:19,189 - DEBUG - Assigning indexes to genes
2020-08-27 19:48:19,196 - DEBUG - Seen 22713 genes until now
2020-08-27 19:48:19,196 - DEBUG - Parsing Chromosome 3 strand + [line 1763940]
2020-08-27 19:48:19,526 - DEBUG - Done with 3+ [line 1844840]
2020-08-27 19:48:19,526 - DEBUG - Assigning indexes to genes
2020-08-27 19:48:19,532 - DEBUG - Seen 23585 genes until now
2020-08-27 19:48:19,532 - DEBUG - Parsing Chromosome 4 strand - [line 1844841]
2020-08-27 19:48:20,286 - DEBUG - Done with 4- [line 1898665]
2020-08-27 19:48:20,286 - DEBUG - Assigning indexes to genes
2020-08-27 19:48:20,291 - DEBUG - Seen 24246 genes until now
2020-08-27 19:48:20,291 - DEBUG - Parsing Chromosome 4 strand + [line 1898666]
2020-08-27 19:48:20,489 - DEBUG - Done with 4+ [line 1947617]
2020-08-27 19:48:20,489 - DEBUG - Assigning indexes to genes
2020-08-27 19:48:20,492 - DEBUG - Seen 24938 genes until now
2020-08-27 19:48:20,493 - DEBUG - Parsing Chromosome 5 strand - [line 1947618]
2020-08-27 19:48:20,714 - DEBUG - Done with 5- [line 2001140]
2020-08-27 19:48:20,714 - DEBUG - Assigning indexes to genes
2020-08-27 19:48:20,720 - DEBUG - Seen 25741 genes until now
2020-08-27 19:48:20,720 - DEBUG - Parsing Chromosome 5 strand + [line 2001141]
2020-08-27 19:48:20,968 - DEBUG - Done with 5+ [line 2062165]
2020-08-27 19:48:20,968 - DEBUG - Assigning indexes to genes
2020-08-27 19:48:20,973 - DEBUG - Seen 26599 genes until now
2020-08-27 19:48:20,973 - DEBUG - Parsing Chromosome 6 strand - [line 2062166]
2020-08-27 19:48:21,215 - DEBUG - Done with 6- [line 2121425]
2020-08-27 19:48:21,215 - DEBUG - Assigning indexes to genes
2020-08-27 19:48:21,220 - DEBUG - Seen 27435 genes until now
2020-08-27 19:48:21,220 - DEBUG - Parsing Chromosome 6 strand + [line 2121426]
2020-08-27 19:48:21,436 - DEBUG - Done with 6+ [line 2176078]
2020-08-27 19:48:21,436 - DEBUG - Assigning indexes to genes
2020-08-27 19:48:21,440 - DEBUG - Seen 28231 genes until now
2020-08-27 19:48:21,440 - DEBUG - Parsing Chromosome 7 strand - [line 2176079]
2020-08-27 19:48:21,677 - DEBUG - Done with 7- [line 2233605]
2020-08-27 19:48:21,677 - DEBUG - Assigning indexes to genes
2020-08-27 19:48:21,681 - DEBUG - Seen 28953 genes until now
2020-08-27 19:48:21,681 - DEBUG - Parsing Chromosome 7 strand + [line 2233606]
2020-08-27 19:48:21,931 - DEBUG - Done with 7+ [line 2295513]
2020-08-27 19:48:21,931 - DEBUG - Assigning indexes to genes
2020-08-27 19:48:21,936 - DEBUG - Seen 29770 genes until now
2020-08-27 19:48:21,936 - DEBUG - Parsing Chromosome 8 strand - [line 2295514]
2020-08-27 19:48:22,167 - DEBUG - Done with 8- [line 2343289]
2020-08-27 19:48:22,167 - DEBUG - Assigning indexes to genes
2020-08-27 19:48:22,171 - DEBUG - Seen 30442 genes until now
2020-08-27 19:48:22,171 - DEBUG - Parsing Chromosome 8 strand + [line 2343290]
2020-08-27 19:48:22,347 - DEBUG - Done with 8+ [line 2386793]
2020-08-27 19:48:22,347 - DEBUG - Assigning indexes to genes
2020-08-27 19:48:22,351 - DEBUG - Seen 31090 genes until now
2020-08-27 19:48:22,351 - DEBUG - Parsing Chromosome 9 strand - [line 2386794]
2020-08-27 19:48:23,107 - DEBUG - Done with 9- [line 2430389]
2020-08-27 19:48:23,107 - DEBUG - Assigning indexes to genes
2020-08-27 19:48:23,111 - DEBUG - Seen 31710 genes until now
2020-08-27 19:48:23,111 - DEBUG - Parsing Chromosome 9 strand + [line 2430390]
2020-08-27 19:48:23,303 - DEBUG - Done with 9+ [line 2477312]
2020-08-27 19:48:23,303 - DEBUG - Assigning indexes to genes
2020-08-27 19:48:23,307 - DEBUG - Seen 32318 genes until now
2020-08-27 19:48:23,307 - DEBUG - Parsing Chromosome GL000009.2 strand - [line 2477313]
2020-08-27 19:48:23,307 - DEBUG - Done with GL000009.2- [line 2477320]
2020-08-27 19:48:23,307 - DEBUG - Assigning indexes to genes
2020-08-27 19:48:23,307 - DEBUG - Seen 32319 genes until now
2020-08-27 19:48:23,307 - DEBUG - Parsing Chromosome GL000194.1 strand - [line 2477321]
2020-08-27 19:48:23,307 - DEBUG - Done with GL000194.1- [line 2477346]
2020-08-27 19:48:23,307 - DEBUG - Assigning indexes to genes
2020-08-27 19:48:23,307 - DEBUG - Seen 32321 genes until now
2020-08-27 19:48:23,307 - DEBUG - Parsing Chromosome GL000195.1 strand - [line 2477347]
2020-08-27 19:48:23,307 - DEBUG - Done with GL000195.1- [line 2477356]
2020-08-27 19:48:23,307 - DEBUG - Assigning indexes to genes
2020-08-27 19:48:23,307 - DEBUG - Seen 32322 genes until now
2020-08-27 19:48:23,307 - DEBUG - Parsing Chromosome GL000195.1 strand + [line 2477357]
2020-08-27 19:48:23,307 - DEBUG - Done with GL000195.1+ [line 2477370]
2020-08-27 19:48:23,308 - DEBUG - Assigning indexes to genes
2020-08-27 19:48:23,308 - DEBUG - Seen 32323 genes until now
2020-08-27 19:48:23,308 - DEBUG - Parsing Chromosome GL000205.2 strand - [line 2477371]
2020-08-27 19:48:23,308 - DEBUG - Done with GL000205.2- [line 2477384]
2020-08-27 19:48:23,308 - DEBUG - Assigning indexes to genes
2020-08-27 19:48:23,308 - DEBUG - Seen 32324 genes until now
2020-08-27 19:48:23,308 - DEBUG - Parsing Chromosome GL000213.1 strand - [line 2477385]
2020-08-27 19:48:23,308 - DEBUG - Done with GL000213.1- [line 2477433]
2020-08-27 19:48:23,308 - DEBUG - Assigning indexes to genes
2020-08-27 19:48:23,308 - DEBUG - Seen 32325 genes until now
2020-08-27 19:48:23,308 - DEBUG - Parsing Chromosome GL000218.1 strand - [line 2477434]
2020-08-27 19:48:23,308 - DEBUG - Done with GL000218.1- [line 2477441]
2020-08-27 19:48:23,308 - DEBUG - Assigning indexes to genes
2020-08-27 19:48:23,308 - DEBUG - Seen 32326 genes until now
2020-08-27 19:48:23,308 - DEBUG - Parsing Chromosome GL000219.1 strand - [line 2477442]
2020-08-27 19:48:23,308 - DEBUG - Done with GL000219.1- [line 2477453]
2020-08-27 19:48:23,309 - DEBUG - Assigning indexes to genes
2020-08-27 19:48:23,309 - DEBUG - Seen 32327 genes until now
2020-08-27 19:48:23,309 - DEBUG - Parsing Chromosome KI270711.1 strand - [line 2477454]
2020-08-27 19:48:23,309 - DEBUG - Done with KI270711.1- [line 2477604]
2020-08-27 19:48:23,309 - DEBUG - Assigning indexes to genes
2020-08-27 19:48:23,309 - DEBUG - Seen 32328 genes until now
2020-08-27 19:48:23,309 - DEBUG - Parsing Chromosome KI270713.1 strand - [line 2477605]
2020-08-27 19:48:23,309 - DEBUG - Done with KI270713.1- [line 2477612]
2020-08-27 19:48:23,310 - DEBUG - Assigning indexes to genes
2020-08-27 19:48:23,310 - DEBUG - Seen 32329 genes until now
2020-08-27 19:48:23,310 - DEBUG - Parsing Chromosome KI270713.1 strand + [line 2477613]
2020-08-27 19:48:23,310 - DEBUG - Done with KI270713.1+ [line 2477618]
2020-08-27 19:48:23,310 - DEBUG - Assigning indexes to genes
2020-08-27 19:48:23,310 - DEBUG - Seen 32330 genes until now
2020-08-27 19:48:23,310 - DEBUG - Parsing Chromosome KI270721.1 strand + [line 2477619]
2020-08-27 19:48:23,310 - DEBUG - Done with KI270721.1+ [line 2477634]
2020-08-27 19:48:23,310 - DEBUG - Assigning indexes to genes
2020-08-27 19:48:23,310 - DEBUG - Seen 32331 genes until now
2020-08-27 19:48:23,310 - DEBUG - Parsing Chromosome KI270726.1 strand + [line 2477635]
2020-08-27 19:48:23,310 - DEBUG - Done with KI270726.1+ [line 2477645]
2020-08-27 19:48:23,310 - DEBUG - Assigning indexes to genes
2020-08-27 19:48:23,310 - DEBUG - Seen 32333 genes until now
2020-08-27 19:48:23,310 - DEBUG - Parsing Chromosome KI270727.1 strand - [line 2477646]
2020-08-27 19:48:23,310 - DEBUG - Done with KI270727.1- [line 2477704]
2020-08-27 19:48:23,310 - DEBUG - Assigning indexes to genes
2020-08-27 19:48:23,311 - DEBUG - Seen 32335 genes until now
2020-08-27 19:48:23,311 - DEBUG - Parsing Chromosome KI270727.1 strand + [line 2477705]
2020-08-27 19:48:23,311 - DEBUG - Done with KI270727.1+ [line 2477719]
2020-08-27 19:48:23,311 - DEBUG - Assigning indexes to genes
2020-08-27 19:48:23,311 - DEBUG - Seen 32337 genes until now
2020-08-27 19:48:23,311 - DEBUG - Parsing Chromosome KI270728.1 strand - [line 2477720]
2020-08-27 19:48:23,311 - DEBUG - Done with KI270728.1- [line 2477796]
2020-08-27 19:48:23,311 - DEBUG - Assigning indexes to genes
2020-08-27 19:48:23,311 - DEBUG - Seen 32339 genes until now
2020-08-27 19:48:23,311 - DEBUG - Parsing Chromosome KI270728.1 strand + [line 2477797]
2020-08-27 19:48:23,311 - DEBUG - Done with KI270728.1+ [line 2477833]
2020-08-27 19:48:23,311 - DEBUG - Assigning indexes to genes
2020-08-27 19:48:23,312 - DEBUG - Seen 32343 genes until now
2020-08-27 19:48:23,312 - DEBUG - Parsing Chromosome KI270731.1 strand - [line 2477834]
2020-08-27 19:48:23,312 - DEBUG - Done with KI270731.1- [line 2477840]
2020-08-27 19:48:23,312 - DEBUG - Assigning indexes to genes
2020-08-27 19:48:23,312 - DEBUG - Seen 32344 genes until now
2020-08-27 19:48:23,312 - DEBUG - Parsing Chromosome KI270734.1 strand - [line 2477841]
2020-08-27 19:48:23,312 - DEBUG - Done with KI270734.1- [line 2477909]
2020-08-27 19:48:23,312 - DEBUG - Assigning indexes to genes
2020-08-27 19:48:23,312 - DEBUG - Seen 32345 genes until now
2020-08-27 19:48:23,312 - DEBUG - Parsing Chromosome KI270734.1 strand + [line 2477910]
2020-08-27 19:48:23,312 - DEBUG - Done with KI270734.1+ [line 2477932]
2020-08-27 19:48:23,312 - DEBUG - Assigning indexes to genes
2020-08-27 19:48:23,312 - DEBUG - Seen 32347 genes until now
2020-08-27 19:48:23,312 - DEBUG - Parsing Chromosome MT strand - [line 2477933]
2020-08-27 19:48:23,312 - DEBUG - Done with MT- [line 2477938]
2020-08-27 19:48:23,312 - DEBUG - Assigning indexes to genes
2020-08-27 19:48:23,313 - DEBUG - Seen 32348 genes until now
2020-08-27 19:48:23,313 - DEBUG - Parsing Chromosome MT strand + [line 2477939]
2020-08-27 19:48:23,313 - DEBUG - Done with MT+ [line 2478004]
2020-08-27 19:48:23,313 - DEBUG - Assigning indexes to genes
2020-08-27 19:48:23,313 - DEBUG - Seen 32360 genes until now
2020-08-27 19:48:23,313 - DEBUG - Parsing Chromosome X strand - [line 2478005]
2020-08-27 19:48:23,477 - DEBUG - Done with X- [line 2518937]
2020-08-27 19:48:23,477 - DEBUG - Assigning indexes to genes
2020-08-27 19:48:23,480 - DEBUG - Seen 32876 genes until now
2020-08-27 19:48:23,480 - DEBUG - Parsing Chromosome X strand + [line 2518938]
2020-08-27 19:48:23,642 - DEBUG - Done with X+ [line 2560301]
2020-08-27 19:48:23,642 - DEBUG - Assigning indexes to genes
2020-08-27 19:48:23,645 - DEBUG - Seen 33438 genes until now
2020-08-27 19:48:23,646 - DEBUG - Parsing Chromosome Y strand - [line 2560302]
2020-08-27 19:48:23,655 - DEBUG - Done with Y- [line 2562446]
2020-08-27 19:48:23,655 - DEBUG - Assigning indexes to genes
2020-08-27 19:48:23,655 - DEBUG - Seen 33485 genes until now
2020-08-27 19:48:23,655 - DEBUG - Parsing Chromosome Y strand + [line 2562447]
2020-08-27 19:48:23,666 - DEBUG - Assigning indexes to genes
2020-08-27 19:48:23,666 - DEBUG - Done with Y+ [line 2565059]
2020-08-27 19:48:23,666 - DEBUG - Fixing corner cases of transcript models containg intron longer than 1000Kbp
2020-08-27 19:48:25,422 - DEBUG - Generated 2165800 features corresponding to 172912 transcript models from /net/isi-dcnl/ifs/user_data/abild/Genomes/refdata-cellranger-GRCh38-3.0.0/genes/genes.gtf
2020-08-27 19:48:25,450 - INFO - Scan /net/isi-dcnl/ifs/user_data/abild/Megatron_data/COH057/feline_p29_40_mRNA/cell_ranger/FEL034_M/outs/possorted_genome_bam.bam to validate intron intervals
2020-08-27 19:48:29,335 - DEBUG - Reading /net/isi-dcnl/ifs/user_data/abild/Megatron_data/COH057/feline_p29_40_mRNA/cell_ranger/FEL034_M/outs/possorted_genome_bam.bam
2020-08-27 19:48:29,348 - DEBUG - Read first 0 million reads
2020-08-27 19:48:29,350 - DEBUG - Marking up chromosome 1
2020-08-27 19:49:38,465 - DEBUG - Marking up chromosome 10
2020-08-27 19:50:11,671 - DEBUG - Read first 10 million reads
2020-08-27 19:50:12,287 - DEBUG - Marking up chromosome 11
2020-08-27 19:51:48,278 - DEBUG - Marking up chromosome 12
2020-08-27 19:52:19,755 - DEBUG - Marking up chromosome 13
2020-08-27 19:52:21,440 - DEBUG - Read first 20 million reads
2020-08-27 19:52:30,368 - DEBUG - Marking up chromosome 14
2020-08-27 19:52:45,628 - DEBUG - Marking up chromosome 15
2020-08-27 19:53:03,219 - DEBUG - Marking up chromosome 16
2020-08-27 19:53:31,893 - DEBUG - Marking up chromosome 17
2020-08-27 19:53:57,420 - DEBUG - Marking up chromosome 18
2020-08-27 19:54:07,456 - DEBUG - Marking up chromosome 19
2020-08-27 19:54:07,477 - DEBUG - Read first 30 million reads
2020-08-27 19:54:34,078 - DEBUG - Marking up chromosome 2
2020-08-27 19:55:25,049 - DEBUG - Marking up chromosome 20
2020-08-27 19:55:44,112 - DEBUG - Marking up chromosome 21
2020-08-27 19:55:46,004 - DEBUG - Read first 40 million reads
2020-08-27 19:56:06,265 - DEBUG - Marking up chromosome 22
2020-08-27 19:56:22,288 - DEBUG - Marking up chromosome 3
2020-08-27 19:56:48,692 - DEBUG - Read first 50 million reads
2020-08-27 19:57:08,506 - DEBUG - Marking up chromosome 4
2020-08-27 19:57:35,061 - DEBUG - Marking up chromosome 5
2020-08-27 19:58:02,338 - DEBUG - Marking up chromosome 6
2020-08-27 19:58:36,355 - DEBUG - Marking up chromosome 7
2020-08-27 19:58:38,644 - DEBUG - Read first 60 million reads
2020-08-27 19:59:17,804 - DEBUG - Marking up chromosome 8
2020-08-27 19:59:50,477 - DEBUG - Marking up chromosome 9
2020-08-27 20:00:11,347 - DEBUG - Marking up chromosome MT
2020-08-27 20:00:14,808 - DEBUG - Marking up chromosome X
2020-08-27 20:00:18,227 - DEBUG - Read first 70 million reads
2020-08-27 20:00:35,306 - DEBUG - Marking up chromosome Y
2020-08-27 20:00:35,365 - DEBUG - Marking up chromosome KI270728.1
2020-08-27 20:00:35,370 - DEBUG - Marking up chromosome KI270727.1
2020-08-27 20:00:35,371 - DEBUG - Marking up chromosome KI270442.1
2020-08-27 20:00:35,371 - WARNING - The .bam file refers to a chromosome 'KI270442.1+' not present in the annotation (.gtf) file
2020-08-27 20:00:35,372 - WARNING - The .bam file refers to a chromosome 'KI270442.1-' not present in the annotation (.gtf) file
2020-08-27 20:00:35,375 - DEBUG - Marking up chromosome KI270729.1
2020-08-27 20:00:35,375 - WARNING - The .bam file refers to a chromosome 'KI270729.1+' not present in the annotation (.gtf) file
2020-08-27 20:00:35,375 - WARNING - The .bam file refers to a chromosome 'KI270729.1-' not present in the annotation (.gtf) file
2020-08-27 20:00:35,376 - DEBUG - Marking up chromosome GL000225.1
2020-08-27 20:00:35,376 - WARNING - The .bam file refers to a chromosome 'GL000225.1+' not present in the annotation (.gtf) file
2020-08-27 20:00:35,376 - WARNING - The .bam file refers to a chromosome 'GL000225.1-' not present in the annotation (.gtf) file
2020-08-27 20:00:35,379 - DEBUG - Marking up chromosome KI270743.1
2020-08-27 20:00:35,379 - WARNING - The .bam file refers to a chromosome 'KI270743.1+' not present in the annotation (.gtf) file
2020-08-27 20:00:35,379 - WARNING - The .bam file refers to a chromosome 'KI270743.1-' not present in the annotation (.gtf) file
2020-08-27 20:00:35,380 - DEBUG - Marking up chromosome GL000008.2
2020-08-27 20:00:35,380 - WARNING - The .bam file refers to a chromosome 'GL000008.2+' not present in the annotation (.gtf) file
2020-08-27 20:00:35,380 - WARNING - The .bam file refers to a chromosome 'GL000008.2-' not present in the annotation (.gtf) file
2020-08-27 20:00:35,381 - DEBUG - Marking up chromosome GL000009.2
2020-08-27 20:00:35,382 - WARNING - The .bam file refers to a chromosome 'GL000009.2+' not present in the annotation (.gtf) file
2020-08-27 20:00:35,385 - DEBUG - Marking up chromosome KI270722.1
2020-08-27 20:00:35,385 - WARNING - The .bam file refers to a chromosome 'KI270722.1+' not present in the annotation (.gtf) file
2020-08-27 20:00:35,385 - WARNING - The .bam file refers to a chromosome 'KI270722.1-' not present in the annotation (.gtf) file
2020-08-27 20:00:35,385 - DEBUG - Marking up chromosome GL000194.1
2020-08-27 20:00:35,385 - WARNING - The .bam file refers to a chromosome 'GL000194.1+' not present in the annotation (.gtf) file
2020-08-27 20:00:35,438 - DEBUG - Marking up chromosome KI270742.1
2020-08-27 20:00:35,438 - WARNING - The .bam file refers to a chromosome 'KI270742.1+' not present in the annotation (.gtf) file
2020-08-27 20:00:35,438 - WARNING - The .bam file refers to a chromosome 'KI270742.1-' not present in the annotation (.gtf) file
2020-08-27 20:00:35,441 - DEBUG - Marking up chromosome GL000205.2
2020-08-27 20:00:35,441 - WARNING - The .bam file refers to a chromosome 'GL000205.2+' not present in the annotation (.gtf) file
2020-08-27 20:00:35,458 - DEBUG - Marking up chromosome GL000195.1
2020-08-27 20:00:35,518 - DEBUG - Marking up chromosome KI270736.1
2020-08-27 20:00:35,518 - WARNING - The .bam file refers to a chromosome 'KI270736.1+' not present in the annotation (.gtf) file
2020-08-27 20:00:35,518 - WARNING - The .bam file refers to a chromosome 'KI270736.1-' not present in the annotation (.gtf) file
2020-08-27 20:00:35,518 - DEBUG - Marking up chromosome KI270733.1
2020-08-27 20:00:35,518 - WARNING - The .bam file refers to a chromosome 'KI270733.1+' not present in the annotation (.gtf) file
2020-08-27 20:00:35,518 - WARNING - The .bam file refers to a chromosome 'KI270733.1-' not present in the annotation (.gtf) file
2020-08-27 20:00:42,645 - DEBUG - Marking up chromosome GL000224.1
2020-08-27 20:00:42,645 - WARNING - The .bam file refers to a chromosome 'GL000224.1+' not present in the annotation (.gtf) file
2020-08-27 20:00:42,646 - WARNING - The .bam file refers to a chromosome 'GL000224.1-' not present in the annotation (.gtf) file
2020-08-27 20:00:42,652 - DEBUG - Marking up chromosome GL000219.1
2020-08-27 20:00:42,652 - WARNING - The .bam file refers to a chromosome 'GL000219.1+' not present in the annotation (.gtf) file
2020-08-27 20:00:42,676 - DEBUG - Marking up chromosome KI270719.1
2020-08-27 20:00:42,676 - WARNING - The .bam file refers to a chromosome 'KI270719.1+' not present in the annotation (.gtf) file
2020-08-27 20:00:42,676 - WARNING - The .bam file refers to a chromosome 'KI270719.1-' not present in the annotation (.gtf) file
2020-08-27 20:00:42,680 - DEBUG - Marking up chromosome GL000216.2
2020-08-27 20:00:42,680 - WARNING - The .bam file refers to a chromosome 'GL000216.2+' not present in the annotation (.gtf) file
2020-08-27 20:00:42,680 - WARNING - The .bam file refers to a chromosome 'GL000216.2-' not present in the annotation (.gtf) file
2020-08-27 20:00:42,684 - DEBUG - Marking up chromosome KI270712.1
2020-08-27 20:00:42,684 - WARNING - The .bam file refers to a chromosome 'KI270712.1+' not present in the annotation (.gtf) file
2020-08-27 20:00:42,684 - WARNING - The .bam file refers to a chromosome 'KI270712.1-' not present in the annotation (.gtf) file
2020-08-27 20:00:42,686 - DEBUG - Marking up chromosome KI270706.1
2020-08-27 20:00:42,686 - WARNING - The .bam file refers to a chromosome 'KI270706.1+' not present in the annotation (.gtf) file
2020-08-27 20:00:42,686 - WARNING - The .bam file refers to a chromosome 'KI270706.1-' not present in the annotation (.gtf) file
2020-08-27 20:00:42,712 - DEBUG - Marking up chromosome KI270725.1
2020-08-27 20:00:42,712 - WARNING - The .bam file refers to a chromosome 'KI270725.1+' not present in the annotation (.gtf) file
2020-08-27 20:00:42,712 - WARNING - The .bam file refers to a chromosome 'KI270725.1-' not present in the annotation (.gtf) file
2020-08-27 20:00:42,712 - DEBUG - Marking up chromosome KI270744.1
2020-08-27 20:00:42,712 - WARNING - The .bam file refers to a chromosome 'KI270744.1+' not present in the annotation (.gtf) file
2020-08-27 20:00:42,712 - WARNING - The .bam file refers to a chromosome 'KI270744.1-' not present in the annotation (.gtf) file
2020-08-27 20:00:42,718 - DEBUG - Marking up chromosome KI270734.1
2020-08-27 20:00:42,726 - DEBUG - Marking up chromosome GL000213.1
2020-08-27 20:00:42,726 - WARNING - The .bam file refers to a chromosome 'GL000213.1+' not present in the annotation (.gtf) file
2020-08-27 20:00:42,767 - DEBUG - Marking up chromosome GL000220.1
2020-08-27 20:00:42,767 - WARNING - The .bam file refers to a chromosome 'GL000220.1+' not present in the annotation (.gtf) file
2020-08-27 20:00:42,767 - WARNING - The .bam file refers to a chromosome 'GL000220.1-' not present in the annotation (.gtf) file
2020-08-27 20:00:49,864 - DEBUG - Marking up chromosome GL000218.1
2020-08-27 20:00:49,865 - WARNING - The .bam file refers to a chromosome 'GL000218.1+' not present in the annotation (.gtf) file
2020-08-27 20:00:49,903 - DEBUG - Marking up chromosome KI270749.1
2020-08-27 20:00:49,903 - WARNING - The .bam file refers to a chromosome 'KI270749.1+' not present in the annotation (.gtf) file
2020-08-27 20:00:49,903 - WARNING - The .bam file refers to a chromosome 'KI270749.1-' not present in the annotation (.gtf) file
2020-08-27 20:00:49,904 - DEBUG - Marking up chromosome KI270741.1
2020-08-27 20:00:49,904 - WARNING - The .bam file refers to a chromosome 'KI270741.1+' not present in the annotation (.gtf) file
2020-08-27 20:00:49,904 - WARNING - The .bam file refers to a chromosome 'KI270741.1-' not present in the annotation (.gtf) file
2020-08-27 20:00:49,906 - DEBUG - Marking up chromosome GL000221.1
2020-08-27 20:00:49,906 - WARNING - The .bam file refers to a chromosome 'GL000221.1+' not present in the annotation (.gtf) file
2020-08-27 20:00:49,906 - WARNING - The .bam file refers to a chromosome 'GL000221.1-' not present in the annotation (.gtf) file
2020-08-27 20:00:49,909 - DEBUG - Marking up chromosome KI270731.1
2020-08-27 20:00:49,909 - WARNING - The .bam file refers to a chromosome 'KI270731.1+' not present in the annotation (.gtf) file
2020-08-27 20:00:49,911 - DEBUG - Marking up chromosome KI270750.1
2020-08-27 20:00:49,911 - WARNING - The .bam file refers to a chromosome 'KI270750.1+' not present in the annotation (.gtf) file
2020-08-27 20:00:49,912 - WARNING - The .bam file refers to a chromosome 'KI270750.1-' not present in the annotation (.gtf) file
2020-08-27 20:00:49,913 - DEBUG - Marking up chromosome GL000214.1
2020-08-27 20:00:49,913 - WARNING - The .bam file refers to a chromosome 'GL000214.1+' not present in the annotation (.gtf) file
2020-08-27 20:00:49,913 - WARNING - The .bam file refers to a chromosome 'GL000214.1-' not present in the annotation (.gtf) file
2020-08-27 20:00:49,913 - DEBUG - Marking up chromosome KI270708.1
2020-08-27 20:00:49,913 - WARNING - The .bam file refers to a chromosome 'KI270708.1+' not present in the annotation (.gtf) file
2020-08-27 20:00:49,913 - WARNING - The .bam file refers to a chromosome 'KI270708.1-' not present in the annotation (.gtf) file
2020-08-27 20:00:49,913 - DEBUG - Marking up chromosome KI270438.1
2020-08-27 20:00:49,913 - WARNING - The .bam file refers to a chromosome 'KI270438.1+' not present in the annotation (.gtf) file
2020-08-27 20:00:49,913 - WARNING - The .bam file refers to a chromosome 'KI270438.1-' not present in the annotation (.gtf) file
2020-08-27 20:00:49,914 - DEBUG - Marking up chromosome KI270721.1
2020-08-27 20:00:49,914 - WARNING - The .bam file refers to a chromosome 'KI270721.1-' not present in the annotation (.gtf) file
2020-08-27 20:00:49,920 - DEBUG - Marking up chromosome KI270738.1
2020-08-27 20:00:49,920 - WARNING - The .bam file refers to a chromosome 'KI270738.1+' not present in the annotation (.gtf) file
2020-08-27 20:00:49,920 - WARNING - The .bam file refers to a chromosome 'KI270738.1-' not present in the annotation (.gtf) file
2020-08-27 20:00:49,921 - DEBUG - Marking up chromosome KI270748.1
2020-08-27 20:00:49,921 - WARNING - The .bam file refers to a chromosome 'KI270748.1+' not present in the annotation (.gtf) file
2020-08-27 20:00:49,921 - WARNING - The .bam file refers to a chromosome 'KI270748.1-' not present in the annotation (.gtf) file
2020-08-27 20:00:49,922 - DEBUG - Marking up chromosome KI270435.1
2020-08-27 20:00:49,922 - WARNING - The .bam file refers to a chromosome 'KI270435.1+' not present in the annotation (.gtf) file
2020-08-27 20:00:49,922 - WARNING - The .bam file refers to a chromosome 'KI270435.1-' not present in the annotation (.gtf) file
2020-08-27 20:00:49,922 - DEBUG - Marking up chromosome GL000208.1
2020-08-27 20:00:49,922 - WARNING - The .bam file refers to a chromosome 'GL000208.1+' not present in the annotation (.gtf) file
2020-08-27 20:00:49,922 - WARNING - The .bam file refers to a chromosome 'GL000208.1-' not present in the annotation (.gtf) file
2020-08-27 20:00:49,922 - DEBUG - Marking up chromosome KI270538.1
2020-08-27 20:00:49,922 - WARNING - The .bam file refers to a chromosome 'KI270538.1+' not present in the annotation (.gtf) file
2020-08-27 20:00:49,922 - WARNING - The .bam file refers to a chromosome 'KI270538.1-' not present in the annotation (.gtf) file
2020-08-27 20:00:49,923 - DEBUG - Marking up chromosome KI270756.1
2020-08-27 20:00:49,923 - WARNING - The .bam file refers to a chromosome 'KI270756.1+' not present in the annotation (.gtf) file
2020-08-27 20:00:49,923 - WARNING - The .bam file refers to a chromosome 'KI270756.1-' not present in the annotation (.gtf) file
2020-08-27 20:00:49,923 - DEBUG - Marking up chromosome KI270709.1
2020-08-27 20:00:49,923 - WARNING - The .bam file refers to a chromosome 'KI270709.1+' not present in the annotation (.gtf) file
2020-08-27 20:00:49,923 - WARNING - The .bam file refers to a chromosome 'KI270709.1-' not present in the annotation (.gtf) file
2020-08-27 20:00:49,923 - DEBUG - Marking up chromosome KI270746.1
2020-08-27 20:00:49,923 - WARNING - The .bam file refers to a chromosome 'KI270746.1+' not present in the annotation (.gtf) file
2020-08-27 20:00:49,923 - WARNING - The .bam file refers to a chromosome 'KI270746.1-' not present in the annotation (.gtf) file
2020-08-27 20:00:49,956 - DEBUG - Marking up chromosome KI270589.1
2020-08-27 20:00:49,956 - WARNING - The .bam file refers to a chromosome 'KI270589.1+' not present in the annotation (.gtf) file
2020-08-27 20:00:49,956 - WARNING - The .bam file refers to a chromosome 'KI270589.1-' not present in the annotation (.gtf) file
2020-08-27 20:00:49,956 - DEBUG - Marking up chromosome KI270726.1
2020-08-27 20:00:49,956 - WARNING - The .bam file refers to a chromosome 'KI270726.1-' not present in the annotation (.gtf) file
2020-08-27 20:00:49,956 - DEBUG - Marking up chromosome KI270735.1
2020-08-27 20:00:49,956 - WARNING - The .bam file refers to a chromosome 'KI270735.1+' not present in the annotation (.gtf) file
2020-08-27 20:00:49,956 - WARNING - The .bam file refers to a chromosome 'KI270735.1-' not present in the annotation (.gtf) file
2020-08-27 20:00:49,959 - DEBUG - Marking up chromosome KI270711.1
2020-08-27 20:00:49,959 - WARNING - The .bam file refers to a chromosome 'KI270711.1+' not present in the annotation (.gtf) file
2020-08-27 20:00:49,976 - DEBUG - Marking up chromosome KI270745.1
2020-08-27 20:00:49,976 - WARNING - The .bam file refers to a chromosome 'KI270745.1+' not present in the annotation (.gtf) file
2020-08-27 20:00:49,976 - WARNING - The .bam file refers to a chromosome 'KI270745.1-' not present in the annotation (.gtf) file
2020-08-27 20:00:49,978 - DEBUG - Marking up chromosome KI270714.1
2020-08-27 20:00:49,978 - WARNING - The .bam file refers to a chromosome 'KI270714.1+' not present in the annotation (.gtf) file
2020-08-27 20:00:49,978 - WARNING - The .bam file refers to a chromosome 'KI270714.1-' not present in the annotation (.gtf) file
2020-08-27 20:00:49,979 - DEBUG - Marking up chromosome KI270732.1
2020-08-27 20:00:49,980 - WARNING - The .bam file refers to a chromosome 'KI270732.1+' not present in the annotation (.gtf) file
2020-08-27 20:00:49,980 - WARNING - The .bam file refers to a chromosome 'KI270732.1-' not present in the annotation (.gtf) file
2020-08-27 20:00:49,980 - DEBUG - Marking up chromosome KI270713.1
2020-08-27 20:00:49,982 - DEBUG - Marking up chromosome KI270720.1
2020-08-27 20:00:49,982 - WARNING - The .bam file refers to a chromosome 'KI270720.1+' not present in the annotation (.gtf) file
2020-08-27 20:00:49,982 - WARNING - The .bam file refers to a chromosome 'KI270720.1-' not present in the annotation (.gtf) file
2020-08-27 20:00:49,982 - DEBUG - Marking up chromosome KI270723.1
2020-08-27 20:00:49,982 - WARNING - The .bam file refers to a chromosome 'KI270723.1+' not present in the annotation (.gtf) file
2020-08-27 20:00:49,982 - WARNING - The .bam file refers to a chromosome 'KI270723.1-' not present in the annotation (.gtf) file
2020-08-27 20:00:49,984 - DEBUG - Marking up chromosome KI270718.1
2020-08-27 20:00:49,984 - WARNING - The .bam file refers to a chromosome 'KI270718.1+' not present in the annotation (.gtf) file
2020-08-27 20:00:49,984 - WARNING - The .bam file refers to a chromosome 'KI270718.1-' not present in the annotation (.gtf) file
2020-08-27 20:00:50,002 - DEBUG - Marking up chromosome KI270755.1
2020-08-27 20:00:50,002 - WARNING - The .bam file refers to a chromosome 'KI270755.1+' not present in the annotation (.gtf) file
2020-08-27 20:00:50,002 - WARNING - The .bam file refers to a chromosome 'KI270755.1-' not present in the annotation (.gtf) file
2020-08-27 20:00:50,003 - DEBUG - Marking up chromosome KI270707.1
2020-08-27 20:00:50,003 - WARNING - The .bam file refers to a chromosome 'KI270707.1+' not present in the annotation (.gtf) file
2020-08-27 20:00:50,003 - WARNING - The .bam file refers to a chromosome 'KI270707.1-' not present in the annotation (.gtf) file
2020-08-27 20:00:50,005 - DEBUG - Marking up chromosome KI270467.1
2020-08-27 20:00:50,005 - WARNING - The .bam file refers to a chromosome 'KI270467.1+' not present in the annotation (.gtf) file
2020-08-27 20:00:50,005 - WARNING - The .bam file refers to a chromosome 'KI270467.1-' not present in the annotation (.gtf) file
2020-08-27 20:00:50,005 - DEBUG - Marking up chromosome KI270330.1
2020-08-27 20:00:50,005 - WARNING - The .bam file refers to a chromosome 'KI270330.1+' not present in the annotation (.gtf) file
2020-08-27 20:00:50,005 - WARNING - The .bam file refers to a chromosome 'KI270330.1-' not present in the annotation (.gtf) file
2020-08-27 20:00:53,087 - DEBUG - Read first 80 million reads
2020-08-27 20:00:55,752 - DEBUG - End of file. Reset index: start scanning from initial position.
2020-08-27 20:00:55,752 - DEBUG - 2234783 reads were skipped because no apropiate cell or umi barcode was found
2020-08-27 20:00:55,752 - DEBUG - Start molecule counting!
2020-08-27 20:00:59,785 - DEBUG - Features available for chromosomes : ['1-', '1+', '10-', '10+', '11-', '11+', '12-', '12+', '13-', '13+', '14-', '14+', '15-', '15+', '16-', '16+', '17-', '17+', '18-', '18+', '19-', '19+', '2-', '2+', '20-', '20+', '21-', '21+', '22-', '22+', '3-', '3+', '4-', '4+', '5-', '5+', '6-', '6+', '7-', '7+', '8-', '8+', '9-', '9+', 'GL000009.2-', 'GL000194.1-', 'GL000195.1-', 'GL000195.1+', 'GL000205.2-', 'GL000213.1-', 'GL000218.1-', 'GL000219.1-', 'KI270711.1-', 'KI270713.1-', 'KI270713.1+', 'KI270721.1+', 'KI270726.1+', 'KI270727.1-', 'KI270727.1+', 'KI270728.1-', 'KI270728.1+', 'KI270731.1-', 'KI270734.1-', 'KI270734.1+', 'MT-', 'MT+', 'X-', 'X+', 'Y-', 'Y+']
2020-08-27 20:00:59,785 - DEBUG - Mask available for chromosomes : []
2020-08-27 20:00:59,786 - DEBUG - Summarizing the results of intron validation.
2020-08-27 20:01:00,438 - DEBUG - Validated 378086 introns (of which unique intervals 122983) out of 996444 total possible introns (considering each possible transcript models).
2020-08-27 20:01:00,439 - DEBUG - Reading /net/isi-dcnl/ifs/user_data/abild/Megatron_data/COH057/feline_p29_40_mRNA/cell_ranger/FEL034_M/outs/cellsorted_possorted_genome_bam.bam
2020-08-27 20:01:00,479 - DEBUG - Read first 0 million reads
2020-08-27 20:01:31,009 - DEBUG - Counting for batch 1, containing 100 cells and 865320 reads
2020-08-27 20:01:56,603 - DEBUG - 0 reads not considered because fully enclosed in repeat masked regions
2020-08-27 20:02:17,032 - DEBUG - Counting for batch 2, containing 100 cells and 783983 reads
2020-08-27 20:02:40,879 - DEBUG - 0 reads not considered because fully enclosed in repeat masked regions
2020-08-27 20:02:54,196 - DEBUG - Read first 10 million reads
2020-08-27 20:03:00,636 - DEBUG - Counting for batch 3, containing 100 cells and 876847 reads
2020-08-27 20:03:27,415 - DEBUG - 0 reads not considered because fully enclosed in repeat masked regions
2020-08-27 20:03:46,464 - DEBUG - Counting for batch 4, containing 100 cells and 764406 reads
2020-08-27 20:04:09,675 - DEBUG - 0 reads not considered because fully enclosed in repeat masked regions
2020-08-27 20:04:28,840 - DEBUG - Counting for batch 5, containing 100 cells and 796432 reads
2020-08-27 20:04:53,235 - DEBUG - 0 reads not considered because fully enclosed in repeat masked regions
2020-08-27 20:05:11,206 - DEBUG - Counting for batch 6, containing 100 cells and 816312 reads
2020-08-27 20:05:37,727 - DEBUG - 0 reads not considered because fully enclosed in repeat masked regions
2020-08-27 20:05:55,266 - DEBUG - Counting for batch 7, containing 100 cells and 808976 reads
2020-08-27 20:06:19,591 - DEBUG - 0 reads not considered because fully enclosed in repeat masked regions
2020-08-27 20:06:39,508 - DEBUG - Counting for batch 8, containing 100 cells and 780122 reads
2020-08-27 20:07:05,558 - DEBUG - 0 reads not considered because fully enclosed in repeat masked regions
2020-08-27 20:07:15,011 - DEBUG - Read first 20 million reads
2020-08-27 20:07:23,159 - DEBUG - Counting for batch 9, containing 100 cells and 848991 reads
2020-08-27 20:07:48,487 - DEBUG - 0 reads not considered because fully enclosed in repeat masked regions
2020-08-27 20:08:08,678 - DEBUG - Counting for batch 10, containing 100 cells and 801870 reads
2020-08-27 20:08:33,344 - DEBUG - 0 reads not considered because fully enclosed in repeat masked regions
2020-08-27 20:08:52,841 - DEBUG - Counting for batch 11, containing 100 cells and 865391 reads
2020-08-27 20:09:18,852 - DEBUG - 0 reads not considered because fully enclosed in repeat masked regions
2020-08-27 20:09:39,316 - DEBUG - Counting for batch 12, containing 100 cells and 818117 reads
2020-08-27 20:10:03,767 - DEBUG - 0 reads not considered because fully enclosed in repeat masked regions
2020-08-27 20:10:22,805 - DEBUG - Counting for batch 13, containing 100 cells and 777185 reads
2020-08-27 20:10:46,682 - DEBUG - 0 reads not considered because fully enclosed in repeat masked regions
2020-08-27 20:11:08,342 - DEBUG - Counting for batch 14, containing 100 cells and 974328 reads
2020-08-27 20:11:37,574 - DEBUG - 0 reads not considered because fully enclosed in repeat masked regions
2020-08-27 20:11:44,569 - DEBUG - Read first 30 million reads
2020-08-27 20:11:59,363 - DEBUG - Counting for batch 15, containing 100 cells and 839939 reads
2020-08-27 20:12:25,023 - DEBUG - 0 reads not considered because fully enclosed in repeat masked regions
2020-08-27 20:12:43,875 - DEBUG - Counting for batch 16, containing 100 cells and 808603 reads
2020-08-27 20:13:10,918 - DEBUG - 0 reads not considered because fully enclosed in repeat masked regions
2020-08-27 20:13:29,527 - DEBUG - Counting for batch 17, containing 100 cells and 833433 reads
2020-08-27 20:13:54,822 - DEBUG - 0 reads not considered because fully enclosed in repeat masked regions
2020-08-27 20:14:15,516 - DEBUG - Counting for batch 18, containing 100 cells and 828529 reads
2020-08-27 20:14:40,345 - DEBUG - 0 reads not considered because fully enclosed in repeat masked regions
2020-08-27 20:14:58,618 - DEBUG - Counting for batch 19, containing 100 cells and 742385 reads
2020-08-27 20:15:22,173 - DEBUG - 0 reads not considered because fully enclosed in repeat masked regions
2020-08-27 20:15:36,733 - DEBUG - Read first 40 million reads
2020-08-27 20:15:42,438 - DEBUG - Counting for batch 20, containing 100 cells and 982965 reads
2020-08-27 20:16:13,040 - DEBUG - 0 reads not considered because fully enclosed in repeat masked regions
2020-08-27 20:16:33,284 - DEBUG - Counting for batch 21, containing 100 cells and 808691 reads
2020-08-27 20:16:58,057 - DEBUG - 0 reads not considered because fully enclosed in repeat masked regions
2020-08-27 20:17:17,149 - DEBUG - Counting for batch 22, containing 100 cells and 804841 reads
2020-08-27 20:17:43,342 - DEBUG - 0 reads not considered because fully enclosed in repeat masked regions
2020-08-27 20:18:00,898 - DEBUG - Counting for batch 23, containing 100 cells and 793212 reads
2020-08-27 20:18:25,004 - DEBUG - 0 reads not considered because fully enclosed in repeat masked regions
2020-08-27 20:18:45,431 - DEBUG - Counting for batch 24, containing 100 cells and 846306 reads
2020-08-27 20:19:10,624 - DEBUG - 0 reads not considered because fully enclosed in repeat masked regions
2020-08-27 20:19:32,951 - DEBUG - Counting for batch 25, containing 100 cells and 965602 reads
2020-08-27 20:20:01,327 - DEBUG - 0 reads not considered because fully enclosed in repeat masked regions
2020-08-27 20:20:07,867 - DEBUG - Read first 50 million reads
2020-08-27 20:20:23,883 - DEBUG - Counting for batch 26, containing 100 cells and 841511 reads
2020-08-27 20:20:49,514 - DEBUG - 0 reads not considered because fully enclosed in repeat masked regions
2020-08-27 20:21:07,129 - DEBUG - Counting for batch 27, containing 100 cells and 789426 reads
2020-08-27 20:21:32,772 - DEBUG - 0 reads not considered because fully enclosed in repeat masked regions
2020-08-27 20:21:50,192 - DEBUG - Counting for batch 28, containing 100 cells and 844146 reads
2020-08-27 20:22:15,254 - DEBUG - 0 reads not considered because fully enclosed in repeat masked regions
2020-08-27 20:22:34,857 - DEBUG - Counting for batch 29, containing 100 cells and 747527 reads
2020-08-27 20:22:57,865 - DEBUG - 0 reads not considered because fully enclosed in repeat masked regions
2020-08-27 20:23:18,229 - DEBUG - Counting for batch 30, containing 100 cells and 865413 reads
2020-08-27 20:23:45,491 - DEBUG - 0 reads not considered because fully enclosed in repeat masked regions
2020-08-27 20:23:59,180 - DEBUG - Read first 60 million reads
2020-08-27 20:24:04,378 - DEBUG - Counting for batch 31, containing 100 cells and 860121 reads
2020-08-27 20:24:32,433 - DEBUG - 0 reads not considered because fully enclosed in repeat masked regions
2020-08-27 20:24:50,681 - DEBUG - Counting for batch 32, containing 100 cells and 828993 reads
2020-08-27 20:25:17,769 - DEBUG - 0 reads not considered because fully enclosed in repeat masked regions
2020-08-27 20:25:35,846 - DEBUG - Counting for batch 33, containing 100 cells and 863026 reads
2020-08-27 20:26:01,404 - DEBUG - 0 reads not considered because fully enclosed in repeat masked regions
2020-08-27 20:26:20,895 - DEBUG - Counting for batch 34, containing 100 cells and 754866 reads
2020-08-27 20:26:45,986 - DEBUG - 0 reads not considered because fully enclosed in repeat masked regions
2020-08-27 20:27:03,743 - DEBUG - Counting for batch 35, containing 100 cells and 824098 reads
2020-08-27 20:27:28,581 - DEBUG - 0 reads not considered because fully enclosed in repeat masked regions
2020-08-27 20:27:48,397 - DEBUG - Counting for batch 36, containing 100 cells and 735373 reads
2020-08-27 20:28:11,097 - DEBUG - 0 reads not considered because fully enclosed in repeat masked regions
2020-08-27 20:28:18,870 - DEBUG - Read first 70 million reads
2020-08-27 20:28:30,925 - DEBUG - Counting for batch 37, containing 100 cells and 791655 reads
2020-08-27 20:28:55,407 - DEBUG - 0 reads not considered because fully enclosed in repeat masked regions
2020-08-27 20:29:14,044 - DEBUG - Counting for batch 38, containing 100 cells and 901077 reads
2020-08-27 20:29:43,187 - DEBUG - 0 reads not considered because fully enclosed in repeat masked regions
2020-08-27 20:30:02,401 - DEBUG - Counting for batch 39, containing 100 cells and 819593 reads
2020-08-27 20:30:29,804 - DEBUG - 0 reads not considered because fully enclosed in repeat masked regions
2020-08-27 20:30:46,900 - DEBUG - Counting for batch 40, containing 100 cells and 750879 reads
2020-08-27 20:31:10,200 - DEBUG - 0 reads not considered because fully enclosed in repeat masked regions
2020-08-27 20:31:27,830 - DEBUG - Counting for batch 41, containing 100 cells and 769656 reads
2020-08-27 20:31:51,391 - DEBUG - 0 reads not considered because fully enclosed in repeat masked regions
2020-08-27 20:32:09,946 - DEBUG - Read first 80 million reads
2020-08-27 20:32:13,726 - DEBUG - Counting for batch 42, containing 100 cells and 891830 reads
2020-08-27 20:32:40,933 - DEBUG - 0 reads not considered because fully enclosed in repeat masked regions
2020-08-27 20:32:53,849 - DEBUG - Counting for batch 43, containing 62 cells and 453700 reads
2020-08-27 20:33:09,477 - DEBUG - 0 reads not considered because fully enclosed in repeat masked regions
2020-08-27 20:33:12,673 - DEBUG - 2234783 reads were skipped because no apropiate cell or umi barcode was found
2020-08-27 20:33:12,673 - DEBUG - Counting done!
2020-08-27 20:33:12,701 - DEBUG - Generating output file /net/isi-dcnl/ifs/user_data/abild/Megatron_data/COH057/feline_p29_40_mRNA/cell_ranger/FEL034_M/velocyto/FEL034_M.loom
2020-08-27 20:33:12,701 - DEBUG - Collecting row attributes
2020-08-27 20:33:12,800 - DEBUG - Generating data table
2020-08-27 20:33:14,571 - DEBUG - Writing loom file
2020-08-27 20:33:23,270 - DEBUG - Terminated Succesfully!
Start: 1598582872
End: 1598585605
Run time: 2733
Done
