CPU: 16
N: 69
Step1: Analyze spliced and unspliced reads and genrate a loom file for velocityR
Run velocyto to generate loom file
2020-08-27 19:54:15,338 - DEBUG - Using logic: Default
2020-08-27 19:54:15,361 - INFO - Read 1880 cell barcodes from /net/isi-dcnl/ifs/user_data/abild/Megatron_data/COH057/feline_p29_40_mRNA/cell_ranger/FEL035_M/outs/filtered_feature_bc_matrix/barcodes.tsv.gz
2020-08-27 19:54:15,361 - DEBUG - Example of barcode: AAACCCAAGTATGAAC and cell_id: FEL035_M:AAACCCAAGTATGAAC-1
2020-08-27 19:54:15,378 - DEBUG - Peeking into /net/isi-dcnl/ifs/user_data/abild/Megatron_data/COH057/feline_p29_40_mRNA/cell_ranger/FEL035_M/outs/possorted_genome_bam.bam
2020-08-27 19:54:15,488 - WARNING - Not found cell and umi barcode in entry 15 of the bam file
2020-08-27 19:54:15,488 - WARNING - Not found cell and umi barcode in entry 41 of the bam file
2020-08-27 19:54:15,488 - WARNING - Not found cell and umi barcode in entry 42 of the bam file
2020-08-27 19:54:15,489 - WARNING - Not found cell and umi barcode in entry 72 of the bam file
2020-08-27 19:54:15,490 - WARNING - Not found cell and umi barcode in entry 287 of the bam file
2020-08-27 19:54:15,490 - WARNING - Not found cell and umi barcode in entry 332 of the bam file
2020-08-27 19:54:15,490 - WARNING - Not found cell and umi barcode in entry 369 of the bam file
2020-08-27 19:54:15,490 - WARNING - Not found cell and umi barcode in entry 370 of the bam file
2020-08-27 19:54:15,490 - WARNING - Not found cell and umi barcode in entry 475 of the bam file
2020-08-27 19:54:15,492 - WARNING - Not found cell and umi barcode in entry 922 of the bam file
2020-08-27 19:54:15,492 - WARNING - Not found cell and umi barcode in entry 938 of the bam file
2020-08-27 19:54:15,497 - WARNING - The file /net/isi-dcnl/ifs/user_data/abild/Megatron_data/COH057/feline_p29_40_mRNA/cell_ranger/FEL035_M/outs/cellsorted_possorted_genome_bam.bam already exists. The sorting step will be skipped and the existing file will be used.
2020-08-27 19:54:15,498 - INFO - Load the annotation from /net/isi-dcnl/ifs/user_data/abild/Genomes/refdata-cellranger-GRCh38-3.0.0/genes/genes.gtf
2020-08-27 19:54:23,308 - DEBUG - Parsing Chromosome 1 strand - [line 0]
2020-08-27 19:54:23,922 - DEBUG - Done with 1- [line 108728]
2020-08-27 19:54:23,922 - DEBUG - Assigning indexes to genes
2020-08-27 19:54:23,932 - DEBUG - Seen 1561 genes until now
2020-08-27 19:54:23,932 - DEBUG - Parsing Chromosome 1 strand + [line 108729]
2020-08-27 19:54:24,853 - DEBUG - Done with 1+ [line 232515]
2020-08-27 19:54:24,853 - DEBUG - Assigning indexes to genes
2020-08-27 19:54:24,865 - DEBUG - Seen 3154 genes until now
2020-08-27 19:54:24,865 - DEBUG - Parsing Chromosome 10 strand - [line 232516]
2020-08-27 19:54:25,068 - DEBUG - Done with 10- [line 279343]
2020-08-27 19:54:25,068 - DEBUG - Assigning indexes to genes
2020-08-27 19:54:25,071 - DEBUG - Seen 3737 genes until now
2020-08-27 19:54:25,071 - DEBUG - Parsing Chromosome 10 strand + [line 279344]
2020-08-27 19:54:25,259 - DEBUG - Done with 10+ [line 323872]
2020-08-27 19:54:25,260 - DEBUG - Assigning indexes to genes
2020-08-27 19:54:25,264 - DEBUG - Seen 4384 genes until now
2020-08-27 19:54:25,264 - DEBUG - Parsing Chromosome 11 strand - [line 323873]
2020-08-27 19:54:25,836 - DEBUG - Done with 11- [line 402908]
2020-08-27 19:54:25,836 - DEBUG - Assigning indexes to genes
2020-08-27 19:54:25,843 - DEBUG - Seen 5320 genes until now
2020-08-27 19:54:25,843 - DEBUG - Parsing Chromosome 11 strand + [line 402909]
2020-08-27 19:54:26,438 - DEBUG - Done with 11+ [line 482591]
2020-08-27 19:54:26,438 - DEBUG - Assigning indexes to genes
2020-08-27 19:54:26,446 - DEBUG - Seen 6305 genes until now
2020-08-27 19:54:26,446 - DEBUG - Parsing Chromosome 12 strand - [line 482592]
2020-08-27 19:54:26,773 - DEBUG - Done with 12- [line 559278]
2020-08-27 19:54:26,773 - DEBUG - Assigning indexes to genes
2020-08-27 19:54:26,779 - DEBUG - Seen 7177 genes until now
2020-08-27 19:54:26,779 - DEBUG - Parsing Chromosome 12 strand + [line 559279]
2020-08-27 19:54:27,092 - DEBUG - Done with 12+ [line 635173]
2020-08-27 19:54:27,093 - DEBUG - Assigning indexes to genes
2020-08-27 19:54:27,099 - DEBUG - Seen 8070 genes until now
2020-08-27 19:54:27,099 - DEBUG - Parsing Chromosome 13 strand - [line 635174]
2020-08-27 19:54:27,467 - DEBUG - Done with 13- [line 653523]
2020-08-27 19:54:27,467 - DEBUG - Assigning indexes to genes
2020-08-27 19:54:27,469 - DEBUG - Seen 8400 genes until now
2020-08-27 19:54:27,469 - DEBUG - Parsing Chromosome 13 strand + [line 653524]
2020-08-27 19:54:27,551 - DEBUG - Done with 13+ [line 673091]
2020-08-27 19:54:27,552 - DEBUG - Assigning indexes to genes
2020-08-27 19:54:27,553 - DEBUG - Seen 8736 genes until now
2020-08-27 19:54:27,553 - DEBUG - Parsing Chromosome 14 strand - [line 673092]
2020-08-27 19:54:27,736 - DEBUG - Done with 14- [line 716831]
2020-08-27 19:54:27,736 - DEBUG - Assigning indexes to genes
2020-08-27 19:54:27,739 - DEBUG - Seen 9452 genes until now
2020-08-27 19:54:27,739 - DEBUG - Parsing Chromosome 14 strand + [line 716832]
2020-08-27 19:54:27,939 - DEBUG - Done with 14+ [line 764942]
2020-08-27 19:54:27,939 - DEBUG - Assigning indexes to genes
2020-08-27 19:54:27,943 - DEBUG - Seen 10121 genes until now
2020-08-27 19:54:27,943 - DEBUG - Parsing Chromosome 15 strand - [line 764943]
2020-08-27 19:54:28,150 - DEBUG - Done with 15- [line 813803]
2020-08-27 19:54:28,151 - DEBUG - Assigning indexes to genes
2020-08-27 19:54:28,154 - DEBUG - Seen 10698 genes until now
2020-08-27 19:54:28,154 - DEBUG - Parsing Chromosome 15 strand + [line 813804]
2020-08-27 19:54:28,337 - DEBUG - Done with 15+ [line 857859]
2020-08-27 19:54:28,337 - DEBUG - Assigning indexes to genes
2020-08-27 19:54:28,341 - DEBUG - Seen 11256 genes until now
2020-08-27 19:54:28,341 - DEBUG - Parsing Chromosome 16 strand - [line 857860]
2020-08-27 19:54:28,891 - DEBUG - Done with 16- [line 911118]
2020-08-27 19:54:28,891 - DEBUG - Assigning indexes to genes
2020-08-27 19:54:28,895 - DEBUG - Seen 11998 genes until now
2020-08-27 19:54:28,896 - DEBUG - Parsing Chromosome 16 strand + [line 911119]
2020-08-27 19:54:29,187 - DEBUG - Done with 16+ [line 981663]
2020-08-27 19:54:29,187 - DEBUG - Assigning indexes to genes
2020-08-27 19:54:29,192 - DEBUG - Seen 12787 genes until now
2020-08-27 19:54:29,192 - DEBUG - Parsing Chromosome 17 strand - [line 981664]
2020-08-27 19:54:29,547 - DEBUG - Done with 17- [line 1066635]
2020-08-27 19:54:29,547 - DEBUG - Assigning indexes to genes
2020-08-27 19:54:29,554 - DEBUG - Seen 13775 genes until now
2020-08-27 19:54:29,555 - DEBUG - Parsing Chromosome 17 strand + [line 1066636]
2020-08-27 19:54:30,242 - DEBUG - Done with 17+ [line 1143834]
2020-08-27 19:54:30,242 - DEBUG - Assigning indexes to genes
2020-08-27 19:54:30,251 - DEBUG - Seen 14681 genes until now
2020-08-27 19:54:30,251 - DEBUG - Parsing Chromosome 18 strand - [line 1143835]
2020-08-27 19:54:30,354 - DEBUG - Done with 18- [line 1168496]
2020-08-27 19:54:30,354 - DEBUG - Assigning indexes to genes
2020-08-27 19:54:30,356 - DEBUG - Seen 15006 genes until now
2020-08-27 19:54:30,356 - DEBUG - Parsing Chromosome 18 strand + [line 1168497]
2020-08-27 19:54:30,444 - DEBUG - Done with 18+ [line 1189691]
2020-08-27 19:54:30,444 - DEBUG - Assigning indexes to genes
2020-08-27 19:54:30,446 - DEBUG - Seen 15343 genes until now
2020-08-27 19:54:30,446 - DEBUG - Parsing Chromosome 19 strand - [line 1189692]
2020-08-27 19:54:30,769 - DEBUG - Done with 19- [line 1268854]
2020-08-27 19:54:30,769 - DEBUG - Assigning indexes to genes
2020-08-27 19:54:30,776 - DEBUG - Seen 16352 genes until now
2020-08-27 19:54:30,776 - DEBUG - Parsing Chromosome 19 strand + [line 1268855]
2020-08-27 19:54:31,109 - DEBUG - Done with 19+ [line 1351833]
2020-08-27 19:54:31,109 - DEBUG - Assigning indexes to genes
2020-08-27 19:54:31,116 - DEBUG - Seen 17347 genes until now
2020-08-27 19:54:31,116 - DEBUG - Parsing Chromosome 2 strand - [line 1351834]
2020-08-27 19:54:31,531 - DEBUG - Done with 2- [line 1448710]
2020-08-27 19:54:31,531 - DEBUG - Assigning indexes to genes
2020-08-27 19:54:31,539 - DEBUG - Seen 18472 genes until now
2020-08-27 19:54:31,539 - DEBUG - Parsing Chromosome 2 strand + [line 1448711]
2020-08-27 19:54:32,364 - DEBUG - Done with 2+ [line 1542602]
2020-08-27 19:54:32,364 - DEBUG - Assigning indexes to genes
2020-08-27 19:54:32,373 - DEBUG - Seen 19632 genes until now
2020-08-27 19:54:32,373 - DEBUG - Parsing Chromosome 20 strand - [line 1542603]
2020-08-27 19:54:32,484 - DEBUG - Done with 20- [line 1569195]
2020-08-27 19:54:32,484 - DEBUG - Assigning indexes to genes
2020-08-27 19:54:32,486 - DEBUG - Seen 20079 genes until now
2020-08-27 19:54:32,486 - DEBUG - Parsing Chromosome 20 strand + [line 1569196]
2020-08-27 19:54:32,618 - DEBUG - Done with 20+ [line 1600541]
2020-08-27 19:54:32,618 - DEBUG - Assigning indexes to genes
2020-08-27 19:54:32,621 - DEBUG - Seen 20527 genes until now
2020-08-27 19:54:32,621 - DEBUG - Parsing Chromosome 21 strand - [line 1600542]
2020-08-27 19:54:32,679 - DEBUG - Done with 21- [line 1614106]
2020-08-27 19:54:32,679 - DEBUG - Assigning indexes to genes
2020-08-27 19:54:32,681 - DEBUG - Seen 20795 genes until now
2020-08-27 19:54:32,681 - DEBUG - Parsing Chromosome 21 strand + [line 1614107]
2020-08-27 19:54:32,744 - DEBUG - Done with 21+ [line 1628392]
2020-08-27 19:54:32,744 - DEBUG - Assigning indexes to genes
2020-08-27 19:54:32,745 - DEBUG - Seen 21029 genes until now
2020-08-27 19:54:32,746 - DEBUG - Parsing Chromosome 22 strand - [line 1628393]
2020-08-27 19:54:32,853 - DEBUG - Done with 22- [line 1653805]
2020-08-27 19:54:32,853 - DEBUG - Assigning indexes to genes
2020-08-27 19:54:32,855 - DEBUG - Seen 21391 genes until now
2020-08-27 19:54:32,855 - DEBUG - Parsing Chromosome 22 strand + [line 1653806]
2020-08-27 19:54:32,982 - DEBUG - Done with 22+ [line 1684245]
2020-08-27 19:54:32,982 - DEBUG - Assigning indexes to genes
2020-08-27 19:54:32,986 - DEBUG - Seen 21866 genes until now
2020-08-27 19:54:32,986 - DEBUG - Parsing Chromosome 3 strand - [line 1684246]
2020-08-27 19:54:33,323 - DEBUG - Done with 3- [line 1763939]
2020-08-27 19:54:33,323 - DEBUG - Assigning indexes to genes
2020-08-27 19:54:33,330 - DEBUG - Seen 22713 genes until now
2020-08-27 19:54:33,330 - DEBUG - Parsing Chromosome 3 strand + [line 1763940]
2020-08-27 19:54:33,667 - DEBUG - Done with 3+ [line 1844840]
2020-08-27 19:54:33,667 - DEBUG - Assigning indexes to genes
2020-08-27 19:54:33,674 - DEBUG - Seen 23585 genes until now
2020-08-27 19:54:33,674 - DEBUG - Parsing Chromosome 4 strand - [line 1844841]
2020-08-27 19:54:34,433 - DEBUG - Done with 4- [line 1898665]
2020-08-27 19:54:34,433 - DEBUG - Assigning indexes to genes
2020-08-27 19:54:34,437 - DEBUG - Seen 24246 genes until now
2020-08-27 19:54:34,437 - DEBUG - Parsing Chromosome 4 strand + [line 1898666]
2020-08-27 19:54:34,638 - DEBUG - Done with 4+ [line 1947617]
2020-08-27 19:54:34,638 - DEBUG - Assigning indexes to genes
2020-08-27 19:54:34,642 - DEBUG - Seen 24938 genes until now
2020-08-27 19:54:34,642 - DEBUG - Parsing Chromosome 5 strand - [line 1947618]
2020-08-27 19:54:34,869 - DEBUG - Done with 5- [line 2001140]
2020-08-27 19:54:34,869 - DEBUG - Assigning indexes to genes
2020-08-27 19:54:34,873 - DEBUG - Seen 25741 genes until now
2020-08-27 19:54:34,874 - DEBUG - Parsing Chromosome 5 strand + [line 2001141]
2020-08-27 19:54:35,142 - DEBUG - Done with 5+ [line 2062165]
2020-08-27 19:54:35,142 - DEBUG - Assigning indexes to genes
2020-08-27 19:54:35,148 - DEBUG - Seen 26599 genes until now
2020-08-27 19:54:35,148 - DEBUG - Parsing Chromosome 6 strand - [line 2062166]
2020-08-27 19:54:35,395 - DEBUG - Done with 6- [line 2121425]
2020-08-27 19:54:35,395 - DEBUG - Assigning indexes to genes
2020-08-27 19:54:35,400 - DEBUG - Seen 27435 genes until now
2020-08-27 19:54:35,400 - DEBUG - Parsing Chromosome 6 strand + [line 2121426]
2020-08-27 19:54:35,620 - DEBUG - Done with 6+ [line 2176078]
2020-08-27 19:54:35,620 - DEBUG - Assigning indexes to genes
2020-08-27 19:54:35,624 - DEBUG - Seen 28231 genes until now
2020-08-27 19:54:35,624 - DEBUG - Parsing Chromosome 7 strand - [line 2176079]
2020-08-27 19:54:35,866 - DEBUG - Done with 7- [line 2233605]
2020-08-27 19:54:35,866 - DEBUG - Assigning indexes to genes
2020-08-27 19:54:35,870 - DEBUG - Seen 28953 genes until now
2020-08-27 19:54:35,870 - DEBUG - Parsing Chromosome 7 strand + [line 2233606]
2020-08-27 19:54:36,126 - DEBUG - Done with 7+ [line 2295513]
2020-08-27 19:54:36,127 - DEBUG - Assigning indexes to genes
2020-08-27 19:54:36,132 - DEBUG - Seen 29770 genes until now
2020-08-27 19:54:36,132 - DEBUG - Parsing Chromosome 8 strand - [line 2295514]
2020-08-27 19:54:36,329 - DEBUG - Done with 8- [line 2343289]
2020-08-27 19:54:36,329 - DEBUG - Assigning indexes to genes
2020-08-27 19:54:36,333 - DEBUG - Seen 30442 genes until now
2020-08-27 19:54:36,333 - DEBUG - Parsing Chromosome 8 strand + [line 2343290]
2020-08-27 19:54:36,512 - DEBUG - Done with 8+ [line 2386793]
2020-08-27 19:54:36,512 - DEBUG - Assigning indexes to genes
2020-08-27 19:54:36,516 - DEBUG - Seen 31090 genes until now
2020-08-27 19:54:36,516 - DEBUG - Parsing Chromosome 9 strand - [line 2386794]
2020-08-27 19:54:37,287 - DEBUG - Done with 9- [line 2430389]
2020-08-27 19:54:37,287 - DEBUG - Assigning indexes to genes
2020-08-27 19:54:37,290 - DEBUG - Seen 31710 genes until now
2020-08-27 19:54:37,290 - DEBUG - Parsing Chromosome 9 strand + [line 2430390]
2020-08-27 19:54:37,487 - DEBUG - Done with 9+ [line 2477312]
2020-08-27 19:54:37,487 - DEBUG - Assigning indexes to genes
2020-08-27 19:54:37,490 - DEBUG - Seen 32318 genes until now
2020-08-27 19:54:37,490 - DEBUG - Parsing Chromosome GL000009.2 strand - [line 2477313]
2020-08-27 19:54:37,490 - DEBUG - Done with GL000009.2- [line 2477320]
2020-08-27 19:54:37,490 - DEBUG - Assigning indexes to genes
2020-08-27 19:54:37,490 - DEBUG - Seen 32319 genes until now
2020-08-27 19:54:37,490 - DEBUG - Parsing Chromosome GL000194.1 strand - [line 2477321]
2020-08-27 19:54:37,491 - DEBUG - Done with GL000194.1- [line 2477346]
2020-08-27 19:54:37,491 - DEBUG - Assigning indexes to genes
2020-08-27 19:54:37,491 - DEBUG - Seen 32321 genes until now
2020-08-27 19:54:37,491 - DEBUG - Parsing Chromosome GL000195.1 strand - [line 2477347]
2020-08-27 19:54:37,491 - DEBUG - Done with GL000195.1- [line 2477356]
2020-08-27 19:54:37,491 - DEBUG - Assigning indexes to genes
2020-08-27 19:54:37,491 - DEBUG - Seen 32322 genes until now
2020-08-27 19:54:37,491 - DEBUG - Parsing Chromosome GL000195.1 strand + [line 2477357]
2020-08-27 19:54:37,491 - DEBUG - Done with GL000195.1+ [line 2477370]
2020-08-27 19:54:37,491 - DEBUG - Assigning indexes to genes
2020-08-27 19:54:37,491 - DEBUG - Seen 32323 genes until now
2020-08-27 19:54:37,491 - DEBUG - Parsing Chromosome GL000205.2 strand - [line 2477371]
2020-08-27 19:54:37,491 - DEBUG - Done with GL000205.2- [line 2477384]
2020-08-27 19:54:37,491 - DEBUG - Assigning indexes to genes
2020-08-27 19:54:37,491 - DEBUG - Seen 32324 genes until now
2020-08-27 19:54:37,491 - DEBUG - Parsing Chromosome GL000213.1 strand - [line 2477385]
2020-08-27 19:54:37,492 - DEBUG - Done with GL000213.1- [line 2477433]
2020-08-27 19:54:37,492 - DEBUG - Assigning indexes to genes
2020-08-27 19:54:37,492 - DEBUG - Seen 32325 genes until now
2020-08-27 19:54:37,492 - DEBUG - Parsing Chromosome GL000218.1 strand - [line 2477434]
2020-08-27 19:54:37,492 - DEBUG - Done with GL000218.1- [line 2477441]
2020-08-27 19:54:37,492 - DEBUG - Assigning indexes to genes
2020-08-27 19:54:37,492 - DEBUG - Seen 32326 genes until now
2020-08-27 19:54:37,492 - DEBUG - Parsing Chromosome GL000219.1 strand - [line 2477442]
2020-08-27 19:54:37,492 - DEBUG - Done with GL000219.1- [line 2477453]
2020-08-27 19:54:37,492 - DEBUG - Assigning indexes to genes
2020-08-27 19:54:37,492 - DEBUG - Seen 32327 genes until now
2020-08-27 19:54:37,492 - DEBUG - Parsing Chromosome KI270711.1 strand - [line 2477454]
2020-08-27 19:54:37,493 - DEBUG - Done with KI270711.1- [line 2477604]
2020-08-27 19:54:37,493 - DEBUG - Assigning indexes to genes
2020-08-27 19:54:37,493 - DEBUG - Seen 32328 genes until now
2020-08-27 19:54:37,493 - DEBUG - Parsing Chromosome KI270713.1 strand - [line 2477605]
2020-08-27 19:54:37,493 - DEBUG - Done with KI270713.1- [line 2477612]
2020-08-27 19:54:37,493 - DEBUG - Assigning indexes to genes
2020-08-27 19:54:37,493 - DEBUG - Seen 32329 genes until now
2020-08-27 19:54:37,493 - DEBUG - Parsing Chromosome KI270713.1 strand + [line 2477613]
2020-08-27 19:54:37,493 - DEBUG - Done with KI270713.1+ [line 2477618]
2020-08-27 19:54:37,493 - DEBUG - Assigning indexes to genes
2020-08-27 19:54:37,493 - DEBUG - Seen 32330 genes until now
2020-08-27 19:54:37,493 - DEBUG - Parsing Chromosome KI270721.1 strand + [line 2477619]
2020-08-27 19:54:37,493 - DEBUG - Done with KI270721.1+ [line 2477634]
2020-08-27 19:54:37,493 - DEBUG - Assigning indexes to genes
2020-08-27 19:54:37,493 - DEBUG - Seen 32331 genes until now
2020-08-27 19:54:37,494 - DEBUG - Parsing Chromosome KI270726.1 strand + [line 2477635]
2020-08-27 19:54:37,494 - DEBUG - Done with KI270726.1+ [line 2477645]
2020-08-27 19:54:37,494 - DEBUG - Assigning indexes to genes
2020-08-27 19:54:37,494 - DEBUG - Seen 32333 genes until now
2020-08-27 19:54:37,494 - DEBUG - Parsing Chromosome KI270727.1 strand - [line 2477646]
2020-08-27 19:54:37,494 - DEBUG - Done with KI270727.1- [line 2477704]
2020-08-27 19:54:37,494 - DEBUG - Assigning indexes to genes
2020-08-27 19:54:37,494 - DEBUG - Seen 32335 genes until now
2020-08-27 19:54:37,494 - DEBUG - Parsing Chromosome KI270727.1 strand + [line 2477705]
2020-08-27 19:54:37,494 - DEBUG - Done with KI270727.1+ [line 2477719]
2020-08-27 19:54:37,494 - DEBUG - Assigning indexes to genes
2020-08-27 19:54:37,494 - DEBUG - Seen 32337 genes until now
2020-08-27 19:54:37,494 - DEBUG - Parsing Chromosome KI270728.1 strand - [line 2477720]
2020-08-27 19:54:37,495 - DEBUG - Done with KI270728.1- [line 2477796]
2020-08-27 19:54:37,495 - DEBUG - Assigning indexes to genes
2020-08-27 19:54:37,495 - DEBUG - Seen 32339 genes until now
2020-08-27 19:54:37,495 - DEBUG - Parsing Chromosome KI270728.1 strand + [line 2477797]
2020-08-27 19:54:37,495 - DEBUG - Done with KI270728.1+ [line 2477833]
2020-08-27 19:54:37,495 - DEBUG - Assigning indexes to genes
2020-08-27 19:54:37,495 - DEBUG - Seen 32343 genes until now
2020-08-27 19:54:37,495 - DEBUG - Parsing Chromosome KI270731.1 strand - [line 2477834]
2020-08-27 19:54:37,495 - DEBUG - Done with KI270731.1- [line 2477840]
2020-08-27 19:54:37,495 - DEBUG - Assigning indexes to genes
2020-08-27 19:54:37,495 - DEBUG - Seen 32344 genes until now
2020-08-27 19:54:37,495 - DEBUG - Parsing Chromosome KI270734.1 strand - [line 2477841]
2020-08-27 19:54:37,496 - DEBUG - Done with KI270734.1- [line 2477909]
2020-08-27 19:54:37,496 - DEBUG - Assigning indexes to genes
2020-08-27 19:54:37,496 - DEBUG - Seen 32345 genes until now
2020-08-27 19:54:37,496 - DEBUG - Parsing Chromosome KI270734.1 strand + [line 2477910]
2020-08-27 19:54:37,496 - DEBUG - Done with KI270734.1+ [line 2477932]
2020-08-27 19:54:37,496 - DEBUG - Assigning indexes to genes
2020-08-27 19:54:37,496 - DEBUG - Seen 32347 genes until now
2020-08-27 19:54:37,496 - DEBUG - Parsing Chromosome MT strand - [line 2477933]
2020-08-27 19:54:37,496 - DEBUG - Done with MT- [line 2477938]
2020-08-27 19:54:37,496 - DEBUG - Assigning indexes to genes
2020-08-27 19:54:37,496 - DEBUG - Seen 32348 genes until now
2020-08-27 19:54:37,496 - DEBUG - Parsing Chromosome MT strand + [line 2477939]
2020-08-27 19:54:37,496 - DEBUG - Done with MT+ [line 2478004]
2020-08-27 19:54:37,496 - DEBUG - Assigning indexes to genes
2020-08-27 19:54:37,496 - DEBUG - Seen 32360 genes until now
2020-08-27 19:54:37,497 - DEBUG - Parsing Chromosome X strand - [line 2478005]
2020-08-27 19:54:37,663 - DEBUG - Done with X- [line 2518937]
2020-08-27 19:54:37,663 - DEBUG - Assigning indexes to genes
2020-08-27 19:54:37,666 - DEBUG - Seen 32876 genes until now
2020-08-27 19:54:37,666 - DEBUG - Parsing Chromosome X strand + [line 2518938]
2020-08-27 19:54:37,833 - DEBUG - Done with X+ [line 2560301]
2020-08-27 19:54:37,833 - DEBUG - Assigning indexes to genes
2020-08-27 19:54:37,836 - DEBUG - Seen 33438 genes until now
2020-08-27 19:54:37,836 - DEBUG - Parsing Chromosome Y strand - [line 2560302]
2020-08-27 19:54:37,846 - DEBUG - Done with Y- [line 2562446]
2020-08-27 19:54:37,846 - DEBUG - Assigning indexes to genes
2020-08-27 19:54:37,846 - DEBUG - Seen 33485 genes until now
2020-08-27 19:54:37,846 - DEBUG - Parsing Chromosome Y strand + [line 2562447]
2020-08-27 19:54:37,857 - DEBUG - Assigning indexes to genes
2020-08-27 19:54:37,857 - DEBUG - Done with Y+ [line 2565059]
2020-08-27 19:54:37,857 - DEBUG - Fixing corner cases of transcript models containg intron longer than 1000Kbp
2020-08-27 19:54:39,584 - DEBUG - Generated 2165800 features corresponding to 172912 transcript models from /net/isi-dcnl/ifs/user_data/abild/Genomes/refdata-cellranger-GRCh38-3.0.0/genes/genes.gtf
2020-08-27 19:54:39,612 - INFO - Scan /net/isi-dcnl/ifs/user_data/abild/Megatron_data/COH057/feline_p29_40_mRNA/cell_ranger/FEL035_M/outs/possorted_genome_bam.bam to validate intron intervals
2020-08-27 19:54:43,509 - DEBUG - Reading /net/isi-dcnl/ifs/user_data/abild/Megatron_data/COH057/feline_p29_40_mRNA/cell_ranger/FEL035_M/outs/possorted_genome_bam.bam
2020-08-27 19:54:43,524 - DEBUG - Read first 0 million reads
2020-08-27 19:54:43,524 - DEBUG - Marking up chromosome 1
2020-08-27 19:55:44,657 - DEBUG - Marking up chromosome 10
2020-08-27 19:55:58,536 - DEBUG - Read first 10 million reads
2020-08-27 19:56:17,827 - DEBUG - Marking up chromosome 11
2020-08-27 19:57:07,701 - DEBUG - Marking up chromosome 12
2020-08-27 19:57:25,774 - DEBUG - Read first 20 million reads
2020-08-27 19:57:43,038 - DEBUG - Marking up chromosome 13
2020-08-27 19:57:55,657 - DEBUG - Marking up chromosome 14
2020-08-27 19:58:18,367 - DEBUG - Marking up chromosome 15
2020-08-27 19:58:42,999 - DEBUG - Marking up chromosome 16
2020-08-27 19:58:46,768 - DEBUG - Read first 30 million reads
2020-08-27 19:59:08,023 - DEBUG - Marking up chromosome 17
2020-08-27 19:59:40,746 - DEBUG - Marking up chromosome 18
2020-08-27 19:59:51,813 - DEBUG - Marking up chromosome 19
2020-08-27 20:00:07,690 - DEBUG - Read first 40 million reads
2020-08-27 20:00:20,012 - DEBUG - Marking up chromosome 2
2020-08-27 20:01:10,046 - DEBUG - Marking up chromosome 20
2020-08-27 20:01:25,026 - DEBUG - Marking up chromosome 21
2020-08-27 20:01:25,776 - DEBUG - Read first 50 million reads
2020-08-27 20:01:46,779 - DEBUG - Read first 60 million reads
2020-08-27 20:02:07,862 - DEBUG - Read first 70 million reads
2020-08-27 20:02:28,903 - DEBUG - Read first 80 million reads
2020-08-27 20:02:39,014 - DEBUG - Marking up chromosome 22
2020-08-27 20:02:50,734 - DEBUG - Marking up chromosome 3
2020-08-27 20:03:34,292 - DEBUG - Marking up chromosome 4
2020-08-27 20:03:48,332 - DEBUG - Read first 90 million reads
2020-08-27 20:04:01,099 - DEBUG - Marking up chromosome 5
2020-08-27 20:04:35,598 - DEBUG - Marking up chromosome 6
2020-08-27 20:05:02,981 - DEBUG - Read first 100 million reads
2020-08-27 20:05:04,435 - DEBUG - Marking up chromosome 7
2020-08-27 20:05:44,481 - DEBUG - Marking up chromosome 8
2020-08-27 20:06:11,073 - DEBUG - Marking up chromosome 9
2020-08-27 20:06:18,185 - DEBUG - Read first 110 million reads
2020-08-27 20:06:33,921 - DEBUG - Marking up chromosome MT
2020-08-27 20:06:36,231 - DEBUG - Marking up chromosome X
2020-08-27 20:06:53,909 - DEBUG - Marking up chromosome Y
2020-08-27 20:06:53,955 - DEBUG - Marking up chromosome KI270728.1
2020-08-27 20:06:53,959 - DEBUG - Marking up chromosome KI270727.1
2020-08-27 20:06:53,977 - DEBUG - Marking up chromosome KI270442.1
2020-08-27 20:06:53,977 - WARNING - The .bam file refers to a chromosome 'KI270442.1+' not present in the annotation (.gtf) file
2020-08-27 20:06:53,977 - WARNING - The .bam file refers to a chromosome 'KI270442.1-' not present in the annotation (.gtf) file
2020-08-27 20:06:53,980 - DEBUG - Marking up chromosome KI270729.1
2020-08-27 20:06:53,980 - WARNING - The .bam file refers to a chromosome 'KI270729.1+' not present in the annotation (.gtf) file
2020-08-27 20:06:53,980 - WARNING - The .bam file refers to a chromosome 'KI270729.1-' not present in the annotation (.gtf) file
2020-08-27 20:06:53,980 - DEBUG - Marking up chromosome GL000225.1
2020-08-27 20:06:53,980 - WARNING - The .bam file refers to a chromosome 'GL000225.1+' not present in the annotation (.gtf) file
2020-08-27 20:06:53,980 - WARNING - The .bam file refers to a chromosome 'GL000225.1-' not present in the annotation (.gtf) file
2020-08-27 20:06:53,981 - DEBUG - Marking up chromosome KI270743.1
2020-08-27 20:06:53,981 - WARNING - The .bam file refers to a chromosome 'KI270743.1+' not present in the annotation (.gtf) file
2020-08-27 20:06:53,981 - WARNING - The .bam file refers to a chromosome 'KI270743.1-' not present in the annotation (.gtf) file
2020-08-27 20:06:53,986 - DEBUG - Marking up chromosome GL000008.2
2020-08-27 20:06:53,986 - WARNING - The .bam file refers to a chromosome 'GL000008.2+' not present in the annotation (.gtf) file
2020-08-27 20:06:53,986 - WARNING - The .bam file refers to a chromosome 'GL000008.2-' not present in the annotation (.gtf) file
2020-08-27 20:06:53,996 - DEBUG - Marking up chromosome GL000009.2
2020-08-27 20:06:53,996 - WARNING - The .bam file refers to a chromosome 'GL000009.2+' not present in the annotation (.gtf) file
2020-08-27 20:06:54,004 - DEBUG - Marking up chromosome KI270747.1
2020-08-27 20:06:54,004 - WARNING - The .bam file refers to a chromosome 'KI270747.1+' not present in the annotation (.gtf) file
2020-08-27 20:06:54,004 - WARNING - The .bam file refers to a chromosome 'KI270747.1-' not present in the annotation (.gtf) file
2020-08-27 20:06:54,004 - DEBUG - Marking up chromosome KI270722.1
2020-08-27 20:06:54,004 - WARNING - The .bam file refers to a chromosome 'KI270722.1+' not present in the annotation (.gtf) file
2020-08-27 20:06:54,004 - WARNING - The .bam file refers to a chromosome 'KI270722.1-' not present in the annotation (.gtf) file
2020-08-27 20:06:54,004 - DEBUG - Marking up chromosome GL000194.1
2020-08-27 20:06:54,005 - WARNING - The .bam file refers to a chromosome 'GL000194.1+' not present in the annotation (.gtf) file
2020-08-27 20:06:54,027 - DEBUG - Marking up chromosome KI270742.1
2020-08-27 20:06:54,027 - WARNING - The .bam file refers to a chromosome 'KI270742.1+' not present in the annotation (.gtf) file
2020-08-27 20:06:54,028 - WARNING - The .bam file refers to a chromosome 'KI270742.1-' not present in the annotation (.gtf) file
2020-08-27 20:06:54,038 - DEBUG - Marking up chromosome GL000205.2
2020-08-27 20:06:54,038 - WARNING - The .bam file refers to a chromosome 'GL000205.2+' not present in the annotation (.gtf) file
2020-08-27 20:06:54,061 - DEBUG - Marking up chromosome GL000195.1
2020-08-27 20:06:54,107 - DEBUG - Marking up chromosome KI270733.1
2020-08-27 20:06:54,107 - WARNING - The .bam file refers to a chromosome 'KI270733.1+' not present in the annotation (.gtf) file
2020-08-27 20:06:54,107 - WARNING - The .bam file refers to a chromosome 'KI270733.1-' not present in the annotation (.gtf) file
2020-08-27 20:07:04,922 - DEBUG - Read first 120 million reads
2020-08-27 20:07:25,771 - DEBUG - Read first 130 million reads
2020-08-27 20:07:28,546 - DEBUG - Marking up chromosome GL000224.1
2020-08-27 20:07:28,546 - WARNING - The .bam file refers to a chromosome 'GL000224.1+' not present in the annotation (.gtf) file
2020-08-27 20:07:28,546 - WARNING - The .bam file refers to a chromosome 'GL000224.1-' not present in the annotation (.gtf) file
2020-08-27 20:07:28,553 - DEBUG - Marking up chromosome GL000219.1
2020-08-27 20:07:28,553 - WARNING - The .bam file refers to a chromosome 'GL000219.1+' not present in the annotation (.gtf) file
2020-08-27 20:07:28,605 - DEBUG - Marking up chromosome KI270719.1
2020-08-27 20:07:28,605 - WARNING - The .bam file refers to a chromosome 'KI270719.1+' not present in the annotation (.gtf) file
2020-08-27 20:07:28,605 - WARNING - The .bam file refers to a chromosome 'KI270719.1-' not present in the annotation (.gtf) file
2020-08-27 20:07:28,614 - DEBUG - Marking up chromosome GL000216.2
2020-08-27 20:07:28,614 - WARNING - The .bam file refers to a chromosome 'GL000216.2+' not present in the annotation (.gtf) file
2020-08-27 20:07:28,614 - WARNING - The .bam file refers to a chromosome 'GL000216.2-' not present in the annotation (.gtf) file
2020-08-27 20:07:28,614 - DEBUG - Marking up chromosome KI270712.1
2020-08-27 20:07:28,614 - WARNING - The .bam file refers to a chromosome 'KI270712.1+' not present in the annotation (.gtf) file
2020-08-27 20:07:28,614 - WARNING - The .bam file refers to a chromosome 'KI270712.1-' not present in the annotation (.gtf) file
2020-08-27 20:07:28,619 - DEBUG - Marking up chromosome KI270706.1
2020-08-27 20:07:28,619 - WARNING - The .bam file refers to a chromosome 'KI270706.1+' not present in the annotation (.gtf) file
2020-08-27 20:07:28,619 - WARNING - The .bam file refers to a chromosome 'KI270706.1-' not present in the annotation (.gtf) file
2020-08-27 20:07:28,686 - DEBUG - Marking up chromosome KI270725.1
2020-08-27 20:07:28,686 - WARNING - The .bam file refers to a chromosome 'KI270725.1+' not present in the annotation (.gtf) file
2020-08-27 20:07:28,686 - WARNING - The .bam file refers to a chromosome 'KI270725.1-' not present in the annotation (.gtf) file
2020-08-27 20:07:28,688 - DEBUG - Marking up chromosome KI270744.1
2020-08-27 20:07:28,688 - WARNING - The .bam file refers to a chromosome 'KI270744.1+' not present in the annotation (.gtf) file
2020-08-27 20:07:28,688 - WARNING - The .bam file refers to a chromosome 'KI270744.1-' not present in the annotation (.gtf) file
2020-08-27 20:07:28,694 - DEBUG - Marking up chromosome KI270734.1
2020-08-27 20:07:28,710 - DEBUG - Marking up chromosome GL000213.1
2020-08-27 20:07:28,710 - WARNING - The .bam file refers to a chromosome 'GL000213.1+' not present in the annotation (.gtf) file
2020-08-27 20:07:28,714 - DEBUG - Marking up chromosome GL000220.1
2020-08-27 20:07:28,714 - WARNING - The .bam file refers to a chromosome 'GL000220.1+' not present in the annotation (.gtf) file
2020-08-27 20:07:28,714 - WARNING - The .bam file refers to a chromosome 'GL000220.1-' not present in the annotation (.gtf) file
2020-08-27 20:07:46,750 - DEBUG - Read first 140 million reads
2020-08-27 20:08:03,358 - DEBUG - Marking up chromosome KI270715.1
2020-08-27 20:08:03,358 - WARNING - The .bam file refers to a chromosome 'KI270715.1+' not present in the annotation (.gtf) file
2020-08-27 20:08:03,358 - WARNING - The .bam file refers to a chromosome 'KI270715.1-' not present in the annotation (.gtf) file
2020-08-27 20:08:03,359 - DEBUG - Marking up chromosome GL000218.1
2020-08-27 20:08:03,359 - WARNING - The .bam file refers to a chromosome 'GL000218.1+' not present in the annotation (.gtf) file
2020-08-27 20:08:03,391 - DEBUG - Marking up chromosome KI270749.1
2020-08-27 20:08:03,391 - WARNING - The .bam file refers to a chromosome 'KI270749.1+' not present in the annotation (.gtf) file
2020-08-27 20:08:03,391 - WARNING - The .bam file refers to a chromosome 'KI270749.1-' not present in the annotation (.gtf) file
2020-08-27 20:08:03,392 - DEBUG - Marking up chromosome KI270741.1
2020-08-27 20:08:03,392 - WARNING - The .bam file refers to a chromosome 'KI270741.1+' not present in the annotation (.gtf) file
2020-08-27 20:08:03,392 - WARNING - The .bam file refers to a chromosome 'KI270741.1-' not present in the annotation (.gtf) file
2020-08-27 20:08:03,392 - DEBUG - Marking up chromosome GL000221.1
2020-08-27 20:08:03,392 - WARNING - The .bam file refers to a chromosome 'GL000221.1+' not present in the annotation (.gtf) file
2020-08-27 20:08:03,392 - WARNING - The .bam file refers to a chromosome 'GL000221.1-' not present in the annotation (.gtf) file
2020-08-27 20:08:03,402 - DEBUG - Marking up chromosome KI270716.1
2020-08-27 20:08:03,402 - WARNING - The .bam file refers to a chromosome 'KI270716.1+' not present in the annotation (.gtf) file
2020-08-27 20:08:03,403 - WARNING - The .bam file refers to a chromosome 'KI270716.1-' not present in the annotation (.gtf) file
2020-08-27 20:08:03,403 - DEBUG - Marking up chromosome KI270731.1
2020-08-27 20:08:03,403 - WARNING - The .bam file refers to a chromosome 'KI270731.1+' not present in the annotation (.gtf) file
2020-08-27 20:08:03,406 - DEBUG - Marking up chromosome KI270751.1
2020-08-27 20:08:03,406 - WARNING - The .bam file refers to a chromosome 'KI270751.1+' not present in the annotation (.gtf) file
2020-08-27 20:08:03,406 - WARNING - The .bam file refers to a chromosome 'KI270751.1-' not present in the annotation (.gtf) file
2020-08-27 20:08:03,409 - DEBUG - Marking up chromosome GL000214.1
2020-08-27 20:08:03,409 - WARNING - The .bam file refers to a chromosome 'GL000214.1+' not present in the annotation (.gtf) file
2020-08-27 20:08:03,409 - WARNING - The .bam file refers to a chromosome 'GL000214.1-' not present in the annotation (.gtf) file
2020-08-27 20:08:03,415 - DEBUG - Marking up chromosome KI270708.1
2020-08-27 20:08:03,415 - WARNING - The .bam file refers to a chromosome 'KI270708.1+' not present in the annotation (.gtf) file
2020-08-27 20:08:03,415 - WARNING - The .bam file refers to a chromosome 'KI270708.1-' not present in the annotation (.gtf) file
2020-08-27 20:08:03,415 - DEBUG - Marking up chromosome KI270737.1
2020-08-27 20:08:03,415 - WARNING - The .bam file refers to a chromosome 'KI270737.1+' not present in the annotation (.gtf) file
2020-08-27 20:08:03,415 - WARNING - The .bam file refers to a chromosome 'KI270737.1-' not present in the annotation (.gtf) file
2020-08-27 20:08:03,416 - DEBUG - Marking up chromosome KI270721.1
2020-08-27 20:08:03,416 - WARNING - The .bam file refers to a chromosome 'KI270721.1-' not present in the annotation (.gtf) file
2020-08-27 20:08:03,423 - DEBUG - Marking up chromosome KI270738.1
2020-08-27 20:08:03,423 - WARNING - The .bam file refers to a chromosome 'KI270738.1+' not present in the annotation (.gtf) file
2020-08-27 20:08:03,423 - WARNING - The .bam file refers to a chromosome 'KI270738.1-' not present in the annotation (.gtf) file
2020-08-27 20:08:03,426 - DEBUG - Marking up chromosome KI270748.1
2020-08-27 20:08:03,426 - WARNING - The .bam file refers to a chromosome 'KI270748.1+' not present in the annotation (.gtf) file
2020-08-27 20:08:03,426 - WARNING - The .bam file refers to a chromosome 'KI270748.1-' not present in the annotation (.gtf) file
2020-08-27 20:08:03,428 - DEBUG - Marking up chromosome GL000208.1
2020-08-27 20:08:03,428 - WARNING - The .bam file refers to a chromosome 'GL000208.1+' not present in the annotation (.gtf) file
2020-08-27 20:08:03,428 - WARNING - The .bam file refers to a chromosome 'GL000208.1-' not present in the annotation (.gtf) file
2020-08-27 20:08:03,428 - DEBUG - Marking up chromosome KI270709.1
2020-08-27 20:08:03,429 - WARNING - The .bam file refers to a chromosome 'KI270709.1+' not present in the annotation (.gtf) file
2020-08-27 20:08:03,429 - WARNING - The .bam file refers to a chromosome 'KI270709.1-' not present in the annotation (.gtf) file
2020-08-27 20:08:03,429 - DEBUG - Marking up chromosome KI270753.1
2020-08-27 20:08:03,429 - WARNING - The .bam file refers to a chromosome 'KI270753.1+' not present in the annotation (.gtf) file
2020-08-27 20:08:03,429 - WARNING - The .bam file refers to a chromosome 'KI270753.1-' not present in the annotation (.gtf) file
2020-08-27 20:08:03,430 - DEBUG - Marking up chromosome KI270726.1
2020-08-27 20:08:03,430 - WARNING - The .bam file refers to a chromosome 'KI270726.1-' not present in the annotation (.gtf) file
2020-08-27 20:08:03,430 - DEBUG - Marking up chromosome KI270735.1
2020-08-27 20:08:03,430 - WARNING - The .bam file refers to a chromosome 'KI270735.1+' not present in the annotation (.gtf) file
2020-08-27 20:08:03,430 - WARNING - The .bam file refers to a chromosome 'KI270735.1-' not present in the annotation (.gtf) file
2020-08-27 20:08:03,431 - DEBUG - Marking up chromosome KI270711.1
2020-08-27 20:08:03,431 - WARNING - The .bam file refers to a chromosome 'KI270711.1+' not present in the annotation (.gtf) file
2020-08-27 20:08:03,457 - DEBUG - Marking up chromosome KI270745.1
2020-08-27 20:08:03,457 - WARNING - The .bam file refers to a chromosome 'KI270745.1+' not present in the annotation (.gtf) file
2020-08-27 20:08:03,457 - WARNING - The .bam file refers to a chromosome 'KI270745.1-' not present in the annotation (.gtf) file
2020-08-27 20:08:03,465 - DEBUG - Marking up chromosome KI270714.1
2020-08-27 20:08:03,465 - WARNING - The .bam file refers to a chromosome 'KI270714.1+' not present in the annotation (.gtf) file
2020-08-27 20:08:03,465 - WARNING - The .bam file refers to a chromosome 'KI270714.1-' not present in the annotation (.gtf) file
2020-08-27 20:08:03,467 - DEBUG - Marking up chromosome KI270732.1
2020-08-27 20:08:03,467 - WARNING - The .bam file refers to a chromosome 'KI270732.1+' not present in the annotation (.gtf) file
2020-08-27 20:08:03,467 - WARNING - The .bam file refers to a chromosome 'KI270732.1-' not present in the annotation (.gtf) file
2020-08-27 20:08:03,467 - DEBUG - Marking up chromosome KI270713.1
2020-08-27 20:08:03,469 - DEBUG - Marking up chromosome KI270754.1
2020-08-27 20:08:03,469 - WARNING - The .bam file refers to a chromosome 'KI270754.1+' not present in the annotation (.gtf) file
2020-08-27 20:08:03,469 - WARNING - The .bam file refers to a chromosome 'KI270754.1-' not present in the annotation (.gtf) file
2020-08-27 20:08:03,469 - DEBUG - Marking up chromosome KI270717.1
2020-08-27 20:08:03,469 - WARNING - The .bam file refers to a chromosome 'KI270717.1+' not present in the annotation (.gtf) file
2020-08-27 20:08:03,469 - WARNING - The .bam file refers to a chromosome 'KI270717.1-' not present in the annotation (.gtf) file
2020-08-27 20:08:03,473 - DEBUG - Marking up chromosome KI270720.1
2020-08-27 20:08:03,473 - WARNING - The .bam file refers to a chromosome 'KI270720.1+' not present in the annotation (.gtf) file
2020-08-27 20:08:03,473 - WARNING - The .bam file refers to a chromosome 'KI270720.1-' not present in the annotation (.gtf) file
2020-08-27 20:08:03,477 - DEBUG - Marking up chromosome KI270718.1
2020-08-27 20:08:03,477 - WARNING - The .bam file refers to a chromosome 'KI270718.1+' not present in the annotation (.gtf) file
2020-08-27 20:08:03,477 - WARNING - The .bam file refers to a chromosome 'KI270718.1-' not present in the annotation (.gtf) file
2020-08-27 20:08:03,504 - DEBUG - Marking up chromosome KI270755.1
2020-08-27 20:08:03,505 - WARNING - The .bam file refers to a chromosome 'KI270755.1+' not present in the annotation (.gtf) file
2020-08-27 20:08:03,505 - WARNING - The .bam file refers to a chromosome 'KI270755.1-' not present in the annotation (.gtf) file
2020-08-27 20:08:03,505 - DEBUG - Marking up chromosome KI270707.1
2020-08-27 20:08:03,505 - WARNING - The .bam file refers to a chromosome 'KI270707.1+' not present in the annotation (.gtf) file
2020-08-27 20:08:03,506 - WARNING - The .bam file refers to a chromosome 'KI270707.1-' not present in the annotation (.gtf) file
2020-08-27 20:08:03,509 - DEBUG - Marking up chromosome KI270467.1
2020-08-27 20:08:03,509 - WARNING - The .bam file refers to a chromosome 'KI270467.1+' not present in the annotation (.gtf) file
2020-08-27 20:08:03,509 - WARNING - The .bam file refers to a chromosome 'KI270467.1-' not present in the annotation (.gtf) file
2020-08-27 20:08:03,509 - DEBUG - Marking up chromosome KI270330.1
2020-08-27 20:08:03,510 - WARNING - The .bam file refers to a chromosome 'KI270330.1+' not present in the annotation (.gtf) file
2020-08-27 20:08:03,510 - WARNING - The .bam file refers to a chromosome 'KI270330.1-' not present in the annotation (.gtf) file
2020-08-27 20:08:03,512 - DEBUG - Marking up chromosome KI270466.1
2020-08-27 20:08:03,512 - WARNING - The .bam file refers to a chromosome 'KI270466.1+' not present in the annotation (.gtf) file
2020-08-27 20:08:03,512 - WARNING - The .bam file refers to a chromosome 'KI270466.1-' not present in the annotation (.gtf) file
2020-08-27 20:08:07,497 - DEBUG - Read first 150 million reads
2020-08-27 20:08:14,057 - DEBUG - End of file. Reset index: start scanning from initial position.
2020-08-27 20:08:14,057 - DEBUG - 1659353 reads were skipped because no apropiate cell or umi barcode was found
2020-08-27 20:08:14,057 - DEBUG - Start molecule counting!
2020-08-27 20:08:18,095 - DEBUG - Features available for chromosomes : ['1-', '1+', '10-', '10+', '11-', '11+', '12-', '12+', '13-', '13+', '14-', '14+', '15-', '15+', '16-', '16+', '17-', '17+', '18-', '18+', '19-', '19+', '2-', '2+', '20-', '20+', '21-', '21+', '22-', '22+', '3-', '3+', '4-', '4+', '5-', '5+', '6-', '6+', '7-', '7+', '8-', '8+', '9-', '9+', 'GL000009.2-', 'GL000194.1-', 'GL000195.1-', 'GL000195.1+', 'GL000205.2-', 'GL000213.1-', 'GL000218.1-', 'GL000219.1-', 'KI270711.1-', 'KI270713.1-', 'KI270713.1+', 'KI270721.1+', 'KI270726.1+', 'KI270727.1-', 'KI270727.1+', 'KI270728.1-', 'KI270728.1+', 'KI270731.1-', 'KI270734.1-', 'KI270734.1+', 'MT-', 'MT+', 'X-', 'X+', 'Y-', 'Y+']
2020-08-27 20:08:18,095 - DEBUG - Mask available for chromosomes : []
2020-08-27 20:08:18,095 - DEBUG - Summarizing the results of intron validation.
2020-08-27 20:08:18,787 - DEBUG - Validated 401968 introns (of which unique intervals 126887) out of 996444 total possible introns (considering each possible transcript models).
2020-08-27 20:08:18,788 - DEBUG - Reading /net/isi-dcnl/ifs/user_data/abild/Megatron_data/COH057/feline_p29_40_mRNA/cell_ranger/FEL035_M/outs/cellsorted_possorted_genome_bam.bam
2020-08-27 20:08:18,821 - DEBUG - Read first 0 million reads
2020-08-27 20:08:42,117 - DEBUG - Read first 10 million reads
2020-08-27 20:09:22,546 - DEBUG - Read first 20 million reads
2020-08-27 20:09:25,760 - DEBUG - Counting for batch 1, containing 100 cells and 1147068 reads
2020-08-27 20:10:11,993 - DEBUG - 0 reads not considered because fully enclosed in repeat masked regions
2020-08-27 20:10:54,724 - DEBUG - Counting for batch 2, containing 100 cells and 1047650 reads
2020-08-27 20:11:39,091 - DEBUG - 0 reads not considered because fully enclosed in repeat masked regions
2020-08-27 20:11:57,780 - DEBUG - Read first 30 million reads
2020-08-27 20:12:17,654 - DEBUG - Counting for batch 3, containing 100 cells and 985021 reads
2020-08-27 20:12:58,706 - DEBUG - 0 reads not considered because fully enclosed in repeat masked regions
2020-08-27 20:13:34,049 - DEBUG - Read first 40 million reads
2020-08-27 20:13:42,624 - DEBUG - Counting for batch 4, containing 100 cells and 1039056 reads
2020-08-27 20:14:26,328 - DEBUG - 0 reads not considered because fully enclosed in repeat masked regions
2020-08-27 20:15:09,206 - DEBUG - Counting for batch 5, containing 100 cells and 1153173 reads
2020-08-27 20:15:58,042 - DEBUG - 0 reads not considered because fully enclosed in repeat masked regions
2020-08-27 20:16:12,407 - DEBUG - Read first 50 million reads
2020-08-27 20:16:39,647 - DEBUG - Counting for batch 6, containing 100 cells and 1254606 reads
2020-08-27 20:17:33,145 - DEBUG - 0 reads not considered because fully enclosed in repeat masked regions
2020-08-27 20:18:01,457 - DEBUG - Read first 60 million reads
2020-08-27 20:18:19,199 - DEBUG - Counting for batch 7, containing 100 cells and 906941 reads
2020-08-27 20:18:56,371 - DEBUG - 0 reads not considered because fully enclosed in repeat masked regions
2020-08-27 20:19:29,259 - DEBUG - Read first 70 million reads
2020-08-27 20:19:42,622 - DEBUG - Counting for batch 8, containing 100 cells and 982360 reads
2020-08-27 20:20:23,844 - DEBUG - 0 reads not considered because fully enclosed in repeat masked regions
2020-08-27 20:21:04,515 - DEBUG - Counting for batch 9, containing 100 cells and 1027689 reads
2020-08-27 20:21:47,847 - DEBUG - 0 reads not considered because fully enclosed in repeat masked regions
2020-08-27 20:21:57,598 - DEBUG - Read first 80 million reads
2020-08-27 20:22:31,201 - DEBUG - Counting for batch 10, containing 100 cells and 1140968 reads
2020-08-27 20:23:20,509 - DEBUG - 0 reads not considered because fully enclosed in repeat masked regions
2020-08-27 20:23:44,324 - DEBUG - Read first 90 million reads
2020-08-27 20:24:02,110 - DEBUG - Counting for batch 11, containing 100 cells and 1208496 reads
2020-08-27 20:24:53,447 - DEBUG - 0 reads not considered because fully enclosed in repeat masked regions
2020-08-27 20:25:30,349 - DEBUG - Read first 100 million reads
2020-08-27 20:25:35,236 - DEBUG - Counting for batch 12, containing 100 cells and 1031950 reads
2020-08-27 20:26:18,374 - DEBUG - 0 reads not considered because fully enclosed in repeat masked regions
2020-08-27 20:27:02,959 - DEBUG - Counting for batch 13, containing 100 cells and 1002959 reads
2020-08-27 20:27:45,599 - DEBUG - 0 reads not considered because fully enclosed in repeat masked regions
2020-08-27 20:27:59,835 - DEBUG - Read first 110 million reads
2020-08-27 20:28:25,374 - DEBUG - Counting for batch 14, containing 100 cells and 857724 reads
2020-08-27 20:29:02,174 - DEBUG - 0 reads not considered because fully enclosed in repeat masked regions
2020-08-27 20:29:27,035 - DEBUG - Read first 120 million reads
2020-08-27 20:29:52,864 - DEBUG - Counting for batch 15, containing 100 cells and 1302043 reads
2020-08-27 20:30:44,247 - DEBUG - 0 reads not considered because fully enclosed in repeat masked regions
2020-08-27 20:31:17,355 - DEBUG - Read first 130 million reads
2020-08-27 20:31:25,932 - DEBUG - Counting for batch 16, containing 100 cells and 1035636 reads
2020-08-27 20:32:12,027 - DEBUG - 0 reads not considered because fully enclosed in repeat masked regions
2020-08-27 20:32:53,499 - DEBUG - Counting for batch 17, containing 100 cells and 865180 reads
2020-08-27 20:33:30,660 - DEBUG - 0 reads not considered because fully enclosed in repeat masked regions
2020-08-27 20:33:38,122 - DEBUG - Read first 140 million reads
2020-08-27 20:34:09,592 - DEBUG - Counting for batch 18, containing 100 cells and 1030730 reads
2020-08-27 20:34:52,105 - DEBUG - 0 reads not considered because fully enclosed in repeat masked regions
2020-08-27 20:35:14,919 - DEBUG - Read first 150 million reads
2020-08-27 20:35:30,534 - DEBUG - Counting for batch 19, containing 80 cells and 854505 reads
2020-08-27 20:36:07,138 - DEBUG - 0 reads not considered because fully enclosed in repeat masked regions
2020-08-27 20:36:14,104 - DEBUG - 1659353 reads were skipped because no apropiate cell or umi barcode was found
2020-08-27 20:36:14,105 - DEBUG - Counting done!
2020-08-27 20:36:14,130 - DEBUG - Generating output file /net/isi-dcnl/ifs/user_data/abild/Megatron_data/COH057/feline_p29_40_mRNA/cell_ranger/FEL035_M/velocyto/FEL035_M.loom
2020-08-27 20:36:14,130 - DEBUG - Collecting row attributes
2020-08-27 20:36:14,228 - DEBUG - Generating data table
2020-08-27 20:36:14,993 - DEBUG - Writing loom file
2020-08-27 20:36:19,388 - DEBUG - Terminated Succesfully!
Start: 1598583246
End: 1598585781
Run time: 2535
Done
