CPU: 16
N: 89
Step1: Analyze spliced and unspliced reads and genrate a loom file for velocityR
Run velocyto to generate loom file
2020-08-27 20:38:32,015 - DEBUG - Using logic: Default
2020-08-27 20:38:32,029 - INFO - Read 2237 cell barcodes from /net/isi-dcnl/ifs/user_data/abild/Megatron_data/COH064/FEL041043.mRNA/FEL043_count03/FEL043_M/outs/filtered_feature_bc_matrix/barcodes.tsv.gz
2020-08-27 20:38:32,030 - DEBUG - Example of barcode: AAACCCAAGCTGAGTG and cell_id: FEL043_M:AAACCCAAGCTGAGTG-1
2020-08-27 20:38:32,038 - DEBUG - Peeking into /net/isi-dcnl/ifs/user_data/abild/Megatron_data/COH064/FEL041043.mRNA/FEL043_count03/FEL043_M/outs/possorted_genome_bam.bam
2020-08-27 20:38:32,320 - WARNING - Not found cell and umi barcode in entry 0 of the bam file
2020-08-27 20:38:32,321 - WARNING - Not found cell and umi barcode in entry 28 of the bam file
2020-08-27 20:38:32,321 - WARNING - Not found cell and umi barcode in entry 29 of the bam file
2020-08-27 20:38:32,321 - WARNING - Not found cell and umi barcode in entry 222 of the bam file
2020-08-27 20:38:32,322 - WARNING - Not found cell and umi barcode in entry 388 of the bam file
2020-08-27 20:38:32,322 - WARNING - Not found cell and umi barcode in entry 389 of the bam file
2020-08-27 20:38:32,322 - WARNING - Not found cell and umi barcode in entry 390 of the bam file
2020-08-27 20:38:32,322 - WARNING - Not found cell and umi barcode in entry 391 of the bam file
2020-08-27 20:38:32,322 - WARNING - Not found cell and umi barcode in entry 392 of the bam file
2020-08-27 20:38:32,322 - WARNING - Not found cell and umi barcode in entry 393 of the bam file
2020-08-27 20:38:32,328 - WARNING - The file /net/isi-dcnl/ifs/user_data/abild/Megatron_data/COH064/FEL041043.mRNA/FEL043_count03/FEL043_M/outs/cellsorted_possorted_genome_bam.bam already exists. The sorting step will be skipped and the existing file will be used.
2020-08-27 20:38:32,328 - INFO - Load the annotation from /net/isi-dcnl/ifs/user_data/abild/Genomes/refdata-cellranger-GRCh38-3.0.0/genes/genes.gtf
2020-08-27 20:38:40,155 - DEBUG - Parsing Chromosome 1 strand - [line 0]
2020-08-27 20:38:40,794 - DEBUG - Done with 1- [line 108728]
2020-08-27 20:38:40,794 - DEBUG - Assigning indexes to genes
2020-08-27 20:38:40,804 - DEBUG - Seen 1561 genes until now
2020-08-27 20:38:40,804 - DEBUG - Parsing Chromosome 1 strand + [line 108729]
2020-08-27 20:38:41,521 - DEBUG - Done with 1+ [line 232515]
2020-08-27 20:38:41,522 - DEBUG - Assigning indexes to genes
2020-08-27 20:38:41,533 - DEBUG - Seen 3154 genes until now
2020-08-27 20:38:41,533 - DEBUG - Parsing Chromosome 10 strand - [line 232516]
2020-08-27 20:38:41,958 - DEBUG - Done with 10- [line 279343]
2020-08-27 20:38:41,958 - DEBUG - Assigning indexes to genes
2020-08-27 20:38:41,962 - DEBUG - Seen 3737 genes until now
2020-08-27 20:38:41,962 - DEBUG - Parsing Chromosome 10 strand + [line 279344]
2020-08-27 20:38:42,150 - DEBUG - Done with 10+ [line 323872]
2020-08-27 20:38:42,150 - DEBUG - Assigning indexes to genes
2020-08-27 20:38:42,153 - DEBUG - Seen 4384 genes until now
2020-08-27 20:38:42,153 - DEBUG - Parsing Chromosome 11 strand - [line 323873]
2020-08-27 20:38:42,730 - DEBUG - Done with 11- [line 402908]
2020-08-27 20:38:42,730 - DEBUG - Assigning indexes to genes
2020-08-27 20:38:42,737 - DEBUG - Seen 5320 genes until now
2020-08-27 20:38:42,737 - DEBUG - Parsing Chromosome 11 strand + [line 402909]
2020-08-27 20:38:43,072 - DEBUG - Done with 11+ [line 482591]
2020-08-27 20:38:43,072 - DEBUG - Assigning indexes to genes
2020-08-27 20:38:43,079 - DEBUG - Seen 6305 genes until now
2020-08-27 20:38:43,079 - DEBUG - Parsing Chromosome 12 strand - [line 482592]
2020-08-27 20:38:43,687 - DEBUG - Done with 12- [line 559278]
2020-08-27 20:38:43,687 - DEBUG - Assigning indexes to genes
2020-08-27 20:38:43,693 - DEBUG - Seen 7177 genes until now
2020-08-27 20:38:43,693 - DEBUG - Parsing Chromosome 12 strand + [line 559279]
2020-08-27 20:38:44,004 - DEBUG - Done with 12+ [line 635173]
2020-08-27 20:38:44,004 - DEBUG - Assigning indexes to genes
2020-08-27 20:38:44,011 - DEBUG - Seen 8070 genes until now
2020-08-27 20:38:44,011 - DEBUG - Parsing Chromosome 13 strand - [line 635174]
2020-08-27 20:38:44,089 - DEBUG - Done with 13- [line 653523]
2020-08-27 20:38:44,089 - DEBUG - Assigning indexes to genes
2020-08-27 20:38:44,090 - DEBUG - Seen 8400 genes until now
2020-08-27 20:38:44,090 - DEBUG - Parsing Chromosome 13 strand + [line 653524]
2020-08-27 20:38:44,538 - DEBUG - Done with 13+ [line 673091]
2020-08-27 20:38:44,538 - DEBUG - Assigning indexes to genes
2020-08-27 20:38:44,540 - DEBUG - Seen 8736 genes until now
2020-08-27 20:38:44,540 - DEBUG - Parsing Chromosome 14 strand - [line 673092]
2020-08-27 20:38:44,720 - DEBUG - Done with 14- [line 716831]
2020-08-27 20:38:44,720 - DEBUG - Assigning indexes to genes
2020-08-27 20:38:44,724 - DEBUG - Seen 9452 genes until now
2020-08-27 20:38:44,724 - DEBUG - Parsing Chromosome 14 strand + [line 716832]
2020-08-27 20:38:44,922 - DEBUG - Done with 14+ [line 764942]
2020-08-27 20:38:44,922 - DEBUG - Assigning indexes to genes
2020-08-27 20:38:44,926 - DEBUG - Seen 10121 genes until now
2020-08-27 20:38:44,926 - DEBUG - Parsing Chromosome 15 strand - [line 764943]
2020-08-27 20:38:45,132 - DEBUG - Done with 15- [line 813803]
2020-08-27 20:38:45,133 - DEBUG - Assigning indexes to genes
2020-08-27 20:38:45,136 - DEBUG - Seen 10698 genes until now
2020-08-27 20:38:45,136 - DEBUG - Parsing Chromosome 15 strand + [line 813804]
2020-08-27 20:38:45,318 - DEBUG - Done with 15+ [line 857859]
2020-08-27 20:38:45,318 - DEBUG - Assigning indexes to genes
2020-08-27 20:38:45,322 - DEBUG - Seen 11256 genes until now
2020-08-27 20:38:45,322 - DEBUG - Parsing Chromosome 16 strand - [line 857860]
2020-08-27 20:38:45,911 - DEBUG - Done with 16- [line 911118]
2020-08-27 20:38:45,911 - DEBUG - Assigning indexes to genes
2020-08-27 20:38:45,916 - DEBUG - Seen 11998 genes until now
2020-08-27 20:38:45,916 - DEBUG - Parsing Chromosome 16 strand + [line 911119]
2020-08-27 20:38:46,205 - DEBUG - Done with 16+ [line 981663]
2020-08-27 20:38:46,206 - DEBUG - Assigning indexes to genes
2020-08-27 20:38:46,212 - DEBUG - Seen 12787 genes until now
2020-08-27 20:38:46,212 - DEBUG - Parsing Chromosome 17 strand - [line 981664]
2020-08-27 20:38:46,573 - DEBUG - Done with 17- [line 1066635]
2020-08-27 20:38:46,573 - DEBUG - Assigning indexes to genes
2020-08-27 20:38:46,581 - DEBUG - Seen 13775 genes until now
2020-08-27 20:38:46,581 - DEBUG - Parsing Chromosome 17 strand + [line 1066636]
2020-08-27 20:38:47,324 - DEBUG - Done with 17+ [line 1143834]
2020-08-27 20:38:47,324 - DEBUG - Assigning indexes to genes
2020-08-27 20:38:47,333 - DEBUG - Seen 14681 genes until now
2020-08-27 20:38:47,333 - DEBUG - Parsing Chromosome 18 strand - [line 1143835]
2020-08-27 20:38:47,439 - DEBUG - Done with 18- [line 1168496]
2020-08-27 20:38:47,439 - DEBUG - Assigning indexes to genes
2020-08-27 20:38:47,441 - DEBUG - Seen 15006 genes until now
2020-08-27 20:38:47,441 - DEBUG - Parsing Chromosome 18 strand + [line 1168497]
2020-08-27 20:38:47,530 - DEBUG - Done with 18+ [line 1189691]
2020-08-27 20:38:47,530 - DEBUG - Assigning indexes to genes
2020-08-27 20:38:47,531 - DEBUG - Seen 15343 genes until now
2020-08-27 20:38:47,531 - DEBUG - Parsing Chromosome 19 strand - [line 1189692]
2020-08-27 20:38:47,860 - DEBUG - Done with 19- [line 1268854]
2020-08-27 20:38:47,860 - DEBUG - Assigning indexes to genes
2020-08-27 20:38:47,867 - DEBUG - Seen 16352 genes until now
2020-08-27 20:38:47,867 - DEBUG - Parsing Chromosome 19 strand + [line 1268855]
2020-08-27 20:38:48,205 - DEBUG - Done with 19+ [line 1351833]
2020-08-27 20:38:48,205 - DEBUG - Assigning indexes to genes
2020-08-27 20:38:48,212 - DEBUG - Seen 17347 genes until now
2020-08-27 20:38:48,213 - DEBUG - Parsing Chromosome 2 strand - [line 1351834]
2020-08-27 20:38:48,624 - DEBUG - Done with 2- [line 1448710]
2020-08-27 20:38:48,624 - DEBUG - Assigning indexes to genes
2020-08-27 20:38:48,632 - DEBUG - Seen 18472 genes until now
2020-08-27 20:38:48,632 - DEBUG - Parsing Chromosome 2 strand + [line 1448711]
2020-08-27 20:38:49,520 - DEBUG - Done with 2+ [line 1542602]
2020-08-27 20:38:49,520 - DEBUG - Assigning indexes to genes
2020-08-27 20:38:49,530 - DEBUG - Seen 19632 genes until now
2020-08-27 20:38:49,530 - DEBUG - Parsing Chromosome 20 strand - [line 1542603]
2020-08-27 20:38:49,642 - DEBUG - Done with 20- [line 1569195]
2020-08-27 20:38:49,642 - DEBUG - Assigning indexes to genes
2020-08-27 20:38:49,644 - DEBUG - Seen 20079 genes until now
2020-08-27 20:38:49,644 - DEBUG - Parsing Chromosome 20 strand + [line 1569196]
2020-08-27 20:38:49,780 - DEBUG - Done with 20+ [line 1600541]
2020-08-27 20:38:49,780 - DEBUG - Assigning indexes to genes
2020-08-27 20:38:49,782 - DEBUG - Seen 20527 genes until now
2020-08-27 20:38:49,782 - DEBUG - Parsing Chromosome 21 strand - [line 1600542]
2020-08-27 20:38:49,841 - DEBUG - Done with 21- [line 1614106]
2020-08-27 20:38:49,841 - DEBUG - Assigning indexes to genes
2020-08-27 20:38:49,842 - DEBUG - Seen 20795 genes until now
2020-08-27 20:38:49,842 - DEBUG - Parsing Chromosome 21 strand + [line 1614107]
2020-08-27 20:38:49,905 - DEBUG - Done with 21+ [line 1628392]
2020-08-27 20:38:49,905 - DEBUG - Assigning indexes to genes
2020-08-27 20:38:49,907 - DEBUG - Seen 21029 genes until now
2020-08-27 20:38:49,907 - DEBUG - Parsing Chromosome 22 strand - [line 1628393]
2020-08-27 20:38:50,017 - DEBUG - Done with 22- [line 1653805]
2020-08-27 20:38:50,017 - DEBUG - Assigning indexes to genes
2020-08-27 20:38:50,019 - DEBUG - Seen 21391 genes until now
2020-08-27 20:38:50,019 - DEBUG - Parsing Chromosome 22 strand + [line 1653806]
2020-08-27 20:38:50,149 - DEBUG - Done with 22+ [line 1684245]
2020-08-27 20:38:50,149 - DEBUG - Assigning indexes to genes
2020-08-27 20:38:50,154 - DEBUG - Seen 21866 genes until now
2020-08-27 20:38:50,154 - DEBUG - Parsing Chromosome 3 strand - [line 1684246]
2020-08-27 20:38:50,487 - DEBUG - Done with 3- [line 1763939]
2020-08-27 20:38:50,487 - DEBUG - Assigning indexes to genes
2020-08-27 20:38:50,493 - DEBUG - Seen 22713 genes until now
2020-08-27 20:38:50,493 - DEBUG - Parsing Chromosome 3 strand + [line 1763940]
2020-08-27 20:38:50,827 - DEBUG - Done with 3+ [line 1844840]
2020-08-27 20:38:50,827 - DEBUG - Assigning indexes to genes
2020-08-27 20:38:50,834 - DEBUG - Seen 23585 genes until now
2020-08-27 20:38:50,834 - DEBUG - Parsing Chromosome 4 strand - [line 1844841]
2020-08-27 20:38:51,678 - DEBUG - Done with 4- [line 1898665]
2020-08-27 20:38:51,678 - DEBUG - Assigning indexes to genes
2020-08-27 20:38:51,683 - DEBUG - Seen 24246 genes until now
2020-08-27 20:38:51,683 - DEBUG - Parsing Chromosome 4 strand + [line 1898666]
2020-08-27 20:38:51,882 - DEBUG - Done with 4+ [line 1947617]
2020-08-27 20:38:51,882 - DEBUG - Assigning indexes to genes
2020-08-27 20:38:51,887 - DEBUG - Seen 24938 genes until now
2020-08-27 20:38:51,887 - DEBUG - Parsing Chromosome 5 strand - [line 1947618]
2020-08-27 20:38:52,110 - DEBUG - Done with 5- [line 2001140]
2020-08-27 20:38:52,111 - DEBUG - Assigning indexes to genes
2020-08-27 20:38:52,115 - DEBUG - Seen 25741 genes until now
2020-08-27 20:38:52,115 - DEBUG - Parsing Chromosome 5 strand + [line 2001141]
2020-08-27 20:38:52,366 - DEBUG - Done with 5+ [line 2062165]
2020-08-27 20:38:52,366 - DEBUG - Assigning indexes to genes
2020-08-27 20:38:52,372 - DEBUG - Seen 26599 genes until now
2020-08-27 20:38:52,372 - DEBUG - Parsing Chromosome 6 strand - [line 2062166]
2020-08-27 20:38:52,616 - DEBUG - Done with 6- [line 2121425]
2020-08-27 20:38:52,616 - DEBUG - Assigning indexes to genes
2020-08-27 20:38:52,620 - DEBUG - Seen 27435 genes until now
2020-08-27 20:38:52,620 - DEBUG - Parsing Chromosome 6 strand + [line 2121426]
2020-08-27 20:38:52,838 - DEBUG - Done with 6+ [line 2176078]
2020-08-27 20:38:52,838 - DEBUG - Assigning indexes to genes
2020-08-27 20:38:52,843 - DEBUG - Seen 28231 genes until now
2020-08-27 20:38:52,843 - DEBUG - Parsing Chromosome 7 strand - [line 2176079]
2020-08-27 20:38:53,083 - DEBUG - Done with 7- [line 2233605]
2020-08-27 20:38:53,083 - DEBUG - Assigning indexes to genes
2020-08-27 20:38:53,088 - DEBUG - Seen 28953 genes until now
2020-08-27 20:38:53,088 - DEBUG - Parsing Chromosome 7 strand + [line 2233606]
2020-08-27 20:38:53,341 - DEBUG - Done with 7+ [line 2295513]
2020-08-27 20:38:53,341 - DEBUG - Assigning indexes to genes
2020-08-27 20:38:53,346 - DEBUG - Seen 29770 genes until now
2020-08-27 20:38:53,346 - DEBUG - Parsing Chromosome 8 strand - [line 2295514]
2020-08-27 20:38:53,541 - DEBUG - Done with 8- [line 2343289]
2020-08-27 20:38:53,541 - DEBUG - Assigning indexes to genes
2020-08-27 20:38:53,545 - DEBUG - Seen 30442 genes until now
2020-08-27 20:38:53,545 - DEBUG - Parsing Chromosome 8 strand + [line 2343290]
2020-08-27 20:38:53,723 - DEBUG - Done with 8+ [line 2386793]
2020-08-27 20:38:53,723 - DEBUG - Assigning indexes to genes
2020-08-27 20:38:53,727 - DEBUG - Seen 31090 genes until now
2020-08-27 20:38:53,727 - DEBUG - Parsing Chromosome 9 strand - [line 2386794]
2020-08-27 20:38:54,601 - DEBUG - Done with 9- [line 2430389]
2020-08-27 20:38:54,602 - DEBUG - Assigning indexes to genes
2020-08-27 20:38:54,606 - DEBUG - Seen 31710 genes until now
2020-08-27 20:38:54,606 - DEBUG - Parsing Chromosome 9 strand + [line 2430390]
2020-08-27 20:38:54,812 - DEBUG - Done with 9+ [line 2477312]
2020-08-27 20:38:54,812 - DEBUG - Assigning indexes to genes
2020-08-27 20:38:54,817 - DEBUG - Seen 32318 genes until now
2020-08-27 20:38:54,817 - DEBUG - Parsing Chromosome GL000009.2 strand - [line 2477313]
2020-08-27 20:38:54,817 - DEBUG - Done with GL000009.2- [line 2477320]
2020-08-27 20:38:54,817 - DEBUG - Assigning indexes to genes
2020-08-27 20:38:54,817 - DEBUG - Seen 32319 genes until now
2020-08-27 20:38:54,817 - DEBUG - Parsing Chromosome GL000194.1 strand - [line 2477321]
2020-08-27 20:38:54,817 - DEBUG - Done with GL000194.1- [line 2477346]
2020-08-27 20:38:54,817 - DEBUG - Assigning indexes to genes
2020-08-27 20:38:54,817 - DEBUG - Seen 32321 genes until now
2020-08-27 20:38:54,817 - DEBUG - Parsing Chromosome GL000195.1 strand - [line 2477347]
2020-08-27 20:38:54,817 - DEBUG - Done with GL000195.1- [line 2477356]
2020-08-27 20:38:54,817 - DEBUG - Assigning indexes to genes
2020-08-27 20:38:54,817 - DEBUG - Seen 32322 genes until now
2020-08-27 20:38:54,817 - DEBUG - Parsing Chromosome GL000195.1 strand + [line 2477357]
2020-08-27 20:38:54,817 - DEBUG - Done with GL000195.1+ [line 2477370]
2020-08-27 20:38:54,817 - DEBUG - Assigning indexes to genes
2020-08-27 20:38:54,818 - DEBUG - Seen 32323 genes until now
2020-08-27 20:38:54,818 - DEBUG - Parsing Chromosome GL000205.2 strand - [line 2477371]
2020-08-27 20:38:54,818 - DEBUG - Done with GL000205.2- [line 2477384]
2020-08-27 20:38:54,818 - DEBUG - Assigning indexes to genes
2020-08-27 20:38:54,818 - DEBUG - Seen 32324 genes until now
2020-08-27 20:38:54,818 - DEBUG - Parsing Chromosome GL000213.1 strand - [line 2477385]
2020-08-27 20:38:54,818 - DEBUG - Done with GL000213.1- [line 2477433]
2020-08-27 20:38:54,818 - DEBUG - Assigning indexes to genes
2020-08-27 20:38:54,818 - DEBUG - Seen 32325 genes until now
2020-08-27 20:38:54,818 - DEBUG - Parsing Chromosome GL000218.1 strand - [line 2477434]
2020-08-27 20:38:54,818 - DEBUG - Done with GL000218.1- [line 2477441]
2020-08-27 20:38:54,818 - DEBUG - Assigning indexes to genes
2020-08-27 20:38:54,818 - DEBUG - Seen 32326 genes until now
2020-08-27 20:38:54,818 - DEBUG - Parsing Chromosome GL000219.1 strand - [line 2477442]
2020-08-27 20:38:54,818 - DEBUG - Done with GL000219.1- [line 2477453]
2020-08-27 20:38:54,818 - DEBUG - Assigning indexes to genes
2020-08-27 20:38:54,818 - DEBUG - Seen 32327 genes until now
2020-08-27 20:38:54,818 - DEBUG - Parsing Chromosome KI270711.1 strand - [line 2477454]
2020-08-27 20:38:54,819 - DEBUG - Done with KI270711.1- [line 2477604]
2020-08-27 20:38:54,819 - DEBUG - Assigning indexes to genes
2020-08-27 20:38:54,819 - DEBUG - Seen 32328 genes until now
2020-08-27 20:38:54,819 - DEBUG - Parsing Chromosome KI270713.1 strand - [line 2477605]
2020-08-27 20:38:54,819 - DEBUG - Done with KI270713.1- [line 2477612]
2020-08-27 20:38:54,819 - DEBUG - Assigning indexes to genes
2020-08-27 20:38:54,819 - DEBUG - Seen 32329 genes until now
2020-08-27 20:38:54,819 - DEBUG - Parsing Chromosome KI270713.1 strand + [line 2477613]
2020-08-27 20:38:54,820 - DEBUG - Done with KI270713.1+ [line 2477618]
2020-08-27 20:38:54,820 - DEBUG - Assigning indexes to genes
2020-08-27 20:38:54,820 - DEBUG - Seen 32330 genes until now
2020-08-27 20:38:54,820 - DEBUG - Parsing Chromosome KI270721.1 strand + [line 2477619]
2020-08-27 20:38:54,820 - DEBUG - Done with KI270721.1+ [line 2477634]
2020-08-27 20:38:54,820 - DEBUG - Assigning indexes to genes
2020-08-27 20:38:54,820 - DEBUG - Seen 32331 genes until now
2020-08-27 20:38:54,820 - DEBUG - Parsing Chromosome KI270726.1 strand + [line 2477635]
2020-08-27 20:38:54,820 - DEBUG - Done with KI270726.1+ [line 2477645]
2020-08-27 20:38:54,820 - DEBUG - Assigning indexes to genes
2020-08-27 20:38:54,820 - DEBUG - Seen 32333 genes until now
2020-08-27 20:38:54,820 - DEBUG - Parsing Chromosome KI270727.1 strand - [line 2477646]
2020-08-27 20:38:54,820 - DEBUG - Done with KI270727.1- [line 2477704]
2020-08-27 20:38:54,820 - DEBUG - Assigning indexes to genes
2020-08-27 20:38:54,820 - DEBUG - Seen 32335 genes until now
2020-08-27 20:38:54,820 - DEBUG - Parsing Chromosome KI270727.1 strand + [line 2477705]
2020-08-27 20:38:54,820 - DEBUG - Done with KI270727.1+ [line 2477719]
2020-08-27 20:38:54,821 - DEBUG - Assigning indexes to genes
2020-08-27 20:38:54,821 - DEBUG - Seen 32337 genes until now
2020-08-27 20:38:54,821 - DEBUG - Parsing Chromosome KI270728.1 strand - [line 2477720]
2020-08-27 20:38:54,821 - DEBUG - Done with KI270728.1- [line 2477796]
2020-08-27 20:38:54,821 - DEBUG - Assigning indexes to genes
2020-08-27 20:38:54,821 - DEBUG - Seen 32339 genes until now
2020-08-27 20:38:54,821 - DEBUG - Parsing Chromosome KI270728.1 strand + [line 2477797]
2020-08-27 20:38:54,821 - DEBUG - Done with KI270728.1+ [line 2477833]
2020-08-27 20:38:54,821 - DEBUG - Assigning indexes to genes
2020-08-27 20:38:54,821 - DEBUG - Seen 32343 genes until now
2020-08-27 20:38:54,821 - DEBUG - Parsing Chromosome KI270731.1 strand - [line 2477834]
2020-08-27 20:38:54,821 - DEBUG - Done with KI270731.1- [line 2477840]
2020-08-27 20:38:54,821 - DEBUG - Assigning indexes to genes
2020-08-27 20:38:54,821 - DEBUG - Seen 32344 genes until now
2020-08-27 20:38:54,822 - DEBUG - Parsing Chromosome KI270734.1 strand - [line 2477841]
2020-08-27 20:38:54,822 - DEBUG - Done with KI270734.1- [line 2477909]
2020-08-27 20:38:54,822 - DEBUG - Assigning indexes to genes
2020-08-27 20:38:54,822 - DEBUG - Seen 32345 genes until now
2020-08-27 20:38:54,822 - DEBUG - Parsing Chromosome KI270734.1 strand + [line 2477910]
2020-08-27 20:38:54,822 - DEBUG - Done with KI270734.1+ [line 2477932]
2020-08-27 20:38:54,822 - DEBUG - Assigning indexes to genes
2020-08-27 20:38:54,822 - DEBUG - Seen 32347 genes until now
2020-08-27 20:38:54,822 - DEBUG - Parsing Chromosome MT strand - [line 2477933]
2020-08-27 20:38:54,822 - DEBUG - Done with MT- [line 2477938]
2020-08-27 20:38:54,822 - DEBUG - Assigning indexes to genes
2020-08-27 20:38:54,822 - DEBUG - Seen 32348 genes until now
2020-08-27 20:38:54,822 - DEBUG - Parsing Chromosome MT strand + [line 2477939]
2020-08-27 20:38:54,823 - DEBUG - Done with MT+ [line 2478004]
2020-08-27 20:38:54,823 - DEBUG - Assigning indexes to genes
2020-08-27 20:38:54,823 - DEBUG - Seen 32360 genes until now
2020-08-27 20:38:54,823 - DEBUG - Parsing Chromosome X strand - [line 2478005]
2020-08-27 20:38:54,988 - DEBUG - Done with X- [line 2518937]
2020-08-27 20:38:54,988 - DEBUG - Assigning indexes to genes
2020-08-27 20:38:54,991 - DEBUG - Seen 32876 genes until now
2020-08-27 20:38:54,991 - DEBUG - Parsing Chromosome X strand + [line 2518938]
2020-08-27 20:38:55,155 - DEBUG - Done with X+ [line 2560301]
2020-08-27 20:38:55,155 - DEBUG - Assigning indexes to genes
2020-08-27 20:38:55,159 - DEBUG - Seen 33438 genes until now
2020-08-27 20:38:55,159 - DEBUG - Parsing Chromosome Y strand - [line 2560302]
2020-08-27 20:38:55,168 - DEBUG - Done with Y- [line 2562446]
2020-08-27 20:38:55,168 - DEBUG - Assigning indexes to genes
2020-08-27 20:38:55,169 - DEBUG - Seen 33485 genes until now
2020-08-27 20:38:55,169 - DEBUG - Parsing Chromosome Y strand + [line 2562447]
2020-08-27 20:38:55,179 - DEBUG - Assigning indexes to genes
2020-08-27 20:38:55,180 - DEBUG - Done with Y+ [line 2565059]
2020-08-27 20:38:55,180 - DEBUG - Fixing corner cases of transcript models containg intron longer than 1000Kbp
2020-08-27 20:38:57,081 - DEBUG - Generated 2165800 features corresponding to 172912 transcript models from /net/isi-dcnl/ifs/user_data/abild/Genomes/refdata-cellranger-GRCh38-3.0.0/genes/genes.gtf
2020-08-27 20:38:57,116 - INFO - Scan /net/isi-dcnl/ifs/user_data/abild/Megatron_data/COH064/FEL041043.mRNA/FEL043_count03/FEL043_M/outs/possorted_genome_bam.bam to validate intron intervals
2020-08-27 20:39:01,132 - DEBUG - Reading /net/isi-dcnl/ifs/user_data/abild/Megatron_data/COH064/FEL041043.mRNA/FEL043_count03/FEL043_M/outs/possorted_genome_bam.bam
2020-08-27 20:39:01,150 - DEBUG - Read first 0 million reads
2020-08-27 20:39:01,151 - DEBUG - Marking up chromosome 1
2020-08-27 20:40:31,898 - DEBUG - Read first 10 million reads
2020-08-27 20:41:53,472 - DEBUG - Read first 20 million reads
2020-08-27 20:42:11,350 - DEBUG - Marking up chromosome 10
2020-08-27 20:43:22,871 - DEBUG - Read first 30 million reads
2020-08-27 20:43:49,654 - DEBUG - Marking up chromosome 11
2020-08-27 20:45:07,483 - DEBUG - Read first 40 million reads
2020-08-27 20:46:49,475 - DEBUG - Marking up chromosome 12
2020-08-27 20:47:00,817 - DEBUG - Read first 50 million reads
2020-08-27 20:48:23,266 - DEBUG - Marking up chromosome 13
2020-08-27 20:48:34,661 - DEBUG - Read first 60 million reads
2020-08-27 20:48:56,361 - DEBUG - Marking up chromosome 14
2020-08-27 20:49:53,909 - DEBUG - Marking up chromosome 15
2020-08-27 20:50:08,067 - DEBUG - Read first 70 million reads
2020-08-27 20:51:01,447 - DEBUG - Marking up chromosome 16
2020-08-27 20:51:35,168 - DEBUG - Read first 80 million reads
2020-08-27 20:52:17,099 - DEBUG - Marking up chromosome 17
2020-08-27 20:53:14,099 - DEBUG - Read first 90 million reads
2020-08-27 20:53:53,325 - DEBUG - Marking up chromosome 18
2020-08-27 20:54:25,033 - DEBUG - Marking up chromosome 19
2020-08-27 20:54:57,477 - DEBUG - Read first 100 million reads
2020-08-27 20:55:42,422 - DEBUG - Marking up chromosome 2
2020-08-27 20:56:33,395 - DEBUG - Read first 110 million reads
2020-08-27 20:58:04,400 - DEBUG - Read first 120 million reads
2020-08-27 20:58:10,832 - DEBUG - Marking up chromosome 20
2020-08-27 20:58:50,173 - DEBUG - Marking up chromosome 21
2020-08-27 20:59:02,936 - DEBUG - Read first 130 million reads
2020-08-27 20:59:26,672 - DEBUG - Read first 140 million reads
2020-08-27 20:59:50,484 - DEBUG - Read first 150 million reads
2020-08-27 21:00:16,913 - DEBUG - Read first 160 million reads
2020-08-27 21:00:36,909 - DEBUG - Marking up chromosome 22
2020-08-27 21:01:10,385 - DEBUG - Marking up chromosome 3
2020-08-27 21:01:59,154 - DEBUG - Read first 170 million reads
2020-08-27 21:03:08,196 - DEBUG - Marking up chromosome 4
2020-08-27 21:03:34,094 - DEBUG - Read first 180 million reads
2020-08-27 21:04:25,802 - DEBUG - Marking up chromosome 5
2020-08-27 21:04:58,737 - DEBUG - Read first 190 million reads
2020-08-27 21:06:00,341 - DEBUG - Marking up chromosome 6
2020-08-27 21:06:30,241 - DEBUG - Read first 200 million reads
2020-08-27 21:07:22,665 - DEBUG - Marking up chromosome 7
2020-08-27 21:07:58,573 - DEBUG - Read first 210 million reads
2020-08-27 21:08:58,215 - DEBUG - Marking up chromosome 8
2020-08-27 21:09:25,554 - DEBUG - Read first 220 million reads
2020-08-27 21:10:12,507 - DEBUG - Marking up chromosome 9
2020-08-27 21:10:55,540 - DEBUG - Read first 230 million reads
2020-08-27 21:11:12,120 - DEBUG - Marking up chromosome MT
2020-08-27 21:11:15,964 - DEBUG - Marking up chromosome X
2020-08-27 21:12:03,010 - DEBUG - Marking up chromosome Y
2020-08-27 21:12:03,221 - DEBUG - Marking up chromosome KI270728.1
2020-08-27 21:12:03,233 - DEBUG - Marking up chromosome KI270727.1
2020-08-27 21:12:03,251 - DEBUG - Marking up chromosome KI270442.1
2020-08-27 21:12:03,251 - WARNING - The .bam file refers to a chromosome 'KI270442.1+' not present in the annotation (.gtf) file
2020-08-27 21:12:03,251 - WARNING - The .bam file refers to a chromosome 'KI270442.1-' not present in the annotation (.gtf) file
2020-08-27 21:12:03,255 - DEBUG - Marking up chromosome KI270729.1
2020-08-27 21:12:03,256 - WARNING - The .bam file refers to a chromosome 'KI270729.1+' not present in the annotation (.gtf) file
2020-08-27 21:12:03,256 - WARNING - The .bam file refers to a chromosome 'KI270729.1-' not present in the annotation (.gtf) file
2020-08-27 21:12:03,257 - DEBUG - Marking up chromosome KI270743.1
2020-08-27 21:12:03,257 - WARNING - The .bam file refers to a chromosome 'KI270743.1+' not present in the annotation (.gtf) file
2020-08-27 21:12:03,257 - WARNING - The .bam file refers to a chromosome 'KI270743.1-' not present in the annotation (.gtf) file
2020-08-27 21:12:03,278 - DEBUG - Marking up chromosome GL000008.2
2020-08-27 21:12:03,278 - WARNING - The .bam file refers to a chromosome 'GL000008.2+' not present in the annotation (.gtf) file
2020-08-27 21:12:03,278 - WARNING - The .bam file refers to a chromosome 'GL000008.2-' not present in the annotation (.gtf) file
2020-08-27 21:12:03,324 - DEBUG - Marking up chromosome GL000009.2
2020-08-27 21:12:03,324 - WARNING - The .bam file refers to a chromosome 'GL000009.2+' not present in the annotation (.gtf) file
2020-08-27 21:12:03,359 - DEBUG - Marking up chromosome KI270747.1
2020-08-27 21:12:03,359 - WARNING - The .bam file refers to a chromosome 'KI270747.1+' not present in the annotation (.gtf) file
2020-08-27 21:12:03,359 - WARNING - The .bam file refers to a chromosome 'KI270747.1-' not present in the annotation (.gtf) file
2020-08-27 21:12:03,359 - DEBUG - Marking up chromosome KI270722.1
2020-08-27 21:12:03,359 - WARNING - The .bam file refers to a chromosome 'KI270722.1+' not present in the annotation (.gtf) file
2020-08-27 21:12:03,359 - WARNING - The .bam file refers to a chromosome 'KI270722.1-' not present in the annotation (.gtf) file
2020-08-27 21:12:03,360 - DEBUG - Marking up chromosome GL000194.1
2020-08-27 21:12:03,360 - WARNING - The .bam file refers to a chromosome 'GL000194.1+' not present in the annotation (.gtf) file
2020-08-27 21:12:03,538 - DEBUG - Marking up chromosome KI270742.1
2020-08-27 21:12:03,538 - WARNING - The .bam file refers to a chromosome 'KI270742.1+' not present in the annotation (.gtf) file
2020-08-27 21:12:03,538 - WARNING - The .bam file refers to a chromosome 'KI270742.1-' not present in the annotation (.gtf) file
2020-08-27 21:12:03,601 - DEBUG - Marking up chromosome GL000205.2
2020-08-27 21:12:03,601 - WARNING - The .bam file refers to a chromosome 'GL000205.2+' not present in the annotation (.gtf) file
2020-08-27 21:12:03,683 - DEBUG - Marking up chromosome GL000195.1
2020-08-27 21:12:03,864 - DEBUG - Marking up chromosome KI270733.1
2020-08-27 21:12:03,864 - WARNING - The .bam file refers to a chromosome 'KI270733.1+' not present in the annotation (.gtf) file
2020-08-27 21:12:03,864 - WARNING - The .bam file refers to a chromosome 'KI270733.1-' not present in the annotation (.gtf) file
2020-08-27 21:12:09,020 - DEBUG - Read first 240 million reads
2020-08-27 21:12:31,754 - DEBUG - Read first 250 million reads
2020-08-27 21:12:44,413 - DEBUG - Marking up chromosome GL000224.1
2020-08-27 21:12:44,413 - WARNING - The .bam file refers to a chromosome 'GL000224.1+' not present in the annotation (.gtf) file
2020-08-27 21:12:44,414 - WARNING - The .bam file refers to a chromosome 'GL000224.1-' not present in the annotation (.gtf) file
2020-08-27 21:12:44,433 - DEBUG - Marking up chromosome GL000219.1
2020-08-27 21:12:44,433 - WARNING - The .bam file refers to a chromosome 'GL000219.1+' not present in the annotation (.gtf) file
2020-08-27 21:12:44,605 - DEBUG - Marking up chromosome KI270719.1
2020-08-27 21:12:44,605 - WARNING - The .bam file refers to a chromosome 'KI270719.1+' not present in the annotation (.gtf) file
2020-08-27 21:12:44,605 - WARNING - The .bam file refers to a chromosome 'KI270719.1-' not present in the annotation (.gtf) file
2020-08-27 21:12:44,613 - DEBUG - Marking up chromosome GL000216.2
2020-08-27 21:12:44,613 - WARNING - The .bam file refers to a chromosome 'GL000216.2+' not present in the annotation (.gtf) file
2020-08-27 21:12:44,613 - WARNING - The .bam file refers to a chromosome 'GL000216.2-' not present in the annotation (.gtf) file
2020-08-27 21:12:44,614 - DEBUG - Marking up chromosome KI270712.1
2020-08-27 21:12:44,614 - WARNING - The .bam file refers to a chromosome 'KI270712.1+' not present in the annotation (.gtf) file
2020-08-27 21:12:44,614 - WARNING - The .bam file refers to a chromosome 'KI270712.1-' not present in the annotation (.gtf) file
2020-08-27 21:12:44,629 - DEBUG - Marking up chromosome KI270706.1
2020-08-27 21:12:44,629 - WARNING - The .bam file refers to a chromosome 'KI270706.1+' not present in the annotation (.gtf) file
2020-08-27 21:12:44,629 - WARNING - The .bam file refers to a chromosome 'KI270706.1-' not present in the annotation (.gtf) file
2020-08-27 21:12:44,816 - DEBUG - Marking up chromosome KI270725.1
2020-08-27 21:12:44,816 - WARNING - The .bam file refers to a chromosome 'KI270725.1+' not present in the annotation (.gtf) file
2020-08-27 21:12:44,816 - WARNING - The .bam file refers to a chromosome 'KI270725.1-' not present in the annotation (.gtf) file
2020-08-27 21:12:44,819 - DEBUG - Marking up chromosome KI270744.1
2020-08-27 21:12:44,819 - WARNING - The .bam file refers to a chromosome 'KI270744.1+' not present in the annotation (.gtf) file
2020-08-27 21:12:44,819 - WARNING - The .bam file refers to a chromosome 'KI270744.1-' not present in the annotation (.gtf) file
2020-08-27 21:12:44,840 - DEBUG - Marking up chromosome KI270734.1
2020-08-27 21:12:44,857 - DEBUG - Marking up chromosome GL000213.1
2020-08-27 21:12:44,857 - WARNING - The .bam file refers to a chromosome 'GL000213.1+' not present in the annotation (.gtf) file
2020-08-27 21:12:44,869 - DEBUG - Marking up chromosome GL000220.1
2020-08-27 21:12:44,869 - WARNING - The .bam file refers to a chromosome 'GL000220.1+' not present in the annotation (.gtf) file
2020-08-27 21:12:44,869 - WARNING - The .bam file refers to a chromosome 'GL000220.1-' not present in the annotation (.gtf) file
2020-08-27 21:12:54,688 - DEBUG - Read first 260 million reads
2020-08-27 21:13:17,475 - DEBUG - Read first 270 million reads
2020-08-27 21:13:25,813 - DEBUG - Marking up chromosome KI270715.1
2020-08-27 21:13:25,813 - WARNING - The .bam file refers to a chromosome 'KI270715.1+' not present in the annotation (.gtf) file
2020-08-27 21:13:25,813 - WARNING - The .bam file refers to a chromosome 'KI270715.1-' not present in the annotation (.gtf) file
2020-08-27 21:13:25,814 - DEBUG - Marking up chromosome GL000218.1
2020-08-27 21:13:25,815 - WARNING - The .bam file refers to a chromosome 'GL000218.1+' not present in the annotation (.gtf) file
2020-08-27 21:13:25,865 - DEBUG - Marking up chromosome KI270749.1
2020-08-27 21:13:25,865 - WARNING - The .bam file refers to a chromosome 'KI270749.1+' not present in the annotation (.gtf) file
2020-08-27 21:13:25,865 - WARNING - The .bam file refers to a chromosome 'KI270749.1-' not present in the annotation (.gtf) file
2020-08-27 21:13:25,870 - DEBUG - Marking up chromosome KI270741.1
2020-08-27 21:13:25,870 - WARNING - The .bam file refers to a chromosome 'KI270741.1+' not present in the annotation (.gtf) file
2020-08-27 21:13:25,870 - WARNING - The .bam file refers to a chromosome 'KI270741.1-' not present in the annotation (.gtf) file
2020-08-27 21:13:25,873 - DEBUG - Marking up chromosome GL000221.1
2020-08-27 21:13:25,873 - WARNING - The .bam file refers to a chromosome 'GL000221.1+' not present in the annotation (.gtf) file
2020-08-27 21:13:25,873 - WARNING - The .bam file refers to a chromosome 'GL000221.1-' not present in the annotation (.gtf) file
2020-08-27 21:13:25,927 - DEBUG - Marking up chromosome KI270716.1
2020-08-27 21:13:25,928 - WARNING - The .bam file refers to a chromosome 'KI270716.1+' not present in the annotation (.gtf) file
2020-08-27 21:13:25,928 - WARNING - The .bam file refers to a chromosome 'KI270716.1-' not present in the annotation (.gtf) file
2020-08-27 21:13:25,929 - DEBUG - Marking up chromosome KI270731.1
2020-08-27 21:13:25,930 - WARNING - The .bam file refers to a chromosome 'KI270731.1+' not present in the annotation (.gtf) file
2020-08-27 21:13:25,939 - DEBUG - Marking up chromosome KI270751.1
2020-08-27 21:13:25,939 - WARNING - The .bam file refers to a chromosome 'KI270751.1+' not present in the annotation (.gtf) file
2020-08-27 21:13:25,939 - WARNING - The .bam file refers to a chromosome 'KI270751.1-' not present in the annotation (.gtf) file
2020-08-27 21:13:25,943 - DEBUG - Marking up chromosome GL000214.1
2020-08-27 21:13:25,943 - WARNING - The .bam file refers to a chromosome 'GL000214.1+' not present in the annotation (.gtf) file
2020-08-27 21:13:25,943 - WARNING - The .bam file refers to a chromosome 'GL000214.1-' not present in the annotation (.gtf) file
2020-08-27 21:13:25,956 - DEBUG - Marking up chromosome KI270708.1
2020-08-27 21:13:25,956 - WARNING - The .bam file refers to a chromosome 'KI270708.1+' not present in the annotation (.gtf) file
2020-08-27 21:13:25,956 - WARNING - The .bam file refers to a chromosome 'KI270708.1-' not present in the annotation (.gtf) file
2020-08-27 21:13:25,957 - DEBUG - Marking up chromosome KI270730.1
2020-08-27 21:13:25,957 - WARNING - The .bam file refers to a chromosome 'KI270730.1+' not present in the annotation (.gtf) file
2020-08-27 21:13:25,957 - WARNING - The .bam file refers to a chromosome 'KI270730.1-' not present in the annotation (.gtf) file
2020-08-27 21:13:25,958 - DEBUG - Marking up chromosome KI270438.1
2020-08-27 21:13:25,958 - WARNING - The .bam file refers to a chromosome 'KI270438.1+' not present in the annotation (.gtf) file
2020-08-27 21:13:25,958 - WARNING - The .bam file refers to a chromosome 'KI270438.1-' not present in the annotation (.gtf) file
2020-08-27 21:13:25,959 - DEBUG - Marking up chromosome KI270737.1
2020-08-27 21:13:25,959 - WARNING - The .bam file refers to a chromosome 'KI270737.1+' not present in the annotation (.gtf) file
2020-08-27 21:13:25,959 - WARNING - The .bam file refers to a chromosome 'KI270737.1-' not present in the annotation (.gtf) file
2020-08-27 21:13:25,960 - DEBUG - Marking up chromosome KI270721.1
2020-08-27 21:13:25,960 - WARNING - The .bam file refers to a chromosome 'KI270721.1-' not present in the annotation (.gtf) file
2020-08-27 21:13:25,975 - DEBUG - Marking up chromosome KI270738.1
2020-08-27 21:13:25,975 - WARNING - The .bam file refers to a chromosome 'KI270738.1+' not present in the annotation (.gtf) file
2020-08-27 21:13:25,975 - WARNING - The .bam file refers to a chromosome 'KI270738.1-' not present in the annotation (.gtf) file
2020-08-27 21:13:25,979 - DEBUG - Marking up chromosome GL000208.1
2020-08-27 21:13:25,979 - WARNING - The .bam file refers to a chromosome 'GL000208.1+' not present in the annotation (.gtf) file
2020-08-27 21:13:25,979 - WARNING - The .bam file refers to a chromosome 'GL000208.1-' not present in the annotation (.gtf) file
2020-08-27 21:13:25,979 - DEBUG - Marking up chromosome KI270538.1
2020-08-27 21:13:25,979 - WARNING - The .bam file refers to a chromosome 'KI270538.1+' not present in the annotation (.gtf) file
2020-08-27 21:13:25,979 - WARNING - The .bam file refers to a chromosome 'KI270538.1-' not present in the annotation (.gtf) file
2020-08-27 21:13:25,979 - DEBUG - Marking up chromosome KI270739.1
2020-08-27 21:13:25,980 - WARNING - The .bam file refers to a chromosome 'KI270739.1+' not present in the annotation (.gtf) file
2020-08-27 21:13:25,980 - WARNING - The .bam file refers to a chromosome 'KI270739.1-' not present in the annotation (.gtf) file
2020-08-27 21:13:25,980 - DEBUG - Marking up chromosome KI270709.1
2020-08-27 21:13:25,980 - WARNING - The .bam file refers to a chromosome 'KI270709.1+' not present in the annotation (.gtf) file
2020-08-27 21:13:25,980 - WARNING - The .bam file refers to a chromosome 'KI270709.1-' not present in the annotation (.gtf) file
2020-08-27 21:13:25,981 - DEBUG - Marking up chromosome KI270746.1
2020-08-27 21:13:25,981 - WARNING - The .bam file refers to a chromosome 'KI270746.1+' not present in the annotation (.gtf) file
2020-08-27 21:13:25,981 - WARNING - The .bam file refers to a chromosome 'KI270746.1-' not present in the annotation (.gtf) file
2020-08-27 21:13:25,982 - DEBUG - Marking up chromosome KI270753.1
2020-08-27 21:13:25,982 - WARNING - The .bam file refers to a chromosome 'KI270753.1+' not present in the annotation (.gtf) file
2020-08-27 21:13:25,982 - WARNING - The .bam file refers to a chromosome 'KI270753.1-' not present in the annotation (.gtf) file
2020-08-27 21:13:25,982 - DEBUG - Marking up chromosome KI270589.1
2020-08-27 21:13:25,982 - WARNING - The .bam file refers to a chromosome 'KI270589.1+' not present in the annotation (.gtf) file
2020-08-27 21:13:25,982 - WARNING - The .bam file refers to a chromosome 'KI270589.1-' not present in the annotation (.gtf) file
2020-08-27 21:13:25,993 - DEBUG - Marking up chromosome KI270711.1
2020-08-27 21:13:25,993 - WARNING - The .bam file refers to a chromosome 'KI270711.1+' not present in the annotation (.gtf) file
2020-08-27 21:13:26,080 - DEBUG - Marking up chromosome KI270745.1
2020-08-27 21:13:26,080 - WARNING - The .bam file refers to a chromosome 'KI270745.1+' not present in the annotation (.gtf) file
2020-08-27 21:13:26,080 - WARNING - The .bam file refers to a chromosome 'KI270745.1-' not present in the annotation (.gtf) file
2020-08-27 21:13:26,108 - DEBUG - Marking up chromosome KI270714.1
2020-08-27 21:13:26,108 - WARNING - The .bam file refers to a chromosome 'KI270714.1+' not present in the annotation (.gtf) file
2020-08-27 21:13:26,108 - WARNING - The .bam file refers to a chromosome 'KI270714.1-' not present in the annotation (.gtf) file
2020-08-27 21:13:26,109 - DEBUG - Marking up chromosome KI270732.1
2020-08-27 21:13:26,109 - WARNING - The .bam file refers to a chromosome 'KI270732.1+' not present in the annotation (.gtf) file
2020-08-27 21:13:26,109 - WARNING - The .bam file refers to a chromosome 'KI270732.1-' not present in the annotation (.gtf) file
2020-08-27 21:13:26,110 - DEBUG - Marking up chromosome KI270713.1
2020-08-27 21:13:26,118 - DEBUG - Marking up chromosome KI270754.1
2020-08-27 21:13:26,118 - WARNING - The .bam file refers to a chromosome 'KI270754.1+' not present in the annotation (.gtf) file
2020-08-27 21:13:26,119 - WARNING - The .bam file refers to a chromosome 'KI270754.1-' not present in the annotation (.gtf) file
2020-08-27 21:13:26,119 - DEBUG - Marking up chromosome KI270710.1
2020-08-27 21:13:26,119 - WARNING - The .bam file refers to a chromosome 'KI270710.1+' not present in the annotation (.gtf) file
2020-08-27 21:13:26,119 - WARNING - The .bam file refers to a chromosome 'KI270710.1-' not present in the annotation (.gtf) file
2020-08-27 21:13:26,120 - DEBUG - Marking up chromosome KI270717.1
2020-08-27 21:13:26,120 - WARNING - The .bam file refers to a chromosome 'KI270717.1+' not present in the annotation (.gtf) file
2020-08-27 21:13:26,120 - WARNING - The .bam file refers to a chromosome 'KI270717.1-' not present in the annotation (.gtf) file
2020-08-27 21:13:26,126 - DEBUG - Marking up chromosome KI270724.1
2020-08-27 21:13:26,126 - WARNING - The .bam file refers to a chromosome 'KI270724.1+' not present in the annotation (.gtf) file
2020-08-27 21:13:26,126 - WARNING - The .bam file refers to a chromosome 'KI270724.1-' not present in the annotation (.gtf) file
2020-08-27 21:13:26,126 - DEBUG - Marking up chromosome KI270720.1
2020-08-27 21:13:26,126 - WARNING - The .bam file refers to a chromosome 'KI270720.1+' not present in the annotation (.gtf) file
2020-08-27 21:13:26,126 - WARNING - The .bam file refers to a chromosome 'KI270720.1-' not present in the annotation (.gtf) file
2020-08-27 21:13:26,127 - DEBUG - Marking up chromosome KI270723.1
2020-08-27 21:13:26,127 - WARNING - The .bam file refers to a chromosome 'KI270723.1+' not present in the annotation (.gtf) file
2020-08-27 21:13:26,127 - WARNING - The .bam file refers to a chromosome 'KI270723.1-' not present in the annotation (.gtf) file
2020-08-27 21:13:26,129 - DEBUG - Marking up chromosome KI270718.1
2020-08-27 21:13:26,129 - WARNING - The .bam file refers to a chromosome 'KI270718.1+' not present in the annotation (.gtf) file
2020-08-27 21:13:26,129 - WARNING - The .bam file refers to a chromosome 'KI270718.1-' not present in the annotation (.gtf) file
2020-08-27 21:13:26,141 - DEBUG - Marking up chromosome KI270707.1
2020-08-27 21:13:26,141 - WARNING - The .bam file refers to a chromosome 'KI270707.1+' not present in the annotation (.gtf) file
2020-08-27 21:13:26,141 - WARNING - The .bam file refers to a chromosome 'KI270707.1-' not present in the annotation (.gtf) file
2020-08-27 21:13:26,154 - DEBUG - Marking up chromosome KI270330.1
2020-08-27 21:13:26,154 - WARNING - The .bam file refers to a chromosome 'KI270330.1+' not present in the annotation (.gtf) file
2020-08-27 21:13:26,154 - WARNING - The .bam file refers to a chromosome 'KI270330.1-' not present in the annotation (.gtf) file
2020-08-27 21:13:38,800 - DEBUG - Read first 280 million reads
2020-08-27 21:13:46,441 - DEBUG - End of file. Reset index: start scanning from initial position.
2020-08-27 21:13:46,441 - DEBUG - 4040110 reads were skipped because no apropiate cell or umi barcode was found
2020-08-27 21:13:46,442 - DEBUG - Start molecule counting!
2020-08-27 21:13:50,538 - DEBUG - Features available for chromosomes : ['1-', '1+', '10-', '10+', '11-', '11+', '12-', '12+', '13-', '13+', '14-', '14+', '15-', '15+', '16-', '16+', '17-', '17+', '18-', '18+', '19-', '19+', '2-', '2+', '20-', '20+', '21-', '21+', '22-', '22+', '3-', '3+', '4-', '4+', '5-', '5+', '6-', '6+', '7-', '7+', '8-', '8+', '9-', '9+', 'GL000009.2-', 'GL000194.1-', 'GL000195.1-', 'GL000195.1+', 'GL000205.2-', 'GL000213.1-', 'GL000218.1-', 'GL000219.1-', 'KI270711.1-', 'KI270713.1-', 'KI270713.1+', 'KI270721.1+', 'KI270726.1+', 'KI270727.1-', 'KI270727.1+', 'KI270728.1-', 'KI270728.1+', 'KI270731.1-', 'KI270734.1-', 'KI270734.1+', 'MT-', 'MT+', 'X-', 'X+', 'Y-', 'Y+']
2020-08-27 21:13:50,538 - DEBUG - Mask available for chromosomes : []
2020-08-27 21:13:50,538 - DEBUG - Summarizing the results of intron validation.
2020-08-27 21:13:51,247 - DEBUG - Validated 467517 introns (of which unique intervals 148032) out of 996444 total possible introns (considering each possible transcript models).
2020-08-27 21:13:51,248 - DEBUG - Reading /net/isi-dcnl/ifs/user_data/abild/Megatron_data/COH064/FEL041043.mRNA/FEL043_count03/FEL043_M/outs/cellsorted_possorted_genome_bam.bam
2020-08-27 21:13:51,286 - DEBUG - Read first 0 million reads
2020-08-27 21:14:22,336 - DEBUG - Read first 10 million reads
2020-08-27 21:15:04,827 - DEBUG - Read first 20 million reads
2020-08-27 21:15:50,045 - DEBUG - Counting for batch 1, containing 100 cells and 2418378 reads
2020-08-27 21:17:16,000 - DEBUG - 0 reads not considered because fully enclosed in repeat masked regions
2020-08-27 21:17:41,978 - DEBUG - Read first 30 million reads
2020-08-27 21:18:36,152 - DEBUG - Counting for batch 2, containing 100 cells and 2346327 reads
2020-08-27 21:20:01,675 - DEBUG - 0 reads not considered because fully enclosed in repeat masked regions
2020-08-27 21:20:25,292 - DEBUG - Read first 40 million reads
2020-08-27 21:21:25,750 - DEBUG - Read first 50 million reads
2020-08-27 21:21:30,688 - DEBUG - Counting for batch 3, containing 100 cells and 3166218 reads
2020-08-27 21:23:19,194 - DEBUG - 0 reads not considered because fully enclosed in repeat masked regions
2020-08-27 21:24:32,145 - DEBUG - Read first 60 million reads
2020-08-27 21:24:48,379 - DEBUG - Counting for batch 4, containing 100 cells and 2378676 reads
2020-08-27 21:26:12,163 - DEBUG - 0 reads not considered because fully enclosed in repeat masked regions
2020-08-27 21:27:10,362 - DEBUG - Read first 70 million reads
2020-08-27 21:27:36,489 - DEBUG - Counting for batch 5, containing 100 cells and 3033240 reads
2020-08-27 21:29:19,963 - DEBUG - 0 reads not considered because fully enclosed in repeat masked regions
2020-08-27 21:30:18,396 - DEBUG - Read first 80 million reads
2020-08-27 21:30:48,626 - DEBUG - Counting for batch 6, containing 100 cells and 2477252 reads
2020-08-27 21:32:12,230 - DEBUG - 0 reads not considered because fully enclosed in repeat masked regions
2020-08-27 21:33:00,116 - DEBUG - Read first 90 million reads
2020-08-27 21:33:35,972 - DEBUG - Counting for batch 7, containing 100 cells and 2362512 reads
2020-08-27 21:34:59,037 - DEBUG - 0 reads not considered because fully enclosed in repeat masked regions
2020-08-27 21:35:38,377 - DEBUG - Read first 100 million reads
2020-08-27 21:36:22,540 - DEBUG - Counting for batch 8, containing 100 cells and 2726299 reads
2020-08-27 21:37:56,518 - DEBUG - 0 reads not considered because fully enclosed in repeat masked regions
2020-08-27 21:38:32,598 - DEBUG - Read first 110 million reads
2020-08-27 21:39:34,053 - DEBUG - Counting for batch 9, containing 100 cells and 3068538 reads
2020-08-27 21:41:17,006 - DEBUG - 0 reads not considered because fully enclosed in repeat masked regions
2020-08-27 21:41:37,825 - DEBUG - Read first 120 million reads
2020-08-27 21:42:40,325 - DEBUG - Read first 130 million reads
2020-08-27 21:43:02,762 - DEBUG - Counting for batch 10, containing 100 cells and 3021778 reads
2020-08-27 21:44:47,322 - DEBUG - 0 reads not considered because fully enclosed in repeat masked regions
2020-08-27 21:45:46,080 - DEBUG - Read first 140 million reads
2020-08-27 21:46:21,875 - DEBUG - Counting for batch 11, containing 100 cells and 3280780 reads
2020-08-27 21:48:17,178 - DEBUG - 0 reads not considered because fully enclosed in repeat masked regions
2020-08-27 21:49:03,645 - DEBUG - Read first 150 million reads
2020-08-27 21:49:53,803 - DEBUG - Counting for batch 12, containing 100 cells and 2743998 reads
2020-08-27 21:51:30,510 - DEBUG - 0 reads not considered because fully enclosed in repeat masked regions
2020-08-27 21:51:53,471 - DEBUG - Read first 160 million reads
2020-08-27 21:52:53,947 - DEBUG - Read first 170 million reads
2020-08-27 21:52:55,038 - DEBUG - Counting for batch 13, containing 100 cells and 2688632 reads
2020-08-27 21:54:29,600 - DEBUG - 0 reads not considered because fully enclosed in repeat masked regions
2020-08-27 21:55:50,238 - DEBUG - Read first 180 million reads
2020-08-27 21:56:11,173 - DEBUG - Counting for batch 14, containing 100 cells and 3470695 reads
2020-08-27 21:58:06,467 - DEBUG - 0 reads not considered because fully enclosed in repeat masked regions
2020-08-27 21:59:12,015 - DEBUG - Read first 190 million reads
2020-08-27 21:59:43,690 - DEBUG - Counting for batch 15, containing 100 cells and 2695615 reads
2020-08-27 22:01:18,678 - DEBUG - 0 reads not considered because fully enclosed in repeat masked regions
2020-08-27 22:02:02,682 - DEBUG - Read first 200 million reads
2020-08-27 22:02:39,326 - DEBUG - Counting for batch 16, containing 100 cells and 2497107 reads
2020-08-27 22:04:08,091 - DEBUG - 0 reads not considered because fully enclosed in repeat masked regions
2020-08-27 22:04:45,618 - DEBUG - Read first 210 million reads
2020-08-27 22:05:25,164 - DEBUG - Counting for batch 17, containing 100 cells and 2151318 reads
2020-08-27 22:06:41,802 - DEBUG - 0 reads not considered because fully enclosed in repeat masked regions
2020-08-27 22:07:12,748 - DEBUG - Read first 220 million reads
2020-08-27 22:08:09,532 - DEBUG - Counting for batch 18, containing 100 cells and 2463025 reads
2020-08-27 22:09:39,282 - DEBUG - 0 reads not considered because fully enclosed in repeat masked regions
2020-08-27 22:09:58,178 - DEBUG - Read first 230 million reads
2020-08-27 22:10:54,136 - DEBUG - Read first 240 million reads
2020-08-27 22:11:10,108 - DEBUG - Counting for batch 19, containing 100 cells and 2792510 reads
2020-08-27 22:12:50,858 - DEBUG - 0 reads not considered because fully enclosed in repeat masked regions
2020-08-27 22:13:53,569 - DEBUG - Read first 250 million reads
2020-08-27 22:14:20,123 - DEBUG - Counting for batch 20, containing 100 cells and 2796426 reads
2020-08-27 22:15:56,781 - DEBUG - 0 reads not considered because fully enclosed in repeat masked regions
2020-08-27 22:16:47,680 - DEBUG - Read first 260 million reads
2020-08-27 22:17:31,238 - DEBUG - Counting for batch 21, containing 100 cells and 2802402 reads
2020-08-27 22:19:06,332 - DEBUG - 0 reads not considered because fully enclosed in repeat masked regions
2020-08-27 22:19:46,471 - DEBUG - Read first 270 million reads
2020-08-27 22:20:48,096 - DEBUG - Counting for batch 22, containing 100 cells and 3115986 reads
2020-08-27 22:22:35,645 - DEBUG - 0 reads not considered because fully enclosed in repeat masked regions
2020-08-27 22:22:57,174 - DEBUG - Read first 280 million reads
2020-08-27 22:23:18,692 - DEBUG - Counting for batch 23, containing 37 cells and 657510 reads
2020-08-27 22:23:44,259 - DEBUG - 0 reads not considered because fully enclosed in repeat masked regions
2020-08-27 22:23:48,443 - DEBUG - 4040110 reads were skipped because no apropiate cell or umi barcode was found
2020-08-27 22:23:48,443 - DEBUG - Counting done!
2020-08-27 22:23:48,472 - DEBUG - Generating output file /net/isi-dcnl/ifs/user_data/abild/Megatron_data/COH064/FEL041043.mRNA/FEL043_count03/FEL043_M/velocyto/FEL043_M.loom
2020-08-27 22:23:48,472 - DEBUG - Collecting row attributes
2020-08-27 22:23:48,570 - DEBUG - Generating data table
2020-08-27 22:23:49,533 - DEBUG - Writing loom file
2020-08-27 22:23:54,518 - DEBUG - Terminated Succesfully!
Start: 1598585904
End: 1598592236
Run time: 6332
Done
