CPU: 16
N: 38
Step1: Analyze spliced and unspliced reads and genrate a loom file for velocityR
Run velocyto to generate loom file
2020-08-27 18:17:42,883 - DEBUG - Using logic: Default
2020-08-27 18:17:42,910 - INFO - Read 514 cell barcodes from /net/isi-dcnl/ifs/user_data/abild/Megatron_data/COH047/FEL023024.mRNA/FEL024_count03/FEL024_S/outs/filtered_feature_bc_matrix/barcodes.tsv.gz
2020-08-27 18:17:42,911 - DEBUG - Example of barcode: AAACCCACATGACAGG and cell_id: FEL024_S:AAACCCACATGACAGG-1
2020-08-27 18:17:42,923 - DEBUG - Peeking into /net/isi-dcnl/ifs/user_data/abild/Megatron_data/COH047/FEL023024.mRNA/FEL024_count03/FEL024_S/outs/possorted_genome_bam.bam
2020-08-27 18:17:43,044 - WARNING - Not found cell and umi barcode in entry 7 of the bam file
2020-08-27 18:17:43,044 - WARNING - Not found cell and umi barcode in entry 8 of the bam file
2020-08-27 18:17:43,045 - WARNING - Not found cell and umi barcode in entry 214 of the bam file
2020-08-27 18:17:43,046 - WARNING - Not found cell and umi barcode in entry 317 of the bam file
2020-08-27 18:17:43,047 - WARNING - Not found cell and umi barcode in entry 362 of the bam file
2020-08-27 18:17:43,047 - WARNING - Not found cell and umi barcode in entry 451 of the bam file
2020-08-27 18:17:43,048 - WARNING - Not found cell and umi barcode in entry 567 of the bam file
2020-08-27 18:17:43,049 - WARNING - Not found cell and umi barcode in entry 668 of the bam file
2020-08-27 18:17:43,049 - WARNING - Not found cell and umi barcode in entry 708 of the bam file
2020-08-27 18:17:43,050 - WARNING - Not found cell and umi barcode in entry 717 of the bam file
2020-08-27 18:17:43,050 - WARNING - Not found cell and umi barcode in entry 745 of the bam file
2020-08-27 18:17:43,050 - WARNING - Not found cell and umi barcode in entry 760 of the bam file
2020-08-27 18:17:43,050 - WARNING - Not found cell and umi barcode in entry 785 of the bam file
2020-08-27 18:17:43,051 - WARNING - Not found cell and umi barcode in entry 913 of the bam file
2020-08-27 18:17:43,051 - WARNING - Not found cell and umi barcode in entry 914 of the bam file
2020-08-27 18:17:43,051 - WARNING - Not found cell and umi barcode in entry 916 of the bam file
2020-08-27 18:17:43,051 - WARNING - Not found cell and umi barcode in entry 917 of the bam file
2020-08-27 18:17:43,052 - WARNING - Not found cell and umi barcode in entry 918 of the bam file
2020-08-27 18:17:43,052 - WARNING - Not found cell and umi barcode in entry 919 of the bam file
2020-08-27 18:17:43,052 - WARNING - Not found cell and umi barcode in entry 920 of the bam file
2020-08-27 18:17:43,052 - WARNING - Not found cell and umi barcode in entry 921 of the bam file
2020-08-27 18:17:43,052 - WARNING - Not found cell and umi barcode in entry 922 of the bam file
2020-08-27 18:17:43,052 - WARNING - Not found cell and umi barcode in entry 923 of the bam file
2020-08-27 18:17:43,052 - WARNING - Not found cell and umi barcode in entry 924 of the bam file
2020-08-27 18:17:43,052 - WARNING - Not found cell and umi barcode in entry 940 of the bam file
2020-08-27 18:17:43,053 - WARNING - Not found cell and umi barcode in entry 941 of the bam file
2020-08-27 18:17:43,053 - WARNING - Not found cell and umi barcode in entry 942 of the bam file
2020-08-27 18:17:43,053 - WARNING - Not found cell and umi barcode in entry 943 of the bam file
2020-08-27 18:17:43,053 - WARNING - Not found cell and umi barcode in entry 945 of the bam file
2020-08-27 18:17:43,053 - WARNING - Not found cell and umi barcode in entry 946 of the bam file
2020-08-27 18:17:43,053 - WARNING - Not found cell and umi barcode in entry 947 of the bam file
2020-08-27 18:17:43,053 - WARNING - Not found cell and umi barcode in entry 948 of the bam file
2020-08-27 18:17:43,053 - WARNING - Not found cell and umi barcode in entry 949 of the bam file
2020-08-27 18:17:43,053 - WARNING - Not found cell and umi barcode in entry 952 of the bam file
2020-08-27 18:17:43,053 - WARNING - Not found cell and umi barcode in entry 953 of the bam file
2020-08-27 18:17:43,053 - WARNING - Not found cell and umi barcode in entry 956 of the bam file
2020-08-27 18:17:43,054 - WARNING - Not found cell and umi barcode in entry 957 of the bam file
2020-08-27 18:17:43,054 - WARNING - Not found cell and umi barcode in entry 958 of the bam file
2020-08-27 18:17:43,054 - WARNING - Not found cell and umi barcode in entry 961 of the bam file
2020-08-27 18:17:43,054 - WARNING - Not found cell and umi barcode in entry 964 of the bam file
2020-08-27 18:17:43,054 - WARNING - Not found cell and umi barcode in entry 967 of the bam file
2020-08-27 18:17:43,054 - WARNING - Not found cell and umi barcode in entry 970 of the bam file
2020-08-27 18:17:43,054 - WARNING - Not found cell and umi barcode in entry 971 of the bam file
2020-08-27 18:17:43,072 - WARNING - Not found cell and umi barcode in entry 979 of the bam file
2020-08-27 18:17:43,072 - WARNING - Not found cell and umi barcode in entry 986 of the bam file
2020-08-27 18:17:43,072 - WARNING - Not found cell and umi barcode in entry 987 of the bam file
2020-08-27 18:17:43,072 - WARNING - Not found cell and umi barcode in entry 988 of the bam file
2020-08-27 18:17:43,072 - WARNING - Not found cell and umi barcode in entry 989 of the bam file
2020-08-27 18:17:43,072 - WARNING - Not found cell and umi barcode in entry 991 of the bam file
2020-08-27 18:17:43,072 - WARNING - Not found cell and umi barcode in entry 1001 of the bam file
2020-08-27 18:17:43,072 - WARNING - Not found cell and umi barcode in entry 1018 of the bam file
2020-08-27 18:17:43,073 - WARNING - Not found cell and umi barcode in entry 1019 of the bam file
2020-08-27 18:17:43,073 - WARNING - Not found cell and umi barcode in entry 1021 of the bam file
2020-08-27 18:17:43,079 - WARNING - The file /net/isi-dcnl/ifs/user_data/abild/Megatron_data/COH047/FEL023024.mRNA/FEL024_count03/FEL024_S/outs/cellsorted_possorted_genome_bam.bam already exists. The sorting step will be skipped and the existing file will be used.
2020-08-27 18:17:43,079 - INFO - Load the annotation from /net/isi-dcnl/ifs/user_data/abild/Genomes/refdata-cellranger-GRCh38-3.0.0/genes/genes.gtf
2020-08-27 18:17:51,101 - DEBUG - Parsing Chromosome 1 strand - [line 0]
2020-08-27 18:17:51,731 - DEBUG - Done with 1- [line 108728]
2020-08-27 18:17:51,732 - DEBUG - Assigning indexes to genes
2020-08-27 18:17:51,742 - DEBUG - Seen 1561 genes until now
2020-08-27 18:17:51,742 - DEBUG - Parsing Chromosome 1 strand + [line 108729]
2020-08-27 18:17:52,455 - DEBUG - Done with 1+ [line 232515]
2020-08-27 18:17:52,455 - DEBUG - Assigning indexes to genes
2020-08-27 18:17:52,467 - DEBUG - Seen 3154 genes until now
2020-08-27 18:17:52,467 - DEBUG - Parsing Chromosome 10 strand - [line 232516]
2020-08-27 18:17:52,888 - DEBUG - Done with 10- [line 279343]
2020-08-27 18:17:52,888 - DEBUG - Assigning indexes to genes
2020-08-27 18:17:52,892 - DEBUG - Seen 3737 genes until now
2020-08-27 18:17:52,892 - DEBUG - Parsing Chromosome 10 strand + [line 279344]
2020-08-27 18:17:53,080 - DEBUG - Done with 10+ [line 323872]
2020-08-27 18:17:53,080 - DEBUG - Assigning indexes to genes
2020-08-27 18:17:53,083 - DEBUG - Seen 4384 genes until now
2020-08-27 18:17:53,083 - DEBUG - Parsing Chromosome 11 strand - [line 323873]
2020-08-27 18:17:53,651 - DEBUG - Done with 11- [line 402908]
2020-08-27 18:17:53,651 - DEBUG - Assigning indexes to genes
2020-08-27 18:17:53,658 - DEBUG - Seen 5320 genes until now
2020-08-27 18:17:53,658 - DEBUG - Parsing Chromosome 11 strand + [line 402909]
2020-08-27 18:17:53,994 - DEBUG - Done with 11+ [line 482591]
2020-08-27 18:17:53,994 - DEBUG - Assigning indexes to genes
2020-08-27 18:17:54,261 - DEBUG - Seen 6305 genes until now
2020-08-27 18:17:54,261 - DEBUG - Parsing Chromosome 12 strand - [line 482592]
2020-08-27 18:17:54,590 - DEBUG - Done with 12- [line 559278]
2020-08-27 18:17:54,590 - DEBUG - Assigning indexes to genes
2020-08-27 18:17:54,597 - DEBUG - Seen 7177 genes until now
2020-08-27 18:17:54,597 - DEBUG - Parsing Chromosome 12 strand + [line 559279]
2020-08-27 18:17:54,913 - DEBUG - Done with 12+ [line 635173]
2020-08-27 18:17:54,913 - DEBUG - Assigning indexes to genes
2020-08-27 18:17:54,920 - DEBUG - Seen 8070 genes until now
2020-08-27 18:17:54,920 - DEBUG - Parsing Chromosome 13 strand - [line 635174]
2020-08-27 18:17:55,289 - DEBUG - Done with 13- [line 653523]
2020-08-27 18:17:55,289 - DEBUG - Assigning indexes to genes
2020-08-27 18:17:55,291 - DEBUG - Seen 8400 genes until now
2020-08-27 18:17:55,291 - DEBUG - Parsing Chromosome 13 strand + [line 653524]
2020-08-27 18:17:55,373 - DEBUG - Done with 13+ [line 673091]
2020-08-27 18:17:55,373 - DEBUG - Assigning indexes to genes
2020-08-27 18:17:55,375 - DEBUG - Seen 8736 genes until now
2020-08-27 18:17:55,375 - DEBUG - Parsing Chromosome 14 strand - [line 673092]
2020-08-27 18:17:55,558 - DEBUG - Done with 14- [line 716831]
2020-08-27 18:17:55,558 - DEBUG - Assigning indexes to genes
2020-08-27 18:17:55,562 - DEBUG - Seen 9452 genes until now
2020-08-27 18:17:55,562 - DEBUG - Parsing Chromosome 14 strand + [line 716832]
2020-08-27 18:17:55,762 - DEBUG - Done with 14+ [line 764942]
2020-08-27 18:17:55,762 - DEBUG - Assigning indexes to genes
2020-08-27 18:17:55,766 - DEBUG - Seen 10121 genes until now
2020-08-27 18:17:55,766 - DEBUG - Parsing Chromosome 15 strand - [line 764943]
2020-08-27 18:17:55,975 - DEBUG - Done with 15- [line 813803]
2020-08-27 18:17:55,975 - DEBUG - Assigning indexes to genes
2020-08-27 18:17:55,979 - DEBUG - Seen 10698 genes until now
2020-08-27 18:17:55,979 - DEBUG - Parsing Chromosome 15 strand + [line 813804]
2020-08-27 18:17:56,163 - DEBUG - Done with 15+ [line 857859]
2020-08-27 18:17:56,163 - DEBUG - Assigning indexes to genes
2020-08-27 18:17:56,167 - DEBUG - Seen 11256 genes until now
2020-08-27 18:17:56,167 - DEBUG - Parsing Chromosome 16 strand - [line 857860]
2020-08-27 18:17:56,717 - DEBUG - Done with 16- [line 911118]
2020-08-27 18:17:56,717 - DEBUG - Assigning indexes to genes
2020-08-27 18:17:56,722 - DEBUG - Seen 11998 genes until now
2020-08-27 18:17:56,722 - DEBUG - Parsing Chromosome 16 strand + [line 911119]
2020-08-27 18:17:57,018 - DEBUG - Done with 16+ [line 981663]
2020-08-27 18:17:57,018 - DEBUG - Assigning indexes to genes
2020-08-27 18:17:57,026 - DEBUG - Seen 12787 genes until now
2020-08-27 18:17:57,026 - DEBUG - Parsing Chromosome 17 strand - [line 981664]
2020-08-27 18:17:57,384 - DEBUG - Done with 17- [line 1066635]
2020-08-27 18:17:57,385 - DEBUG - Assigning indexes to genes
2020-08-27 18:17:57,392 - DEBUG - Seen 13775 genes until now
2020-08-27 18:17:57,393 - DEBUG - Parsing Chromosome 17 strand + [line 1066636]
2020-08-27 18:17:58,118 - DEBUG - Done with 17+ [line 1143834]
2020-08-27 18:17:58,118 - DEBUG - Assigning indexes to genes
2020-08-27 18:17:58,127 - DEBUG - Seen 14681 genes until now
2020-08-27 18:17:58,127 - DEBUG - Parsing Chromosome 18 strand - [line 1143835]
2020-08-27 18:17:58,231 - DEBUG - Done with 18- [line 1168496]
2020-08-27 18:17:58,231 - DEBUG - Assigning indexes to genes
2020-08-27 18:17:58,233 - DEBUG - Seen 15006 genes until now
2020-08-27 18:17:58,233 - DEBUG - Parsing Chromosome 18 strand + [line 1168497]
2020-08-27 18:17:58,322 - DEBUG - Done with 18+ [line 1189691]
2020-08-27 18:17:58,322 - DEBUG - Assigning indexes to genes
2020-08-27 18:17:58,323 - DEBUG - Seen 15343 genes until now
2020-08-27 18:17:58,323 - DEBUG - Parsing Chromosome 19 strand - [line 1189692]
2020-08-27 18:17:58,648 - DEBUG - Done with 19- [line 1268854]
2020-08-27 18:17:58,648 - DEBUG - Assigning indexes to genes
2020-08-27 18:17:58,656 - DEBUG - Seen 16352 genes until now
2020-08-27 18:17:58,656 - DEBUG - Parsing Chromosome 19 strand + [line 1268855]
2020-08-27 18:17:58,988 - DEBUG - Done with 19+ [line 1351833]
2020-08-27 18:17:58,988 - DEBUG - Assigning indexes to genes
2020-08-27 18:17:58,996 - DEBUG - Seen 17347 genes until now
2020-08-27 18:17:58,996 - DEBUG - Parsing Chromosome 2 strand - [line 1351834]
2020-08-27 18:17:59,412 - DEBUG - Done with 2- [line 1448710]
2020-08-27 18:17:59,412 - DEBUG - Assigning indexes to genes
2020-08-27 18:17:59,420 - DEBUG - Seen 18472 genes until now
2020-08-27 18:17:59,420 - DEBUG - Parsing Chromosome 2 strand + [line 1448711]
2020-08-27 18:18:00,243 - DEBUG - Done with 2+ [line 1542602]
2020-08-27 18:18:00,243 - DEBUG - Assigning indexes to genes
2020-08-27 18:18:00,252 - DEBUG - Seen 19632 genes until now
2020-08-27 18:18:00,252 - DEBUG - Parsing Chromosome 20 strand - [line 1542603]
2020-08-27 18:18:00,362 - DEBUG - Done with 20- [line 1569195]
2020-08-27 18:18:00,363 - DEBUG - Assigning indexes to genes
2020-08-27 18:18:00,365 - DEBUG - Seen 20079 genes until now
2020-08-27 18:18:00,365 - DEBUG - Parsing Chromosome 20 strand + [line 1569196]
2020-08-27 18:18:00,495 - DEBUG - Done with 20+ [line 1600541]
2020-08-27 18:18:00,495 - DEBUG - Assigning indexes to genes
2020-08-27 18:18:00,497 - DEBUG - Seen 20527 genes until now
2020-08-27 18:18:00,497 - DEBUG - Parsing Chromosome 21 strand - [line 1600542]
2020-08-27 18:18:00,556 - DEBUG - Done with 21- [line 1614106]
2020-08-27 18:18:00,556 - DEBUG - Assigning indexes to genes
2020-08-27 18:18:00,558 - DEBUG - Seen 20795 genes until now
2020-08-27 18:18:00,558 - DEBUG - Parsing Chromosome 21 strand + [line 1614107]
2020-08-27 18:18:00,620 - DEBUG - Done with 21+ [line 1628392]
2020-08-27 18:18:00,620 - DEBUG - Assigning indexes to genes
2020-08-27 18:18:00,621 - DEBUG - Seen 21029 genes until now
2020-08-27 18:18:00,621 - DEBUG - Parsing Chromosome 22 strand - [line 1628393]
2020-08-27 18:18:00,728 - DEBUG - Done with 22- [line 1653805]
2020-08-27 18:18:00,728 - DEBUG - Assigning indexes to genes
2020-08-27 18:18:00,730 - DEBUG - Seen 21391 genes until now
2020-08-27 18:18:00,731 - DEBUG - Parsing Chromosome 22 strand + [line 1653806]
2020-08-27 18:18:00,860 - DEBUG - Done with 22+ [line 1684245]
2020-08-27 18:18:00,860 - DEBUG - Assigning indexes to genes
2020-08-27 18:18:00,864 - DEBUG - Seen 21866 genes until now
2020-08-27 18:18:00,864 - DEBUG - Parsing Chromosome 3 strand - [line 1684246]
2020-08-27 18:18:01,203 - DEBUG - Done with 3- [line 1763939]
2020-08-27 18:18:01,204 - DEBUG - Assigning indexes to genes
2020-08-27 18:18:01,210 - DEBUG - Seen 22713 genes until now
2020-08-27 18:18:01,210 - DEBUG - Parsing Chromosome 3 strand + [line 1763940]
2020-08-27 18:18:01,547 - DEBUG - Done with 3+ [line 1844840]
2020-08-27 18:18:01,547 - DEBUG - Assigning indexes to genes
2020-08-27 18:18:01,554 - DEBUG - Seen 23585 genes until now
2020-08-27 18:18:01,554 - DEBUG - Parsing Chromosome 4 strand - [line 1844841]
2020-08-27 18:18:02,319 - DEBUG - Done with 4- [line 1898665]
2020-08-27 18:18:02,319 - DEBUG - Assigning indexes to genes
2020-08-27 18:18:02,323 - DEBUG - Seen 24246 genes until now
2020-08-27 18:18:02,323 - DEBUG - Parsing Chromosome 4 strand + [line 1898666]
2020-08-27 18:18:02,527 - DEBUG - Done with 4+ [line 1947617]
2020-08-27 18:18:02,527 - DEBUG - Assigning indexes to genes
2020-08-27 18:18:02,531 - DEBUG - Seen 24938 genes until now
2020-08-27 18:18:02,531 - DEBUG - Parsing Chromosome 5 strand - [line 1947618]
2020-08-27 18:18:02,758 - DEBUG - Done with 5- [line 2001140]
2020-08-27 18:18:02,758 - DEBUG - Assigning indexes to genes
2020-08-27 18:18:02,763 - DEBUG - Seen 25741 genes until now
2020-08-27 18:18:02,763 - DEBUG - Parsing Chromosome 5 strand + [line 2001141]
2020-08-27 18:18:03,018 - DEBUG - Done with 5+ [line 2062165]
2020-08-27 18:18:03,018 - DEBUG - Assigning indexes to genes
2020-08-27 18:18:03,023 - DEBUG - Seen 26599 genes until now
2020-08-27 18:18:03,023 - DEBUG - Parsing Chromosome 6 strand - [line 2062166]
2020-08-27 18:18:03,289 - DEBUG - Done with 6- [line 2121425]
2020-08-27 18:18:03,289 - DEBUG - Assigning indexes to genes
2020-08-27 18:18:03,294 - DEBUG - Seen 27435 genes until now
2020-08-27 18:18:03,294 - DEBUG - Parsing Chromosome 6 strand + [line 2121426]
2020-08-27 18:18:03,514 - DEBUG - Done with 6+ [line 2176078]
2020-08-27 18:18:03,515 - DEBUG - Assigning indexes to genes
2020-08-27 18:18:03,519 - DEBUG - Seen 28231 genes until now
2020-08-27 18:18:03,519 - DEBUG - Parsing Chromosome 7 strand - [line 2176079]
2020-08-27 18:18:03,763 - DEBUG - Done with 7- [line 2233605]
2020-08-27 18:18:03,763 - DEBUG - Assigning indexes to genes
2020-08-27 18:18:03,768 - DEBUG - Seen 28953 genes until now
2020-08-27 18:18:03,768 - DEBUG - Parsing Chromosome 7 strand + [line 2233606]
2020-08-27 18:18:04,025 - DEBUG - Done with 7+ [line 2295513]
2020-08-27 18:18:04,025 - DEBUG - Assigning indexes to genes
2020-08-27 18:18:04,030 - DEBUG - Seen 29770 genes until now
2020-08-27 18:18:04,030 - DEBUG - Parsing Chromosome 8 strand - [line 2295514]
2020-08-27 18:18:04,228 - DEBUG - Done with 8- [line 2343289]
2020-08-27 18:18:04,228 - DEBUG - Assigning indexes to genes
2020-08-27 18:18:04,232 - DEBUG - Seen 30442 genes until now
2020-08-27 18:18:04,232 - DEBUG - Parsing Chromosome 8 strand + [line 2343290]
2020-08-27 18:18:04,412 - DEBUG - Done with 8+ [line 2386793]
2020-08-27 18:18:04,412 - DEBUG - Assigning indexes to genes
2020-08-27 18:18:04,416 - DEBUG - Seen 31090 genes until now
2020-08-27 18:18:04,416 - DEBUG - Parsing Chromosome 9 strand - [line 2386794]
2020-08-27 18:18:05,184 - DEBUG - Done with 9- [line 2430389]
2020-08-27 18:18:05,184 - DEBUG - Assigning indexes to genes
2020-08-27 18:18:05,188 - DEBUG - Seen 31710 genes until now
2020-08-27 18:18:05,188 - DEBUG - Parsing Chromosome 9 strand + [line 2430390]
2020-08-27 18:18:05,385 - DEBUG - Done with 9+ [line 2477312]
2020-08-27 18:18:05,385 - DEBUG - Assigning indexes to genes
2020-08-27 18:18:05,388 - DEBUG - Seen 32318 genes until now
2020-08-27 18:18:05,388 - DEBUG - Parsing Chromosome GL000009.2 strand - [line 2477313]
2020-08-27 18:18:05,388 - DEBUG - Done with GL000009.2- [line 2477320]
2020-08-27 18:18:05,388 - DEBUG - Assigning indexes to genes
2020-08-27 18:18:05,388 - DEBUG - Seen 32319 genes until now
2020-08-27 18:18:05,388 - DEBUG - Parsing Chromosome GL000194.1 strand - [line 2477321]
2020-08-27 18:18:05,388 - DEBUG - Done with GL000194.1- [line 2477346]
2020-08-27 18:18:05,388 - DEBUG - Assigning indexes to genes
2020-08-27 18:18:05,389 - DEBUG - Seen 32321 genes until now
2020-08-27 18:18:05,389 - DEBUG - Parsing Chromosome GL000195.1 strand - [line 2477347]
2020-08-27 18:18:05,389 - DEBUG - Done with GL000195.1- [line 2477356]
2020-08-27 18:18:05,389 - DEBUG - Assigning indexes to genes
2020-08-27 18:18:05,389 - DEBUG - Seen 32322 genes until now
2020-08-27 18:18:05,389 - DEBUG - Parsing Chromosome GL000195.1 strand + [line 2477357]
2020-08-27 18:18:05,389 - DEBUG - Done with GL000195.1+ [line 2477370]
2020-08-27 18:18:05,389 - DEBUG - Assigning indexes to genes
2020-08-27 18:18:05,389 - DEBUG - Seen 32323 genes until now
2020-08-27 18:18:05,389 - DEBUG - Parsing Chromosome GL000205.2 strand - [line 2477371]
2020-08-27 18:18:05,389 - DEBUG - Done with GL000205.2- [line 2477384]
2020-08-27 18:18:05,389 - DEBUG - Assigning indexes to genes
2020-08-27 18:18:05,389 - DEBUG - Seen 32324 genes until now
2020-08-27 18:18:05,389 - DEBUG - Parsing Chromosome GL000213.1 strand - [line 2477385]
2020-08-27 18:18:05,389 - DEBUG - Done with GL000213.1- [line 2477433]
2020-08-27 18:18:05,389 - DEBUG - Assigning indexes to genes
2020-08-27 18:18:05,389 - DEBUG - Seen 32325 genes until now
2020-08-27 18:18:05,390 - DEBUG - Parsing Chromosome GL000218.1 strand - [line 2477434]
2020-08-27 18:18:05,390 - DEBUG - Done with GL000218.1- [line 2477441]
2020-08-27 18:18:05,390 - DEBUG - Assigning indexes to genes
2020-08-27 18:18:05,390 - DEBUG - Seen 32326 genes until now
2020-08-27 18:18:05,390 - DEBUG - Parsing Chromosome GL000219.1 strand - [line 2477442]
2020-08-27 18:18:05,390 - DEBUG - Done with GL000219.1- [line 2477453]
2020-08-27 18:18:05,390 - DEBUG - Assigning indexes to genes
2020-08-27 18:18:05,390 - DEBUG - Seen 32327 genes until now
2020-08-27 18:18:05,390 - DEBUG - Parsing Chromosome KI270711.1 strand - [line 2477454]
2020-08-27 18:18:05,391 - DEBUG - Done with KI270711.1- [line 2477604]
2020-08-27 18:18:05,391 - DEBUG - Assigning indexes to genes
2020-08-27 18:18:05,391 - DEBUG - Seen 32328 genes until now
2020-08-27 18:18:05,391 - DEBUG - Parsing Chromosome KI270713.1 strand - [line 2477605]
2020-08-27 18:18:05,391 - DEBUG - Done with KI270713.1- [line 2477612]
2020-08-27 18:18:05,391 - DEBUG - Assigning indexes to genes
2020-08-27 18:18:05,391 - DEBUG - Seen 32329 genes until now
2020-08-27 18:18:05,391 - DEBUG - Parsing Chromosome KI270713.1 strand + [line 2477613]
2020-08-27 18:18:05,391 - DEBUG - Done with KI270713.1+ [line 2477618]
2020-08-27 18:18:05,391 - DEBUG - Assigning indexes to genes
2020-08-27 18:18:05,391 - DEBUG - Seen 32330 genes until now
2020-08-27 18:18:05,391 - DEBUG - Parsing Chromosome KI270721.1 strand + [line 2477619]
2020-08-27 18:18:05,391 - DEBUG - Done with KI270721.1+ [line 2477634]
2020-08-27 18:18:05,391 - DEBUG - Assigning indexes to genes
2020-08-27 18:18:05,391 - DEBUG - Seen 32331 genes until now
2020-08-27 18:18:05,391 - DEBUG - Parsing Chromosome KI270726.1 strand + [line 2477635]
2020-08-27 18:18:05,391 - DEBUG - Done with KI270726.1+ [line 2477645]
2020-08-27 18:18:05,391 - DEBUG - Assigning indexes to genes
2020-08-27 18:18:05,391 - DEBUG - Seen 32333 genes until now
2020-08-27 18:18:05,391 - DEBUG - Parsing Chromosome KI270727.1 strand - [line 2477646]
2020-08-27 18:18:05,392 - DEBUG - Done with KI270727.1- [line 2477704]
2020-08-27 18:18:05,392 - DEBUG - Assigning indexes to genes
2020-08-27 18:18:05,392 - DEBUG - Seen 32335 genes until now
2020-08-27 18:18:05,392 - DEBUG - Parsing Chromosome KI270727.1 strand + [line 2477705]
2020-08-27 18:18:05,392 - DEBUG - Done with KI270727.1+ [line 2477719]
2020-08-27 18:18:05,392 - DEBUG - Assigning indexes to genes
2020-08-27 18:18:05,392 - DEBUG - Seen 32337 genes until now
2020-08-27 18:18:05,392 - DEBUG - Parsing Chromosome KI270728.1 strand - [line 2477720]
2020-08-27 18:18:05,392 - DEBUG - Done with KI270728.1- [line 2477796]
2020-08-27 18:18:05,392 - DEBUG - Assigning indexes to genes
2020-08-27 18:18:05,392 - DEBUG - Seen 32339 genes until now
2020-08-27 18:18:05,393 - DEBUG - Parsing Chromosome KI270728.1 strand + [line 2477797]
2020-08-27 18:18:05,393 - DEBUG - Done with KI270728.1+ [line 2477833]
2020-08-27 18:18:05,393 - DEBUG - Assigning indexes to genes
2020-08-27 18:18:05,393 - DEBUG - Seen 32343 genes until now
2020-08-27 18:18:05,393 - DEBUG - Parsing Chromosome KI270731.1 strand - [line 2477834]
2020-08-27 18:18:05,393 - DEBUG - Done with KI270731.1- [line 2477840]
2020-08-27 18:18:05,393 - DEBUG - Assigning indexes to genes
2020-08-27 18:18:05,393 - DEBUG - Seen 32344 genes until now
2020-08-27 18:18:05,393 - DEBUG - Parsing Chromosome KI270734.1 strand - [line 2477841]
2020-08-27 18:18:05,393 - DEBUG - Done with KI270734.1- [line 2477909]
2020-08-27 18:18:05,393 - DEBUG - Assigning indexes to genes
2020-08-27 18:18:05,393 - DEBUG - Seen 32345 genes until now
2020-08-27 18:18:05,393 - DEBUG - Parsing Chromosome KI270734.1 strand + [line 2477910]
2020-08-27 18:18:05,394 - DEBUG - Done with KI270734.1+ [line 2477932]
2020-08-27 18:18:05,394 - DEBUG - Assigning indexes to genes
2020-08-27 18:18:05,394 - DEBUG - Seen 32347 genes until now
2020-08-27 18:18:05,394 - DEBUG - Parsing Chromosome MT strand - [line 2477933]
2020-08-27 18:18:05,394 - DEBUG - Done with MT- [line 2477938]
2020-08-27 18:18:05,394 - DEBUG - Assigning indexes to genes
2020-08-27 18:18:05,394 - DEBUG - Seen 32348 genes until now
2020-08-27 18:18:05,394 - DEBUG - Parsing Chromosome MT strand + [line 2477939]
2020-08-27 18:18:05,394 - DEBUG - Done with MT+ [line 2478004]
2020-08-27 18:18:05,394 - DEBUG - Assigning indexes to genes
2020-08-27 18:18:05,394 - DEBUG - Seen 32360 genes until now
2020-08-27 18:18:05,394 - DEBUG - Parsing Chromosome X strand - [line 2478005]
2020-08-27 18:18:05,561 - DEBUG - Done with X- [line 2518937]
2020-08-27 18:18:05,561 - DEBUG - Assigning indexes to genes
2020-08-27 18:18:05,564 - DEBUG - Seen 32876 genes until now
2020-08-27 18:18:05,564 - DEBUG - Parsing Chromosome X strand + [line 2518938]
2020-08-27 18:18:05,730 - DEBUG - Done with X+ [line 2560301]
2020-08-27 18:18:05,730 - DEBUG - Assigning indexes to genes
2020-08-27 18:18:05,733 - DEBUG - Seen 33438 genes until now
2020-08-27 18:18:05,733 - DEBUG - Parsing Chromosome Y strand - [line 2560302]
2020-08-27 18:18:05,743 - DEBUG - Done with Y- [line 2562446]
2020-08-27 18:18:05,743 - DEBUG - Assigning indexes to genes
2020-08-27 18:18:05,743 - DEBUG - Seen 33485 genes until now
2020-08-27 18:18:05,743 - DEBUG - Parsing Chromosome Y strand + [line 2562447]
2020-08-27 18:18:05,754 - DEBUG - Assigning indexes to genes
2020-08-27 18:18:05,755 - DEBUG - Done with Y+ [line 2565059]
2020-08-27 18:18:05,755 - DEBUG - Fixing corner cases of transcript models containg intron longer than 1000Kbp
2020-08-27 18:18:07,503 - DEBUG - Generated 2165800 features corresponding to 172912 transcript models from /net/isi-dcnl/ifs/user_data/abild/Genomes/refdata-cellranger-GRCh38-3.0.0/genes/genes.gtf
2020-08-27 18:18:07,533 - INFO - Scan /net/isi-dcnl/ifs/user_data/abild/Megatron_data/COH047/FEL023024.mRNA/FEL024_count03/FEL024_S/outs/possorted_genome_bam.bam to validate intron intervals
2020-08-27 18:18:11,452 - DEBUG - Reading /net/isi-dcnl/ifs/user_data/abild/Megatron_data/COH047/FEL023024.mRNA/FEL024_count03/FEL024_S/outs/possorted_genome_bam.bam
2020-08-27 18:18:11,464 - DEBUG - Read first 0 million reads
2020-08-27 18:18:11,467 - DEBUG - Marking up chromosome 1
2020-08-27 18:18:33,389 - DEBUG - Marking up chromosome 10
2020-08-27 18:18:44,066 - DEBUG - Marking up chromosome 11
2020-08-27 18:19:10,551 - DEBUG - Marking up chromosome 12
2020-08-27 18:19:22,184 - DEBUG - Marking up chromosome 13
2020-08-27 18:19:25,256 - DEBUG - Read first 10 million reads
2020-08-27 18:19:29,112 - DEBUG - Marking up chromosome 14
2020-08-27 18:19:37,823 - DEBUG - Marking up chromosome 15
2020-08-27 18:19:48,004 - DEBUG - Marking up chromosome 16
2020-08-27 18:19:58,831 - DEBUG - Marking up chromosome 17
2020-08-27 18:20:18,866 - DEBUG - Marking up chromosome 18
2020-08-27 18:20:23,911 - DEBUG - Marking up chromosome 19
2020-08-27 18:20:34,350 - DEBUG - Marking up chromosome 2
2020-08-27 18:20:39,473 - DEBUG - Read first 20 million reads
2020-08-27 18:20:51,783 - DEBUG - Marking up chromosome 20
2020-08-27 18:20:57,131 - DEBUG - Marking up chromosome 21
2020-08-27 18:21:12,527 - DEBUG - Read first 30 million reads
2020-08-27 18:21:33,550 - DEBUG - Marking up chromosome 22
2020-08-27 18:21:36,877 - DEBUG - Marking up chromosome 3
2020-08-27 18:21:39,062 - DEBUG - Read first 40 million reads
2020-08-27 18:21:50,947 - DEBUG - Marking up chromosome 4
2020-08-27 18:22:03,357 - DEBUG - Marking up chromosome 5
2020-08-27 18:22:20,220 - DEBUG - Marking up chromosome 6
2020-08-27 18:22:35,637 - DEBUG - Marking up chromosome 7
2020-08-27 18:22:50,174 - DEBUG - Read first 50 million reads
2020-08-27 18:22:52,446 - DEBUG - Marking up chromosome 8
2020-08-27 18:23:04,382 - DEBUG - Marking up chromosome 9
2020-08-27 18:23:12,158 - DEBUG - Marking up chromosome MT
2020-08-27 18:23:17,480 - DEBUG - Marking up chromosome X
2020-08-27 18:23:23,870 - DEBUG - Marking up chromosome Y
2020-08-27 18:23:23,924 - DEBUG - Marking up chromosome KI270728.1
2020-08-27 18:23:23,926 - DEBUG - Marking up chromosome KI270727.1
2020-08-27 18:23:23,927 - DEBUG - Marking up chromosome KI270442.1
2020-08-27 18:23:23,927 - WARNING - The .bam file refers to a chromosome 'KI270442.1+' not present in the annotation (.gtf) file
2020-08-27 18:23:23,927 - WARNING - The .bam file refers to a chromosome 'KI270442.1-' not present in the annotation (.gtf) file
2020-08-27 18:23:23,929 - DEBUG - Marking up chromosome KI270729.1
2020-08-27 18:23:23,930 - WARNING - The .bam file refers to a chromosome 'KI270729.1+' not present in the annotation (.gtf) file
2020-08-27 18:23:23,930 - WARNING - The .bam file refers to a chromosome 'KI270729.1-' not present in the annotation (.gtf) file
2020-08-27 18:23:23,949 - DEBUG - Marking up chromosome GL000225.1
2020-08-27 18:23:23,949 - WARNING - The .bam file refers to a chromosome 'GL000225.1+' not present in the annotation (.gtf) file
2020-08-27 18:23:23,949 - WARNING - The .bam file refers to a chromosome 'GL000225.1-' not present in the annotation (.gtf) file
2020-08-27 18:23:23,950 - DEBUG - Marking up chromosome KI270743.1
2020-08-27 18:23:23,950 - WARNING - The .bam file refers to a chromosome 'KI270743.1+' not present in the annotation (.gtf) file
2020-08-27 18:23:23,950 - WARNING - The .bam file refers to a chromosome 'KI270743.1-' not present in the annotation (.gtf) file
2020-08-27 18:23:23,954 - DEBUG - Marking up chromosome GL000008.2
2020-08-27 18:23:23,954 - WARNING - The .bam file refers to a chromosome 'GL000008.2+' not present in the annotation (.gtf) file
2020-08-27 18:23:23,954 - WARNING - The .bam file refers to a chromosome 'GL000008.2-' not present in the annotation (.gtf) file
2020-08-27 18:23:23,961 - DEBUG - Marking up chromosome GL000009.2
2020-08-27 18:23:23,962 - WARNING - The .bam file refers to a chromosome 'GL000009.2+' not present in the annotation (.gtf) file
2020-08-27 18:23:23,972 - DEBUG - Marking up chromosome GL000194.1
2020-08-27 18:23:23,972 - WARNING - The .bam file refers to a chromosome 'GL000194.1+' not present in the annotation (.gtf) file
2020-08-27 18:23:24,009 - DEBUG - Marking up chromosome KI270742.1
2020-08-27 18:23:24,009 - WARNING - The .bam file refers to a chromosome 'KI270742.1+' not present in the annotation (.gtf) file
2020-08-27 18:23:24,009 - WARNING - The .bam file refers to a chromosome 'KI270742.1-' not present in the annotation (.gtf) file
2020-08-27 18:23:24,028 - DEBUG - Marking up chromosome GL000205.2
2020-08-27 18:23:24,028 - WARNING - The .bam file refers to a chromosome 'GL000205.2+' not present in the annotation (.gtf) file
2020-08-27 18:23:24,032 - DEBUG - Marking up chromosome GL000195.1
2020-08-27 18:23:24,040 - DEBUG - Marking up chromosome KI270733.1
2020-08-27 18:23:24,040 - WARNING - The .bam file refers to a chromosome 'KI270733.1+' not present in the annotation (.gtf) file
2020-08-27 18:23:24,040 - WARNING - The .bam file refers to a chromosome 'KI270733.1-' not present in the annotation (.gtf) file
2020-08-27 18:23:34,109 - DEBUG - Read first 60 million reads
2020-08-27 18:23:40,834 - DEBUG - Marking up chromosome GL000224.1
2020-08-27 18:23:40,834 - WARNING - The .bam file refers to a chromosome 'GL000224.1+' not present in the annotation (.gtf) file
2020-08-27 18:23:40,834 - WARNING - The .bam file refers to a chromosome 'GL000224.1-' not present in the annotation (.gtf) file
2020-08-27 18:23:40,844 - DEBUG - Marking up chromosome GL000219.1
2020-08-27 18:23:40,844 - WARNING - The .bam file refers to a chromosome 'GL000219.1+' not present in the annotation (.gtf) file
2020-08-27 18:23:40,860 - DEBUG - Marking up chromosome KI270719.1
2020-08-27 18:23:40,860 - WARNING - The .bam file refers to a chromosome 'KI270719.1+' not present in the annotation (.gtf) file
2020-08-27 18:23:40,861 - WARNING - The .bam file refers to a chromosome 'KI270719.1-' not present in the annotation (.gtf) file
2020-08-27 18:23:40,865 - DEBUG - Marking up chromosome GL000216.2
2020-08-27 18:23:40,865 - WARNING - The .bam file refers to a chromosome 'GL000216.2+' not present in the annotation (.gtf) file
2020-08-27 18:23:40,865 - WARNING - The .bam file refers to a chromosome 'GL000216.2-' not present in the annotation (.gtf) file
2020-08-27 18:23:40,866 - DEBUG - Marking up chromosome KI270712.1
2020-08-27 18:23:40,866 - WARNING - The .bam file refers to a chromosome 'KI270712.1+' not present in the annotation (.gtf) file
2020-08-27 18:23:40,866 - WARNING - The .bam file refers to a chromosome 'KI270712.1-' not present in the annotation (.gtf) file
2020-08-27 18:23:40,867 - DEBUG - Marking up chromosome KI270706.1
2020-08-27 18:23:40,868 - WARNING - The .bam file refers to a chromosome 'KI270706.1+' not present in the annotation (.gtf) file
2020-08-27 18:23:40,868 - WARNING - The .bam file refers to a chromosome 'KI270706.1-' not present in the annotation (.gtf) file
2020-08-27 18:23:40,879 - DEBUG - Marking up chromosome KI270725.1
2020-08-27 18:23:40,879 - WARNING - The .bam file refers to a chromosome 'KI270725.1+' not present in the annotation (.gtf) file
2020-08-27 18:23:40,879 - WARNING - The .bam file refers to a chromosome 'KI270725.1-' not present in the annotation (.gtf) file
2020-08-27 18:23:40,879 - DEBUG - Marking up chromosome KI270744.1
2020-08-27 18:23:40,879 - WARNING - The .bam file refers to a chromosome 'KI270744.1+' not present in the annotation (.gtf) file
2020-08-27 18:23:40,879 - WARNING - The .bam file refers to a chromosome 'KI270744.1-' not present in the annotation (.gtf) file
2020-08-27 18:23:40,886 - DEBUG - Marking up chromosome KI270734.1
2020-08-27 18:23:40,889 - DEBUG - Marking up chromosome GL000213.1
2020-08-27 18:23:40,889 - WARNING - The .bam file refers to a chromosome 'GL000213.1+' not present in the annotation (.gtf) file
2020-08-27 18:23:40,890 - DEBUG - Marking up chromosome GL000220.1
2020-08-27 18:23:40,890 - WARNING - The .bam file refers to a chromosome 'GL000220.1+' not present in the annotation (.gtf) file
2020-08-27 18:23:40,890 - WARNING - The .bam file refers to a chromosome 'GL000220.1-' not present in the annotation (.gtf) file
2020-08-27 18:23:54,444 - DEBUG - Read first 70 million reads
2020-08-27 18:23:57,945 - DEBUG - Marking up chromosome GL000218.1
2020-08-27 18:23:57,945 - WARNING - The .bam file refers to a chromosome 'GL000218.1+' not present in the annotation (.gtf) file
2020-08-27 18:23:57,966 - DEBUG - Marking up chromosome KI270741.1
2020-08-27 18:23:57,966 - WARNING - The .bam file refers to a chromosome 'KI270741.1+' not present in the annotation (.gtf) file
2020-08-27 18:23:57,966 - WARNING - The .bam file refers to a chromosome 'KI270741.1-' not present in the annotation (.gtf) file
2020-08-27 18:23:57,967 - DEBUG - Marking up chromosome GL000221.1
2020-08-27 18:23:57,967 - WARNING - The .bam file refers to a chromosome 'GL000221.1+' not present in the annotation (.gtf) file
2020-08-27 18:23:57,967 - WARNING - The .bam file refers to a chromosome 'GL000221.1-' not present in the annotation (.gtf) file
2020-08-27 18:23:57,981 - DEBUG - Marking up chromosome KI270716.1
2020-08-27 18:23:57,981 - WARNING - The .bam file refers to a chromosome 'KI270716.1+' not present in the annotation (.gtf) file
2020-08-27 18:23:57,981 - WARNING - The .bam file refers to a chromosome 'KI270716.1-' not present in the annotation (.gtf) file
2020-08-27 18:23:57,981 - DEBUG - Marking up chromosome KI270731.1
2020-08-27 18:23:57,982 - WARNING - The .bam file refers to a chromosome 'KI270731.1+' not present in the annotation (.gtf) file
2020-08-27 18:23:57,987 - DEBUG - Marking up chromosome KI270519.1
2020-08-27 18:23:57,987 - WARNING - The .bam file refers to a chromosome 'KI270519.1+' not present in the annotation (.gtf) file
2020-08-27 18:23:57,987 - WARNING - The .bam file refers to a chromosome 'KI270519.1-' not present in the annotation (.gtf) file
2020-08-27 18:23:57,988 - DEBUG - Marking up chromosome GL000214.1
2020-08-27 18:23:57,988 - WARNING - The .bam file refers to a chromosome 'GL000214.1+' not present in the annotation (.gtf) file
2020-08-27 18:23:57,988 - WARNING - The .bam file refers to a chromosome 'GL000214.1-' not present in the annotation (.gtf) file
2020-08-27 18:23:57,992 - DEBUG - Marking up chromosome KI270708.1
2020-08-27 18:23:57,992 - WARNING - The .bam file refers to a chromosome 'KI270708.1+' not present in the annotation (.gtf) file
2020-08-27 18:23:57,992 - WARNING - The .bam file refers to a chromosome 'KI270708.1-' not present in the annotation (.gtf) file
2020-08-27 18:23:57,993 - DEBUG - Marking up chromosome KI270730.1
2020-08-27 18:23:57,993 - WARNING - The .bam file refers to a chromosome 'KI270730.1+' not present in the annotation (.gtf) file
2020-08-27 18:23:57,993 - WARNING - The .bam file refers to a chromosome 'KI270730.1-' not present in the annotation (.gtf) file
2020-08-27 18:23:57,994 - DEBUG - Marking up chromosome KI270438.1
2020-08-27 18:23:57,995 - WARNING - The .bam file refers to a chromosome 'KI270438.1+' not present in the annotation (.gtf) file
2020-08-27 18:23:57,995 - WARNING - The .bam file refers to a chromosome 'KI270438.1-' not present in the annotation (.gtf) file
2020-08-27 18:23:57,997 - DEBUG - Marking up chromosome KI270721.1
2020-08-27 18:23:57,997 - WARNING - The .bam file refers to a chromosome 'KI270721.1-' not present in the annotation (.gtf) file
2020-08-27 18:23:57,998 - DEBUG - Marking up chromosome KI270738.1
2020-08-27 18:23:57,998 - WARNING - The .bam file refers to a chromosome 'KI270738.1+' not present in the annotation (.gtf) file
2020-08-27 18:23:57,998 - WARNING - The .bam file refers to a chromosome 'KI270738.1-' not present in the annotation (.gtf) file
2020-08-27 18:23:58,001 - DEBUG - Marking up chromosome KI270746.1
2020-08-27 18:23:58,001 - WARNING - The .bam file refers to a chromosome 'KI270746.1+' not present in the annotation (.gtf) file
2020-08-27 18:23:58,001 - WARNING - The .bam file refers to a chromosome 'KI270746.1-' not present in the annotation (.gtf) file
2020-08-27 18:23:58,002 - DEBUG - Marking up chromosome KI270735.1
2020-08-27 18:23:58,002 - WARNING - The .bam file refers to a chromosome 'KI270735.1+' not present in the annotation (.gtf) file
2020-08-27 18:23:58,002 - WARNING - The .bam file refers to a chromosome 'KI270735.1-' not present in the annotation (.gtf) file
2020-08-27 18:23:58,004 - DEBUG - Marking up chromosome KI270711.1
2020-08-27 18:23:58,004 - WARNING - The .bam file refers to a chromosome 'KI270711.1+' not present in the annotation (.gtf) file
2020-08-27 18:23:58,020 - DEBUG - Marking up chromosome KI270745.1
2020-08-27 18:23:58,021 - WARNING - The .bam file refers to a chromosome 'KI270745.1+' not present in the annotation (.gtf) file
2020-08-27 18:23:58,021 - WARNING - The .bam file refers to a chromosome 'KI270745.1-' not present in the annotation (.gtf) file
2020-08-27 18:23:58,023 - DEBUG - Marking up chromosome KI270714.1
2020-08-27 18:23:58,023 - WARNING - The .bam file refers to a chromosome 'KI270714.1+' not present in the annotation (.gtf) file
2020-08-27 18:23:58,023 - WARNING - The .bam file refers to a chromosome 'KI270714.1-' not present in the annotation (.gtf) file
2020-08-27 18:23:58,024 - DEBUG - Marking up chromosome KI270713.1
2020-08-27 18:23:58,025 - DEBUG - Marking up chromosome KI270754.1
2020-08-27 18:23:58,025 - WARNING - The .bam file refers to a chromosome 'KI270754.1+' not present in the annotation (.gtf) file
2020-08-27 18:23:58,025 - WARNING - The .bam file refers to a chromosome 'KI270754.1-' not present in the annotation (.gtf) file
2020-08-27 18:23:58,025 - DEBUG - Marking up chromosome KI270717.1
2020-08-27 18:23:58,025 - WARNING - The .bam file refers to a chromosome 'KI270717.1+' not present in the annotation (.gtf) file
2020-08-27 18:23:58,025 - WARNING - The .bam file refers to a chromosome 'KI270717.1-' not present in the annotation (.gtf) file
2020-08-27 18:23:58,026 - DEBUG - Marking up chromosome KI270724.1
2020-08-27 18:23:58,026 - WARNING - The .bam file refers to a chromosome 'KI270724.1+' not present in the annotation (.gtf) file
2020-08-27 18:23:58,026 - WARNING - The .bam file refers to a chromosome 'KI270724.1-' not present in the annotation (.gtf) file
2020-08-27 18:23:58,027 - DEBUG - Marking up chromosome KI270720.1
2020-08-27 18:23:58,027 - WARNING - The .bam file refers to a chromosome 'KI270720.1+' not present in the annotation (.gtf) file
2020-08-27 18:23:58,027 - WARNING - The .bam file refers to a chromosome 'KI270720.1-' not present in the annotation (.gtf) file
2020-08-27 18:23:58,030 - DEBUG - Marking up chromosome KI270718.1
2020-08-27 18:23:58,030 - WARNING - The .bam file refers to a chromosome 'KI270718.1+' not present in the annotation (.gtf) file
2020-08-27 18:23:58,030 - WARNING - The .bam file refers to a chromosome 'KI270718.1-' not present in the annotation (.gtf) file
2020-08-27 18:23:58,044 - DEBUG - Marking up chromosome KI270707.1
2020-08-27 18:23:58,044 - WARNING - The .bam file refers to a chromosome 'KI270707.1+' not present in the annotation (.gtf) file
2020-08-27 18:23:58,044 - WARNING - The .bam file refers to a chromosome 'KI270707.1-' not present in the annotation (.gtf) file
2020-08-27 18:23:58,046 - DEBUG - Marking up chromosome KI270467.1
2020-08-27 18:23:58,046 - WARNING - The .bam file refers to a chromosome 'KI270467.1+' not present in the annotation (.gtf) file
2020-08-27 18:23:58,046 - WARNING - The .bam file refers to a chromosome 'KI270467.1-' not present in the annotation (.gtf) file
2020-08-27 18:23:58,047 - DEBUG - Marking up chromosome KI270330.1
2020-08-27 18:23:58,047 - WARNING - The .bam file refers to a chromosome 'KI270330.1+' not present in the annotation (.gtf) file
2020-08-27 18:23:58,047 - WARNING - The .bam file refers to a chromosome 'KI270330.1-' not present in the annotation (.gtf) file
2020-08-27 18:23:58,049 - DEBUG - Marking up chromosome KI270466.1
2020-08-27 18:23:58,049 - WARNING - The .bam file refers to a chromosome 'KI270466.1+' not present in the annotation (.gtf) file
2020-08-27 18:23:58,049 - WARNING - The .bam file refers to a chromosome 'KI270466.1-' not present in the annotation (.gtf) file
2020-08-27 18:24:04,012 - DEBUG - End of file. Reset index: start scanning from initial position.
2020-08-27 18:24:04,013 - DEBUG - 799292 reads were skipped because no apropiate cell or umi barcode was found
2020-08-27 18:24:04,013 - DEBUG - Start molecule counting!
2020-08-27 18:24:08,078 - DEBUG - Features available for chromosomes : ['1-', '1+', '10-', '10+', '11-', '11+', '12-', '12+', '13-', '13+', '14-', '14+', '15-', '15+', '16-', '16+', '17-', '17+', '18-', '18+', '19-', '19+', '2-', '2+', '20-', '20+', '21-', '21+', '22-', '22+', '3-', '3+', '4-', '4+', '5-', '5+', '6-', '6+', '7-', '7+', '8-', '8+', '9-', '9+', 'GL000009.2-', 'GL000194.1-', 'GL000195.1-', 'GL000195.1+', 'GL000205.2-', 'GL000213.1-', 'GL000218.1-', 'GL000219.1-', 'KI270711.1-', 'KI270713.1-', 'KI270713.1+', 'KI270721.1+', 'KI270726.1+', 'KI270727.1-', 'KI270727.1+', 'KI270728.1-', 'KI270728.1+', 'KI270731.1-', 'KI270734.1-', 'KI270734.1+', 'MT-', 'MT+', 'X-', 'X+', 'Y-', 'Y+']
2020-08-27 18:24:08,079 - DEBUG - Mask available for chromosomes : []
2020-08-27 18:24:08,079 - DEBUG - Summarizing the results of intron validation.
2020-08-27 18:24:08,669 - DEBUG - Validated 168670 introns (of which unique intervals 53521) out of 996444 total possible introns (considering each possible transcript models).
2020-08-27 18:24:08,670 - DEBUG - Reading /net/isi-dcnl/ifs/user_data/abild/Megatron_data/COH047/FEL023024.mRNA/FEL024_count03/FEL024_S/outs/cellsorted_possorted_genome_bam.bam
2020-08-27 18:24:08,716 - DEBUG - Read first 0 million reads
2020-08-27 18:24:43,553 - DEBUG - Read first 10 million reads
2020-08-27 18:25:14,036 - DEBUG - Counting for batch 1, containing 100 cells and 1427800 reads
2020-08-27 18:26:02,631 - DEBUG - 0 reads not considered because fully enclosed in repeat masked regions
2020-08-27 18:26:17,670 - DEBUG - Read first 20 million reads
2020-08-27 18:26:59,896 - DEBUG - Read first 30 million reads
2020-08-27 18:27:02,201 - DEBUG - Counting for batch 2, containing 100 cells and 1636740 reads
2020-08-27 18:27:57,506 - DEBUG - 0 reads not considered because fully enclosed in repeat masked regions
2020-08-27 18:28:43,124 - DEBUG - Read first 40 million reads
2020-08-27 18:29:00,175 - DEBUG - Counting for batch 3, containing 100 cells and 1673277 reads
2020-08-27 18:29:56,698 - DEBUG - 0 reads not considered because fully enclosed in repeat masked regions
2020-08-27 18:30:27,794 - DEBUG - Read first 50 million reads
2020-08-27 18:31:05,334 - DEBUG - Counting for batch 4, containing 100 cells and 1687597 reads
2020-08-27 18:32:01,322 - DEBUG - 0 reads not considered because fully enclosed in repeat masked regions
2020-08-27 18:32:11,376 - DEBUG - Read first 60 million reads
2020-08-27 18:32:52,278 - DEBUG - Read first 70 million reads
2020-08-27 18:33:03,988 - DEBUG - Counting for batch 5, containing 100 cells and 1281790 reads
2020-08-27 18:33:51,008 - DEBUG - 0 reads not considered because fully enclosed in repeat masked regions
2020-08-27 18:34:05,744 - DEBUG - Counting for batch 6, containing 14 cells and 350942 reads
2020-08-27 18:34:17,423 - DEBUG - 0 reads not considered because fully enclosed in repeat masked regions
2020-08-27 18:34:19,200 - DEBUG - 799292 reads were skipped because no apropiate cell or umi barcode was found
2020-08-27 18:34:19,200 - DEBUG - Counting done!
2020-08-27 18:34:19,210 - DEBUG - Generating output file /net/isi-dcnl/ifs/user_data/abild/Megatron_data/COH047/FEL023024.mRNA/FEL024_count03/FEL024_S/velocyto/FEL024_S.loom
2020-08-27 18:34:19,210 - DEBUG - Collecting row attributes
2020-08-27 18:34:19,308 - DEBUG - Generating data table
2020-08-27 18:34:19,508 - DEBUG - Writing loom file
2020-08-27 18:34:20,946 - DEBUG - Terminated Succesfully!
Start: 1598577454
End: 1598578463
Run time: 1009
Done
