CPU: 16
N: 19
Step1: Analyze spliced and unspliced reads and genrate a loom file for velocityR
Run velocyto to generate loom file
2020-08-27 16:31:03,654 - DEBUG - Using logic: Default
2020-08-27 16:31:03,659 - INFO - Read 2027 cell barcodes from /net/isi-dcnl/ifs/user_data/abild/Megatron_data/COH049/FEL017022.mRNA/feline_p1722.10x.counts/FEL017_E/outs/filtered_feature_bc_matrix/barcodes.tsv.gz
2020-08-27 16:31:03,660 - DEBUG - Example of barcode: AAACCCAAGACGACTG and cell_id: FEL017_E:AAACCCAAGACGACTG-1
2020-08-27 16:31:03,687 - DEBUG - Peeking into /net/isi-dcnl/ifs/user_data/abild/Megatron_data/COH049/FEL017022.mRNA/feline_p1722.10x.counts/FEL017_E/outs/possorted_genome_bam.bam
2020-08-27 16:31:03,717 - WARNING - Not found cell and umi barcode in entry 1 of the bam file
2020-08-27 16:31:03,717 - WARNING - Not found cell and umi barcode in entry 2 of the bam file
2020-08-27 16:31:03,717 - WARNING - Not found cell and umi barcode in entry 3 of the bam file
2020-08-27 16:31:03,718 - WARNING - Not found cell and umi barcode in entry 27 of the bam file
2020-08-27 16:31:03,718 - WARNING - Not found cell and umi barcode in entry 29 of the bam file
2020-08-27 16:31:03,718 - WARNING - Not found cell and umi barcode in entry 30 of the bam file
2020-08-27 16:31:03,718 - WARNING - Not found cell and umi barcode in entry 34 of the bam file
2020-08-27 16:31:03,718 - WARNING - Not found cell and umi barcode in entry 35 of the bam file
2020-08-27 16:31:03,718 - WARNING - Not found cell and umi barcode in entry 36 of the bam file
2020-08-27 16:31:03,718 - WARNING - Not found cell and umi barcode in entry 48 of the bam file
2020-08-27 16:31:03,718 - WARNING - Not found cell and umi barcode in entry 54 of the bam file
2020-08-27 16:31:03,719 - WARNING - Not found cell and umi barcode in entry 299 of the bam file
2020-08-27 16:31:03,720 - WARNING - Not found cell and umi barcode in entry 472 of the bam file
2020-08-27 16:31:03,720 - WARNING - Not found cell and umi barcode in entry 601 of the bam file
2020-08-27 16:31:03,720 - WARNING - Not found cell and umi barcode in entry 602 of the bam file
2020-08-27 16:31:03,720 - WARNING - Not found cell and umi barcode in entry 603 of the bam file
2020-08-27 16:31:03,720 - WARNING - Not found cell and umi barcode in entry 604 of the bam file
2020-08-27 16:31:03,720 - WARNING - Not found cell and umi barcode in entry 605 of the bam file
2020-08-27 16:31:03,722 - WARNING - Not found cell and umi barcode in entry 836 of the bam file
2020-08-27 16:31:03,722 - WARNING - Not found cell and umi barcode in entry 837 of the bam file
2020-08-27 16:31:03,722 - WARNING - Not found cell and umi barcode in entry 838 of the bam file
2020-08-27 16:31:03,722 - WARNING - Not found cell and umi barcode in entry 954 of the bam file
2020-08-27 16:31:03,723 - WARNING - Not found cell and umi barcode in entry 1016 of the bam file
2020-08-27 16:31:03,728 - WARNING - The file /net/isi-dcnl/ifs/user_data/abild/Megatron_data/COH049/FEL017022.mRNA/feline_p1722.10x.counts/FEL017_E/outs/cellsorted_possorted_genome_bam.bam already exists. The sorting step will be skipped and the existing file will be used.
2020-08-27 16:31:03,728 - INFO - Load the annotation from /net/isi-dcnl/ifs/user_data/abild/Genomes/refdata-cellranger-GRCh38-3.0.0/genes/genes.gtf
2020-08-27 16:31:11,976 - DEBUG - Parsing Chromosome 1 strand - [line 0]
2020-08-27 16:31:12,611 - DEBUG - Done with 1- [line 108728]
2020-08-27 16:31:12,611 - DEBUG - Assigning indexes to genes
2020-08-27 16:31:12,621 - DEBUG - Seen 1561 genes until now
2020-08-27 16:31:12,621 - DEBUG - Parsing Chromosome 1 strand + [line 108729]
2020-08-27 16:31:13,712 - DEBUG - Done with 1+ [line 232515]
2020-08-27 16:31:13,712 - DEBUG - Assigning indexes to genes
2020-08-27 16:31:13,724 - DEBUG - Seen 3154 genes until now
2020-08-27 16:31:13,724 - DEBUG - Parsing Chromosome 10 strand - [line 232516]
2020-08-27 16:31:13,927 - DEBUG - Done with 10- [line 279343]
2020-08-27 16:31:13,927 - DEBUG - Assigning indexes to genes
2020-08-27 16:31:13,930 - DEBUG - Seen 3737 genes until now
2020-08-27 16:31:13,930 - DEBUG - Parsing Chromosome 10 strand + [line 279344]
2020-08-27 16:31:14,116 - DEBUG - Done with 10+ [line 323872]
2020-08-27 16:31:14,116 - DEBUG - Assigning indexes to genes
2020-08-27 16:31:14,120 - DEBUG - Seen 4384 genes until now
2020-08-27 16:31:14,120 - DEBUG - Parsing Chromosome 11 strand - [line 323873]
2020-08-27 16:31:14,708 - DEBUG - Done with 11- [line 402908]
2020-08-27 16:31:14,708 - DEBUG - Assigning indexes to genes
2020-08-27 16:31:14,715 - DEBUG - Seen 5320 genes until now
2020-08-27 16:31:14,715 - DEBUG - Parsing Chromosome 11 strand + [line 402909]
2020-08-27 16:31:15,375 - DEBUG - Done with 11+ [line 482591]
2020-08-27 16:31:15,375 - DEBUG - Assigning indexes to genes
2020-08-27 16:31:15,385 - DEBUG - Seen 6305 genes until now
2020-08-27 16:31:15,385 - DEBUG - Parsing Chromosome 12 strand - [line 482592]
2020-08-27 16:31:15,717 - DEBUG - Done with 12- [line 559278]
2020-08-27 16:31:15,717 - DEBUG - Assigning indexes to genes
2020-08-27 16:31:15,723 - DEBUG - Seen 7177 genes until now
2020-08-27 16:31:15,723 - DEBUG - Parsing Chromosome 12 strand + [line 559279]
2020-08-27 16:31:16,037 - DEBUG - Done with 12+ [line 635173]
2020-08-27 16:31:16,037 - DEBUG - Assigning indexes to genes
2020-08-27 16:31:16,044 - DEBUG - Seen 8070 genes until now
2020-08-27 16:31:16,044 - DEBUG - Parsing Chromosome 13 strand - [line 635174]
2020-08-27 16:31:16,449 - DEBUG - Done with 13- [line 653523]
2020-08-27 16:31:16,449 - DEBUG - Assigning indexes to genes
2020-08-27 16:31:16,451 - DEBUG - Seen 8400 genes until now
2020-08-27 16:31:16,451 - DEBUG - Parsing Chromosome 13 strand + [line 653524]
2020-08-27 16:31:16,535 - DEBUG - Done with 13+ [line 673091]
2020-08-27 16:31:16,535 - DEBUG - Assigning indexes to genes
2020-08-27 16:31:16,537 - DEBUG - Seen 8736 genes until now
2020-08-27 16:31:16,537 - DEBUG - Parsing Chromosome 14 strand - [line 673092]
2020-08-27 16:31:16,722 - DEBUG - Done with 14- [line 716831]
2020-08-27 16:31:16,722 - DEBUG - Assigning indexes to genes
2020-08-27 16:31:16,726 - DEBUG - Seen 9452 genes until now
2020-08-27 16:31:16,726 - DEBUG - Parsing Chromosome 14 strand + [line 716832]
2020-08-27 16:31:16,926 - DEBUG - Done with 14+ [line 764942]
2020-08-27 16:31:16,926 - DEBUG - Assigning indexes to genes
2020-08-27 16:31:16,930 - DEBUG - Seen 10121 genes until now
2020-08-27 16:31:16,930 - DEBUG - Parsing Chromosome 15 strand - [line 764943]
2020-08-27 16:31:17,139 - DEBUG - Done with 15- [line 813803]
2020-08-27 16:31:17,139 - DEBUG - Assigning indexes to genes
2020-08-27 16:31:17,142 - DEBUG - Seen 10698 genes until now
2020-08-27 16:31:17,142 - DEBUG - Parsing Chromosome 15 strand + [line 813804]
2020-08-27 16:31:17,327 - DEBUG - Done with 15+ [line 857859]
2020-08-27 16:31:17,327 - DEBUG - Assigning indexes to genes
2020-08-27 16:31:17,330 - DEBUG - Seen 11256 genes until now
2020-08-27 16:31:17,330 - DEBUG - Parsing Chromosome 16 strand - [line 857860]
2020-08-27 16:31:17,951 - DEBUG - Done with 16- [line 911118]
2020-08-27 16:31:17,952 - DEBUG - Assigning indexes to genes
2020-08-27 16:31:17,956 - DEBUG - Seen 11998 genes until now
2020-08-27 16:31:17,956 - DEBUG - Parsing Chromosome 16 strand + [line 911119]
2020-08-27 16:31:18,251 - DEBUG - Done with 16+ [line 981663]
2020-08-27 16:31:18,251 - DEBUG - Assigning indexes to genes
2020-08-27 16:31:18,257 - DEBUG - Seen 12787 genes until now
2020-08-27 16:31:18,257 - DEBUG - Parsing Chromosome 17 strand - [line 981664]
2020-08-27 16:31:18,617 - DEBUG - Done with 17- [line 1066635]
2020-08-27 16:31:18,618 - DEBUG - Assigning indexes to genes
2020-08-27 16:31:18,626 - DEBUG - Seen 13775 genes until now
2020-08-27 16:31:18,626 - DEBUG - Parsing Chromosome 17 strand + [line 1066636]
2020-08-27 16:31:19,391 - DEBUG - Done with 17+ [line 1143834]
2020-08-27 16:31:19,391 - DEBUG - Assigning indexes to genes
2020-08-27 16:31:19,400 - DEBUG - Seen 14681 genes until now
2020-08-27 16:31:19,400 - DEBUG - Parsing Chromosome 18 strand - [line 1143835]
2020-08-27 16:31:19,505 - DEBUG - Done with 18- [line 1168496]
2020-08-27 16:31:19,505 - DEBUG - Assigning indexes to genes
2020-08-27 16:31:19,507 - DEBUG - Seen 15006 genes until now
2020-08-27 16:31:19,507 - DEBUG - Parsing Chromosome 18 strand + [line 1168497]
2020-08-27 16:31:19,595 - DEBUG - Done with 18+ [line 1189691]
2020-08-27 16:31:19,595 - DEBUG - Assigning indexes to genes
2020-08-27 16:31:19,597 - DEBUG - Seen 15343 genes until now
2020-08-27 16:31:19,597 - DEBUG - Parsing Chromosome 19 strand - [line 1189692]
2020-08-27 16:31:19,921 - DEBUG - Done with 19- [line 1268854]
2020-08-27 16:31:19,921 - DEBUG - Assigning indexes to genes
2020-08-27 16:31:19,928 - DEBUG - Seen 16352 genes until now
2020-08-27 16:31:19,928 - DEBUG - Parsing Chromosome 19 strand + [line 1268855]
2020-08-27 16:31:20,260 - DEBUG - Done with 19+ [line 1351833]
2020-08-27 16:31:20,260 - DEBUG - Assigning indexes to genes
2020-08-27 16:31:20,267 - DEBUG - Seen 17347 genes until now
2020-08-27 16:31:20,267 - DEBUG - Parsing Chromosome 2 strand - [line 1351834]
2020-08-27 16:31:20,687 - DEBUG - Done with 2- [line 1448710]
2020-08-27 16:31:20,687 - DEBUG - Assigning indexes to genes
2020-08-27 16:31:20,696 - DEBUG - Seen 18472 genes until now
2020-08-27 16:31:20,696 - DEBUG - Parsing Chromosome 2 strand + [line 1448711]
2020-08-27 16:31:21,640 - DEBUG - Done with 2+ [line 1542602]
2020-08-27 16:31:21,640 - DEBUG - Assigning indexes to genes
2020-08-27 16:31:21,649 - DEBUG - Seen 19632 genes until now
2020-08-27 16:31:21,649 - DEBUG - Parsing Chromosome 20 strand - [line 1542603]
2020-08-27 16:31:21,760 - DEBUG - Done with 20- [line 1569195]
2020-08-27 16:31:21,760 - DEBUG - Assigning indexes to genes
2020-08-27 16:31:21,762 - DEBUG - Seen 20079 genes until now
2020-08-27 16:31:21,762 - DEBUG - Parsing Chromosome 20 strand + [line 1569196]
2020-08-27 16:31:21,892 - DEBUG - Done with 20+ [line 1600541]
2020-08-27 16:31:21,892 - DEBUG - Assigning indexes to genes
2020-08-27 16:31:21,894 - DEBUG - Seen 20527 genes until now
2020-08-27 16:31:21,894 - DEBUG - Parsing Chromosome 21 strand - [line 1600542]
2020-08-27 16:31:21,953 - DEBUG - Done with 21- [line 1614106]
2020-08-27 16:31:21,953 - DEBUG - Assigning indexes to genes
2020-08-27 16:31:21,954 - DEBUG - Seen 20795 genes until now
2020-08-27 16:31:21,954 - DEBUG - Parsing Chromosome 21 strand + [line 1614107]
2020-08-27 16:31:22,016 - DEBUG - Done with 21+ [line 1628392]
2020-08-27 16:31:22,016 - DEBUG - Assigning indexes to genes
2020-08-27 16:31:22,017 - DEBUG - Seen 21029 genes until now
2020-08-27 16:31:22,017 - DEBUG - Parsing Chromosome 22 strand - [line 1628393]
2020-08-27 16:31:22,124 - DEBUG - Done with 22- [line 1653805]
2020-08-27 16:31:22,124 - DEBUG - Assigning indexes to genes
2020-08-27 16:31:22,127 - DEBUG - Seen 21391 genes until now
2020-08-27 16:31:22,127 - DEBUG - Parsing Chromosome 22 strand + [line 1653806]
2020-08-27 16:31:22,253 - DEBUG - Done with 22+ [line 1684245]
2020-08-27 16:31:22,253 - DEBUG - Assigning indexes to genes
2020-08-27 16:31:22,257 - DEBUG - Seen 21866 genes until now
2020-08-27 16:31:22,257 - DEBUG - Parsing Chromosome 3 strand - [line 1684246]
2020-08-27 16:31:22,594 - DEBUG - Done with 3- [line 1763939]
2020-08-27 16:31:22,594 - DEBUG - Assigning indexes to genes
2020-08-27 16:31:22,601 - DEBUG - Seen 22713 genes until now
2020-08-27 16:31:22,601 - DEBUG - Parsing Chromosome 3 strand + [line 1763940]
2020-08-27 16:31:22,939 - DEBUG - Done with 3+ [line 1844840]
2020-08-27 16:31:22,939 - DEBUG - Assigning indexes to genes
2020-08-27 16:31:22,946 - DEBUG - Seen 23585 genes until now
2020-08-27 16:31:22,946 - DEBUG - Parsing Chromosome 4 strand - [line 1844841]
2020-08-27 16:31:23,808 - DEBUG - Done with 4- [line 1898665]
2020-08-27 16:31:23,809 - DEBUG - Assigning indexes to genes
2020-08-27 16:31:23,813 - DEBUG - Seen 24246 genes until now
2020-08-27 16:31:23,813 - DEBUG - Parsing Chromosome 4 strand + [line 1898666]
2020-08-27 16:31:24,014 - DEBUG - Done with 4+ [line 1947617]
2020-08-27 16:31:24,015 - DEBUG - Assigning indexes to genes
2020-08-27 16:31:24,019 - DEBUG - Seen 24938 genes until now
2020-08-27 16:31:24,019 - DEBUG - Parsing Chromosome 5 strand - [line 1947618]
2020-08-27 16:31:24,246 - DEBUG - Done with 5- [line 2001140]
2020-08-27 16:31:24,246 - DEBUG - Assigning indexes to genes
2020-08-27 16:31:24,251 - DEBUG - Seen 25741 genes until now
2020-08-27 16:31:24,251 - DEBUG - Parsing Chromosome 5 strand + [line 2001141]
2020-08-27 16:31:24,504 - DEBUG - Done with 5+ [line 2062165]
2020-08-27 16:31:24,504 - DEBUG - Assigning indexes to genes
2020-08-27 16:31:24,509 - DEBUG - Seen 26599 genes until now
2020-08-27 16:31:24,509 - DEBUG - Parsing Chromosome 6 strand - [line 2062166]
2020-08-27 16:31:24,757 - DEBUG - Done with 6- [line 2121425]
2020-08-27 16:31:24,757 - DEBUG - Assigning indexes to genes
2020-08-27 16:31:24,762 - DEBUG - Seen 27435 genes until now
2020-08-27 16:31:24,762 - DEBUG - Parsing Chromosome 6 strand + [line 2121426]
2020-08-27 16:31:24,991 - DEBUG - Done with 6+ [line 2176078]
2020-08-27 16:31:24,991 - DEBUG - Assigning indexes to genes
2020-08-27 16:31:24,996 - DEBUG - Seen 28231 genes until now
2020-08-27 16:31:24,996 - DEBUG - Parsing Chromosome 7 strand - [line 2176079]
2020-08-27 16:31:25,241 - DEBUG - Done with 7- [line 2233605]
2020-08-27 16:31:25,241 - DEBUG - Assigning indexes to genes
2020-08-27 16:31:25,245 - DEBUG - Seen 28953 genes until now
2020-08-27 16:31:25,245 - DEBUG - Parsing Chromosome 7 strand + [line 2233606]
2020-08-27 16:31:25,501 - DEBUG - Done with 7+ [line 2295513]
2020-08-27 16:31:25,501 - DEBUG - Assigning indexes to genes
2020-08-27 16:31:25,507 - DEBUG - Seen 29770 genes until now
2020-08-27 16:31:25,507 - DEBUG - Parsing Chromosome 8 strand - [line 2295514]
2020-08-27 16:31:25,705 - DEBUG - Done with 8- [line 2343289]
2020-08-27 16:31:25,705 - DEBUG - Assigning indexes to genes
2020-08-27 16:31:25,709 - DEBUG - Seen 30442 genes until now
2020-08-27 16:31:25,709 - DEBUG - Parsing Chromosome 8 strand + [line 2343290]
2020-08-27 16:31:25,889 - DEBUG - Done with 8+ [line 2386793]
2020-08-27 16:31:25,889 - DEBUG - Assigning indexes to genes
2020-08-27 16:31:25,893 - DEBUG - Seen 31090 genes until now
2020-08-27 16:31:25,893 - DEBUG - Parsing Chromosome 9 strand - [line 2386794]
2020-08-27 16:31:26,833 - DEBUG - Done with 9- [line 2430389]
2020-08-27 16:31:26,833 - DEBUG - Assigning indexes to genes
2020-08-27 16:31:26,837 - DEBUG - Seen 31710 genes until now
2020-08-27 16:31:26,837 - DEBUG - Parsing Chromosome 9 strand + [line 2430390]
2020-08-27 16:31:27,033 - DEBUG - Done with 9+ [line 2477312]
2020-08-27 16:31:27,033 - DEBUG - Assigning indexes to genes
2020-08-27 16:31:27,037 - DEBUG - Seen 32318 genes until now
2020-08-27 16:31:27,037 - DEBUG - Parsing Chromosome GL000009.2 strand - [line 2477313]
2020-08-27 16:31:27,037 - DEBUG - Done with GL000009.2- [line 2477320]
2020-08-27 16:31:27,037 - DEBUG - Assigning indexes to genes
2020-08-27 16:31:27,037 - DEBUG - Seen 32319 genes until now
2020-08-27 16:31:27,037 - DEBUG - Parsing Chromosome GL000194.1 strand - [line 2477321]
2020-08-27 16:31:27,037 - DEBUG - Done with GL000194.1- [line 2477346]
2020-08-27 16:31:27,037 - DEBUG - Assigning indexes to genes
2020-08-27 16:31:27,037 - DEBUG - Seen 32321 genes until now
2020-08-27 16:31:27,037 - DEBUG - Parsing Chromosome GL000195.1 strand - [line 2477347]
2020-08-27 16:31:27,037 - DEBUG - Done with GL000195.1- [line 2477356]
2020-08-27 16:31:27,037 - DEBUG - Assigning indexes to genes
2020-08-27 16:31:27,038 - DEBUG - Seen 32322 genes until now
2020-08-27 16:31:27,038 - DEBUG - Parsing Chromosome GL000195.1 strand + [line 2477357]
2020-08-27 16:31:27,038 - DEBUG - Done with GL000195.1+ [line 2477370]
2020-08-27 16:31:27,038 - DEBUG - Assigning indexes to genes
2020-08-27 16:31:27,038 - DEBUG - Seen 32323 genes until now
2020-08-27 16:31:27,038 - DEBUG - Parsing Chromosome GL000205.2 strand - [line 2477371]
2020-08-27 16:31:27,038 - DEBUG - Done with GL000205.2- [line 2477384]
2020-08-27 16:31:27,038 - DEBUG - Assigning indexes to genes
2020-08-27 16:31:27,038 - DEBUG - Seen 32324 genes until now
2020-08-27 16:31:27,038 - DEBUG - Parsing Chromosome GL000213.1 strand - [line 2477385]
2020-08-27 16:31:27,038 - DEBUG - Done with GL000213.1- [line 2477433]
2020-08-27 16:31:27,038 - DEBUG - Assigning indexes to genes
2020-08-27 16:31:27,038 - DEBUG - Seen 32325 genes until now
2020-08-27 16:31:27,038 - DEBUG - Parsing Chromosome GL000218.1 strand - [line 2477434]
2020-08-27 16:31:27,038 - DEBUG - Done with GL000218.1- [line 2477441]
2020-08-27 16:31:27,038 - DEBUG - Assigning indexes to genes
2020-08-27 16:31:27,038 - DEBUG - Seen 32326 genes until now
2020-08-27 16:31:27,039 - DEBUG - Parsing Chromosome GL000219.1 strand - [line 2477442]
2020-08-27 16:31:27,039 - DEBUG - Done with GL000219.1- [line 2477453]
2020-08-27 16:31:27,039 - DEBUG - Assigning indexes to genes
2020-08-27 16:31:27,039 - DEBUG - Seen 32327 genes until now
2020-08-27 16:31:27,039 - DEBUG - Parsing Chromosome KI270711.1 strand - [line 2477454]
2020-08-27 16:31:27,039 - DEBUG - Done with KI270711.1- [line 2477604]
2020-08-27 16:31:27,039 - DEBUG - Assigning indexes to genes
2020-08-27 16:31:27,040 - DEBUG - Seen 32328 genes until now
2020-08-27 16:31:27,040 - DEBUG - Parsing Chromosome KI270713.1 strand - [line 2477605]
2020-08-27 16:31:27,040 - DEBUG - Done with KI270713.1- [line 2477612]
2020-08-27 16:31:27,040 - DEBUG - Assigning indexes to genes
2020-08-27 16:31:27,040 - DEBUG - Seen 32329 genes until now
2020-08-27 16:31:27,040 - DEBUG - Parsing Chromosome KI270713.1 strand + [line 2477613]
2020-08-27 16:31:27,040 - DEBUG - Done with KI270713.1+ [line 2477618]
2020-08-27 16:31:27,040 - DEBUG - Assigning indexes to genes
2020-08-27 16:31:27,040 - DEBUG - Seen 32330 genes until now
2020-08-27 16:31:27,040 - DEBUG - Parsing Chromosome KI270721.1 strand + [line 2477619]
2020-08-27 16:31:27,040 - DEBUG - Done with KI270721.1+ [line 2477634]
2020-08-27 16:31:27,040 - DEBUG - Assigning indexes to genes
2020-08-27 16:31:27,040 - DEBUG - Seen 32331 genes until now
2020-08-27 16:31:27,040 - DEBUG - Parsing Chromosome KI270726.1 strand + [line 2477635]
2020-08-27 16:31:27,040 - DEBUG - Done with KI270726.1+ [line 2477645]
2020-08-27 16:31:27,040 - DEBUG - Assigning indexes to genes
2020-08-27 16:31:27,040 - DEBUG - Seen 32333 genes until now
2020-08-27 16:31:27,040 - DEBUG - Parsing Chromosome KI270727.1 strand - [line 2477646]
2020-08-27 16:31:27,041 - DEBUG - Done with KI270727.1- [line 2477704]
2020-08-27 16:31:27,041 - DEBUG - Assigning indexes to genes
2020-08-27 16:31:27,041 - DEBUG - Seen 32335 genes until now
2020-08-27 16:31:27,041 - DEBUG - Parsing Chromosome KI270727.1 strand + [line 2477705]
2020-08-27 16:31:27,041 - DEBUG - Done with KI270727.1+ [line 2477719]
2020-08-27 16:31:27,041 - DEBUG - Assigning indexes to genes
2020-08-27 16:31:27,041 - DEBUG - Seen 32337 genes until now
2020-08-27 16:31:27,041 - DEBUG - Parsing Chromosome KI270728.1 strand - [line 2477720]
2020-08-27 16:31:27,041 - DEBUG - Done with KI270728.1- [line 2477796]
2020-08-27 16:31:27,041 - DEBUG - Assigning indexes to genes
2020-08-27 16:31:27,041 - DEBUG - Seen 32339 genes until now
2020-08-27 16:31:27,041 - DEBUG - Parsing Chromosome KI270728.1 strand + [line 2477797]
2020-08-27 16:31:27,042 - DEBUG - Done with KI270728.1+ [line 2477833]
2020-08-27 16:31:27,042 - DEBUG - Assigning indexes to genes
2020-08-27 16:31:27,042 - DEBUG - Seen 32343 genes until now
2020-08-27 16:31:27,042 - DEBUG - Parsing Chromosome KI270731.1 strand - [line 2477834]
2020-08-27 16:31:27,042 - DEBUG - Done with KI270731.1- [line 2477840]
2020-08-27 16:31:27,042 - DEBUG - Assigning indexes to genes
2020-08-27 16:31:27,042 - DEBUG - Seen 32344 genes until now
2020-08-27 16:31:27,042 - DEBUG - Parsing Chromosome KI270734.1 strand - [line 2477841]
2020-08-27 16:31:27,042 - DEBUG - Done with KI270734.1- [line 2477909]
2020-08-27 16:31:27,042 - DEBUG - Assigning indexes to genes
2020-08-27 16:31:27,042 - DEBUG - Seen 32345 genes until now
2020-08-27 16:31:27,042 - DEBUG - Parsing Chromosome KI270734.1 strand + [line 2477910]
2020-08-27 16:31:27,042 - DEBUG - Done with KI270734.1+ [line 2477932]
2020-08-27 16:31:27,043 - DEBUG - Assigning indexes to genes
2020-08-27 16:31:27,043 - DEBUG - Seen 32347 genes until now
2020-08-27 16:31:27,043 - DEBUG - Parsing Chromosome MT strand - [line 2477933]
2020-08-27 16:31:27,043 - DEBUG - Done with MT- [line 2477938]
2020-08-27 16:31:27,043 - DEBUG - Assigning indexes to genes
2020-08-27 16:31:27,043 - DEBUG - Seen 32348 genes until now
2020-08-27 16:31:27,043 - DEBUG - Parsing Chromosome MT strand + [line 2477939]
2020-08-27 16:31:27,043 - DEBUG - Done with MT+ [line 2478004]
2020-08-27 16:31:27,043 - DEBUG - Assigning indexes to genes
2020-08-27 16:31:27,043 - DEBUG - Seen 32360 genes until now
2020-08-27 16:31:27,043 - DEBUG - Parsing Chromosome X strand - [line 2478005]
2020-08-27 16:31:27,211 - DEBUG - Done with X- [line 2518937]
2020-08-27 16:31:27,211 - DEBUG - Assigning indexes to genes
2020-08-27 16:31:27,214 - DEBUG - Seen 32876 genes until now
2020-08-27 16:31:27,214 - DEBUG - Parsing Chromosome X strand + [line 2518938]
2020-08-27 16:31:27,381 - DEBUG - Done with X+ [line 2560301]
2020-08-27 16:31:27,381 - DEBUG - Assigning indexes to genes
2020-08-27 16:31:27,384 - DEBUG - Seen 33438 genes until now
2020-08-27 16:31:27,384 - DEBUG - Parsing Chromosome Y strand - [line 2560302]
2020-08-27 16:31:27,394 - DEBUG - Done with Y- [line 2562446]
2020-08-27 16:31:27,394 - DEBUG - Assigning indexes to genes
2020-08-27 16:31:27,394 - DEBUG - Seen 33485 genes until now
2020-08-27 16:31:27,394 - DEBUG - Parsing Chromosome Y strand + [line 2562447]
2020-08-27 16:31:27,405 - DEBUG - Assigning indexes to genes
2020-08-27 16:31:27,405 - DEBUG - Done with Y+ [line 2565059]
2020-08-27 16:31:27,405 - DEBUG - Fixing corner cases of transcript models containg intron longer than 1000Kbp
2020-08-27 16:31:29,310 - DEBUG - Generated 2165800 features corresponding to 172912 transcript models from /net/isi-dcnl/ifs/user_data/abild/Genomes/refdata-cellranger-GRCh38-3.0.0/genes/genes.gtf
2020-08-27 16:31:29,348 - INFO - Scan /net/isi-dcnl/ifs/user_data/abild/Megatron_data/COH049/FEL017022.mRNA/feline_p1722.10x.counts/FEL017_E/outs/possorted_genome_bam.bam to validate intron intervals
2020-08-27 16:31:33,366 - DEBUG - Reading /net/isi-dcnl/ifs/user_data/abild/Megatron_data/COH049/FEL017022.mRNA/feline_p1722.10x.counts/FEL017_E/outs/possorted_genome_bam.bam
2020-08-27 16:31:33,385 - DEBUG - Read first 0 million reads
2020-08-27 16:31:33,386 - DEBUG - Marking up chromosome 1
2020-08-27 16:33:12,051 - DEBUG - Read first 10 million reads
2020-08-27 16:34:28,904 - DEBUG - Marking up chromosome 10
2020-08-27 16:35:01,241 - DEBUG - Read first 20 million reads
2020-08-27 16:35:50,478 - DEBUG - Marking up chromosome 11
2020-08-27 16:37:00,096 - DEBUG - Read first 30 million reads
2020-08-27 16:39:12,194 - DEBUG - Marking up chromosome 12
2020-08-27 16:39:25,321 - DEBUG - Read first 40 million reads
2020-08-27 16:40:28,981 - DEBUG - Marking up chromosome 13
2020-08-27 16:40:55,118 - DEBUG - Marking up chromosome 14
2020-08-27 16:41:14,288 - DEBUG - Read first 50 million reads
2020-08-27 16:41:38,120 - DEBUG - Marking up chromosome 15
2020-08-27 16:42:38,635 - DEBUG - Marking up chromosome 16
2020-08-27 16:43:01,687 - DEBUG - Read first 60 million reads
2020-08-27 16:43:31,133 - DEBUG - Marking up chromosome 17
2020-08-27 16:44:37,236 - DEBUG - Marking up chromosome 18
2020-08-27 16:44:45,760 - DEBUG - Read first 70 million reads
2020-08-27 16:45:08,404 - DEBUG - Marking up chromosome 19
2020-08-27 16:46:09,480 - DEBUG - Marking up chromosome 2
2020-08-27 16:46:41,578 - DEBUG - Read first 80 million reads
2020-08-27 16:48:21,181 - DEBUG - Marking up chromosome 20
2020-08-27 16:48:29,935 - DEBUG - Read first 90 million reads
2020-08-27 16:49:08,301 - DEBUG - Marking up chromosome 21
2020-08-27 16:49:22,882 - DEBUG - Read first 100 million reads
2020-08-27 16:49:48,059 - DEBUG - Marking up chromosome 22
2020-08-27 16:50:22,584 - DEBUG - Marking up chromosome 3
2020-08-27 16:50:49,405 - DEBUG - Read first 110 million reads
2020-08-27 16:52:01,061 - DEBUG - Marking up chromosome 4
2020-08-27 16:52:44,987 - DEBUG - Read first 120 million reads
2020-08-27 16:53:11,180 - DEBUG - Marking up chromosome 5
2020-08-27 16:54:19,141 - DEBUG - Read first 130 million reads
2020-08-27 16:54:36,285 - DEBUG - Marking up chromosome 6
2020-08-27 16:55:56,187 - DEBUG - Marking up chromosome 7
2020-08-27 16:56:02,880 - DEBUG - Read first 140 million reads
2020-08-27 16:57:25,372 - DEBUG - Marking up chromosome 8
2020-08-27 16:57:41,380 - DEBUG - Read first 150 million reads
2020-08-27 16:58:54,809 - DEBUG - Marking up chromosome 9
2020-08-27 16:59:34,874 - DEBUG - Read first 160 million reads
2020-08-27 17:00:07,323 - DEBUG - Marking up chromosome MT
2020-08-27 17:00:12,220 - DEBUG - Marking up chromosome X
2020-08-27 17:01:00,837 - DEBUG - Marking up chromosome Y
2020-08-27 17:01:01,013 - DEBUG - Marking up chromosome KI270728.1
2020-08-27 17:01:01,021 - DEBUG - Marking up chromosome KI270727.1
2020-08-27 17:01:01,038 - DEBUG - Marking up chromosome KI270442.1
2020-08-27 17:01:01,039 - WARNING - The .bam file refers to a chromosome 'KI270442.1+' not present in the annotation (.gtf) file
2020-08-27 17:01:01,039 - WARNING - The .bam file refers to a chromosome 'KI270442.1-' not present in the annotation (.gtf) file
2020-08-27 17:01:01,046 - DEBUG - Marking up chromosome KI270729.1
2020-08-27 17:01:01,046 - WARNING - The .bam file refers to a chromosome 'KI270729.1+' not present in the annotation (.gtf) file
2020-08-27 17:01:01,046 - WARNING - The .bam file refers to a chromosome 'KI270729.1-' not present in the annotation (.gtf) file
2020-08-27 17:01:01,047 - DEBUG - Marking up chromosome GL000225.1
2020-08-27 17:01:01,047 - WARNING - The .bam file refers to a chromosome 'GL000225.1+' not present in the annotation (.gtf) file
2020-08-27 17:01:01,047 - WARNING - The .bam file refers to a chromosome 'GL000225.1-' not present in the annotation (.gtf) file
2020-08-27 17:01:01,047 - DEBUG - Marking up chromosome KI270743.1
2020-08-27 17:01:01,047 - WARNING - The .bam file refers to a chromosome 'KI270743.1+' not present in the annotation (.gtf) file
2020-08-27 17:01:01,047 - WARNING - The .bam file refers to a chromosome 'KI270743.1-' not present in the annotation (.gtf) file
2020-08-27 17:01:01,051 - DEBUG - Marking up chromosome GL000008.2
2020-08-27 17:01:01,051 - WARNING - The .bam file refers to a chromosome 'GL000008.2+' not present in the annotation (.gtf) file
2020-08-27 17:01:01,051 - WARNING - The .bam file refers to a chromosome 'GL000008.2-' not present in the annotation (.gtf) file
2020-08-27 17:01:01,057 - DEBUG - Marking up chromosome GL000009.2
2020-08-27 17:01:01,057 - WARNING - The .bam file refers to a chromosome 'GL000009.2+' not present in the annotation (.gtf) file
2020-08-27 17:01:01,067 - DEBUG - Marking up chromosome KI270722.1
2020-08-27 17:01:01,067 - WARNING - The .bam file refers to a chromosome 'KI270722.1+' not present in the annotation (.gtf) file
2020-08-27 17:01:01,067 - WARNING - The .bam file refers to a chromosome 'KI270722.1-' not present in the annotation (.gtf) file
2020-08-27 17:01:01,068 - DEBUG - Marking up chromosome GL000194.1
2020-08-27 17:01:01,069 - WARNING - The .bam file refers to a chromosome 'GL000194.1+' not present in the annotation (.gtf) file
2020-08-27 17:01:01,180 - DEBUG - Marking up chromosome KI270742.1
2020-08-27 17:01:01,180 - WARNING - The .bam file refers to a chromosome 'KI270742.1+' not present in the annotation (.gtf) file
2020-08-27 17:01:01,180 - WARNING - The .bam file refers to a chromosome 'KI270742.1-' not present in the annotation (.gtf) file
2020-08-27 17:01:01,201 - DEBUG - Marking up chromosome GL000205.2
2020-08-27 17:01:01,201 - WARNING - The .bam file refers to a chromosome 'GL000205.2+' not present in the annotation (.gtf) file
2020-08-27 17:01:01,257 - DEBUG - Marking up chromosome GL000195.1
2020-08-27 17:01:01,315 - DEBUG - Marking up chromosome KI270736.1
2020-08-27 17:01:01,315 - WARNING - The .bam file refers to a chromosome 'KI270736.1+' not present in the annotation (.gtf) file
2020-08-27 17:01:01,315 - WARNING - The .bam file refers to a chromosome 'KI270736.1-' not present in the annotation (.gtf) file
2020-08-27 17:01:01,316 - DEBUG - Marking up chromosome KI270733.1
2020-08-27 17:01:01,316 - WARNING - The .bam file refers to a chromosome 'KI270733.1+' not present in the annotation (.gtf) file
2020-08-27 17:01:01,316 - WARNING - The .bam file refers to a chromosome 'KI270733.1-' not present in the annotation (.gtf) file
2020-08-27 17:01:05,355 - DEBUG - Read first 170 million reads
2020-08-27 17:01:12,204 - DEBUG - Marking up chromosome GL000224.1
2020-08-27 17:01:12,205 - WARNING - The .bam file refers to a chromosome 'GL000224.1+' not present in the annotation (.gtf) file
2020-08-27 17:01:12,205 - WARNING - The .bam file refers to a chromosome 'GL000224.1-' not present in the annotation (.gtf) file
2020-08-27 17:01:12,215 - DEBUG - Marking up chromosome GL000219.1
2020-08-27 17:01:12,215 - WARNING - The .bam file refers to a chromosome 'GL000219.1+' not present in the annotation (.gtf) file
2020-08-27 17:01:12,491 - DEBUG - Marking up chromosome KI270719.1
2020-08-27 17:01:12,491 - WARNING - The .bam file refers to a chromosome 'KI270719.1+' not present in the annotation (.gtf) file
2020-08-27 17:01:12,491 - WARNING - The .bam file refers to a chromosome 'KI270719.1-' not present in the annotation (.gtf) file
2020-08-27 17:01:12,504 - DEBUG - Marking up chromosome GL000216.2
2020-08-27 17:01:12,504 - WARNING - The .bam file refers to a chromosome 'GL000216.2+' not present in the annotation (.gtf) file
2020-08-27 17:01:12,504 - WARNING - The .bam file refers to a chromosome 'GL000216.2-' not present in the annotation (.gtf) file
2020-08-27 17:01:12,504 - DEBUG - Marking up chromosome KI270712.1
2020-08-27 17:01:12,505 - WARNING - The .bam file refers to a chromosome 'KI270712.1+' not present in the annotation (.gtf) file
2020-08-27 17:01:12,505 - WARNING - The .bam file refers to a chromosome 'KI270712.1-' not present in the annotation (.gtf) file
2020-08-27 17:01:12,517 - DEBUG - Marking up chromosome KI270706.1
2020-08-27 17:01:12,517 - WARNING - The .bam file refers to a chromosome 'KI270706.1+' not present in the annotation (.gtf) file
2020-08-27 17:01:12,517 - WARNING - The .bam file refers to a chromosome 'KI270706.1-' not present in the annotation (.gtf) file
2020-08-27 17:01:12,534 - DEBUG - Marking up chromosome KI270725.1
2020-08-27 17:01:12,534 - WARNING - The .bam file refers to a chromosome 'KI270725.1+' not present in the annotation (.gtf) file
2020-08-27 17:01:12,534 - WARNING - The .bam file refers to a chromosome 'KI270725.1-' not present in the annotation (.gtf) file
2020-08-27 17:01:12,536 - DEBUG - Marking up chromosome KI270744.1
2020-08-27 17:01:12,536 - WARNING - The .bam file refers to a chromosome 'KI270744.1+' not present in the annotation (.gtf) file
2020-08-27 17:01:12,536 - WARNING - The .bam file refers to a chromosome 'KI270744.1-' not present in the annotation (.gtf) file
2020-08-27 17:01:12,544 - DEBUG - Marking up chromosome KI270734.1
2020-08-27 17:01:12,560 - DEBUG - Marking up chromosome GL000213.1
2020-08-27 17:01:12,560 - WARNING - The .bam file refers to a chromosome 'GL000213.1+' not present in the annotation (.gtf) file
2020-08-27 17:01:12,563 - DEBUG - Marking up chromosome GL000220.1
2020-08-27 17:01:12,563 - WARNING - The .bam file refers to a chromosome 'GL000220.1+' not present in the annotation (.gtf) file
2020-08-27 17:01:12,563 - WARNING - The .bam file refers to a chromosome 'GL000220.1-' not present in the annotation (.gtf) file
2020-08-27 17:01:23,372 - DEBUG - Marking up chromosome GL000218.1
2020-08-27 17:01:23,372 - WARNING - The .bam file refers to a chromosome 'GL000218.1+' not present in the annotation (.gtf) file
2020-08-27 17:01:23,392 - DEBUG - Marking up chromosome KI270749.1
2020-08-27 17:01:23,392 - WARNING - The .bam file refers to a chromosome 'KI270749.1+' not present in the annotation (.gtf) file
2020-08-27 17:01:23,392 - WARNING - The .bam file refers to a chromosome 'KI270749.1-' not present in the annotation (.gtf) file
2020-08-27 17:01:23,394 - DEBUG - Marking up chromosome KI270741.1
2020-08-27 17:01:23,394 - WARNING - The .bam file refers to a chromosome 'KI270741.1+' not present in the annotation (.gtf) file
2020-08-27 17:01:23,394 - WARNING - The .bam file refers to a chromosome 'KI270741.1-' not present in the annotation (.gtf) file
2020-08-27 17:01:23,398 - DEBUG - Marking up chromosome GL000221.1
2020-08-27 17:01:23,398 - WARNING - The .bam file refers to a chromosome 'GL000221.1+' not present in the annotation (.gtf) file
2020-08-27 17:01:23,398 - WARNING - The .bam file refers to a chromosome 'GL000221.1-' not present in the annotation (.gtf) file
2020-08-27 17:01:23,420 - DEBUG - Marking up chromosome KI270716.1
2020-08-27 17:01:23,420 - WARNING - The .bam file refers to a chromosome 'KI270716.1+' not present in the annotation (.gtf) file
2020-08-27 17:01:23,421 - WARNING - The .bam file refers to a chromosome 'KI270716.1-' not present in the annotation (.gtf) file
2020-08-27 17:01:23,421 - DEBUG - Marking up chromosome KI270731.1
2020-08-27 17:01:23,421 - WARNING - The .bam file refers to a chromosome 'KI270731.1+' not present in the annotation (.gtf) file
2020-08-27 17:01:23,430 - DEBUG - Marking up chromosome KI270751.1
2020-08-27 17:01:23,430 - WARNING - The .bam file refers to a chromosome 'KI270751.1+' not present in the annotation (.gtf) file
2020-08-27 17:01:23,430 - WARNING - The .bam file refers to a chromosome 'KI270751.1-' not present in the annotation (.gtf) file
2020-08-27 17:01:23,430 - DEBUG - Marking up chromosome KI270750.1
2020-08-27 17:01:23,430 - WARNING - The .bam file refers to a chromosome 'KI270750.1+' not present in the annotation (.gtf) file
2020-08-27 17:01:23,430 - WARNING - The .bam file refers to a chromosome 'KI270750.1-' not present in the annotation (.gtf) file
2020-08-27 17:01:23,431 - DEBUG - Marking up chromosome GL000214.1
2020-08-27 17:01:23,431 - WARNING - The .bam file refers to a chromosome 'GL000214.1+' not present in the annotation (.gtf) file
2020-08-27 17:01:23,431 - WARNING - The .bam file refers to a chromosome 'GL000214.1-' not present in the annotation (.gtf) file
2020-08-27 17:01:23,434 - DEBUG - Marking up chromosome KI270708.1
2020-08-27 17:01:23,434 - WARNING - The .bam file refers to a chromosome 'KI270708.1+' not present in the annotation (.gtf) file
2020-08-27 17:01:23,434 - WARNING - The .bam file refers to a chromosome 'KI270708.1-' not present in the annotation (.gtf) file
2020-08-27 17:01:23,435 - DEBUG - Marking up chromosome KI270438.1
2020-08-27 17:01:23,435 - WARNING - The .bam file refers to a chromosome 'KI270438.1+' not present in the annotation (.gtf) file
2020-08-27 17:01:23,435 - WARNING - The .bam file refers to a chromosome 'KI270438.1-' not present in the annotation (.gtf) file
2020-08-27 17:01:23,465 - DEBUG - Marking up chromosome KI270737.1
2020-08-27 17:01:23,465 - WARNING - The .bam file refers to a chromosome 'KI270737.1+' not present in the annotation (.gtf) file
2020-08-27 17:01:23,465 - WARNING - The .bam file refers to a chromosome 'KI270737.1-' not present in the annotation (.gtf) file
2020-08-27 17:01:23,465 - DEBUG - Marking up chromosome KI270721.1
2020-08-27 17:01:23,465 - WARNING - The .bam file refers to a chromosome 'KI270721.1-' not present in the annotation (.gtf) file
2020-08-27 17:01:23,472 - DEBUG - Marking up chromosome KI270738.1
2020-08-27 17:01:23,472 - WARNING - The .bam file refers to a chromosome 'KI270738.1+' not present in the annotation (.gtf) file
2020-08-27 17:01:23,472 - WARNING - The .bam file refers to a chromosome 'KI270738.1-' not present in the annotation (.gtf) file
2020-08-27 17:01:23,477 - DEBUG - Marking up chromosome KI270748.1
2020-08-27 17:01:23,477 - WARNING - The .bam file refers to a chromosome 'KI270748.1+' not present in the annotation (.gtf) file
2020-08-27 17:01:23,477 - WARNING - The .bam file refers to a chromosome 'KI270748.1-' not present in the annotation (.gtf) file
2020-08-27 17:01:23,479 - DEBUG - Marking up chromosome GL000208.1
2020-08-27 17:01:23,479 - WARNING - The .bam file refers to a chromosome 'GL000208.1+' not present in the annotation (.gtf) file
2020-08-27 17:01:23,479 - WARNING - The .bam file refers to a chromosome 'GL000208.1-' not present in the annotation (.gtf) file
2020-08-27 17:01:23,480 - DEBUG - Marking up chromosome KI270538.1
2020-08-27 17:01:23,480 - WARNING - The .bam file refers to a chromosome 'KI270538.1+' not present in the annotation (.gtf) file
2020-08-27 17:01:23,480 - WARNING - The .bam file refers to a chromosome 'KI270538.1-' not present in the annotation (.gtf) file
2020-08-27 17:01:23,480 - DEBUG - Marking up chromosome KI270757.1
2020-08-27 17:01:23,480 - WARNING - The .bam file refers to a chromosome 'KI270757.1+' not present in the annotation (.gtf) file
2020-08-27 17:01:23,480 - WARNING - The .bam file refers to a chromosome 'KI270757.1-' not present in the annotation (.gtf) file
2020-08-27 17:01:23,480 - DEBUG - Marking up chromosome KI270709.1
2020-08-27 17:01:23,480 - WARNING - The .bam file refers to a chromosome 'KI270709.1+' not present in the annotation (.gtf) file
2020-08-27 17:01:23,480 - WARNING - The .bam file refers to a chromosome 'KI270709.1-' not present in the annotation (.gtf) file
2020-08-27 17:01:23,481 - DEBUG - Marking up chromosome KI270746.1
2020-08-27 17:01:23,481 - WARNING - The .bam file refers to a chromosome 'KI270746.1+' not present in the annotation (.gtf) file
2020-08-27 17:01:23,481 - WARNING - The .bam file refers to a chromosome 'KI270746.1-' not present in the annotation (.gtf) file
2020-08-27 17:01:23,482 - DEBUG - Marking up chromosome KI270753.1
2020-08-27 17:01:23,482 - WARNING - The .bam file refers to a chromosome 'KI270753.1+' not present in the annotation (.gtf) file
2020-08-27 17:01:23,482 - WARNING - The .bam file refers to a chromosome 'KI270753.1-' not present in the annotation (.gtf) file
2020-08-27 17:01:23,482 - DEBUG - Marking up chromosome KI270589.1
2020-08-27 17:01:23,482 - WARNING - The .bam file refers to a chromosome 'KI270589.1+' not present in the annotation (.gtf) file
2020-08-27 17:01:23,482 - WARNING - The .bam file refers to a chromosome 'KI270589.1-' not present in the annotation (.gtf) file
2020-08-27 17:01:23,483 - DEBUG - Marking up chromosome KI270726.1
2020-08-27 17:01:23,483 - WARNING - The .bam file refers to a chromosome 'KI270726.1-' not present in the annotation (.gtf) file
2020-08-27 17:01:23,483 - DEBUG - Marking up chromosome KI270735.1
2020-08-27 17:01:23,483 - WARNING - The .bam file refers to a chromosome 'KI270735.1+' not present in the annotation (.gtf) file
2020-08-27 17:01:23,483 - WARNING - The .bam file refers to a chromosome 'KI270735.1-' not present in the annotation (.gtf) file
2020-08-27 17:01:23,488 - DEBUG - Marking up chromosome KI270711.1
2020-08-27 17:01:23,488 - WARNING - The .bam file refers to a chromosome 'KI270711.1+' not present in the annotation (.gtf) file
2020-08-27 17:01:23,520 - DEBUG - Marking up chromosome KI270745.1
2020-08-27 17:01:23,520 - WARNING - The .bam file refers to a chromosome 'KI270745.1+' not present in the annotation (.gtf) file
2020-08-27 17:01:23,520 - WARNING - The .bam file refers to a chromosome 'KI270745.1-' not present in the annotation (.gtf) file
2020-08-27 17:01:23,526 - DEBUG - Marking up chromosome KI270714.1
2020-08-27 17:01:23,526 - WARNING - The .bam file refers to a chromosome 'KI270714.1+' not present in the annotation (.gtf) file
2020-08-27 17:01:23,526 - WARNING - The .bam file refers to a chromosome 'KI270714.1-' not present in the annotation (.gtf) file
2020-08-27 17:01:23,531 - DEBUG - Marking up chromosome KI270732.1
2020-08-27 17:01:23,531 - WARNING - The .bam file refers to a chromosome 'KI270732.1+' not present in the annotation (.gtf) file
2020-08-27 17:01:23,531 - WARNING - The .bam file refers to a chromosome 'KI270732.1-' not present in the annotation (.gtf) file
2020-08-27 17:01:23,532 - DEBUG - Marking up chromosome KI270713.1
2020-08-27 17:01:23,538 - DEBUG - Marking up chromosome KI270754.1
2020-08-27 17:01:23,538 - WARNING - The .bam file refers to a chromosome 'KI270754.1+' not present in the annotation (.gtf) file
2020-08-27 17:01:23,539 - WARNING - The .bam file refers to a chromosome 'KI270754.1-' not present in the annotation (.gtf) file
2020-08-27 17:01:23,540 - DEBUG - Marking up chromosome KI270717.1
2020-08-27 17:01:23,540 - WARNING - The .bam file refers to a chromosome 'KI270717.1+' not present in the annotation (.gtf) file
2020-08-27 17:01:23,540 - WARNING - The .bam file refers to a chromosome 'KI270717.1-' not present in the annotation (.gtf) file
2020-08-27 17:01:23,543 - DEBUG - Marking up chromosome KI270724.1
2020-08-27 17:01:23,543 - WARNING - The .bam file refers to a chromosome 'KI270724.1+' not present in the annotation (.gtf) file
2020-08-27 17:01:23,543 - WARNING - The .bam file refers to a chromosome 'KI270724.1-' not present in the annotation (.gtf) file
2020-08-27 17:01:23,544 - DEBUG - Marking up chromosome KI270720.1
2020-08-27 17:01:23,544 - WARNING - The .bam file refers to a chromosome 'KI270720.1+' not present in the annotation (.gtf) file
2020-08-27 17:01:23,544 - WARNING - The .bam file refers to a chromosome 'KI270720.1-' not present in the annotation (.gtf) file
2020-08-27 17:01:23,545 - DEBUG - Marking up chromosome KI270723.1
2020-08-27 17:01:23,545 - WARNING - The .bam file refers to a chromosome 'KI270723.1+' not present in the annotation (.gtf) file
2020-08-27 17:01:23,545 - WARNING - The .bam file refers to a chromosome 'KI270723.1-' not present in the annotation (.gtf) file
2020-08-27 17:01:23,548 - DEBUG - Marking up chromosome KI270718.1
2020-08-27 17:01:23,548 - WARNING - The .bam file refers to a chromosome 'KI270718.1+' not present in the annotation (.gtf) file
2020-08-27 17:01:23,548 - WARNING - The .bam file refers to a chromosome 'KI270718.1-' not present in the annotation (.gtf) file
2020-08-27 17:01:23,583 - DEBUG - Marking up chromosome KI270755.1
2020-08-27 17:01:23,583 - WARNING - The .bam file refers to a chromosome 'KI270755.1+' not present in the annotation (.gtf) file
2020-08-27 17:01:23,583 - WARNING - The .bam file refers to a chromosome 'KI270755.1-' not present in the annotation (.gtf) file
2020-08-27 17:01:23,586 - DEBUG - Marking up chromosome KI270707.1
2020-08-27 17:01:23,586 - WARNING - The .bam file refers to a chromosome 'KI270707.1+' not present in the annotation (.gtf) file
2020-08-27 17:01:23,586 - WARNING - The .bam file refers to a chromosome 'KI270707.1-' not present in the annotation (.gtf) file
2020-08-27 17:01:23,588 - DEBUG - Marking up chromosome KI270448.1
2020-08-27 17:01:23,588 - WARNING - The .bam file refers to a chromosome 'KI270448.1+' not present in the annotation (.gtf) file
2020-08-27 17:01:23,588 - WARNING - The .bam file refers to a chromosome 'KI270448.1-' not present in the annotation (.gtf) file
2020-08-27 17:01:23,588 - DEBUG - Marking up chromosome KI270467.1
2020-08-27 17:01:23,588 - WARNING - The .bam file refers to a chromosome 'KI270467.1+' not present in the annotation (.gtf) file
2020-08-27 17:01:23,588 - WARNING - The .bam file refers to a chromosome 'KI270467.1-' not present in the annotation (.gtf) file
2020-08-27 17:01:23,588 - DEBUG - Marking up chromosome KI270363.1
2020-08-27 17:01:23,588 - WARNING - The .bam file refers to a chromosome 'KI270363.1+' not present in the annotation (.gtf) file
2020-08-27 17:01:23,588 - WARNING - The .bam file refers to a chromosome 'KI270363.1-' not present in the annotation (.gtf) file
2020-08-27 17:01:23,589 - DEBUG - Marking up chromosome KI270330.1
2020-08-27 17:01:23,589 - WARNING - The .bam file refers to a chromosome 'KI270330.1+' not present in the annotation (.gtf) file
2020-08-27 17:01:23,589 - WARNING - The .bam file refers to a chromosome 'KI270330.1-' not present in the annotation (.gtf) file
2020-08-27 17:01:23,590 - DEBUG - Marking up chromosome KI270583.1
2020-08-27 17:01:23,590 - WARNING - The .bam file refers to a chromosome 'KI270583.1+' not present in the annotation (.gtf) file
2020-08-27 17:01:23,591 - WARNING - The .bam file refers to a chromosome 'KI270583.1-' not present in the annotation (.gtf) file
2020-08-27 17:01:23,591 - DEBUG - Marking up chromosome KI270466.1
2020-08-27 17:01:23,591 - WARNING - The .bam file refers to a chromosome 'KI270466.1+' not present in the annotation (.gtf) file
2020-08-27 17:01:23,591 - WARNING - The .bam file refers to a chromosome 'KI270466.1-' not present in the annotation (.gtf) file
2020-08-27 17:01:27,292 - DEBUG - Read first 180 million reads
2020-08-27 17:01:46,772 - DEBUG - Read first 190 million reads
2020-08-27 17:01:49,881 - DEBUG - End of file. Reset index: start scanning from initial position.
2020-08-27 17:01:49,882 - DEBUG - 6227420 reads were skipped because no apropiate cell or umi barcode was found
2020-08-27 17:01:49,882 - DEBUG - Start molecule counting!
2020-08-27 17:01:53,952 - DEBUG - Features available for chromosomes : ['1-', '1+', '10-', '10+', '11-', '11+', '12-', '12+', '13-', '13+', '14-', '14+', '15-', '15+', '16-', '16+', '17-', '17+', '18-', '18+', '19-', '19+', '2-', '2+', '20-', '20+', '21-', '21+', '22-', '22+', '3-', '3+', '4-', '4+', '5-', '5+', '6-', '6+', '7-', '7+', '8-', '8+', '9-', '9+', 'GL000009.2-', 'GL000194.1-', 'GL000195.1-', 'GL000195.1+', 'GL000205.2-', 'GL000213.1-', 'GL000218.1-', 'GL000219.1-', 'KI270711.1-', 'KI270713.1-', 'KI270713.1+', 'KI270721.1+', 'KI270726.1+', 'KI270727.1-', 'KI270727.1+', 'KI270728.1-', 'KI270728.1+', 'KI270731.1-', 'KI270734.1-', 'KI270734.1+', 'MT-', 'MT+', 'X-', 'X+', 'Y-', 'Y+']
2020-08-27 17:01:53,953 - DEBUG - Mask available for chromosomes : []
2020-08-27 17:01:53,953 - DEBUG - Summarizing the results of intron validation.
2020-08-27 17:01:54,680 - DEBUG - Validated 440322 introns (of which unique intervals 142992) out of 996444 total possible introns (considering each possible transcript models).
2020-08-27 17:01:54,681 - DEBUG - Reading /net/isi-dcnl/ifs/user_data/abild/Megatron_data/COH049/FEL017022.mRNA/feline_p1722.10x.counts/FEL017_E/outs/cellsorted_possorted_genome_bam.bam
2020-08-27 17:01:54,727 - DEBUG - Read first 0 million reads
2020-08-27 17:02:30,884 - DEBUG - Read first 10 million reads
2020-08-27 17:03:49,075 - DEBUG - Counting for batch 1, containing 100 cells and 4768857 reads
2020-08-27 17:05:45,437 - DEBUG - 0 reads not considered because fully enclosed in repeat masked regions
2020-08-27 17:06:15,435 - DEBUG - Read first 20 million reads
2020-08-27 17:07:23,784 - DEBUG - Counting for batch 2, containing 100 cells and 5645026 reads
2020-08-27 17:09:33,849 - DEBUG - 0 reads not considered because fully enclosed in repeat masked regions
2020-08-27 17:10:12,624 - DEBUG - Read first 30 million reads
2020-08-27 17:11:06,005 - DEBUG - Counting for batch 3, containing 100 cells and 4319944 reads
2020-08-27 17:12:50,284 - DEBUG - 0 reads not considered because fully enclosed in repeat masked regions
2020-08-27 17:13:41,342 - DEBUG - Read first 40 million reads
2020-08-27 17:13:59,207 - DEBUG - Counting for batch 4, containing 100 cells and 3231765 reads
2020-08-27 17:15:18,273 - DEBUG - 0 reads not considered because fully enclosed in repeat masked regions
2020-08-27 17:16:34,311 - DEBUG - Read first 50 million reads
2020-08-27 17:17:03,560 - DEBUG - Counting for batch 5, containing 100 cells and 6601709 reads
2020-08-27 17:19:40,994 - DEBUG - 0 reads not considered because fully enclosed in repeat masked regions
2020-08-27 17:20:59,855 - DEBUG - Read first 60 million reads
2020-08-27 17:21:23,104 - DEBUG - Counting for batch 6, containing 100 cells and 5280396 reads
2020-08-27 17:23:22,360 - DEBUG - 0 reads not considered because fully enclosed in repeat masked regions
2020-08-27 17:24:49,619 - DEBUG - Read first 70 million reads
2020-08-27 17:25:11,196 - DEBUG - Counting for batch 7, containing 100 cells and 5707189 reads
2020-08-27 17:27:32,881 - DEBUG - 0 reads not considered because fully enclosed in repeat masked regions
2020-08-27 17:29:03,996 - DEBUG - Read first 80 million reads
2020-08-27 17:29:35,572 - DEBUG - Counting for batch 8, containing 100 cells and 6957199 reads
2020-08-27 17:32:31,031 - DEBUG - 0 reads not considered because fully enclosed in repeat masked regions
2020-08-27 17:33:42,769 - DEBUG - Read first 90 million reads
2020-08-27 17:33:46,954 - DEBUG - Counting for batch 9, containing 100 cells and 3031029 reads
2020-08-27 17:34:52,701 - DEBUG - 0 reads not considered because fully enclosed in repeat masked regions
2020-08-27 17:36:30,421 - DEBUG - Read first 100 million reads
2020-08-27 17:36:41,023 - DEBUG - Counting for batch 10, containing 100 cells and 6440841 reads
2020-08-27 17:39:26,747 - DEBUG - 0 reads not considered because fully enclosed in repeat masked regions
2020-08-27 17:41:05,879 - DEBUG - Read first 110 million reads
2020-08-27 17:41:14,374 - DEBUG - Counting for batch 11, containing 100 cells and 5932488 reads
2020-08-27 17:43:33,112 - DEBUG - 0 reads not considered because fully enclosed in repeat masked regions
2020-08-27 17:45:14,077 - DEBUG - Counting for batch 12, containing 100 cells and 4537527 reads
2020-08-27 17:47:05,059 - DEBUG - 0 reads not considered because fully enclosed in repeat masked regions
2020-08-27 17:47:36,835 - DEBUG - Read first 120 million reads
2020-08-27 17:49:05,956 - DEBUG - Read first 130 million reads
2020-08-27 17:49:23,328 - DEBUG - Counting for batch 13, containing 100 cells and 8024463 reads
2020-08-27 17:52:33,208 - DEBUG - 0 reads not considered because fully enclosed in repeat masked regions
2020-08-27 17:54:15,877 - DEBUG - Read first 140 million reads
2020-08-27 17:54:18,026 - DEBUG - Counting for batch 14, containing 100 cells and 4825283 reads
2020-08-27 17:56:05,883 - DEBUG - 0 reads not considered because fully enclosed in repeat masked regions
2020-08-27 17:57:22,357 - DEBUG - Counting for batch 15, containing 100 cells and 3415350 reads
2020-08-27 17:58:46,542 - DEBUG - 0 reads not considered because fully enclosed in repeat masked regions
2020-08-27 17:59:24,612 - DEBUG - Read first 150 million reads
2020-08-27 18:00:04,253 - DEBUG - Counting for batch 16, containing 100 cells and 4380492 reads
2020-08-27 18:01:53,170 - DEBUG - 0 reads not considered because fully enclosed in repeat masked regions
2020-08-27 18:03:00,613 - DEBUG - Read first 160 million reads
2020-08-27 18:03:21,126 - DEBUG - Counting for batch 17, containing 100 cells and 4579752 reads
2020-08-27 18:05:12,577 - DEBUG - 0 reads not considered because fully enclosed in repeat masked regions
2020-08-27 18:06:34,975 - DEBUG - Read first 170 million reads
2020-08-27 18:06:41,677 - DEBUG - Counting for batch 18, containing 100 cells and 4017662 reads
2020-08-27 18:08:28,551 - DEBUG - 0 reads not considered because fully enclosed in repeat masked regions
2020-08-27 18:09:38,597 - DEBUG - Counting for batch 19, containing 100 cells and 3225126 reads
2020-08-27 18:10:59,106 - DEBUG - 0 reads not considered because fully enclosed in repeat masked regions
2020-08-27 18:11:35,974 - DEBUG - Read first 180 million reads
2020-08-27 18:12:45,222 - DEBUG - Counting for batch 20, containing 100 cells and 6292721 reads
2020-08-27 18:15:23,452 - DEBUG - 0 reads not considered because fully enclosed in repeat masked regions
2020-08-27 18:16:10,375 - DEBUG - Read first 190 million reads
2020-08-27 18:16:23,162 - DEBUG - Counting for batch 21, containing 27 cells and 2546813 reads
2020-08-27 18:17:12,375 - DEBUG - 0 reads not considered because fully enclosed in repeat masked regions
2020-08-27 18:17:24,040 - DEBUG - 6227420 reads were skipped because no apropiate cell or umi barcode was found
2020-08-27 18:17:24,041 - DEBUG - Counting done!
2020-08-27 18:17:24,079 - DEBUG - Generating output file /net/isi-dcnl/ifs/user_data/abild/Megatron_data/COH049/FEL017022.mRNA/feline_p1722.10x.counts/FEL017_E/velocyto/FEL017_E.loom
2020-08-27 18:17:24,079 - DEBUG - Collecting row attributes
2020-08-27 18:17:24,186 - DEBUG - Generating data table
2020-08-27 18:17:25,040 - DEBUG - Writing loom file
2020-08-27 18:17:30,168 - DEBUG - Terminated Succesfully!
Start: 1598571054
End: 1598577452
Run time: 6398
Done
