CPU: 16
N: 43
Step1: Analyze spliced and unspliced reads and genrate a loom file for velocityR
Run velocyto to generate loom file
2020-08-27 18:32:54,693 - DEBUG - Using logic: Default
2020-08-27 18:32:54,715 - INFO - Read 4044 cell barcodes from /net/isi-dcnl/ifs/user_data/abild/Megatron_data/COH055/FEL025028.mRNA/cell_ranger/FEL026_S/outs/filtered_feature_bc_matrix/barcodes.tsv.gz
2020-08-27 18:32:54,715 - DEBUG - Example of barcode: AAACCCACAGCCTACG and cell_id: FEL026_S:AAACCCACAGCCTACG-1
2020-08-27 18:32:54,727 - DEBUG - Peeking into /net/isi-dcnl/ifs/user_data/abild/Megatron_data/COH055/FEL025028.mRNA/cell_ranger/FEL026_S/outs/possorted_genome_bam.bam
2020-08-27 18:32:54,852 - WARNING - Not found cell and umi barcode in entry 28 of the bam file
2020-08-27 18:32:54,853 - WARNING - Not found cell and umi barcode in entry 216 of the bam file
2020-08-27 18:32:54,854 - WARNING - Not found cell and umi barcode in entry 368 of the bam file
2020-08-27 18:32:54,855 - WARNING - Not found cell and umi barcode in entry 552 of the bam file
2020-08-27 18:32:54,855 - WARNING - Not found cell and umi barcode in entry 553 of the bam file
2020-08-27 18:32:54,855 - WARNING - Not found cell and umi barcode in entry 589 of the bam file
2020-08-27 18:32:54,855 - WARNING - Not found cell and umi barcode in entry 590 of the bam file
2020-08-27 18:32:54,856 - WARNING - Not found cell and umi barcode in entry 671 of the bam file
2020-08-27 18:32:54,856 - WARNING - Not found cell and umi barcode in entry 717 of the bam file
2020-08-27 18:32:54,856 - WARNING - Not found cell and umi barcode in entry 718 of the bam file
2020-08-27 18:32:54,856 - WARNING - Not found cell and umi barcode in entry 821 of the bam file
2020-08-27 18:32:54,863 - WARNING - The file /net/isi-dcnl/ifs/user_data/abild/Megatron_data/COH055/FEL025028.mRNA/cell_ranger/FEL026_S/outs/cellsorted_possorted_genome_bam.bam already exists. The sorting step will be skipped and the existing file will be used.
2020-08-27 18:32:54,864 - INFO - Load the annotation from /net/isi-dcnl/ifs/user_data/abild/Genomes/refdata-cellranger-GRCh38-3.0.0/genes/genes.gtf
2020-08-27 18:33:03,005 - DEBUG - Parsing Chromosome 1 strand - [line 0]
2020-08-27 18:33:03,657 - DEBUG - Done with 1- [line 108728]
2020-08-27 18:33:03,657 - DEBUG - Assigning indexes to genes
2020-08-27 18:33:03,670 - DEBUG - Seen 1561 genes until now
2020-08-27 18:33:03,670 - DEBUG - Parsing Chromosome 1 strand + [line 108729]
2020-08-27 18:33:04,397 - DEBUG - Done with 1+ [line 232515]
2020-08-27 18:33:04,397 - DEBUG - Assigning indexes to genes
2020-08-27 18:33:04,410 - DEBUG - Seen 3154 genes until now
2020-08-27 18:33:04,410 - DEBUG - Parsing Chromosome 10 strand - [line 232516]
2020-08-27 18:33:04,847 - DEBUG - Done with 10- [line 279343]
2020-08-27 18:33:04,848 - DEBUG - Assigning indexes to genes
2020-08-27 18:33:04,851 - DEBUG - Seen 3737 genes until now
2020-08-27 18:33:04,851 - DEBUG - Parsing Chromosome 10 strand + [line 279344]
2020-08-27 18:33:05,038 - DEBUG - Done with 10+ [line 323872]
2020-08-27 18:33:05,038 - DEBUG - Assigning indexes to genes
2020-08-27 18:33:05,041 - DEBUG - Seen 4384 genes until now
2020-08-27 18:33:05,041 - DEBUG - Parsing Chromosome 11 strand - [line 323873]
2020-08-27 18:33:05,636 - DEBUG - Done with 11- [line 402908]
2020-08-27 18:33:05,636 - DEBUG - Assigning indexes to genes
2020-08-27 18:33:05,643 - DEBUG - Seen 5320 genes until now
2020-08-27 18:33:05,644 - DEBUG - Parsing Chromosome 11 strand + [line 402909]
2020-08-27 18:33:05,979 - DEBUG - Done with 11+ [line 482591]
2020-08-27 18:33:05,979 - DEBUG - Assigning indexes to genes
2020-08-27 18:33:05,986 - DEBUG - Seen 6305 genes until now
2020-08-27 18:33:05,987 - DEBUG - Parsing Chromosome 12 strand - [line 482592]
2020-08-27 18:33:06,617 - DEBUG - Done with 12- [line 559278]
2020-08-27 18:33:06,617 - DEBUG - Assigning indexes to genes
2020-08-27 18:33:06,624 - DEBUG - Seen 7177 genes until now
2020-08-27 18:33:06,624 - DEBUG - Parsing Chromosome 12 strand + [line 559279]
2020-08-27 18:33:06,943 - DEBUG - Done with 12+ [line 635173]
2020-08-27 18:33:06,943 - DEBUG - Assigning indexes to genes
2020-08-27 18:33:06,950 - DEBUG - Seen 8070 genes until now
2020-08-27 18:33:06,950 - DEBUG - Parsing Chromosome 13 strand - [line 635174]
2020-08-27 18:33:07,031 - DEBUG - Done with 13- [line 653523]
2020-08-27 18:33:07,031 - DEBUG - Assigning indexes to genes
2020-08-27 18:33:07,032 - DEBUG - Seen 8400 genes until now
2020-08-27 18:33:07,032 - DEBUG - Parsing Chromosome 13 strand + [line 653524]
2020-08-27 18:33:07,488 - DEBUG - Done with 13+ [line 673091]
2020-08-27 18:33:07,488 - DEBUG - Assigning indexes to genes
2020-08-27 18:33:07,490 - DEBUG - Seen 8736 genes until now
2020-08-27 18:33:07,490 - DEBUG - Parsing Chromosome 14 strand - [line 673092]
2020-08-27 18:33:07,676 - DEBUG - Done with 14- [line 716831]
2020-08-27 18:33:07,676 - DEBUG - Assigning indexes to genes
2020-08-27 18:33:07,680 - DEBUG - Seen 9452 genes until now
2020-08-27 18:33:07,680 - DEBUG - Parsing Chromosome 14 strand + [line 716832]
2020-08-27 18:33:07,882 - DEBUG - Done with 14+ [line 764942]
2020-08-27 18:33:07,882 - DEBUG - Assigning indexes to genes
2020-08-27 18:33:07,887 - DEBUG - Seen 10121 genes until now
2020-08-27 18:33:07,887 - DEBUG - Parsing Chromosome 15 strand - [line 764943]
2020-08-27 18:33:08,098 - DEBUG - Done with 15- [line 813803]
2020-08-27 18:33:08,098 - DEBUG - Assigning indexes to genes
2020-08-27 18:33:08,102 - DEBUG - Seen 10698 genes until now
2020-08-27 18:33:08,102 - DEBUG - Parsing Chromosome 15 strand + [line 813804]
2020-08-27 18:33:08,289 - DEBUG - Done with 15+ [line 857859]
2020-08-27 18:33:08,289 - DEBUG - Assigning indexes to genes
2020-08-27 18:33:08,293 - DEBUG - Seen 11256 genes until now
2020-08-27 18:33:08,293 - DEBUG - Parsing Chromosome 16 strand - [line 857860]
2020-08-27 18:33:08,900 - DEBUG - Done with 16- [line 911118]
2020-08-27 18:33:08,900 - DEBUG - Assigning indexes to genes
2020-08-27 18:33:08,905 - DEBUG - Seen 11998 genes until now
2020-08-27 18:33:08,905 - DEBUG - Parsing Chromosome 16 strand + [line 911119]
2020-08-27 18:33:09,200 - DEBUG - Done with 16+ [line 981663]
2020-08-27 18:33:09,200 - DEBUG - Assigning indexes to genes
2020-08-27 18:33:09,206 - DEBUG - Seen 12787 genes until now
2020-08-27 18:33:09,207 - DEBUG - Parsing Chromosome 17 strand - [line 981664]
2020-08-27 18:33:09,569 - DEBUG - Done with 17- [line 1066635]
2020-08-27 18:33:09,570 - DEBUG - Assigning indexes to genes
2020-08-27 18:33:09,577 - DEBUG - Seen 13775 genes until now
2020-08-27 18:33:09,577 - DEBUG - Parsing Chromosome 17 strand + [line 1066636]
2020-08-27 18:33:10,333 - DEBUG - Done with 17+ [line 1143834]
2020-08-27 18:33:10,333 - DEBUG - Assigning indexes to genes
2020-08-27 18:33:10,342 - DEBUG - Seen 14681 genes until now
2020-08-27 18:33:10,342 - DEBUG - Parsing Chromosome 18 strand - [line 1143835]
2020-08-27 18:33:10,448 - DEBUG - Done with 18- [line 1168496]
2020-08-27 18:33:10,449 - DEBUG - Assigning indexes to genes
2020-08-27 18:33:10,450 - DEBUG - Seen 15006 genes until now
2020-08-27 18:33:10,450 - DEBUG - Parsing Chromosome 18 strand + [line 1168497]
2020-08-27 18:33:10,539 - DEBUG - Done with 18+ [line 1189691]
2020-08-27 18:33:10,539 - DEBUG - Assigning indexes to genes
2020-08-27 18:33:10,541 - DEBUG - Seen 15343 genes until now
2020-08-27 18:33:10,541 - DEBUG - Parsing Chromosome 19 strand - [line 1189692]
2020-08-27 18:33:10,871 - DEBUG - Done with 19- [line 1268854]
2020-08-27 18:33:10,871 - DEBUG - Assigning indexes to genes
2020-08-27 18:33:10,879 - DEBUG - Seen 16352 genes until now
2020-08-27 18:33:10,879 - DEBUG - Parsing Chromosome 19 strand + [line 1268855]
2020-08-27 18:33:11,217 - DEBUG - Done with 19+ [line 1351833]
2020-08-27 18:33:11,217 - DEBUG - Assigning indexes to genes
2020-08-27 18:33:11,224 - DEBUG - Seen 17347 genes until now
2020-08-27 18:33:11,225 - DEBUG - Parsing Chromosome 2 strand - [line 1351834]
2020-08-27 18:33:11,636 - DEBUG - Done with 2- [line 1448710]
2020-08-27 18:33:11,636 - DEBUG - Assigning indexes to genes
2020-08-27 18:33:11,645 - DEBUG - Seen 18472 genes until now
2020-08-27 18:33:11,645 - DEBUG - Parsing Chromosome 2 strand + [line 1448711]
2020-08-27 18:33:12,549 - DEBUG - Done with 2+ [line 1542602]
2020-08-27 18:33:12,549 - DEBUG - Assigning indexes to genes
2020-08-27 18:33:12,559 - DEBUG - Seen 19632 genes until now
2020-08-27 18:33:12,559 - DEBUG - Parsing Chromosome 20 strand - [line 1542603]
2020-08-27 18:33:12,672 - DEBUG - Done with 20- [line 1569195]
2020-08-27 18:33:12,672 - DEBUG - Assigning indexes to genes
2020-08-27 18:33:12,674 - DEBUG - Seen 20079 genes until now
2020-08-27 18:33:12,675 - DEBUG - Parsing Chromosome 20 strand + [line 1569196]
2020-08-27 18:33:12,806 - DEBUG - Done with 20+ [line 1600541]
2020-08-27 18:33:12,807 - DEBUG - Assigning indexes to genes
2020-08-27 18:33:12,809 - DEBUG - Seen 20527 genes until now
2020-08-27 18:33:12,809 - DEBUG - Parsing Chromosome 21 strand - [line 1600542]
2020-08-27 18:33:12,868 - DEBUG - Done with 21- [line 1614106]
2020-08-27 18:33:12,868 - DEBUG - Assigning indexes to genes
2020-08-27 18:33:12,869 - DEBUG - Seen 20795 genes until now
2020-08-27 18:33:12,869 - DEBUG - Parsing Chromosome 21 strand + [line 1614107]
2020-08-27 18:33:12,932 - DEBUG - Done with 21+ [line 1628392]
2020-08-27 18:33:12,932 - DEBUG - Assigning indexes to genes
2020-08-27 18:33:12,934 - DEBUG - Seen 21029 genes until now
2020-08-27 18:33:12,934 - DEBUG - Parsing Chromosome 22 strand - [line 1628393]
2020-08-27 18:33:13,045 - DEBUG - Done with 22- [line 1653805]
2020-08-27 18:33:13,045 - DEBUG - Assigning indexes to genes
2020-08-27 18:33:13,047 - DEBUG - Seen 21391 genes until now
2020-08-27 18:33:13,047 - DEBUG - Parsing Chromosome 22 strand + [line 1653806]
2020-08-27 18:33:13,178 - DEBUG - Done with 22+ [line 1684245]
2020-08-27 18:33:13,178 - DEBUG - Assigning indexes to genes
2020-08-27 18:33:13,182 - DEBUG - Seen 21866 genes until now
2020-08-27 18:33:13,182 - DEBUG - Parsing Chromosome 3 strand - [line 1684246]
2020-08-27 18:33:13,517 - DEBUG - Done with 3- [line 1763939]
2020-08-27 18:33:13,517 - DEBUG - Assigning indexes to genes
2020-08-27 18:33:13,524 - DEBUG - Seen 22713 genes until now
2020-08-27 18:33:13,524 - DEBUG - Parsing Chromosome 3 strand + [line 1763940]
2020-08-27 18:33:13,859 - DEBUG - Done with 3+ [line 1844840]
2020-08-27 18:33:13,859 - DEBUG - Assigning indexes to genes
2020-08-27 18:33:13,866 - DEBUG - Seen 23585 genes until now
2020-08-27 18:33:13,866 - DEBUG - Parsing Chromosome 4 strand - [line 1844841]
2020-08-27 18:33:14,722 - DEBUG - Done with 4- [line 1898665]
2020-08-27 18:33:14,722 - DEBUG - Assigning indexes to genes
2020-08-27 18:33:14,727 - DEBUG - Seen 24246 genes until now
2020-08-27 18:33:14,727 - DEBUG - Parsing Chromosome 4 strand + [line 1898666]
2020-08-27 18:33:14,928 - DEBUG - Done with 4+ [line 1947617]
2020-08-27 18:33:14,928 - DEBUG - Assigning indexes to genes
2020-08-27 18:33:14,932 - DEBUG - Seen 24938 genes until now
2020-08-27 18:33:14,932 - DEBUG - Parsing Chromosome 5 strand - [line 1947618]
2020-08-27 18:33:15,158 - DEBUG - Done with 5- [line 2001140]
2020-08-27 18:33:15,158 - DEBUG - Assigning indexes to genes
2020-08-27 18:33:15,162 - DEBUG - Seen 25741 genes until now
2020-08-27 18:33:15,163 - DEBUG - Parsing Chromosome 5 strand + [line 2001141]
2020-08-27 18:33:15,414 - DEBUG - Done with 5+ [line 2062165]
2020-08-27 18:33:15,414 - DEBUG - Assigning indexes to genes
2020-08-27 18:33:15,419 - DEBUG - Seen 26599 genes until now
2020-08-27 18:33:15,419 - DEBUG - Parsing Chromosome 6 strand - [line 2062166]
2020-08-27 18:33:15,665 - DEBUG - Done with 6- [line 2121425]
2020-08-27 18:33:15,665 - DEBUG - Assigning indexes to genes
2020-08-27 18:33:15,670 - DEBUG - Seen 27435 genes until now
2020-08-27 18:33:15,670 - DEBUG - Parsing Chromosome 6 strand + [line 2121426]
2020-08-27 18:33:15,908 - DEBUG - Done with 6+ [line 2176078]
2020-08-27 18:33:15,908 - DEBUG - Assigning indexes to genes
2020-08-27 18:33:15,914 - DEBUG - Seen 28231 genes until now
2020-08-27 18:33:15,914 - DEBUG - Parsing Chromosome 7 strand - [line 2176079]
2020-08-27 18:33:16,155 - DEBUG - Done with 7- [line 2233605]
2020-08-27 18:33:16,155 - DEBUG - Assigning indexes to genes
2020-08-27 18:33:16,160 - DEBUG - Seen 28953 genes until now
2020-08-27 18:33:16,160 - DEBUG - Parsing Chromosome 7 strand + [line 2233606]
2020-08-27 18:33:16,414 - DEBUG - Done with 7+ [line 2295513]
2020-08-27 18:33:16,414 - DEBUG - Assigning indexes to genes
2020-08-27 18:33:16,419 - DEBUG - Seen 29770 genes until now
2020-08-27 18:33:16,419 - DEBUG - Parsing Chromosome 8 strand - [line 2295514]
2020-08-27 18:33:16,617 - DEBUG - Done with 8- [line 2343289]
2020-08-27 18:33:16,617 - DEBUG - Assigning indexes to genes
2020-08-27 18:33:16,621 - DEBUG - Seen 30442 genes until now
2020-08-27 18:33:16,621 - DEBUG - Parsing Chromosome 8 strand + [line 2343290]
2020-08-27 18:33:16,800 - DEBUG - Done with 8+ [line 2386793]
2020-08-27 18:33:16,800 - DEBUG - Assigning indexes to genes
2020-08-27 18:33:16,803 - DEBUG - Seen 31090 genes until now
2020-08-27 18:33:16,803 - DEBUG - Parsing Chromosome 9 strand - [line 2386794]
2020-08-27 18:33:17,695 - DEBUG - Done with 9- [line 2430389]
2020-08-27 18:33:17,695 - DEBUG - Assigning indexes to genes
2020-08-27 18:33:17,699 - DEBUG - Seen 31710 genes until now
2020-08-27 18:33:17,699 - DEBUG - Parsing Chromosome 9 strand + [line 2430390]
2020-08-27 18:33:17,897 - DEBUG - Done with 9+ [line 2477312]
2020-08-27 18:33:17,897 - DEBUG - Assigning indexes to genes
2020-08-27 18:33:17,901 - DEBUG - Seen 32318 genes until now
2020-08-27 18:33:17,901 - DEBUG - Parsing Chromosome GL000009.2 strand - [line 2477313]
2020-08-27 18:33:17,901 - DEBUG - Done with GL000009.2- [line 2477320]
2020-08-27 18:33:17,901 - DEBUG - Assigning indexes to genes
2020-08-27 18:33:17,901 - DEBUG - Seen 32319 genes until now
2020-08-27 18:33:17,901 - DEBUG - Parsing Chromosome GL000194.1 strand - [line 2477321]
2020-08-27 18:33:17,901 - DEBUG - Done with GL000194.1- [line 2477346]
2020-08-27 18:33:17,901 - DEBUG - Assigning indexes to genes
2020-08-27 18:33:17,902 - DEBUG - Seen 32321 genes until now
2020-08-27 18:33:17,902 - DEBUG - Parsing Chromosome GL000195.1 strand - [line 2477347]
2020-08-27 18:33:17,902 - DEBUG - Done with GL000195.1- [line 2477356]
2020-08-27 18:33:17,902 - DEBUG - Assigning indexes to genes
2020-08-27 18:33:17,902 - DEBUG - Seen 32322 genes until now
2020-08-27 18:33:17,902 - DEBUG - Parsing Chromosome GL000195.1 strand + [line 2477357]
2020-08-27 18:33:17,902 - DEBUG - Done with GL000195.1+ [line 2477370]
2020-08-27 18:33:17,902 - DEBUG - Assigning indexes to genes
2020-08-27 18:33:17,902 - DEBUG - Seen 32323 genes until now
2020-08-27 18:33:17,902 - DEBUG - Parsing Chromosome GL000205.2 strand - [line 2477371]
2020-08-27 18:33:17,902 - DEBUG - Done with GL000205.2- [line 2477384]
2020-08-27 18:33:17,902 - DEBUG - Assigning indexes to genes
2020-08-27 18:33:17,902 - DEBUG - Seen 32324 genes until now
2020-08-27 18:33:17,902 - DEBUG - Parsing Chromosome GL000213.1 strand - [line 2477385]
2020-08-27 18:33:17,902 - DEBUG - Done with GL000213.1- [line 2477433]
2020-08-27 18:33:17,902 - DEBUG - Assigning indexes to genes
2020-08-27 18:33:17,902 - DEBUG - Seen 32325 genes until now
2020-08-27 18:33:17,902 - DEBUG - Parsing Chromosome GL000218.1 strand - [line 2477434]
2020-08-27 18:33:17,903 - DEBUG - Done with GL000218.1- [line 2477441]
2020-08-27 18:33:17,903 - DEBUG - Assigning indexes to genes
2020-08-27 18:33:17,903 - DEBUG - Seen 32326 genes until now
2020-08-27 18:33:17,903 - DEBUG - Parsing Chromosome GL000219.1 strand - [line 2477442]
2020-08-27 18:33:17,903 - DEBUG - Done with GL000219.1- [line 2477453]
2020-08-27 18:33:17,903 - DEBUG - Assigning indexes to genes
2020-08-27 18:33:17,903 - DEBUG - Seen 32327 genes until now
2020-08-27 18:33:17,903 - DEBUG - Parsing Chromosome KI270711.1 strand - [line 2477454]
2020-08-27 18:33:17,903 - DEBUG - Done with KI270711.1- [line 2477604]
2020-08-27 18:33:17,904 - DEBUG - Assigning indexes to genes
2020-08-27 18:33:17,904 - DEBUG - Seen 32328 genes until now
2020-08-27 18:33:17,904 - DEBUG - Parsing Chromosome KI270713.1 strand - [line 2477605]
2020-08-27 18:33:17,904 - DEBUG - Done with KI270713.1- [line 2477612]
2020-08-27 18:33:17,904 - DEBUG - Assigning indexes to genes
2020-08-27 18:33:17,904 - DEBUG - Seen 32329 genes until now
2020-08-27 18:33:17,904 - DEBUG - Parsing Chromosome KI270713.1 strand + [line 2477613]
2020-08-27 18:33:17,904 - DEBUG - Done with KI270713.1+ [line 2477618]
2020-08-27 18:33:17,904 - DEBUG - Assigning indexes to genes
2020-08-27 18:33:17,904 - DEBUG - Seen 32330 genes until now
2020-08-27 18:33:17,904 - DEBUG - Parsing Chromosome KI270721.1 strand + [line 2477619]
2020-08-27 18:33:17,904 - DEBUG - Done with KI270721.1+ [line 2477634]
2020-08-27 18:33:17,904 - DEBUG - Assigning indexes to genes
2020-08-27 18:33:17,904 - DEBUG - Seen 32331 genes until now
2020-08-27 18:33:17,904 - DEBUG - Parsing Chromosome KI270726.1 strand + [line 2477635]
2020-08-27 18:33:17,904 - DEBUG - Done with KI270726.1+ [line 2477645]
2020-08-27 18:33:17,904 - DEBUG - Assigning indexes to genes
2020-08-27 18:33:17,904 - DEBUG - Seen 32333 genes until now
2020-08-27 18:33:17,904 - DEBUG - Parsing Chromosome KI270727.1 strand - [line 2477646]
2020-08-27 18:33:17,905 - DEBUG - Done with KI270727.1- [line 2477704]
2020-08-27 18:33:17,905 - DEBUG - Assigning indexes to genes
2020-08-27 18:33:17,905 - DEBUG - Seen 32335 genes until now
2020-08-27 18:33:17,905 - DEBUG - Parsing Chromosome KI270727.1 strand + [line 2477705]
2020-08-27 18:33:17,905 - DEBUG - Done with KI270727.1+ [line 2477719]
2020-08-27 18:33:17,905 - DEBUG - Assigning indexes to genes
2020-08-27 18:33:17,905 - DEBUG - Seen 32337 genes until now
2020-08-27 18:33:17,905 - DEBUG - Parsing Chromosome KI270728.1 strand - [line 2477720]
2020-08-27 18:33:17,905 - DEBUG - Done with KI270728.1- [line 2477796]
2020-08-27 18:33:17,905 - DEBUG - Assigning indexes to genes
2020-08-27 18:33:17,905 - DEBUG - Seen 32339 genes until now
2020-08-27 18:33:17,905 - DEBUG - Parsing Chromosome KI270728.1 strand + [line 2477797]
2020-08-27 18:33:17,906 - DEBUG - Done with KI270728.1+ [line 2477833]
2020-08-27 18:33:17,906 - DEBUG - Assigning indexes to genes
2020-08-27 18:33:17,906 - DEBUG - Seen 32343 genes until now
2020-08-27 18:33:17,906 - DEBUG - Parsing Chromosome KI270731.1 strand - [line 2477834]
2020-08-27 18:33:17,906 - DEBUG - Done with KI270731.1- [line 2477840]
2020-08-27 18:33:17,906 - DEBUG - Assigning indexes to genes
2020-08-27 18:33:17,906 - DEBUG - Seen 32344 genes until now
2020-08-27 18:33:17,906 - DEBUG - Parsing Chromosome KI270734.1 strand - [line 2477841]
2020-08-27 18:33:17,906 - DEBUG - Done with KI270734.1- [line 2477909]
2020-08-27 18:33:17,906 - DEBUG - Assigning indexes to genes
2020-08-27 18:33:17,906 - DEBUG - Seen 32345 genes until now
2020-08-27 18:33:17,906 - DEBUG - Parsing Chromosome KI270734.1 strand + [line 2477910]
2020-08-27 18:33:17,906 - DEBUG - Done with KI270734.1+ [line 2477932]
2020-08-27 18:33:17,906 - DEBUG - Assigning indexes to genes
2020-08-27 18:33:17,906 - DEBUG - Seen 32347 genes until now
2020-08-27 18:33:17,907 - DEBUG - Parsing Chromosome MT strand - [line 2477933]
2020-08-27 18:33:17,907 - DEBUG - Done with MT- [line 2477938]
2020-08-27 18:33:17,907 - DEBUG - Assigning indexes to genes
2020-08-27 18:33:17,907 - DEBUG - Seen 32348 genes until now
2020-08-27 18:33:17,907 - DEBUG - Parsing Chromosome MT strand + [line 2477939]
2020-08-27 18:33:17,907 - DEBUG - Done with MT+ [line 2478004]
2020-08-27 18:33:17,907 - DEBUG - Assigning indexes to genes
2020-08-27 18:33:17,907 - DEBUG - Seen 32360 genes until now
2020-08-27 18:33:17,907 - DEBUG - Parsing Chromosome X strand - [line 2478005]
2020-08-27 18:33:18,072 - DEBUG - Done with X- [line 2518937]
2020-08-27 18:33:18,072 - DEBUG - Assigning indexes to genes
2020-08-27 18:33:18,075 - DEBUG - Seen 32876 genes until now
2020-08-27 18:33:18,075 - DEBUG - Parsing Chromosome X strand + [line 2518938]
2020-08-27 18:33:18,242 - DEBUG - Done with X+ [line 2560301]
2020-08-27 18:33:18,242 - DEBUG - Assigning indexes to genes
2020-08-27 18:33:18,245 - DEBUG - Seen 33438 genes until now
2020-08-27 18:33:18,245 - DEBUG - Parsing Chromosome Y strand - [line 2560302]
2020-08-27 18:33:18,255 - DEBUG - Done with Y- [line 2562446]
2020-08-27 18:33:18,255 - DEBUG - Assigning indexes to genes
2020-08-27 18:33:18,255 - DEBUG - Seen 33485 genes until now
2020-08-27 18:33:18,255 - DEBUG - Parsing Chromosome Y strand + [line 2562447]
2020-08-27 18:33:18,266 - DEBUG - Assigning indexes to genes
2020-08-27 18:33:18,266 - DEBUG - Done with Y+ [line 2565059]
2020-08-27 18:33:18,266 - DEBUG - Fixing corner cases of transcript models containg intron longer than 1000Kbp
2020-08-27 18:33:20,225 - DEBUG - Generated 2165800 features corresponding to 172912 transcript models from /net/isi-dcnl/ifs/user_data/abild/Genomes/refdata-cellranger-GRCh38-3.0.0/genes/genes.gtf
2020-08-27 18:33:20,261 - INFO - Scan /net/isi-dcnl/ifs/user_data/abild/Megatron_data/COH055/FEL025028.mRNA/cell_ranger/FEL026_S/outs/possorted_genome_bam.bam to validate intron intervals
2020-08-27 18:33:24,326 - DEBUG - Reading /net/isi-dcnl/ifs/user_data/abild/Megatron_data/COH055/FEL025028.mRNA/cell_ranger/FEL026_S/outs/possorted_genome_bam.bam
2020-08-27 18:33:24,342 - DEBUG - Read first 0 million reads
2020-08-27 18:33:24,343 - DEBUG - Marking up chromosome 1
2020-08-27 18:35:03,141 - DEBUG - Read first 10 million reads
2020-08-27 18:35:42,641 - DEBUG - Marking up chromosome 10
2020-08-27 18:36:31,364 - DEBUG - Marking up chromosome 11
2020-08-27 18:36:46,840 - DEBUG - Read first 20 million reads
2020-08-27 18:38:02,473 - DEBUG - Marking up chromosome 12
2020-08-27 18:38:44,734 - DEBUG - Read first 30 million reads
2020-08-27 18:39:16,986 - DEBUG - Marking up chromosome 13
2020-08-27 18:39:39,793 - DEBUG - Marking up chromosome 14
2020-08-27 18:40:22,591 - DEBUG - Marking up chromosome 15
2020-08-27 18:40:33,928 - DEBUG - Read first 40 million reads
2020-08-27 18:40:59,342 - DEBUG - Marking up chromosome 16
2020-08-27 18:42:01,162 - DEBUG - Marking up chromosome 17
2020-08-27 18:42:14,304 - DEBUG - Read first 50 million reads
2020-08-27 18:43:02,019 - DEBUG - Marking up chromosome 18
2020-08-27 18:43:25,732 - DEBUG - Marking up chromosome 19
2020-08-27 18:44:04,376 - DEBUG - Read first 60 million reads
2020-08-27 18:44:24,268 - DEBUG - Marking up chromosome 2
2020-08-27 18:45:39,441 - DEBUG - Marking up chromosome 20
2020-08-27 18:45:46,668 - DEBUG - Read first 70 million reads
2020-08-27 18:46:04,885 - DEBUG - Marking up chromosome 21
2020-08-27 18:46:22,869 - DEBUG - Read first 80 million reads
2020-08-27 18:46:43,151 - DEBUG - Marking up chromosome 22
2020-08-27 18:47:03,661 - DEBUG - Marking up chromosome 3
2020-08-27 18:47:48,922 - DEBUG - Read first 90 million reads
2020-08-27 18:48:06,263 - DEBUG - Marking up chromosome 4
2020-08-27 18:48:53,555 - DEBUG - Marking up chromosome 5
2020-08-27 18:49:31,256 - DEBUG - Read first 100 million reads
2020-08-27 18:50:13,195 - DEBUG - Marking up chromosome 6
2020-08-27 18:51:06,852 - DEBUG - Marking up chromosome 7
2020-08-27 18:51:14,580 - DEBUG - Read first 110 million reads
2020-08-27 18:52:01,715 - DEBUG - Marking up chromosome 8
2020-08-27 18:52:59,073 - DEBUG - Marking up chromosome 9
2020-08-27 18:53:00,506 - DEBUG - Read first 120 million reads
2020-08-27 18:53:39,350 - DEBUG - Marking up chromosome MT
2020-08-27 18:53:51,431 - DEBUG - Marking up chromosome X
2020-08-27 18:54:18,402 - DEBUG - Marking up chromosome Y
2020-08-27 18:54:18,463 - DEBUG - Marking up chromosome KI270728.1
2020-08-27 18:54:18,468 - DEBUG - Marking up chromosome KI270727.1
2020-08-27 18:54:18,589 - DEBUG - Marking up chromosome KI270442.1
2020-08-27 18:54:18,590 - WARNING - The .bam file refers to a chromosome 'KI270442.1+' not present in the annotation (.gtf) file
2020-08-27 18:54:18,590 - WARNING - The .bam file refers to a chromosome 'KI270442.1-' not present in the annotation (.gtf) file
2020-08-27 18:54:18,599 - DEBUG - Marking up chromosome KI270729.1
2020-08-27 18:54:18,599 - WARNING - The .bam file refers to a chromosome 'KI270729.1+' not present in the annotation (.gtf) file
2020-08-27 18:54:18,599 - WARNING - The .bam file refers to a chromosome 'KI270729.1-' not present in the annotation (.gtf) file
2020-08-27 18:54:18,600 - DEBUG - Marking up chromosome KI270743.1
2020-08-27 18:54:18,600 - WARNING - The .bam file refers to a chromosome 'KI270743.1+' not present in the annotation (.gtf) file
2020-08-27 18:54:18,600 - WARNING - The .bam file refers to a chromosome 'KI270743.1-' not present in the annotation (.gtf) file
2020-08-27 18:54:18,602 - DEBUG - Marking up chromosome GL000008.2
2020-08-27 18:54:18,602 - WARNING - The .bam file refers to a chromosome 'GL000008.2+' not present in the annotation (.gtf) file
2020-08-27 18:54:18,602 - WARNING - The .bam file refers to a chromosome 'GL000008.2-' not present in the annotation (.gtf) file
2020-08-27 18:54:18,610 - DEBUG - Marking up chromosome GL000009.2
2020-08-27 18:54:18,610 - WARNING - The .bam file refers to a chromosome 'GL000009.2+' not present in the annotation (.gtf) file
2020-08-27 18:54:18,614 - DEBUG - Marking up chromosome KI270722.1
2020-08-27 18:54:18,614 - WARNING - The .bam file refers to a chromosome 'KI270722.1+' not present in the annotation (.gtf) file
2020-08-27 18:54:18,614 - WARNING - The .bam file refers to a chromosome 'KI270722.1-' not present in the annotation (.gtf) file
2020-08-27 18:54:18,615 - DEBUG - Marking up chromosome GL000194.1
2020-08-27 18:54:18,615 - WARNING - The .bam file refers to a chromosome 'GL000194.1+' not present in the annotation (.gtf) file
2020-08-27 18:54:18,678 - DEBUG - Marking up chromosome KI270742.1
2020-08-27 18:54:18,678 - WARNING - The .bam file refers to a chromosome 'KI270742.1+' not present in the annotation (.gtf) file
2020-08-27 18:54:18,678 - WARNING - The .bam file refers to a chromosome 'KI270742.1-' not present in the annotation (.gtf) file
2020-08-27 18:54:18,688 - DEBUG - Marking up chromosome GL000205.2
2020-08-27 18:54:18,688 - WARNING - The .bam file refers to a chromosome 'GL000205.2+' not present in the annotation (.gtf) file
2020-08-27 18:54:18,696 - DEBUG - Marking up chromosome GL000195.1
2020-08-27 18:54:18,746 - DEBUG - Marking up chromosome KI270733.1
2020-08-27 18:54:18,746 - WARNING - The .bam file refers to a chromosome 'KI270733.1+' not present in the annotation (.gtf) file
2020-08-27 18:54:18,746 - WARNING - The .bam file refers to a chromosome 'KI270733.1-' not present in the annotation (.gtf) file
2020-08-27 18:54:21,212 - DEBUG - Read first 130 million reads
2020-08-27 18:54:31,358 - DEBUG - Marking up chromosome GL000224.1
2020-08-27 18:54:31,358 - WARNING - The .bam file refers to a chromosome 'GL000224.1+' not present in the annotation (.gtf) file
2020-08-27 18:54:31,358 - WARNING - The .bam file refers to a chromosome 'GL000224.1-' not present in the annotation (.gtf) file
2020-08-27 18:54:31,361 - DEBUG - Marking up chromosome GL000219.1
2020-08-27 18:54:31,361 - WARNING - The .bam file refers to a chromosome 'GL000219.1+' not present in the annotation (.gtf) file
2020-08-27 18:54:31,402 - DEBUG - Marking up chromosome KI270719.1
2020-08-27 18:54:31,402 - WARNING - The .bam file refers to a chromosome 'KI270719.1+' not present in the annotation (.gtf) file
2020-08-27 18:54:31,402 - WARNING - The .bam file refers to a chromosome 'KI270719.1-' not present in the annotation (.gtf) file
2020-08-27 18:54:31,412 - DEBUG - Marking up chromosome GL000216.2
2020-08-27 18:54:31,412 - WARNING - The .bam file refers to a chromosome 'GL000216.2+' not present in the annotation (.gtf) file
2020-08-27 18:54:31,412 - WARNING - The .bam file refers to a chromosome 'GL000216.2-' not present in the annotation (.gtf) file
2020-08-27 18:54:31,412 - DEBUG - Marking up chromosome KI270712.1
2020-08-27 18:54:31,412 - WARNING - The .bam file refers to a chromosome 'KI270712.1+' not present in the annotation (.gtf) file
2020-08-27 18:54:31,412 - WARNING - The .bam file refers to a chromosome 'KI270712.1-' not present in the annotation (.gtf) file
2020-08-27 18:54:31,415 - DEBUG - Marking up chromosome KI270706.1
2020-08-27 18:54:31,416 - WARNING - The .bam file refers to a chromosome 'KI270706.1+' not present in the annotation (.gtf) file
2020-08-27 18:54:31,416 - WARNING - The .bam file refers to a chromosome 'KI270706.1-' not present in the annotation (.gtf) file
2020-08-27 18:54:31,428 - DEBUG - Marking up chromosome KI270725.1
2020-08-27 18:54:31,428 - WARNING - The .bam file refers to a chromosome 'KI270725.1+' not present in the annotation (.gtf) file
2020-08-27 18:54:31,428 - WARNING - The .bam file refers to a chromosome 'KI270725.1-' not present in the annotation (.gtf) file
2020-08-27 18:54:31,429 - DEBUG - Marking up chromosome KI270744.1
2020-08-27 18:54:31,429 - WARNING - The .bam file refers to a chromosome 'KI270744.1+' not present in the annotation (.gtf) file
2020-08-27 18:54:31,429 - WARNING - The .bam file refers to a chromosome 'KI270744.1-' not present in the annotation (.gtf) file
2020-08-27 18:54:31,434 - DEBUG - Marking up chromosome KI270734.1
2020-08-27 18:54:31,465 - DEBUG - Marking up chromosome GL000213.1
2020-08-27 18:54:31,465 - WARNING - The .bam file refers to a chromosome 'GL000213.1+' not present in the annotation (.gtf) file
2020-08-27 18:54:31,562 - DEBUG - Marking up chromosome GL000220.1
2020-08-27 18:54:31,562 - WARNING - The .bam file refers to a chromosome 'GL000220.1+' not present in the annotation (.gtf) file
2020-08-27 18:54:31,562 - WARNING - The .bam file refers to a chromosome 'GL000220.1-' not present in the annotation (.gtf) file
2020-08-27 18:54:42,769 - DEBUG - Read first 140 million reads
2020-08-27 18:54:44,231 - DEBUG - Marking up chromosome KI270715.1
2020-08-27 18:54:44,231 - WARNING - The .bam file refers to a chromosome 'KI270715.1+' not present in the annotation (.gtf) file
2020-08-27 18:54:44,232 - WARNING - The .bam file refers to a chromosome 'KI270715.1-' not present in the annotation (.gtf) file
2020-08-27 18:54:44,232 - DEBUG - Marking up chromosome GL000218.1
2020-08-27 18:54:44,232 - WARNING - The .bam file refers to a chromosome 'GL000218.1+' not present in the annotation (.gtf) file
2020-08-27 18:54:44,241 - DEBUG - Marking up chromosome KI270749.1
2020-08-27 18:54:44,241 - WARNING - The .bam file refers to a chromosome 'KI270749.1+' not present in the annotation (.gtf) file
2020-08-27 18:54:44,241 - WARNING - The .bam file refers to a chromosome 'KI270749.1-' not present in the annotation (.gtf) file
2020-08-27 18:54:44,241 - DEBUG - Marking up chromosome KI270741.1
2020-08-27 18:54:44,241 - WARNING - The .bam file refers to a chromosome 'KI270741.1+' not present in the annotation (.gtf) file
2020-08-27 18:54:44,241 - WARNING - The .bam file refers to a chromosome 'KI270741.1-' not present in the annotation (.gtf) file
2020-08-27 18:54:44,242 - DEBUG - Marking up chromosome GL000221.1
2020-08-27 18:54:44,242 - WARNING - The .bam file refers to a chromosome 'GL000221.1+' not present in the annotation (.gtf) file
2020-08-27 18:54:44,242 - WARNING - The .bam file refers to a chromosome 'GL000221.1-' not present in the annotation (.gtf) file
2020-08-27 18:54:44,252 - DEBUG - Marking up chromosome KI270731.1
2020-08-27 18:54:44,252 - WARNING - The .bam file refers to a chromosome 'KI270731.1+' not present in the annotation (.gtf) file
2020-08-27 18:54:44,258 - DEBUG - Marking up chromosome KI270751.1
2020-08-27 18:54:44,258 - WARNING - The .bam file refers to a chromosome 'KI270751.1+' not present in the annotation (.gtf) file
2020-08-27 18:54:44,258 - WARNING - The .bam file refers to a chromosome 'KI270751.1-' not present in the annotation (.gtf) file
2020-08-27 18:54:44,258 - DEBUG - Marking up chromosome KI270750.1
2020-08-27 18:54:44,258 - WARNING - The .bam file refers to a chromosome 'KI270750.1+' not present in the annotation (.gtf) file
2020-08-27 18:54:44,258 - WARNING - The .bam file refers to a chromosome 'KI270750.1-' not present in the annotation (.gtf) file
2020-08-27 18:54:44,259 - DEBUG - Marking up chromosome GL000214.1
2020-08-27 18:54:44,259 - WARNING - The .bam file refers to a chromosome 'GL000214.1+' not present in the annotation (.gtf) file
2020-08-27 18:54:44,260 - WARNING - The .bam file refers to a chromosome 'GL000214.1-' not present in the annotation (.gtf) file
2020-08-27 18:54:44,260 - DEBUG - Marking up chromosome KI270708.1
2020-08-27 18:54:44,260 - WARNING - The .bam file refers to a chromosome 'KI270708.1+' not present in the annotation (.gtf) file
2020-08-27 18:54:44,260 - WARNING - The .bam file refers to a chromosome 'KI270708.1-' not present in the annotation (.gtf) file
2020-08-27 18:54:44,260 - DEBUG - Marking up chromosome KI270721.1
2020-08-27 18:54:44,260 - WARNING - The .bam file refers to a chromosome 'KI270721.1-' not present in the annotation (.gtf) file
2020-08-27 18:54:44,278 - DEBUG - Marking up chromosome KI270738.1
2020-08-27 18:54:44,278 - WARNING - The .bam file refers to a chromosome 'KI270738.1+' not present in the annotation (.gtf) file
2020-08-27 18:54:44,278 - WARNING - The .bam file refers to a chromosome 'KI270738.1-' not present in the annotation (.gtf) file
2020-08-27 18:54:44,283 - DEBUG - Marking up chromosome KI270748.1
2020-08-27 18:54:44,283 - WARNING - The .bam file refers to a chromosome 'KI270748.1+' not present in the annotation (.gtf) file
2020-08-27 18:54:44,283 - WARNING - The .bam file refers to a chromosome 'KI270748.1-' not present in the annotation (.gtf) file
2020-08-27 18:54:44,286 - DEBUG - Marking up chromosome GL000208.1
2020-08-27 18:54:44,286 - WARNING - The .bam file refers to a chromosome 'GL000208.1+' not present in the annotation (.gtf) file
2020-08-27 18:54:44,286 - WARNING - The .bam file refers to a chromosome 'GL000208.1-' not present in the annotation (.gtf) file
2020-08-27 18:54:44,286 - DEBUG - Marking up chromosome KI270709.1
2020-08-27 18:54:44,286 - WARNING - The .bam file refers to a chromosome 'KI270709.1+' not present in the annotation (.gtf) file
2020-08-27 18:54:44,286 - WARNING - The .bam file refers to a chromosome 'KI270709.1-' not present in the annotation (.gtf) file
2020-08-27 18:54:44,287 - DEBUG - Marking up chromosome KI270753.1
2020-08-27 18:54:44,287 - WARNING - The .bam file refers to a chromosome 'KI270753.1+' not present in the annotation (.gtf) file
2020-08-27 18:54:44,287 - WARNING - The .bam file refers to a chromosome 'KI270753.1-' not present in the annotation (.gtf) file
2020-08-27 18:54:44,287 - DEBUG - Marking up chromosome KI270589.1
2020-08-27 18:54:44,287 - WARNING - The .bam file refers to a chromosome 'KI270589.1+' not present in the annotation (.gtf) file
2020-08-27 18:54:44,287 - WARNING - The .bam file refers to a chromosome 'KI270589.1-' not present in the annotation (.gtf) file
2020-08-27 18:54:44,287 - DEBUG - Marking up chromosome KI270735.1
2020-08-27 18:54:44,287 - WARNING - The .bam file refers to a chromosome 'KI270735.1+' not present in the annotation (.gtf) file
2020-08-27 18:54:44,287 - WARNING - The .bam file refers to a chromosome 'KI270735.1-' not present in the annotation (.gtf) file
2020-08-27 18:54:44,287 - DEBUG - Marking up chromosome KI270711.1
2020-08-27 18:54:44,287 - WARNING - The .bam file refers to a chromosome 'KI270711.1+' not present in the annotation (.gtf) file
2020-08-27 18:54:44,342 - DEBUG - Marking up chromosome KI270745.1
2020-08-27 18:54:44,342 - WARNING - The .bam file refers to a chromosome 'KI270745.1+' not present in the annotation (.gtf) file
2020-08-27 18:54:44,342 - WARNING - The .bam file refers to a chromosome 'KI270745.1-' not present in the annotation (.gtf) file
2020-08-27 18:54:44,350 - DEBUG - Marking up chromosome KI270714.1
2020-08-27 18:54:44,350 - WARNING - The .bam file refers to a chromosome 'KI270714.1+' not present in the annotation (.gtf) file
2020-08-27 18:54:44,350 - WARNING - The .bam file refers to a chromosome 'KI270714.1-' not present in the annotation (.gtf) file
2020-08-27 18:54:44,353 - DEBUG - Marking up chromosome KI270713.1
2020-08-27 18:54:44,357 - DEBUG - Marking up chromosome KI270717.1
2020-08-27 18:54:44,357 - WARNING - The .bam file refers to a chromosome 'KI270717.1+' not present in the annotation (.gtf) file
2020-08-27 18:54:44,357 - WARNING - The .bam file refers to a chromosome 'KI270717.1-' not present in the annotation (.gtf) file
2020-08-27 18:54:44,358 - DEBUG - Marking up chromosome KI270720.1
2020-08-27 18:54:44,358 - WARNING - The .bam file refers to a chromosome 'KI270720.1+' not present in the annotation (.gtf) file
2020-08-27 18:54:44,358 - WARNING - The .bam file refers to a chromosome 'KI270720.1-' not present in the annotation (.gtf) file
2020-08-27 18:54:44,359 - DEBUG - Marking up chromosome KI270723.1
2020-08-27 18:54:44,359 - WARNING - The .bam file refers to a chromosome 'KI270723.1+' not present in the annotation (.gtf) file
2020-08-27 18:54:44,359 - WARNING - The .bam file refers to a chromosome 'KI270723.1-' not present in the annotation (.gtf) file
2020-08-27 18:54:44,364 - DEBUG - Marking up chromosome KI270718.1
2020-08-27 18:54:44,364 - WARNING - The .bam file refers to a chromosome 'KI270718.1+' not present in the annotation (.gtf) file
2020-08-27 18:54:44,364 - WARNING - The .bam file refers to a chromosome 'KI270718.1-' not present in the annotation (.gtf) file
2020-08-27 18:54:44,435 - DEBUG - Marking up chromosome KI270755.1
2020-08-27 18:54:44,435 - WARNING - The .bam file refers to a chromosome 'KI270755.1+' not present in the annotation (.gtf) file
2020-08-27 18:54:44,435 - WARNING - The .bam file refers to a chromosome 'KI270755.1-' not present in the annotation (.gtf) file
2020-08-27 18:54:44,435 - DEBUG - Marking up chromosome KI270707.1
2020-08-27 18:54:44,435 - WARNING - The .bam file refers to a chromosome 'KI270707.1+' not present in the annotation (.gtf) file
2020-08-27 18:54:44,435 - WARNING - The .bam file refers to a chromosome 'KI270707.1-' not present in the annotation (.gtf) file
2020-08-27 18:54:44,436 - DEBUG - Marking up chromosome KI270330.1
2020-08-27 18:54:44,436 - WARNING - The .bam file refers to a chromosome 'KI270330.1+' not present in the annotation (.gtf) file
2020-08-27 18:54:44,436 - WARNING - The .bam file refers to a chromosome 'KI270330.1-' not present in the annotation (.gtf) file
2020-08-27 18:54:44,437 - DEBUG - Marking up chromosome KI270544.1
2020-08-27 18:54:44,437 - WARNING - The .bam file refers to a chromosome 'KI270544.1+' not present in the annotation (.gtf) file
2020-08-27 18:54:44,437 - WARNING - The .bam file refers to a chromosome 'KI270544.1-' not present in the annotation (.gtf) file
2020-08-27 18:54:54,561 - DEBUG - End of file. Reset index: start scanning from initial position.
2020-08-27 18:54:54,562 - DEBUG - 2865639 reads were skipped because no apropiate cell or umi barcode was found
2020-08-27 18:54:54,562 - DEBUG - Start molecule counting!
2020-08-27 18:54:58,661 - DEBUG - Features available for chromosomes : ['1-', '1+', '10-', '10+', '11-', '11+', '12-', '12+', '13-', '13+', '14-', '14+', '15-', '15+', '16-', '16+', '17-', '17+', '18-', '18+', '19-', '19+', '2-', '2+', '20-', '20+', '21-', '21+', '22-', '22+', '3-', '3+', '4-', '4+', '5-', '5+', '6-', '6+', '7-', '7+', '8-', '8+', '9-', '9+', 'GL000009.2-', 'GL000194.1-', 'GL000195.1-', 'GL000195.1+', 'GL000205.2-', 'GL000213.1-', 'GL000218.1-', 'GL000219.1-', 'KI270711.1-', 'KI270713.1-', 'KI270713.1+', 'KI270721.1+', 'KI270726.1+', 'KI270727.1-', 'KI270727.1+', 'KI270728.1-', 'KI270728.1+', 'KI270731.1-', 'KI270734.1-', 'KI270734.1+', 'MT-', 'MT+', 'X-', 'X+', 'Y-', 'Y+']
2020-08-27 18:54:58,662 - DEBUG - Mask available for chromosomes : []
2020-08-27 18:54:58,662 - DEBUG - Summarizing the results of intron validation.
2020-08-27 18:54:59,374 - DEBUG - Validated 501676 introns (of which unique intervals 159711) out of 996444 total possible introns (considering each possible transcript models).
2020-08-27 18:54:59,375 - DEBUG - Reading /net/isi-dcnl/ifs/user_data/abild/Megatron_data/COH055/FEL025028.mRNA/cell_ranger/FEL026_S/outs/cellsorted_possorted_genome_bam.bam
2020-08-27 18:54:59,426 - DEBUG - Read first 0 million reads
2020-08-27 18:55:31,231 - DEBUG - Read first 10 million reads
2020-08-27 18:55:50,536 - DEBUG - Counting for batch 1, containing 100 cells and 1313150 reads
2020-08-27 18:56:37,704 - DEBUG - 0 reads not considered because fully enclosed in repeat masked regions
2020-08-27 18:57:17,581 - DEBUG - Counting for batch 2, containing 100 cells and 1427361 reads
2020-08-27 18:58:08,947 - DEBUG - 0 reads not considered because fully enclosed in repeat masked regions
2020-08-27 18:58:45,129 - DEBUG - Counting for batch 3, containing 100 cells and 1254681 reads
2020-08-27 18:59:33,370 - DEBUG - 0 reads not considered because fully enclosed in repeat masked regions
2020-08-27 18:59:48,155 - DEBUG - Read first 20 million reads
2020-08-27 19:00:08,184 - DEBUG - Counting for batch 4, containing 100 cells and 1280037 reads
2020-08-27 19:00:57,223 - DEBUG - 0 reads not considered because fully enclosed in repeat masked regions
2020-08-27 19:01:32,159 - DEBUG - Counting for batch 5, containing 100 cells and 1212314 reads
2020-08-27 19:02:19,155 - DEBUG - 0 reads not considered because fully enclosed in repeat masked regions
2020-08-27 19:02:52,259 - DEBUG - Counting for batch 6, containing 100 cells and 1333140 reads
2020-08-27 19:03:44,178 - DEBUG - 0 reads not considered because fully enclosed in repeat masked regions
2020-08-27 19:03:59,835 - DEBUG - Read first 30 million reads
2020-08-27 19:04:21,919 - DEBUG - Counting for batch 7, containing 100 cells and 1588616 reads
2020-08-27 19:05:20,357 - DEBUG - 0 reads not considered because fully enclosed in repeat masked regions
2020-08-27 19:05:58,408 - DEBUG - Counting for batch 8, containing 100 cells and 1226195 reads
2020-08-27 19:06:43,020 - DEBUG - 0 reads not considered because fully enclosed in repeat masked regions
2020-08-27 19:07:22,959 - DEBUG - Read first 40 million reads
2020-08-27 19:07:24,327 - DEBUG - Counting for batch 9, containing 100 cells and 1718727 reads
2020-08-27 19:08:28,840 - DEBUG - 0 reads not considered because fully enclosed in repeat masked regions
2020-08-27 19:09:04,595 - DEBUG - Counting for batch 10, containing 100 cells and 1220167 reads
2020-08-27 19:09:49,369 - DEBUG - 0 reads not considered because fully enclosed in repeat masked regions
2020-08-27 19:10:24,017 - DEBUG - Counting for batch 11, containing 100 cells and 1246939 reads
2020-08-27 19:11:12,271 - DEBUG - 0 reads not considered because fully enclosed in repeat masked regions
2020-08-27 19:11:46,174 - DEBUG - Read first 50 million reads
2020-08-27 19:11:49,513 - DEBUG - Counting for batch 12, containing 100 cells and 1397322 reads
2020-08-27 19:12:40,490 - DEBUG - 0 reads not considered because fully enclosed in repeat masked regions
2020-08-27 19:13:20,635 - DEBUG - Counting for batch 13, containing 100 cells and 1356918 reads
2020-08-27 19:14:13,604 - DEBUG - 0 reads not considered because fully enclosed in repeat masked regions
2020-08-27 19:14:44,779 - DEBUG - Counting for batch 14, containing 100 cells and 1060489 reads
2020-08-27 19:15:25,734 - DEBUG - 0 reads not considered because fully enclosed in repeat masked regions
2020-08-27 19:15:55,147 - DEBUG - Read first 60 million reads
2020-08-27 19:16:00,105 - DEBUG - Counting for batch 15, containing 100 cells and 1178114 reads
2020-08-27 19:16:45,160 - DEBUG - 0 reads not considered because fully enclosed in repeat masked regions
2020-08-27 19:17:19,696 - DEBUG - Counting for batch 16, containing 100 cells and 1287358 reads
2020-08-27 19:18:10,629 - DEBUG - 0 reads not considered because fully enclosed in repeat masked regions
2020-08-27 19:18:40,796 - DEBUG - Counting for batch 17, containing 100 cells and 1021642 reads
2020-08-27 19:19:20,631 - DEBUG - 0 reads not considered because fully enclosed in repeat masked regions
2020-08-27 19:19:52,135 - DEBUG - Read first 70 million reads
2020-08-27 19:19:57,475 - DEBUG - Counting for batch 18, containing 100 cells and 1690606 reads
2020-08-27 19:21:01,195 - DEBUG - 0 reads not considered because fully enclosed in repeat masked regions
2020-08-27 19:21:34,343 - DEBUG - Counting for batch 19, containing 100 cells and 1047907 reads
2020-08-27 19:22:13,821 - DEBUG - 0 reads not considered because fully enclosed in repeat masked regions
2020-08-27 19:22:48,490 - DEBUG - Counting for batch 20, containing 100 cells and 1300451 reads
2020-08-27 19:23:36,284 - DEBUG - 0 reads not considered because fully enclosed in repeat masked regions
2020-08-27 19:24:11,465 - DEBUG - Counting for batch 21, containing 100 cells and 1132084 reads
2020-08-27 19:24:54,318 - DEBUG - 0 reads not considered because fully enclosed in repeat masked regions
2020-08-27 19:25:05,768 - DEBUG - Read first 80 million reads
2020-08-27 19:25:29,170 - DEBUG - Counting for batch 22, containing 100 cells and 1233856 reads
2020-08-27 19:26:14,813 - DEBUG - 0 reads not considered because fully enclosed in repeat masked regions
2020-08-27 19:26:50,641 - DEBUG - Counting for batch 23, containing 100 cells and 1334399 reads
2020-08-27 19:27:42,333 - DEBUG - 0 reads not considered because fully enclosed in repeat masked regions
2020-08-27 19:28:19,347 - DEBUG - Read first 90 million reads
2020-08-27 19:28:20,889 - DEBUG - Counting for batch 24, containing 100 cells and 1453981 reads
2020-08-27 19:29:15,872 - DEBUG - 0 reads not considered because fully enclosed in repeat masked regions
2020-08-27 19:29:54,245 - DEBUG - Counting for batch 25, containing 100 cells and 1293759 reads
2020-08-27 19:30:44,571 - DEBUG - 0 reads not considered because fully enclosed in repeat masked regions
2020-08-27 19:31:15,727 - DEBUG - Counting for batch 26, containing 100 cells and 1140436 reads
2020-08-27 19:31:58,867 - DEBUG - 0 reads not considered because fully enclosed in repeat masked regions
2020-08-27 19:32:30,850 - DEBUG - Read first 100 million reads
2020-08-27 19:32:32,988 - DEBUG - Counting for batch 27, containing 100 cells and 1190570 reads
2020-08-27 19:33:16,804 - DEBUG - 0 reads not considered because fully enclosed in repeat masked regions
2020-08-27 19:33:47,778 - DEBUG - Counting for batch 28, containing 100 cells and 1044437 reads
2020-08-27 19:34:29,702 - DEBUG - 0 reads not considered because fully enclosed in repeat masked regions
2020-08-27 19:34:59,378 - DEBUG - Counting for batch 29, containing 100 cells and 1162813 reads
2020-08-27 19:35:44,748 - DEBUG - 0 reads not considered because fully enclosed in repeat masked regions
2020-08-27 19:36:15,948 - DEBUG - Counting for batch 30, containing 100 cells and 1175257 reads
2020-08-27 19:37:01,338 - DEBUG - 0 reads not considered because fully enclosed in repeat masked regions
2020-08-27 19:37:15,081 - DEBUG - Read first 110 million reads
2020-08-27 19:37:35,497 - DEBUG - Counting for batch 31, containing 100 cells and 1342545 reads
2020-08-27 19:38:24,090 - DEBUG - 0 reads not considered because fully enclosed in repeat masked regions
2020-08-27 19:39:00,639 - DEBUG - Counting for batch 32, containing 100 cells and 1312950 reads
2020-08-27 19:39:51,091 - DEBUG - 0 reads not considered because fully enclosed in repeat masked regions
2020-08-27 19:40:29,753 - DEBUG - Counting for batch 33, containing 100 cells and 1487161 reads
2020-08-27 19:41:26,483 - DEBUG - 0 reads not considered because fully enclosed in repeat masked regions
2020-08-27 19:41:42,996 - DEBUG - Read first 120 million reads
2020-08-27 19:42:00,567 - DEBUG - Counting for batch 34, containing 100 cells and 1220617 reads
2020-08-27 19:42:48,141 - DEBUG - 0 reads not considered because fully enclosed in repeat masked regions
2020-08-27 19:43:22,842 - DEBUG - Counting for batch 35, containing 100 cells and 1293955 reads
2020-08-27 19:44:12,568 - DEBUG - 0 reads not considered because fully enclosed in repeat masked regions
2020-08-27 19:44:46,079 - DEBUG - Counting for batch 36, containing 100 cells and 1176039 reads
2020-08-27 19:45:31,908 - DEBUG - 0 reads not considered because fully enclosed in repeat masked regions
2020-08-27 19:45:46,061 - DEBUG - Read first 130 million reads
2020-08-27 19:46:05,459 - DEBUG - Counting for batch 37, containing 100 cells and 1152924 reads
2020-08-27 19:46:50,953 - DEBUG - 0 reads not considered because fully enclosed in repeat masked regions
2020-08-27 19:47:23,380 - DEBUG - Counting for batch 38, containing 100 cells and 1220979 reads
2020-08-27 19:48:10,602 - DEBUG - 0 reads not considered because fully enclosed in repeat masked regions
2020-08-27 19:48:43,871 - DEBUG - Read first 140 million reads
2020-08-27 19:48:43,892 - DEBUG - Counting for batch 39, containing 100 cells and 1257568 reads
2020-08-27 19:49:32,262 - DEBUG - 0 reads not considered because fully enclosed in repeat masked regions
2020-08-27 19:50:13,442 - DEBUG - Counting for batch 40, containing 100 cells and 1661000 reads
2020-08-27 19:51:16,472 - DEBUG - 0 reads not considered because fully enclosed in repeat masked regions
2020-08-27 19:51:41,328 - DEBUG - Counting for batch 41, containing 44 cells and 482536 reads
2020-08-27 19:51:57,156 - DEBUG - 0 reads not considered because fully enclosed in repeat masked regions
2020-08-27 19:52:01,259 - DEBUG - 2865639 reads were skipped because no apropiate cell or umi barcode was found
2020-08-27 19:52:01,259 - DEBUG - Counting done!
2020-08-27 19:52:01,291 - DEBUG - Generating output file /net/isi-dcnl/ifs/user_data/abild/Megatron_data/COH055/FEL025028.mRNA/cell_ranger/FEL026_S/velocyto/FEL026_S.loom
2020-08-27 19:52:01,291 - DEBUG - Collecting row attributes
2020-08-27 19:52:01,387 - DEBUG - Generating data table
2020-08-27 19:52:03,076 - DEBUG - Writing loom file
2020-08-27 19:52:11,735 - DEBUG - Terminated Succesfully!
Start: 1598578365
End: 1598583134
Run time: 4769
Done
