CPU: 16
N: 16
Step1: Analyze spliced and unspliced reads and genrate a loom file for velocityR
Run velocyto to generate loom file
2020-08-27 16:31:03,608 - DEBUG - Using logic: Default
2020-08-27 16:31:03,611 - INFO - Read 907 cell barcodes from /net/isi-dcnl/ifs/user_data/abild/Megatron_data/COH044/FELINE/FEL012016.mRNA/FEL016_count03/FEL016_E/outs/filtered_feature_bc_matrix/barcodes.tsv.gz
2020-08-27 16:31:03,611 - DEBUG - Example of barcode: AAACCCAAGTCATCCA and cell_id: FEL016_E:AAACCCAAGTCATCCA-1
2020-08-27 16:31:03,629 - DEBUG - Peeking into /net/isi-dcnl/ifs/user_data/abild/Megatron_data/COH044/FELINE/FEL012016.mRNA/FEL016_count03/FEL016_E/outs/possorted_genome_bam.bam
2020-08-27 16:31:03,668 - WARNING - Not found cell and umi barcode in entry 29 of the bam file
2020-08-27 16:31:03,670 - WARNING - Not found cell and umi barcode in entry 30 of the bam file
2020-08-27 16:31:03,670 - WARNING - Not found cell and umi barcode in entry 67 of the bam file
2020-08-27 16:31:03,671 - WARNING - Not found cell and umi barcode in entry 244 of the bam file
2020-08-27 16:31:03,671 - WARNING - Not found cell and umi barcode in entry 245 of the bam file
2020-08-27 16:31:03,671 - WARNING - Not found cell and umi barcode in entry 246 of the bam file
2020-08-27 16:31:03,671 - WARNING - Not found cell and umi barcode in entry 247 of the bam file
2020-08-27 16:31:03,671 - WARNING - Not found cell and umi barcode in entry 248 of the bam file
2020-08-27 16:31:03,671 - WARNING - Not found cell and umi barcode in entry 249 of the bam file
2020-08-27 16:31:03,671 - WARNING - Not found cell and umi barcode in entry 250 of the bam file
2020-08-27 16:31:03,671 - WARNING - Not found cell and umi barcode in entry 251 of the bam file
2020-08-27 16:31:03,671 - WARNING - Not found cell and umi barcode in entry 252 of the bam file
2020-08-27 16:31:03,673 - WARNING - Not found cell and umi barcode in entry 635 of the bam file
2020-08-27 16:31:03,673 - WARNING - Not found cell and umi barcode in entry 705 of the bam file
2020-08-27 16:31:03,673 - WARNING - Not found cell and umi barcode in entry 706 of the bam file
2020-08-27 16:31:03,674 - WARNING - Not found cell and umi barcode in entry 730 of the bam file
2020-08-27 16:31:03,674 - WARNING - Not found cell and umi barcode in entry 739 of the bam file
2020-08-27 16:31:03,674 - WARNING - Not found cell and umi barcode in entry 800 of the bam file
2020-08-27 16:31:03,674 - WARNING - Not found cell and umi barcode in entry 801 of the bam file
2020-08-27 16:31:03,674 - WARNING - Not found cell and umi barcode in entry 802 of the bam file
2020-08-27 16:31:03,712 - WARNING - The file /net/isi-dcnl/ifs/user_data/abild/Megatron_data/COH044/FELINE/FEL012016.mRNA/FEL016_count03/FEL016_E/outs/cellsorted_possorted_genome_bam.bam already exists. The sorting step will be skipped and the existing file will be used.
2020-08-27 16:31:03,712 - INFO - Load the annotation from /net/isi-dcnl/ifs/user_data/abild/Genomes/refdata-cellranger-GRCh38-3.0.0/genes/genes.gtf
2020-08-27 16:31:12,014 - DEBUG - Parsing Chromosome 1 strand - [line 0]
2020-08-27 16:31:12,656 - DEBUG - Done with 1- [line 108728]
2020-08-27 16:31:12,657 - DEBUG - Assigning indexes to genes
2020-08-27 16:31:12,667 - DEBUG - Seen 1561 genes until now
2020-08-27 16:31:12,667 - DEBUG - Parsing Chromosome 1 strand + [line 108729]
2020-08-27 16:31:13,411 - DEBUG - Done with 1+ [line 232515]
2020-08-27 16:31:13,411 - DEBUG - Assigning indexes to genes
2020-08-27 16:31:13,636 - DEBUG - Seen 3154 genes until now
2020-08-27 16:31:13,636 - DEBUG - Parsing Chromosome 10 strand - [line 232516]
2020-08-27 16:31:13,847 - DEBUG - Done with 10- [line 279343]
2020-08-27 16:31:13,847 - DEBUG - Assigning indexes to genes
2020-08-27 16:31:13,850 - DEBUG - Seen 3737 genes until now
2020-08-27 16:31:13,850 - DEBUG - Parsing Chromosome 10 strand + [line 279344]
2020-08-27 16:31:14,047 - DEBUG - Done with 10+ [line 323872]
2020-08-27 16:31:14,047 - DEBUG - Assigning indexes to genes
2020-08-27 16:31:14,050 - DEBUG - Seen 4384 genes until now
2020-08-27 16:31:14,050 - DEBUG - Parsing Chromosome 11 strand - [line 323873]
2020-08-27 16:31:14,637 - DEBUG - Done with 11- [line 402908]
2020-08-27 16:31:14,637 - DEBUG - Assigning indexes to genes
2020-08-27 16:31:14,644 - DEBUG - Seen 5320 genes until now
2020-08-27 16:31:14,644 - DEBUG - Parsing Chromosome 11 strand + [line 402909]
2020-08-27 16:31:14,986 - DEBUG - Done with 11+ [line 482591]
2020-08-27 16:31:14,986 - DEBUG - Assigning indexes to genes
2020-08-27 16:31:15,256 - DEBUG - Seen 6305 genes until now
2020-08-27 16:31:15,256 - DEBUG - Parsing Chromosome 12 strand - [line 482592]
2020-08-27 16:31:15,594 - DEBUG - Done with 12- [line 559278]
2020-08-27 16:31:15,594 - DEBUG - Assigning indexes to genes
2020-08-27 16:31:15,600 - DEBUG - Seen 7177 genes until now
2020-08-27 16:31:15,601 - DEBUG - Parsing Chromosome 12 strand + [line 559279]
2020-08-27 16:31:15,932 - DEBUG - Done with 12+ [line 635173]
2020-08-27 16:31:15,932 - DEBUG - Assigning indexes to genes
2020-08-27 16:31:15,940 - DEBUG - Seen 8070 genes until now
2020-08-27 16:31:15,940 - DEBUG - Parsing Chromosome 13 strand - [line 635174]
2020-08-27 16:31:16,348 - DEBUG - Done with 13- [line 653523]
2020-08-27 16:31:16,348 - DEBUG - Assigning indexes to genes
2020-08-27 16:31:16,350 - DEBUG - Seen 8400 genes until now
2020-08-27 16:31:16,350 - DEBUG - Parsing Chromosome 13 strand + [line 653524]
2020-08-27 16:31:16,436 - DEBUG - Done with 13+ [line 673091]
2020-08-27 16:31:16,436 - DEBUG - Assigning indexes to genes
2020-08-27 16:31:16,438 - DEBUG - Seen 8736 genes until now
2020-08-27 16:31:16,438 - DEBUG - Parsing Chromosome 14 strand - [line 673092]
2020-08-27 16:31:16,627 - DEBUG - Done with 14- [line 716831]
2020-08-27 16:31:16,627 - DEBUG - Assigning indexes to genes
2020-08-27 16:31:16,631 - DEBUG - Seen 9452 genes until now
2020-08-27 16:31:16,631 - DEBUG - Parsing Chromosome 14 strand + [line 716832]
2020-08-27 16:31:16,841 - DEBUG - Done with 14+ [line 764942]
2020-08-27 16:31:16,841 - DEBUG - Assigning indexes to genes
2020-08-27 16:31:16,845 - DEBUG - Seen 10121 genes until now
2020-08-27 16:31:16,845 - DEBUG - Parsing Chromosome 15 strand - [line 764943]
2020-08-27 16:31:17,063 - DEBUG - Done with 15- [line 813803]
2020-08-27 16:31:17,063 - DEBUG - Assigning indexes to genes
2020-08-27 16:31:17,067 - DEBUG - Seen 10698 genes until now
2020-08-27 16:31:17,067 - DEBUG - Parsing Chromosome 15 strand + [line 813804]
2020-08-27 16:31:17,258 - DEBUG - Done with 15+ [line 857859]
2020-08-27 16:31:17,258 - DEBUG - Assigning indexes to genes
2020-08-27 16:31:17,262 - DEBUG - Seen 11256 genes until now
2020-08-27 16:31:17,262 - DEBUG - Parsing Chromosome 16 strand - [line 857860]
2020-08-27 16:31:17,830 - DEBUG - Done with 16- [line 911118]
2020-08-27 16:31:17,830 - DEBUG - Assigning indexes to genes
2020-08-27 16:31:17,835 - DEBUG - Seen 11998 genes until now
2020-08-27 16:31:17,835 - DEBUG - Parsing Chromosome 16 strand + [line 911119]
2020-08-27 16:31:18,142 - DEBUG - Done with 16+ [line 981663]
2020-08-27 16:31:18,142 - DEBUG - Assigning indexes to genes
2020-08-27 16:31:18,148 - DEBUG - Seen 12787 genes until now
2020-08-27 16:31:18,148 - DEBUG - Parsing Chromosome 17 strand - [line 981664]
2020-08-27 16:31:18,527 - DEBUG - Done with 17- [line 1066635]
2020-08-27 16:31:18,527 - DEBUG - Assigning indexes to genes
2020-08-27 16:31:18,535 - DEBUG - Seen 13775 genes until now
2020-08-27 16:31:18,535 - DEBUG - Parsing Chromosome 17 strand + [line 1066636]
2020-08-27 16:31:19,269 - DEBUG - Done with 17+ [line 1143834]
2020-08-27 16:31:19,269 - DEBUG - Assigning indexes to genes
2020-08-27 16:31:19,277 - DEBUG - Seen 14681 genes until now
2020-08-27 16:31:19,277 - DEBUG - Parsing Chromosome 18 strand - [line 1143835]
2020-08-27 16:31:19,386 - DEBUG - Done with 18- [line 1168496]
2020-08-27 16:31:19,386 - DEBUG - Assigning indexes to genes
2020-08-27 16:31:19,387 - DEBUG - Seen 15006 genes until now
2020-08-27 16:31:19,387 - DEBUG - Parsing Chromosome 18 strand + [line 1168497]
2020-08-27 16:31:19,482 - DEBUG - Done with 18+ [line 1189691]
2020-08-27 16:31:19,482 - DEBUG - Assigning indexes to genes
2020-08-27 16:31:19,484 - DEBUG - Seen 15343 genes until now
2020-08-27 16:31:19,484 - DEBUG - Parsing Chromosome 19 strand - [line 1189692]
2020-08-27 16:31:19,823 - DEBUG - Done with 19- [line 1268854]
2020-08-27 16:31:19,823 - DEBUG - Assigning indexes to genes
2020-08-27 16:31:19,830 - DEBUG - Seen 16352 genes until now
2020-08-27 16:31:19,830 - DEBUG - Parsing Chromosome 19 strand + [line 1268855]
2020-08-27 16:31:20,182 - DEBUG - Done with 19+ [line 1351833]
2020-08-27 16:31:20,182 - DEBUG - Assigning indexes to genes
2020-08-27 16:31:20,190 - DEBUG - Seen 17347 genes until now
2020-08-27 16:31:20,190 - DEBUG - Parsing Chromosome 2 strand - [line 1351834]
2020-08-27 16:31:20,622 - DEBUG - Done with 2- [line 1448710]
2020-08-27 16:31:20,622 - DEBUG - Assigning indexes to genes
2020-08-27 16:31:20,630 - DEBUG - Seen 18472 genes until now
2020-08-27 16:31:20,630 - DEBUG - Parsing Chromosome 2 strand + [line 1448711]
2020-08-27 16:31:21,518 - DEBUG - Done with 2+ [line 1542602]
2020-08-27 16:31:21,518 - DEBUG - Assigning indexes to genes
2020-08-27 16:31:21,527 - DEBUG - Seen 19632 genes until now
2020-08-27 16:31:21,527 - DEBUG - Parsing Chromosome 20 strand - [line 1542603]
2020-08-27 16:31:21,642 - DEBUG - Done with 20- [line 1569195]
2020-08-27 16:31:21,643 - DEBUG - Assigning indexes to genes
2020-08-27 16:31:21,645 - DEBUG - Seen 20079 genes until now
2020-08-27 16:31:21,645 - DEBUG - Parsing Chromosome 20 strand + [line 1569196]
2020-08-27 16:31:21,780 - DEBUG - Done with 20+ [line 1600541]
2020-08-27 16:31:21,780 - DEBUG - Assigning indexes to genes
2020-08-27 16:31:21,783 - DEBUG - Seen 20527 genes until now
2020-08-27 16:31:21,783 - DEBUG - Parsing Chromosome 21 strand - [line 1600542]
2020-08-27 16:31:21,843 - DEBUG - Done with 21- [line 1614106]
2020-08-27 16:31:21,843 - DEBUG - Assigning indexes to genes
2020-08-27 16:31:21,844 - DEBUG - Seen 20795 genes until now
2020-08-27 16:31:21,844 - DEBUG - Parsing Chromosome 21 strand + [line 1614107]
2020-08-27 16:31:21,909 - DEBUG - Done with 21+ [line 1628392]
2020-08-27 16:31:21,909 - DEBUG - Assigning indexes to genes
2020-08-27 16:31:21,910 - DEBUG - Seen 21029 genes until now
2020-08-27 16:31:21,910 - DEBUG - Parsing Chromosome 22 strand - [line 1628393]
2020-08-27 16:31:22,021 - DEBUG - Done with 22- [line 1653805]
2020-08-27 16:31:22,021 - DEBUG - Assigning indexes to genes
2020-08-27 16:31:22,023 - DEBUG - Seen 21391 genes until now
2020-08-27 16:31:22,023 - DEBUG - Parsing Chromosome 22 strand + [line 1653806]
2020-08-27 16:31:22,156 - DEBUG - Done with 22+ [line 1684245]
2020-08-27 16:31:22,156 - DEBUG - Assigning indexes to genes
2020-08-27 16:31:22,160 - DEBUG - Seen 21866 genes until now
2020-08-27 16:31:22,160 - DEBUG - Parsing Chromosome 3 strand - [line 1684246]
2020-08-27 16:31:22,512 - DEBUG - Done with 3- [line 1763939]
2020-08-27 16:31:22,512 - DEBUG - Assigning indexes to genes
2020-08-27 16:31:22,519 - DEBUG - Seen 22713 genes until now
2020-08-27 16:31:22,519 - DEBUG - Parsing Chromosome 3 strand + [line 1763940]
2020-08-27 16:31:22,871 - DEBUG - Done with 3+ [line 1844840]
2020-08-27 16:31:22,871 - DEBUG - Assigning indexes to genes
2020-08-27 16:31:22,878 - DEBUG - Seen 23585 genes until now
2020-08-27 16:31:22,878 - DEBUG - Parsing Chromosome 4 strand - [line 1844841]
2020-08-27 16:31:23,705 - DEBUG - Done with 4- [line 1898665]
2020-08-27 16:31:23,705 - DEBUG - Assigning indexes to genes
2020-08-27 16:31:23,710 - DEBUG - Seen 24246 genes until now
2020-08-27 16:31:23,710 - DEBUG - Parsing Chromosome 4 strand + [line 1898666]
2020-08-27 16:31:23,919 - DEBUG - Done with 4+ [line 1947617]
2020-08-27 16:31:23,919 - DEBUG - Assigning indexes to genes
2020-08-27 16:31:23,923 - DEBUG - Seen 24938 genes until now
2020-08-27 16:31:23,923 - DEBUG - Parsing Chromosome 5 strand - [line 1947618]
2020-08-27 16:31:24,158 - DEBUG - Done with 5- [line 2001140]
2020-08-27 16:31:24,158 - DEBUG - Assigning indexes to genes
2020-08-27 16:31:24,163 - DEBUG - Seen 25741 genes until now
2020-08-27 16:31:24,163 - DEBUG - Parsing Chromosome 5 strand + [line 2001141]
2020-08-27 16:31:24,426 - DEBUG - Done with 5+ [line 2062165]
2020-08-27 16:31:24,426 - DEBUG - Assigning indexes to genes
2020-08-27 16:31:24,431 - DEBUG - Seen 26599 genes until now
2020-08-27 16:31:24,431 - DEBUG - Parsing Chromosome 6 strand - [line 2062166]
2020-08-27 16:31:24,689 - DEBUG - Done with 6- [line 2121425]
2020-08-27 16:31:24,690 - DEBUG - Assigning indexes to genes
2020-08-27 16:31:24,694 - DEBUG - Seen 27435 genes until now
2020-08-27 16:31:24,694 - DEBUG - Parsing Chromosome 6 strand + [line 2121426]
2020-08-27 16:31:24,936 - DEBUG - Done with 6+ [line 2176078]
2020-08-27 16:31:24,936 - DEBUG - Assigning indexes to genes
2020-08-27 16:31:24,940 - DEBUG - Seen 28231 genes until now
2020-08-27 16:31:24,940 - DEBUG - Parsing Chromosome 7 strand - [line 2176079]
2020-08-27 16:31:25,193 - DEBUG - Done with 7- [line 2233605]
2020-08-27 16:31:25,193 - DEBUG - Assigning indexes to genes
2020-08-27 16:31:25,198 - DEBUG - Seen 28953 genes until now
2020-08-27 16:31:25,198 - DEBUG - Parsing Chromosome 7 strand + [line 2233606]
2020-08-27 16:31:25,463 - DEBUG - Done with 7+ [line 2295513]
2020-08-27 16:31:25,463 - DEBUG - Assigning indexes to genes
2020-08-27 16:31:25,468 - DEBUG - Seen 29770 genes until now
2020-08-27 16:31:25,468 - DEBUG - Parsing Chromosome 8 strand - [line 2295514]
2020-08-27 16:31:25,672 - DEBUG - Done with 8- [line 2343289]
2020-08-27 16:31:25,672 - DEBUG - Assigning indexes to genes
2020-08-27 16:31:25,676 - DEBUG - Seen 30442 genes until now
2020-08-27 16:31:25,676 - DEBUG - Parsing Chromosome 8 strand + [line 2343290]
2020-08-27 16:31:25,862 - DEBUG - Done with 8+ [line 2386793]
2020-08-27 16:31:25,862 - DEBUG - Assigning indexes to genes
2020-08-27 16:31:25,866 - DEBUG - Seen 31090 genes until now
2020-08-27 16:31:25,866 - DEBUG - Parsing Chromosome 9 strand - [line 2386794]
2020-08-27 16:31:26,691 - DEBUG - Done with 9- [line 2430389]
2020-08-27 16:31:26,691 - DEBUG - Assigning indexes to genes
2020-08-27 16:31:26,695 - DEBUG - Seen 31710 genes until now
2020-08-27 16:31:26,695 - DEBUG - Parsing Chromosome 9 strand + [line 2430390]
2020-08-27 16:31:26,900 - DEBUG - Done with 9+ [line 2477312]
2020-08-27 16:31:26,900 - DEBUG - Assigning indexes to genes
2020-08-27 16:31:26,903 - DEBUG - Seen 32318 genes until now
2020-08-27 16:31:26,903 - DEBUG - Parsing Chromosome GL000009.2 strand - [line 2477313]
2020-08-27 16:31:26,903 - DEBUG - Done with GL000009.2- [line 2477320]
2020-08-27 16:31:26,904 - DEBUG - Assigning indexes to genes
2020-08-27 16:31:26,904 - DEBUG - Seen 32319 genes until now
2020-08-27 16:31:26,904 - DEBUG - Parsing Chromosome GL000194.1 strand - [line 2477321]
2020-08-27 16:31:26,904 - DEBUG - Done with GL000194.1- [line 2477346]
2020-08-27 16:31:26,904 - DEBUG - Assigning indexes to genes
2020-08-27 16:31:26,904 - DEBUG - Seen 32321 genes until now
2020-08-27 16:31:26,904 - DEBUG - Parsing Chromosome GL000195.1 strand - [line 2477347]
2020-08-27 16:31:26,904 - DEBUG - Done with GL000195.1- [line 2477356]
2020-08-27 16:31:26,904 - DEBUG - Assigning indexes to genes
2020-08-27 16:31:26,904 - DEBUG - Seen 32322 genes until now
2020-08-27 16:31:26,904 - DEBUG - Parsing Chromosome GL000195.1 strand + [line 2477357]
2020-08-27 16:31:26,904 - DEBUG - Done with GL000195.1+ [line 2477370]
2020-08-27 16:31:26,904 - DEBUG - Assigning indexes to genes
2020-08-27 16:31:26,904 - DEBUG - Seen 32323 genes until now
2020-08-27 16:31:26,904 - DEBUG - Parsing Chromosome GL000205.2 strand - [line 2477371]
2020-08-27 16:31:26,904 - DEBUG - Done with GL000205.2- [line 2477384]
2020-08-27 16:31:26,904 - DEBUG - Assigning indexes to genes
2020-08-27 16:31:26,904 - DEBUG - Seen 32324 genes until now
2020-08-27 16:31:26,904 - DEBUG - Parsing Chromosome GL000213.1 strand - [line 2477385]
2020-08-27 16:31:26,905 - DEBUG - Done with GL000213.1- [line 2477433]
2020-08-27 16:31:26,905 - DEBUG - Assigning indexes to genes
2020-08-27 16:31:26,905 - DEBUG - Seen 32325 genes until now
2020-08-27 16:31:26,905 - DEBUG - Parsing Chromosome GL000218.1 strand - [line 2477434]
2020-08-27 16:31:26,905 - DEBUG - Done with GL000218.1- [line 2477441]
2020-08-27 16:31:26,905 - DEBUG - Assigning indexes to genes
2020-08-27 16:31:26,905 - DEBUG - Seen 32326 genes until now
2020-08-27 16:31:26,905 - DEBUG - Parsing Chromosome GL000219.1 strand - [line 2477442]
2020-08-27 16:31:26,905 - DEBUG - Done with GL000219.1- [line 2477453]
2020-08-27 16:31:26,905 - DEBUG - Assigning indexes to genes
2020-08-27 16:31:26,905 - DEBUG - Seen 32327 genes until now
2020-08-27 16:31:26,905 - DEBUG - Parsing Chromosome KI270711.1 strand - [line 2477454]
2020-08-27 16:31:26,906 - DEBUG - Done with KI270711.1- [line 2477604]
2020-08-27 16:31:26,906 - DEBUG - Assigning indexes to genes
2020-08-27 16:31:26,906 - DEBUG - Seen 32328 genes until now
2020-08-27 16:31:26,906 - DEBUG - Parsing Chromosome KI270713.1 strand - [line 2477605]
2020-08-27 16:31:26,906 - DEBUG - Done with KI270713.1- [line 2477612]
2020-08-27 16:31:26,906 - DEBUG - Assigning indexes to genes
2020-08-27 16:31:26,906 - DEBUG - Seen 32329 genes until now
2020-08-27 16:31:26,906 - DEBUG - Parsing Chromosome KI270713.1 strand + [line 2477613]
2020-08-27 16:31:26,906 - DEBUG - Done with KI270713.1+ [line 2477618]
2020-08-27 16:31:26,906 - DEBUG - Assigning indexes to genes
2020-08-27 16:31:26,906 - DEBUG - Seen 32330 genes until now
2020-08-27 16:31:26,906 - DEBUG - Parsing Chromosome KI270721.1 strand + [line 2477619]
2020-08-27 16:31:26,907 - DEBUG - Done with KI270721.1+ [line 2477634]
2020-08-27 16:31:26,907 - DEBUG - Assigning indexes to genes
2020-08-27 16:31:26,907 - DEBUG - Seen 32331 genes until now
2020-08-27 16:31:26,907 - DEBUG - Parsing Chromosome KI270726.1 strand + [line 2477635]
2020-08-27 16:31:26,907 - DEBUG - Done with KI270726.1+ [line 2477645]
2020-08-27 16:31:26,907 - DEBUG - Assigning indexes to genes
2020-08-27 16:31:26,907 - DEBUG - Seen 32333 genes until now
2020-08-27 16:31:26,907 - DEBUG - Parsing Chromosome KI270727.1 strand - [line 2477646]
2020-08-27 16:31:26,907 - DEBUG - Done with KI270727.1- [line 2477704]
2020-08-27 16:31:26,907 - DEBUG - Assigning indexes to genes
2020-08-27 16:31:26,907 - DEBUG - Seen 32335 genes until now
2020-08-27 16:31:26,907 - DEBUG - Parsing Chromosome KI270727.1 strand + [line 2477705]
2020-08-27 16:31:26,907 - DEBUG - Done with KI270727.1+ [line 2477719]
2020-08-27 16:31:26,907 - DEBUG - Assigning indexes to genes
2020-08-27 16:31:26,907 - DEBUG - Seen 32337 genes until now
2020-08-27 16:31:26,907 - DEBUG - Parsing Chromosome KI270728.1 strand - [line 2477720]
2020-08-27 16:31:26,908 - DEBUG - Done with KI270728.1- [line 2477796]
2020-08-27 16:31:26,908 - DEBUG - Assigning indexes to genes
2020-08-27 16:31:26,908 - DEBUG - Seen 32339 genes until now
2020-08-27 16:31:26,908 - DEBUG - Parsing Chromosome KI270728.1 strand + [line 2477797]
2020-08-27 16:31:26,908 - DEBUG - Done with KI270728.1+ [line 2477833]
2020-08-27 16:31:26,908 - DEBUG - Assigning indexes to genes
2020-08-27 16:31:26,908 - DEBUG - Seen 32343 genes until now
2020-08-27 16:31:26,908 - DEBUG - Parsing Chromosome KI270731.1 strand - [line 2477834]
2020-08-27 16:31:26,908 - DEBUG - Done with KI270731.1- [line 2477840]
2020-08-27 16:31:26,908 - DEBUG - Assigning indexes to genes
2020-08-27 16:31:26,908 - DEBUG - Seen 32344 genes until now
2020-08-27 16:31:26,908 - DEBUG - Parsing Chromosome KI270734.1 strand - [line 2477841]
2020-08-27 16:31:26,909 - DEBUG - Done with KI270734.1- [line 2477909]
2020-08-27 16:31:26,909 - DEBUG - Assigning indexes to genes
2020-08-27 16:31:26,909 - DEBUG - Seen 32345 genes until now
2020-08-27 16:31:26,909 - DEBUG - Parsing Chromosome KI270734.1 strand + [line 2477910]
2020-08-27 16:31:26,909 - DEBUG - Done with KI270734.1+ [line 2477932]
2020-08-27 16:31:26,909 - DEBUG - Assigning indexes to genes
2020-08-27 16:31:26,909 - DEBUG - Seen 32347 genes until now
2020-08-27 16:31:26,909 - DEBUG - Parsing Chromosome MT strand - [line 2477933]
2020-08-27 16:31:26,909 - DEBUG - Done with MT- [line 2477938]
2020-08-27 16:31:26,909 - DEBUG - Assigning indexes to genes
2020-08-27 16:31:26,909 - DEBUG - Seen 32348 genes until now
2020-08-27 16:31:26,909 - DEBUG - Parsing Chromosome MT strand + [line 2477939]
2020-08-27 16:31:26,909 - DEBUG - Done with MT+ [line 2478004]
2020-08-27 16:31:26,910 - DEBUG - Assigning indexes to genes
2020-08-27 16:31:26,910 - DEBUG - Seen 32360 genes until now
2020-08-27 16:31:26,910 - DEBUG - Parsing Chromosome X strand - [line 2478005]
2020-08-27 16:31:27,082 - DEBUG - Done with X- [line 2518937]
2020-08-27 16:31:27,082 - DEBUG - Assigning indexes to genes
2020-08-27 16:31:27,085 - DEBUG - Seen 32876 genes until now
2020-08-27 16:31:27,085 - DEBUG - Parsing Chromosome X strand + [line 2518938]
2020-08-27 16:31:27,257 - DEBUG - Done with X+ [line 2560301]
2020-08-27 16:31:27,257 - DEBUG - Assigning indexes to genes
2020-08-27 16:31:27,261 - DEBUG - Seen 33438 genes until now
2020-08-27 16:31:27,261 - DEBUG - Parsing Chromosome Y strand - [line 2560302]
2020-08-27 16:31:27,270 - DEBUG - Done with Y- [line 2562446]
2020-08-27 16:31:27,270 - DEBUG - Assigning indexes to genes
2020-08-27 16:31:27,271 - DEBUG - Seen 33485 genes until now
2020-08-27 16:31:27,271 - DEBUG - Parsing Chromosome Y strand + [line 2562447]
2020-08-27 16:31:27,282 - DEBUG - Assigning indexes to genes
2020-08-27 16:31:27,282 - DEBUG - Done with Y+ [line 2565059]
2020-08-27 16:31:27,282 - DEBUG - Fixing corner cases of transcript models containg intron longer than 1000Kbp
2020-08-27 16:31:29,146 - DEBUG - Generated 2165800 features corresponding to 172912 transcript models from /net/isi-dcnl/ifs/user_data/abild/Genomes/refdata-cellranger-GRCh38-3.0.0/genes/genes.gtf
2020-08-27 16:31:29,175 - INFO - Scan /net/isi-dcnl/ifs/user_data/abild/Megatron_data/COH044/FELINE/FEL012016.mRNA/FEL016_count03/FEL016_E/outs/possorted_genome_bam.bam to validate intron intervals
2020-08-27 16:31:33,136 - DEBUG - Reading /net/isi-dcnl/ifs/user_data/abild/Megatron_data/COH044/FELINE/FEL012016.mRNA/FEL016_count03/FEL016_E/outs/possorted_genome_bam.bam
2020-08-27 16:31:33,152 - DEBUG - Read first 0 million reads
2020-08-27 16:31:33,153 - DEBUG - Marking up chromosome 1
2020-08-27 16:32:55,137 - DEBUG - Read first 10 million reads
2020-08-27 16:33:48,902 - DEBUG - Marking up chromosome 10
2020-08-27 16:34:34,137 - DEBUG - Read first 20 million reads
2020-08-27 16:34:51,460 - DEBUG - Marking up chromosome 11
2020-08-27 16:36:32,388 - DEBUG - Read first 30 million reads
2020-08-27 16:36:51,375 - DEBUG - Marking up chromosome 12
2020-08-27 16:38:04,590 - DEBUG - Read first 40 million reads
2020-08-27 16:38:08,528 - DEBUG - Marking up chromosome 13
2020-08-27 16:38:40,704 - DEBUG - Marking up chromosome 14
2020-08-27 16:39:39,256 - DEBUG - Marking up chromosome 15
2020-08-27 16:39:39,499 - DEBUG - Read first 50 million reads
2020-08-27 16:40:24,531 - DEBUG - Marking up chromosome 16
2020-08-27 16:41:06,396 - DEBUG - Read first 60 million reads
2020-08-27 16:41:28,903 - DEBUG - Marking up chromosome 17
2020-08-27 16:42:52,583 - DEBUG - Marking up chromosome 18
2020-08-27 16:42:55,692 - DEBUG - Read first 70 million reads
2020-08-27 16:43:19,714 - DEBUG - Marking up chromosome 19
2020-08-27 16:44:22,352 - DEBUG - Marking up chromosome 2
2020-08-27 16:44:43,965 - DEBUG - Read first 80 million reads
2020-08-27 16:46:16,958 - DEBUG - Marking up chromosome 20
2020-08-27 16:46:22,520 - DEBUG - Read first 90 million reads
2020-08-27 16:46:51,150 - DEBUG - Marking up chromosome 21
2020-08-27 16:47:06,523 - DEBUG - Read first 100 million reads
2020-08-27 16:47:27,853 - DEBUG - Read first 110 million reads
2020-08-27 16:47:49,058 - DEBUG - Read first 120 million reads
2020-08-27 16:48:10,279 - DEBUG - Read first 130 million reads
2020-08-27 16:48:31,413 - DEBUG - Read first 140 million reads
2020-08-27 16:48:52,551 - DEBUG - Read first 150 million reads
2020-08-27 16:49:08,280 - DEBUG - Marking up chromosome 22
2020-08-27 16:49:41,761 - DEBUG - Marking up chromosome 3
2020-08-27 16:50:38,461 - DEBUG - Read first 160 million reads
2020-08-27 16:51:19,248 - DEBUG - Marking up chromosome 4
2020-08-27 16:52:18,845 - DEBUG - Marking up chromosome 5
2020-08-27 16:52:24,051 - DEBUG - Read first 170 million reads
2020-08-27 16:53:36,911 - DEBUG - Marking up chromosome 6
2020-08-27 16:53:55,027 - DEBUG - Read first 180 million reads
2020-08-27 16:54:53,707 - DEBUG - Marking up chromosome 7
2020-08-27 16:55:28,993 - DEBUG - Read first 190 million reads
2020-08-27 16:56:11,831 - DEBUG - Marking up chromosome 8
2020-08-27 16:57:05,879 - DEBUG - Read first 200 million reads
2020-08-27 16:57:19,267 - DEBUG - Marking up chromosome 9
2020-08-27 16:58:13,686 - DEBUG - Marking up chromosome MT
2020-08-27 16:58:17,177 - DEBUG - Marking up chromosome X
2020-08-27 16:58:36,206 - DEBUG - Read first 210 million reads
2020-08-27 16:58:53,807 - DEBUG - Marking up chromosome Y
2020-08-27 16:58:53,932 - DEBUG - Marking up chromosome KI270728.1
2020-08-27 16:58:53,939 - DEBUG - Marking up chromosome KI270727.1
2020-08-27 16:58:53,950 - DEBUG - Marking up chromosome KI270442.1
2020-08-27 16:58:53,950 - WARNING - The .bam file refers to a chromosome 'KI270442.1+' not present in the annotation (.gtf) file
2020-08-27 16:58:53,950 - WARNING - The .bam file refers to a chromosome 'KI270442.1-' not present in the annotation (.gtf) file
2020-08-27 16:58:53,960 - DEBUG - Marking up chromosome KI270729.1
2020-08-27 16:58:53,960 - WARNING - The .bam file refers to a chromosome 'KI270729.1+' not present in the annotation (.gtf) file
2020-08-27 16:58:53,960 - WARNING - The .bam file refers to a chromosome 'KI270729.1-' not present in the annotation (.gtf) file
2020-08-27 16:58:53,961 - DEBUG - Marking up chromosome GL000225.1
2020-08-27 16:58:53,961 - WARNING - The .bam file refers to a chromosome 'GL000225.1+' not present in the annotation (.gtf) file
2020-08-27 16:58:53,961 - WARNING - The .bam file refers to a chromosome 'GL000225.1-' not present in the annotation (.gtf) file
2020-08-27 16:58:53,961 - DEBUG - Marking up chromosome KI270743.1
2020-08-27 16:58:53,961 - WARNING - The .bam file refers to a chromosome 'KI270743.1+' not present in the annotation (.gtf) file
2020-08-27 16:58:53,961 - WARNING - The .bam file refers to a chromosome 'KI270743.1-' not present in the annotation (.gtf) file
2020-08-27 16:58:53,970 - DEBUG - Marking up chromosome GL000008.2
2020-08-27 16:58:53,970 - WARNING - The .bam file refers to a chromosome 'GL000008.2+' not present in the annotation (.gtf) file
2020-08-27 16:58:53,970 - WARNING - The .bam file refers to a chromosome 'GL000008.2-' not present in the annotation (.gtf) file
2020-08-27 16:58:53,979 - DEBUG - Marking up chromosome GL000009.2
2020-08-27 16:58:53,979 - WARNING - The .bam file refers to a chromosome 'GL000009.2+' not present in the annotation (.gtf) file
2020-08-27 16:58:53,997 - DEBUG - Marking up chromosome KI270722.1
2020-08-27 16:58:53,997 - WARNING - The .bam file refers to a chromosome 'KI270722.1+' not present in the annotation (.gtf) file
2020-08-27 16:58:53,997 - WARNING - The .bam file refers to a chromosome 'KI270722.1-' not present in the annotation (.gtf) file
2020-08-27 16:58:53,998 - DEBUG - Marking up chromosome GL000194.1
2020-08-27 16:58:53,998 - WARNING - The .bam file refers to a chromosome 'GL000194.1+' not present in the annotation (.gtf) file
2020-08-27 16:58:54,189 - DEBUG - Marking up chromosome KI270742.1
2020-08-27 16:58:54,189 - WARNING - The .bam file refers to a chromosome 'KI270742.1+' not present in the annotation (.gtf) file
2020-08-27 16:58:54,189 - WARNING - The .bam file refers to a chromosome 'KI270742.1-' not present in the annotation (.gtf) file
2020-08-27 16:58:54,206 - DEBUG - Marking up chromosome GL000205.2
2020-08-27 16:58:54,206 - WARNING - The .bam file refers to a chromosome 'GL000205.2+' not present in the annotation (.gtf) file
2020-08-27 16:58:54,312 - DEBUG - Marking up chromosome GL000195.1
2020-08-27 16:58:54,361 - DEBUG - Marking up chromosome KI270733.1
2020-08-27 16:58:54,362 - WARNING - The .bam file refers to a chromosome 'KI270733.1+' not present in the annotation (.gtf) file
2020-08-27 16:58:54,362 - WARNING - The .bam file refers to a chromosome 'KI270733.1-' not present in the annotation (.gtf) file
2020-08-27 16:59:11,650 - DEBUG - Read first 220 million reads
2020-08-27 16:59:33,038 - DEBUG - Read first 230 million reads
2020-08-27 16:59:54,188 - DEBUG - Read first 240 million reads
2020-08-27 16:59:57,598 - DEBUG - Marking up chromosome GL000224.1
2020-08-27 16:59:57,598 - WARNING - The .bam file refers to a chromosome 'GL000224.1+' not present in the annotation (.gtf) file
2020-08-27 16:59:57,598 - WARNING - The .bam file refers to a chromosome 'GL000224.1-' not present in the annotation (.gtf) file
2020-08-27 16:59:57,606 - DEBUG - Marking up chromosome GL000219.1
2020-08-27 16:59:57,606 - WARNING - The .bam file refers to a chromosome 'GL000219.1+' not present in the annotation (.gtf) file
2020-08-27 16:59:57,811 - DEBUG - Marking up chromosome KI270719.1
2020-08-27 16:59:57,811 - WARNING - The .bam file refers to a chromosome 'KI270719.1+' not present in the annotation (.gtf) file
2020-08-27 16:59:57,811 - WARNING - The .bam file refers to a chromosome 'KI270719.1-' not present in the annotation (.gtf) file
2020-08-27 16:59:57,829 - DEBUG - Marking up chromosome GL000216.2
2020-08-27 16:59:57,829 - WARNING - The .bam file refers to a chromosome 'GL000216.2+' not present in the annotation (.gtf) file
2020-08-27 16:59:57,829 - WARNING - The .bam file refers to a chromosome 'GL000216.2-' not present in the annotation (.gtf) file
2020-08-27 16:59:57,830 - DEBUG - Marking up chromosome KI270712.1
2020-08-27 16:59:57,830 - WARNING - The .bam file refers to a chromosome 'KI270712.1+' not present in the annotation (.gtf) file
2020-08-27 16:59:57,830 - WARNING - The .bam file refers to a chromosome 'KI270712.1-' not present in the annotation (.gtf) file
2020-08-27 16:59:57,833 - DEBUG - Marking up chromosome KI270706.1
2020-08-27 16:59:57,833 - WARNING - The .bam file refers to a chromosome 'KI270706.1+' not present in the annotation (.gtf) file
2020-08-27 16:59:57,834 - WARNING - The .bam file refers to a chromosome 'KI270706.1-' not present in the annotation (.gtf) file
2020-08-27 16:59:57,902 - DEBUG - Marking up chromosome KI270725.1
2020-08-27 16:59:57,902 - WARNING - The .bam file refers to a chromosome 'KI270725.1+' not present in the annotation (.gtf) file
2020-08-27 16:59:57,902 - WARNING - The .bam file refers to a chromosome 'KI270725.1-' not present in the annotation (.gtf) file
2020-08-27 16:59:57,904 - DEBUG - Marking up chromosome KI270744.1
2020-08-27 16:59:57,904 - WARNING - The .bam file refers to a chromosome 'KI270744.1+' not present in the annotation (.gtf) file
2020-08-27 16:59:57,904 - WARNING - The .bam file refers to a chromosome 'KI270744.1-' not present in the annotation (.gtf) file
2020-08-27 16:59:57,923 - DEBUG - Marking up chromosome KI270734.1
2020-08-27 16:59:57,934 - DEBUG - Marking up chromosome GL000213.1
2020-08-27 16:59:57,934 - WARNING - The .bam file refers to a chromosome 'GL000213.1+' not present in the annotation (.gtf) file
2020-08-27 16:59:57,943 - DEBUG - Marking up chromosome GL000220.1
2020-08-27 16:59:57,943 - WARNING - The .bam file refers to a chromosome 'GL000220.1+' not present in the annotation (.gtf) file
2020-08-27 16:59:57,943 - WARNING - The .bam file refers to a chromosome 'GL000220.1-' not present in the annotation (.gtf) file
2020-08-27 17:00:15,557 - DEBUG - Read first 250 million reads
2020-08-27 17:00:36,723 - DEBUG - Read first 260 million reads
2020-08-27 17:00:57,846 - DEBUG - Read first 270 million reads
2020-08-27 17:01:01,123 - DEBUG - Marking up chromosome GL000218.1
2020-08-27 17:01:01,124 - WARNING - The .bam file refers to a chromosome 'GL000218.1+' not present in the annotation (.gtf) file
2020-08-27 17:01:01,246 - DEBUG - Marking up chromosome KI270749.1
2020-08-27 17:01:01,246 - WARNING - The .bam file refers to a chromosome 'KI270749.1+' not present in the annotation (.gtf) file
2020-08-27 17:01:01,246 - WARNING - The .bam file refers to a chromosome 'KI270749.1-' not present in the annotation (.gtf) file
2020-08-27 17:01:01,247 - DEBUG - Marking up chromosome KI270741.1
2020-08-27 17:01:01,247 - WARNING - The .bam file refers to a chromosome 'KI270741.1+' not present in the annotation (.gtf) file
2020-08-27 17:01:01,247 - WARNING - The .bam file refers to a chromosome 'KI270741.1-' not present in the annotation (.gtf) file
2020-08-27 17:01:01,248 - DEBUG - Marking up chromosome GL000221.1
2020-08-27 17:01:01,248 - WARNING - The .bam file refers to a chromosome 'GL000221.1+' not present in the annotation (.gtf) file
2020-08-27 17:01:01,248 - WARNING - The .bam file refers to a chromosome 'GL000221.1-' not present in the annotation (.gtf) file
2020-08-27 17:01:01,268 - DEBUG - Marking up chromosome KI270716.1
2020-08-27 17:01:01,268 - WARNING - The .bam file refers to a chromosome 'KI270716.1+' not present in the annotation (.gtf) file
2020-08-27 17:01:01,268 - WARNING - The .bam file refers to a chromosome 'KI270716.1-' not present in the annotation (.gtf) file
2020-08-27 17:01:01,268 - DEBUG - Marking up chromosome KI270731.1
2020-08-27 17:01:01,268 - WARNING - The .bam file refers to a chromosome 'KI270731.1+' not present in the annotation (.gtf) file
2020-08-27 17:01:01,278 - DEBUG - Marking up chromosome KI270751.1
2020-08-27 17:01:01,278 - WARNING - The .bam file refers to a chromosome 'KI270751.1+' not present in the annotation (.gtf) file
2020-08-27 17:01:01,278 - WARNING - The .bam file refers to a chromosome 'KI270751.1-' not present in the annotation (.gtf) file
2020-08-27 17:01:01,278 - DEBUG - Marking up chromosome KI270750.1
2020-08-27 17:01:01,278 - WARNING - The .bam file refers to a chromosome 'KI270750.1+' not present in the annotation (.gtf) file
2020-08-27 17:01:01,278 - WARNING - The .bam file refers to a chromosome 'KI270750.1-' not present in the annotation (.gtf) file
2020-08-27 17:01:01,279 - DEBUG - Marking up chromosome GL000214.1
2020-08-27 17:01:01,279 - WARNING - The .bam file refers to a chromosome 'GL000214.1+' not present in the annotation (.gtf) file
2020-08-27 17:01:01,279 - WARNING - The .bam file refers to a chromosome 'GL000214.1-' not present in the annotation (.gtf) file
2020-08-27 17:01:01,288 - DEBUG - Marking up chromosome KI270708.1
2020-08-27 17:01:01,288 - WARNING - The .bam file refers to a chromosome 'KI270708.1+' not present in the annotation (.gtf) file
2020-08-27 17:01:01,288 - WARNING - The .bam file refers to a chromosome 'KI270708.1-' not present in the annotation (.gtf) file
2020-08-27 17:01:01,289 - DEBUG - Marking up chromosome KI270730.1
2020-08-27 17:01:01,289 - WARNING - The .bam file refers to a chromosome 'KI270730.1+' not present in the annotation (.gtf) file
2020-08-27 17:01:01,289 - WARNING - The .bam file refers to a chromosome 'KI270730.1-' not present in the annotation (.gtf) file
2020-08-27 17:01:01,289 - DEBUG - Marking up chromosome KI270438.1
2020-08-27 17:01:01,289 - WARNING - The .bam file refers to a chromosome 'KI270438.1+' not present in the annotation (.gtf) file
2020-08-27 17:01:01,289 - WARNING - The .bam file refers to a chromosome 'KI270438.1-' not present in the annotation (.gtf) file
2020-08-27 17:01:01,290 - DEBUG - Marking up chromosome KI270737.1
2020-08-27 17:01:01,290 - WARNING - The .bam file refers to a chromosome 'KI270737.1+' not present in the annotation (.gtf) file
2020-08-27 17:01:01,290 - WARNING - The .bam file refers to a chromosome 'KI270737.1-' not present in the annotation (.gtf) file
2020-08-27 17:01:01,290 - DEBUG - Marking up chromosome KI270721.1
2020-08-27 17:01:01,290 - WARNING - The .bam file refers to a chromosome 'KI270721.1-' not present in the annotation (.gtf) file
2020-08-27 17:01:01,297 - DEBUG - Marking up chromosome KI270738.1
2020-08-27 17:01:01,297 - WARNING - The .bam file refers to a chromosome 'KI270738.1+' not present in the annotation (.gtf) file
2020-08-27 17:01:01,297 - WARNING - The .bam file refers to a chromosome 'KI270738.1-' not present in the annotation (.gtf) file
2020-08-27 17:01:01,298 - DEBUG - Marking up chromosome KI270748.1
2020-08-27 17:01:01,298 - WARNING - The .bam file refers to a chromosome 'KI270748.1+' not present in the annotation (.gtf) file
2020-08-27 17:01:01,298 - WARNING - The .bam file refers to a chromosome 'KI270748.1-' not present in the annotation (.gtf) file
2020-08-27 17:01:01,301 - DEBUG - Marking up chromosome KI270435.1
2020-08-27 17:01:01,301 - WARNING - The .bam file refers to a chromosome 'KI270435.1+' not present in the annotation (.gtf) file
2020-08-27 17:01:01,301 - WARNING - The .bam file refers to a chromosome 'KI270435.1-' not present in the annotation (.gtf) file
2020-08-27 17:01:01,301 - DEBUG - Marking up chromosome GL000208.1
2020-08-27 17:01:01,301 - WARNING - The .bam file refers to a chromosome 'GL000208.1+' not present in the annotation (.gtf) file
2020-08-27 17:01:01,301 - WARNING - The .bam file refers to a chromosome 'GL000208.1-' not present in the annotation (.gtf) file
2020-08-27 17:01:01,301 - DEBUG - Marking up chromosome KI270538.1
2020-08-27 17:01:01,301 - WARNING - The .bam file refers to a chromosome 'KI270538.1+' not present in the annotation (.gtf) file
2020-08-27 17:01:01,301 - WARNING - The .bam file refers to a chromosome 'KI270538.1-' not present in the annotation (.gtf) file
2020-08-27 17:01:01,302 - DEBUG - Marking up chromosome KI270756.1
2020-08-27 17:01:01,302 - WARNING - The .bam file refers to a chromosome 'KI270756.1+' not present in the annotation (.gtf) file
2020-08-27 17:01:01,302 - WARNING - The .bam file refers to a chromosome 'KI270756.1-' not present in the annotation (.gtf) file
2020-08-27 17:01:01,302 - DEBUG - Marking up chromosome KI270709.1
2020-08-27 17:01:01,302 - WARNING - The .bam file refers to a chromosome 'KI270709.1+' not present in the annotation (.gtf) file
2020-08-27 17:01:01,302 - WARNING - The .bam file refers to a chromosome 'KI270709.1-' not present in the annotation (.gtf) file
2020-08-27 17:01:01,303 - DEBUG - Marking up chromosome KI270746.1
2020-08-27 17:01:01,303 - WARNING - The .bam file refers to a chromosome 'KI270746.1+' not present in the annotation (.gtf) file
2020-08-27 17:01:01,303 - WARNING - The .bam file refers to a chromosome 'KI270746.1-' not present in the annotation (.gtf) file
2020-08-27 17:01:01,303 - DEBUG - Marking up chromosome KI270589.1
2020-08-27 17:01:01,303 - WARNING - The .bam file refers to a chromosome 'KI270589.1+' not present in the annotation (.gtf) file
2020-08-27 17:01:01,303 - WARNING - The .bam file refers to a chromosome 'KI270589.1-' not present in the annotation (.gtf) file
2020-08-27 17:01:01,304 - DEBUG - Marking up chromosome KI270726.1
2020-08-27 17:01:01,304 - WARNING - The .bam file refers to a chromosome 'KI270726.1-' not present in the annotation (.gtf) file
2020-08-27 17:01:01,305 - DEBUG - Marking up chromosome KI270735.1
2020-08-27 17:01:01,305 - WARNING - The .bam file refers to a chromosome 'KI270735.1+' not present in the annotation (.gtf) file
2020-08-27 17:01:01,305 - WARNING - The .bam file refers to a chromosome 'KI270735.1-' not present in the annotation (.gtf) file
2020-08-27 17:01:01,311 - DEBUG - Marking up chromosome KI270711.1
2020-08-27 17:01:01,311 - WARNING - The .bam file refers to a chromosome 'KI270711.1+' not present in the annotation (.gtf) file
2020-08-27 17:01:01,331 - DEBUG - Marking up chromosome KI270745.1
2020-08-27 17:01:01,331 - WARNING - The .bam file refers to a chromosome 'KI270745.1+' not present in the annotation (.gtf) file
2020-08-27 17:01:01,331 - WARNING - The .bam file refers to a chromosome 'KI270745.1-' not present in the annotation (.gtf) file
2020-08-27 17:01:01,343 - DEBUG - Marking up chromosome KI270714.1
2020-08-27 17:01:01,343 - WARNING - The .bam file refers to a chromosome 'KI270714.1+' not present in the annotation (.gtf) file
2020-08-27 17:01:01,343 - WARNING - The .bam file refers to a chromosome 'KI270714.1-' not present in the annotation (.gtf) file
2020-08-27 17:01:01,344 - DEBUG - Marking up chromosome KI270732.1
2020-08-27 17:01:01,344 - WARNING - The .bam file refers to a chromosome 'KI270732.1+' not present in the annotation (.gtf) file
2020-08-27 17:01:01,344 - WARNING - The .bam file refers to a chromosome 'KI270732.1-' not present in the annotation (.gtf) file
2020-08-27 17:01:01,345 - DEBUG - Marking up chromosome KI270713.1
2020-08-27 17:01:01,349 - DEBUG - Marking up chromosome KI270717.1
2020-08-27 17:01:01,349 - WARNING - The .bam file refers to a chromosome 'KI270717.1+' not present in the annotation (.gtf) file
2020-08-27 17:01:01,349 - WARNING - The .bam file refers to a chromosome 'KI270717.1-' not present in the annotation (.gtf) file
2020-08-27 17:01:01,355 - DEBUG - Marking up chromosome KI270720.1
2020-08-27 17:01:01,355 - WARNING - The .bam file refers to a chromosome 'KI270720.1+' not present in the annotation (.gtf) file
2020-08-27 17:01:01,355 - WARNING - The .bam file refers to a chromosome 'KI270720.1-' not present in the annotation (.gtf) file
2020-08-27 17:01:01,362 - DEBUG - Marking up chromosome KI270718.1
2020-08-27 17:01:01,362 - WARNING - The .bam file refers to a chromosome 'KI270718.1+' not present in the annotation (.gtf) file
2020-08-27 17:01:01,362 - WARNING - The .bam file refers to a chromosome 'KI270718.1-' not present in the annotation (.gtf) file
2020-08-27 17:01:01,412 - DEBUG - Marking up chromosome KI270755.1
2020-08-27 17:01:01,412 - WARNING - The .bam file refers to a chromosome 'KI270755.1+' not present in the annotation (.gtf) file
2020-08-27 17:01:01,412 - WARNING - The .bam file refers to a chromosome 'KI270755.1-' not present in the annotation (.gtf) file
2020-08-27 17:01:01,412 - DEBUG - Marking up chromosome KI270707.1
2020-08-27 17:01:01,412 - WARNING - The .bam file refers to a chromosome 'KI270707.1+' not present in the annotation (.gtf) file
2020-08-27 17:01:01,412 - WARNING - The .bam file refers to a chromosome 'KI270707.1-' not present in the annotation (.gtf) file
2020-08-27 17:01:01,418 - DEBUG - Marking up chromosome KI270448.1
2020-08-27 17:01:01,418 - WARNING - The .bam file refers to a chromosome 'KI270448.1+' not present in the annotation (.gtf) file
2020-08-27 17:01:01,418 - WARNING - The .bam file refers to a chromosome 'KI270448.1-' not present in the annotation (.gtf) file
2020-08-27 17:01:01,418 - DEBUG - Marking up chromosome KI270584.1
2020-08-27 17:01:01,418 - WARNING - The .bam file refers to a chromosome 'KI270584.1+' not present in the annotation (.gtf) file
2020-08-27 17:01:01,418 - WARNING - The .bam file refers to a chromosome 'KI270584.1-' not present in the annotation (.gtf) file
2020-08-27 17:01:01,418 - DEBUG - Marking up chromosome KI270467.1
2020-08-27 17:01:01,419 - WARNING - The .bam file refers to a chromosome 'KI270467.1+' not present in the annotation (.gtf) file
2020-08-27 17:01:01,419 - WARNING - The .bam file refers to a chromosome 'KI270467.1-' not present in the annotation (.gtf) file
2020-08-27 17:01:01,420 - DEBUG - Marking up chromosome KI270330.1
2020-08-27 17:01:01,420 - WARNING - The .bam file refers to a chromosome 'KI270330.1+' not present in the annotation (.gtf) file
2020-08-27 17:01:01,420 - WARNING - The .bam file refers to a chromosome 'KI270330.1-' not present in the annotation (.gtf) file
2020-08-27 17:01:01,423 - DEBUG - Marking up chromosome KI270466.1
2020-08-27 17:01:01,423 - WARNING - The .bam file refers to a chromosome 'KI270466.1+' not present in the annotation (.gtf) file
2020-08-27 17:01:01,423 - WARNING - The .bam file refers to a chromosome 'KI270466.1-' not present in the annotation (.gtf) file
2020-08-27 17:01:17,596 - DEBUG - Read first 280 million reads
2020-08-27 17:01:28,058 - DEBUG - End of file. Reset index: start scanning from initial position.
2020-08-27 17:01:28,058 - DEBUG - 3038365 reads were skipped because no apropiate cell or umi barcode was found
2020-08-27 17:01:28,058 - DEBUG - Start molecule counting!
2020-08-27 17:01:32,057 - DEBUG - Features available for chromosomes : ['1-', '1+', '10-', '10+', '11-', '11+', '12-', '12+', '13-', '13+', '14-', '14+', '15-', '15+', '16-', '16+', '17-', '17+', '18-', '18+', '19-', '19+', '2-', '2+', '20-', '20+', '21-', '21+', '22-', '22+', '3-', '3+', '4-', '4+', '5-', '5+', '6-', '6+', '7-', '7+', '8-', '8+', '9-', '9+', 'GL000009.2-', 'GL000194.1-', 'GL000195.1-', 'GL000195.1+', 'GL000205.2-', 'GL000213.1-', 'GL000218.1-', 'GL000219.1-', 'KI270711.1-', 'KI270713.1-', 'KI270713.1+', 'KI270721.1+', 'KI270726.1+', 'KI270727.1-', 'KI270727.1+', 'KI270728.1-', 'KI270728.1+', 'KI270731.1-', 'KI270734.1-', 'KI270734.1+', 'MT-', 'MT+', 'X-', 'X+', 'Y-', 'Y+']
2020-08-27 17:01:32,058 - DEBUG - Mask available for chromosomes : []
2020-08-27 17:01:32,058 - DEBUG - Summarizing the results of intron validation.
2020-08-27 17:01:32,730 - DEBUG - Validated 403973 introns (of which unique intervals 127412) out of 996444 total possible introns (considering each possible transcript models).
2020-08-27 17:01:32,731 - DEBUG - Reading /net/isi-dcnl/ifs/user_data/abild/Megatron_data/COH044/FELINE/FEL012016.mRNA/FEL016_count03/FEL016_E/outs/cellsorted_possorted_genome_bam.bam
2020-08-27 17:01:32,778 - DEBUG - Read first 0 million reads
2020-08-27 17:01:56,413 - DEBUG - Read first 10 million reads
2020-08-27 17:02:18,614 - DEBUG - Read first 20 million reads
2020-08-27 17:03:10,705 - DEBUG - Read first 30 million reads
2020-08-27 17:04:02,655 - DEBUG - Read first 40 million reads
2020-08-27 17:04:49,335 - DEBUG - Counting for batch 1, containing 100 cells and 6480845 reads
2020-08-27 17:08:33,104 - DEBUG - 0 reads not considered because fully enclosed in repeat masked regions
2020-08-27 17:09:18,131 - DEBUG - Read first 50 million reads
2020-08-27 17:10:03,441 - DEBUG - Read first 60 million reads
2020-08-27 17:10:51,658 - DEBUG - Read first 70 million reads
2020-08-27 17:11:28,177 - DEBUG - Counting for batch 2, containing 100 cells and 5806769 reads
2020-08-27 17:14:47,153 - DEBUG - 0 reads not considered because fully enclosed in repeat masked regions
2020-08-27 17:15:33,391 - DEBUG - Read first 80 million reads
2020-08-27 17:16:23,750 - DEBUG - Read first 90 million reads
2020-08-27 17:17:15,485 - DEBUG - Read first 100 million reads
2020-08-27 17:18:12,811 - DEBUG - Read first 110 million reads
2020-08-27 17:18:13,503 - DEBUG - Counting for batch 3, containing 100 cells and 7734879 reads
2020-08-27 17:22:40,589 - DEBUG - 0 reads not considered because fully enclosed in repeat masked regions
2020-08-27 17:24:25,131 - DEBUG - Read first 120 million reads
2020-08-27 17:25:12,730 - DEBUG - Read first 130 million reads
2020-08-27 17:26:01,511 - DEBUG - Read first 140 million reads
2020-08-27 17:26:09,391 - DEBUG - Counting for batch 4, containing 100 cells and 7456194 reads
2020-08-27 17:30:28,746 - DEBUG - 0 reads not considered because fully enclosed in repeat masked regions
2020-08-27 17:31:49,247 - DEBUG - Read first 150 million reads
2020-08-27 17:32:40,404 - DEBUG - Read first 160 million reads
2020-08-27 17:33:30,192 - DEBUG - Read first 170 million reads
2020-08-27 17:33:42,006 - DEBUG - Counting for batch 5, containing 100 cells and 7387685 reads
2020-08-27 17:37:54,579 - DEBUG - 0 reads not considered because fully enclosed in repeat masked regions
2020-08-27 17:39:09,472 - DEBUG - Read first 180 million reads
2020-08-27 17:39:58,614 - DEBUG - Read first 190 million reads
2020-08-27 17:40:44,043 - DEBUG - Read first 200 million reads
2020-08-27 17:41:00,933 - DEBUG - Counting for batch 6, containing 100 cells and 5433533 reads
2020-08-27 17:44:07,730 - DEBUG - 0 reads not considered because fully enclosed in repeat masked regions
2020-08-27 17:45:17,853 - DEBUG - Read first 210 million reads
2020-08-27 17:46:06,244 - DEBUG - Read first 220 million reads
2020-08-27 17:47:00,593 - DEBUG - Counting for batch 7, containing 100 cells and 7003176 reads
2020-08-27 17:51:02,328 - DEBUG - 0 reads not considered because fully enclosed in repeat masked regions
2020-08-27 17:51:46,091 - DEBUG - Read first 230 million reads
2020-08-27 17:52:37,874 - DEBUG - Read first 240 million reads
2020-08-27 17:53:28,284 - DEBUG - Read first 250 million reads
2020-08-27 17:54:07,515 - DEBUG - Counting for batch 8, containing 100 cells and 6495804 reads
2020-08-27 17:57:47,480 - DEBUG - 0 reads not considered because fully enclosed in repeat masked regions
2020-08-27 17:58:29,905 - DEBUG - Read first 260 million reads
2020-08-27 17:59:16,563 - DEBUG - Read first 270 million reads
2020-08-27 18:00:05,413 - DEBUG - Read first 280 million reads
2020-08-27 18:00:27,245 - DEBUG - Counting for batch 9, containing 100 cells and 5479924 reads
2020-08-27 18:03:34,121 - DEBUG - 0 reads not considered because fully enclosed in repeat masked regions
2020-08-27 18:04:11,755 - DEBUG - Counting for batch 10, containing 7 cells and 337777 reads
2020-08-27 18:04:21,572 - DEBUG - 0 reads not considered because fully enclosed in repeat masked regions
2020-08-27 18:04:23,389 - DEBUG - 3038365 reads were skipped because no apropiate cell or umi barcode was found
2020-08-27 18:04:23,390 - DEBUG - Counting done!
2020-08-27 18:04:23,415 - DEBUG - Generating output file /net/isi-dcnl/ifs/user_data/abild/Megatron_data/COH044/FELINE/FEL012016.mRNA/FEL016_count03/FEL016_E/velocyto/FEL016_E.loom
2020-08-27 18:04:23,415 - DEBUG - Collecting row attributes
2020-08-27 18:04:23,514 - DEBUG - Generating data table
2020-08-27 18:04:23,890 - DEBUG - Writing loom file
2020-08-27 18:04:27,386 - DEBUG - Terminated Succesfully!
Start: 1598571054
End: 1598576670
Run time: 5616
Done
