CPU: 16
N: 32
Step1: Analyze spliced and unspliced reads and genrate a loom file for velocityR
Run velocyto to generate loom file
2020-08-27 17:59:16,608 - DEBUG - Using logic: Default
2020-08-27 17:59:16,640 - INFO - Read 5006 cell barcodes from /net/isi-dcnl/ifs/user_data/abild/Megatron_data/COH049/FEL017022.mRNA/feline_p1722.10x.counts/FEL022_M/outs/filtered_feature_bc_matrix/barcodes.tsv.gz
2020-08-27 17:59:16,640 - DEBUG - Example of barcode: AAACCCAAGGCTCTCG and cell_id: FEL022_M:AAACCCAAGGCTCTCG-1
2020-08-27 17:59:16,653 - DEBUG - Peeking into /net/isi-dcnl/ifs/user_data/abild/Megatron_data/COH049/FEL017022.mRNA/feline_p1722.10x.counts/FEL022_M/outs/possorted_genome_bam.bam
2020-08-27 17:59:16,890 - WARNING - Not found cell and umi barcode in entry 1 of the bam file
2020-08-27 17:59:16,890 - WARNING - Not found cell and umi barcode in entry 2 of the bam file
2020-08-27 17:59:16,890 - WARNING - Not found cell and umi barcode in entry 3 of the bam file
2020-08-27 17:59:16,890 - WARNING - Not found cell and umi barcode in entry 4 of the bam file
2020-08-27 17:59:16,890 - WARNING - Not found cell and umi barcode in entry 5 of the bam file
2020-08-27 17:59:16,890 - WARNING - Not found cell and umi barcode in entry 11 of the bam file
2020-08-27 17:59:16,890 - WARNING - Not found cell and umi barcode in entry 18 of the bam file
2020-08-27 17:59:16,891 - WARNING - Not found cell and umi barcode in entry 19 of the bam file
2020-08-27 17:59:16,891 - WARNING - Not found cell and umi barcode in entry 20 of the bam file
2020-08-27 17:59:16,891 - WARNING - Not found cell and umi barcode in entry 21 of the bam file
2020-08-27 17:59:16,891 - WARNING - Not found cell and umi barcode in entry 22 of the bam file
2020-08-27 17:59:16,891 - WARNING - Not found cell and umi barcode in entry 24 of the bam file
2020-08-27 17:59:16,891 - WARNING - Not found cell and umi barcode in entry 30 of the bam file
2020-08-27 17:59:16,891 - WARNING - Not found cell and umi barcode in entry 31 of the bam file
2020-08-27 17:59:16,891 - WARNING - Not found cell and umi barcode in entry 33 of the bam file
2020-08-27 17:59:16,891 - WARNING - Not found cell and umi barcode in entry 34 of the bam file
2020-08-27 17:59:16,891 - WARNING - Not found cell and umi barcode in entry 35 of the bam file
2020-08-27 17:59:16,892 - WARNING - Not found cell and umi barcode in entry 37 of the bam file
2020-08-27 17:59:16,892 - WARNING - Not found cell and umi barcode in entry 38 of the bam file
2020-08-27 17:59:16,892 - WARNING - Not found cell and umi barcode in entry 60 of the bam file
2020-08-27 17:59:16,918 - WARNING - Not found cell and umi barcode in entry 142 of the bam file
2020-08-27 17:59:16,920 - WARNING - Not found cell and umi barcode in entry 462 of the bam file
2020-08-27 17:59:16,921 - WARNING - Not found cell and umi barcode in entry 505 of the bam file
2020-08-27 17:59:16,921 - WARNING - Not found cell and umi barcode in entry 506 of the bam file
2020-08-27 17:59:16,921 - WARNING - Not found cell and umi barcode in entry 544 of the bam file
2020-08-27 17:59:16,921 - WARNING - Not found cell and umi barcode in entry 545 of the bam file
2020-08-27 17:59:16,923 - WARNING - Not found cell and umi barcode in entry 818 of the bam file
2020-08-27 17:59:16,925 - WARNING - Not found cell and umi barcode in entry 1020 of the bam file
2020-08-27 17:59:16,931 - WARNING - The file /net/isi-dcnl/ifs/user_data/abild/Megatron_data/COH049/FEL017022.mRNA/feline_p1722.10x.counts/FEL022_M/outs/cellsorted_possorted_genome_bam.bam already exists. The sorting step will be skipped and the existing file will be used.
2020-08-27 17:59:16,931 - INFO - Load the annotation from /net/isi-dcnl/ifs/user_data/abild/Genomes/refdata-cellranger-GRCh38-3.0.0/genes/genes.gtf
2020-08-27 17:59:25,209 - DEBUG - Parsing Chromosome 1 strand - [line 0]
2020-08-27 17:59:25,873 - DEBUG - Done with 1- [line 108728]
2020-08-27 17:59:25,874 - DEBUG - Assigning indexes to genes
2020-08-27 17:59:25,883 - DEBUG - Seen 1561 genes until now
2020-08-27 17:59:25,883 - DEBUG - Parsing Chromosome 1 strand + [line 108729]
2020-08-27 17:59:26,653 - DEBUG - Done with 1+ [line 232515]
2020-08-27 17:59:26,654 - DEBUG - Assigning indexes to genes
2020-08-27 17:59:26,874 - DEBUG - Seen 3154 genes until now
2020-08-27 17:59:26,874 - DEBUG - Parsing Chromosome 10 strand - [line 232516]
2020-08-27 17:59:27,073 - DEBUG - Done with 10- [line 279343]
2020-08-27 17:59:27,074 - DEBUG - Assigning indexes to genes
2020-08-27 17:59:27,077 - DEBUG - Seen 3737 genes until now
2020-08-27 17:59:27,077 - DEBUG - Parsing Chromosome 10 strand + [line 279344]
2020-08-27 17:59:27,262 - DEBUG - Done with 10+ [line 323872]
2020-08-27 17:59:27,262 - DEBUG - Assigning indexes to genes
2020-08-27 17:59:27,265 - DEBUG - Seen 4384 genes until now
2020-08-27 17:59:27,265 - DEBUG - Parsing Chromosome 11 strand - [line 323873]
2020-08-27 17:59:27,906 - DEBUG - Done with 11- [line 402908]
2020-08-27 17:59:27,906 - DEBUG - Assigning indexes to genes
2020-08-27 17:59:27,913 - DEBUG - Seen 5320 genes until now
2020-08-27 17:59:27,913 - DEBUG - Parsing Chromosome 11 strand + [line 402909]
2020-08-27 17:59:28,263 - DEBUG - Done with 11+ [line 482591]
2020-08-27 17:59:28,263 - DEBUG - Assigning indexes to genes
2020-08-27 17:59:28,592 - DEBUG - Seen 6305 genes until now
2020-08-27 17:59:28,592 - DEBUG - Parsing Chromosome 12 strand - [line 482592]
2020-08-27 17:59:28,924 - DEBUG - Done with 12- [line 559278]
2020-08-27 17:59:28,924 - DEBUG - Assigning indexes to genes
2020-08-27 17:59:28,933 - DEBUG - Seen 7177 genes until now
2020-08-27 17:59:28,933 - DEBUG - Parsing Chromosome 12 strand + [line 559279]
2020-08-27 17:59:29,256 - DEBUG - Done with 12+ [line 635173]
2020-08-27 17:59:29,256 - DEBUG - Assigning indexes to genes
2020-08-27 17:59:29,264 - DEBUG - Seen 8070 genes until now
2020-08-27 17:59:29,264 - DEBUG - Parsing Chromosome 13 strand - [line 635174]
2020-08-27 17:59:29,815 - DEBUG - Done with 13- [line 653523]
2020-08-27 17:59:29,816 - DEBUG - Assigning indexes to genes
2020-08-27 17:59:29,818 - DEBUG - Seen 8400 genes until now
2020-08-27 17:59:29,818 - DEBUG - Parsing Chromosome 13 strand + [line 653524]
2020-08-27 17:59:29,899 - DEBUG - Done with 13+ [line 673091]
2020-08-27 17:59:29,899 - DEBUG - Assigning indexes to genes
2020-08-27 17:59:29,901 - DEBUG - Seen 8736 genes until now
2020-08-27 17:59:29,901 - DEBUG - Parsing Chromosome 14 strand - [line 673092]
2020-08-27 17:59:30,083 - DEBUG - Done with 14- [line 716831]
2020-08-27 17:59:30,083 - DEBUG - Assigning indexes to genes
2020-08-27 17:59:30,087 - DEBUG - Seen 9452 genes until now
2020-08-27 17:59:30,087 - DEBUG - Parsing Chromosome 14 strand + [line 716832]
2020-08-27 17:59:30,288 - DEBUG - Done with 14+ [line 764942]
2020-08-27 17:59:30,288 - DEBUG - Assigning indexes to genes
2020-08-27 17:59:30,292 - DEBUG - Seen 10121 genes until now
2020-08-27 17:59:30,292 - DEBUG - Parsing Chromosome 15 strand - [line 764943]
2020-08-27 17:59:30,502 - DEBUG - Done with 15- [line 813803]
2020-08-27 17:59:30,503 - DEBUG - Assigning indexes to genes
2020-08-27 17:59:30,508 - DEBUG - Seen 10698 genes until now
2020-08-27 17:59:30,508 - DEBUG - Parsing Chromosome 15 strand + [line 813804]
2020-08-27 17:59:30,688 - DEBUG - Done with 15+ [line 857859]
2020-08-27 17:59:30,689 - DEBUG - Assigning indexes to genes
2020-08-27 17:59:30,692 - DEBUG - Seen 11256 genes until now
2020-08-27 17:59:30,692 - DEBUG - Parsing Chromosome 16 strand - [line 857860]
2020-08-27 17:59:31,453 - DEBUG - Done with 16- [line 911118]
2020-08-27 17:59:31,454 - DEBUG - Assigning indexes to genes
2020-08-27 17:59:31,459 - DEBUG - Seen 11998 genes until now
2020-08-27 17:59:31,459 - DEBUG - Parsing Chromosome 16 strand + [line 911119]
2020-08-27 17:59:31,749 - DEBUG - Done with 16+ [line 981663]
2020-08-27 17:59:31,749 - DEBUG - Assigning indexes to genes
2020-08-27 17:59:31,755 - DEBUG - Seen 12787 genes until now
2020-08-27 17:59:31,755 - DEBUG - Parsing Chromosome 17 strand - [line 981664]
2020-08-27 17:59:32,107 - DEBUG - Done with 17- [line 1066635]
2020-08-27 17:59:32,107 - DEBUG - Assigning indexes to genes
2020-08-27 17:59:32,115 - DEBUG - Seen 13775 genes until now
2020-08-27 17:59:32,115 - DEBUG - Parsing Chromosome 17 strand + [line 1066636]
2020-08-27 17:59:32,928 - DEBUG - Done with 17+ [line 1143834]
2020-08-27 17:59:32,928 - DEBUG - Assigning indexes to genes
2020-08-27 17:59:32,936 - DEBUG - Seen 14681 genes until now
2020-08-27 17:59:32,936 - DEBUG - Parsing Chromosome 18 strand - [line 1143835]
2020-08-27 17:59:33,039 - DEBUG - Done with 18- [line 1168496]
2020-08-27 17:59:33,040 - DEBUG - Assigning indexes to genes
2020-08-27 17:59:33,041 - DEBUG - Seen 15006 genes until now
2020-08-27 17:59:33,041 - DEBUG - Parsing Chromosome 18 strand + [line 1168497]
2020-08-27 17:59:33,129 - DEBUG - Done with 18+ [line 1189691]
2020-08-27 17:59:33,129 - DEBUG - Assigning indexes to genes
2020-08-27 17:59:33,130 - DEBUG - Seen 15343 genes until now
2020-08-27 17:59:33,130 - DEBUG - Parsing Chromosome 19 strand - [line 1189692]
2020-08-27 17:59:33,463 - DEBUG - Done with 19- [line 1268854]
2020-08-27 17:59:33,463 - DEBUG - Assigning indexes to genes
2020-08-27 17:59:33,470 - DEBUG - Seen 16352 genes until now
2020-08-27 17:59:33,470 - DEBUG - Parsing Chromosome 19 strand + [line 1268855]
2020-08-27 17:59:33,808 - DEBUG - Done with 19+ [line 1351833]
2020-08-27 17:59:33,809 - DEBUG - Assigning indexes to genes
2020-08-27 17:59:33,816 - DEBUG - Seen 17347 genes until now
2020-08-27 17:59:33,816 - DEBUG - Parsing Chromosome 2 strand - [line 1351834]
2020-08-27 17:59:34,227 - DEBUG - Done with 2- [line 1448710]
2020-08-27 17:59:34,228 - DEBUG - Assigning indexes to genes
2020-08-27 17:59:34,235 - DEBUG - Seen 18472 genes until now
2020-08-27 17:59:34,235 - DEBUG - Parsing Chromosome 2 strand + [line 1448711]
2020-08-27 17:59:35,186 - DEBUG - Done with 2+ [line 1542602]
2020-08-27 17:59:35,186 - DEBUG - Assigning indexes to genes
2020-08-27 17:59:35,195 - DEBUG - Seen 19632 genes until now
2020-08-27 17:59:35,195 - DEBUG - Parsing Chromosome 20 strand - [line 1542603]
2020-08-27 17:59:35,304 - DEBUG - Done with 20- [line 1569195]
2020-08-27 17:59:35,304 - DEBUG - Assigning indexes to genes
2020-08-27 17:59:35,306 - DEBUG - Seen 20079 genes until now
2020-08-27 17:59:35,306 - DEBUG - Parsing Chromosome 20 strand + [line 1569196]
2020-08-27 17:59:35,437 - DEBUG - Done with 20+ [line 1600541]
2020-08-27 17:59:35,437 - DEBUG - Assigning indexes to genes
2020-08-27 17:59:35,439 - DEBUG - Seen 20527 genes until now
2020-08-27 17:59:35,439 - DEBUG - Parsing Chromosome 21 strand - [line 1600542]
2020-08-27 17:59:35,496 - DEBUG - Done with 21- [line 1614106]
2020-08-27 17:59:35,497 - DEBUG - Assigning indexes to genes
2020-08-27 17:59:35,498 - DEBUG - Seen 20795 genes until now
2020-08-27 17:59:35,498 - DEBUG - Parsing Chromosome 21 strand + [line 1614107]
2020-08-27 17:59:35,559 - DEBUG - Done with 21+ [line 1628392]
2020-08-27 17:59:35,559 - DEBUG - Assigning indexes to genes
2020-08-27 17:59:35,561 - DEBUG - Seen 21029 genes until now
2020-08-27 17:59:35,561 - DEBUG - Parsing Chromosome 22 strand - [line 1628393]
2020-08-27 17:59:35,666 - DEBUG - Done with 22- [line 1653805]
2020-08-27 17:59:35,666 - DEBUG - Assigning indexes to genes
2020-08-27 17:59:35,668 - DEBUG - Seen 21391 genes until now
2020-08-27 17:59:35,668 - DEBUG - Parsing Chromosome 22 strand + [line 1653806]
2020-08-27 17:59:35,793 - DEBUG - Done with 22+ [line 1684245]
2020-08-27 17:59:35,793 - DEBUG - Assigning indexes to genes
2020-08-27 17:59:35,797 - DEBUG - Seen 21866 genes until now
2020-08-27 17:59:35,797 - DEBUG - Parsing Chromosome 3 strand - [line 1684246]
2020-08-27 17:59:36,131 - DEBUG - Done with 3- [line 1763939]
2020-08-27 17:59:36,131 - DEBUG - Assigning indexes to genes
2020-08-27 17:59:36,138 - DEBUG - Seen 22713 genes until now
2020-08-27 17:59:36,138 - DEBUG - Parsing Chromosome 3 strand + [line 1763940]
2020-08-27 17:59:36,470 - DEBUG - Done with 3+ [line 1844840]
2020-08-27 17:59:36,470 - DEBUG - Assigning indexes to genes
2020-08-27 17:59:36,477 - DEBUG - Seen 23585 genes until now
2020-08-27 17:59:36,477 - DEBUG - Parsing Chromosome 4 strand - [line 1844841]
2020-08-27 17:59:37,251 - DEBUG - Done with 4- [line 1898665]
2020-08-27 17:59:37,251 - DEBUG - Assigning indexes to genes
2020-08-27 17:59:37,256 - DEBUG - Seen 24246 genes until now
2020-08-27 17:59:37,256 - DEBUG - Parsing Chromosome 4 strand + [line 1898666]
2020-08-27 17:59:37,454 - DEBUG - Done with 4+ [line 1947617]
2020-08-27 17:59:37,454 - DEBUG - Assigning indexes to genes
2020-08-27 17:59:37,458 - DEBUG - Seen 24938 genes until now
2020-08-27 17:59:37,458 - DEBUG - Parsing Chromosome 5 strand - [line 1947618]
2020-08-27 17:59:37,680 - DEBUG - Done with 5- [line 2001140]
2020-08-27 17:59:37,680 - DEBUG - Assigning indexes to genes
2020-08-27 17:59:37,685 - DEBUG - Seen 25741 genes until now
2020-08-27 17:59:37,685 - DEBUG - Parsing Chromosome 5 strand + [line 2001141]
2020-08-27 17:59:37,946 - DEBUG - Done with 5+ [line 2062165]
2020-08-27 17:59:37,946 - DEBUG - Assigning indexes to genes
2020-08-27 17:59:37,952 - DEBUG - Seen 26599 genes until now
2020-08-27 17:59:37,952 - DEBUG - Parsing Chromosome 6 strand - [line 2062166]
2020-08-27 17:59:38,207 - DEBUG - Done with 6- [line 2121425]
2020-08-27 17:59:38,207 - DEBUG - Assigning indexes to genes
2020-08-27 17:59:38,212 - DEBUG - Seen 27435 genes until now
2020-08-27 17:59:38,212 - DEBUG - Parsing Chromosome 6 strand + [line 2121426]
2020-08-27 17:59:38,435 - DEBUG - Done with 6+ [line 2176078]
2020-08-27 17:59:38,435 - DEBUG - Assigning indexes to genes
2020-08-27 17:59:38,440 - DEBUG - Seen 28231 genes until now
2020-08-27 17:59:38,440 - DEBUG - Parsing Chromosome 7 strand - [line 2176079]
2020-08-27 17:59:38,688 - DEBUG - Done with 7- [line 2233605]
2020-08-27 17:59:38,688 - DEBUG - Assigning indexes to genes
2020-08-27 17:59:38,693 - DEBUG - Seen 28953 genes until now
2020-08-27 17:59:38,693 - DEBUG - Parsing Chromosome 7 strand + [line 2233606]
2020-08-27 17:59:38,951 - DEBUG - Done with 7+ [line 2295513]
2020-08-27 17:59:38,951 - DEBUG - Assigning indexes to genes
2020-08-27 17:59:38,956 - DEBUG - Seen 29770 genes until now
2020-08-27 17:59:38,956 - DEBUG - Parsing Chromosome 8 strand - [line 2295514]
2020-08-27 17:59:39,159 - DEBUG - Done with 8- [line 2343289]
2020-08-27 17:59:39,159 - DEBUG - Assigning indexes to genes
2020-08-27 17:59:39,163 - DEBUG - Seen 30442 genes until now
2020-08-27 17:59:39,164 - DEBUG - Parsing Chromosome 8 strand + [line 2343290]
2020-08-27 17:59:39,344 - DEBUG - Done with 8+ [line 2386793]
2020-08-27 17:59:39,344 - DEBUG - Assigning indexes to genes
2020-08-27 17:59:39,348 - DEBUG - Seen 31090 genes until now
2020-08-27 17:59:39,348 - DEBUG - Parsing Chromosome 9 strand - [line 2386794]
2020-08-27 17:59:40,167 - DEBUG - Done with 9- [line 2430389]
2020-08-27 17:59:40,167 - DEBUG - Assigning indexes to genes
2020-08-27 17:59:40,171 - DEBUG - Seen 31710 genes until now
2020-08-27 17:59:40,171 - DEBUG - Parsing Chromosome 9 strand + [line 2430390]
2020-08-27 17:59:40,366 - DEBUG - Done with 9+ [line 2477312]
2020-08-27 17:59:40,366 - DEBUG - Assigning indexes to genes
2020-08-27 17:59:40,369 - DEBUG - Seen 32318 genes until now
2020-08-27 17:59:40,369 - DEBUG - Parsing Chromosome GL000009.2 strand - [line 2477313]
2020-08-27 17:59:40,370 - DEBUG - Done with GL000009.2- [line 2477320]
2020-08-27 17:59:40,370 - DEBUG - Assigning indexes to genes
2020-08-27 17:59:40,370 - DEBUG - Seen 32319 genes until now
2020-08-27 17:59:40,370 - DEBUG - Parsing Chromosome GL000194.1 strand - [line 2477321]
2020-08-27 17:59:40,370 - DEBUG - Done with GL000194.1- [line 2477346]
2020-08-27 17:59:40,370 - DEBUG - Assigning indexes to genes
2020-08-27 17:59:40,370 - DEBUG - Seen 32321 genes until now
2020-08-27 17:59:40,370 - DEBUG - Parsing Chromosome GL000195.1 strand - [line 2477347]
2020-08-27 17:59:40,370 - DEBUG - Done with GL000195.1- [line 2477356]
2020-08-27 17:59:40,370 - DEBUG - Assigning indexes to genes
2020-08-27 17:59:40,370 - DEBUG - Seen 32322 genes until now
2020-08-27 17:59:40,370 - DEBUG - Parsing Chromosome GL000195.1 strand + [line 2477357]
2020-08-27 17:59:40,370 - DEBUG - Done with GL000195.1+ [line 2477370]
2020-08-27 17:59:40,370 - DEBUG - Assigning indexes to genes
2020-08-27 17:59:40,370 - DEBUG - Seen 32323 genes until now
2020-08-27 17:59:40,370 - DEBUG - Parsing Chromosome GL000205.2 strand - [line 2477371]
2020-08-27 17:59:40,370 - DEBUG - Done with GL000205.2- [line 2477384]
2020-08-27 17:59:40,370 - DEBUG - Assigning indexes to genes
2020-08-27 17:59:40,371 - DEBUG - Seen 32324 genes until now
2020-08-27 17:59:40,371 - DEBUG - Parsing Chromosome GL000213.1 strand - [line 2477385]
2020-08-27 17:59:40,371 - DEBUG - Done with GL000213.1- [line 2477433]
2020-08-27 17:59:40,371 - DEBUG - Assigning indexes to genes
2020-08-27 17:59:40,371 - DEBUG - Seen 32325 genes until now
2020-08-27 17:59:40,371 - DEBUG - Parsing Chromosome GL000218.1 strand - [line 2477434]
2020-08-27 17:59:40,371 - DEBUG - Done with GL000218.1- [line 2477441]
2020-08-27 17:59:40,371 - DEBUG - Assigning indexes to genes
2020-08-27 17:59:40,371 - DEBUG - Seen 32326 genes until now
2020-08-27 17:59:40,371 - DEBUG - Parsing Chromosome GL000219.1 strand - [line 2477442]
2020-08-27 17:59:40,371 - DEBUG - Done with GL000219.1- [line 2477453]
2020-08-27 17:59:40,371 - DEBUG - Assigning indexes to genes
2020-08-27 17:59:40,371 - DEBUG - Seen 32327 genes until now
2020-08-27 17:59:40,371 - DEBUG - Parsing Chromosome KI270711.1 strand - [line 2477454]
2020-08-27 17:59:40,372 - DEBUG - Done with KI270711.1- [line 2477604]
2020-08-27 17:59:40,372 - DEBUG - Assigning indexes to genes
2020-08-27 17:59:40,372 - DEBUG - Seen 32328 genes until now
2020-08-27 17:59:40,372 - DEBUG - Parsing Chromosome KI270713.1 strand - [line 2477605]
2020-08-27 17:59:40,372 - DEBUG - Done with KI270713.1- [line 2477612]
2020-08-27 17:59:40,372 - DEBUG - Assigning indexes to genes
2020-08-27 17:59:40,372 - DEBUG - Seen 32329 genes until now
2020-08-27 17:59:40,372 - DEBUG - Parsing Chromosome KI270713.1 strand + [line 2477613]
2020-08-27 17:59:40,372 - DEBUG - Done with KI270713.1+ [line 2477618]
2020-08-27 17:59:40,372 - DEBUG - Assigning indexes to genes
2020-08-27 17:59:40,372 - DEBUG - Seen 32330 genes until now
2020-08-27 17:59:40,372 - DEBUG - Parsing Chromosome KI270721.1 strand + [line 2477619]
2020-08-27 17:59:40,373 - DEBUG - Done with KI270721.1+ [line 2477634]
2020-08-27 17:59:40,373 - DEBUG - Assigning indexes to genes
2020-08-27 17:59:40,373 - DEBUG - Seen 32331 genes until now
2020-08-27 17:59:40,373 - DEBUG - Parsing Chromosome KI270726.1 strand + [line 2477635]
2020-08-27 17:59:40,373 - DEBUG - Done with KI270726.1+ [line 2477645]
2020-08-27 17:59:40,373 - DEBUG - Assigning indexes to genes
2020-08-27 17:59:40,373 - DEBUG - Seen 32333 genes until now
2020-08-27 17:59:40,373 - DEBUG - Parsing Chromosome KI270727.1 strand - [line 2477646]
2020-08-27 17:59:40,373 - DEBUG - Done with KI270727.1- [line 2477704]
2020-08-27 17:59:40,373 - DEBUG - Assigning indexes to genes
2020-08-27 17:59:40,373 - DEBUG - Seen 32335 genes until now
2020-08-27 17:59:40,373 - DEBUG - Parsing Chromosome KI270727.1 strand + [line 2477705]
2020-08-27 17:59:40,373 - DEBUG - Done with KI270727.1+ [line 2477719]
2020-08-27 17:59:40,373 - DEBUG - Assigning indexes to genes
2020-08-27 17:59:40,373 - DEBUG - Seen 32337 genes until now
2020-08-27 17:59:40,373 - DEBUG - Parsing Chromosome KI270728.1 strand - [line 2477720]
2020-08-27 17:59:40,374 - DEBUG - Done with KI270728.1- [line 2477796]
2020-08-27 17:59:40,374 - DEBUG - Assigning indexes to genes
2020-08-27 17:59:40,374 - DEBUG - Seen 32339 genes until now
2020-08-27 17:59:40,374 - DEBUG - Parsing Chromosome KI270728.1 strand + [line 2477797]
2020-08-27 17:59:40,374 - DEBUG - Done with KI270728.1+ [line 2477833]
2020-08-27 17:59:40,374 - DEBUG - Assigning indexes to genes
2020-08-27 17:59:40,374 - DEBUG - Seen 32343 genes until now
2020-08-27 17:59:40,374 - DEBUG - Parsing Chromosome KI270731.1 strand - [line 2477834]
2020-08-27 17:59:40,374 - DEBUG - Done with KI270731.1- [line 2477840]
2020-08-27 17:59:40,374 - DEBUG - Assigning indexes to genes
2020-08-27 17:59:40,374 - DEBUG - Seen 32344 genes until now
2020-08-27 17:59:40,374 - DEBUG - Parsing Chromosome KI270734.1 strand - [line 2477841]
2020-08-27 17:59:40,375 - DEBUG - Done with KI270734.1- [line 2477909]
2020-08-27 17:59:40,375 - DEBUG - Assigning indexes to genes
2020-08-27 17:59:40,375 - DEBUG - Seen 32345 genes until now
2020-08-27 17:59:40,375 - DEBUG - Parsing Chromosome KI270734.1 strand + [line 2477910]
2020-08-27 17:59:40,375 - DEBUG - Done with KI270734.1+ [line 2477932]
2020-08-27 17:59:40,375 - DEBUG - Assigning indexes to genes
2020-08-27 17:59:40,375 - DEBUG - Seen 32347 genes until now
2020-08-27 17:59:40,375 - DEBUG - Parsing Chromosome MT strand - [line 2477933]
2020-08-27 17:59:40,375 - DEBUG - Done with MT- [line 2477938]
2020-08-27 17:59:40,375 - DEBUG - Assigning indexes to genes
2020-08-27 17:59:40,375 - DEBUG - Seen 32348 genes until now
2020-08-27 17:59:40,375 - DEBUG - Parsing Chromosome MT strand + [line 2477939]
2020-08-27 17:59:40,375 - DEBUG - Done with MT+ [line 2478004]
2020-08-27 17:59:40,375 - DEBUG - Assigning indexes to genes
2020-08-27 17:59:40,376 - DEBUG - Seen 32360 genes until now
2020-08-27 17:59:40,376 - DEBUG - Parsing Chromosome X strand - [line 2478005]
2020-08-27 17:59:40,539 - DEBUG - Done with X- [line 2518937]
2020-08-27 17:59:40,540 - DEBUG - Assigning indexes to genes
2020-08-27 17:59:40,542 - DEBUG - Seen 32876 genes until now
2020-08-27 17:59:40,542 - DEBUG - Parsing Chromosome X strand + [line 2518938]
2020-08-27 17:59:40,706 - DEBUG - Done with X+ [line 2560301]
2020-08-27 17:59:40,706 - DEBUG - Assigning indexes to genes
2020-08-27 17:59:40,709 - DEBUG - Seen 33438 genes until now
2020-08-27 17:59:40,710 - DEBUG - Parsing Chromosome Y strand - [line 2560302]
2020-08-27 17:59:40,719 - DEBUG - Done with Y- [line 2562446]
2020-08-27 17:59:40,719 - DEBUG - Assigning indexes to genes
2020-08-27 17:59:40,719 - DEBUG - Seen 33485 genes until now
2020-08-27 17:59:40,719 - DEBUG - Parsing Chromosome Y strand + [line 2562447]
2020-08-27 17:59:40,730 - DEBUG - Assigning indexes to genes
2020-08-27 17:59:40,730 - DEBUG - Done with Y+ [line 2565059]
2020-08-27 17:59:40,730 - DEBUG - Fixing corner cases of transcript models containg intron longer than 1000Kbp
2020-08-27 17:59:42,482 - DEBUG - Generated 2165800 features corresponding to 172912 transcript models from /net/isi-dcnl/ifs/user_data/abild/Genomes/refdata-cellranger-GRCh38-3.0.0/genes/genes.gtf
2020-08-27 17:59:42,508 - INFO - Scan /net/isi-dcnl/ifs/user_data/abild/Megatron_data/COH049/FEL017022.mRNA/feline_p1722.10x.counts/FEL022_M/outs/possorted_genome_bam.bam to validate intron intervals
2020-08-27 17:59:46,612 - DEBUG - Reading /net/isi-dcnl/ifs/user_data/abild/Megatron_data/COH049/FEL017022.mRNA/feline_p1722.10x.counts/FEL022_M/outs/possorted_genome_bam.bam
2020-08-27 17:59:46,631 - DEBUG - Read first 0 million reads
2020-08-27 17:59:46,634 - DEBUG - Marking up chromosome 1
2020-08-27 18:01:12,021 - DEBUG - Read first 10 million reads
2020-08-27 18:01:32,904 - DEBUG - Marking up chromosome 10
2020-08-27 18:02:40,376 - DEBUG - Read first 20 million reads
2020-08-27 18:02:48,886 - DEBUG - Marking up chromosome 11
2020-08-27 18:04:28,461 - DEBUG - Read first 30 million reads
2020-08-27 18:05:33,073 - DEBUG - Marking up chromosome 12
2020-08-27 18:06:10,957 - DEBUG - Read first 40 million reads
2020-08-27 18:06:25,143 - DEBUG - Marking up chromosome 13
2020-08-27 18:06:47,206 - DEBUG - Marking up chromosome 14
2020-08-27 18:07:40,728 - DEBUG - Marking up chromosome 15
2020-08-27 18:07:43,100 - DEBUG - Read first 50 million reads
2020-08-27 18:08:22,559 - DEBUG - Marking up chromosome 16
2020-08-27 18:09:04,353 - DEBUG - Read first 60 million reads
2020-08-27 18:09:09,332 - DEBUG - Marking up chromosome 17
2020-08-27 18:10:01,169 - DEBUG - Marking up chromosome 18
2020-08-27 18:10:22,190 - DEBUG - Marking up chromosome 19
2020-08-27 18:10:42,159 - DEBUG - Read first 70 million reads
2020-08-27 18:11:09,485 - DEBUG - Marking up chromosome 2
2020-08-27 18:12:12,299 - DEBUG - Read first 80 million reads
2020-08-27 18:12:40,506 - DEBUG - Marking up chromosome 20
2020-08-27 18:13:04,961 - DEBUG - Marking up chromosome 21
2020-08-27 18:13:14,014 - DEBUG - Read first 90 million reads
2020-08-27 18:13:29,280 - DEBUG - Marking up chromosome 22
2020-08-27 18:13:44,318 - DEBUG - Marking up chromosome 3
2020-08-27 18:14:38,746 - DEBUG - Read first 100 million reads
2020-08-27 18:15:00,936 - DEBUG - Marking up chromosome 4
2020-08-27 18:15:51,413 - DEBUG - Marking up chromosome 5
2020-08-27 18:16:10,702 - DEBUG - Read first 110 million reads
2020-08-27 18:16:47,723 - DEBUG - Marking up chromosome 6
2020-08-27 18:17:39,611 - DEBUG - Read first 120 million reads
2020-08-27 18:17:47,708 - DEBUG - Marking up chromosome 7
2020-08-27 18:18:33,136 - DEBUG - Marking up chromosome 8
2020-08-27 18:19:10,257 - DEBUG - Read first 130 million reads
2020-08-27 18:19:19,889 - DEBUG - Marking up chromosome 9
2020-08-27 18:19:57,310 - DEBUG - Marking up chromosome MT
2020-08-27 18:20:05,703 - DEBUG - Marking up chromosome X
2020-08-27 18:20:30,703 - DEBUG - Read first 140 million reads
2020-08-27 18:20:32,560 - DEBUG - Marking up chromosome Y
2020-08-27 18:20:32,656 - DEBUG - Marking up chromosome KI270728.1
2020-08-27 18:20:32,660 - DEBUG - Marking up chromosome KI270727.1
2020-08-27 18:20:32,693 - DEBUG - Marking up chromosome KI270442.1
2020-08-27 18:20:32,693 - WARNING - The .bam file refers to a chromosome 'KI270442.1+' not present in the annotation (.gtf) file
2020-08-27 18:20:32,693 - WARNING - The .bam file refers to a chromosome 'KI270442.1-' not present in the annotation (.gtf) file
2020-08-27 18:20:32,700 - DEBUG - Marking up chromosome GL000225.1
2020-08-27 18:20:32,700 - WARNING - The .bam file refers to a chromosome 'GL000225.1+' not present in the annotation (.gtf) file
2020-08-27 18:20:32,700 - WARNING - The .bam file refers to a chromosome 'GL000225.1-' not present in the annotation (.gtf) file
2020-08-27 18:20:32,701 - DEBUG - Marking up chromosome KI270743.1
2020-08-27 18:20:32,701 - WARNING - The .bam file refers to a chromosome 'KI270743.1+' not present in the annotation (.gtf) file
2020-08-27 18:20:32,701 - WARNING - The .bam file refers to a chromosome 'KI270743.1-' not present in the annotation (.gtf) file
2020-08-27 18:20:32,705 - DEBUG - Marking up chromosome GL000008.2
2020-08-27 18:20:32,705 - WARNING - The .bam file refers to a chromosome 'GL000008.2+' not present in the annotation (.gtf) file
2020-08-27 18:20:32,705 - WARNING - The .bam file refers to a chromosome 'GL000008.2-' not present in the annotation (.gtf) file
2020-08-27 18:20:32,710 - DEBUG - Marking up chromosome GL000009.2
2020-08-27 18:20:32,710 - WARNING - The .bam file refers to a chromosome 'GL000009.2+' not present in the annotation (.gtf) file
2020-08-27 18:20:32,720 - DEBUG - Marking up chromosome KI270722.1
2020-08-27 18:20:32,720 - WARNING - The .bam file refers to a chromosome 'KI270722.1+' not present in the annotation (.gtf) file
2020-08-27 18:20:32,720 - WARNING - The .bam file refers to a chromosome 'KI270722.1-' not present in the annotation (.gtf) file
2020-08-27 18:20:32,721 - DEBUG - Marking up chromosome GL000194.1
2020-08-27 18:20:32,721 - WARNING - The .bam file refers to a chromosome 'GL000194.1+' not present in the annotation (.gtf) file
2020-08-27 18:20:32,825 - DEBUG - Marking up chromosome KI270742.1
2020-08-27 18:20:32,825 - WARNING - The .bam file refers to a chromosome 'KI270742.1+' not present in the annotation (.gtf) file
2020-08-27 18:20:32,825 - WARNING - The .bam file refers to a chromosome 'KI270742.1-' not present in the annotation (.gtf) file
2020-08-27 18:20:32,848 - DEBUG - Marking up chromosome GL000205.2
2020-08-27 18:20:32,848 - WARNING - The .bam file refers to a chromosome 'GL000205.2+' not present in the annotation (.gtf) file
2020-08-27 18:20:32,861 - DEBUG - Marking up chromosome GL000195.1
2020-08-27 18:20:32,912 - DEBUG - Marking up chromosome KI270733.1
2020-08-27 18:20:32,912 - WARNING - The .bam file refers to a chromosome 'KI270733.1+' not present in the annotation (.gtf) file
2020-08-27 18:20:32,913 - WARNING - The .bam file refers to a chromosome 'KI270733.1-' not present in the annotation (.gtf) file
2020-08-27 18:20:39,843 - DEBUG - Marking up chromosome GL000224.1
2020-08-27 18:20:39,844 - WARNING - The .bam file refers to a chromosome 'GL000224.1+' not present in the annotation (.gtf) file
2020-08-27 18:20:39,844 - WARNING - The .bam file refers to a chromosome 'GL000224.1-' not present in the annotation (.gtf) file
2020-08-27 18:20:39,855 - DEBUG - Marking up chromosome GL000219.1
2020-08-27 18:20:39,855 - WARNING - The .bam file refers to a chromosome 'GL000219.1+' not present in the annotation (.gtf) file
2020-08-27 18:20:39,917 - DEBUG - Marking up chromosome KI270719.1
2020-08-27 18:20:39,917 - WARNING - The .bam file refers to a chromosome 'KI270719.1+' not present in the annotation (.gtf) file
2020-08-27 18:20:39,917 - WARNING - The .bam file refers to a chromosome 'KI270719.1-' not present in the annotation (.gtf) file
2020-08-27 18:20:39,925 - DEBUG - Marking up chromosome GL000216.2
2020-08-27 18:20:39,925 - WARNING - The .bam file refers to a chromosome 'GL000216.2+' not present in the annotation (.gtf) file
2020-08-27 18:20:39,925 - WARNING - The .bam file refers to a chromosome 'GL000216.2-' not present in the annotation (.gtf) file
2020-08-27 18:20:39,925 - DEBUG - Marking up chromosome KI270712.1
2020-08-27 18:20:39,926 - WARNING - The .bam file refers to a chromosome 'KI270712.1+' not present in the annotation (.gtf) file
2020-08-27 18:20:39,926 - WARNING - The .bam file refers to a chromosome 'KI270712.1-' not present in the annotation (.gtf) file
2020-08-27 18:20:39,928 - DEBUG - Marking up chromosome KI270706.1
2020-08-27 18:20:39,928 - WARNING - The .bam file refers to a chromosome 'KI270706.1+' not present in the annotation (.gtf) file
2020-08-27 18:20:39,928 - WARNING - The .bam file refers to a chromosome 'KI270706.1-' not present in the annotation (.gtf) file
2020-08-27 18:20:40,020 - DEBUG - Marking up chromosome KI270725.1
2020-08-27 18:20:40,020 - WARNING - The .bam file refers to a chromosome 'KI270725.1+' not present in the annotation (.gtf) file
2020-08-27 18:20:40,020 - WARNING - The .bam file refers to a chromosome 'KI270725.1-' not present in the annotation (.gtf) file
2020-08-27 18:20:40,021 - DEBUG - Marking up chromosome KI270744.1
2020-08-27 18:20:40,021 - WARNING - The .bam file refers to a chromosome 'KI270744.1+' not present in the annotation (.gtf) file
2020-08-27 18:20:40,021 - WARNING - The .bam file refers to a chromosome 'KI270744.1-' not present in the annotation (.gtf) file
2020-08-27 18:20:40,030 - DEBUG - Marking up chromosome KI270734.1
2020-08-27 18:20:40,034 - DEBUG - Marking up chromosome GL000213.1
2020-08-27 18:20:40,034 - WARNING - The .bam file refers to a chromosome 'GL000213.1+' not present in the annotation (.gtf) file
2020-08-27 18:20:40,116 - DEBUG - Marking up chromosome GL000220.1
2020-08-27 18:20:40,116 - WARNING - The .bam file refers to a chromosome 'GL000220.1+' not present in the annotation (.gtf) file
2020-08-27 18:20:40,116 - WARNING - The .bam file refers to a chromosome 'GL000220.1-' not present in the annotation (.gtf) file
2020-08-27 18:20:47,066 - DEBUG - Marking up chromosome GL000218.1
2020-08-27 18:20:47,067 - WARNING - The .bam file refers to a chromosome 'GL000218.1+' not present in the annotation (.gtf) file
2020-08-27 18:20:47,103 - DEBUG - Marking up chromosome KI270749.1
2020-08-27 18:20:47,104 - WARNING - The .bam file refers to a chromosome 'KI270749.1+' not present in the annotation (.gtf) file
2020-08-27 18:20:47,104 - WARNING - The .bam file refers to a chromosome 'KI270749.1-' not present in the annotation (.gtf) file
2020-08-27 18:20:47,104 - DEBUG - Marking up chromosome KI270741.1
2020-08-27 18:20:47,105 - WARNING - The .bam file refers to a chromosome 'KI270741.1+' not present in the annotation (.gtf) file
2020-08-27 18:20:47,105 - WARNING - The .bam file refers to a chromosome 'KI270741.1-' not present in the annotation (.gtf) file
2020-08-27 18:20:47,105 - DEBUG - Marking up chromosome GL000221.1
2020-08-27 18:20:47,105 - WARNING - The .bam file refers to a chromosome 'GL000221.1+' not present in the annotation (.gtf) file
2020-08-27 18:20:47,105 - WARNING - The .bam file refers to a chromosome 'GL000221.1-' not present in the annotation (.gtf) file
2020-08-27 18:20:47,125 - DEBUG - Marking up chromosome KI270731.1
2020-08-27 18:20:47,126 - WARNING - The .bam file refers to a chromosome 'KI270731.1+' not present in the annotation (.gtf) file
2020-08-27 18:20:47,127 - DEBUG - Marking up chromosome KI270751.1
2020-08-27 18:20:47,127 - WARNING - The .bam file refers to a chromosome 'KI270751.1+' not present in the annotation (.gtf) file
2020-08-27 18:20:47,127 - WARNING - The .bam file refers to a chromosome 'KI270751.1-' not present in the annotation (.gtf) file
2020-08-27 18:20:47,128 - DEBUG - Marking up chromosome KI270750.1
2020-08-27 18:20:47,128 - WARNING - The .bam file refers to a chromosome 'KI270750.1+' not present in the annotation (.gtf) file
2020-08-27 18:20:47,128 - WARNING - The .bam file refers to a chromosome 'KI270750.1-' not present in the annotation (.gtf) file
2020-08-27 18:20:47,129 - DEBUG - Marking up chromosome GL000214.1
2020-08-27 18:20:47,129 - WARNING - The .bam file refers to a chromosome 'GL000214.1+' not present in the annotation (.gtf) file
2020-08-27 18:20:47,130 - WARNING - The .bam file refers to a chromosome 'GL000214.1-' not present in the annotation (.gtf) file
2020-08-27 18:20:47,130 - DEBUG - Marking up chromosome KI270708.1
2020-08-27 18:20:47,130 - WARNING - The .bam file refers to a chromosome 'KI270708.1+' not present in the annotation (.gtf) file
2020-08-27 18:20:47,130 - WARNING - The .bam file refers to a chromosome 'KI270708.1-' not present in the annotation (.gtf) file
2020-08-27 18:20:47,131 - DEBUG - Marking up chromosome KI270721.1
2020-08-27 18:20:47,131 - WARNING - The .bam file refers to a chromosome 'KI270721.1-' not present in the annotation (.gtf) file
2020-08-27 18:20:47,139 - DEBUG - Marking up chromosome KI270738.1
2020-08-27 18:20:47,139 - WARNING - The .bam file refers to a chromosome 'KI270738.1+' not present in the annotation (.gtf) file
2020-08-27 18:20:47,139 - WARNING - The .bam file refers to a chromosome 'KI270738.1-' not present in the annotation (.gtf) file
2020-08-27 18:20:47,141 - DEBUG - Marking up chromosome KI270748.1
2020-08-27 18:20:47,141 - WARNING - The .bam file refers to a chromosome 'KI270748.1+' not present in the annotation (.gtf) file
2020-08-27 18:20:47,141 - WARNING - The .bam file refers to a chromosome 'KI270748.1-' not present in the annotation (.gtf) file
2020-08-27 18:20:47,142 - DEBUG - Marking up chromosome GL000208.1
2020-08-27 18:20:47,142 - WARNING - The .bam file refers to a chromosome 'GL000208.1+' not present in the annotation (.gtf) file
2020-08-27 18:20:47,143 - WARNING - The .bam file refers to a chromosome 'GL000208.1-' not present in the annotation (.gtf) file
2020-08-27 18:20:47,143 - DEBUG - Marking up chromosome KI270739.1
2020-08-27 18:20:47,143 - WARNING - The .bam file refers to a chromosome 'KI270739.1+' not present in the annotation (.gtf) file
2020-08-27 18:20:47,143 - WARNING - The .bam file refers to a chromosome 'KI270739.1-' not present in the annotation (.gtf) file
2020-08-27 18:20:47,143 - DEBUG - Marking up chromosome KI270709.1
2020-08-27 18:20:47,143 - WARNING - The .bam file refers to a chromosome 'KI270709.1+' not present in the annotation (.gtf) file
2020-08-27 18:20:47,143 - WARNING - The .bam file refers to a chromosome 'KI270709.1-' not present in the annotation (.gtf) file
2020-08-27 18:20:47,143 - DEBUG - Marking up chromosome KI270753.1
2020-08-27 18:20:47,143 - WARNING - The .bam file refers to a chromosome 'KI270753.1+' not present in the annotation (.gtf) file
2020-08-27 18:20:47,143 - WARNING - The .bam file refers to a chromosome 'KI270753.1-' not present in the annotation (.gtf) file
2020-08-27 18:20:47,144 - DEBUG - Marking up chromosome KI270589.1
2020-08-27 18:20:47,144 - WARNING - The .bam file refers to a chromosome 'KI270589.1+' not present in the annotation (.gtf) file
2020-08-27 18:20:47,144 - WARNING - The .bam file refers to a chromosome 'KI270589.1-' not present in the annotation (.gtf) file
2020-08-27 18:20:47,144 - DEBUG - Marking up chromosome KI270735.1
2020-08-27 18:20:47,144 - WARNING - The .bam file refers to a chromosome 'KI270735.1+' not present in the annotation (.gtf) file
2020-08-27 18:20:47,144 - WARNING - The .bam file refers to a chromosome 'KI270735.1-' not present in the annotation (.gtf) file
2020-08-27 18:20:47,148 - DEBUG - Marking up chromosome KI270711.1
2020-08-27 18:20:47,148 - WARNING - The .bam file refers to a chromosome 'KI270711.1+' not present in the annotation (.gtf) file
2020-08-27 18:20:47,167 - DEBUG - Marking up chromosome KI270745.1
2020-08-27 18:20:47,167 - WARNING - The .bam file refers to a chromosome 'KI270745.1+' not present in the annotation (.gtf) file
2020-08-27 18:20:47,167 - WARNING - The .bam file refers to a chromosome 'KI270745.1-' not present in the annotation (.gtf) file
2020-08-27 18:20:47,171 - DEBUG - Marking up chromosome KI270714.1
2020-08-27 18:20:47,171 - WARNING - The .bam file refers to a chromosome 'KI270714.1+' not present in the annotation (.gtf) file
2020-08-27 18:20:47,171 - WARNING - The .bam file refers to a chromosome 'KI270714.1-' not present in the annotation (.gtf) file
2020-08-27 18:20:47,173 - DEBUG - Marking up chromosome KI270732.1
2020-08-27 18:20:47,173 - WARNING - The .bam file refers to a chromosome 'KI270732.1+' not present in the annotation (.gtf) file
2020-08-27 18:20:47,173 - WARNING - The .bam file refers to a chromosome 'KI270732.1-' not present in the annotation (.gtf) file
2020-08-27 18:20:47,173 - DEBUG - Marking up chromosome KI270713.1
2020-08-27 18:20:47,179 - DEBUG - Marking up chromosome KI270717.1
2020-08-27 18:20:47,179 - WARNING - The .bam file refers to a chromosome 'KI270717.1+' not present in the annotation (.gtf) file
2020-08-27 18:20:47,179 - WARNING - The .bam file refers to a chromosome 'KI270717.1-' not present in the annotation (.gtf) file
2020-08-27 18:20:47,181 - DEBUG - Marking up chromosome KI270724.1
2020-08-27 18:20:47,181 - WARNING - The .bam file refers to a chromosome 'KI270724.1+' not present in the annotation (.gtf) file
2020-08-27 18:20:47,181 - WARNING - The .bam file refers to a chromosome 'KI270724.1-' not present in the annotation (.gtf) file
2020-08-27 18:20:47,181 - DEBUG - Marking up chromosome KI270720.1
2020-08-27 18:20:47,181 - WARNING - The .bam file refers to a chromosome 'KI270720.1+' not present in the annotation (.gtf) file
2020-08-27 18:20:47,181 - WARNING - The .bam file refers to a chromosome 'KI270720.1-' not present in the annotation (.gtf) file
2020-08-27 18:20:47,182 - DEBUG - Marking up chromosome KI270723.1
2020-08-27 18:20:47,182 - WARNING - The .bam file refers to a chromosome 'KI270723.1+' not present in the annotation (.gtf) file
2020-08-27 18:20:47,182 - WARNING - The .bam file refers to a chromosome 'KI270723.1-' not present in the annotation (.gtf) file
2020-08-27 18:20:47,185 - DEBUG - Marking up chromosome KI270718.1
2020-08-27 18:20:47,185 - WARNING - The .bam file refers to a chromosome 'KI270718.1+' not present in the annotation (.gtf) file
2020-08-27 18:20:47,185 - WARNING - The .bam file refers to a chromosome 'KI270718.1-' not present in the annotation (.gtf) file
2020-08-27 18:20:47,205 - DEBUG - Marking up chromosome KI270707.1
2020-08-27 18:20:47,205 - WARNING - The .bam file refers to a chromosome 'KI270707.1+' not present in the annotation (.gtf) file
2020-08-27 18:20:47,205 - WARNING - The .bam file refers to a chromosome 'KI270707.1-' not present in the annotation (.gtf) file
2020-08-27 18:20:47,207 - DEBUG - Marking up chromosome KI270512.1
2020-08-27 18:20:47,207 - WARNING - The .bam file refers to a chromosome 'KI270512.1+' not present in the annotation (.gtf) file
2020-08-27 18:20:47,207 - WARNING - The .bam file refers to a chromosome 'KI270512.1-' not present in the annotation (.gtf) file
2020-08-27 18:20:47,207 - DEBUG - Marking up chromosome KI270322.1
2020-08-27 18:20:47,207 - WARNING - The .bam file refers to a chromosome 'KI270322.1+' not present in the annotation (.gtf) file
2020-08-27 18:20:47,208 - WARNING - The .bam file refers to a chromosome 'KI270322.1-' not present in the annotation (.gtf) file
2020-08-27 18:20:47,208 - DEBUG - Marking up chromosome KI270448.1
2020-08-27 18:20:47,208 - WARNING - The .bam file refers to a chromosome 'KI270448.1+' not present in the annotation (.gtf) file
2020-08-27 18:20:47,208 - WARNING - The .bam file refers to a chromosome 'KI270448.1-' not present in the annotation (.gtf) file
2020-08-27 18:20:47,208 - DEBUG - Marking up chromosome KI270591.1
2020-08-27 18:20:47,208 - WARNING - The .bam file refers to a chromosome 'KI270591.1+' not present in the annotation (.gtf) file
2020-08-27 18:20:47,208 - WARNING - The .bam file refers to a chromosome 'KI270591.1-' not present in the annotation (.gtf) file
2020-08-27 18:20:47,208 - DEBUG - Marking up chromosome KI270320.1
2020-08-27 18:20:47,208 - WARNING - The .bam file refers to a chromosome 'KI270320.1+' not present in the annotation (.gtf) file
2020-08-27 18:20:47,208 - WARNING - The .bam file refers to a chromosome 'KI270320.1-' not present in the annotation (.gtf) file
2020-08-27 18:20:47,209 - DEBUG - Marking up chromosome KI270467.1
2020-08-27 18:20:47,209 - WARNING - The .bam file refers to a chromosome 'KI270467.1+' not present in the annotation (.gtf) file
2020-08-27 18:20:47,209 - WARNING - The .bam file refers to a chromosome 'KI270467.1-' not present in the annotation (.gtf) file
2020-08-27 18:20:47,209 - DEBUG - Marking up chromosome KI270304.1
2020-08-27 18:20:47,209 - WARNING - The .bam file refers to a chromosome 'KI270304.1+' not present in the annotation (.gtf) file
2020-08-27 18:20:47,209 - WARNING - The .bam file refers to a chromosome 'KI270304.1-' not present in the annotation (.gtf) file
2020-08-27 18:20:47,210 - DEBUG - Marking up chromosome KI270303.1
2020-08-27 18:20:47,210 - WARNING - The .bam file refers to a chromosome 'KI270303.1+' not present in the annotation (.gtf) file
2020-08-27 18:20:47,210 - WARNING - The .bam file refers to a chromosome 'KI270303.1-' not present in the annotation (.gtf) file
2020-08-27 18:20:47,210 - DEBUG - Marking up chromosome KI270330.1
2020-08-27 18:20:47,210 - WARNING - The .bam file refers to a chromosome 'KI270330.1+' not present in the annotation (.gtf) file
2020-08-27 18:20:47,210 - WARNING - The .bam file refers to a chromosome 'KI270330.1-' not present in the annotation (.gtf) file
2020-08-27 18:20:47,212 - DEBUG - Marking up chromosome KI270466.1
2020-08-27 18:20:47,212 - WARNING - The .bam file refers to a chromosome 'KI270466.1+' not present in the annotation (.gtf) file
2020-08-27 18:20:47,212 - WARNING - The .bam file refers to a chromosome 'KI270466.1-' not present in the annotation (.gtf) file
2020-08-27 18:20:47,212 - DEBUG - Marking up chromosome KI270310.1
2020-08-27 18:20:47,212 - WARNING - The .bam file refers to a chromosome 'KI270310.1+' not present in the annotation (.gtf) file
2020-08-27 18:20:47,212 - WARNING - The .bam file refers to a chromosome 'KI270310.1-' not present in the annotation (.gtf) file
2020-08-27 18:20:53,030 - DEBUG - Read first 150 million reads
2020-08-27 18:21:06,200 - DEBUG - End of file. Reset index: start scanning from initial position.
2020-08-27 18:21:06,200 - DEBUG - 5303040 reads were skipped because no apropiate cell or umi barcode was found
2020-08-27 18:21:06,200 - DEBUG - Start molecule counting!
2020-08-27 18:21:10,375 - DEBUG - Features available for chromosomes : ['1-', '1+', '10-', '10+', '11-', '11+', '12-', '12+', '13-', '13+', '14-', '14+', '15-', '15+', '16-', '16+', '17-', '17+', '18-', '18+', '19-', '19+', '2-', '2+', '20-', '20+', '21-', '21+', '22-', '22+', '3-', '3+', '4-', '4+', '5-', '5+', '6-', '6+', '7-', '7+', '8-', '8+', '9-', '9+', 'GL000009.2-', 'GL000194.1-', 'GL000195.1-', 'GL000195.1+', 'GL000205.2-', 'GL000213.1-', 'GL000218.1-', 'GL000219.1-', 'KI270711.1-', 'KI270713.1-', 'KI270713.1+', 'KI270721.1+', 'KI270726.1+', 'KI270727.1-', 'KI270727.1+', 'KI270728.1-', 'KI270728.1+', 'KI270731.1-', 'KI270734.1-', 'KI270734.1+', 'MT-', 'MT+', 'X-', 'X+', 'Y-', 'Y+']
2020-08-27 18:21:10,375 - DEBUG - Mask available for chromosomes : []
2020-08-27 18:21:10,375 - DEBUG - Summarizing the results of intron validation.
2020-08-27 18:21:11,061 - DEBUG - Validated 443748 introns (of which unique intervals 142131) out of 996444 total possible introns (considering each possible transcript models).
2020-08-27 18:21:11,062 - DEBUG - Reading /net/isi-dcnl/ifs/user_data/abild/Megatron_data/COH049/FEL017022.mRNA/feline_p1722.10x.counts/FEL022_M/outs/cellsorted_possorted_genome_bam.bam
2020-08-27 18:21:11,108 - DEBUG - Read first 0 million reads
2020-08-27 18:21:44,810 - DEBUG - Read first 10 million reads
2020-08-27 18:21:59,950 - DEBUG - Counting for batch 1, containing 100 cells and 942354 reads
2020-08-27 18:22:29,493 - DEBUG - 0 reads not considered because fully enclosed in repeat masked regions
2020-08-27 18:22:54,406 - DEBUG - Counting for batch 2, containing 100 cells and 896238 reads
2020-08-27 18:23:24,254 - DEBUG - 0 reads not considered because fully enclosed in repeat masked regions
2020-08-27 18:23:49,755 - DEBUG - Counting for batch 3, containing 100 cells and 1083530 reads
2020-08-27 18:24:23,628 - DEBUG - 0 reads not considered because fully enclosed in repeat masked regions
2020-08-27 18:24:43,763 - DEBUG - Read first 20 million reads
2020-08-27 18:24:53,052 - DEBUG - Counting for batch 4, containing 100 cells and 1126022 reads
2020-08-27 18:25:25,561 - DEBUG - 0 reads not considered because fully enclosed in repeat masked regions
2020-08-27 18:25:53,587 - DEBUG - Counting for batch 5, containing 100 cells and 946654 reads
2020-08-27 18:26:23,803 - DEBUG - 0 reads not considered because fully enclosed in repeat masked regions
2020-08-27 18:26:51,485 - DEBUG - Counting for batch 6, containing 100 cells and 1007709 reads
2020-08-27 18:27:24,498 - DEBUG - 0 reads not considered because fully enclosed in repeat masked regions
2020-08-27 18:27:49,900 - DEBUG - Read first 30 million reads
2020-08-27 18:27:54,851 - DEBUG - Counting for batch 7, containing 100 cells and 1248450 reads
2020-08-27 18:28:33,955 - DEBUG - 0 reads not considered because fully enclosed in repeat masked regions
2020-08-27 18:29:03,028 - DEBUG - Counting for batch 8, containing 100 cells and 937961 reads
2020-08-27 18:29:31,962 - DEBUG - 0 reads not considered because fully enclosed in repeat masked regions
2020-08-27 18:29:59,303 - DEBUG - Counting for batch 9, containing 100 cells and 803579 reads
2020-08-27 18:30:26,173 - DEBUG - 0 reads not considered because fully enclosed in repeat masked regions
2020-08-27 18:30:52,246 - DEBUG - Counting for batch 10, containing 100 cells and 961461 reads
2020-08-27 18:31:22,854 - DEBUG - 0 reads not considered because fully enclosed in repeat masked regions
2020-08-27 18:31:30,479 - DEBUG - Read first 40 million reads
2020-08-27 18:31:48,223 - DEBUG - Counting for batch 11, containing 100 cells and 983132 reads
2020-08-27 18:32:17,635 - DEBUG - 0 reads not considered because fully enclosed in repeat masked regions
2020-08-27 18:32:46,795 - DEBUG - Counting for batch 12, containing 100 cells and 1010996 reads
2020-08-27 18:33:16,927 - DEBUG - 0 reads not considered because fully enclosed in repeat masked regions
2020-08-27 18:33:45,638 - DEBUG - Counting for batch 13, containing 100 cells and 1159660 reads
2020-08-27 18:34:21,461 - DEBUG - 0 reads not considered because fully enclosed in repeat masked regions
2020-08-27 18:34:39,046 - DEBUG - Read first 50 million reads
2020-08-27 18:34:49,335 - DEBUG - Counting for batch 14, containing 100 cells and 963106 reads
2020-08-27 18:35:18,896 - DEBUG - 0 reads not considered because fully enclosed in repeat masked regions
2020-08-27 18:35:47,415 - DEBUG - Counting for batch 15, containing 100 cells and 1097835 reads
2020-08-27 18:36:20,439 - DEBUG - 0 reads not considered because fully enclosed in repeat masked regions
2020-08-27 18:36:46,853 - DEBUG - Counting for batch 16, containing 100 cells and 980519 reads
2020-08-27 18:37:19,397 - DEBUG - 0 reads not considered because fully enclosed in repeat masked regions
2020-08-27 18:37:46,172 - DEBUG - Read first 60 million reads
2020-08-27 18:37:48,169 - DEBUG - Counting for batch 17, containing 100 cells and 1080750 reads
2020-08-27 18:38:21,881 - DEBUG - 0 reads not considered because fully enclosed in repeat masked regions
2020-08-27 18:38:48,306 - DEBUG - Counting for batch 18, containing 100 cells and 974455 reads
2020-08-27 18:39:18,092 - DEBUG - 0 reads not considered because fully enclosed in repeat masked regions
2020-08-27 18:39:45,894 - DEBUG - Counting for batch 19, containing 100 cells and 946974 reads
2020-08-27 18:40:14,967 - DEBUG - 0 reads not considered because fully enclosed in repeat masked regions
2020-08-27 18:40:44,093 - DEBUG - Counting for batch 20, containing 100 cells and 1093490 reads
2020-08-27 18:41:16,758 - DEBUG - 0 reads not considered because fully enclosed in repeat masked regions
2020-08-27 18:41:33,661 - DEBUG - Read first 70 million reads
2020-08-27 18:41:45,932 - DEBUG - Counting for batch 21, containing 100 cells and 1127276 reads
2020-08-27 18:42:20,353 - DEBUG - 0 reads not considered because fully enclosed in repeat masked regions
2020-08-27 18:42:48,187 - DEBUG - Counting for batch 22, containing 100 cells and 971955 reads
2020-08-27 18:43:20,238 - DEBUG - 0 reads not considered because fully enclosed in repeat masked regions
2020-08-27 18:43:42,545 - DEBUG - Counting for batch 23, containing 100 cells and 865135 reads
2020-08-27 18:44:11,347 - DEBUG - 0 reads not considered because fully enclosed in repeat masked regions
2020-08-27 18:44:37,687 - DEBUG - Read first 80 million reads
2020-08-27 18:44:39,039 - DEBUG - Counting for batch 24, containing 100 cells and 909207 reads
2020-08-27 18:45:09,296 - DEBUG - 0 reads not considered because fully enclosed in repeat masked regions
2020-08-27 18:45:35,294 - DEBUG - Counting for batch 25, containing 100 cells and 1022303 reads
2020-08-27 18:46:07,701 - DEBUG - 0 reads not considered because fully enclosed in repeat masked regions
2020-08-27 18:46:36,326 - DEBUG - Counting for batch 26, containing 100 cells and 928951 reads
2020-08-27 18:47:06,036 - DEBUG - 0 reads not considered because fully enclosed in repeat masked regions
2020-08-27 18:47:35,808 - DEBUG - Counting for batch 27, containing 100 cells and 1128383 reads
2020-08-27 18:48:13,342 - DEBUG - 0 reads not considered because fully enclosed in repeat masked regions
2020-08-27 18:48:24,597 - DEBUG - Read first 90 million reads
2020-08-27 18:48:38,040 - DEBUG - Counting for batch 28, containing 100 cells and 866494 reads
2020-08-27 18:49:05,913 - DEBUG - 0 reads not considered because fully enclosed in repeat masked regions
2020-08-27 18:49:33,317 - DEBUG - Counting for batch 29, containing 100 cells and 1048960 reads
2020-08-27 18:50:06,125 - DEBUG - 0 reads not considered because fully enclosed in repeat masked regions
2020-08-27 18:50:31,473 - DEBUG - Counting for batch 30, containing 100 cells and 969540 reads
2020-08-27 18:50:59,992 - DEBUG - 0 reads not considered because fully enclosed in repeat masked regions
2020-08-27 18:51:19,616 - DEBUG - Read first 100 million reads
2020-08-27 18:51:26,330 - DEBUG - Counting for batch 31, containing 100 cells and 896732 reads
2020-08-27 18:51:53,609 - DEBUG - 0 reads not considered because fully enclosed in repeat masked regions
2020-08-27 18:52:18,338 - DEBUG - Counting for batch 32, containing 100 cells and 916938 reads
2020-08-27 18:52:47,615 - DEBUG - 0 reads not considered because fully enclosed in repeat masked regions
2020-08-27 18:53:10,999 - DEBUG - Counting for batch 33, containing 100 cells and 884497 reads
2020-08-27 18:53:37,214 - DEBUG - 0 reads not considered because fully enclosed in repeat masked regions
2020-08-27 18:54:06,913 - DEBUG - Counting for batch 34, containing 100 cells and 1183785 reads
2020-08-27 18:54:42,475 - DEBUG - 0 reads not considered because fully enclosed in repeat masked regions
2020-08-27 18:54:50,657 - DEBUG - Read first 110 million reads
2020-08-27 18:55:10,075 - DEBUG - Counting for batch 35, containing 100 cells and 952405 reads
2020-08-27 18:55:40,000 - DEBUG - 0 reads not considered because fully enclosed in repeat masked regions
2020-08-27 18:56:04,161 - DEBUG - Counting for batch 36, containing 100 cells and 908742 reads
2020-08-27 18:56:34,992 - DEBUG - 0 reads not considered because fully enclosed in repeat masked regions
2020-08-27 18:56:57,989 - DEBUG - Counting for batch 37, containing 100 cells and 834931 reads
2020-08-27 18:57:24,591 - DEBUG - 0 reads not considered because fully enclosed in repeat masked regions
2020-08-27 18:57:43,638 - DEBUG - Read first 120 million reads
2020-08-27 18:57:54,761 - DEBUG - Counting for batch 38, containing 100 cells and 1293643 reads
2020-08-27 18:58:35,767 - DEBUG - 0 reads not considered because fully enclosed in repeat masked regions
2020-08-27 18:59:02,757 - DEBUG - Counting for batch 39, containing 100 cells and 880513 reads
2020-08-27 18:59:29,761 - DEBUG - 0 reads not considered because fully enclosed in repeat masked regions
2020-08-27 18:59:53,865 - DEBUG - Counting for batch 40, containing 100 cells and 796334 reads
2020-08-27 19:00:19,807 - DEBUG - 0 reads not considered because fully enclosed in repeat masked regions
2020-08-27 19:00:48,620 - DEBUG - Counting for batch 41, containing 100 cells and 1113413 reads
2020-08-27 19:01:23,603 - DEBUG - 0 reads not considered because fully enclosed in repeat masked regions
2020-08-27 19:01:34,345 - DEBUG - Read first 130 million reads
2020-08-27 19:01:55,374 - DEBUG - Counting for batch 42, containing 100 cells and 1055456 reads
2020-08-27 19:02:31,133 - DEBUG - 0 reads not considered because fully enclosed in repeat masked regions
2020-08-27 19:02:58,355 - DEBUG - Counting for batch 43, containing 100 cells and 797234 reads
2020-08-27 19:03:23,870 - DEBUG - 0 reads not considered because fully enclosed in repeat masked regions
2020-08-27 19:03:48,581 - DEBUG - Counting for batch 44, containing 100 cells and 952266 reads
2020-08-27 19:04:21,041 - DEBUG - 0 reads not considered because fully enclosed in repeat masked regions
2020-08-27 19:04:40,507 - DEBUG - Read first 140 million reads
2020-08-27 19:04:50,185 - DEBUG - Counting for batch 45, containing 100 cells and 938299 reads
2020-08-27 19:05:22,476 - DEBUG - 0 reads not considered because fully enclosed in repeat masked regions
2020-08-27 19:05:49,711 - DEBUG - Counting for batch 46, containing 100 cells and 816081 reads
2020-08-27 19:06:17,906 - DEBUG - 0 reads not considered because fully enclosed in repeat masked regions
2020-08-27 19:06:41,174 - DEBUG - Counting for batch 47, containing 100 cells and 853832 reads
2020-08-27 19:07:08,345 - DEBUG - 0 reads not considered because fully enclosed in repeat masked regions
2020-08-27 19:07:37,486 - DEBUG - Counting for batch 48, containing 100 cells and 1003785 reads
2020-08-27 19:08:09,177 - DEBUG - 0 reads not considered because fully enclosed in repeat masked regions
2020-08-27 19:08:17,800 - DEBUG - Read first 150 million reads
2020-08-27 19:08:40,529 - DEBUG - Counting for batch 49, containing 100 cells and 968285 reads
2020-08-27 19:09:10,540 - DEBUG - 0 reads not considered because fully enclosed in repeat masked regions
2020-08-27 19:09:40,483 - DEBUG - Counting for batch 50, containing 100 cells and 1009461 reads
2020-08-27 19:10:14,202 - DEBUG - 0 reads not considered because fully enclosed in repeat masked regions
2020-08-27 19:10:22,315 - DEBUG - Counting for batch 51, containing 6 cells and 42315 reads
2020-08-27 19:10:24,405 - DEBUG - 0 reads not considered because fully enclosed in repeat masked regions
2020-08-27 19:10:24,740 - DEBUG - 5303040 reads were skipped because no apropiate cell or umi barcode was found
2020-08-27 19:10:24,740 - DEBUG - Counting done!
2020-08-27 19:10:24,775 - DEBUG - Generating output file /net/isi-dcnl/ifs/user_data/abild/Megatron_data/COH049/FEL017022.mRNA/feline_p1722.10x.counts/FEL022_M/velocyto/FEL022_M.loom
2020-08-27 19:10:24,776 - DEBUG - Collecting row attributes
2020-08-27 19:10:24,874 - DEBUG - Generating data table
2020-08-27 19:10:26,675 - DEBUG - Writing loom file
2020-08-27 19:10:36,576 - DEBUG - Terminated Succesfully!
Start: 1598576347
End: 1598580639
Run time: 4292
Done
