CPU: 16
N: 36
Step1: Analyze spliced and unspliced reads and genrate a loom file for velocityR
Run velocyto to generate loom file
2020-08-27 18:15:02,689 - DEBUG - Using logic: Default
2020-08-27 18:15:02,703 - INFO - Read 1457 cell barcodes from /net/isi-dcnl/ifs/user_data/abild/Megatron_data/COH047/FEL023024.mRNA/FEL024_count03/FEL024_E/outs/filtered_feature_bc_matrix/barcodes.tsv.gz
2020-08-27 18:15:02,703 - DEBUG - Example of barcode: AAACGAACATGGCACC and cell_id: FEL024_E:AAACGAACATGGCACC-1
2020-08-27 18:15:02,719 - DEBUG - Peeking into /net/isi-dcnl/ifs/user_data/abild/Megatron_data/COH047/FEL023024.mRNA/FEL024_count03/FEL024_E/outs/possorted_genome_bam.bam
2020-08-27 18:15:02,811 - WARNING - Not found cell and umi barcode in entry 142 of the bam file
2020-08-27 18:15:02,813 - WARNING - Not found cell and umi barcode in entry 537 of the bam file
2020-08-27 18:15:02,813 - WARNING - Not found cell and umi barcode in entry 538 of the bam file
2020-08-27 18:15:02,814 - WARNING - Not found cell and umi barcode in entry 539 of the bam file
2020-08-27 18:15:02,814 - WARNING - Not found cell and umi barcode in entry 540 of the bam file
2020-08-27 18:15:02,814 - WARNING - Not found cell and umi barcode in entry 598 of the bam file
2020-08-27 18:15:02,814 - WARNING - Not found cell and umi barcode in entry 599 of the bam file
2020-08-27 18:15:02,814 - WARNING - Not found cell and umi barcode in entry 600 of the bam file
2020-08-27 18:15:02,814 - WARNING - Not found cell and umi barcode in entry 601 of the bam file
2020-08-27 18:15:02,814 - WARNING - Not found cell and umi barcode in entry 602 of the bam file
2020-08-27 18:15:02,814 - WARNING - Not found cell and umi barcode in entry 603 of the bam file
2020-08-27 18:15:02,815 - WARNING - Not found cell and umi barcode in entry 604 of the bam file
2020-08-27 18:15:02,815 - WARNING - Not found cell and umi barcode in entry 605 of the bam file
2020-08-27 18:15:02,815 - WARNING - Not found cell and umi barcode in entry 606 of the bam file
2020-08-27 18:15:02,815 - WARNING - Not found cell and umi barcode in entry 607 of the bam file
2020-08-27 18:15:02,815 - WARNING - Not found cell and umi barcode in entry 608 of the bam file
2020-08-27 18:15:02,815 - WARNING - Not found cell and umi barcode in entry 609 of the bam file
2020-08-27 18:15:02,815 - WARNING - Not found cell and umi barcode in entry 610 of the bam file
2020-08-27 18:15:02,815 - WARNING - Not found cell and umi barcode in entry 611 of the bam file
2020-08-27 18:15:02,815 - WARNING - Not found cell and umi barcode in entry 612 of the bam file
2020-08-27 18:15:02,815 - WARNING - Not found cell and umi barcode in entry 613 of the bam file
2020-08-27 18:15:02,815 - WARNING - Not found cell and umi barcode in entry 614 of the bam file
2020-08-27 18:15:02,816 - WARNING - Not found cell and umi barcode in entry 615 of the bam file
2020-08-27 18:15:02,816 - WARNING - Not found cell and umi barcode in entry 616 of the bam file
2020-08-27 18:15:02,816 - WARNING - Not found cell and umi barcode in entry 617 of the bam file
2020-08-27 18:15:02,816 - WARNING - Not found cell and umi barcode in entry 618 of the bam file
2020-08-27 18:15:02,816 - WARNING - Not found cell and umi barcode in entry 619 of the bam file
2020-08-27 18:15:02,816 - WARNING - Not found cell and umi barcode in entry 620 of the bam file
2020-08-27 18:15:02,816 - WARNING - Not found cell and umi barcode in entry 621 of the bam file
2020-08-27 18:15:02,816 - WARNING - Not found cell and umi barcode in entry 622 of the bam file
2020-08-27 18:15:02,819 - WARNING - Not found cell and umi barcode in entry 1027 of the bam file
2020-08-27 18:15:02,824 - WARNING - The file /net/isi-dcnl/ifs/user_data/abild/Megatron_data/COH047/FEL023024.mRNA/FEL024_count03/FEL024_E/outs/cellsorted_possorted_genome_bam.bam already exists. The sorting step will be skipped and the existing file will be used.
2020-08-27 18:15:02,824 - INFO - Load the annotation from /net/isi-dcnl/ifs/user_data/abild/Genomes/refdata-cellranger-GRCh38-3.0.0/genes/genes.gtf
2020-08-27 18:15:11,190 - DEBUG - Parsing Chromosome 1 strand - [line 0]
2020-08-27 18:15:11,846 - DEBUG - Done with 1- [line 108728]
2020-08-27 18:15:11,846 - DEBUG - Assigning indexes to genes
2020-08-27 18:15:11,857 - DEBUG - Seen 1561 genes until now
2020-08-27 18:15:11,857 - DEBUG - Parsing Chromosome 1 strand + [line 108729]
2020-08-27 18:15:12,837 - DEBUG - Done with 1+ [line 232515]
2020-08-27 18:15:12,837 - DEBUG - Assigning indexes to genes
2020-08-27 18:15:12,849 - DEBUG - Seen 3154 genes until now
2020-08-27 18:15:12,849 - DEBUG - Parsing Chromosome 10 strand - [line 232516]
2020-08-27 18:15:13,058 - DEBUG - Done with 10- [line 279343]
2020-08-27 18:15:13,058 - DEBUG - Assigning indexes to genes
2020-08-27 18:15:13,062 - DEBUG - Seen 3737 genes until now
2020-08-27 18:15:13,062 - DEBUG - Parsing Chromosome 10 strand + [line 279344]
2020-08-27 18:15:13,255 - DEBUG - Done with 10+ [line 323872]
2020-08-27 18:15:13,255 - DEBUG - Assigning indexes to genes
2020-08-27 18:15:13,258 - DEBUG - Seen 4384 genes until now
2020-08-27 18:15:13,258 - DEBUG - Parsing Chromosome 11 strand - [line 323873]
2020-08-27 18:15:13,855 - DEBUG - Done with 11- [line 402908]
2020-08-27 18:15:13,855 - DEBUG - Assigning indexes to genes
2020-08-27 18:15:13,862 - DEBUG - Seen 5320 genes until now
2020-08-27 18:15:13,862 - DEBUG - Parsing Chromosome 11 strand + [line 402909]
2020-08-27 18:15:14,482 - DEBUG - Done with 11+ [line 482591]
2020-08-27 18:15:14,482 - DEBUG - Assigning indexes to genes
2020-08-27 18:15:14,491 - DEBUG - Seen 6305 genes until now
2020-08-27 18:15:14,491 - DEBUG - Parsing Chromosome 12 strand - [line 482592]
2020-08-27 18:15:14,827 - DEBUG - Done with 12- [line 559278]
2020-08-27 18:15:14,827 - DEBUG - Assigning indexes to genes
2020-08-27 18:15:14,834 - DEBUG - Seen 7177 genes until now
2020-08-27 18:15:14,834 - DEBUG - Parsing Chromosome 12 strand + [line 559279]
2020-08-27 18:15:15,158 - DEBUG - Done with 12+ [line 635173]
2020-08-27 18:15:15,158 - DEBUG - Assigning indexes to genes
2020-08-27 18:15:15,164 - DEBUG - Seen 8070 genes until now
2020-08-27 18:15:15,165 - DEBUG - Parsing Chromosome 13 strand - [line 635174]
2020-08-27 18:15:15,563 - DEBUG - Done with 13- [line 653523]
2020-08-27 18:15:15,563 - DEBUG - Assigning indexes to genes
2020-08-27 18:15:15,565 - DEBUG - Seen 8400 genes until now
2020-08-27 18:15:15,565 - DEBUG - Parsing Chromosome 13 strand + [line 653524]
2020-08-27 18:15:15,649 - DEBUG - Done with 13+ [line 673091]
2020-08-27 18:15:15,649 - DEBUG - Assigning indexes to genes
2020-08-27 18:15:15,651 - DEBUG - Seen 8736 genes until now
2020-08-27 18:15:15,651 - DEBUG - Parsing Chromosome 14 strand - [line 673092]
2020-08-27 18:15:15,834 - DEBUG - Done with 14- [line 716831]
2020-08-27 18:15:15,834 - DEBUG - Assigning indexes to genes
2020-08-27 18:15:15,838 - DEBUG - Seen 9452 genes until now
2020-08-27 18:15:15,838 - DEBUG - Parsing Chromosome 14 strand + [line 716832]
2020-08-27 18:15:16,041 - DEBUG - Done with 14+ [line 764942]
2020-08-27 18:15:16,041 - DEBUG - Assigning indexes to genes
2020-08-27 18:15:16,045 - DEBUG - Seen 10121 genes until now
2020-08-27 18:15:16,045 - DEBUG - Parsing Chromosome 15 strand - [line 764943]
2020-08-27 18:15:16,259 - DEBUG - Done with 15- [line 813803]
2020-08-27 18:15:16,259 - DEBUG - Assigning indexes to genes
2020-08-27 18:15:16,263 - DEBUG - Seen 10698 genes until now
2020-08-27 18:15:16,263 - DEBUG - Parsing Chromosome 15 strand + [line 813804]
2020-08-27 18:15:16,451 - DEBUG - Done with 15+ [line 857859]
2020-08-27 18:15:16,451 - DEBUG - Assigning indexes to genes
2020-08-27 18:15:16,454 - DEBUG - Seen 11256 genes until now
2020-08-27 18:15:16,454 - DEBUG - Parsing Chromosome 16 strand - [line 857860]
2020-08-27 18:15:17,033 - DEBUG - Done with 16- [line 911118]
2020-08-27 18:15:17,033 - DEBUG - Assigning indexes to genes
2020-08-27 18:15:17,038 - DEBUG - Seen 11998 genes until now
2020-08-27 18:15:17,038 - DEBUG - Parsing Chromosome 16 strand + [line 911119]
2020-08-27 18:15:17,343 - DEBUG - Done with 16+ [line 981663]
2020-08-27 18:15:17,343 - DEBUG - Assigning indexes to genes
2020-08-27 18:15:17,350 - DEBUG - Seen 12787 genes until now
2020-08-27 18:15:17,350 - DEBUG - Parsing Chromosome 17 strand - [line 981664]
2020-08-27 18:15:17,713 - DEBUG - Done with 17- [line 1066635]
2020-08-27 18:15:17,713 - DEBUG - Assigning indexes to genes
2020-08-27 18:15:17,721 - DEBUG - Seen 13775 genes until now
2020-08-27 18:15:17,721 - DEBUG - Parsing Chromosome 17 strand + [line 1066636]
2020-08-27 18:15:18,442 - DEBUG - Done with 17+ [line 1143834]
2020-08-27 18:15:18,443 - DEBUG - Assigning indexes to genes
2020-08-27 18:15:18,450 - DEBUG - Seen 14681 genes until now
2020-08-27 18:15:18,450 - DEBUG - Parsing Chromosome 18 strand - [line 1143835]
2020-08-27 18:15:18,557 - DEBUG - Done with 18- [line 1168496]
2020-08-27 18:15:18,557 - DEBUG - Assigning indexes to genes
2020-08-27 18:15:18,559 - DEBUG - Seen 15006 genes until now
2020-08-27 18:15:18,559 - DEBUG - Parsing Chromosome 18 strand + [line 1168497]
2020-08-27 18:15:18,649 - DEBUG - Done with 18+ [line 1189691]
2020-08-27 18:15:18,649 - DEBUG - Assigning indexes to genes
2020-08-27 18:15:18,651 - DEBUG - Seen 15343 genes until now
2020-08-27 18:15:18,651 - DEBUG - Parsing Chromosome 19 strand - [line 1189692]
2020-08-27 18:15:18,980 - DEBUG - Done with 19- [line 1268854]
2020-08-27 18:15:18,980 - DEBUG - Assigning indexes to genes
2020-08-27 18:15:18,987 - DEBUG - Seen 16352 genes until now
2020-08-27 18:15:18,987 - DEBUG - Parsing Chromosome 19 strand + [line 1268855]
2020-08-27 18:15:19,329 - DEBUG - Done with 19+ [line 1351833]
2020-08-27 18:15:19,329 - DEBUG - Assigning indexes to genes
2020-08-27 18:15:19,336 - DEBUG - Seen 17347 genes until now
2020-08-27 18:15:19,336 - DEBUG - Parsing Chromosome 2 strand - [line 1351834]
2020-08-27 18:15:19,764 - DEBUG - Done with 2- [line 1448710]
2020-08-27 18:15:19,764 - DEBUG - Assigning indexes to genes
2020-08-27 18:15:19,773 - DEBUG - Seen 18472 genes until now
2020-08-27 18:15:19,773 - DEBUG - Parsing Chromosome 2 strand + [line 1448711]
2020-08-27 18:15:20,642 - DEBUG - Done with 2+ [line 1542602]
2020-08-27 18:15:20,642 - DEBUG - Assigning indexes to genes
2020-08-27 18:15:20,651 - DEBUG - Seen 19632 genes until now
2020-08-27 18:15:20,651 - DEBUG - Parsing Chromosome 20 strand - [line 1542603]
2020-08-27 18:15:20,764 - DEBUG - Done with 20- [line 1569195]
2020-08-27 18:15:20,764 - DEBUG - Assigning indexes to genes
2020-08-27 18:15:20,767 - DEBUG - Seen 20079 genes until now
2020-08-27 18:15:20,767 - DEBUG - Parsing Chromosome 20 strand + [line 1569196]
2020-08-27 18:15:20,900 - DEBUG - Done with 20+ [line 1600541]
2020-08-27 18:15:20,900 - DEBUG - Assigning indexes to genes
2020-08-27 18:15:20,903 - DEBUG - Seen 20527 genes until now
2020-08-27 18:15:20,903 - DEBUG - Parsing Chromosome 21 strand - [line 1600542]
2020-08-27 18:15:20,962 - DEBUG - Done with 21- [line 1614106]
2020-08-27 18:15:20,963 - DEBUG - Assigning indexes to genes
2020-08-27 18:15:20,964 - DEBUG - Seen 20795 genes until now
2020-08-27 18:15:20,964 - DEBUG - Parsing Chromosome 21 strand + [line 1614107]
2020-08-27 18:15:21,028 - DEBUG - Done with 21+ [line 1628392]
2020-08-27 18:15:21,028 - DEBUG - Assigning indexes to genes
2020-08-27 18:15:21,029 - DEBUG - Seen 21029 genes until now
2020-08-27 18:15:21,029 - DEBUG - Parsing Chromosome 22 strand - [line 1628393]
2020-08-27 18:15:21,137 - DEBUG - Done with 22- [line 1653805]
2020-08-27 18:15:21,137 - DEBUG - Assigning indexes to genes
2020-08-27 18:15:21,139 - DEBUG - Seen 21391 genes until now
2020-08-27 18:15:21,139 - DEBUG - Parsing Chromosome 22 strand + [line 1653806]
2020-08-27 18:15:21,267 - DEBUG - Done with 22+ [line 1684245]
2020-08-27 18:15:21,267 - DEBUG - Assigning indexes to genes
2020-08-27 18:15:21,272 - DEBUG - Seen 21866 genes until now
2020-08-27 18:15:21,272 - DEBUG - Parsing Chromosome 3 strand - [line 1684246]
2020-08-27 18:15:21,621 - DEBUG - Done with 3- [line 1763939]
2020-08-27 18:15:21,621 - DEBUG - Assigning indexes to genes
2020-08-27 18:15:21,628 - DEBUG - Seen 22713 genes until now
2020-08-27 18:15:21,628 - DEBUG - Parsing Chromosome 3 strand + [line 1763940]
2020-08-27 18:15:21,980 - DEBUG - Done with 3+ [line 1844840]
2020-08-27 18:15:21,980 - DEBUG - Assigning indexes to genes
2020-08-27 18:15:21,987 - DEBUG - Seen 23585 genes until now
2020-08-27 18:15:21,987 - DEBUG - Parsing Chromosome 4 strand - [line 1844841]
2020-08-27 18:15:22,750 - DEBUG - Done with 4- [line 1898665]
2020-08-27 18:15:22,750 - DEBUG - Assigning indexes to genes
2020-08-27 18:15:22,755 - DEBUG - Seen 24246 genes until now
2020-08-27 18:15:22,755 - DEBUG - Parsing Chromosome 4 strand + [line 1898666]
2020-08-27 18:15:22,967 - DEBUG - Done with 4+ [line 1947617]
2020-08-27 18:15:22,967 - DEBUG - Assigning indexes to genes
2020-08-27 18:15:22,971 - DEBUG - Seen 24938 genes until now
2020-08-27 18:15:22,971 - DEBUG - Parsing Chromosome 5 strand - [line 1947618]
2020-08-27 18:15:23,206 - DEBUG - Done with 5- [line 2001140]
2020-08-27 18:15:23,206 - DEBUG - Assigning indexes to genes
2020-08-27 18:15:23,211 - DEBUG - Seen 25741 genes until now
2020-08-27 18:15:23,211 - DEBUG - Parsing Chromosome 5 strand + [line 2001141]
2020-08-27 18:15:23,473 - DEBUG - Done with 5+ [line 2062165]
2020-08-27 18:15:23,473 - DEBUG - Assigning indexes to genes
2020-08-27 18:15:23,478 - DEBUG - Seen 26599 genes until now
2020-08-27 18:15:23,478 - DEBUG - Parsing Chromosome 6 strand - [line 2062166]
2020-08-27 18:15:23,735 - DEBUG - Done with 6- [line 2121425]
2020-08-27 18:15:23,735 - DEBUG - Assigning indexes to genes
2020-08-27 18:15:23,740 - DEBUG - Seen 27435 genes until now
2020-08-27 18:15:23,740 - DEBUG - Parsing Chromosome 6 strand + [line 2121426]
2020-08-27 18:15:23,969 - DEBUG - Done with 6+ [line 2176078]
2020-08-27 18:15:23,969 - DEBUG - Assigning indexes to genes
2020-08-27 18:15:23,974 - DEBUG - Seen 28231 genes until now
2020-08-27 18:15:23,974 - DEBUG - Parsing Chromosome 7 strand - [line 2176079]
2020-08-27 18:15:24,222 - DEBUG - Done with 7- [line 2233605]
2020-08-27 18:15:24,222 - DEBUG - Assigning indexes to genes
2020-08-27 18:15:24,227 - DEBUG - Seen 28953 genes until now
2020-08-27 18:15:24,227 - DEBUG - Parsing Chromosome 7 strand + [line 2233606]
2020-08-27 18:15:24,490 - DEBUG - Done with 7+ [line 2295513]
2020-08-27 18:15:24,490 - DEBUG - Assigning indexes to genes
2020-08-27 18:15:24,495 - DEBUG - Seen 29770 genes until now
2020-08-27 18:15:24,495 - DEBUG - Parsing Chromosome 8 strand - [line 2295514]
2020-08-27 18:15:24,700 - DEBUG - Done with 8- [line 2343289]
2020-08-27 18:15:24,700 - DEBUG - Assigning indexes to genes
2020-08-27 18:15:24,704 - DEBUG - Seen 30442 genes until now
2020-08-27 18:15:24,704 - DEBUG - Parsing Chromosome 8 strand + [line 2343290]
2020-08-27 18:15:24,888 - DEBUG - Done with 8+ [line 2386793]
2020-08-27 18:15:24,888 - DEBUG - Assigning indexes to genes
2020-08-27 18:15:24,892 - DEBUG - Seen 31090 genes until now
2020-08-27 18:15:24,892 - DEBUG - Parsing Chromosome 9 strand - [line 2386794]
2020-08-27 18:15:25,724 - DEBUG - Done with 9- [line 2430389]
2020-08-27 18:15:25,725 - DEBUG - Assigning indexes to genes
2020-08-27 18:15:25,733 - DEBUG - Seen 31710 genes until now
2020-08-27 18:15:25,733 - DEBUG - Parsing Chromosome 9 strand + [line 2430390]
2020-08-27 18:15:25,937 - DEBUG - Done with 9+ [line 2477312]
2020-08-27 18:15:25,937 - DEBUG - Assigning indexes to genes
2020-08-27 18:15:25,941 - DEBUG - Seen 32318 genes until now
2020-08-27 18:15:25,941 - DEBUG - Parsing Chromosome GL000009.2 strand - [line 2477313]
2020-08-27 18:15:25,941 - DEBUG - Done with GL000009.2- [line 2477320]
2020-08-27 18:15:25,941 - DEBUG - Assigning indexes to genes
2020-08-27 18:15:25,941 - DEBUG - Seen 32319 genes until now
2020-08-27 18:15:25,941 - DEBUG - Parsing Chromosome GL000194.1 strand - [line 2477321]
2020-08-27 18:15:25,941 - DEBUG - Done with GL000194.1- [line 2477346]
2020-08-27 18:15:25,941 - DEBUG - Assigning indexes to genes
2020-08-27 18:15:25,941 - DEBUG - Seen 32321 genes until now
2020-08-27 18:15:25,941 - DEBUG - Parsing Chromosome GL000195.1 strand - [line 2477347]
2020-08-27 18:15:25,941 - DEBUG - Done with GL000195.1- [line 2477356]
2020-08-27 18:15:25,941 - DEBUG - Assigning indexes to genes
2020-08-27 18:15:25,941 - DEBUG - Seen 32322 genes until now
2020-08-27 18:15:25,941 - DEBUG - Parsing Chromosome GL000195.1 strand + [line 2477357]
2020-08-27 18:15:25,941 - DEBUG - Done with GL000195.1+ [line 2477370]
2020-08-27 18:15:25,941 - DEBUG - Assigning indexes to genes
2020-08-27 18:15:25,941 - DEBUG - Seen 32323 genes until now
2020-08-27 18:15:25,941 - DEBUG - Parsing Chromosome GL000205.2 strand - [line 2477371]
2020-08-27 18:15:25,942 - DEBUG - Done with GL000205.2- [line 2477384]
2020-08-27 18:15:25,942 - DEBUG - Assigning indexes to genes
2020-08-27 18:15:25,942 - DEBUG - Seen 32324 genes until now
2020-08-27 18:15:25,942 - DEBUG - Parsing Chromosome GL000213.1 strand - [line 2477385]
2020-08-27 18:15:25,942 - DEBUG - Done with GL000213.1- [line 2477433]
2020-08-27 18:15:25,942 - DEBUG - Assigning indexes to genes
2020-08-27 18:15:25,942 - DEBUG - Seen 32325 genes until now
2020-08-27 18:15:25,942 - DEBUG - Parsing Chromosome GL000218.1 strand - [line 2477434]
2020-08-27 18:15:25,942 - DEBUG - Done with GL000218.1- [line 2477441]
2020-08-27 18:15:25,942 - DEBUG - Assigning indexes to genes
2020-08-27 18:15:25,942 - DEBUG - Seen 32326 genes until now
2020-08-27 18:15:25,942 - DEBUG - Parsing Chromosome GL000219.1 strand - [line 2477442]
2020-08-27 18:15:25,942 - DEBUG - Done with GL000219.1- [line 2477453]
2020-08-27 18:15:25,942 - DEBUG - Assigning indexes to genes
2020-08-27 18:15:25,942 - DEBUG - Seen 32327 genes until now
2020-08-27 18:15:25,942 - DEBUG - Parsing Chromosome KI270711.1 strand - [line 2477454]
2020-08-27 18:15:25,943 - DEBUG - Done with KI270711.1- [line 2477604]
2020-08-27 18:15:25,943 - DEBUG - Assigning indexes to genes
2020-08-27 18:15:25,943 - DEBUG - Seen 32328 genes until now
2020-08-27 18:15:25,943 - DEBUG - Parsing Chromosome KI270713.1 strand - [line 2477605]
2020-08-27 18:15:25,943 - DEBUG - Done with KI270713.1- [line 2477612]
2020-08-27 18:15:25,943 - DEBUG - Assigning indexes to genes
2020-08-27 18:15:25,943 - DEBUG - Seen 32329 genes until now
2020-08-27 18:15:25,943 - DEBUG - Parsing Chromosome KI270713.1 strand + [line 2477613]
2020-08-27 18:15:25,943 - DEBUG - Done with KI270713.1+ [line 2477618]
2020-08-27 18:15:25,944 - DEBUG - Assigning indexes to genes
2020-08-27 18:15:25,944 - DEBUG - Seen 32330 genes until now
2020-08-27 18:15:25,944 - DEBUG - Parsing Chromosome KI270721.1 strand + [line 2477619]
2020-08-27 18:15:25,944 - DEBUG - Done with KI270721.1+ [line 2477634]
2020-08-27 18:15:25,944 - DEBUG - Assigning indexes to genes
2020-08-27 18:15:25,944 - DEBUG - Seen 32331 genes until now
2020-08-27 18:15:25,944 - DEBUG - Parsing Chromosome KI270726.1 strand + [line 2477635]
2020-08-27 18:15:25,944 - DEBUG - Done with KI270726.1+ [line 2477645]
2020-08-27 18:15:25,944 - DEBUG - Assigning indexes to genes
2020-08-27 18:15:25,944 - DEBUG - Seen 32333 genes until now
2020-08-27 18:15:25,944 - DEBUG - Parsing Chromosome KI270727.1 strand - [line 2477646]
2020-08-27 18:15:25,944 - DEBUG - Done with KI270727.1- [line 2477704]
2020-08-27 18:15:25,944 - DEBUG - Assigning indexes to genes
2020-08-27 18:15:25,944 - DEBUG - Seen 32335 genes until now
2020-08-27 18:15:25,944 - DEBUG - Parsing Chromosome KI270727.1 strand + [line 2477705]
2020-08-27 18:15:25,945 - DEBUG - Done with KI270727.1+ [line 2477719]
2020-08-27 18:15:25,945 - DEBUG - Assigning indexes to genes
2020-08-27 18:15:25,945 - DEBUG - Seen 32337 genes until now
2020-08-27 18:15:25,945 - DEBUG - Parsing Chromosome KI270728.1 strand - [line 2477720]
2020-08-27 18:15:25,945 - DEBUG - Done with KI270728.1- [line 2477796]
2020-08-27 18:15:25,945 - DEBUG - Assigning indexes to genes
2020-08-27 18:15:25,945 - DEBUG - Seen 32339 genes until now
2020-08-27 18:15:25,945 - DEBUG - Parsing Chromosome KI270728.1 strand + [line 2477797]
2020-08-27 18:15:25,945 - DEBUG - Done with KI270728.1+ [line 2477833]
2020-08-27 18:15:25,945 - DEBUG - Assigning indexes to genes
2020-08-27 18:15:25,945 - DEBUG - Seen 32343 genes until now
2020-08-27 18:15:25,945 - DEBUG - Parsing Chromosome KI270731.1 strand - [line 2477834]
2020-08-27 18:15:25,945 - DEBUG - Done with KI270731.1- [line 2477840]
2020-08-27 18:15:25,946 - DEBUG - Assigning indexes to genes
2020-08-27 18:15:25,946 - DEBUG - Seen 32344 genes until now
2020-08-27 18:15:25,946 - DEBUG - Parsing Chromosome KI270734.1 strand - [line 2477841]
2020-08-27 18:15:25,946 - DEBUG - Done with KI270734.1- [line 2477909]
2020-08-27 18:15:25,946 - DEBUG - Assigning indexes to genes
2020-08-27 18:15:25,946 - DEBUG - Seen 32345 genes until now
2020-08-27 18:15:25,946 - DEBUG - Parsing Chromosome KI270734.1 strand + [line 2477910]
2020-08-27 18:15:25,946 - DEBUG - Done with KI270734.1+ [line 2477932]
2020-08-27 18:15:25,946 - DEBUG - Assigning indexes to genes
2020-08-27 18:15:25,946 - DEBUG - Seen 32347 genes until now
2020-08-27 18:15:25,946 - DEBUG - Parsing Chromosome MT strand - [line 2477933]
2020-08-27 18:15:25,946 - DEBUG - Done with MT- [line 2477938]
2020-08-27 18:15:25,946 - DEBUG - Assigning indexes to genes
2020-08-27 18:15:25,946 - DEBUG - Seen 32348 genes until now
2020-08-27 18:15:25,946 - DEBUG - Parsing Chromosome MT strand + [line 2477939]
2020-08-27 18:15:25,947 - DEBUG - Done with MT+ [line 2478004]
2020-08-27 18:15:25,947 - DEBUG - Assigning indexes to genes
2020-08-27 18:15:25,947 - DEBUG - Seen 32360 genes until now
2020-08-27 18:15:25,947 - DEBUG - Parsing Chromosome X strand - [line 2478005]
2020-08-27 18:15:26,120 - DEBUG - Done with X- [line 2518937]
2020-08-27 18:15:26,120 - DEBUG - Assigning indexes to genes
2020-08-27 18:15:26,123 - DEBUG - Seen 32876 genes until now
2020-08-27 18:15:26,123 - DEBUG - Parsing Chromosome X strand + [line 2518938]
2020-08-27 18:15:26,294 - DEBUG - Done with X+ [line 2560301]
2020-08-27 18:15:26,294 - DEBUG - Assigning indexes to genes
2020-08-27 18:15:26,297 - DEBUG - Seen 33438 genes until now
2020-08-27 18:15:26,297 - DEBUG - Parsing Chromosome Y strand - [line 2560302]
2020-08-27 18:15:26,308 - DEBUG - Done with Y- [line 2562446]
2020-08-27 18:15:26,308 - DEBUG - Assigning indexes to genes
2020-08-27 18:15:26,308 - DEBUG - Seen 33485 genes until now
2020-08-27 18:15:26,308 - DEBUG - Parsing Chromosome Y strand + [line 2562447]
2020-08-27 18:15:26,319 - DEBUG - Assigning indexes to genes
2020-08-27 18:15:26,319 - DEBUG - Done with Y+ [line 2565059]
2020-08-27 18:15:26,319 - DEBUG - Fixing corner cases of transcript models containg intron longer than 1000Kbp
2020-08-27 18:15:28,173 - DEBUG - Generated 2165800 features corresponding to 172912 transcript models from /net/isi-dcnl/ifs/user_data/abild/Genomes/refdata-cellranger-GRCh38-3.0.0/genes/genes.gtf
2020-08-27 18:15:28,205 - INFO - Scan /net/isi-dcnl/ifs/user_data/abild/Megatron_data/COH047/FEL023024.mRNA/FEL024_count03/FEL024_E/outs/possorted_genome_bam.bam to validate intron intervals
2020-08-27 18:15:32,256 - DEBUG - Reading /net/isi-dcnl/ifs/user_data/abild/Megatron_data/COH047/FEL023024.mRNA/FEL024_count03/FEL024_E/outs/possorted_genome_bam.bam
2020-08-27 18:15:32,268 - DEBUG - Read first 0 million reads
2020-08-27 18:15:32,282 - DEBUG - Marking up chromosome 1
2020-08-27 18:15:53,670 - DEBUG - Marking up chromosome 10
2020-08-27 18:16:02,451 - DEBUG - Marking up chromosome 11
2020-08-27 18:16:26,746 - DEBUG - Marking up chromosome 12
2020-08-27 18:16:39,476 - DEBUG - Marking up chromosome 13
2020-08-27 18:16:43,884 - DEBUG - Marking up chromosome 14
2020-08-27 18:16:53,212 - DEBUG - Marking up chromosome 15
2020-08-27 18:17:00,293 - DEBUG - Marking up chromosome 16
2020-08-27 18:17:08,167 - DEBUG - Marking up chromosome 17
2020-08-27 18:17:12,322 - DEBUG - Read first 10 million reads
2020-08-27 18:17:17,589 - DEBUG - Marking up chromosome 18
2020-08-27 18:17:21,116 - DEBUG - Marking up chromosome 19
2020-08-27 18:17:32,801 - DEBUG - Marking up chromosome 2
2020-08-27 18:17:51,835 - DEBUG - Marking up chromosome 20
2020-08-27 18:17:57,170 - DEBUG - Marking up chromosome 21
2020-08-27 18:18:09,255 - DEBUG - Read first 20 million reads
2020-08-27 18:18:17,315 - DEBUG - Marking up chromosome 22
2020-08-27 18:18:20,949 - DEBUG - Marking up chromosome 3
2020-08-27 18:18:35,040 - DEBUG - Marking up chromosome 4
2020-08-27 18:18:44,598 - DEBUG - Marking up chromosome 5
2020-08-27 18:18:56,357 - DEBUG - Marking up chromosome 6
2020-08-27 18:19:07,200 - DEBUG - Marking up chromosome 7
2020-08-27 18:19:17,222 - DEBUG - Marking up chromosome 8
2020-08-27 18:19:27,722 - DEBUG - Marking up chromosome 9
2020-08-27 18:19:29,807 - DEBUG - Read first 30 million reads
2020-08-27 18:19:34,850 - DEBUG - Marking up chromosome MT
2020-08-27 18:19:58,816 - DEBUG - Marking up chromosome X
2020-08-27 18:20:05,816 - DEBUG - Marking up chromosome Y
2020-08-27 18:20:05,852 - DEBUG - Marking up chromosome KI270442.1
2020-08-27 18:20:05,852 - WARNING - The .bam file refers to a chromosome 'KI270442.1+' not present in the annotation (.gtf) file
2020-08-27 18:20:05,852 - WARNING - The .bam file refers to a chromosome 'KI270442.1-' not present in the annotation (.gtf) file
2020-08-27 18:20:05,854 - DEBUG - Marking up chromosome KI270743.1
2020-08-27 18:20:05,854 - WARNING - The .bam file refers to a chromosome 'KI270743.1+' not present in the annotation (.gtf) file
2020-08-27 18:20:05,854 - WARNING - The .bam file refers to a chromosome 'KI270743.1-' not present in the annotation (.gtf) file
2020-08-27 18:20:05,855 - DEBUG - Marking up chromosome GL000008.2
2020-08-27 18:20:05,855 - WARNING - The .bam file refers to a chromosome 'GL000008.2+' not present in the annotation (.gtf) file
2020-08-27 18:20:05,855 - WARNING - The .bam file refers to a chromosome 'GL000008.2-' not present in the annotation (.gtf) file
2020-08-27 18:20:05,862 - DEBUG - Marking up chromosome GL000009.2
2020-08-27 18:20:05,862 - WARNING - The .bam file refers to a chromosome 'GL000009.2+' not present in the annotation (.gtf) file
2020-08-27 18:20:05,863 - DEBUG - Marking up chromosome KI270722.1
2020-08-27 18:20:05,863 - WARNING - The .bam file refers to a chromosome 'KI270722.1+' not present in the annotation (.gtf) file
2020-08-27 18:20:05,863 - WARNING - The .bam file refers to a chromosome 'KI270722.1-' not present in the annotation (.gtf) file
2020-08-27 18:20:05,864 - DEBUG - Marking up chromosome GL000194.1
2020-08-27 18:20:05,864 - WARNING - The .bam file refers to a chromosome 'GL000194.1+' not present in the annotation (.gtf) file
2020-08-27 18:20:05,893 - DEBUG - Marking up chromosome KI270742.1
2020-08-27 18:20:05,893 - WARNING - The .bam file refers to a chromosome 'KI270742.1+' not present in the annotation (.gtf) file
2020-08-27 18:20:05,893 - WARNING - The .bam file refers to a chromosome 'KI270742.1-' not present in the annotation (.gtf) file
2020-08-27 18:20:05,899 - DEBUG - Marking up chromosome GL000205.2
2020-08-27 18:20:05,899 - WARNING - The .bam file refers to a chromosome 'GL000205.2+' not present in the annotation (.gtf) file
2020-08-27 18:20:05,905 - DEBUG - Marking up chromosome GL000195.1
2020-08-27 18:20:09,587 - DEBUG - Marking up chromosome KI270733.1
2020-08-27 18:20:09,587 - WARNING - The .bam file refers to a chromosome 'KI270733.1+' not present in the annotation (.gtf) file
2020-08-27 18:20:09,587 - WARNING - The .bam file refers to a chromosome 'KI270733.1-' not present in the annotation (.gtf) file
2020-08-27 18:20:14,432 - DEBUG - Marking up chromosome GL000224.1
2020-08-27 18:20:14,432 - WARNING - The .bam file refers to a chromosome 'GL000224.1+' not present in the annotation (.gtf) file
2020-08-27 18:20:14,432 - WARNING - The .bam file refers to a chromosome 'GL000224.1-' not present in the annotation (.gtf) file
2020-08-27 18:20:14,433 - DEBUG - Marking up chromosome GL000219.1
2020-08-27 18:20:14,433 - WARNING - The .bam file refers to a chromosome 'GL000219.1+' not present in the annotation (.gtf) file
2020-08-27 18:20:14,437 - DEBUG - Marking up chromosome GL000216.2
2020-08-27 18:20:14,437 - WARNING - The .bam file refers to a chromosome 'GL000216.2+' not present in the annotation (.gtf) file
2020-08-27 18:20:14,437 - WARNING - The .bam file refers to a chromosome 'GL000216.2-' not present in the annotation (.gtf) file
2020-08-27 18:20:14,438 - DEBUG - Marking up chromosome KI270706.1
2020-08-27 18:20:14,438 - WARNING - The .bam file refers to a chromosome 'KI270706.1+' not present in the annotation (.gtf) file
2020-08-27 18:20:14,438 - WARNING - The .bam file refers to a chromosome 'KI270706.1-' not present in the annotation (.gtf) file
2020-08-27 18:20:14,443 - DEBUG - Marking up chromosome KI270725.1
2020-08-27 18:20:14,443 - WARNING - The .bam file refers to a chromosome 'KI270725.1+' not present in the annotation (.gtf) file
2020-08-27 18:20:14,443 - WARNING - The .bam file refers to a chromosome 'KI270725.1-' not present in the annotation (.gtf) file
2020-08-27 18:20:14,445 - DEBUG - Marking up chromosome KI270744.1
2020-08-27 18:20:14,445 - WARNING - The .bam file refers to a chromosome 'KI270744.1+' not present in the annotation (.gtf) file
2020-08-27 18:20:14,445 - WARNING - The .bam file refers to a chromosome 'KI270744.1-' not present in the annotation (.gtf) file
2020-08-27 18:20:14,450 - DEBUG - Marking up chromosome GL000220.1
2020-08-27 18:20:14,450 - WARNING - The .bam file refers to a chromosome 'GL000220.1+' not present in the annotation (.gtf) file
2020-08-27 18:20:14,450 - WARNING - The .bam file refers to a chromosome 'GL000220.1-' not present in the annotation (.gtf) file
2020-08-27 18:20:18,176 - DEBUG - Read first 40 million reads
2020-08-27 18:20:22,845 - DEBUG - Marking up chromosome GL000218.1
2020-08-27 18:20:22,845 - WARNING - The .bam file refers to a chromosome 'GL000218.1+' not present in the annotation (.gtf) file
2020-08-27 18:20:22,868 - DEBUG - Marking up chromosome GL000221.1
2020-08-27 18:20:22,868 - WARNING - The .bam file refers to a chromosome 'GL000221.1+' not present in the annotation (.gtf) file
2020-08-27 18:20:22,868 - WARNING - The .bam file refers to a chromosome 'GL000221.1-' not present in the annotation (.gtf) file
2020-08-27 18:20:22,869 - DEBUG - Marking up chromosome KI270731.1
2020-08-27 18:20:22,869 - WARNING - The .bam file refers to a chromosome 'KI270731.1+' not present in the annotation (.gtf) file
2020-08-27 18:20:22,872 - DEBUG - Marking up chromosome KI270737.1
2020-08-27 18:20:22,873 - WARNING - The .bam file refers to a chromosome 'KI270737.1+' not present in the annotation (.gtf) file
2020-08-27 18:20:22,873 - WARNING - The .bam file refers to a chromosome 'KI270737.1-' not present in the annotation (.gtf) file
2020-08-27 18:20:22,873 - DEBUG - Marking up chromosome KI270748.1
2020-08-27 18:20:22,873 - WARNING - The .bam file refers to a chromosome 'KI270748.1+' not present in the annotation (.gtf) file
2020-08-27 18:20:22,873 - WARNING - The .bam file refers to a chromosome 'KI270748.1-' not present in the annotation (.gtf) file
2020-08-27 18:20:22,875 - DEBUG - Marking up chromosome KI270711.1
2020-08-27 18:20:22,875 - WARNING - The .bam file refers to a chromosome 'KI270711.1+' not present in the annotation (.gtf) file
2020-08-27 18:20:22,877 - DEBUG - Marking up chromosome KI270714.1
2020-08-27 18:20:22,877 - WARNING - The .bam file refers to a chromosome 'KI270714.1+' not present in the annotation (.gtf) file
2020-08-27 18:20:22,877 - WARNING - The .bam file refers to a chromosome 'KI270714.1-' not present in the annotation (.gtf) file
2020-08-27 18:20:22,879 - DEBUG - Marking up chromosome KI270717.1
2020-08-27 18:20:22,879 - WARNING - The .bam file refers to a chromosome 'KI270717.1+' not present in the annotation (.gtf) file
2020-08-27 18:20:22,879 - WARNING - The .bam file refers to a chromosome 'KI270717.1-' not present in the annotation (.gtf) file
2020-08-27 18:20:22,882 - DEBUG - Marking up chromosome KI270723.1
2020-08-27 18:20:22,882 - WARNING - The .bam file refers to a chromosome 'KI270723.1+' not present in the annotation (.gtf) file
2020-08-27 18:20:22,882 - WARNING - The .bam file refers to a chromosome 'KI270723.1-' not present in the annotation (.gtf) file
2020-08-27 18:20:22,886 - DEBUG - Marking up chromosome KI270508.1
2020-08-27 18:20:22,887 - WARNING - The .bam file refers to a chromosome 'KI270508.1+' not present in the annotation (.gtf) file
2020-08-27 18:20:22,887 - WARNING - The .bam file refers to a chromosome 'KI270508.1-' not present in the annotation (.gtf) file
2020-08-27 18:20:35,461 - DEBUG - Read first 50 million reads
2020-08-27 18:20:51,983 - DEBUG - Read first 60 million reads
2020-08-27 18:21:01,513 - DEBUG - End of file. Reset index: start scanning from initial position.
2020-08-27 18:21:01,514 - DEBUG - 1389799 reads were skipped because no apropiate cell or umi barcode was found
2020-08-27 18:21:01,514 - DEBUG - Start molecule counting!
2020-08-27 18:21:05,765 - DEBUG - Features available for chromosomes : ['1-', '1+', '10-', '10+', '11-', '11+', '12-', '12+', '13-', '13+', '14-', '14+', '15-', '15+', '16-', '16+', '17-', '17+', '18-', '18+', '19-', '19+', '2-', '2+', '20-', '20+', '21-', '21+', '22-', '22+', '3-', '3+', '4-', '4+', '5-', '5+', '6-', '6+', '7-', '7+', '8-', '8+', '9-', '9+', 'GL000009.2-', 'GL000194.1-', 'GL000195.1-', 'GL000195.1+', 'GL000205.2-', 'GL000213.1-', 'GL000218.1-', 'GL000219.1-', 'KI270711.1-', 'KI270713.1-', 'KI270713.1+', 'KI270721.1+', 'KI270726.1+', 'KI270727.1-', 'KI270727.1+', 'KI270728.1-', 'KI270728.1+', 'KI270731.1-', 'KI270734.1-', 'KI270734.1+', 'MT-', 'MT+', 'X-', 'X+', 'Y-', 'Y+']
2020-08-27 18:21:05,765 - DEBUG - Mask available for chromosomes : []
2020-08-27 18:21:05,765 - DEBUG - Summarizing the results of intron validation.
2020-08-27 18:21:06,220 - DEBUG - Validated 10624 introns (of which unique intervals 3845) out of 996444 total possible introns (considering each possible transcript models).
2020-08-27 18:21:06,221 - DEBUG - Reading /net/isi-dcnl/ifs/user_data/abild/Megatron_data/COH047/FEL023024.mRNA/FEL024_count03/FEL024_E/outs/cellsorted_possorted_genome_bam.bam
2020-08-27 18:21:06,259 - DEBUG - Read first 0 million reads
2020-08-27 18:21:34,510 - DEBUG - Counting for batch 1, containing 100 cells and 581182 reads
2020-08-27 18:21:56,328 - DEBUG - 0 reads not considered because fully enclosed in repeat masked regions
2020-08-27 18:21:58,133 - DEBUG - Read first 10 million reads
2020-08-27 18:22:11,347 - DEBUG - Counting for batch 2, containing 100 cells and 517000 reads
2020-08-27 18:22:30,868 - DEBUG - 0 reads not considered because fully enclosed in repeat masked regions
2020-08-27 18:22:46,480 - DEBUG - Counting for batch 3, containing 100 cells and 537990 reads
2020-08-27 18:23:06,713 - DEBUG - 0 reads not considered because fully enclosed in repeat masked regions
2020-08-27 18:23:18,092 - DEBUG - Read first 20 million reads
2020-08-27 18:23:35,205 - DEBUG - Counting for batch 4, containing 100 cells and 1475728 reads
2020-08-27 18:24:31,273 - DEBUG - 0 reads not considered because fully enclosed in repeat masked regions
2020-08-27 18:24:48,347 - DEBUG - Counting for batch 5, containing 100 cells and 635031 reads
2020-08-27 18:25:10,601 - DEBUG - 0 reads not considered because fully enclosed in repeat masked regions
2020-08-27 18:25:27,380 - DEBUG - Counting for batch 6, containing 100 cells and 515788 reads
2020-08-27 18:25:44,950 - DEBUG - 0 reads not considered because fully enclosed in repeat masked regions
2020-08-27 18:25:47,161 - DEBUG - Read first 30 million reads
2020-08-27 18:26:03,601 - DEBUG - Counting for batch 7, containing 100 cells and 565262 reads
2020-08-27 18:26:22,546 - DEBUG - 0 reads not considered because fully enclosed in repeat masked regions
2020-08-27 18:26:41,961 - DEBUG - Counting for batch 8, containing 100 cells and 723097 reads
2020-08-27 18:27:09,587 - DEBUG - 0 reads not considered because fully enclosed in repeat masked regions
2020-08-27 18:27:15,785 - DEBUG - Read first 40 million reads
2020-08-27 18:27:25,435 - DEBUG - Counting for batch 9, containing 100 cells and 689871 reads
2020-08-27 18:27:48,677 - DEBUG - 0 reads not considered because fully enclosed in repeat masked regions
2020-08-27 18:28:05,166 - DEBUG - Counting for batch 10, containing 100 cells and 578252 reads
2020-08-27 18:28:26,424 - DEBUG - 0 reads not considered because fully enclosed in repeat masked regions
2020-08-27 18:28:40,248 - DEBUG - Read first 50 million reads
2020-08-27 18:28:40,624 - DEBUG - Counting for batch 11, containing 100 cells and 488995 reads
2020-08-27 18:29:00,120 - DEBUG - 0 reads not considered because fully enclosed in repeat masked regions
2020-08-27 18:29:38,044 - DEBUG - Counting for batch 12, containing 100 cells and 2205928 reads
2020-08-27 18:30:52,150 - DEBUG - 0 reads not considered because fully enclosed in repeat masked regions
2020-08-27 18:31:08,924 - DEBUG - Counting for batch 13, containing 100 cells and 492411 reads
2020-08-27 18:31:29,141 - DEBUG - 0 reads not considered because fully enclosed in repeat masked regions
2020-08-27 18:31:31,778 - DEBUG - Read first 60 million reads
2020-08-27 18:31:47,147 - DEBUG - Counting for batch 14, containing 100 cells and 845339 reads
2020-08-27 18:32:17,422 - DEBUG - 0 reads not considered because fully enclosed in repeat masked regions
2020-08-27 18:32:26,465 - DEBUG - Counting for batch 15, containing 57 cells and 318990 reads
2020-08-27 18:32:38,461 - DEBUG - 0 reads not considered because fully enclosed in repeat masked regions
2020-08-27 18:32:39,265 - DEBUG - 1389799 reads were skipped because no apropiate cell or umi barcode was found
2020-08-27 18:32:39,265 - DEBUG - Counting done!
2020-08-27 18:32:39,266 - DEBUG - Generating output file /net/isi-dcnl/ifs/user_data/abild/Megatron_data/COH047/FEL023024.mRNA/FEL024_count03/FEL024_E/velocyto/FEL024_E.loom
2020-08-27 18:32:39,267 - DEBUG - Collecting row attributes
2020-08-27 18:32:39,364 - DEBUG - Generating data table
2020-08-27 18:32:39,979 - DEBUG - Writing loom file
2020-08-27 18:32:42,326 - DEBUG - Terminated Succesfully!
Start: 1598577287
End: 1598578364
Run time: 1077
Done
