CPU: 16
N: 91
Step1: Analyze spliced and unspliced reads and genrate a loom file for velocityR
Run velocyto to generate loom file
2020-08-27 20:46:57,558 - DEBUG - Using logic: Default
2020-08-27 20:46:57,578 - INFO - Read 5266 cell barcodes from /net/isi-dcnl/ifs/user_data/abild/jichen/Projects/Breast/scRNA/Data/Megatron_data/COH073/FEL044046.mRNA/FEL044_count03/cell_ranger/FEL044_M/outs/filtered_feature_bc_matrix/barcodes.tsv.gz
2020-08-27 20:46:57,578 - DEBUG - Example of barcode: AAACCCAAGGGCTAAC and cell_id: FEL044_M:AAACCCAAGGGCTAAC-1
2020-08-27 20:46:57,591 - DEBUG - Peeking into /net/isi-dcnl/ifs/user_data/abild/jichen/Projects/Breast/scRNA/Data/Megatron_data/COH073/FEL044046.mRNA/FEL044_count03/cell_ranger/FEL044_M/outs/possorted_genome_bam.bam
2020-08-27 20:46:57,956 - WARNING - Not found cell and umi barcode in entry 0 of the bam file
2020-08-27 20:46:57,956 - WARNING - Not found cell and umi barcode in entry 1 of the bam file
2020-08-27 20:46:57,956 - WARNING - Not found cell and umi barcode in entry 5 of the bam file
2020-08-27 20:46:57,956 - WARNING - Not found cell and umi barcode in entry 27 of the bam file
2020-08-27 20:46:57,957 - WARNING - Not found cell and umi barcode in entry 28 of the bam file
2020-08-27 20:46:57,960 - WARNING - Not found cell and umi barcode in entry 425 of the bam file
2020-08-27 20:46:57,960 - WARNING - Not found cell and umi barcode in entry 426 of the bam file
2020-08-27 20:46:57,960 - WARNING - Not found cell and umi barcode in entry 427 of the bam file
2020-08-27 20:46:57,960 - WARNING - Not found cell and umi barcode in entry 440 of the bam file
2020-08-27 20:46:57,960 - WARNING - Not found cell and umi barcode in entry 443 of the bam file
2020-08-27 20:46:57,960 - WARNING - Not found cell and umi barcode in entry 453 of the bam file
2020-08-27 20:46:57,961 - WARNING - Not found cell and umi barcode in entry 467 of the bam file
2020-08-27 20:46:57,961 - WARNING - Not found cell and umi barcode in entry 471 of the bam file
2020-08-27 20:46:57,961 - WARNING - Not found cell and umi barcode in entry 472 of the bam file
2020-08-27 20:46:57,961 - WARNING - Not found cell and umi barcode in entry 484 of the bam file
2020-08-27 20:46:57,962 - WARNING - Not found cell and umi barcode in entry 592 of the bam file
2020-08-27 20:46:57,962 - WARNING - Not found cell and umi barcode in entry 603 of the bam file
2020-08-27 20:46:57,962 - WARNING - Not found cell and umi barcode in entry 604 of the bam file
2020-08-27 20:46:57,963 - WARNING - Not found cell and umi barcode in entry 620 of the bam file
2020-08-27 20:46:57,963 - WARNING - Not found cell and umi barcode in entry 621 of the bam file
2020-08-27 20:46:57,963 - WARNING - Not found cell and umi barcode in entry 626 of the bam file
2020-08-27 20:46:57,963 - WARNING - Not found cell and umi barcode in entry 627 of the bam file
2020-08-27 20:46:57,963 - WARNING - Not found cell and umi barcode in entry 639 of the bam file
2020-08-27 20:46:57,963 - WARNING - Not found cell and umi barcode in entry 640 of the bam file
2020-08-27 20:46:57,963 - WARNING - Not found cell and umi barcode in entry 641 of the bam file
2020-08-27 20:46:57,963 - WARNING - Not found cell and umi barcode in entry 651 of the bam file
2020-08-27 20:46:57,964 - WARNING - Not found cell and umi barcode in entry 652 of the bam file
2020-08-27 20:46:57,964 - WARNING - Not found cell and umi barcode in entry 653 of the bam file
2020-08-27 20:46:57,964 - WARNING - Not found cell and umi barcode in entry 654 of the bam file
2020-08-27 20:46:57,964 - WARNING - Not found cell and umi barcode in entry 664 of the bam file
2020-08-27 20:46:57,964 - WARNING - Not found cell and umi barcode in entry 678 of the bam file
2020-08-27 20:46:57,964 - WARNING - Not found cell and umi barcode in entry 679 of the bam file
2020-08-27 20:46:57,964 - WARNING - Not found cell and umi barcode in entry 680 of the bam file
2020-08-27 20:46:57,964 - WARNING - Not found cell and umi barcode in entry 682 of the bam file
2020-08-27 20:46:57,965 - WARNING - Not found cell and umi barcode in entry 686 of the bam file
2020-08-27 20:46:57,965 - WARNING - Not found cell and umi barcode in entry 687 of the bam file
2020-08-27 20:46:57,965 - WARNING - Not found cell and umi barcode in entry 688 of the bam file
2020-08-27 20:46:57,965 - WARNING - Not found cell and umi barcode in entry 689 of the bam file
2020-08-27 20:46:57,966 - WARNING - Not found cell and umi barcode in entry 696 of the bam file
2020-08-27 20:46:57,966 - WARNING - Not found cell and umi barcode in entry 700 of the bam file
2020-08-27 20:46:57,966 - WARNING - Not found cell and umi barcode in entry 701 of the bam file
2020-08-27 20:46:57,966 - WARNING - Not found cell and umi barcode in entry 732 of the bam file
2020-08-27 20:46:57,966 - WARNING - Not found cell and umi barcode in entry 733 of the bam file
2020-08-27 20:46:57,966 - WARNING - Not found cell and umi barcode in entry 742 of the bam file
2020-08-27 20:46:57,967 - WARNING - Not found cell and umi barcode in entry 795 of the bam file
2020-08-27 20:46:57,967 - WARNING - Not found cell and umi barcode in entry 864 of the bam file
2020-08-27 20:46:57,968 - WARNING - Not found cell and umi barcode in entry 865 of the bam file
2020-08-27 20:46:57,969 - WARNING - Not found cell and umi barcode in entry 960 of the bam file
2020-08-27 20:46:57,983 - WARNING - The file /net/isi-dcnl/ifs/user_data/abild/jichen/Projects/Breast/scRNA/Data/Megatron_data/COH073/FEL044046.mRNA/FEL044_count03/cell_ranger/FEL044_M/outs/cellsorted_possorted_genome_bam.bam already exists. The sorting step will be skipped and the existing file will be used.
2020-08-27 20:46:57,983 - INFO - Load the annotation from /net/isi-dcnl/ifs/user_data/abild/Genomes/refdata-cellranger-GRCh38-3.0.0/genes/genes.gtf
2020-08-27 20:47:06,232 - DEBUG - Parsing Chromosome 1 strand - [line 0]
2020-08-27 20:47:06,873 - DEBUG - Done with 1- [line 108728]
2020-08-27 20:47:06,874 - DEBUG - Assigning indexes to genes
2020-08-27 20:47:06,884 - DEBUG - Seen 1561 genes until now
2020-08-27 20:47:06,884 - DEBUG - Parsing Chromosome 1 strand + [line 108729]
2020-08-27 20:47:07,616 - DEBUG - Done with 1+ [line 232515]
2020-08-27 20:47:07,616 - DEBUG - Assigning indexes to genes
2020-08-27 20:47:07,845 - DEBUG - Seen 3154 genes until now
2020-08-27 20:47:07,845 - DEBUG - Parsing Chromosome 10 strand - [line 232516]
2020-08-27 20:47:08,054 - DEBUG - Done with 10- [line 279343]
2020-08-27 20:47:08,054 - DEBUG - Assigning indexes to genes
2020-08-27 20:47:08,057 - DEBUG - Seen 3737 genes until now
2020-08-27 20:47:08,057 - DEBUG - Parsing Chromosome 10 strand + [line 279344]
2020-08-27 20:47:08,251 - DEBUG - Done with 10+ [line 323872]
2020-08-27 20:47:08,251 - DEBUG - Assigning indexes to genes
2020-08-27 20:47:08,254 - DEBUG - Seen 4384 genes until now
2020-08-27 20:47:08,254 - DEBUG - Parsing Chromosome 11 strand - [line 323873]
2020-08-27 20:47:08,836 - DEBUG - Done with 11- [line 402908]
2020-08-27 20:47:08,837 - DEBUG - Assigning indexes to genes
2020-08-27 20:47:08,844 - DEBUG - Seen 5320 genes until now
2020-08-27 20:47:08,844 - DEBUG - Parsing Chromosome 11 strand + [line 402909]
2020-08-27 20:47:09,189 - DEBUG - Done with 11+ [line 482591]
2020-08-27 20:47:09,190 - DEBUG - Assigning indexes to genes
2020-08-27 20:47:09,484 - DEBUG - Seen 6305 genes until now
2020-08-27 20:47:09,485 - DEBUG - Parsing Chromosome 12 strand - [line 482592]
2020-08-27 20:47:09,821 - DEBUG - Done with 12- [line 559278]
2020-08-27 20:47:09,822 - DEBUG - Assigning indexes to genes
2020-08-27 20:47:09,829 - DEBUG - Seen 7177 genes until now
2020-08-27 20:47:09,829 - DEBUG - Parsing Chromosome 12 strand + [line 559279]
2020-08-27 20:47:10,154 - DEBUG - Done with 12+ [line 635173]
2020-08-27 20:47:10,154 - DEBUG - Assigning indexes to genes
2020-08-27 20:47:10,161 - DEBUG - Seen 8070 genes until now
2020-08-27 20:47:10,161 - DEBUG - Parsing Chromosome 13 strand - [line 635174]
2020-08-27 20:47:10,563 - DEBUG - Done with 13- [line 653523]
2020-08-27 20:47:10,563 - DEBUG - Assigning indexes to genes
2020-08-27 20:47:10,566 - DEBUG - Seen 8400 genes until now
2020-08-27 20:47:10,566 - DEBUG - Parsing Chromosome 13 strand + [line 653524]
2020-08-27 20:47:10,652 - DEBUG - Done with 13+ [line 673091]
2020-08-27 20:47:10,652 - DEBUG - Assigning indexes to genes
2020-08-27 20:47:10,654 - DEBUG - Seen 8736 genes until now
2020-08-27 20:47:10,654 - DEBUG - Parsing Chromosome 14 strand - [line 673092]
2020-08-27 20:47:10,843 - DEBUG - Done with 14- [line 716831]
2020-08-27 20:47:10,843 - DEBUG - Assigning indexes to genes
2020-08-27 20:47:10,847 - DEBUG - Seen 9452 genes until now
2020-08-27 20:47:10,847 - DEBUG - Parsing Chromosome 14 strand + [line 716832]
2020-08-27 20:47:11,053 - DEBUG - Done with 14+ [line 764942]
2020-08-27 20:47:11,053 - DEBUG - Assigning indexes to genes
2020-08-27 20:47:11,057 - DEBUG - Seen 10121 genes until now
2020-08-27 20:47:11,058 - DEBUG - Parsing Chromosome 15 strand - [line 764943]
2020-08-27 20:47:11,274 - DEBUG - Done with 15- [line 813803]
2020-08-27 20:47:11,274 - DEBUG - Assigning indexes to genes
2020-08-27 20:47:11,278 - DEBUG - Seen 10698 genes until now
2020-08-27 20:47:11,278 - DEBUG - Parsing Chromosome 15 strand + [line 813804]
2020-08-27 20:47:11,469 - DEBUG - Done with 15+ [line 857859]
2020-08-27 20:47:11,469 - DEBUG - Assigning indexes to genes
2020-08-27 20:47:11,473 - DEBUG - Seen 11256 genes until now
2020-08-27 20:47:11,473 - DEBUG - Parsing Chromosome 16 strand - [line 857860]
2020-08-27 20:47:12,076 - DEBUG - Done with 16- [line 911118]
2020-08-27 20:47:12,076 - DEBUG - Assigning indexes to genes
2020-08-27 20:47:12,081 - DEBUG - Seen 11998 genes until now
2020-08-27 20:47:12,081 - DEBUG - Parsing Chromosome 16 strand + [line 911119]
2020-08-27 20:47:12,382 - DEBUG - Done with 16+ [line 981663]
2020-08-27 20:47:12,383 - DEBUG - Assigning indexes to genes
2020-08-27 20:47:12,389 - DEBUG - Seen 12787 genes until now
2020-08-27 20:47:12,389 - DEBUG - Parsing Chromosome 17 strand - [line 981664]
2020-08-27 20:47:12,757 - DEBUG - Done with 17- [line 1066635]
2020-08-27 20:47:12,758 - DEBUG - Assigning indexes to genes
2020-08-27 20:47:12,765 - DEBUG - Seen 13775 genes until now
2020-08-27 20:47:12,765 - DEBUG - Parsing Chromosome 17 strand + [line 1066636]
2020-08-27 20:47:13,530 - DEBUG - Done with 17+ [line 1143834]
2020-08-27 20:47:13,531 - DEBUG - Assigning indexes to genes
2020-08-27 20:47:13,540 - DEBUG - Seen 14681 genes until now
2020-08-27 20:47:13,540 - DEBUG - Parsing Chromosome 18 strand - [line 1143835]
2020-08-27 20:47:13,648 - DEBUG - Done with 18- [line 1168496]
2020-08-27 20:47:13,648 - DEBUG - Assigning indexes to genes
2020-08-27 20:47:13,650 - DEBUG - Seen 15006 genes until now
2020-08-27 20:47:13,650 - DEBUG - Parsing Chromosome 18 strand + [line 1168497]
2020-08-27 20:47:13,741 - DEBUG - Done with 18+ [line 1189691]
2020-08-27 20:47:13,741 - DEBUG - Assigning indexes to genes
2020-08-27 20:47:13,743 - DEBUG - Seen 15343 genes until now
2020-08-27 20:47:13,743 - DEBUG - Parsing Chromosome 19 strand - [line 1189692]
2020-08-27 20:47:14,077 - DEBUG - Done with 19- [line 1268854]
2020-08-27 20:47:14,077 - DEBUG - Assigning indexes to genes
2020-08-27 20:47:14,084 - DEBUG - Seen 16352 genes until now
2020-08-27 20:47:14,084 - DEBUG - Parsing Chromosome 19 strand + [line 1268855]
2020-08-27 20:47:14,429 - DEBUG - Done with 19+ [line 1351833]
2020-08-27 20:47:14,430 - DEBUG - Assigning indexes to genes
2020-08-27 20:47:14,437 - DEBUG - Seen 17347 genes until now
2020-08-27 20:47:14,437 - DEBUG - Parsing Chromosome 2 strand - [line 1351834]
2020-08-27 20:47:14,866 - DEBUG - Done with 2- [line 1448710]
2020-08-27 20:47:14,866 - DEBUG - Assigning indexes to genes
2020-08-27 20:47:14,875 - DEBUG - Seen 18472 genes until now
2020-08-27 20:47:14,875 - DEBUG - Parsing Chromosome 2 strand + [line 1448711]
2020-08-27 20:47:15,792 - DEBUG - Done with 2+ [line 1542602]
2020-08-27 20:47:15,792 - DEBUG - Assigning indexes to genes
2020-08-27 20:47:15,801 - DEBUG - Seen 19632 genes until now
2020-08-27 20:47:15,801 - DEBUG - Parsing Chromosome 20 strand - [line 1542603]
2020-08-27 20:47:15,915 - DEBUG - Done with 20- [line 1569195]
2020-08-27 20:47:15,915 - DEBUG - Assigning indexes to genes
2020-08-27 20:47:15,917 - DEBUG - Seen 20079 genes until now
2020-08-27 20:47:15,917 - DEBUG - Parsing Chromosome 20 strand + [line 1569196]
2020-08-27 20:47:16,052 - DEBUG - Done with 20+ [line 1600541]
2020-08-27 20:47:16,052 - DEBUG - Assigning indexes to genes
2020-08-27 20:47:16,055 - DEBUG - Seen 20527 genes until now
2020-08-27 20:47:16,055 - DEBUG - Parsing Chromosome 21 strand - [line 1600542]
2020-08-27 20:47:16,117 - DEBUG - Done with 21- [line 1614106]
2020-08-27 20:47:16,117 - DEBUG - Assigning indexes to genes
2020-08-27 20:47:16,118 - DEBUG - Seen 20795 genes until now
2020-08-27 20:47:16,118 - DEBUG - Parsing Chromosome 21 strand + [line 1614107]
2020-08-27 20:47:16,184 - DEBUG - Done with 21+ [line 1628392]
2020-08-27 20:47:16,184 - DEBUG - Assigning indexes to genes
2020-08-27 20:47:16,185 - DEBUG - Seen 21029 genes until now
2020-08-27 20:47:16,185 - DEBUG - Parsing Chromosome 22 strand - [line 1628393]
2020-08-27 20:47:16,295 - DEBUG - Done with 22- [line 1653805]
2020-08-27 20:47:16,295 - DEBUG - Assigning indexes to genes
2020-08-27 20:47:16,297 - DEBUG - Seen 21391 genes until now
2020-08-27 20:47:16,297 - DEBUG - Parsing Chromosome 22 strand + [line 1653806]
2020-08-27 20:47:16,429 - DEBUG - Done with 22+ [line 1684245]
2020-08-27 20:47:16,429 - DEBUG - Assigning indexes to genes
2020-08-27 20:47:16,434 - DEBUG - Seen 21866 genes until now
2020-08-27 20:47:16,434 - DEBUG - Parsing Chromosome 3 strand - [line 1684246]
2020-08-27 20:47:16,781 - DEBUG - Done with 3- [line 1763939]
2020-08-27 20:47:16,781 - DEBUG - Assigning indexes to genes
2020-08-27 20:47:16,788 - DEBUG - Seen 22713 genes until now
2020-08-27 20:47:16,788 - DEBUG - Parsing Chromosome 3 strand + [line 1763940]
2020-08-27 20:47:17,137 - DEBUG - Done with 3+ [line 1844840]
2020-08-27 20:47:17,137 - DEBUG - Assigning indexes to genes
2020-08-27 20:47:17,144 - DEBUG - Seen 23585 genes until now
2020-08-27 20:47:17,144 - DEBUG - Parsing Chromosome 4 strand - [line 1844841]
2020-08-27 20:47:18,022 - DEBUG - Done with 4- [line 1898665]
2020-08-27 20:47:18,022 - DEBUG - Assigning indexes to genes
2020-08-27 20:47:18,027 - DEBUG - Seen 24246 genes until now
2020-08-27 20:47:18,027 - DEBUG - Parsing Chromosome 4 strand + [line 1898666]
2020-08-27 20:47:18,238 - DEBUG - Done with 4+ [line 1947617]
2020-08-27 20:47:18,238 - DEBUG - Assigning indexes to genes
2020-08-27 20:47:18,242 - DEBUG - Seen 24938 genes until now
2020-08-27 20:47:18,242 - DEBUG - Parsing Chromosome 5 strand - [line 1947618]
2020-08-27 20:47:18,496 - DEBUG - Done with 5- [line 2001140]
2020-08-27 20:47:18,496 - DEBUG - Assigning indexes to genes
2020-08-27 20:47:18,501 - DEBUG - Seen 25741 genes until now
2020-08-27 20:47:18,501 - DEBUG - Parsing Chromosome 5 strand + [line 2001141]
2020-08-27 20:47:18,765 - DEBUG - Done with 5+ [line 2062165]
2020-08-27 20:47:18,765 - DEBUG - Assigning indexes to genes
2020-08-27 20:47:18,770 - DEBUG - Seen 26599 genes until now
2020-08-27 20:47:18,770 - DEBUG - Parsing Chromosome 6 strand - [line 2062166]
2020-08-27 20:47:19,026 - DEBUG - Done with 6- [line 2121425]
2020-08-27 20:47:19,026 - DEBUG - Assigning indexes to genes
2020-08-27 20:47:19,031 - DEBUG - Seen 27435 genes until now
2020-08-27 20:47:19,031 - DEBUG - Parsing Chromosome 6 strand + [line 2121426]
2020-08-27 20:47:19,262 - DEBUG - Done with 6+ [line 2176078]
2020-08-27 20:47:19,262 - DEBUG - Assigning indexes to genes
2020-08-27 20:47:19,266 - DEBUG - Seen 28231 genes until now
2020-08-27 20:47:19,266 - DEBUG - Parsing Chromosome 7 strand - [line 2176079]
2020-08-27 20:47:19,518 - DEBUG - Done with 7- [line 2233605]
2020-08-27 20:47:19,518 - DEBUG - Assigning indexes to genes
2020-08-27 20:47:19,523 - DEBUG - Seen 28953 genes until now
2020-08-27 20:47:19,523 - DEBUG - Parsing Chromosome 7 strand + [line 2233606]
2020-08-27 20:47:19,788 - DEBUG - Done with 7+ [line 2295513]
2020-08-27 20:47:19,788 - DEBUG - Assigning indexes to genes
2020-08-27 20:47:19,793 - DEBUG - Seen 29770 genes until now
2020-08-27 20:47:19,793 - DEBUG - Parsing Chromosome 8 strand - [line 2295514]
2020-08-27 20:47:19,998 - DEBUG - Done with 8- [line 2343289]
2020-08-27 20:47:19,998 - DEBUG - Assigning indexes to genes
2020-08-27 20:47:20,002 - DEBUG - Seen 30442 genes until now
2020-08-27 20:47:20,002 - DEBUG - Parsing Chromosome 8 strand + [line 2343290]
2020-08-27 20:47:20,189 - DEBUG - Done with 8+ [line 2386793]
2020-08-27 20:47:20,189 - DEBUG - Assigning indexes to genes
2020-08-27 20:47:20,193 - DEBUG - Seen 31090 genes until now
2020-08-27 20:47:20,193 - DEBUG - Parsing Chromosome 9 strand - [line 2386794]
2020-08-27 20:47:21,099 - DEBUG - Done with 9- [line 2430389]
2020-08-27 20:47:21,099 - DEBUG - Assigning indexes to genes
2020-08-27 20:47:21,103 - DEBUG - Seen 31710 genes until now
2020-08-27 20:47:21,103 - DEBUG - Parsing Chromosome 9 strand + [line 2430390]
2020-08-27 20:47:21,307 - DEBUG - Done with 9+ [line 2477312]
2020-08-27 20:47:21,307 - DEBUG - Assigning indexes to genes
2020-08-27 20:47:21,311 - DEBUG - Seen 32318 genes until now
2020-08-27 20:47:21,311 - DEBUG - Parsing Chromosome GL000009.2 strand - [line 2477313]
2020-08-27 20:47:21,311 - DEBUG - Done with GL000009.2- [line 2477320]
2020-08-27 20:47:21,311 - DEBUG - Assigning indexes to genes
2020-08-27 20:47:21,311 - DEBUG - Seen 32319 genes until now
2020-08-27 20:47:21,311 - DEBUG - Parsing Chromosome GL000194.1 strand - [line 2477321]
2020-08-27 20:47:21,311 - DEBUG - Done with GL000194.1- [line 2477346]
2020-08-27 20:47:21,311 - DEBUG - Assigning indexes to genes
2020-08-27 20:47:21,311 - DEBUG - Seen 32321 genes until now
2020-08-27 20:47:21,311 - DEBUG - Parsing Chromosome GL000195.1 strand - [line 2477347]
2020-08-27 20:47:21,311 - DEBUG - Done with GL000195.1- [line 2477356]
2020-08-27 20:47:21,311 - DEBUG - Assigning indexes to genes
2020-08-27 20:47:21,311 - DEBUG - Seen 32322 genes until now
2020-08-27 20:47:21,312 - DEBUG - Parsing Chromosome GL000195.1 strand + [line 2477357]
2020-08-27 20:47:21,312 - DEBUG - Done with GL000195.1+ [line 2477370]
2020-08-27 20:47:21,312 - DEBUG - Assigning indexes to genes
2020-08-27 20:47:21,312 - DEBUG - Seen 32323 genes until now
2020-08-27 20:47:21,312 - DEBUG - Parsing Chromosome GL000205.2 strand - [line 2477371]
2020-08-27 20:47:21,312 - DEBUG - Done with GL000205.2- [line 2477384]
2020-08-27 20:47:21,312 - DEBUG - Assigning indexes to genes
2020-08-27 20:47:21,312 - DEBUG - Seen 32324 genes until now
2020-08-27 20:47:21,312 - DEBUG - Parsing Chromosome GL000213.1 strand - [line 2477385]
2020-08-27 20:47:21,312 - DEBUG - Done with GL000213.1- [line 2477433]
2020-08-27 20:47:21,312 - DEBUG - Assigning indexes to genes
2020-08-27 20:47:21,312 - DEBUG - Seen 32325 genes until now
2020-08-27 20:47:21,312 - DEBUG - Parsing Chromosome GL000218.1 strand - [line 2477434]
2020-08-27 20:47:21,312 - DEBUG - Done with GL000218.1- [line 2477441]
2020-08-27 20:47:21,312 - DEBUG - Assigning indexes to genes
2020-08-27 20:47:21,312 - DEBUG - Seen 32326 genes until now
2020-08-27 20:47:21,312 - DEBUG - Parsing Chromosome GL000219.1 strand - [line 2477442]
2020-08-27 20:47:21,313 - DEBUG - Done with GL000219.1- [line 2477453]
2020-08-27 20:47:21,313 - DEBUG - Assigning indexes to genes
2020-08-27 20:47:21,313 - DEBUG - Seen 32327 genes until now
2020-08-27 20:47:21,313 - DEBUG - Parsing Chromosome KI270711.1 strand - [line 2477454]
2020-08-27 20:47:21,313 - DEBUG - Done with KI270711.1- [line 2477604]
2020-08-27 20:47:21,313 - DEBUG - Assigning indexes to genes
2020-08-27 20:47:21,314 - DEBUG - Seen 32328 genes until now
2020-08-27 20:47:21,314 - DEBUG - Parsing Chromosome KI270713.1 strand - [line 2477605]
2020-08-27 20:47:21,314 - DEBUG - Done with KI270713.1- [line 2477612]
2020-08-27 20:47:21,314 - DEBUG - Assigning indexes to genes
2020-08-27 20:47:21,314 - DEBUG - Seen 32329 genes until now
2020-08-27 20:47:21,314 - DEBUG - Parsing Chromosome KI270713.1 strand + [line 2477613]
2020-08-27 20:47:21,314 - DEBUG - Done with KI270713.1+ [line 2477618]
2020-08-27 20:47:21,314 - DEBUG - Assigning indexes to genes
2020-08-27 20:47:21,314 - DEBUG - Seen 32330 genes until now
2020-08-27 20:47:21,314 - DEBUG - Parsing Chromosome KI270721.1 strand + [line 2477619]
2020-08-27 20:47:21,314 - DEBUG - Done with KI270721.1+ [line 2477634]
2020-08-27 20:47:21,314 - DEBUG - Assigning indexes to genes
2020-08-27 20:47:21,314 - DEBUG - Seen 32331 genes until now
2020-08-27 20:47:21,314 - DEBUG - Parsing Chromosome KI270726.1 strand + [line 2477635]
2020-08-27 20:47:21,314 - DEBUG - Done with KI270726.1+ [line 2477645]
2020-08-27 20:47:21,314 - DEBUG - Assigning indexes to genes
2020-08-27 20:47:21,314 - DEBUG - Seen 32333 genes until now
2020-08-27 20:47:21,314 - DEBUG - Parsing Chromosome KI270727.1 strand - [line 2477646]
2020-08-27 20:47:21,315 - DEBUG - Done with KI270727.1- [line 2477704]
2020-08-27 20:47:21,315 - DEBUG - Assigning indexes to genes
2020-08-27 20:47:21,315 - DEBUG - Seen 32335 genes until now
2020-08-27 20:47:21,315 - DEBUG - Parsing Chromosome KI270727.1 strand + [line 2477705]
2020-08-27 20:47:21,315 - DEBUG - Done with KI270727.1+ [line 2477719]
2020-08-27 20:47:21,315 - DEBUG - Assigning indexes to genes
2020-08-27 20:47:21,315 - DEBUG - Seen 32337 genes until now
2020-08-27 20:47:21,315 - DEBUG - Parsing Chromosome KI270728.1 strand - [line 2477720]
2020-08-27 20:47:21,315 - DEBUG - Done with KI270728.1- [line 2477796]
2020-08-27 20:47:21,315 - DEBUG - Assigning indexes to genes
2020-08-27 20:47:21,315 - DEBUG - Seen 32339 genes until now
2020-08-27 20:47:21,315 - DEBUG - Parsing Chromosome KI270728.1 strand + [line 2477797]
2020-08-27 20:47:21,316 - DEBUG - Done with KI270728.1+ [line 2477833]
2020-08-27 20:47:21,316 - DEBUG - Assigning indexes to genes
2020-08-27 20:47:21,316 - DEBUG - Seen 32343 genes until now
2020-08-27 20:47:21,316 - DEBUG - Parsing Chromosome KI270731.1 strand - [line 2477834]
2020-08-27 20:47:21,316 - DEBUG - Done with KI270731.1- [line 2477840]
2020-08-27 20:47:21,316 - DEBUG - Assigning indexes to genes
2020-08-27 20:47:21,316 - DEBUG - Seen 32344 genes until now
2020-08-27 20:47:21,316 - DEBUG - Parsing Chromosome KI270734.1 strand - [line 2477841]
2020-08-27 20:47:21,316 - DEBUG - Done with KI270734.1- [line 2477909]
2020-08-27 20:47:21,316 - DEBUG - Assigning indexes to genes
2020-08-27 20:47:21,316 - DEBUG - Seen 32345 genes until now
2020-08-27 20:47:21,316 - DEBUG - Parsing Chromosome KI270734.1 strand + [line 2477910]
2020-08-27 20:47:21,317 - DEBUG - Done with KI270734.1+ [line 2477932]
2020-08-27 20:47:21,317 - DEBUG - Assigning indexes to genes
2020-08-27 20:47:21,317 - DEBUG - Seen 32347 genes until now
2020-08-27 20:47:21,317 - DEBUG - Parsing Chromosome MT strand - [line 2477933]
2020-08-27 20:47:21,317 - DEBUG - Done with MT- [line 2477938]
2020-08-27 20:47:21,317 - DEBUG - Assigning indexes to genes
2020-08-27 20:47:21,317 - DEBUG - Seen 32348 genes until now
2020-08-27 20:47:21,317 - DEBUG - Parsing Chromosome MT strand + [line 2477939]
2020-08-27 20:47:21,317 - DEBUG - Done with MT+ [line 2478004]
2020-08-27 20:47:21,317 - DEBUG - Assigning indexes to genes
2020-08-27 20:47:21,317 - DEBUG - Seen 32360 genes until now
2020-08-27 20:47:21,317 - DEBUG - Parsing Chromosome X strand - [line 2478005]
2020-08-27 20:47:21,490 - DEBUG - Done with X- [line 2518937]
2020-08-27 20:47:21,491 - DEBUG - Assigning indexes to genes
2020-08-27 20:47:21,494 - DEBUG - Seen 32876 genes until now
2020-08-27 20:47:21,494 - DEBUG - Parsing Chromosome X strand + [line 2518938]
2020-08-27 20:47:21,667 - DEBUG - Done with X+ [line 2560301]
2020-08-27 20:47:21,667 - DEBUG - Assigning indexes to genes
2020-08-27 20:47:21,670 - DEBUG - Seen 33438 genes until now
2020-08-27 20:47:21,670 - DEBUG - Parsing Chromosome Y strand - [line 2560302]
2020-08-27 20:47:21,679 - DEBUG - Done with Y- [line 2562446]
2020-08-27 20:47:21,680 - DEBUG - Assigning indexes to genes
2020-08-27 20:47:21,680 - DEBUG - Seen 33485 genes until now
2020-08-27 20:47:21,680 - DEBUG - Parsing Chromosome Y strand + [line 2562447]
2020-08-27 20:47:21,691 - DEBUG - Assigning indexes to genes
2020-08-27 20:47:21,692 - DEBUG - Done with Y+ [line 2565059]
2020-08-27 20:47:21,692 - DEBUG - Fixing corner cases of transcript models containg intron longer than 1000Kbp
2020-08-27 20:47:23,759 - DEBUG - Generated 2165800 features corresponding to 172912 transcript models from /net/isi-dcnl/ifs/user_data/abild/Genomes/refdata-cellranger-GRCh38-3.0.0/genes/genes.gtf
2020-08-27 20:47:23,796 - INFO - Scan /net/isi-dcnl/ifs/user_data/abild/jichen/Projects/Breast/scRNA/Data/Megatron_data/COH073/FEL044046.mRNA/FEL044_count03/cell_ranger/FEL044_M/outs/possorted_genome_bam.bam to validate intron intervals
2020-08-27 20:47:27,867 - DEBUG - Reading /net/isi-dcnl/ifs/user_data/abild/jichen/Projects/Breast/scRNA/Data/Megatron_data/COH073/FEL044046.mRNA/FEL044_count03/cell_ranger/FEL044_M/outs/possorted_genome_bam.bam
2020-08-27 20:47:27,892 - DEBUG - Read first 0 million reads
2020-08-27 20:47:27,971 - DEBUG - Marking up chromosome 1
2020-08-27 20:48:39,758 - DEBUG - Read first 10 million reads
2020-08-27 20:49:32,840 - DEBUG - Read first 20 million reads
2020-08-27 20:50:24,643 - DEBUG - Read first 30 million reads
2020-08-27 20:51:20,304 - DEBUG - Marking up chromosome 10
2020-08-27 20:51:29,147 - DEBUG - Read first 40 million reads
2020-08-27 20:52:27,066 - DEBUG - Read first 50 million reads
2020-08-27 20:53:33,883 - DEBUG - Marking up chromosome 11
2020-08-27 20:53:35,970 - DEBUG - Read first 60 million reads
2020-08-27 20:54:53,547 - DEBUG - Read first 70 million reads
2020-08-27 20:56:05,187 - DEBUG - Marking up chromosome 12
2020-08-27 20:56:13,336 - DEBUG - Read first 80 million reads
2020-08-27 20:57:11,877 - DEBUG - Read first 90 million reads
2020-08-27 20:58:02,150 - DEBUG - Marking up chromosome 13
2020-08-27 20:58:18,799 - DEBUG - Read first 100 million reads
2020-08-27 20:58:27,480 - DEBUG - Marking up chromosome 14
2020-08-27 20:59:23,350 - DEBUG - Read first 110 million reads
2020-08-27 20:59:30,769 - DEBUG - Marking up chromosome 15
2020-08-27 21:00:28,999 - DEBUG - Read first 120 million reads
2020-08-27 21:00:39,307 - DEBUG - Marking up chromosome 16
2020-08-27 21:01:24,463 - DEBUG - Read first 130 million reads
2020-08-27 21:02:15,835 - DEBUG - Marking up chromosome 17
2020-08-27 21:02:20,946 - DEBUG - Read first 140 million reads
2020-08-27 21:03:27,234 - DEBUG - Read first 150 million reads
2020-08-27 21:04:13,368 - DEBUG - Marking up chromosome 18
2020-08-27 21:04:39,117 - DEBUG - Read first 160 million reads
2020-08-27 21:04:40,507 - DEBUG - Marking up chromosome 19
2020-08-27 21:05:52,446 - DEBUG - Read first 170 million reads
2020-08-27 21:06:34,548 - DEBUG - Marking up chromosome 2
2020-08-27 21:07:00,416 - DEBUG - Read first 180 million reads
2020-08-27 21:08:00,162 - DEBUG - Read first 190 million reads
2020-08-27 21:09:04,614 - DEBUG - Read first 200 million reads
2020-08-27 21:09:22,561 - DEBUG - Marking up chromosome 20
2020-08-27 21:10:13,979 - DEBUG - Read first 210 million reads
2020-08-27 21:10:32,419 - DEBUG - Marking up chromosome 21
2020-08-27 21:10:48,877 - DEBUG - Read first 220 million reads
2020-08-27 21:11:11,076 - DEBUG - Read first 230 million reads
2020-08-27 21:11:33,009 - DEBUG - Read first 240 million reads
2020-08-27 21:11:55,112 - DEBUG - Read first 250 million reads
2020-08-27 21:12:17,594 - DEBUG - Read first 260 million reads
2020-08-27 21:12:39,887 - DEBUG - Read first 270 million reads
2020-08-27 21:13:02,321 - DEBUG - Read first 280 million reads
2020-08-27 21:13:24,275 - DEBUG - Read first 290 million reads
2020-08-27 21:13:46,268 - DEBUG - Read first 300 million reads
2020-08-27 21:14:08,709 - DEBUG - Read first 310 million reads
2020-08-27 21:14:31,030 - DEBUG - Read first 320 million reads
2020-08-27 21:14:53,477 - DEBUG - Read first 330 million reads
2020-08-27 21:15:15,767 - DEBUG - Read first 340 million reads
2020-08-27 21:15:37,818 - DEBUG - Read first 350 million reads
2020-08-27 21:15:59,831 - DEBUG - Read first 360 million reads
2020-08-27 21:16:22,237 - DEBUG - Read first 370 million reads
2020-08-27 21:16:44,622 - DEBUG - Read first 380 million reads
2020-08-27 21:17:06,905 - DEBUG - Read first 390 million reads
2020-08-27 21:17:28,903 - DEBUG - Read first 400 million reads
2020-08-27 21:17:50,991 - DEBUG - Read first 410 million reads
2020-08-27 21:18:12,910 - DEBUG - Read first 420 million reads
2020-08-27 21:18:35,361 - DEBUG - Read first 430 million reads
2020-08-27 21:18:57,667 - DEBUG - Read first 440 million reads
2020-08-27 21:19:19,960 - DEBUG - Read first 450 million reads
2020-08-27 21:19:57,584 - DEBUG - Read first 460 million reads
2020-08-27 21:20:04,666 - DEBUG - Marking up chromosome 22
2020-08-27 21:21:01,221 - DEBUG - Marking up chromosome 3
2020-08-27 21:21:10,744 - DEBUG - Read first 470 million reads
2020-08-27 21:22:19,048 - DEBUG - Read first 480 million reads
2020-08-27 21:23:19,307 - DEBUG - Marking up chromosome 4
2020-08-27 21:23:28,653 - DEBUG - Read first 490 million reads
2020-08-27 21:24:44,200 - DEBUG - Read first 500 million reads
2020-08-27 21:25:03,825 - DEBUG - Marking up chromosome 5
2020-08-27 21:25:42,390 - DEBUG - Read first 510 million reads
2020-08-27 21:26:41,984 - DEBUG - Read first 520 million reads
2020-08-27 21:27:01,787 - DEBUG - Marking up chromosome 6
2020-08-27 21:27:47,493 - DEBUG - Read first 530 million reads
2020-08-27 21:28:45,046 - DEBUG - Marking up chromosome 7
2020-08-27 21:28:55,088 - DEBUG - Read first 540 million reads
2020-08-27 21:29:52,227 - DEBUG - Read first 550 million reads
2020-08-27 21:30:48,201 - DEBUG - Read first 560 million reads
2020-08-27 21:31:06,164 - DEBUG - Marking up chromosome 8
2020-08-27 21:31:53,050 - DEBUG - Read first 570 million reads
2020-08-27 21:32:24,083 - DEBUG - Marking up chromosome 9
2020-08-27 21:32:54,067 - DEBUG - Read first 580 million reads
2020-08-27 21:33:30,556 - DEBUG - Marking up chromosome MT
2020-08-27 21:33:37,862 - DEBUG - Marking up chromosome X
2020-08-27 21:33:57,860 - DEBUG - Read first 590 million reads
2020-08-27 21:34:28,802 - DEBUG - Marking up chromosome Y
2020-08-27 21:34:29,349 - DEBUG - Marking up chromosome KI270728.1
2020-08-27 21:34:29,380 - DEBUG - Marking up chromosome KI270727.1
2020-08-27 21:34:29,521 - DEBUG - Marking up chromosome KI270442.1
2020-08-27 21:34:29,521 - WARNING - The .bam file refers to a chromosome 'KI270442.1+' not present in the annotation (.gtf) file
2020-08-27 21:34:29,521 - WARNING - The .bam file refers to a chromosome 'KI270442.1-' not present in the annotation (.gtf) file
2020-08-27 21:34:31,474 - DEBUG - Marking up chromosome KI270729.1
2020-08-27 21:34:31,474 - WARNING - The .bam file refers to a chromosome 'KI270729.1+' not present in the annotation (.gtf) file
2020-08-27 21:34:31,474 - WARNING - The .bam file refers to a chromosome 'KI270729.1-' not present in the annotation (.gtf) file
2020-08-27 21:34:31,644 - DEBUG - Marking up chromosome GL000225.1
2020-08-27 21:34:31,644 - WARNING - The .bam file refers to a chromosome 'GL000225.1+' not present in the annotation (.gtf) file
2020-08-27 21:34:31,644 - WARNING - The .bam file refers to a chromosome 'GL000225.1-' not present in the annotation (.gtf) file
2020-08-27 21:34:31,648 - DEBUG - Marking up chromosome KI270743.1
2020-08-27 21:34:31,648 - WARNING - The .bam file refers to a chromosome 'KI270743.1+' not present in the annotation (.gtf) file
2020-08-27 21:34:31,648 - WARNING - The .bam file refers to a chromosome 'KI270743.1-' not present in the annotation (.gtf) file
2020-08-27 21:34:31,844 - DEBUG - Marking up chromosome GL000008.2
2020-08-27 21:34:31,844 - WARNING - The .bam file refers to a chromosome 'GL000008.2+' not present in the annotation (.gtf) file
2020-08-27 21:34:31,844 - WARNING - The .bam file refers to a chromosome 'GL000008.2-' not present in the annotation (.gtf) file
2020-08-27 21:34:31,927 - DEBUG - Marking up chromosome GL000009.2
2020-08-27 21:34:31,927 - WARNING - The .bam file refers to a chromosome 'GL000009.2+' not present in the annotation (.gtf) file
2020-08-27 21:34:32,429 - DEBUG - Marking up chromosome KI270747.1
2020-08-27 21:34:32,429 - WARNING - The .bam file refers to a chromosome 'KI270747.1+' not present in the annotation (.gtf) file
2020-08-27 21:34:32,429 - WARNING - The .bam file refers to a chromosome 'KI270747.1-' not present in the annotation (.gtf) file
2020-08-27 21:34:32,430 - DEBUG - Marking up chromosome KI270722.1
2020-08-27 21:34:32,430 - WARNING - The .bam file refers to a chromosome 'KI270722.1+' not present in the annotation (.gtf) file
2020-08-27 21:34:32,430 - WARNING - The .bam file refers to a chromosome 'KI270722.1-' not present in the annotation (.gtf) file
2020-08-27 21:34:32,467 - DEBUG - Marking up chromosome GL000194.1
2020-08-27 21:34:32,467 - WARNING - The .bam file refers to a chromosome 'GL000194.1+' not present in the annotation (.gtf) file
2020-08-27 21:34:32,957 - DEBUG - Marking up chromosome KI270742.1
2020-08-27 21:34:32,957 - WARNING - The .bam file refers to a chromosome 'KI270742.1+' not present in the annotation (.gtf) file
2020-08-27 21:34:32,957 - WARNING - The .bam file refers to a chromosome 'KI270742.1-' not present in the annotation (.gtf) file
2020-08-27 21:34:33,154 - DEBUG - Marking up chromosome GL000205.2
2020-08-27 21:34:33,154 - WARNING - The .bam file refers to a chromosome 'GL000205.2+' not present in the annotation (.gtf) file
2020-08-27 21:34:33,166 - DEBUG - Marking up chromosome GL000195.1
2020-08-27 21:34:33,191 - DEBUG - Marking up chromosome KI270736.1
2020-08-27 21:34:33,191 - WARNING - The .bam file refers to a chromosome 'KI270736.1+' not present in the annotation (.gtf) file
2020-08-27 21:34:33,192 - WARNING - The .bam file refers to a chromosome 'KI270736.1-' not present in the annotation (.gtf) file
2020-08-27 21:34:33,195 - DEBUG - Marking up chromosome KI270733.1
2020-08-27 21:34:33,196 - WARNING - The .bam file refers to a chromosome 'KI270733.1+' not present in the annotation (.gtf) file
2020-08-27 21:34:33,196 - WARNING - The .bam file refers to a chromosome 'KI270733.1-' not present in the annotation (.gtf) file
2020-08-27 21:34:43,049 - DEBUG - Read first 600 million reads
2020-08-27 21:35:05,014 - DEBUG - Read first 610 million reads
2020-08-27 21:35:27,044 - DEBUG - Read first 620 million reads
2020-08-27 21:35:48,787 - DEBUG - Read first 630 million reads
2020-08-27 21:36:10,662 - DEBUG - Read first 640 million reads
2020-08-27 21:36:32,731 - DEBUG - Read first 650 million reads
2020-08-27 21:36:56,042 - DEBUG - Read first 660 million reads
2020-08-27 21:37:18,130 - DEBUG - Read first 670 million reads
2020-08-27 21:37:40,468 - DEBUG - Read first 680 million reads
2020-08-27 21:38:02,108 - DEBUG - Read first 690 million reads
2020-08-27 21:38:24,169 - DEBUG - Read first 700 million reads
2020-08-27 21:38:45,944 - DEBUG - Read first 710 million reads
2020-08-27 21:39:08,765 - DEBUG - Read first 720 million reads
2020-08-27 21:39:14,703 - DEBUG - Marking up chromosome GL000224.1
2020-08-27 21:39:14,703 - WARNING - The .bam file refers to a chromosome 'GL000224.1+' not present in the annotation (.gtf) file
2020-08-27 21:39:14,703 - WARNING - The .bam file refers to a chromosome 'GL000224.1-' not present in the annotation (.gtf) file
2020-08-27 21:39:14,771 - DEBUG - Marking up chromosome GL000219.1
2020-08-27 21:39:14,771 - WARNING - The .bam file refers to a chromosome 'GL000219.1+' not present in the annotation (.gtf) file
2020-08-27 21:39:14,917 - DEBUG - Marking up chromosome KI270719.1
2020-08-27 21:39:14,917 - WARNING - The .bam file refers to a chromosome 'KI270719.1+' not present in the annotation (.gtf) file
2020-08-27 21:39:14,917 - WARNING - The .bam file refers to a chromosome 'KI270719.1-' not present in the annotation (.gtf) file
2020-08-27 21:39:14,952 - DEBUG - Marking up chromosome GL000216.2
2020-08-27 21:39:14,952 - WARNING - The .bam file refers to a chromosome 'GL000216.2+' not present in the annotation (.gtf) file
2020-08-27 21:39:14,952 - WARNING - The .bam file refers to a chromosome 'GL000216.2-' not present in the annotation (.gtf) file
2020-08-27 21:39:15,062 - DEBUG - Marking up chromosome KI270712.1
2020-08-27 21:39:15,062 - WARNING - The .bam file refers to a chromosome 'KI270712.1+' not present in the annotation (.gtf) file
2020-08-27 21:39:15,062 - WARNING - The .bam file refers to a chromosome 'KI270712.1-' not present in the annotation (.gtf) file
2020-08-27 21:39:15,111 - DEBUG - Marking up chromosome KI270706.1
2020-08-27 21:39:15,111 - WARNING - The .bam file refers to a chromosome 'KI270706.1+' not present in the annotation (.gtf) file
2020-08-27 21:39:15,111 - WARNING - The .bam file refers to a chromosome 'KI270706.1-' not present in the annotation (.gtf) file
2020-08-27 21:39:15,350 - DEBUG - Marking up chromosome KI270725.1
2020-08-27 21:39:15,350 - WARNING - The .bam file refers to a chromosome 'KI270725.1+' not present in the annotation (.gtf) file
2020-08-27 21:39:15,350 - WARNING - The .bam file refers to a chromosome 'KI270725.1-' not present in the annotation (.gtf) file
2020-08-27 21:39:15,365 - DEBUG - Marking up chromosome KI270744.1
2020-08-27 21:39:15,365 - WARNING - The .bam file refers to a chromosome 'KI270744.1+' not present in the annotation (.gtf) file
2020-08-27 21:39:15,365 - WARNING - The .bam file refers to a chromosome 'KI270744.1-' not present in the annotation (.gtf) file
2020-08-27 21:39:15,516 - DEBUG - Marking up chromosome KI270734.1
2020-08-27 21:39:15,665 - DEBUG - Marking up chromosome GL000213.1
2020-08-27 21:39:15,666 - WARNING - The .bam file refers to a chromosome 'GL000213.1+' not present in the annotation (.gtf) file
2020-08-27 21:39:15,673 - DEBUG - Marking up chromosome GL000220.1
2020-08-27 21:39:15,673 - WARNING - The .bam file refers to a chromosome 'GL000220.1+' not present in the annotation (.gtf) file
2020-08-27 21:39:15,673 - WARNING - The .bam file refers to a chromosome 'GL000220.1-' not present in the annotation (.gtf) file
2020-08-27 21:39:31,223 - DEBUG - Read first 730 million reads
2020-08-27 21:39:53,490 - DEBUG - Read first 740 million reads
2020-08-27 21:40:15,434 - DEBUG - Read first 750 million reads
2020-08-27 21:40:37,313 - DEBUG - Read first 760 million reads
2020-08-27 21:40:59,173 - DEBUG - Read first 770 million reads
2020-08-27 21:41:21,743 - DEBUG - Read first 780 million reads
2020-08-27 21:41:44,260 - DEBUG - Read first 790 million reads
2020-08-27 21:42:06,289 - DEBUG - Read first 800 million reads
2020-08-27 21:42:28,368 - DEBUG - Read first 810 million reads
2020-08-27 21:42:50,143 - DEBUG - Read first 820 million reads
2020-08-27 21:43:12,006 - DEBUG - Read first 830 million reads
2020-08-27 21:43:34,263 - DEBUG - Read first 840 million reads
2020-08-27 21:43:56,545 - DEBUG - Read first 850 million reads
2020-08-27 21:43:57,652 - DEBUG - Marking up chromosome KI270715.1
2020-08-27 21:43:57,652 - WARNING - The .bam file refers to a chromosome 'KI270715.1+' not present in the annotation (.gtf) file
2020-08-27 21:43:57,653 - WARNING - The .bam file refers to a chromosome 'KI270715.1-' not present in the annotation (.gtf) file
2020-08-27 21:43:57,659 - DEBUG - Marking up chromosome GL000218.1
2020-08-27 21:43:57,660 - WARNING - The .bam file refers to a chromosome 'GL000218.1+' not present in the annotation (.gtf) file
2020-08-27 21:43:57,757 - DEBUG - Marking up chromosome KI270749.1
2020-08-27 21:43:57,757 - WARNING - The .bam file refers to a chromosome 'KI270749.1+' not present in the annotation (.gtf) file
2020-08-27 21:43:57,757 - WARNING - The .bam file refers to a chromosome 'KI270749.1-' not present in the annotation (.gtf) file
2020-08-27 21:43:57,785 - DEBUG - Marking up chromosome GL000221.1
2020-08-27 21:43:57,785 - WARNING - The .bam file refers to a chromosome 'GL000221.1+' not present in the annotation (.gtf) file
2020-08-27 21:43:57,785 - WARNING - The .bam file refers to a chromosome 'GL000221.1-' not present in the annotation (.gtf) file
2020-08-27 21:43:57,940 - DEBUG - Marking up chromosome KI270716.1
2020-08-27 21:43:57,940 - WARNING - The .bam file refers to a chromosome 'KI270716.1+' not present in the annotation (.gtf) file
2020-08-27 21:43:57,940 - WARNING - The .bam file refers to a chromosome 'KI270716.1-' not present in the annotation (.gtf) file
2020-08-27 21:43:57,948 - DEBUG - Marking up chromosome KI270731.1
2020-08-27 21:43:57,948 - WARNING - The .bam file refers to a chromosome 'KI270731.1+' not present in the annotation (.gtf) file
2020-08-27 21:43:58,053 - DEBUG - Marking up chromosome KI270751.1
2020-08-27 21:43:58,053 - WARNING - The .bam file refers to a chromosome 'KI270751.1+' not present in the annotation (.gtf) file
2020-08-27 21:43:58,053 - WARNING - The .bam file refers to a chromosome 'KI270751.1-' not present in the annotation (.gtf) file
2020-08-27 21:43:58,077 - DEBUG - Marking up chromosome KI270750.1
2020-08-27 21:43:58,077 - WARNING - The .bam file refers to a chromosome 'KI270750.1+' not present in the annotation (.gtf) file
2020-08-27 21:43:58,077 - WARNING - The .bam file refers to a chromosome 'KI270750.1-' not present in the annotation (.gtf) file
2020-08-27 21:43:58,396 - DEBUG - Marking up chromosome KI270519.1
2020-08-27 21:43:58,396 - WARNING - The .bam file refers to a chromosome 'KI270519.1+' not present in the annotation (.gtf) file
2020-08-27 21:43:58,396 - WARNING - The .bam file refers to a chromosome 'KI270519.1-' not present in the annotation (.gtf) file
2020-08-27 21:43:58,407 - DEBUG - Marking up chromosome GL000214.1
2020-08-27 21:43:58,407 - WARNING - The .bam file refers to a chromosome 'GL000214.1+' not present in the annotation (.gtf) file
2020-08-27 21:43:58,407 - WARNING - The .bam file refers to a chromosome 'GL000214.1-' not present in the annotation (.gtf) file
2020-08-27 21:43:58,670 - DEBUG - Marking up chromosome KI270708.1
2020-08-27 21:43:58,670 - WARNING - The .bam file refers to a chromosome 'KI270708.1+' not present in the annotation (.gtf) file
2020-08-27 21:43:58,670 - WARNING - The .bam file refers to a chromosome 'KI270708.1-' not present in the annotation (.gtf) file
2020-08-27 21:43:58,681 - DEBUG - Marking up chromosome KI270730.1
2020-08-27 21:43:58,681 - WARNING - The .bam file refers to a chromosome 'KI270730.1+' not present in the annotation (.gtf) file
2020-08-27 21:43:58,681 - WARNING - The .bam file refers to a chromosome 'KI270730.1-' not present in the annotation (.gtf) file
2020-08-27 21:43:58,681 - DEBUG - Marking up chromosome KI270438.1
2020-08-27 21:43:58,681 - WARNING - The .bam file refers to a chromosome 'KI270438.1+' not present in the annotation (.gtf) file
2020-08-27 21:43:58,681 - WARNING - The .bam file refers to a chromosome 'KI270438.1-' not present in the annotation (.gtf) file
2020-08-27 21:43:58,692 - DEBUG - Marking up chromosome KI270737.1
2020-08-27 21:43:58,692 - WARNING - The .bam file refers to a chromosome 'KI270737.1+' not present in the annotation (.gtf) file
2020-08-27 21:43:58,693 - WARNING - The .bam file refers to a chromosome 'KI270737.1-' not present in the annotation (.gtf) file
2020-08-27 21:43:58,711 - DEBUG - Marking up chromosome KI270721.1
2020-08-27 21:43:58,711 - WARNING - The .bam file refers to a chromosome 'KI270721.1-' not present in the annotation (.gtf) file
2020-08-27 21:43:58,733 - DEBUG - Marking up chromosome KI270738.1
2020-08-27 21:43:58,733 - WARNING - The .bam file refers to a chromosome 'KI270738.1+' not present in the annotation (.gtf) file
2020-08-27 21:43:58,733 - WARNING - The .bam file refers to a chromosome 'KI270738.1-' not present in the annotation (.gtf) file
2020-08-27 21:43:58,734 - DEBUG - Marking up chromosome KI270748.1
2020-08-27 21:43:58,735 - WARNING - The .bam file refers to a chromosome 'KI270748.1+' not present in the annotation (.gtf) file
2020-08-27 21:43:58,735 - WARNING - The .bam file refers to a chromosome 'KI270748.1-' not present in the annotation (.gtf) file
2020-08-27 21:43:58,744 - DEBUG - Marking up chromosome KI270435.1
2020-08-27 21:43:58,745 - WARNING - The .bam file refers to a chromosome 'KI270435.1+' not present in the annotation (.gtf) file
2020-08-27 21:43:58,745 - WARNING - The .bam file refers to a chromosome 'KI270435.1-' not present in the annotation (.gtf) file
2020-08-27 21:43:58,752 - DEBUG - Marking up chromosome GL000208.1
2020-08-27 21:43:58,752 - WARNING - The .bam file refers to a chromosome 'GL000208.1+' not present in the annotation (.gtf) file
2020-08-27 21:43:58,752 - WARNING - The .bam file refers to a chromosome 'GL000208.1-' not present in the annotation (.gtf) file
2020-08-27 21:43:58,754 - DEBUG - Marking up chromosome KI270538.1
2020-08-27 21:43:58,754 - WARNING - The .bam file refers to a chromosome 'KI270538.1+' not present in the annotation (.gtf) file
2020-08-27 21:43:58,754 - WARNING - The .bam file refers to a chromosome 'KI270538.1-' not present in the annotation (.gtf) file
2020-08-27 21:43:58,755 - DEBUG - Marking up chromosome KI270756.1
2020-08-27 21:43:58,755 - WARNING - The .bam file refers to a chromosome 'KI270756.1+' not present in the annotation (.gtf) file
2020-08-27 21:43:58,755 - WARNING - The .bam file refers to a chromosome 'KI270756.1-' not present in the annotation (.gtf) file
2020-08-27 21:43:58,758 - DEBUG - Marking up chromosome KI270757.1
2020-08-27 21:43:58,758 - WARNING - The .bam file refers to a chromosome 'KI270757.1+' not present in the annotation (.gtf) file
2020-08-27 21:43:58,758 - WARNING - The .bam file refers to a chromosome 'KI270757.1-' not present in the annotation (.gtf) file
2020-08-27 21:43:58,763 - DEBUG - Marking up chromosome KI270709.1
2020-08-27 21:43:58,763 - WARNING - The .bam file refers to a chromosome 'KI270709.1+' not present in the annotation (.gtf) file
2020-08-27 21:43:58,763 - WARNING - The .bam file refers to a chromosome 'KI270709.1-' not present in the annotation (.gtf) file
2020-08-27 21:43:58,766 - DEBUG - Marking up chromosome KI270746.1
2020-08-27 21:43:58,766 - WARNING - The .bam file refers to a chromosome 'KI270746.1+' not present in the annotation (.gtf) file
2020-08-27 21:43:58,766 - WARNING - The .bam file refers to a chromosome 'KI270746.1-' not present in the annotation (.gtf) file
2020-08-27 21:43:58,777 - DEBUG - Marking up chromosome KI270753.1
2020-08-27 21:43:58,777 - WARNING - The .bam file refers to a chromosome 'KI270753.1+' not present in the annotation (.gtf) file
2020-08-27 21:43:58,777 - WARNING - The .bam file refers to a chromosome 'KI270753.1-' not present in the annotation (.gtf) file
2020-08-27 21:43:58,779 - DEBUG - Marking up chromosome KI270589.1
2020-08-27 21:43:58,779 - WARNING - The .bam file refers to a chromosome 'KI270589.1+' not present in the annotation (.gtf) file
2020-08-27 21:43:58,779 - WARNING - The .bam file refers to a chromosome 'KI270589.1-' not present in the annotation (.gtf) file
2020-08-27 21:43:58,782 - DEBUG - Marking up chromosome KI270735.1
2020-08-27 21:43:58,782 - WARNING - The .bam file refers to a chromosome 'KI270735.1+' not present in the annotation (.gtf) file
2020-08-27 21:43:58,782 - WARNING - The .bam file refers to a chromosome 'KI270735.1-' not present in the annotation (.gtf) file
2020-08-27 21:43:58,809 - DEBUG - Marking up chromosome KI270711.1
2020-08-27 21:43:58,809 - WARNING - The .bam file refers to a chromosome 'KI270711.1+' not present in the annotation (.gtf) file
2020-08-27 21:43:58,878 - DEBUG - Marking up chromosome KI270745.1
2020-08-27 21:43:58,878 - WARNING - The .bam file refers to a chromosome 'KI270745.1+' not present in the annotation (.gtf) file
2020-08-27 21:43:58,878 - WARNING - The .bam file refers to a chromosome 'KI270745.1-' not present in the annotation (.gtf) file
2020-08-27 21:43:58,951 - DEBUG - Marking up chromosome KI270714.1
2020-08-27 21:43:58,951 - WARNING - The .bam file refers to a chromosome 'KI270714.1+' not present in the annotation (.gtf) file
2020-08-27 21:43:58,952 - WARNING - The .bam file refers to a chromosome 'KI270714.1-' not present in the annotation (.gtf) file
2020-08-27 21:43:58,962 - DEBUG - Marking up chromosome KI270732.1
2020-08-27 21:43:58,963 - WARNING - The .bam file refers to a chromosome 'KI270732.1+' not present in the annotation (.gtf) file
2020-08-27 21:43:58,963 - WARNING - The .bam file refers to a chromosome 'KI270732.1-' not present in the annotation (.gtf) file
2020-08-27 21:43:58,964 - DEBUG - Marking up chromosome KI270713.1
2020-08-27 21:43:58,967 - DEBUG - Marking up chromosome KI270717.1
2020-08-27 21:43:58,967 - WARNING - The .bam file refers to a chromosome 'KI270717.1+' not present in the annotation (.gtf) file
2020-08-27 21:43:58,967 - WARNING - The .bam file refers to a chromosome 'KI270717.1-' not present in the annotation (.gtf) file
2020-08-27 21:43:58,981 - DEBUG - Marking up chromosome KI270724.1
2020-08-27 21:43:58,981 - WARNING - The .bam file refers to a chromosome 'KI270724.1+' not present in the annotation (.gtf) file
2020-08-27 21:43:58,981 - WARNING - The .bam file refers to a chromosome 'KI270724.1-' not present in the annotation (.gtf) file
2020-08-27 21:43:58,985 - DEBUG - Marking up chromosome KI270720.1
2020-08-27 21:43:58,985 - WARNING - The .bam file refers to a chromosome 'KI270720.1+' not present in the annotation (.gtf) file
2020-08-27 21:43:58,985 - WARNING - The .bam file refers to a chromosome 'KI270720.1-' not present in the annotation (.gtf) file
2020-08-27 21:43:58,989 - DEBUG - Marking up chromosome KI270723.1
2020-08-27 21:43:58,990 - WARNING - The .bam file refers to a chromosome 'KI270723.1+' not present in the annotation (.gtf) file
2020-08-27 21:43:58,990 - WARNING - The .bam file refers to a chromosome 'KI270723.1-' not present in the annotation (.gtf) file
2020-08-27 21:43:59,025 - DEBUG - Marking up chromosome KI270718.1
2020-08-27 21:43:59,025 - WARNING - The .bam file refers to a chromosome 'KI270718.1+' not present in the annotation (.gtf) file
2020-08-27 21:43:59,025 - WARNING - The .bam file refers to a chromosome 'KI270718.1-' not present in the annotation (.gtf) file
2020-08-27 21:43:59,074 - DEBUG - Marking up chromosome KI270755.1
2020-08-27 21:43:59,074 - WARNING - The .bam file refers to a chromosome 'KI270755.1+' not present in the annotation (.gtf) file
2020-08-27 21:43:59,074 - WARNING - The .bam file refers to a chromosome 'KI270755.1-' not present in the annotation (.gtf) file
2020-08-27 21:43:59,075 - DEBUG - Marking up chromosome KI270707.1
2020-08-27 21:43:59,075 - WARNING - The .bam file refers to a chromosome 'KI270707.1+' not present in the annotation (.gtf) file
2020-08-27 21:43:59,075 - WARNING - The .bam file refers to a chromosome 'KI270707.1-' not present in the annotation (.gtf) file
2020-08-27 21:43:59,094 - DEBUG - Marking up chromosome KI270579.1
2020-08-27 21:43:59,094 - WARNING - The .bam file refers to a chromosome 'KI270579.1+' not present in the annotation (.gtf) file
2020-08-27 21:43:59,094 - WARNING - The .bam file refers to a chromosome 'KI270579.1-' not present in the annotation (.gtf) file
2020-08-27 21:43:59,094 - DEBUG - Marking up chromosome KI270512.1
2020-08-27 21:43:59,094 - WARNING - The .bam file refers to a chromosome 'KI270512.1+' not present in the annotation (.gtf) file
2020-08-27 21:43:59,094 - WARNING - The .bam file refers to a chromosome 'KI270512.1-' not present in the annotation (.gtf) file
2020-08-27 21:43:59,094 - DEBUG - Marking up chromosome KI270322.1
2020-08-27 21:43:59,094 - WARNING - The .bam file refers to a chromosome 'KI270322.1+' not present in the annotation (.gtf) file
2020-08-27 21:43:59,094 - WARNING - The .bam file refers to a chromosome 'KI270322.1-' not present in the annotation (.gtf) file
2020-08-27 21:43:59,095 - DEBUG - Marking up chromosome KI270591.1
2020-08-27 21:43:59,095 - WARNING - The .bam file refers to a chromosome 'KI270591.1+' not present in the annotation (.gtf) file
2020-08-27 21:43:59,095 - WARNING - The .bam file refers to a chromosome 'KI270591.1-' not present in the annotation (.gtf) file
2020-08-27 21:43:59,095 - DEBUG - Marking up chromosome KI270522.1
2020-08-27 21:43:59,095 - WARNING - The .bam file refers to a chromosome 'KI270522.1+' not present in the annotation (.gtf) file
2020-08-27 21:43:59,095 - WARNING - The .bam file refers to a chromosome 'KI270522.1-' not present in the annotation (.gtf) file
2020-08-27 21:43:59,096 - DEBUG - Marking up chromosome KI270590.1
2020-08-27 21:43:59,096 - WARNING - The .bam file refers to a chromosome 'KI270590.1+' not present in the annotation (.gtf) file
2020-08-27 21:43:59,096 - WARNING - The .bam file refers to a chromosome 'KI270590.1-' not present in the annotation (.gtf) file
2020-08-27 21:43:59,096 - DEBUG - Marking up chromosome KI270584.1
2020-08-27 21:43:59,096 - WARNING - The .bam file refers to a chromosome 'KI270584.1+' not present in the annotation (.gtf) file
2020-08-27 21:43:59,096 - WARNING - The .bam file refers to a chromosome 'KI270584.1-' not present in the annotation (.gtf) file
2020-08-27 21:43:59,098 - DEBUG - Marking up chromosome KI270467.1
2020-08-27 21:43:59,098 - WARNING - The .bam file refers to a chromosome 'KI270467.1+' not present in the annotation (.gtf) file
2020-08-27 21:43:59,098 - WARNING - The .bam file refers to a chromosome 'KI270467.1-' not present in the annotation (.gtf) file
2020-08-27 21:43:59,099 - DEBUG - Marking up chromosome KI270593.1
2020-08-27 21:43:59,099 - WARNING - The .bam file refers to a chromosome 'KI270593.1+' not present in the annotation (.gtf) file
2020-08-27 21:43:59,099 - WARNING - The .bam file refers to a chromosome 'KI270593.1-' not present in the annotation (.gtf) file
2020-08-27 21:43:59,102 - DEBUG - Marking up chromosome KI270509.1
2020-08-27 21:43:59,102 - WARNING - The .bam file refers to a chromosome 'KI270509.1+' not present in the annotation (.gtf) file
2020-08-27 21:43:59,102 - WARNING - The .bam file refers to a chromosome 'KI270509.1-' not present in the annotation (.gtf) file
2020-08-27 21:43:59,102 - DEBUG - Marking up chromosome KI270508.1
2020-08-27 21:43:59,102 - WARNING - The .bam file refers to a chromosome 'KI270508.1+' not present in the annotation (.gtf) file
2020-08-27 21:43:59,102 - WARNING - The .bam file refers to a chromosome 'KI270508.1-' not present in the annotation (.gtf) file
2020-08-27 21:43:59,102 - DEBUG - Marking up chromosome KI270363.1
2020-08-27 21:43:59,103 - WARNING - The .bam file refers to a chromosome 'KI270363.1+' not present in the annotation (.gtf) file
2020-08-27 21:43:59,103 - WARNING - The .bam file refers to a chromosome 'KI270363.1-' not present in the annotation (.gtf) file
2020-08-27 21:43:59,103 - DEBUG - Marking up chromosome KI270330.1
2020-08-27 21:43:59,103 - WARNING - The .bam file refers to a chromosome 'KI270330.1+' not present in the annotation (.gtf) file
2020-08-27 21:43:59,103 - WARNING - The .bam file refers to a chromosome 'KI270330.1-' not present in the annotation (.gtf) file
2020-08-27 21:43:59,110 - DEBUG - Marking up chromosome KI270583.1
2020-08-27 21:43:59,110 - WARNING - The .bam file refers to a chromosome 'KI270583.1+' not present in the annotation (.gtf) file
2020-08-27 21:43:59,110 - WARNING - The .bam file refers to a chromosome 'KI270583.1-' not present in the annotation (.gtf) file
2020-08-27 21:44:17,370 - DEBUG - Read first 860 million reads
2020-08-27 21:44:37,466 - DEBUG - Read first 870 million reads
2020-08-27 21:44:57,584 - DEBUG - Read first 880 million reads
2020-08-27 21:45:17,731 - DEBUG - Read first 890 million reads
2020-08-27 21:45:37,852 - DEBUG - Read first 900 million reads
2020-08-27 21:45:58,135 - DEBUG - Read first 910 million reads
2020-08-27 21:46:01,619 - DEBUG - End of file. Reset index: start scanning from initial position.
2020-08-27 21:46:01,619 - DEBUG - 6315398 reads were skipped because no apropiate cell or umi barcode was found
2020-08-27 21:46:01,619 - DEBUG - Start molecule counting!
2020-08-27 21:46:05,747 - DEBUG - Features available for chromosomes : ['1-', '1+', '10-', '10+', '11-', '11+', '12-', '12+', '13-', '13+', '14-', '14+', '15-', '15+', '16-', '16+', '17-', '17+', '18-', '18+', '19-', '19+', '2-', '2+', '20-', '20+', '21-', '21+', '22-', '22+', '3-', '3+', '4-', '4+', '5-', '5+', '6-', '6+', '7-', '7+', '8-', '8+', '9-', '9+', 'GL000009.2-', 'GL000194.1-', 'GL000195.1-', 'GL000195.1+', 'GL000205.2-', 'GL000213.1-', 'GL000218.1-', 'GL000219.1-', 'KI270711.1-', 'KI270713.1-', 'KI270713.1+', 'KI270721.1+', 'KI270726.1+', 'KI270727.1-', 'KI270727.1+', 'KI270728.1-', 'KI270728.1+', 'KI270731.1-', 'KI270734.1-', 'KI270734.1+', 'MT-', 'MT+', 'X-', 'X+', 'Y-', 'Y+']
2020-08-27 21:46:05,747 - DEBUG - Mask available for chromosomes : []
2020-08-27 21:46:05,747 - DEBUG - Summarizing the results of intron validation.
2020-08-27 21:46:06,500 - DEBUG - Validated 395337 introns (of which unique intervals 122662) out of 996444 total possible introns (considering each possible transcript models).
2020-08-27 21:46:06,501 - DEBUG - Reading /net/isi-dcnl/ifs/user_data/abild/jichen/Projects/Breast/scRNA/Data/Megatron_data/COH073/FEL044046.mRNA/FEL044_count03/cell_ranger/FEL044_M/outs/cellsorted_possorted_genome_bam.bam
2020-08-27 21:46:06,539 - DEBUG - Read first 0 million reads
2020-08-27 21:46:35,964 - DEBUG - Read first 10 million reads
2020-08-27 21:46:57,127 - DEBUG - Read first 20 million reads
2020-08-27 21:47:17,654 - DEBUG - Read first 30 million reads
2020-08-27 21:47:38,201 - DEBUG - Read first 40 million reads
2020-08-27 21:48:03,541 - DEBUG - Read first 50 million reads
2020-08-27 21:48:23,910 - DEBUG - Read first 60 million reads
2020-08-27 21:48:44,287 - DEBUG - Read first 70 million reads
2020-08-27 21:49:04,660 - DEBUG - Read first 80 million reads
2020-08-27 21:49:34,442 - DEBUG - Read first 90 million reads
2020-08-27 21:50:05,260 - DEBUG - Counting for batch 1, containing 100 cells and 834513 reads
2020-08-27 21:50:38,546 - DEBUG - 0 reads not considered because fully enclosed in repeat masked regions
2020-08-27 21:50:49,776 - DEBUG - Read first 100 million reads
2020-08-27 21:51:27,491 - DEBUG - Read first 110 million reads
2020-08-27 21:51:39,082 - DEBUG - Counting for batch 2, containing 100 cells and 830875 reads
2020-08-27 21:52:15,070 - DEBUG - 0 reads not considered because fully enclosed in repeat masked regions
2020-08-27 21:52:42,944 - DEBUG - Read first 120 million reads
2020-08-27 21:53:14,412 - DEBUG - Counting for batch 3, containing 100 cells and 960293 reads
2020-08-27 21:53:54,931 - DEBUG - 0 reads not considered because fully enclosed in repeat masked regions
2020-08-27 21:54:04,966 - DEBUG - Read first 130 million reads
2020-08-27 21:54:39,502 - DEBUG - Read first 140 million reads
2020-08-27 21:54:50,241 - DEBUG - Counting for batch 4, containing 100 cells and 853805 reads
2020-08-27 21:55:27,057 - DEBUG - 0 reads not considered because fully enclosed in repeat masked regions
2020-08-27 21:55:57,399 - DEBUG - Read first 150 million reads
2020-08-27 21:56:21,404 - DEBUG - Counting for batch 5, containing 100 cells and 800553 reads
2020-08-27 21:56:54,379 - DEBUG - 0 reads not considered because fully enclosed in repeat masked regions
2020-08-27 21:57:11,301 - DEBUG - Read first 160 million reads
2020-08-27 21:57:47,273 - DEBUG - Read first 170 million reads
2020-08-27 21:57:51,045 - DEBUG - Counting for batch 6, containing 100 cells and 772086 reads
2020-08-27 21:58:22,315 - DEBUG - 0 reads not considered because fully enclosed in repeat masked regions
2020-08-27 21:58:58,819 - DEBUG - Read first 180 million reads
2020-08-27 21:59:21,686 - DEBUG - Counting for batch 7, containing 100 cells and 805313 reads
2020-08-27 21:59:56,448 - DEBUG - 0 reads not considered because fully enclosed in repeat masked regions
2020-08-27 22:00:15,169 - DEBUG - Read first 190 million reads
2020-08-27 22:00:49,713 - DEBUG - Read first 200 million reads
2020-08-27 22:01:01,511 - DEBUG - Counting for batch 8, containing 100 cells and 813410 reads
2020-08-27 22:01:34,307 - DEBUG - 0 reads not considered because fully enclosed in repeat masked regions
2020-08-27 22:02:03,971 - DEBUG - Read first 210 million reads
2020-08-27 22:02:39,414 - DEBUG - Read first 220 million reads
2020-08-27 22:02:51,008 - DEBUG - Counting for batch 9, containing 100 cells and 797376 reads
2020-08-27 22:03:23,025 - DEBUG - 0 reads not considered because fully enclosed in repeat masked regions
2020-08-27 22:03:51,520 - DEBUG - Read first 230 million reads
2020-08-27 22:04:21,597 - DEBUG - Counting for batch 10, containing 100 cells and 729781 reads
2020-08-27 22:04:51,724 - DEBUG - 0 reads not considered because fully enclosed in repeat masked regions
2020-08-27 22:05:04,060 - DEBUG - Read first 240 million reads
2020-08-27 22:05:41,235 - DEBUG - Read first 250 million reads
2020-08-27 22:05:45,945 - DEBUG - Counting for batch 11, containing 100 cells and 995514 reads
2020-08-27 22:06:27,727 - DEBUG - 0 reads not considered because fully enclosed in repeat masked regions
2020-08-27 22:07:04,960 - DEBUG - Read first 260 million reads
2020-08-27 22:07:34,496 - DEBUG - Counting for batch 12, containing 100 cells and 821743 reads
2020-08-27 22:08:07,613 - DEBUG - 0 reads not considered because fully enclosed in repeat masked regions
2020-08-27 22:08:19,158 - DEBUG - Read first 270 million reads
2020-08-27 22:08:55,822 - DEBUG - Read first 280 million reads
2020-08-27 22:09:02,244 - DEBUG - Counting for batch 13, containing 100 cells and 952906 reads
2020-08-27 22:09:40,219 - DEBUG - 0 reads not considered because fully enclosed in repeat masked regions
2020-08-27 22:10:18,347 - DEBUG - Read first 290 million reads
2020-08-27 22:10:36,864 - DEBUG - Counting for batch 14, containing 100 cells and 799560 reads
2020-08-27 22:11:11,197 - DEBUG - 0 reads not considered because fully enclosed in repeat masked regions
2020-08-27 22:11:34,155 - DEBUG - Read first 300 million reads
2020-08-27 22:12:07,978 - DEBUG - Counting for batch 15, containing 100 cells and 1058956 reads
2020-08-27 22:12:47,799 - DEBUG - 0 reads not considered because fully enclosed in repeat masked regions
2020-08-27 22:12:59,467 - DEBUG - Read first 310 million reads
2020-08-27 22:13:35,441 - DEBUG - Read first 320 million reads
2020-08-27 22:14:01,637 - DEBUG - Counting for batch 16, containing 100 cells and 1179651 reads
2020-08-27 22:14:48,116 - DEBUG - 0 reads not considered because fully enclosed in repeat masked regions
2020-08-27 22:15:07,911 - DEBUG - Read first 330 million reads
2020-08-27 22:15:44,497 - DEBUG - Read first 340 million reads
2020-08-27 22:15:45,107 - DEBUG - Counting for batch 17, containing 100 cells and 783989 reads
2020-08-27 22:16:16,821 - DEBUG - 0 reads not considered because fully enclosed in repeat masked regions
2020-08-27 22:16:57,835 - DEBUG - Read first 350 million reads
2020-08-27 22:17:11,815 - DEBUG - Counting for batch 18, containing 100 cells and 835571 reads
2020-08-27 22:17:45,095 - DEBUG - 0 reads not considered because fully enclosed in repeat masked regions
2020-08-27 22:18:15,089 - DEBUG - Read first 360 million reads
2020-08-27 22:18:32,351 - DEBUG - Counting for batch 19, containing 100 cells and 996959 reads
2020-08-27 22:19:13,266 - DEBUG - 0 reads not considered because fully enclosed in repeat masked regions
2020-08-27 22:19:40,412 - DEBUG - Read first 370 million reads
2020-08-27 22:20:13,730 - DEBUG - Counting for batch 20, containing 100 cells and 828646 reads
2020-08-27 22:20:46,710 - DEBUG - 0 reads not considered because fully enclosed in repeat masked regions
2020-08-27 22:20:55,064 - DEBUG - Read first 380 million reads
2020-08-27 22:21:33,547 - DEBUG - Read first 390 million reads
2020-08-27 22:21:34,368 - DEBUG - Counting for batch 21, containing 100 cells and 951361 reads
2020-08-27 22:22:14,185 - DEBUG - 0 reads not considered because fully enclosed in repeat masked regions
2020-08-27 22:22:54,687 - DEBUG - Read first 400 million reads
2020-08-27 22:23:20,422 - DEBUG - Counting for batch 22, containing 100 cells and 780855 reads
2020-08-27 22:23:52,273 - DEBUG - 0 reads not considered because fully enclosed in repeat masked regions
2020-08-27 22:24:07,513 - DEBUG - Read first 410 million reads
2020-08-27 22:24:43,709 - DEBUG - Read first 420 million reads
2020-08-27 22:25:10,402 - DEBUG - Counting for batch 23, containing 100 cells and 922610 reads
2020-08-27 22:25:48,966 - DEBUG - 0 reads not considered because fully enclosed in repeat masked regions
2020-08-27 22:26:03,195 - DEBUG - Read first 430 million reads
2020-08-27 22:26:37,019 - DEBUG - Counting for batch 24, containing 100 cells and 974763 reads
2020-08-27 22:27:17,223 - DEBUG - 0 reads not considered because fully enclosed in repeat masked regions
2020-08-27 22:27:26,971 - DEBUG - Read first 440 million reads
2020-08-27 22:28:04,390 - DEBUG - Read first 450 million reads
2020-08-27 22:28:11,699 - DEBUG - Counting for batch 25, containing 100 cells and 1020813 reads
2020-08-27 22:28:51,314 - DEBUG - 0 reads not considered because fully enclosed in repeat masked regions
2020-08-27 22:29:31,723 - DEBUG - Read first 460 million reads
2020-08-27 22:29:41,880 - DEBUG - Counting for batch 26, containing 100 cells and 930051 reads
2020-08-27 22:30:21,233 - DEBUG - 0 reads not considered because fully enclosed in repeat masked regions
2020-08-27 22:30:52,957 - DEBUG - Read first 470 million reads
2020-08-27 22:31:27,679 - DEBUG - Counting for batch 27, containing 100 cells and 983298 reads
2020-08-27 22:32:08,754 - DEBUG - 0 reads not considered because fully enclosed in repeat masked regions
2020-08-27 22:32:16,936 - DEBUG - Read first 480 million reads
2020-08-27 22:32:52,054 - DEBUG - Read first 490 million reads
2020-08-27 22:32:59,915 - DEBUG - Counting for batch 28, containing 100 cells and 790814 reads
2020-08-27 22:33:34,288 - DEBUG - 0 reads not considered because fully enclosed in repeat masked regions
2020-08-27 22:34:06,443 - DEBUG - Read first 500 million reads
2020-08-27 22:34:40,575 - DEBUG - Counting for batch 29, containing 100 cells and 829161 reads
2020-08-27 22:35:13,685 - DEBUG - 0 reads not considered because fully enclosed in repeat masked regions
2020-08-27 22:35:19,383 - DEBUG - Read first 510 million reads
2020-08-27 22:35:55,846 - DEBUG - Read first 520 million reads
2020-08-27 22:36:28,441 - DEBUG - Counting for batch 30, containing 100 cells and 781654 reads
2020-08-27 22:37:01,761 - DEBUG - 0 reads not considered because fully enclosed in repeat masked regions
2020-08-27 22:37:08,381 - DEBUG - Read first 530 million reads
2020-08-27 22:37:42,300 - DEBUG - Read first 540 million reads
2020-08-27 22:38:10,951 - DEBUG - Counting for batch 31, containing 100 cells and 858765 reads
2020-08-27 22:38:45,447 - DEBUG - 0 reads not considered because fully enclosed in repeat masked regions
2020-08-27 22:38:58,544 - DEBUG - Read first 550 million reads
2020-08-27 22:39:33,066 - DEBUG - Read first 560 million reads
2020-08-27 22:39:54,585 - DEBUG - Counting for batch 32, containing 100 cells and 840252 reads
2020-08-27 22:40:27,996 - DEBUG - 0 reads not considered because fully enclosed in repeat masked regions
2020-08-27 22:40:49,773 - DEBUG - Read first 570 million reads
2020-08-27 22:41:25,605 - DEBUG - Read first 580 million reads
2020-08-27 22:41:46,259 - DEBUG - Counting for batch 33, containing 100 cells and 850650 reads
2020-08-27 22:42:20,821 - DEBUG - 0 reads not considered because fully enclosed in repeat masked regions
2020-08-27 22:42:42,532 - DEBUG - Read first 590 million reads
2020-08-27 22:43:18,528 - DEBUG - Read first 600 million reads
2020-08-27 22:43:34,582 - DEBUG - Counting for batch 34, containing 100 cells and 872100 reads
2020-08-27 22:44:11,616 - DEBUG - 0 reads not considered because fully enclosed in repeat masked regions
2020-08-27 22:44:36,020 - DEBUG - Read first 610 million reads
2020-08-27 22:45:11,725 - DEBUG - Read first 620 million reads
2020-08-27 22:45:27,859 - DEBUG - Counting for batch 35, containing 100 cells and 1064202 reads
2020-08-27 22:46:08,169 - DEBUG - 0 reads not considered because fully enclosed in repeat masked regions
2020-08-27 22:46:35,690 - DEBUG - Read first 630 million reads
2020-08-27 22:47:12,812 - DEBUG - Read first 640 million reads
2020-08-27 22:47:26,629 - DEBUG - Counting for batch 36, containing 100 cells and 946809 reads
2020-08-27 22:48:06,319 - DEBUG - 0 reads not considered because fully enclosed in repeat masked regions
2020-08-27 22:48:34,545 - DEBUG - Read first 650 million reads
2020-08-27 22:49:10,001 - DEBUG - Read first 660 million reads
2020-08-27 22:49:27,174 - DEBUG - Counting for batch 37, containing 100 cells and 976467 reads
2020-08-27 22:50:06,936 - DEBUG - 0 reads not considered because fully enclosed in repeat masked regions
2020-08-27 22:50:30,710 - DEBUG - Read first 670 million reads
2020-08-27 22:51:06,445 - DEBUG - Read first 680 million reads
2020-08-27 22:51:12,762 - DEBUG - Counting for batch 38, containing 100 cells and 813474 reads
2020-08-27 22:51:47,701 - DEBUG - 0 reads not considered because fully enclosed in repeat masked regions
2020-08-27 22:52:22,175 - DEBUG - Read first 690 million reads
2020-08-27 22:52:44,616 - DEBUG - Counting for batch 39, containing 100 cells and 756205 reads
2020-08-27 22:53:17,530 - DEBUG - 0 reads not considered because fully enclosed in repeat masked regions
2020-08-27 22:53:34,667 - DEBUG - Read first 700 million reads
2020-08-27 22:54:07,976 - DEBUG - Counting for batch 40, containing 100 cells and 872259 reads
2020-08-27 22:54:45,127 - DEBUG - 0 reads not considered because fully enclosed in repeat masked regions
2020-08-27 22:54:54,017 - DEBUG - Read first 710 million reads
2020-08-27 22:55:29,570 - DEBUG - Read first 720 million reads
2020-08-27 22:55:50,441 - DEBUG - Counting for batch 41, containing 100 cells and 920213 reads
2020-08-27 22:56:26,362 - DEBUG - 0 reads not considered because fully enclosed in repeat masked regions
2020-08-27 22:56:48,571 - DEBUG - Read first 730 million reads
2020-08-27 22:57:18,154 - DEBUG - Counting for batch 42, containing 100 cells and 813610 reads
2020-08-27 22:57:50,971 - DEBUG - 0 reads not considered because fully enclosed in repeat masked regions
2020-08-27 22:58:03,579 - DEBUG - Read first 740 million reads
2020-08-27 22:58:40,251 - DEBUG - Counting for batch 43, containing 100 cells and 786962 reads
2020-08-27 22:59:12,083 - DEBUG - 0 reads not considered because fully enclosed in repeat masked regions
2020-08-27 22:59:18,637 - DEBUG - Read first 750 million reads
2020-08-27 22:59:55,519 - DEBUG - Read first 760 million reads
2020-08-27 23:00:09,422 - DEBUG - Counting for batch 44, containing 100 cells and 885387 reads
2020-08-27 23:00:46,539 - DEBUG - 0 reads not considered because fully enclosed in repeat masked regions
2020-08-27 23:01:12,891 - DEBUG - Read first 770 million reads
2020-08-27 23:01:44,016 - DEBUG - Counting for batch 45, containing 100 cells and 742626 reads
2020-08-27 23:02:16,561 - DEBUG - 0 reads not considered because fully enclosed in repeat masked regions
2020-08-27 23:02:23,783 - DEBUG - Read first 780 million reads
2020-08-27 23:02:58,187 - DEBUG - Read first 790 million reads
2020-08-27 23:03:20,335 - DEBUG - Counting for batch 46, containing 100 cells and 798297 reads
2020-08-27 23:03:55,037 - DEBUG - 0 reads not considered because fully enclosed in repeat masked regions
2020-08-27 23:04:13,155 - DEBUG - Read first 800 million reads
2020-08-27 23:04:48,543 - DEBUG - Read first 810 million reads
2020-08-27 23:05:08,286 - DEBUG - Counting for batch 47, containing 100 cells and 976593 reads
2020-08-27 23:05:46,738 - DEBUG - 0 reads not considered because fully enclosed in repeat masked regions
2020-08-27 23:06:10,763 - DEBUG - Read first 820 million reads
2020-08-27 23:06:45,986 - DEBUG - Read first 830 million reads
2020-08-27 23:07:03,561 - DEBUG - Counting for batch 48, containing 100 cells and 796510 reads
2020-08-27 23:07:38,154 - DEBUG - 0 reads not considered because fully enclosed in repeat masked regions
2020-08-27 23:08:00,388 - DEBUG - Read first 840 million reads
2020-08-27 23:08:34,704 - DEBUG - Read first 850 million reads
2020-08-27 23:08:55,733 - DEBUG - Counting for batch 49, containing 100 cells and 848550 reads
2020-08-27 23:09:29,524 - DEBUG - 0 reads not considered because fully enclosed in repeat masked regions
2020-08-27 23:09:50,208 - DEBUG - Read first 860 million reads
2020-08-27 23:10:25,248 - DEBUG - Counting for batch 50, containing 100 cells and 777545 reads
2020-08-27 23:10:58,827 - DEBUG - 0 reads not considered because fully enclosed in repeat masked regions
2020-08-27 23:11:04,937 - DEBUG - Read first 870 million reads
2020-08-27 23:11:39,090 - DEBUG - Read first 880 million reads
2020-08-27 23:11:47,466 - DEBUG - Counting for batch 51, containing 100 cells and 754507 reads
2020-08-27 23:12:20,341 - DEBUG - 0 reads not considered because fully enclosed in repeat masked regions
2020-08-27 23:12:50,655 - DEBUG - Read first 890 million reads
2020-08-27 23:13:25,685 - DEBUG - Read first 900 million reads
2020-08-27 23:13:31,298 - DEBUG - Counting for batch 52, containing 100 cells and 875268 reads
2020-08-27 23:14:09,050 - DEBUG - 0 reads not considered because fully enclosed in repeat masked regions
2020-08-27 23:14:43,401 - DEBUG - Read first 910 million reads
2020-08-27 23:14:49,244 - DEBUG - Counting for batch 53, containing 66 cells and 459245 reads
2020-08-27 23:15:08,036 - DEBUG - 0 reads not considered because fully enclosed in repeat masked regions
2020-08-27 23:15:11,055 - DEBUG - 6315398 reads were skipped because no apropiate cell or umi barcode was found
2020-08-27 23:15:11,055 - DEBUG - Counting done!
2020-08-27 23:15:11,080 - DEBUG - Generating output file /net/isi-dcnl/ifs/user_data/abild/jichen/Projects/Breast/scRNA/Data/Megatron_data/COH073/FEL044046.mRNA/FEL044_count03/cell_ranger/FEL044_M/velocyto/FEL044_M.loom
2020-08-27 23:15:11,080 - DEBUG - Collecting row attributes
2020-08-27 23:15:11,178 - DEBUG - Generating data table
2020-08-27 23:15:13,576 - DEBUG - Writing loom file
2020-08-27 23:15:23,559 - DEBUG - Terminated Succesfully!
Start: 1598586408
End: 1598595326
Run time: 8918
Done
