CPU: 16
N: 67
Step1: Analyze spliced and unspliced reads and genrate a loom file for velocityR
Run velocyto to generate loom file
2020-08-27 19:48:21,235 - DEBUG - Using logic: Default
2020-08-27 19:48:21,254 - INFO - Read 4299 cell barcodes from /net/isi-dcnl/ifs/user_data/abild/Megatron_data/COH057/feline_p29_40_mRNA/cell_ranger/FEL034_S/outs/filtered_feature_bc_matrix/barcodes.tsv.gz
2020-08-27 19:48:21,254 - DEBUG - Example of barcode: AAACCCAGTCCGCAGT and cell_id: FEL034_S:AAACCCAGTCCGCAGT-1
2020-08-27 19:48:21,265 - DEBUG - Peeking into /net/isi-dcnl/ifs/user_data/abild/Megatron_data/COH057/feline_p29_40_mRNA/cell_ranger/FEL034_S/outs/possorted_genome_bam.bam
2020-08-27 19:48:21,381 - WARNING - Not found cell and umi barcode in entry 2 of the bam file
2020-08-27 19:48:21,381 - WARNING - Not found cell and umi barcode in entry 3 of the bam file
2020-08-27 19:48:21,381 - WARNING - Not found cell and umi barcode in entry 4 of the bam file
2020-08-27 19:48:21,381 - WARNING - Not found cell and umi barcode in entry 17 of the bam file
2020-08-27 19:48:21,381 - WARNING - Not found cell and umi barcode in entry 63 of the bam file
2020-08-27 19:48:21,391 - WARNING - Not found cell and umi barcode in entry 309 of the bam file
2020-08-27 19:48:21,392 - WARNING - Not found cell and umi barcode in entry 507 of the bam file
2020-08-27 19:48:21,392 - WARNING - Not found cell and umi barcode in entry 533 of the bam file
2020-08-27 19:48:21,393 - WARNING - Not found cell and umi barcode in entry 592 of the bam file
2020-08-27 19:48:21,394 - WARNING - Not found cell and umi barcode in entry 688 of the bam file
2020-08-27 19:48:21,395 - WARNING - Not found cell and umi barcode in entry 834 of the bam file
2020-08-27 19:48:21,395 - WARNING - Not found cell and umi barcode in entry 925 of the bam file
2020-08-27 19:48:21,395 - WARNING - Not found cell and umi barcode in entry 994 of the bam file
2020-08-27 19:48:21,396 - WARNING - Not found cell and umi barcode in entry 1000 of the bam file
2020-08-27 19:48:21,400 - WARNING - The file /net/isi-dcnl/ifs/user_data/abild/Megatron_data/COH057/feline_p29_40_mRNA/cell_ranger/FEL034_S/outs/cellsorted_possorted_genome_bam.bam already exists. The sorting step will be skipped and the existing file will be used.
2020-08-27 19:48:21,401 - INFO - Load the annotation from /net/isi-dcnl/ifs/user_data/abild/Genomes/refdata-cellranger-GRCh38-3.0.0/genes/genes.gtf
2020-08-27 19:48:29,282 - DEBUG - Parsing Chromosome 1 strand - [line 0]
2020-08-27 19:48:29,904 - DEBUG - Done with 1- [line 108728]
2020-08-27 19:48:29,904 - DEBUG - Assigning indexes to genes
2020-08-27 19:48:29,914 - DEBUG - Seen 1561 genes until now
2020-08-27 19:48:29,914 - DEBUG - Parsing Chromosome 1 strand + [line 108729]
2020-08-27 19:48:30,615 - DEBUG - Done with 1+ [line 232515]
2020-08-27 19:48:30,615 - DEBUG - Assigning indexes to genes
2020-08-27 19:48:30,626 - DEBUG - Seen 3154 genes until now
2020-08-27 19:48:30,626 - DEBUG - Parsing Chromosome 10 strand - [line 232516]
2020-08-27 19:48:31,036 - DEBUG - Done with 10- [line 279343]
2020-08-27 19:48:31,036 - DEBUG - Assigning indexes to genes
2020-08-27 19:48:31,039 - DEBUG - Seen 3737 genes until now
2020-08-27 19:48:31,039 - DEBUG - Parsing Chromosome 10 strand + [line 279344]
2020-08-27 19:48:31,223 - DEBUG - Done with 10+ [line 323872]
2020-08-27 19:48:31,223 - DEBUG - Assigning indexes to genes
2020-08-27 19:48:31,226 - DEBUG - Seen 4384 genes until now
2020-08-27 19:48:31,226 - DEBUG - Parsing Chromosome 11 strand - [line 323873]
2020-08-27 19:48:31,788 - DEBUG - Done with 11- [line 402908]
2020-08-27 19:48:31,788 - DEBUG - Assigning indexes to genes
2020-08-27 19:48:31,795 - DEBUG - Seen 5320 genes until now
2020-08-27 19:48:31,795 - DEBUG - Parsing Chromosome 11 strand + [line 402909]
2020-08-27 19:48:32,126 - DEBUG - Done with 11+ [line 482591]
2020-08-27 19:48:32,126 - DEBUG - Assigning indexes to genes
2020-08-27 19:48:32,133 - DEBUG - Seen 6305 genes until now
2020-08-27 19:48:32,133 - DEBUG - Parsing Chromosome 12 strand - [line 482592]
2020-08-27 19:48:32,712 - DEBUG - Done with 12- [line 559278]
2020-08-27 19:48:32,712 - DEBUG - Assigning indexes to genes
2020-08-27 19:48:32,718 - DEBUG - Seen 7177 genes until now
2020-08-27 19:48:32,718 - DEBUG - Parsing Chromosome 12 strand + [line 559279]
2020-08-27 19:48:33,027 - DEBUG - Done with 12+ [line 635173]
2020-08-27 19:48:33,027 - DEBUG - Assigning indexes to genes
2020-08-27 19:48:33,033 - DEBUG - Seen 8070 genes until now
2020-08-27 19:48:33,033 - DEBUG - Parsing Chromosome 13 strand - [line 635174]
2020-08-27 19:48:33,111 - DEBUG - Done with 13- [line 653523]
2020-08-27 19:48:33,111 - DEBUG - Assigning indexes to genes
2020-08-27 19:48:33,112 - DEBUG - Seen 8400 genes until now
2020-08-27 19:48:33,112 - DEBUG - Parsing Chromosome 13 strand + [line 653524]
2020-08-27 19:48:33,480 - DEBUG - Done with 13+ [line 673091]
2020-08-27 19:48:33,480 - DEBUG - Assigning indexes to genes
2020-08-27 19:48:33,482 - DEBUG - Seen 8736 genes until now
2020-08-27 19:48:33,482 - DEBUG - Parsing Chromosome 14 strand - [line 673092]
2020-08-27 19:48:33,662 - DEBUG - Done with 14- [line 716831]
2020-08-27 19:48:33,662 - DEBUG - Assigning indexes to genes
2020-08-27 19:48:33,666 - DEBUG - Seen 9452 genes until now
2020-08-27 19:48:33,666 - DEBUG - Parsing Chromosome 14 strand + [line 716832]
2020-08-27 19:48:33,862 - DEBUG - Done with 14+ [line 764942]
2020-08-27 19:48:33,863 - DEBUG - Assigning indexes to genes
2020-08-27 19:48:33,866 - DEBUG - Seen 10121 genes until now
2020-08-27 19:48:33,866 - DEBUG - Parsing Chromosome 15 strand - [line 764943]
2020-08-27 19:48:34,070 - DEBUG - Done with 15- [line 813803]
2020-08-27 19:48:34,070 - DEBUG - Assigning indexes to genes
2020-08-27 19:48:34,074 - DEBUG - Seen 10698 genes until now
2020-08-27 19:48:34,074 - DEBUG - Parsing Chromosome 15 strand + [line 813804]
2020-08-27 19:48:34,254 - DEBUG - Done with 15+ [line 857859]
2020-08-27 19:48:34,254 - DEBUG - Assigning indexes to genes
2020-08-27 19:48:34,258 - DEBUG - Seen 11256 genes until now
2020-08-27 19:48:34,258 - DEBUG - Parsing Chromosome 16 strand - [line 857860]
2020-08-27 19:48:34,820 - DEBUG - Done with 16- [line 911118]
2020-08-27 19:48:34,820 - DEBUG - Assigning indexes to genes
2020-08-27 19:48:34,825 - DEBUG - Seen 11998 genes until now
2020-08-27 19:48:34,825 - DEBUG - Parsing Chromosome 16 strand + [line 911119]
2020-08-27 19:48:35,112 - DEBUG - Done with 16+ [line 981663]
2020-08-27 19:48:35,112 - DEBUG - Assigning indexes to genes
2020-08-27 19:48:35,118 - DEBUG - Seen 12787 genes until now
2020-08-27 19:48:35,118 - DEBUG - Parsing Chromosome 17 strand - [line 981664]
2020-08-27 19:48:35,468 - DEBUG - Done with 17- [line 1066635]
2020-08-27 19:48:35,468 - DEBUG - Assigning indexes to genes
2020-08-27 19:48:35,475 - DEBUG - Seen 13775 genes until now
2020-08-27 19:48:35,475 - DEBUG - Parsing Chromosome 17 strand + [line 1066636]
2020-08-27 19:48:36,174 - DEBUG - Done with 17+ [line 1143834]
2020-08-27 19:48:36,174 - DEBUG - Assigning indexes to genes
2020-08-27 19:48:36,182 - DEBUG - Seen 14681 genes until now
2020-08-27 19:48:36,182 - DEBUG - Parsing Chromosome 18 strand - [line 1143835]
2020-08-27 19:48:36,285 - DEBUG - Done with 18- [line 1168496]
2020-08-27 19:48:36,285 - DEBUG - Assigning indexes to genes
2020-08-27 19:48:36,287 - DEBUG - Seen 15006 genes until now
2020-08-27 19:48:36,287 - DEBUG - Parsing Chromosome 18 strand + [line 1168497]
2020-08-27 19:48:36,374 - DEBUG - Done with 18+ [line 1189691]
2020-08-27 19:48:36,374 - DEBUG - Assigning indexes to genes
2020-08-27 19:48:36,375 - DEBUG - Seen 15343 genes until now
2020-08-27 19:48:36,375 - DEBUG - Parsing Chromosome 19 strand - [line 1189692]
2020-08-27 19:48:36,693 - DEBUG - Done with 19- [line 1268854]
2020-08-27 19:48:36,693 - DEBUG - Assigning indexes to genes
2020-08-27 19:48:36,700 - DEBUG - Seen 16352 genes until now
2020-08-27 19:48:36,700 - DEBUG - Parsing Chromosome 19 strand + [line 1268855]
2020-08-27 19:48:37,028 - DEBUG - Done with 19+ [line 1351833]
2020-08-27 19:48:37,029 - DEBUG - Assigning indexes to genes
2020-08-27 19:48:37,036 - DEBUG - Seen 17347 genes until now
2020-08-27 19:48:37,036 - DEBUG - Parsing Chromosome 2 strand - [line 1351834]
2020-08-27 19:48:37,444 - DEBUG - Done with 2- [line 1448710]
2020-08-27 19:48:37,444 - DEBUG - Assigning indexes to genes
2020-08-27 19:48:37,452 - DEBUG - Seen 18472 genes until now
2020-08-27 19:48:37,452 - DEBUG - Parsing Chromosome 2 strand + [line 1448711]
2020-08-27 19:48:38,264 - DEBUG - Done with 2+ [line 1542602]
2020-08-27 19:48:38,264 - DEBUG - Assigning indexes to genes
2020-08-27 19:48:38,272 - DEBUG - Seen 19632 genes until now
2020-08-27 19:48:38,272 - DEBUG - Parsing Chromosome 20 strand - [line 1542603]
2020-08-27 19:48:38,381 - DEBUG - Done with 20- [line 1569195]
2020-08-27 19:48:38,382 - DEBUG - Assigning indexes to genes
2020-08-27 19:48:38,384 - DEBUG - Seen 20079 genes until now
2020-08-27 19:48:38,384 - DEBUG - Parsing Chromosome 20 strand + [line 1569196]
2020-08-27 19:48:38,513 - DEBUG - Done with 20+ [line 1600541]
2020-08-27 19:48:38,513 - DEBUG - Assigning indexes to genes
2020-08-27 19:48:38,515 - DEBUG - Seen 20527 genes until now
2020-08-27 19:48:38,515 - DEBUG - Parsing Chromosome 21 strand - [line 1600542]
2020-08-27 19:48:38,572 - DEBUG - Done with 21- [line 1614106]
2020-08-27 19:48:38,572 - DEBUG - Assigning indexes to genes
2020-08-27 19:48:38,574 - DEBUG - Seen 20795 genes until now
2020-08-27 19:48:38,574 - DEBUG - Parsing Chromosome 21 strand + [line 1614107]
2020-08-27 19:48:38,635 - DEBUG - Done with 21+ [line 1628392]
2020-08-27 19:48:38,635 - DEBUG - Assigning indexes to genes
2020-08-27 19:48:38,637 - DEBUG - Seen 21029 genes until now
2020-08-27 19:48:38,637 - DEBUG - Parsing Chromosome 22 strand - [line 1628393]
2020-08-27 19:48:38,742 - DEBUG - Done with 22- [line 1653805]
2020-08-27 19:48:38,742 - DEBUG - Assigning indexes to genes
2020-08-27 19:48:38,744 - DEBUG - Seen 21391 genes until now
2020-08-27 19:48:38,744 - DEBUG - Parsing Chromosome 22 strand + [line 1653806]
2020-08-27 19:48:38,869 - DEBUG - Done with 22+ [line 1684245]
2020-08-27 19:48:38,869 - DEBUG - Assigning indexes to genes
2020-08-27 19:48:38,873 - DEBUG - Seen 21866 genes until now
2020-08-27 19:48:38,873 - DEBUG - Parsing Chromosome 3 strand - [line 1684246]
2020-08-27 19:48:39,204 - DEBUG - Done with 3- [line 1763939]
2020-08-27 19:48:39,204 - DEBUG - Assigning indexes to genes
2020-08-27 19:48:39,210 - DEBUG - Seen 22713 genes until now
2020-08-27 19:48:39,210 - DEBUG - Parsing Chromosome 3 strand + [line 1763940]
2020-08-27 19:48:39,542 - DEBUG - Done with 3+ [line 1844840]
2020-08-27 19:48:39,543 - DEBUG - Assigning indexes to genes
2020-08-27 19:48:39,549 - DEBUG - Seen 23585 genes until now
2020-08-27 19:48:39,549 - DEBUG - Parsing Chromosome 4 strand - [line 1844841]
2020-08-27 19:48:40,266 - DEBUG - Done with 4- [line 1898665]
2020-08-27 19:48:40,266 - DEBUG - Assigning indexes to genes
2020-08-27 19:48:40,270 - DEBUG - Seen 24246 genes until now
2020-08-27 19:48:40,271 - DEBUG - Parsing Chromosome 4 strand + [line 1898666]
2020-08-27 19:48:40,470 - DEBUG - Done with 4+ [line 1947617]
2020-08-27 19:48:40,470 - DEBUG - Assigning indexes to genes
2020-08-27 19:48:40,474 - DEBUG - Seen 24938 genes until now
2020-08-27 19:48:40,474 - DEBUG - Parsing Chromosome 5 strand - [line 1947618]
2020-08-27 19:48:40,696 - DEBUG - Done with 5- [line 2001140]
2020-08-27 19:48:40,696 - DEBUG - Assigning indexes to genes
2020-08-27 19:48:40,701 - DEBUG - Seen 25741 genes until now
2020-08-27 19:48:40,701 - DEBUG - Parsing Chromosome 5 strand + [line 2001141]
2020-08-27 19:48:40,951 - DEBUG - Done with 5+ [line 2062165]
2020-08-27 19:48:40,951 - DEBUG - Assigning indexes to genes
2020-08-27 19:48:40,956 - DEBUG - Seen 26599 genes until now
2020-08-27 19:48:40,956 - DEBUG - Parsing Chromosome 6 strand - [line 2062166]
2020-08-27 19:48:41,201 - DEBUG - Done with 6- [line 2121425]
2020-08-27 19:48:41,202 - DEBUG - Assigning indexes to genes
2020-08-27 19:48:41,206 - DEBUG - Seen 27435 genes until now
2020-08-27 19:48:41,206 - DEBUG - Parsing Chromosome 6 strand + [line 2121426]
2020-08-27 19:48:41,423 - DEBUG - Done with 6+ [line 2176078]
2020-08-27 19:48:41,423 - DEBUG - Assigning indexes to genes
2020-08-27 19:48:41,427 - DEBUG - Seen 28231 genes until now
2020-08-27 19:48:41,427 - DEBUG - Parsing Chromosome 7 strand - [line 2176079]
2020-08-27 19:48:41,665 - DEBUG - Done with 7- [line 2233605]
2020-08-27 19:48:41,665 - DEBUG - Assigning indexes to genes
2020-08-27 19:48:41,670 - DEBUG - Seen 28953 genes until now
2020-08-27 19:48:41,670 - DEBUG - Parsing Chromosome 7 strand + [line 2233606]
2020-08-27 19:48:41,922 - DEBUG - Done with 7+ [line 2295513]
2020-08-27 19:48:41,922 - DEBUG - Assigning indexes to genes
2020-08-27 19:48:41,927 - DEBUG - Seen 29770 genes until now
2020-08-27 19:48:41,927 - DEBUG - Parsing Chromosome 8 strand - [line 2295514]
2020-08-27 19:48:42,122 - DEBUG - Done with 8- [line 2343289]
2020-08-27 19:48:42,122 - DEBUG - Assigning indexes to genes
2020-08-27 19:48:42,126 - DEBUG - Seen 30442 genes until now
2020-08-27 19:48:42,126 - DEBUG - Parsing Chromosome 8 strand + [line 2343290]
2020-08-27 19:48:42,303 - DEBUG - Done with 8+ [line 2386793]
2020-08-27 19:48:42,304 - DEBUG - Assigning indexes to genes
2020-08-27 19:48:42,307 - DEBUG - Seen 31090 genes until now
2020-08-27 19:48:42,307 - DEBUG - Parsing Chromosome 9 strand - [line 2386794]
2020-08-27 19:48:43,107 - DEBUG - Done with 9- [line 2430389]
2020-08-27 19:48:43,107 - DEBUG - Assigning indexes to genes
2020-08-27 19:48:43,111 - DEBUG - Seen 31710 genes until now
2020-08-27 19:48:43,111 - DEBUG - Parsing Chromosome 9 strand + [line 2430390]
2020-08-27 19:48:43,304 - DEBUG - Done with 9+ [line 2477312]
2020-08-27 19:48:43,304 - DEBUG - Assigning indexes to genes
2020-08-27 19:48:43,307 - DEBUG - Seen 32318 genes until now
2020-08-27 19:48:43,307 - DEBUG - Parsing Chromosome GL000009.2 strand - [line 2477313]
2020-08-27 19:48:43,307 - DEBUG - Done with GL000009.2- [line 2477320]
2020-08-27 19:48:43,307 - DEBUG - Assigning indexes to genes
2020-08-27 19:48:43,307 - DEBUG - Seen 32319 genes until now
2020-08-27 19:48:43,307 - DEBUG - Parsing Chromosome GL000194.1 strand - [line 2477321]
2020-08-27 19:48:43,308 - DEBUG - Done with GL000194.1- [line 2477346]
2020-08-27 19:48:43,308 - DEBUG - Assigning indexes to genes
2020-08-27 19:48:43,308 - DEBUG - Seen 32321 genes until now
2020-08-27 19:48:43,308 - DEBUG - Parsing Chromosome GL000195.1 strand - [line 2477347]
2020-08-27 19:48:43,308 - DEBUG - Done with GL000195.1- [line 2477356]
2020-08-27 19:48:43,308 - DEBUG - Assigning indexes to genes
2020-08-27 19:48:43,308 - DEBUG - Seen 32322 genes until now
2020-08-27 19:48:43,308 - DEBUG - Parsing Chromosome GL000195.1 strand + [line 2477357]
2020-08-27 19:48:43,308 - DEBUG - Done with GL000195.1+ [line 2477370]
2020-08-27 19:48:43,308 - DEBUG - Assigning indexes to genes
2020-08-27 19:48:43,308 - DEBUG - Seen 32323 genes until now
2020-08-27 19:48:43,308 - DEBUG - Parsing Chromosome GL000205.2 strand - [line 2477371]
2020-08-27 19:48:43,308 - DEBUG - Done with GL000205.2- [line 2477384]
2020-08-27 19:48:43,308 - DEBUG - Assigning indexes to genes
2020-08-27 19:48:43,308 - DEBUG - Seen 32324 genes until now
2020-08-27 19:48:43,308 - DEBUG - Parsing Chromosome GL000213.1 strand - [line 2477385]
2020-08-27 19:48:43,309 - DEBUG - Done with GL000213.1- [line 2477433]
2020-08-27 19:48:43,309 - DEBUG - Assigning indexes to genes
2020-08-27 19:48:43,309 - DEBUG - Seen 32325 genes until now
2020-08-27 19:48:43,309 - DEBUG - Parsing Chromosome GL000218.1 strand - [line 2477434]
2020-08-27 19:48:43,309 - DEBUG - Done with GL000218.1- [line 2477441]
2020-08-27 19:48:43,309 - DEBUG - Assigning indexes to genes
2020-08-27 19:48:43,309 - DEBUG - Seen 32326 genes until now
2020-08-27 19:48:43,309 - DEBUG - Parsing Chromosome GL000219.1 strand - [line 2477442]
2020-08-27 19:48:43,309 - DEBUG - Done with GL000219.1- [line 2477453]
2020-08-27 19:48:43,309 - DEBUG - Assigning indexes to genes
2020-08-27 19:48:43,309 - DEBUG - Seen 32327 genes until now
2020-08-27 19:48:43,309 - DEBUG - Parsing Chromosome KI270711.1 strand - [line 2477454]
2020-08-27 19:48:43,310 - DEBUG - Done with KI270711.1- [line 2477604]
2020-08-27 19:48:43,310 - DEBUG - Assigning indexes to genes
2020-08-27 19:48:43,310 - DEBUG - Seen 32328 genes until now
2020-08-27 19:48:43,310 - DEBUG - Parsing Chromosome KI270713.1 strand - [line 2477605]
2020-08-27 19:48:43,310 - DEBUG - Done with KI270713.1- [line 2477612]
2020-08-27 19:48:43,310 - DEBUG - Assigning indexes to genes
2020-08-27 19:48:43,310 - DEBUG - Seen 32329 genes until now
2020-08-27 19:48:43,310 - DEBUG - Parsing Chromosome KI270713.1 strand + [line 2477613]
2020-08-27 19:48:43,310 - DEBUG - Done with KI270713.1+ [line 2477618]
2020-08-27 19:48:43,310 - DEBUG - Assigning indexes to genes
2020-08-27 19:48:43,310 - DEBUG - Seen 32330 genes until now
2020-08-27 19:48:43,310 - DEBUG - Parsing Chromosome KI270721.1 strand + [line 2477619]
2020-08-27 19:48:43,310 - DEBUG - Done with KI270721.1+ [line 2477634]
2020-08-27 19:48:43,310 - DEBUG - Assigning indexes to genes
2020-08-27 19:48:43,310 - DEBUG - Seen 32331 genes until now
2020-08-27 19:48:43,310 - DEBUG - Parsing Chromosome KI270726.1 strand + [line 2477635]
2020-08-27 19:48:43,311 - DEBUG - Done with KI270726.1+ [line 2477645]
2020-08-27 19:48:43,311 - DEBUG - Assigning indexes to genes
2020-08-27 19:48:43,311 - DEBUG - Seen 32333 genes until now
2020-08-27 19:48:43,311 - DEBUG - Parsing Chromosome KI270727.1 strand - [line 2477646]
2020-08-27 19:48:43,311 - DEBUG - Done with KI270727.1- [line 2477704]
2020-08-27 19:48:43,311 - DEBUG - Assigning indexes to genes
2020-08-27 19:48:43,311 - DEBUG - Seen 32335 genes until now
2020-08-27 19:48:43,311 - DEBUG - Parsing Chromosome KI270727.1 strand + [line 2477705]
2020-08-27 19:48:43,311 - DEBUG - Done with KI270727.1+ [line 2477719]
2020-08-27 19:48:43,311 - DEBUG - Assigning indexes to genes
2020-08-27 19:48:43,311 - DEBUG - Seen 32337 genes until now
2020-08-27 19:48:43,311 - DEBUG - Parsing Chromosome KI270728.1 strand - [line 2477720]
2020-08-27 19:48:43,312 - DEBUG - Done with KI270728.1- [line 2477796]
2020-08-27 19:48:43,312 - DEBUG - Assigning indexes to genes
2020-08-27 19:48:43,312 - DEBUG - Seen 32339 genes until now
2020-08-27 19:48:43,312 - DEBUG - Parsing Chromosome KI270728.1 strand + [line 2477797]
2020-08-27 19:48:43,312 - DEBUG - Done with KI270728.1+ [line 2477833]
2020-08-27 19:48:43,312 - DEBUG - Assigning indexes to genes
2020-08-27 19:48:43,312 - DEBUG - Seen 32343 genes until now
2020-08-27 19:48:43,312 - DEBUG - Parsing Chromosome KI270731.1 strand - [line 2477834]
2020-08-27 19:48:43,312 - DEBUG - Done with KI270731.1- [line 2477840]
2020-08-27 19:48:43,312 - DEBUG - Assigning indexes to genes
2020-08-27 19:48:43,312 - DEBUG - Seen 32344 genes until now
2020-08-27 19:48:43,312 - DEBUG - Parsing Chromosome KI270734.1 strand - [line 2477841]
2020-08-27 19:48:43,312 - DEBUG - Done with KI270734.1- [line 2477909]
2020-08-27 19:48:43,313 - DEBUG - Assigning indexes to genes
2020-08-27 19:48:43,313 - DEBUG - Seen 32345 genes until now
2020-08-27 19:48:43,313 - DEBUG - Parsing Chromosome KI270734.1 strand + [line 2477910]
2020-08-27 19:48:43,313 - DEBUG - Done with KI270734.1+ [line 2477932]
2020-08-27 19:48:43,313 - DEBUG - Assigning indexes to genes
2020-08-27 19:48:43,313 - DEBUG - Seen 32347 genes until now
2020-08-27 19:48:43,313 - DEBUG - Parsing Chromosome MT strand - [line 2477933]
2020-08-27 19:48:43,313 - DEBUG - Done with MT- [line 2477938]
2020-08-27 19:48:43,313 - DEBUG - Assigning indexes to genes
2020-08-27 19:48:43,313 - DEBUG - Seen 32348 genes until now
2020-08-27 19:48:43,313 - DEBUG - Parsing Chromosome MT strand + [line 2477939]
2020-08-27 19:48:43,313 - DEBUG - Done with MT+ [line 2478004]
2020-08-27 19:48:43,313 - DEBUG - Assigning indexes to genes
2020-08-27 19:48:43,313 - DEBUG - Seen 32360 genes until now
2020-08-27 19:48:43,313 - DEBUG - Parsing Chromosome X strand - [line 2478005]
2020-08-27 19:48:43,478 - DEBUG - Done with X- [line 2518937]
2020-08-27 19:48:43,478 - DEBUG - Assigning indexes to genes
2020-08-27 19:48:43,481 - DEBUG - Seen 32876 genes until now
2020-08-27 19:48:43,481 - DEBUG - Parsing Chromosome X strand + [line 2518938]
2020-08-27 19:48:43,645 - DEBUG - Done with X+ [line 2560301]
2020-08-27 19:48:43,645 - DEBUG - Assigning indexes to genes
2020-08-27 19:48:43,648 - DEBUG - Seen 33438 genes until now
2020-08-27 19:48:43,648 - DEBUG - Parsing Chromosome Y strand - [line 2560302]
2020-08-27 19:48:43,657 - DEBUG - Done with Y- [line 2562446]
2020-08-27 19:48:43,657 - DEBUG - Assigning indexes to genes
2020-08-27 19:48:43,657 - DEBUG - Seen 33485 genes until now
2020-08-27 19:48:43,657 - DEBUG - Parsing Chromosome Y strand + [line 2562447]
2020-08-27 19:48:43,668 - DEBUG - Assigning indexes to genes
2020-08-27 19:48:43,668 - DEBUG - Done with Y+ [line 2565059]
2020-08-27 19:48:43,668 - DEBUG - Fixing corner cases of transcript models containg intron longer than 1000Kbp
2020-08-27 19:48:45,306 - DEBUG - Generated 2165800 features corresponding to 172912 transcript models from /net/isi-dcnl/ifs/user_data/abild/Genomes/refdata-cellranger-GRCh38-3.0.0/genes/genes.gtf
2020-08-27 19:48:45,334 - INFO - Scan /net/isi-dcnl/ifs/user_data/abild/Megatron_data/COH057/feline_p29_40_mRNA/cell_ranger/FEL034_S/outs/possorted_genome_bam.bam to validate intron intervals
2020-08-27 19:48:49,240 - DEBUG - Reading /net/isi-dcnl/ifs/user_data/abild/Megatron_data/COH057/feline_p29_40_mRNA/cell_ranger/FEL034_S/outs/possorted_genome_bam.bam
2020-08-27 19:48:49,254 - DEBUG - Read first 0 million reads
2020-08-27 19:48:49,256 - DEBUG - Marking up chromosome 1
2020-08-27 19:50:00,542 - DEBUG - Marking up chromosome 10
2020-08-27 19:50:29,731 - DEBUG - Read first 10 million reads
2020-08-27 19:50:33,581 - DEBUG - Marking up chromosome 11
2020-08-27 19:52:20,930 - DEBUG - Marking up chromosome 12
2020-08-27 19:52:44,873 - DEBUG - Read first 20 million reads
2020-08-27 19:52:55,625 - DEBUG - Marking up chromosome 13
2020-08-27 19:53:06,118 - DEBUG - Marking up chromosome 14
2020-08-27 19:53:22,494 - DEBUG - Marking up chromosome 15
2020-08-27 19:53:42,811 - DEBUG - Marking up chromosome 16
2020-08-27 19:54:11,827 - DEBUG - Marking up chromosome 17
2020-08-27 19:54:30,665 - DEBUG - Read first 30 million reads
2020-08-27 19:54:38,218 - DEBUG - Marking up chromosome 18
2020-08-27 19:54:48,293 - DEBUG - Marking up chromosome 19
2020-08-27 19:55:17,181 - DEBUG - Marking up chromosome 2
2020-08-27 19:56:09,402 - DEBUG - Marking up chromosome 20
2020-08-27 19:56:16,904 - DEBUG - Read first 40 million reads
2020-08-27 19:56:29,065 - DEBUG - Marking up chromosome 21
2020-08-27 19:56:50,044 - DEBUG - Marking up chromosome 22
2020-08-27 19:57:07,249 - DEBUG - Marking up chromosome 3
2020-08-27 19:57:15,801 - DEBUG - Read first 50 million reads
2020-08-27 19:57:55,059 - DEBUG - Marking up chromosome 4
2020-08-27 19:58:24,024 - DEBUG - Marking up chromosome 5
2020-08-27 19:58:52,925 - DEBUG - Marking up chromosome 6
2020-08-27 19:59:08,149 - DEBUG - Read first 60 million reads
2020-08-27 19:59:30,371 - DEBUG - Marking up chromosome 7
2020-08-27 20:00:10,621 - DEBUG - Marking up chromosome 8
2020-08-27 20:00:45,564 - DEBUG - Marking up chromosome 9
2020-08-27 20:00:54,635 - DEBUG - Read first 70 million reads
2020-08-27 20:01:07,354 - DEBUG - Marking up chromosome MT
2020-08-27 20:01:09,593 - DEBUG - Marking up chromosome X
2020-08-27 20:01:31,067 - DEBUG - Marking up chromosome Y
2020-08-27 20:01:31,137 - DEBUG - Marking up chromosome KI270728.1
2020-08-27 20:01:31,143 - DEBUG - Marking up chromosome KI270727.1
2020-08-27 20:01:31,145 - DEBUG - Marking up chromosome KI270442.1
2020-08-27 20:01:31,145 - WARNING - The .bam file refers to a chromosome 'KI270442.1+' not present in the annotation (.gtf) file
2020-08-27 20:01:31,145 - WARNING - The .bam file refers to a chromosome 'KI270442.1-' not present in the annotation (.gtf) file
2020-08-27 20:01:31,148 - DEBUG - Marking up chromosome KI270729.1
2020-08-27 20:01:31,148 - WARNING - The .bam file refers to a chromosome 'KI270729.1+' not present in the annotation (.gtf) file
2020-08-27 20:01:31,148 - WARNING - The .bam file refers to a chromosome 'KI270729.1-' not present in the annotation (.gtf) file
2020-08-27 20:01:31,150 - DEBUG - Marking up chromosome GL000225.1
2020-08-27 20:01:31,150 - WARNING - The .bam file refers to a chromosome 'GL000225.1+' not present in the annotation (.gtf) file
2020-08-27 20:01:31,150 - WARNING - The .bam file refers to a chromosome 'GL000225.1-' not present in the annotation (.gtf) file
2020-08-27 20:01:31,156 - DEBUG - Marking up chromosome KI270743.1
2020-08-27 20:01:31,156 - WARNING - The .bam file refers to a chromosome 'KI270743.1+' not present in the annotation (.gtf) file
2020-08-27 20:01:31,156 - WARNING - The .bam file refers to a chromosome 'KI270743.1-' not present in the annotation (.gtf) file
2020-08-27 20:01:31,157 - DEBUG - Marking up chromosome GL000008.2
2020-08-27 20:01:31,157 - WARNING - The .bam file refers to a chromosome 'GL000008.2+' not present in the annotation (.gtf) file
2020-08-27 20:01:31,158 - WARNING - The .bam file refers to a chromosome 'GL000008.2-' not present in the annotation (.gtf) file
2020-08-27 20:01:31,160 - DEBUG - Marking up chromosome GL000009.2
2020-08-27 20:01:31,160 - WARNING - The .bam file refers to a chromosome 'GL000009.2+' not present in the annotation (.gtf) file
2020-08-27 20:01:31,162 - DEBUG - Marking up chromosome KI270722.1
2020-08-27 20:01:31,162 - WARNING - The .bam file refers to a chromosome 'KI270722.1+' not present in the annotation (.gtf) file
2020-08-27 20:01:31,163 - WARNING - The .bam file refers to a chromosome 'KI270722.1-' not present in the annotation (.gtf) file
2020-08-27 20:01:31,163 - DEBUG - Marking up chromosome GL000194.1
2020-08-27 20:01:31,163 - WARNING - The .bam file refers to a chromosome 'GL000194.1+' not present in the annotation (.gtf) file
2020-08-27 20:01:31,216 - DEBUG - Marking up chromosome KI270742.1
2020-08-27 20:01:31,216 - WARNING - The .bam file refers to a chromosome 'KI270742.1+' not present in the annotation (.gtf) file
2020-08-27 20:01:31,216 - WARNING - The .bam file refers to a chromosome 'KI270742.1-' not present in the annotation (.gtf) file
2020-08-27 20:01:31,219 - DEBUG - Marking up chromosome GL000205.2
2020-08-27 20:01:31,219 - WARNING - The .bam file refers to a chromosome 'GL000205.2+' not present in the annotation (.gtf) file
2020-08-27 20:01:31,237 - DEBUG - Marking up chromosome GL000195.1
2020-08-27 20:01:31,300 - DEBUG - Marking up chromosome KI270733.1
2020-08-27 20:01:31,300 - WARNING - The .bam file refers to a chromosome 'KI270733.1+' not present in the annotation (.gtf) file
2020-08-27 20:01:31,300 - WARNING - The .bam file refers to a chromosome 'KI270733.1-' not present in the annotation (.gtf) file
2020-08-27 20:01:37,787 - DEBUG - Marking up chromosome GL000224.1
2020-08-27 20:01:37,787 - WARNING - The .bam file refers to a chromosome 'GL000224.1+' not present in the annotation (.gtf) file
2020-08-27 20:01:37,787 - WARNING - The .bam file refers to a chromosome 'GL000224.1-' not present in the annotation (.gtf) file
2020-08-27 20:01:37,793 - DEBUG - Marking up chromosome GL000219.1
2020-08-27 20:01:37,793 - WARNING - The .bam file refers to a chromosome 'GL000219.1+' not present in the annotation (.gtf) file
2020-08-27 20:01:37,816 - DEBUG - Marking up chromosome KI270719.1
2020-08-27 20:01:37,816 - WARNING - The .bam file refers to a chromosome 'KI270719.1+' not present in the annotation (.gtf) file
2020-08-27 20:01:37,816 - WARNING - The .bam file refers to a chromosome 'KI270719.1-' not present in the annotation (.gtf) file
2020-08-27 20:01:37,821 - DEBUG - Marking up chromosome GL000216.2
2020-08-27 20:01:37,821 - WARNING - The .bam file refers to a chromosome 'GL000216.2+' not present in the annotation (.gtf) file
2020-08-27 20:01:37,821 - WARNING - The .bam file refers to a chromosome 'GL000216.2-' not present in the annotation (.gtf) file
2020-08-27 20:01:37,831 - DEBUG - Marking up chromosome KI270712.1
2020-08-27 20:01:37,831 - WARNING - The .bam file refers to a chromosome 'KI270712.1+' not present in the annotation (.gtf) file
2020-08-27 20:01:37,831 - WARNING - The .bam file refers to a chromosome 'KI270712.1-' not present in the annotation (.gtf) file
2020-08-27 20:01:37,834 - DEBUG - Marking up chromosome KI270706.1
2020-08-27 20:01:37,834 - WARNING - The .bam file refers to a chromosome 'KI270706.1+' not present in the annotation (.gtf) file
2020-08-27 20:01:37,834 - WARNING - The .bam file refers to a chromosome 'KI270706.1-' not present in the annotation (.gtf) file
2020-08-27 20:01:37,858 - DEBUG - Marking up chromosome KI270725.1
2020-08-27 20:01:37,858 - WARNING - The .bam file refers to a chromosome 'KI270725.1+' not present in the annotation (.gtf) file
2020-08-27 20:01:37,858 - WARNING - The .bam file refers to a chromosome 'KI270725.1-' not present in the annotation (.gtf) file
2020-08-27 20:01:37,859 - DEBUG - Marking up chromosome KI270744.1
2020-08-27 20:01:37,859 - WARNING - The .bam file refers to a chromosome 'KI270744.1+' not present in the annotation (.gtf) file
2020-08-27 20:01:37,859 - WARNING - The .bam file refers to a chromosome 'KI270744.1-' not present in the annotation (.gtf) file
2020-08-27 20:01:37,865 - DEBUG - Marking up chromosome KI270734.1
2020-08-27 20:01:37,876 - DEBUG - Marking up chromosome GL000213.1
2020-08-27 20:01:37,876 - WARNING - The .bam file refers to a chromosome 'GL000213.1+' not present in the annotation (.gtf) file
2020-08-27 20:01:37,897 - DEBUG - Marking up chromosome GL000220.1
2020-08-27 20:01:37,897 - WARNING - The .bam file refers to a chromosome 'GL000220.1+' not present in the annotation (.gtf) file
2020-08-27 20:01:37,897 - WARNING - The .bam file refers to a chromosome 'GL000220.1-' not present in the annotation (.gtf) file
2020-08-27 20:01:44,117 - DEBUG - Read first 80 million reads
2020-08-27 20:01:44,364 - DEBUG - Marking up chromosome GL000218.1
2020-08-27 20:01:44,364 - WARNING - The .bam file refers to a chromosome 'GL000218.1+' not present in the annotation (.gtf) file
2020-08-27 20:01:44,400 - DEBUG - Marking up chromosome KI270749.1
2020-08-27 20:01:44,400 - WARNING - The .bam file refers to a chromosome 'KI270749.1+' not present in the annotation (.gtf) file
2020-08-27 20:01:44,400 - WARNING - The .bam file refers to a chromosome 'KI270749.1-' not present in the annotation (.gtf) file
2020-08-27 20:01:44,401 - DEBUG - Marking up chromosome KI270741.1
2020-08-27 20:01:44,401 - WARNING - The .bam file refers to a chromosome 'KI270741.1+' not present in the annotation (.gtf) file
2020-08-27 20:01:44,401 - WARNING - The .bam file refers to a chromosome 'KI270741.1-' not present in the annotation (.gtf) file
2020-08-27 20:01:44,403 - DEBUG - Marking up chromosome GL000221.1
2020-08-27 20:01:44,403 - WARNING - The .bam file refers to a chromosome 'GL000221.1+' not present in the annotation (.gtf) file
2020-08-27 20:01:44,403 - WARNING - The .bam file refers to a chromosome 'GL000221.1-' not present in the annotation (.gtf) file
2020-08-27 20:01:44,406 - DEBUG - Marking up chromosome KI270731.1
2020-08-27 20:01:44,406 - WARNING - The .bam file refers to a chromosome 'KI270731.1+' not present in the annotation (.gtf) file
2020-08-27 20:01:44,409 - DEBUG - Marking up chromosome KI270519.1
2020-08-27 20:01:44,410 - WARNING - The .bam file refers to a chromosome 'KI270519.1+' not present in the annotation (.gtf) file
2020-08-27 20:01:44,410 - WARNING - The .bam file refers to a chromosome 'KI270519.1-' not present in the annotation (.gtf) file
2020-08-27 20:01:44,410 - DEBUG - Marking up chromosome GL000214.1
2020-08-27 20:01:44,410 - WARNING - The .bam file refers to a chromosome 'GL000214.1+' not present in the annotation (.gtf) file
2020-08-27 20:01:44,410 - WARNING - The .bam file refers to a chromosome 'GL000214.1-' not present in the annotation (.gtf) file
2020-08-27 20:01:44,411 - DEBUG - Marking up chromosome KI270708.1
2020-08-27 20:01:44,411 - WARNING - The .bam file refers to a chromosome 'KI270708.1+' not present in the annotation (.gtf) file
2020-08-27 20:01:44,411 - WARNING - The .bam file refers to a chromosome 'KI270708.1-' not present in the annotation (.gtf) file
2020-08-27 20:01:44,412 - DEBUG - Marking up chromosome KI270737.1
2020-08-27 20:01:44,412 - WARNING - The .bam file refers to a chromosome 'KI270737.1+' not present in the annotation (.gtf) file
2020-08-27 20:01:44,412 - WARNING - The .bam file refers to a chromosome 'KI270737.1-' not present in the annotation (.gtf) file
2020-08-27 20:01:44,412 - DEBUG - Marking up chromosome KI270721.1
2020-08-27 20:01:44,412 - WARNING - The .bam file refers to a chromosome 'KI270721.1-' not present in the annotation (.gtf) file
2020-08-27 20:01:44,418 - DEBUG - Marking up chromosome KI270738.1
2020-08-27 20:01:44,418 - WARNING - The .bam file refers to a chromosome 'KI270738.1+' not present in the annotation (.gtf) file
2020-08-27 20:01:44,418 - WARNING - The .bam file refers to a chromosome 'KI270738.1-' not present in the annotation (.gtf) file
2020-08-27 20:01:44,419 - DEBUG - Marking up chromosome KI270748.1
2020-08-27 20:01:44,419 - WARNING - The .bam file refers to a chromosome 'KI270748.1+' not present in the annotation (.gtf) file
2020-08-27 20:01:44,419 - WARNING - The .bam file refers to a chromosome 'KI270748.1-' not present in the annotation (.gtf) file
2020-08-27 20:01:44,420 - DEBUG - Marking up chromosome GL000208.1
2020-08-27 20:01:44,420 - WARNING - The .bam file refers to a chromosome 'GL000208.1+' not present in the annotation (.gtf) file
2020-08-27 20:01:44,420 - WARNING - The .bam file refers to a chromosome 'GL000208.1-' not present in the annotation (.gtf) file
2020-08-27 20:01:44,421 - DEBUG - Marking up chromosome KI270756.1
2020-08-27 20:01:44,421 - WARNING - The .bam file refers to a chromosome 'KI270756.1+' not present in the annotation (.gtf) file
2020-08-27 20:01:44,421 - WARNING - The .bam file refers to a chromosome 'KI270756.1-' not present in the annotation (.gtf) file
2020-08-27 20:01:44,421 - DEBUG - Marking up chromosome KI270709.1
2020-08-27 20:01:44,421 - WARNING - The .bam file refers to a chromosome 'KI270709.1+' not present in the annotation (.gtf) file
2020-08-27 20:01:44,421 - WARNING - The .bam file refers to a chromosome 'KI270709.1-' not present in the annotation (.gtf) file
2020-08-27 20:01:44,421 - DEBUG - Marking up chromosome KI270746.1
2020-08-27 20:01:44,421 - WARNING - The .bam file refers to a chromosome 'KI270746.1+' not present in the annotation (.gtf) file
2020-08-27 20:01:44,421 - WARNING - The .bam file refers to a chromosome 'KI270746.1-' not present in the annotation (.gtf) file
2020-08-27 20:01:44,533 - DEBUG - Marking up chromosome KI270753.1
2020-08-27 20:01:44,533 - WARNING - The .bam file refers to a chromosome 'KI270753.1+' not present in the annotation (.gtf) file
2020-08-27 20:01:44,533 - WARNING - The .bam file refers to a chromosome 'KI270753.1-' not present in the annotation (.gtf) file
2020-08-27 20:01:44,534 - DEBUG - Marking up chromosome KI270589.1
2020-08-27 20:01:44,534 - WARNING - The .bam file refers to a chromosome 'KI270589.1+' not present in the annotation (.gtf) file
2020-08-27 20:01:44,534 - WARNING - The .bam file refers to a chromosome 'KI270589.1-' not present in the annotation (.gtf) file
2020-08-27 20:01:44,534 - DEBUG - Marking up chromosome KI270735.1
2020-08-27 20:01:44,534 - WARNING - The .bam file refers to a chromosome 'KI270735.1+' not present in the annotation (.gtf) file
2020-08-27 20:01:44,534 - WARNING - The .bam file refers to a chromosome 'KI270735.1-' not present in the annotation (.gtf) file
2020-08-27 20:01:44,534 - DEBUG - Marking up chromosome KI270711.1
2020-08-27 20:01:44,534 - WARNING - The .bam file refers to a chromosome 'KI270711.1+' not present in the annotation (.gtf) file
2020-08-27 20:01:44,556 - DEBUG - Marking up chromosome KI270745.1
2020-08-27 20:01:44,556 - WARNING - The .bam file refers to a chromosome 'KI270745.1+' not present in the annotation (.gtf) file
2020-08-27 20:01:44,556 - WARNING - The .bam file refers to a chromosome 'KI270745.1-' not present in the annotation (.gtf) file
2020-08-27 20:01:44,559 - DEBUG - Marking up chromosome KI270714.1
2020-08-27 20:01:44,559 - WARNING - The .bam file refers to a chromosome 'KI270714.1+' not present in the annotation (.gtf) file
2020-08-27 20:01:44,559 - WARNING - The .bam file refers to a chromosome 'KI270714.1-' not present in the annotation (.gtf) file
2020-08-27 20:01:44,561 - DEBUG - Marking up chromosome KI270713.1
2020-08-27 20:01:44,563 - DEBUG - Marking up chromosome KI270720.1
2020-08-27 20:01:44,563 - WARNING - The .bam file refers to a chromosome 'KI270720.1+' not present in the annotation (.gtf) file
2020-08-27 20:01:44,563 - WARNING - The .bam file refers to a chromosome 'KI270720.1-' not present in the annotation (.gtf) file
2020-08-27 20:01:44,563 - DEBUG - Marking up chromosome KI270723.1
2020-08-27 20:01:44,563 - WARNING - The .bam file refers to a chromosome 'KI270723.1+' not present in the annotation (.gtf) file
2020-08-27 20:01:44,563 - WARNING - The .bam file refers to a chromosome 'KI270723.1-' not present in the annotation (.gtf) file
2020-08-27 20:01:44,565 - DEBUG - Marking up chromosome KI270718.1
2020-08-27 20:01:44,565 - WARNING - The .bam file refers to a chromosome 'KI270718.1+' not present in the annotation (.gtf) file
2020-08-27 20:01:44,565 - WARNING - The .bam file refers to a chromosome 'KI270718.1-' not present in the annotation (.gtf) file
2020-08-27 20:01:44,587 - DEBUG - Marking up chromosome KI270755.1
2020-08-27 20:01:44,587 - WARNING - The .bam file refers to a chromosome 'KI270755.1+' not present in the annotation (.gtf) file
2020-08-27 20:01:44,587 - WARNING - The .bam file refers to a chromosome 'KI270755.1-' not present in the annotation (.gtf) file
2020-08-27 20:01:44,589 - DEBUG - Marking up chromosome KI270707.1
2020-08-27 20:01:44,589 - WARNING - The .bam file refers to a chromosome 'KI270707.1+' not present in the annotation (.gtf) file
2020-08-27 20:01:44,589 - WARNING - The .bam file refers to a chromosome 'KI270707.1-' not present in the annotation (.gtf) file
2020-08-27 20:01:44,592 - DEBUG - Marking up chromosome KI270448.1
2020-08-27 20:01:44,592 - WARNING - The .bam file refers to a chromosome 'KI270448.1+' not present in the annotation (.gtf) file
2020-08-27 20:01:44,592 - WARNING - The .bam file refers to a chromosome 'KI270448.1-' not present in the annotation (.gtf) file
2020-08-27 20:01:44,592 - DEBUG - Marking up chromosome KI270333.1
2020-08-27 20:01:44,592 - WARNING - The .bam file refers to a chromosome 'KI270333.1+' not present in the annotation (.gtf) file
2020-08-27 20:01:44,592 - WARNING - The .bam file refers to a chromosome 'KI270333.1-' not present in the annotation (.gtf) file
2020-08-27 20:01:44,592 - DEBUG - Marking up chromosome KI270330.1
2020-08-27 20:01:44,592 - WARNING - The .bam file refers to a chromosome 'KI270330.1+' not present in the annotation (.gtf) file
2020-08-27 20:01:44,592 - WARNING - The .bam file refers to a chromosome 'KI270330.1-' not present in the annotation (.gtf) file
2020-08-27 20:01:44,593 - DEBUG - Marking up chromosome KI270466.1
2020-08-27 20:01:44,593 - WARNING - The .bam file refers to a chromosome 'KI270466.1+' not present in the annotation (.gtf) file
2020-08-27 20:01:44,593 - WARNING - The .bam file refers to a chromosome 'KI270466.1-' not present in the annotation (.gtf) file
2020-08-27 20:01:50,814 - DEBUG - End of file. Reset index: start scanning from initial position.
2020-08-27 20:01:50,815 - DEBUG - 1956612 reads were skipped because no apropiate cell or umi barcode was found
2020-08-27 20:01:50,815 - DEBUG - Start molecule counting!
2020-08-27 20:01:54,837 - DEBUG - Features available for chromosomes : ['1-', '1+', '10-', '10+', '11-', '11+', '12-', '12+', '13-', '13+', '14-', '14+', '15-', '15+', '16-', '16+', '17-', '17+', '18-', '18+', '19-', '19+', '2-', '2+', '20-', '20+', '21-', '21+', '22-', '22+', '3-', '3+', '4-', '4+', '5-', '5+', '6-', '6+', '7-', '7+', '8-', '8+', '9-', '9+', 'GL000009.2-', 'GL000194.1-', 'GL000195.1-', 'GL000195.1+', 'GL000205.2-', 'GL000213.1-', 'GL000218.1-', 'GL000219.1-', 'KI270711.1-', 'KI270713.1-', 'KI270713.1+', 'KI270721.1+', 'KI270726.1+', 'KI270727.1-', 'KI270727.1+', 'KI270728.1-', 'KI270728.1+', 'KI270731.1-', 'KI270734.1-', 'KI270734.1+', 'MT-', 'MT+', 'X-', 'X+', 'Y-', 'Y+']
2020-08-27 20:01:54,838 - DEBUG - Mask available for chromosomes : []
2020-08-27 20:01:54,838 - DEBUG - Summarizing the results of intron validation.
2020-08-27 20:01:55,508 - DEBUG - Validated 425540 introns (of which unique intervals 136409) out of 996444 total possible introns (considering each possible transcript models).
2020-08-27 20:01:55,509 - DEBUG - Reading /net/isi-dcnl/ifs/user_data/abild/Megatron_data/COH057/feline_p29_40_mRNA/cell_ranger/FEL034_S/outs/cellsorted_possorted_genome_bam.bam
2020-08-27 20:01:55,558 - DEBUG - Read first 0 million reads
2020-08-27 20:02:24,435 - DEBUG - Counting for batch 1, containing 100 cells and 810385 reads
2020-08-27 20:02:53,392 - DEBUG - 0 reads not considered because fully enclosed in repeat masked regions
2020-08-27 20:03:12,996 - DEBUG - Counting for batch 2, containing 100 cells and 859012 reads
2020-08-27 20:03:43,064 - DEBUG - 0 reads not considered because fully enclosed in repeat masked regions
2020-08-27 20:03:58,630 - DEBUG - Read first 10 million reads
2020-08-27 20:04:04,682 - DEBUG - Counting for batch 3, containing 100 cells and 915578 reads
2020-08-27 20:04:37,060 - DEBUG - 0 reads not considered because fully enclosed in repeat masked regions
2020-08-27 20:04:56,326 - DEBUG - Counting for batch 4, containing 100 cells and 771648 reads
2020-08-27 20:05:22,576 - DEBUG - 0 reads not considered because fully enclosed in repeat masked regions
2020-08-27 20:05:42,681 - DEBUG - Counting for batch 5, containing 100 cells and 749204 reads
2020-08-27 20:06:09,737 - DEBUG - 0 reads not considered because fully enclosed in repeat masked regions
2020-08-27 20:06:30,206 - DEBUG - Counting for batch 6, containing 100 cells and 857750 reads
2020-08-27 20:07:00,011 - DEBUG - 0 reads not considered because fully enclosed in repeat masked regions
2020-08-27 20:07:18,398 - DEBUG - Counting for batch 7, containing 100 cells and 722363 reads
2020-08-27 20:07:44,663 - DEBUG - 0 reads not considered because fully enclosed in repeat masked regions
2020-08-27 20:08:01,497 - DEBUG - Counting for batch 8, containing 100 cells and 712777 reads
2020-08-27 20:08:27,525 - DEBUG - 0 reads not considered because fully enclosed in repeat masked regions
2020-08-27 20:08:34,933 - DEBUG - Read first 20 million reads
2020-08-27 20:08:48,039 - DEBUG - Counting for batch 9, containing 100 cells and 934043 reads
2020-08-27 20:09:20,221 - DEBUG - 0 reads not considered because fully enclosed in repeat masked regions
2020-08-27 20:09:40,688 - DEBUG - Counting for batch 10, containing 100 cells and 762351 reads
2020-08-27 20:10:08,409 - DEBUG - 0 reads not considered because fully enclosed in repeat masked regions
2020-08-27 20:10:29,041 - DEBUG - Counting for batch 11, containing 100 cells and 887786 reads
2020-08-27 20:11:00,123 - DEBUG - 0 reads not considered because fully enclosed in repeat masked regions
2020-08-27 20:11:20,385 - DEBUG - Counting for batch 12, containing 100 cells and 809532 reads
2020-08-27 20:11:49,239 - DEBUG - 0 reads not considered because fully enclosed in repeat masked regions
2020-08-27 20:12:10,053 - DEBUG - Counting for batch 13, containing 100 cells and 865765 reads
2020-08-27 20:12:40,499 - DEBUG - 0 reads not considered because fully enclosed in repeat masked regions
2020-08-27 20:12:54,706 - DEBUG - Read first 30 million reads
2020-08-27 20:13:00,142 - DEBUG - Counting for batch 14, containing 100 cells and 836223 reads
2020-08-27 20:13:29,601 - DEBUG - 0 reads not considered because fully enclosed in repeat masked regions
2020-08-27 20:13:50,329 - DEBUG - Counting for batch 15, containing 100 cells and 833311 reads
2020-08-27 20:14:17,831 - DEBUG - 0 reads not considered because fully enclosed in repeat masked regions
2020-08-27 20:14:38,184 - DEBUG - Counting for batch 16, containing 100 cells and 713528 reads
2020-08-27 20:15:02,561 - DEBUG - 0 reads not considered because fully enclosed in repeat masked regions
2020-08-27 20:15:23,971 - DEBUG - Counting for batch 17, containing 100 cells and 876027 reads
2020-08-27 20:15:52,511 - DEBUG - 0 reads not considered because fully enclosed in repeat masked regions
2020-08-27 20:16:13,506 - DEBUG - Counting for batch 18, containing 100 cells and 765678 reads
2020-08-27 20:16:40,622 - DEBUG - 0 reads not considered because fully enclosed in repeat masked regions
2020-08-27 20:16:59,943 - DEBUG - Counting for batch 19, containing 100 cells and 810896 reads
2020-08-27 20:17:29,182 - DEBUG - 0 reads not considered because fully enclosed in repeat masked regions
2020-08-27 20:17:37,493 - DEBUG - Read first 40 million reads
2020-08-27 20:17:46,822 - DEBUG - Counting for batch 20, containing 100 cells and 737767 reads
2020-08-27 20:18:13,531 - DEBUG - 0 reads not considered because fully enclosed in repeat masked regions
2020-08-27 20:18:31,866 - DEBUG - Counting for batch 21, containing 100 cells and 714704 reads
2020-08-27 20:18:58,140 - DEBUG - 0 reads not considered because fully enclosed in repeat masked regions
2020-08-27 20:19:16,589 - DEBUG - Counting for batch 22, containing 100 cells and 839784 reads
2020-08-27 20:19:46,573 - DEBUG - 0 reads not considered because fully enclosed in repeat masked regions
2020-08-27 20:20:06,978 - DEBUG - Counting for batch 23, containing 100 cells and 824489 reads
2020-08-27 20:20:36,046 - DEBUG - 0 reads not considered because fully enclosed in repeat masked regions
2020-08-27 20:20:55,668 - DEBUG - Counting for batch 24, containing 100 cells and 856878 reads
2020-08-27 20:21:25,653 - DEBUG - 0 reads not considered because fully enclosed in repeat masked regions
2020-08-27 20:21:42,738 - DEBUG - Read first 50 million reads
2020-08-27 20:21:48,809 - DEBUG - Counting for batch 25, containing 100 cells and 933507 reads
2020-08-27 20:22:20,817 - DEBUG - 0 reads not considered because fully enclosed in repeat masked regions
2020-08-27 20:22:41,241 - DEBUG - Counting for batch 26, containing 100 cells and 794229 reads
2020-08-27 20:23:07,621 - DEBUG - 0 reads not considered because fully enclosed in repeat masked regions
2020-08-27 20:23:29,612 - DEBUG - Counting for batch 27, containing 100 cells and 892993 reads
2020-08-27 20:24:00,880 - DEBUG - 0 reads not considered because fully enclosed in repeat masked regions
2020-08-27 20:24:20,391 - DEBUG - Counting for batch 28, containing 100 cells and 803588 reads
2020-08-27 20:24:48,774 - DEBUG - 0 reads not considered because fully enclosed in repeat masked regions
2020-08-27 20:25:08,844 - DEBUG - Counting for batch 29, containing 100 cells and 785441 reads
2020-08-27 20:25:35,034 - DEBUG - 0 reads not considered because fully enclosed in repeat masked regions
2020-08-27 20:25:54,607 - DEBUG - Counting for batch 30, containing 100 cells and 677478 reads
2020-08-27 20:26:19,749 - DEBUG - 0 reads not considered because fully enclosed in repeat masked regions
2020-08-27 20:26:27,635 - DEBUG - Read first 60 million reads
2020-08-27 20:26:37,359 - DEBUG - Counting for batch 31, containing 100 cells and 790538 reads
2020-08-27 20:27:05,564 - DEBUG - 0 reads not considered because fully enclosed in repeat masked regions
2020-08-27 20:27:24,361 - DEBUG - Counting for batch 32, containing 100 cells and 868128 reads
2020-08-27 20:27:54,578 - DEBUG - 0 reads not considered because fully enclosed in repeat masked regions
2020-08-27 20:28:16,574 - DEBUG - Counting for batch 33, containing 100 cells and 824013 reads
2020-08-27 20:28:45,715 - DEBUG - 0 reads not considered because fully enclosed in repeat masked regions
2020-08-27 20:29:04,319 - DEBUG - Counting for batch 34, containing 100 cells and 805186 reads
2020-08-27 20:29:33,090 - DEBUG - 0 reads not considered because fully enclosed in repeat masked regions
2020-08-27 20:29:54,513 - DEBUG - Counting for batch 35, containing 100 cells and 916243 reads
2020-08-27 20:30:25,952 - DEBUG - 0 reads not considered because fully enclosed in repeat masked regions
2020-08-27 20:30:42,552 - DEBUG - Read first 70 million reads
2020-08-27 20:30:45,814 - DEBUG - Counting for batch 36, containing 100 cells and 688435 reads
2020-08-27 20:31:08,983 - DEBUG - 0 reads not considered because fully enclosed in repeat masked regions
2020-08-27 20:31:28,226 - DEBUG - Counting for batch 37, containing 100 cells and 744400 reads
2020-08-27 20:31:55,043 - DEBUG - 0 reads not considered because fully enclosed in repeat masked regions
2020-08-27 20:32:14,681 - DEBUG - Counting for batch 38, containing 100 cells and 743968 reads
2020-08-27 20:32:42,049 - DEBUG - 0 reads not considered because fully enclosed in repeat masked regions
2020-08-27 20:33:04,194 - DEBUG - Counting for batch 39, containing 100 cells and 976380 reads
2020-08-27 20:33:38,690 - DEBUG - 0 reads not considered because fully enclosed in repeat masked regions
2020-08-27 20:33:58,571 - DEBUG - Counting for batch 40, containing 100 cells and 701811 reads
2020-08-27 20:34:23,048 - DEBUG - 0 reads not considered because fully enclosed in repeat masked regions
2020-08-27 20:34:42,819 - DEBUG - Counting for batch 41, containing 100 cells and 827324 reads
2020-08-27 20:35:12,924 - DEBUG - 0 reads not considered because fully enclosed in repeat masked regions
2020-08-27 20:35:20,326 - DEBUG - Read first 80 million reads
2020-08-27 20:35:33,471 - DEBUG - Counting for batch 42, containing 100 cells and 805943 reads
2020-08-27 20:36:02,868 - DEBUG - 0 reads not considered because fully enclosed in repeat masked regions
2020-08-27 20:36:19,986 - DEBUG - Counting for batch 43, containing 99 cells and 728483 reads
2020-08-27 20:36:47,644 - DEBUG - 0 reads not considered because fully enclosed in repeat masked regions
2020-08-27 20:36:54,006 - DEBUG - 1956612 reads were skipped because no apropiate cell or umi barcode was found
2020-08-27 20:36:54,006 - DEBUG - Counting done!
2020-08-27 20:36:54,034 - DEBUG - Generating output file /net/isi-dcnl/ifs/user_data/abild/Megatron_data/COH057/feline_p29_40_mRNA/cell_ranger/FEL034_S/velocyto/FEL034_S.loom
2020-08-27 20:36:54,034 - DEBUG - Collecting row attributes
2020-08-27 20:36:54,132 - DEBUG - Generating data table
2020-08-27 20:36:55,934 - DEBUG - Writing loom file
2020-08-27 20:37:05,394 - DEBUG - Terminated Succesfully!
Start: 1598582892
End: 1598585827
Run time: 2935
Done
