CPU: 16
N: 23
Step1: Analyze spliced and unspliced reads and genrate a loom file for velocityR
Run velocyto to generate loom file
2020-08-27 16:31:02,860 - DEBUG - Using logic: Default
2020-08-27 16:31:02,864 - INFO - Read 717 cell barcodes from /net/isi-dcnl/ifs/user_data/abild/Megatron_data/COH049/FEL017022.mRNA/feline_p1722.10x.counts/FEL019_M/outs/filtered_feature_bc_matrix/barcodes.tsv.gz
2020-08-27 16:31:02,864 - DEBUG - Example of barcode: AAACGAAAGGTGGTTG and cell_id: FEL019_M:AAACGAAAGGTGGTTG-1
2020-08-27 16:31:02,884 - DEBUG - Peeking into /net/isi-dcnl/ifs/user_data/abild/Megatron_data/COH049/FEL017022.mRNA/feline_p1722.10x.counts/FEL019_M/outs/possorted_genome_bam.bam
2020-08-27 16:31:03,001 - WARNING - Not found cell and umi barcode in entry 77 of the bam file
2020-08-27 16:31:03,001 - WARNING - Not found cell and umi barcode in entry 130 of the bam file
2020-08-27 16:31:03,009 - WARNING - Not found cell and umi barcode in entry 188 of the bam file
2020-08-27 16:31:03,009 - WARNING - Not found cell and umi barcode in entry 189 of the bam file
2020-08-27 16:31:03,010 - WARNING - Not found cell and umi barcode in entry 190 of the bam file
2020-08-27 16:31:03,010 - WARNING - Not found cell and umi barcode in entry 191 of the bam file
2020-08-27 16:31:03,010 - WARNING - Not found cell and umi barcode in entry 192 of the bam file
2020-08-27 16:31:03,010 - WARNING - Not found cell and umi barcode in entry 193 of the bam file
2020-08-27 16:31:03,013 - WARNING - Not found cell and umi barcode in entry 997 of the bam file
2020-08-27 16:31:03,013 - WARNING - Not found cell and umi barcode in entry 998 of the bam file
2020-08-27 16:31:03,013 - WARNING - Not found cell and umi barcode in entry 999 of the bam file
2020-08-27 16:31:03,018 - WARNING - The file /net/isi-dcnl/ifs/user_data/abild/Megatron_data/COH049/FEL017022.mRNA/feline_p1722.10x.counts/FEL019_M/outs/cellsorted_possorted_genome_bam.bam already exists. The sorting step will be skipped and the existing file will be used.
2020-08-27 16:31:03,018 - INFO - Load the annotation from /net/isi-dcnl/ifs/user_data/abild/Genomes/refdata-cellranger-GRCh38-3.0.0/genes/genes.gtf
2020-08-27 16:31:10,700 - DEBUG - Parsing Chromosome 1 strand - [line 0]
2020-08-27 16:31:11,273 - DEBUG - Done with 1- [line 108728]
2020-08-27 16:31:11,273 - DEBUG - Assigning indexes to genes
2020-08-27 16:31:11,282 - DEBUG - Seen 1561 genes until now
2020-08-27 16:31:11,282 - DEBUG - Parsing Chromosome 1 strand + [line 108729]
2020-08-27 16:31:11,925 - DEBUG - Done with 1+ [line 232515]
2020-08-27 16:31:11,925 - DEBUG - Assigning indexes to genes
2020-08-27 16:31:11,936 - DEBUG - Seen 3154 genes until now
2020-08-27 16:31:11,936 - DEBUG - Parsing Chromosome 10 strand - [line 232516]
2020-08-27 16:31:12,314 - DEBUG - Done with 10- [line 279343]
2020-08-27 16:31:12,315 - DEBUG - Assigning indexes to genes
2020-08-27 16:31:12,318 - DEBUG - Seen 3737 genes until now
2020-08-27 16:31:12,318 - DEBUG - Parsing Chromosome 10 strand + [line 279344]
2020-08-27 16:31:12,486 - DEBUG - Done with 10+ [line 323872]
2020-08-27 16:31:12,486 - DEBUG - Assigning indexes to genes
2020-08-27 16:31:12,489 - DEBUG - Seen 4384 genes until now
2020-08-27 16:31:12,489 - DEBUG - Parsing Chromosome 11 strand - [line 323873]
2020-08-27 16:31:13,012 - DEBUG - Done with 11- [line 402908]
2020-08-27 16:31:13,012 - DEBUG - Assigning indexes to genes
2020-08-27 16:31:13,019 - DEBUG - Seen 5320 genes until now
2020-08-27 16:31:13,019 - DEBUG - Parsing Chromosome 11 strand + [line 402909]
2020-08-27 16:31:13,312 - DEBUG - Done with 11+ [line 482591]
2020-08-27 16:31:13,312 - DEBUG - Assigning indexes to genes
2020-08-27 16:31:13,319 - DEBUG - Seen 6305 genes until now
2020-08-27 16:31:13,319 - DEBUG - Parsing Chromosome 12 strand - [line 482592]
2020-08-27 16:31:13,879 - DEBUG - Done with 12- [line 559278]
2020-08-27 16:31:13,879 - DEBUG - Assigning indexes to genes
2020-08-27 16:31:13,885 - DEBUG - Seen 7177 genes until now
2020-08-27 16:31:13,885 - DEBUG - Parsing Chromosome 12 strand + [line 559279]
2020-08-27 16:31:14,168 - DEBUG - Done with 12+ [line 635173]
2020-08-27 16:31:14,168 - DEBUG - Assigning indexes to genes
2020-08-27 16:31:14,173 - DEBUG - Seen 8070 genes until now
2020-08-27 16:31:14,174 - DEBUG - Parsing Chromosome 13 strand - [line 635174]
2020-08-27 16:31:14,244 - DEBUG - Done with 13- [line 653523]
2020-08-27 16:31:14,244 - DEBUG - Assigning indexes to genes
2020-08-27 16:31:14,245 - DEBUG - Seen 8400 genes until now
2020-08-27 16:31:14,245 - DEBUG - Parsing Chromosome 13 strand + [line 653524]
2020-08-27 16:31:14,696 - DEBUG - Done with 13+ [line 673091]
2020-08-27 16:31:14,696 - DEBUG - Assigning indexes to genes
2020-08-27 16:31:14,697 - DEBUG - Seen 8736 genes until now
2020-08-27 16:31:14,697 - DEBUG - Parsing Chromosome 14 strand - [line 673092]
2020-08-27 16:31:14,861 - DEBUG - Done with 14- [line 716831]
2020-08-27 16:31:14,861 - DEBUG - Assigning indexes to genes
2020-08-27 16:31:14,864 - DEBUG - Seen 9452 genes until now
2020-08-27 16:31:14,865 - DEBUG - Parsing Chromosome 14 strand + [line 716832]
2020-08-27 16:31:15,043 - DEBUG - Done with 14+ [line 764942]
2020-08-27 16:31:15,043 - DEBUG - Assigning indexes to genes
2020-08-27 16:31:15,047 - DEBUG - Seen 10121 genes until now
2020-08-27 16:31:15,047 - DEBUG - Parsing Chromosome 15 strand - [line 764943]
2020-08-27 16:31:15,233 - DEBUG - Done with 15- [line 813803]
2020-08-27 16:31:15,233 - DEBUG - Assigning indexes to genes
2020-08-27 16:31:15,237 - DEBUG - Seen 10698 genes until now
2020-08-27 16:31:15,237 - DEBUG - Parsing Chromosome 15 strand + [line 813804]
2020-08-27 16:31:15,400 - DEBUG - Done with 15+ [line 857859]
2020-08-27 16:31:15,400 - DEBUG - Assigning indexes to genes
2020-08-27 16:31:15,404 - DEBUG - Seen 11256 genes until now
2020-08-27 16:31:15,404 - DEBUG - Parsing Chromosome 16 strand - [line 857860]
2020-08-27 16:31:15,965 - DEBUG - Done with 16- [line 911118]
2020-08-27 16:31:15,965 - DEBUG - Assigning indexes to genes
2020-08-27 16:31:15,970 - DEBUG - Seen 11998 genes until now
2020-08-27 16:31:15,970 - DEBUG - Parsing Chromosome 16 strand + [line 911119]
2020-08-27 16:31:16,231 - DEBUG - Done with 16+ [line 981663]
2020-08-27 16:31:16,231 - DEBUG - Assigning indexes to genes
2020-08-27 16:31:16,236 - DEBUG - Seen 12787 genes until now
2020-08-27 16:31:16,236 - DEBUG - Parsing Chromosome 17 strand - [line 981664]
2020-08-27 16:31:16,567 - DEBUG - Done with 17- [line 1066635]
2020-08-27 16:31:16,567 - DEBUG - Assigning indexes to genes
2020-08-27 16:31:16,573 - DEBUG - Seen 13775 genes until now
2020-08-27 16:31:16,573 - DEBUG - Parsing Chromosome 17 strand + [line 1066636]
2020-08-27 16:31:17,283 - DEBUG - Done with 17+ [line 1143834]
2020-08-27 16:31:17,284 - DEBUG - Assigning indexes to genes
2020-08-27 16:31:17,293 - DEBUG - Seen 14681 genes until now
2020-08-27 16:31:17,293 - DEBUG - Parsing Chromosome 18 strand - [line 1143835]
2020-08-27 16:31:17,392 - DEBUG - Done with 18- [line 1168496]
2020-08-27 16:31:17,392 - DEBUG - Assigning indexes to genes
2020-08-27 16:31:17,393 - DEBUG - Seen 15006 genes until now
2020-08-27 16:31:17,394 - DEBUG - Parsing Chromosome 18 strand + [line 1168497]
2020-08-27 16:31:17,475 - DEBUG - Done with 18+ [line 1189691]
2020-08-27 16:31:17,475 - DEBUG - Assigning indexes to genes
2020-08-27 16:31:17,477 - DEBUG - Seen 15343 genes until now
2020-08-27 16:31:17,477 - DEBUG - Parsing Chromosome 19 strand - [line 1189692]
2020-08-27 16:31:17,784 - DEBUG - Done with 19- [line 1268854]
2020-08-27 16:31:17,784 - DEBUG - Assigning indexes to genes
2020-08-27 16:31:17,791 - DEBUG - Seen 16352 genes until now
2020-08-27 16:31:17,791 - DEBUG - Parsing Chromosome 19 strand + [line 1268855]
2020-08-27 16:31:18,105 - DEBUG - Done with 19+ [line 1351833]
2020-08-27 16:31:18,105 - DEBUG - Assigning indexes to genes
2020-08-27 16:31:18,111 - DEBUG - Seen 17347 genes until now
2020-08-27 16:31:18,111 - DEBUG - Parsing Chromosome 2 strand - [line 1351834]
2020-08-27 16:31:18,486 - DEBUG - Done with 2- [line 1448710]
2020-08-27 16:31:18,486 - DEBUG - Assigning indexes to genes
2020-08-27 16:31:18,493 - DEBUG - Seen 18472 genes until now
2020-08-27 16:31:18,493 - DEBUG - Parsing Chromosome 2 strand + [line 1448711]
2020-08-27 16:31:19,389 - DEBUG - Done with 2+ [line 1542602]
2020-08-27 16:31:19,389 - DEBUG - Assigning indexes to genes
2020-08-27 16:31:19,397 - DEBUG - Seen 19632 genes until now
2020-08-27 16:31:19,397 - DEBUG - Parsing Chromosome 20 strand - [line 1542603]
2020-08-27 16:31:19,502 - DEBUG - Done with 20- [line 1569195]
2020-08-27 16:31:19,502 - DEBUG - Assigning indexes to genes
2020-08-27 16:31:19,504 - DEBUG - Seen 20079 genes until now
2020-08-27 16:31:19,504 - DEBUG - Parsing Chromosome 20 strand + [line 1569196]
2020-08-27 16:31:19,626 - DEBUG - Done with 20+ [line 1600541]
2020-08-27 16:31:19,626 - DEBUG - Assigning indexes to genes
2020-08-27 16:31:19,628 - DEBUG - Seen 20527 genes until now
2020-08-27 16:31:19,628 - DEBUG - Parsing Chromosome 21 strand - [line 1600542]
2020-08-27 16:31:19,683 - DEBUG - Done with 21- [line 1614106]
2020-08-27 16:31:19,683 - DEBUG - Assigning indexes to genes
2020-08-27 16:31:19,685 - DEBUG - Seen 20795 genes until now
2020-08-27 16:31:19,685 - DEBUG - Parsing Chromosome 21 strand + [line 1614107]
2020-08-27 16:31:19,743 - DEBUG - Done with 21+ [line 1628392]
2020-08-27 16:31:19,743 - DEBUG - Assigning indexes to genes
2020-08-27 16:31:19,744 - DEBUG - Seen 21029 genes until now
2020-08-27 16:31:19,744 - DEBUG - Parsing Chromosome 22 strand - [line 1628393]
2020-08-27 16:31:19,846 - DEBUG - Done with 22- [line 1653805]
2020-08-27 16:31:19,846 - DEBUG - Assigning indexes to genes
2020-08-27 16:31:19,848 - DEBUG - Seen 21391 genes until now
2020-08-27 16:31:19,848 - DEBUG - Parsing Chromosome 22 strand + [line 1653806]
2020-08-27 16:31:19,966 - DEBUG - Done with 22+ [line 1684245]
2020-08-27 16:31:19,966 - DEBUG - Assigning indexes to genes
2020-08-27 16:31:19,971 - DEBUG - Seen 21866 genes until now
2020-08-27 16:31:19,971 - DEBUG - Parsing Chromosome 3 strand - [line 1684246]
2020-08-27 16:31:20,273 - DEBUG - Done with 3- [line 1763939]
2020-08-27 16:31:20,273 - DEBUG - Assigning indexes to genes
2020-08-27 16:31:20,279 - DEBUG - Seen 22713 genes until now
2020-08-27 16:31:20,279 - DEBUG - Parsing Chromosome 3 strand + [line 1763940]
2020-08-27 16:31:20,581 - DEBUG - Done with 3+ [line 1844840]
2020-08-27 16:31:20,581 - DEBUG - Assigning indexes to genes
2020-08-27 16:31:20,587 - DEBUG - Seen 23585 genes until now
2020-08-27 16:31:20,587 - DEBUG - Parsing Chromosome 4 strand - [line 1844841]
2020-08-27 16:31:21,380 - DEBUG - Done with 4- [line 1898665]
2020-08-27 16:31:21,381 - DEBUG - Assigning indexes to genes
2020-08-27 16:31:21,385 - DEBUG - Seen 24246 genes until now
2020-08-27 16:31:21,385 - DEBUG - Parsing Chromosome 4 strand + [line 1898666]
2020-08-27 16:31:21,567 - DEBUG - Done with 4+ [line 1947617]
2020-08-27 16:31:21,567 - DEBUG - Assigning indexes to genes
2020-08-27 16:31:21,571 - DEBUG - Seen 24938 genes until now
2020-08-27 16:31:21,571 - DEBUG - Parsing Chromosome 5 strand - [line 1947618]
2020-08-27 16:31:21,774 - DEBUG - Done with 5- [line 2001140]
2020-08-27 16:31:21,774 - DEBUG - Assigning indexes to genes
2020-08-27 16:31:21,778 - DEBUG - Seen 25741 genes until now
2020-08-27 16:31:21,778 - DEBUG - Parsing Chromosome 5 strand + [line 2001141]
2020-08-27 16:31:22,006 - DEBUG - Done with 5+ [line 2062165]
2020-08-27 16:31:22,006 - DEBUG - Assigning indexes to genes
2020-08-27 16:31:22,011 - DEBUG - Seen 26599 genes until now
2020-08-27 16:31:22,011 - DEBUG - Parsing Chromosome 6 strand - [line 2062166]
2020-08-27 16:31:22,232 - DEBUG - Done with 6- [line 2121425]
2020-08-27 16:31:22,232 - DEBUG - Assigning indexes to genes
2020-08-27 16:31:22,236 - DEBUG - Seen 27435 genes until now
2020-08-27 16:31:22,236 - DEBUG - Parsing Chromosome 6 strand + [line 2121426]
2020-08-27 16:31:22,434 - DEBUG - Done with 6+ [line 2176078]
2020-08-27 16:31:22,434 - DEBUG - Assigning indexes to genes
2020-08-27 16:31:22,438 - DEBUG - Seen 28231 genes until now
2020-08-27 16:31:22,438 - DEBUG - Parsing Chromosome 7 strand - [line 2176079]
2020-08-27 16:31:22,655 - DEBUG - Done with 7- [line 2233605]
2020-08-27 16:31:22,655 - DEBUG - Assigning indexes to genes
2020-08-27 16:31:22,659 - DEBUG - Seen 28953 genes until now
2020-08-27 16:31:22,660 - DEBUG - Parsing Chromosome 7 strand + [line 2233606]
2020-08-27 16:31:22,891 - DEBUG - Done with 7+ [line 2295513]
2020-08-27 16:31:22,891 - DEBUG - Assigning indexes to genes
2020-08-27 16:31:22,896 - DEBUG - Seen 29770 genes until now
2020-08-27 16:31:22,896 - DEBUG - Parsing Chromosome 8 strand - [line 2295514]
2020-08-27 16:31:23,078 - DEBUG - Done with 8- [line 2343289]
2020-08-27 16:31:23,078 - DEBUG - Assigning indexes to genes
2020-08-27 16:31:23,082 - DEBUG - Seen 30442 genes until now
2020-08-27 16:31:23,082 - DEBUG - Parsing Chromosome 8 strand + [line 2343290]
2020-08-27 16:31:23,246 - DEBUG - Done with 8+ [line 2386793]
2020-08-27 16:31:23,246 - DEBUG - Assigning indexes to genes
2020-08-27 16:31:23,249 - DEBUG - Seen 31090 genes until now
2020-08-27 16:31:23,249 - DEBUG - Parsing Chromosome 9 strand - [line 2386794]
2020-08-27 16:31:24,150 - DEBUG - Done with 9- [line 2430389]
2020-08-27 16:31:24,150 - DEBUG - Assigning indexes to genes
2020-08-27 16:31:24,153 - DEBUG - Seen 31710 genes until now
2020-08-27 16:31:24,153 - DEBUG - Parsing Chromosome 9 strand + [line 2430390]
2020-08-27 16:31:24,329 - DEBUG - Done with 9+ [line 2477312]
2020-08-27 16:31:24,329 - DEBUG - Assigning indexes to genes
2020-08-27 16:31:24,332 - DEBUG - Seen 32318 genes until now
2020-08-27 16:31:24,332 - DEBUG - Parsing Chromosome GL000009.2 strand - [line 2477313]
2020-08-27 16:31:24,332 - DEBUG - Done with GL000009.2- [line 2477320]
2020-08-27 16:31:24,332 - DEBUG - Assigning indexes to genes
2020-08-27 16:31:24,332 - DEBUG - Seen 32319 genes until now
2020-08-27 16:31:24,332 - DEBUG - Parsing Chromosome GL000194.1 strand - [line 2477321]
2020-08-27 16:31:24,332 - DEBUG - Done with GL000194.1- [line 2477346]
2020-08-27 16:31:24,333 - DEBUG - Assigning indexes to genes
2020-08-27 16:31:24,333 - DEBUG - Seen 32321 genes until now
2020-08-27 16:31:24,333 - DEBUG - Parsing Chromosome GL000195.1 strand - [line 2477347]
2020-08-27 16:31:24,333 - DEBUG - Done with GL000195.1- [line 2477356]
2020-08-27 16:31:24,333 - DEBUG - Assigning indexes to genes
2020-08-27 16:31:24,333 - DEBUG - Seen 32322 genes until now
2020-08-27 16:31:24,333 - DEBUG - Parsing Chromosome GL000195.1 strand + [line 2477357]
2020-08-27 16:31:24,333 - DEBUG - Done with GL000195.1+ [line 2477370]
2020-08-27 16:31:24,333 - DEBUG - Assigning indexes to genes
2020-08-27 16:31:24,333 - DEBUG - Seen 32323 genes until now
2020-08-27 16:31:24,333 - DEBUG - Parsing Chromosome GL000205.2 strand - [line 2477371]
2020-08-27 16:31:24,333 - DEBUG - Done with GL000205.2- [line 2477384]
2020-08-27 16:31:24,333 - DEBUG - Assigning indexes to genes
2020-08-27 16:31:24,333 - DEBUG - Seen 32324 genes until now
2020-08-27 16:31:24,333 - DEBUG - Parsing Chromosome GL000213.1 strand - [line 2477385]
2020-08-27 16:31:24,333 - DEBUG - Done with GL000213.1- [line 2477433]
2020-08-27 16:31:24,333 - DEBUG - Assigning indexes to genes
2020-08-27 16:31:24,333 - DEBUG - Seen 32325 genes until now
2020-08-27 16:31:24,333 - DEBUG - Parsing Chromosome GL000218.1 strand - [line 2477434]
2020-08-27 16:31:24,334 - DEBUG - Done with GL000218.1- [line 2477441]
2020-08-27 16:31:24,334 - DEBUG - Assigning indexes to genes
2020-08-27 16:31:24,334 - DEBUG - Seen 32326 genes until now
2020-08-27 16:31:24,334 - DEBUG - Parsing Chromosome GL000219.1 strand - [line 2477442]
2020-08-27 16:31:24,334 - DEBUG - Done with GL000219.1- [line 2477453]
2020-08-27 16:31:24,334 - DEBUG - Assigning indexes to genes
2020-08-27 16:31:24,334 - DEBUG - Seen 32327 genes until now
2020-08-27 16:31:24,334 - DEBUG - Parsing Chromosome KI270711.1 strand - [line 2477454]
2020-08-27 16:31:24,334 - DEBUG - Done with KI270711.1- [line 2477604]
2020-08-27 16:31:24,334 - DEBUG - Assigning indexes to genes
2020-08-27 16:31:24,335 - DEBUG - Seen 32328 genes until now
2020-08-27 16:31:24,335 - DEBUG - Parsing Chromosome KI270713.1 strand - [line 2477605]
2020-08-27 16:31:24,335 - DEBUG - Done with KI270713.1- [line 2477612]
2020-08-27 16:31:24,335 - DEBUG - Assigning indexes to genes
2020-08-27 16:31:24,335 - DEBUG - Seen 32329 genes until now
2020-08-27 16:31:24,335 - DEBUG - Parsing Chromosome KI270713.1 strand + [line 2477613]
2020-08-27 16:31:24,335 - DEBUG - Done with KI270713.1+ [line 2477618]
2020-08-27 16:31:24,335 - DEBUG - Assigning indexes to genes
2020-08-27 16:31:24,335 - DEBUG - Seen 32330 genes until now
2020-08-27 16:31:24,335 - DEBUG - Parsing Chromosome KI270721.1 strand + [line 2477619]
2020-08-27 16:31:24,335 - DEBUG - Done with KI270721.1+ [line 2477634]
2020-08-27 16:31:24,335 - DEBUG - Assigning indexes to genes
2020-08-27 16:31:24,335 - DEBUG - Seen 32331 genes until now
2020-08-27 16:31:24,335 - DEBUG - Parsing Chromosome KI270726.1 strand + [line 2477635]
2020-08-27 16:31:24,335 - DEBUG - Done with KI270726.1+ [line 2477645]
2020-08-27 16:31:24,335 - DEBUG - Assigning indexes to genes
2020-08-27 16:31:24,335 - DEBUG - Seen 32333 genes until now
2020-08-27 16:31:24,335 - DEBUG - Parsing Chromosome KI270727.1 strand - [line 2477646]
2020-08-27 16:31:24,335 - DEBUG - Done with KI270727.1- [line 2477704]
2020-08-27 16:31:24,336 - DEBUG - Assigning indexes to genes
2020-08-27 16:31:24,336 - DEBUG - Seen 32335 genes until now
2020-08-27 16:31:24,336 - DEBUG - Parsing Chromosome KI270727.1 strand + [line 2477705]
2020-08-27 16:31:24,336 - DEBUG - Done with KI270727.1+ [line 2477719]
2020-08-27 16:31:24,336 - DEBUG - Assigning indexes to genes
2020-08-27 16:31:24,336 - DEBUG - Seen 32337 genes until now
2020-08-27 16:31:24,336 - DEBUG - Parsing Chromosome KI270728.1 strand - [line 2477720]
2020-08-27 16:31:24,336 - DEBUG - Done with KI270728.1- [line 2477796]
2020-08-27 16:31:24,336 - DEBUG - Assigning indexes to genes
2020-08-27 16:31:24,336 - DEBUG - Seen 32339 genes until now
2020-08-27 16:31:24,336 - DEBUG - Parsing Chromosome KI270728.1 strand + [line 2477797]
2020-08-27 16:31:24,336 - DEBUG - Done with KI270728.1+ [line 2477833]
2020-08-27 16:31:24,336 - DEBUG - Assigning indexes to genes
2020-08-27 16:31:24,336 - DEBUG - Seen 32343 genes until now
2020-08-27 16:31:24,336 - DEBUG - Parsing Chromosome KI270731.1 strand - [line 2477834]
2020-08-27 16:31:24,337 - DEBUG - Done with KI270731.1- [line 2477840]
2020-08-27 16:31:24,337 - DEBUG - Assigning indexes to genes
2020-08-27 16:31:24,337 - DEBUG - Seen 32344 genes until now
2020-08-27 16:31:24,337 - DEBUG - Parsing Chromosome KI270734.1 strand - [line 2477841]
2020-08-27 16:31:24,337 - DEBUG - Done with KI270734.1- [line 2477909]
2020-08-27 16:31:24,337 - DEBUG - Assigning indexes to genes
2020-08-27 16:31:24,337 - DEBUG - Seen 32345 genes until now
2020-08-27 16:31:24,337 - DEBUG - Parsing Chromosome KI270734.1 strand + [line 2477910]
2020-08-27 16:31:24,337 - DEBUG - Done with KI270734.1+ [line 2477932]
2020-08-27 16:31:24,337 - DEBUG - Assigning indexes to genes
2020-08-27 16:31:24,337 - DEBUG - Seen 32347 genes until now
2020-08-27 16:31:24,337 - DEBUG - Parsing Chromosome MT strand - [line 2477933]
2020-08-27 16:31:24,337 - DEBUG - Done with MT- [line 2477938]
2020-08-27 16:31:24,337 - DEBUG - Assigning indexes to genes
2020-08-27 16:31:24,337 - DEBUG - Seen 32348 genes until now
2020-08-27 16:31:24,337 - DEBUG - Parsing Chromosome MT strand + [line 2477939]
2020-08-27 16:31:24,338 - DEBUG - Done with MT+ [line 2478004]
2020-08-27 16:31:24,338 - DEBUG - Assigning indexes to genes
2020-08-27 16:31:24,338 - DEBUG - Seen 32360 genes until now
2020-08-27 16:31:24,338 - DEBUG - Parsing Chromosome X strand - [line 2478005]
2020-08-27 16:31:24,488 - DEBUG - Done with X- [line 2518937]
2020-08-27 16:31:24,488 - DEBUG - Assigning indexes to genes
2020-08-27 16:31:24,490 - DEBUG - Seen 32876 genes until now
2020-08-27 16:31:24,490 - DEBUG - Parsing Chromosome X strand + [line 2518938]
2020-08-27 16:31:24,640 - DEBUG - Done with X+ [line 2560301]
2020-08-27 16:31:24,640 - DEBUG - Assigning indexes to genes
2020-08-27 16:31:24,643 - DEBUG - Seen 33438 genes until now
2020-08-27 16:31:24,643 - DEBUG - Parsing Chromosome Y strand - [line 2560302]
2020-08-27 16:31:24,651 - DEBUG - Done with Y- [line 2562446]
2020-08-27 16:31:24,651 - DEBUG - Assigning indexes to genes
2020-08-27 16:31:24,651 - DEBUG - Seen 33485 genes until now
2020-08-27 16:31:24,651 - DEBUG - Parsing Chromosome Y strand + [line 2562447]
2020-08-27 16:31:24,661 - DEBUG - Assigning indexes to genes
2020-08-27 16:31:24,661 - DEBUG - Done with Y+ [line 2565059]
2020-08-27 16:31:24,662 - DEBUG - Fixing corner cases of transcript models containg intron longer than 1000Kbp
2020-08-27 16:31:26,526 - DEBUG - Generated 2165800 features corresponding to 172912 transcript models from /net/isi-dcnl/ifs/user_data/abild/Genomes/refdata-cellranger-GRCh38-3.0.0/genes/genes.gtf
2020-08-27 16:31:26,563 - INFO - Scan /net/isi-dcnl/ifs/user_data/abild/Megatron_data/COH049/FEL017022.mRNA/feline_p1722.10x.counts/FEL019_M/outs/possorted_genome_bam.bam to validate intron intervals
2020-08-27 16:31:30,275 - DEBUG - Reading /net/isi-dcnl/ifs/user_data/abild/Megatron_data/COH049/FEL017022.mRNA/feline_p1722.10x.counts/FEL019_M/outs/possorted_genome_bam.bam
2020-08-27 16:31:30,290 - DEBUG - Read first 0 million reads
2020-08-27 16:31:30,290 - DEBUG - Marking up chromosome 1
2020-08-27 16:33:11,415 - DEBUG - Read first 10 million reads
2020-08-27 16:33:43,611 - DEBUG - Marking up chromosome 10
2020-08-27 16:34:56,067 - DEBUG - Marking up chromosome 11
2020-08-27 16:35:03,775 - DEBUG - Read first 20 million reads
2020-08-27 16:37:40,514 - DEBUG - Read first 30 million reads
2020-08-27 16:37:57,227 - DEBUG - Marking up chromosome 12
2020-08-27 16:39:18,210 - DEBUG - Marking up chromosome 13
2020-08-27 16:39:34,172 - DEBUG - Read first 40 million reads
2020-08-27 16:39:47,493 - DEBUG - Marking up chromosome 14
2020-08-27 16:40:40,458 - DEBUG - Marking up chromosome 15
2020-08-27 16:41:33,289 - DEBUG - Read first 50 million reads
2020-08-27 16:41:42,059 - DEBUG - Marking up chromosome 16
2020-08-27 16:42:41,956 - DEBUG - Marking up chromosome 17
2020-08-27 16:43:26,861 - DEBUG - Read first 60 million reads
2020-08-27 16:43:54,513 - DEBUG - Marking up chromosome 18
2020-08-27 16:44:35,357 - DEBUG - Marking up chromosome 19
2020-08-27 16:45:30,320 - DEBUG - Read first 70 million reads
2020-08-27 16:45:32,489 - DEBUG - Marking up chromosome 2
2020-08-27 16:47:22,473 - DEBUG - Read first 80 million reads
2020-08-27 16:47:25,563 - DEBUG - Marking up chromosome 20
2020-08-27 16:47:59,409 - DEBUG - Marking up chromosome 21
2020-08-27 16:48:11,884 - DEBUG - Read first 90 million reads
2020-08-27 16:48:29,845 - DEBUG - Read first 100 million reads
2020-08-27 16:48:47,831 - DEBUG - Read first 110 million reads
2020-08-27 16:49:05,824 - DEBUG - Read first 120 million reads
2020-08-27 16:49:37,332 - DEBUG - Marking up chromosome 22
2020-08-27 16:49:47,243 - DEBUG - Read first 130 million reads
2020-08-27 16:50:08,792 - DEBUG - Marking up chromosome 3
2020-08-27 16:51:58,247 - DEBUG - Marking up chromosome 4
2020-08-27 16:51:59,528 - DEBUG - Read first 140 million reads
2020-08-27 16:53:15,536 - DEBUG - Marking up chromosome 5
2020-08-27 16:53:58,831 - DEBUG - Read first 150 million reads
2020-08-27 16:54:36,894 - DEBUG - Marking up chromosome 6
2020-08-27 16:55:52,184 - DEBUG - Read first 160 million reads
2020-08-27 16:55:57,104 - DEBUG - Marking up chromosome 7
2020-08-27 16:57:15,878 - DEBUG - Marking up chromosome 8
2020-08-27 16:57:39,266 - DEBUG - Read first 170 million reads
2020-08-27 16:58:27,472 - DEBUG - Marking up chromosome 9
2020-08-27 16:59:16,003 - DEBUG - Marking up chromosome MT
2020-08-27 16:59:22,296 - DEBUG - Read first 180 million reads
2020-08-27 16:59:38,741 - DEBUG - Marking up chromosome X
2020-08-27 17:00:19,388 - DEBUG - Marking up chromosome Y
2020-08-27 17:00:19,467 - DEBUG - Marking up chromosome KI270728.1
2020-08-27 17:00:19,471 - DEBUG - Marking up chromosome KI270727.1
2020-08-27 17:00:19,483 - DEBUG - Marking up chromosome KI270442.1
2020-08-27 17:00:19,483 - WARNING - The .bam file refers to a chromosome 'KI270442.1+' not present in the annotation (.gtf) file
2020-08-27 17:00:19,483 - WARNING - The .bam file refers to a chromosome 'KI270442.1-' not present in the annotation (.gtf) file
2020-08-27 17:00:19,487 - DEBUG - Marking up chromosome KI270729.1
2020-08-27 17:00:19,487 - WARNING - The .bam file refers to a chromosome 'KI270729.1+' not present in the annotation (.gtf) file
2020-08-27 17:00:19,487 - WARNING - The .bam file refers to a chromosome 'KI270729.1-' not present in the annotation (.gtf) file
2020-08-27 17:00:19,488 - DEBUG - Marking up chromosome GL000225.1
2020-08-27 17:00:19,488 - WARNING - The .bam file refers to a chromosome 'GL000225.1+' not present in the annotation (.gtf) file
2020-08-27 17:00:19,488 - WARNING - The .bam file refers to a chromosome 'GL000225.1-' not present in the annotation (.gtf) file
2020-08-27 17:00:19,489 - DEBUG - Marking up chromosome KI270743.1
2020-08-27 17:00:19,489 - WARNING - The .bam file refers to a chromosome 'KI270743.1+' not present in the annotation (.gtf) file
2020-08-27 17:00:19,489 - WARNING - The .bam file refers to a chromosome 'KI270743.1-' not present in the annotation (.gtf) file
2020-08-27 17:00:19,503 - DEBUG - Marking up chromosome GL000008.2
2020-08-27 17:00:19,503 - WARNING - The .bam file refers to a chromosome 'GL000008.2+' not present in the annotation (.gtf) file
2020-08-27 17:00:19,503 - WARNING - The .bam file refers to a chromosome 'GL000008.2-' not present in the annotation (.gtf) file
2020-08-27 17:00:19,516 - DEBUG - Marking up chromosome GL000009.2
2020-08-27 17:00:19,516 - WARNING - The .bam file refers to a chromosome 'GL000009.2+' not present in the annotation (.gtf) file
2020-08-27 17:00:19,533 - DEBUG - Marking up chromosome KI270747.1
2020-08-27 17:00:19,534 - WARNING - The .bam file refers to a chromosome 'KI270747.1+' not present in the annotation (.gtf) file
2020-08-27 17:00:19,534 - WARNING - The .bam file refers to a chromosome 'KI270747.1-' not present in the annotation (.gtf) file
2020-08-27 17:00:19,534 - DEBUG - Marking up chromosome KI270722.1
2020-08-27 17:00:19,534 - WARNING - The .bam file refers to a chromosome 'KI270722.1+' not present in the annotation (.gtf) file
2020-08-27 17:00:19,534 - WARNING - The .bam file refers to a chromosome 'KI270722.1-' not present in the annotation (.gtf) file
2020-08-27 17:00:19,534 - DEBUG - Marking up chromosome GL000194.1
2020-08-27 17:00:19,534 - WARNING - The .bam file refers to a chromosome 'GL000194.1+' not present in the annotation (.gtf) file
2020-08-27 17:00:19,603 - DEBUG - Marking up chromosome KI270742.1
2020-08-27 17:00:19,603 - WARNING - The .bam file refers to a chromosome 'KI270742.1+' not present in the annotation (.gtf) file
2020-08-27 17:00:19,604 - WARNING - The .bam file refers to a chromosome 'KI270742.1-' not present in the annotation (.gtf) file
2020-08-27 17:00:19,660 - DEBUG - Marking up chromosome GL000205.2
2020-08-27 17:00:19,660 - WARNING - The .bam file refers to a chromosome 'GL000205.2+' not present in the annotation (.gtf) file
2020-08-27 17:00:19,739 - DEBUG - Marking up chromosome GL000195.1
2020-08-27 17:00:19,800 - DEBUG - Marking up chromosome KI270733.1
2020-08-27 17:00:19,800 - WARNING - The .bam file refers to a chromosome 'KI270733.1+' not present in the annotation (.gtf) file
2020-08-27 17:00:19,800 - WARNING - The .bam file refers to a chromosome 'KI270733.1-' not present in the annotation (.gtf) file
2020-08-27 17:00:25,660 - DEBUG - Read first 190 million reads
2020-08-27 17:00:43,655 - DEBUG - Read first 200 million reads
2020-08-27 17:01:00,390 - DEBUG - Marking up chromosome GL000224.1
2020-08-27 17:01:00,390 - WARNING - The .bam file refers to a chromosome 'GL000224.1+' not present in the annotation (.gtf) file
2020-08-27 17:01:00,390 - WARNING - The .bam file refers to a chromosome 'GL000224.1-' not present in the annotation (.gtf) file
2020-08-27 17:01:00,433 - DEBUG - Marking up chromosome GL000219.1
2020-08-27 17:01:00,433 - WARNING - The .bam file refers to a chromosome 'GL000219.1+' not present in the annotation (.gtf) file
2020-08-27 17:01:00,560 - DEBUG - Marking up chromosome KI270719.1
2020-08-27 17:01:00,560 - WARNING - The .bam file refers to a chromosome 'KI270719.1+' not present in the annotation (.gtf) file
2020-08-27 17:01:00,560 - WARNING - The .bam file refers to a chromosome 'KI270719.1-' not present in the annotation (.gtf) file
2020-08-27 17:01:00,571 - DEBUG - Marking up chromosome GL000216.2
2020-08-27 17:01:00,571 - WARNING - The .bam file refers to a chromosome 'GL000216.2+' not present in the annotation (.gtf) file
2020-08-27 17:01:00,571 - WARNING - The .bam file refers to a chromosome 'GL000216.2-' not present in the annotation (.gtf) file
2020-08-27 17:01:00,571 - DEBUG - Marking up chromosome KI270712.1
2020-08-27 17:01:00,571 - WARNING - The .bam file refers to a chromosome 'KI270712.1+' not present in the annotation (.gtf) file
2020-08-27 17:01:00,571 - WARNING - The .bam file refers to a chromosome 'KI270712.1-' not present in the annotation (.gtf) file
2020-08-27 17:01:00,575 - DEBUG - Marking up chromosome KI270706.1
2020-08-27 17:01:00,575 - WARNING - The .bam file refers to a chromosome 'KI270706.1+' not present in the annotation (.gtf) file
2020-08-27 17:01:00,576 - WARNING - The .bam file refers to a chromosome 'KI270706.1-' not present in the annotation (.gtf) file
2020-08-27 17:01:00,678 - DEBUG - Marking up chromosome KI270725.1
2020-08-27 17:01:00,678 - WARNING - The .bam file refers to a chromosome 'KI270725.1+' not present in the annotation (.gtf) file
2020-08-27 17:01:00,678 - WARNING - The .bam file refers to a chromosome 'KI270725.1-' not present in the annotation (.gtf) file
2020-08-27 17:01:00,680 - DEBUG - Marking up chromosome KI270744.1
2020-08-27 17:01:00,680 - WARNING - The .bam file refers to a chromosome 'KI270744.1+' not present in the annotation (.gtf) file
2020-08-27 17:01:00,680 - WARNING - The .bam file refers to a chromosome 'KI270744.1-' not present in the annotation (.gtf) file
2020-08-27 17:01:00,692 - DEBUG - Marking up chromosome KI270734.1
2020-08-27 17:01:00,697 - DEBUG - Marking up chromosome GL000213.1
2020-08-27 17:01:00,697 - WARNING - The .bam file refers to a chromosome 'GL000213.1+' not present in the annotation (.gtf) file
2020-08-27 17:01:00,703 - DEBUG - Marking up chromosome GL000220.1
2020-08-27 17:01:00,703 - WARNING - The .bam file refers to a chromosome 'GL000220.1+' not present in the annotation (.gtf) file
2020-08-27 17:01:00,703 - WARNING - The .bam file refers to a chromosome 'GL000220.1-' not present in the annotation (.gtf) file
2020-08-27 17:01:01,663 - DEBUG - Read first 210 million reads
2020-08-27 17:01:19,613 - DEBUG - Read first 220 million reads
2020-08-27 17:01:37,527 - DEBUG - Read first 230 million reads
2020-08-27 17:01:41,477 - DEBUG - Marking up chromosome KI270715.1
2020-08-27 17:01:41,477 - WARNING - The .bam file refers to a chromosome 'KI270715.1+' not present in the annotation (.gtf) file
2020-08-27 17:01:41,477 - WARNING - The .bam file refers to a chromosome 'KI270715.1-' not present in the annotation (.gtf) file
2020-08-27 17:01:41,478 - DEBUG - Marking up chromosome GL000218.1
2020-08-27 17:01:41,478 - WARNING - The .bam file refers to a chromosome 'GL000218.1+' not present in the annotation (.gtf) file
2020-08-27 17:01:41,508 - DEBUG - Marking up chromosome KI270749.1
2020-08-27 17:01:41,508 - WARNING - The .bam file refers to a chromosome 'KI270749.1+' not present in the annotation (.gtf) file
2020-08-27 17:01:41,508 - WARNING - The .bam file refers to a chromosome 'KI270749.1-' not present in the annotation (.gtf) file
2020-08-27 17:01:41,513 - DEBUG - Marking up chromosome KI270741.1
2020-08-27 17:01:41,513 - WARNING - The .bam file refers to a chromosome 'KI270741.1+' not present in the annotation (.gtf) file
2020-08-27 17:01:41,513 - WARNING - The .bam file refers to a chromosome 'KI270741.1-' not present in the annotation (.gtf) file
2020-08-27 17:01:41,519 - DEBUG - Marking up chromosome GL000221.1
2020-08-27 17:01:41,519 - WARNING - The .bam file refers to a chromosome 'GL000221.1+' not present in the annotation (.gtf) file
2020-08-27 17:01:41,519 - WARNING - The .bam file refers to a chromosome 'GL000221.1-' not present in the annotation (.gtf) file
2020-08-27 17:01:41,568 - DEBUG - Marking up chromosome KI270716.1
2020-08-27 17:01:41,568 - WARNING - The .bam file refers to a chromosome 'KI270716.1+' not present in the annotation (.gtf) file
2020-08-27 17:01:41,568 - WARNING - The .bam file refers to a chromosome 'KI270716.1-' not present in the annotation (.gtf) file
2020-08-27 17:01:41,569 - DEBUG - Marking up chromosome KI270731.1
2020-08-27 17:01:41,569 - WARNING - The .bam file refers to a chromosome 'KI270731.1+' not present in the annotation (.gtf) file
2020-08-27 17:01:41,573 - DEBUG - Marking up chromosome KI270751.1
2020-08-27 17:01:41,573 - WARNING - The .bam file refers to a chromosome 'KI270751.1+' not present in the annotation (.gtf) file
2020-08-27 17:01:41,573 - WARNING - The .bam file refers to a chromosome 'KI270751.1-' not present in the annotation (.gtf) file
2020-08-27 17:01:41,576 - DEBUG - Marking up chromosome KI270750.1
2020-08-27 17:01:41,576 - WARNING - The .bam file refers to a chromosome 'KI270750.1+' not present in the annotation (.gtf) file
2020-08-27 17:01:41,576 - WARNING - The .bam file refers to a chromosome 'KI270750.1-' not present in the annotation (.gtf) file
2020-08-27 17:01:41,582 - DEBUG - Marking up chromosome GL000214.1
2020-08-27 17:01:41,582 - WARNING - The .bam file refers to a chromosome 'GL000214.1+' not present in the annotation (.gtf) file
2020-08-27 17:01:41,582 - WARNING - The .bam file refers to a chromosome 'GL000214.1-' not present in the annotation (.gtf) file
2020-08-27 17:01:41,589 - DEBUG - Marking up chromosome KI270708.1
2020-08-27 17:01:41,589 - WARNING - The .bam file refers to a chromosome 'KI270708.1+' not present in the annotation (.gtf) file
2020-08-27 17:01:41,589 - WARNING - The .bam file refers to a chromosome 'KI270708.1-' not present in the annotation (.gtf) file
2020-08-27 17:01:41,594 - DEBUG - Marking up chromosome KI270737.1
2020-08-27 17:01:41,594 - WARNING - The .bam file refers to a chromosome 'KI270737.1+' not present in the annotation (.gtf) file
2020-08-27 17:01:41,594 - WARNING - The .bam file refers to a chromosome 'KI270737.1-' not present in the annotation (.gtf) file
2020-08-27 17:01:41,596 - DEBUG - Marking up chromosome KI270721.1
2020-08-27 17:01:41,596 - WARNING - The .bam file refers to a chromosome 'KI270721.1-' not present in the annotation (.gtf) file
2020-08-27 17:01:41,608 - DEBUG - Marking up chromosome KI270738.1
2020-08-27 17:01:41,608 - WARNING - The .bam file refers to a chromosome 'KI270738.1+' not present in the annotation (.gtf) file
2020-08-27 17:01:41,608 - WARNING - The .bam file refers to a chromosome 'KI270738.1-' not present in the annotation (.gtf) file
2020-08-27 17:01:41,612 - DEBUG - Marking up chromosome KI270748.1
2020-08-27 17:01:41,612 - WARNING - The .bam file refers to a chromosome 'KI270748.1+' not present in the annotation (.gtf) file
2020-08-27 17:01:41,612 - WARNING - The .bam file refers to a chromosome 'KI270748.1-' not present in the annotation (.gtf) file
2020-08-27 17:01:41,614 - DEBUG - Marking up chromosome KI270435.1
2020-08-27 17:01:41,614 - WARNING - The .bam file refers to a chromosome 'KI270435.1+' not present in the annotation (.gtf) file
2020-08-27 17:01:41,614 - WARNING - The .bam file refers to a chromosome 'KI270435.1-' not present in the annotation (.gtf) file
2020-08-27 17:01:41,614 - DEBUG - Marking up chromosome GL000208.1
2020-08-27 17:01:41,614 - WARNING - The .bam file refers to a chromosome 'GL000208.1+' not present in the annotation (.gtf) file
2020-08-27 17:01:41,614 - WARNING - The .bam file refers to a chromosome 'GL000208.1-' not present in the annotation (.gtf) file
2020-08-27 17:01:41,615 - DEBUG - Marking up chromosome KI270538.1
2020-08-27 17:01:41,615 - WARNING - The .bam file refers to a chromosome 'KI270538.1+' not present in the annotation (.gtf) file
2020-08-27 17:01:41,615 - WARNING - The .bam file refers to a chromosome 'KI270538.1-' not present in the annotation (.gtf) file
2020-08-27 17:01:41,615 - DEBUG - Marking up chromosome KI270739.1
2020-08-27 17:01:41,615 - WARNING - The .bam file refers to a chromosome 'KI270739.1+' not present in the annotation (.gtf) file
2020-08-27 17:01:41,615 - WARNING - The .bam file refers to a chromosome 'KI270739.1-' not present in the annotation (.gtf) file
2020-08-27 17:01:41,615 - DEBUG - Marking up chromosome KI270709.1
2020-08-27 17:01:41,616 - WARNING - The .bam file refers to a chromosome 'KI270709.1+' not present in the annotation (.gtf) file
2020-08-27 17:01:41,616 - WARNING - The .bam file refers to a chromosome 'KI270709.1-' not present in the annotation (.gtf) file
2020-08-27 17:01:41,616 - DEBUG - Marking up chromosome KI270746.1
2020-08-27 17:01:41,616 - WARNING - The .bam file refers to a chromosome 'KI270746.1+' not present in the annotation (.gtf) file
2020-08-27 17:01:41,616 - WARNING - The .bam file refers to a chromosome 'KI270746.1-' not present in the annotation (.gtf) file
2020-08-27 17:01:41,617 - DEBUG - Marking up chromosome KI270589.1
2020-08-27 17:01:41,617 - WARNING - The .bam file refers to a chromosome 'KI270589.1+' not present in the annotation (.gtf) file
2020-08-27 17:01:41,617 - WARNING - The .bam file refers to a chromosome 'KI270589.1-' not present in the annotation (.gtf) file
2020-08-27 17:01:41,617 - DEBUG - Marking up chromosome KI270726.1
2020-08-27 17:01:41,617 - WARNING - The .bam file refers to a chromosome 'KI270726.1-' not present in the annotation (.gtf) file
2020-08-27 17:01:41,619 - DEBUG - Marking up chromosome KI270711.1
2020-08-27 17:01:41,619 - WARNING - The .bam file refers to a chromosome 'KI270711.1+' not present in the annotation (.gtf) file
2020-08-27 17:01:41,638 - DEBUG - Marking up chromosome KI270745.1
2020-08-27 17:01:41,638 - WARNING - The .bam file refers to a chromosome 'KI270745.1+' not present in the annotation (.gtf) file
2020-08-27 17:01:41,638 - WARNING - The .bam file refers to a chromosome 'KI270745.1-' not present in the annotation (.gtf) file
2020-08-27 17:01:41,655 - DEBUG - Marking up chromosome KI270714.1
2020-08-27 17:01:41,655 - WARNING - The .bam file refers to a chromosome 'KI270714.1+' not present in the annotation (.gtf) file
2020-08-27 17:01:41,655 - WARNING - The .bam file refers to a chromosome 'KI270714.1-' not present in the annotation (.gtf) file
2020-08-27 17:01:41,656 - DEBUG - Marking up chromosome KI270732.1
2020-08-27 17:01:41,656 - WARNING - The .bam file refers to a chromosome 'KI270732.1+' not present in the annotation (.gtf) file
2020-08-27 17:01:41,656 - WARNING - The .bam file refers to a chromosome 'KI270732.1-' not present in the annotation (.gtf) file
2020-08-27 17:01:41,657 - DEBUG - Marking up chromosome KI270713.1
2020-08-27 17:01:41,659 - DEBUG - Marking up chromosome KI270754.1
2020-08-27 17:01:41,659 - WARNING - The .bam file refers to a chromosome 'KI270754.1+' not present in the annotation (.gtf) file
2020-08-27 17:01:41,659 - WARNING - The .bam file refers to a chromosome 'KI270754.1-' not present in the annotation (.gtf) file
2020-08-27 17:01:41,661 - DEBUG - Marking up chromosome KI270717.1
2020-08-27 17:01:41,661 - WARNING - The .bam file refers to a chromosome 'KI270717.1+' not present in the annotation (.gtf) file
2020-08-27 17:01:41,661 - WARNING - The .bam file refers to a chromosome 'KI270717.1-' not present in the annotation (.gtf) file
2020-08-27 17:01:41,667 - DEBUG - Marking up chromosome KI270720.1
2020-08-27 17:01:41,667 - WARNING - The .bam file refers to a chromosome 'KI270720.1+' not present in the annotation (.gtf) file
2020-08-27 17:01:41,667 - WARNING - The .bam file refers to a chromosome 'KI270720.1-' not present in the annotation (.gtf) file
2020-08-27 17:01:41,667 - DEBUG - Marking up chromosome KI270723.1
2020-08-27 17:01:41,667 - WARNING - The .bam file refers to a chromosome 'KI270723.1+' not present in the annotation (.gtf) file
2020-08-27 17:01:41,668 - WARNING - The .bam file refers to a chromosome 'KI270723.1-' not present in the annotation (.gtf) file
2020-08-27 17:01:41,669 - DEBUG - Marking up chromosome KI270718.1
2020-08-27 17:01:41,669 - WARNING - The .bam file refers to a chromosome 'KI270718.1+' not present in the annotation (.gtf) file
2020-08-27 17:01:41,669 - WARNING - The .bam file refers to a chromosome 'KI270718.1-' not present in the annotation (.gtf) file
2020-08-27 17:01:41,689 - DEBUG - Marking up chromosome KI270755.1
2020-08-27 17:01:41,689 - WARNING - The .bam file refers to a chromosome 'KI270755.1+' not present in the annotation (.gtf) file
2020-08-27 17:01:41,689 - WARNING - The .bam file refers to a chromosome 'KI270755.1-' not present in the annotation (.gtf) file
2020-08-27 17:01:41,690 - DEBUG - Marking up chromosome KI270707.1
2020-08-27 17:01:41,690 - WARNING - The .bam file refers to a chromosome 'KI270707.1+' not present in the annotation (.gtf) file
2020-08-27 17:01:41,690 - WARNING - The .bam file refers to a chromosome 'KI270707.1-' not present in the annotation (.gtf) file
2020-08-27 17:01:41,705 - DEBUG - Marking up chromosome KI270315.1
2020-08-27 17:01:41,705 - WARNING - The .bam file refers to a chromosome 'KI270315.1+' not present in the annotation (.gtf) file
2020-08-27 17:01:41,705 - WARNING - The .bam file refers to a chromosome 'KI270315.1-' not present in the annotation (.gtf) file
2020-08-27 17:01:41,705 - DEBUG - Marking up chromosome KI270303.1
2020-08-27 17:01:41,705 - WARNING - The .bam file refers to a chromosome 'KI270303.1+' not present in the annotation (.gtf) file
2020-08-27 17:01:41,705 - WARNING - The .bam file refers to a chromosome 'KI270303.1-' not present in the annotation (.gtf) file
2020-08-27 17:01:41,705 - DEBUG - Marking up chromosome KI270330.1
2020-08-27 17:01:41,705 - WARNING - The .bam file refers to a chromosome 'KI270330.1+' not present in the annotation (.gtf) file
2020-08-27 17:01:41,705 - WARNING - The .bam file refers to a chromosome 'KI270330.1-' not present in the annotation (.gtf) file
2020-08-27 17:01:54,486 - DEBUG - Read first 240 million reads
2020-08-27 17:01:58,466 - DEBUG - End of file. Reset index: start scanning from initial position.
2020-08-27 17:01:58,467 - DEBUG - 2824146 reads were skipped because no apropiate cell or umi barcode was found
2020-08-27 17:01:58,467 - DEBUG - Start molecule counting!
2020-08-27 17:02:02,238 - DEBUG - Features available for chromosomes : ['1-', '1+', '10-', '10+', '11-', '11+', '12-', '12+', '13-', '13+', '14-', '14+', '15-', '15+', '16-', '16+', '17-', '17+', '18-', '18+', '19-', '19+', '2-', '2+', '20-', '20+', '21-', '21+', '22-', '22+', '3-', '3+', '4-', '4+', '5-', '5+', '6-', '6+', '7-', '7+', '8-', '8+', '9-', '9+', 'GL000009.2-', 'GL000194.1-', 'GL000195.1-', 'GL000195.1+', 'GL000205.2-', 'GL000213.1-', 'GL000218.1-', 'GL000219.1-', 'KI270711.1-', 'KI270713.1-', 'KI270713.1+', 'KI270721.1+', 'KI270726.1+', 'KI270727.1-', 'KI270727.1+', 'KI270728.1-', 'KI270728.1+', 'KI270731.1-', 'KI270734.1-', 'KI270734.1+', 'MT-', 'MT+', 'X-', 'X+', 'Y-', 'Y+']
2020-08-27 17:02:02,239 - DEBUG - Mask available for chromosomes : []
2020-08-27 17:02:02,239 - DEBUG - Summarizing the results of intron validation.
2020-08-27 17:02:02,825 - DEBUG - Validated 393764 introns (of which unique intervals 125515) out of 996444 total possible introns (considering each possible transcript models).
2020-08-27 17:02:02,826 - DEBUG - Reading /net/isi-dcnl/ifs/user_data/abild/Megatron_data/COH049/FEL017022.mRNA/feline_p1722.10x.counts/FEL019_M/outs/cellsorted_possorted_genome_bam.bam
2020-08-27 17:02:02,872 - DEBUG - Read first 0 million reads
2020-08-27 17:02:22,910 - DEBUG - Read first 10 million reads
2020-08-27 17:02:42,269 - DEBUG - Read first 20 million reads
2020-08-27 17:03:22,741 - DEBUG - Read first 30 million reads
2020-08-27 17:04:19,295 - DEBUG - Read first 40 million reads
2020-08-27 17:05:25,508 - DEBUG - Read first 50 million reads
2020-08-27 17:05:52,889 - DEBUG - Counting for batch 1, containing 100 cells and 12789275 reads
2020-08-27 17:12:41,233 - DEBUG - 0 reads not considered because fully enclosed in repeat masked regions
2020-08-27 17:14:06,184 - DEBUG - Read first 60 million reads
2020-08-27 17:15:01,049 - DEBUG - Read first 70 million reads
2020-08-27 17:16:04,000 - DEBUG - Read first 80 million reads
2020-08-27 17:16:20,086 - DEBUG - Counting for batch 2, containing 100 cells and 11981914 reads
2020-08-27 17:22:48,369 - DEBUG - 0 reads not considered because fully enclosed in repeat masked regions
2020-08-27 17:24:22,738 - DEBUG - Read first 90 million reads
2020-08-27 17:25:28,265 - DEBUG - Read first 100 million reads
2020-08-27 17:26:25,152 - DEBUG - Read first 110 million reads
2020-08-27 17:26:43,779 - DEBUG - Counting for batch 3, containing 100 cells and 12209240 reads
2020-08-27 17:32:52,182 - DEBUG - 0 reads not considered because fully enclosed in repeat masked regions
2020-08-27 17:34:22,203 - DEBUG - Read first 120 million reads
2020-08-27 17:35:33,473 - DEBUG - Read first 130 million reads
2020-08-27 17:36:30,570 - DEBUG - Read first 140 million reads
2020-08-27 17:37:19,116 - DEBUG - Counting for batch 4, containing 100 cells and 14049416 reads
2020-08-27 17:44:51,317 - DEBUG - 0 reads not considered because fully enclosed in repeat masked regions
2020-08-27 17:46:14,372 - DEBUG - Read first 150 million reads
2020-08-27 17:47:08,373 - DEBUG - Read first 160 million reads
2020-08-27 17:48:04,150 - DEBUG - Read first 170 million reads
2020-08-27 17:48:47,834 - DEBUG - Counting for batch 5, containing 100 cells and 12122167 reads
2020-08-27 17:54:54,584 - DEBUG - 0 reads not considered because fully enclosed in repeat masked regions
2020-08-27 17:56:06,238 - DEBUG - Read first 180 million reads
2020-08-27 17:57:03,208 - DEBUG - Read first 190 million reads
2020-08-27 17:58:08,887 - DEBUG - Read first 200 million reads
2020-08-27 17:58:35,583 - DEBUG - Counting for batch 6, containing 100 cells and 10846299 reads
2020-08-27 18:03:55,833 - DEBUG - 0 reads not considered because fully enclosed in repeat masked regions
2020-08-27 18:05:14,153 - DEBUG - Read first 210 million reads
2020-08-27 18:06:14,582 - DEBUG - Read first 220 million reads
2020-08-27 18:07:15,517 - DEBUG - Read first 230 million reads
2020-08-27 18:08:02,990 - DEBUG - Counting for batch 7, containing 100 cells and 12962646 reads
2020-08-27 18:14:39,704 - DEBUG - 0 reads not considered because fully enclosed in repeat masked regions
2020-08-27 18:15:48,937 - DEBUG - Read first 240 million reads
2020-08-27 18:16:01,088 - DEBUG - Counting for batch 8, containing 17 cells and 1720434 reads
2020-08-27 18:16:42,859 - DEBUG - 0 reads not considered because fully enclosed in repeat masked regions
2020-08-27 18:16:49,710 - DEBUG - 2824146 reads were skipped because no apropiate cell or umi barcode was found
2020-08-27 18:16:49,711 - DEBUG - Counting done!
2020-08-27 18:16:49,734 - DEBUG - Generating output file /net/isi-dcnl/ifs/user_data/abild/Megatron_data/COH049/FEL017022.mRNA/feline_p1722.10x.counts/FEL019_M/velocyto/FEL019_M.loom
2020-08-27 18:16:49,734 - DEBUG - Collecting row attributes
2020-08-27 18:16:49,823 - DEBUG - Generating data table
2020-08-27 18:16:50,045 - DEBUG - Writing loom file
2020-08-27 18:16:52,207 - DEBUG - Terminated Succesfully!
Start: 1598571054
End: 1598577414
Run time: 6360
Done
