CPU: 16
N: 18
Step1: Analyze spliced and unspliced reads and genrate a loom file for velocityR
Run velocyto to generate loom file
2020-08-27 16:31:01,403 - DEBUG - Using logic: Default
2020-08-27 16:31:01,405 - INFO - Read 648 cell barcodes from /net/isi-dcnl/ifs/user_data/abild/Megatron_data/COH044/FELINE/FEL012016.mRNA/FEL016_count03/FEL016_S/outs/filtered_feature_bc_matrix/barcodes.tsv.gz
2020-08-27 16:31:01,405 - DEBUG - Example of barcode: AAACCCAGTCGGCACT and cell_id: FEL016_S:AAACCCAGTCGGCACT-1
2020-08-27 16:31:01,416 - DEBUG - Peeking into /net/isi-dcnl/ifs/user_data/abild/Megatron_data/COH044/FELINE/FEL012016.mRNA/FEL016_count03/FEL016_S/outs/possorted_genome_bam.bam
2020-08-27 16:31:01,442 - WARNING - Not found cell and umi barcode in entry 72 of the bam file
2020-08-27 16:31:01,443 - WARNING - Not found cell and umi barcode in entry 73 of the bam file
2020-08-27 16:31:01,443 - WARNING - Not found cell and umi barcode in entry 74 of the bam file
2020-08-27 16:31:01,443 - WARNING - Not found cell and umi barcode in entry 75 of the bam file
2020-08-27 16:31:01,443 - WARNING - Not found cell and umi barcode in entry 76 of the bam file
2020-08-27 16:31:01,443 - WARNING - Not found cell and umi barcode in entry 77 of the bam file
2020-08-27 16:31:01,443 - WARNING - Not found cell and umi barcode in entry 78 of the bam file
2020-08-27 16:31:01,443 - WARNING - Not found cell and umi barcode in entry 79 of the bam file
2020-08-27 16:31:01,443 - WARNING - Not found cell and umi barcode in entry 80 of the bam file
2020-08-27 16:31:01,443 - WARNING - Not found cell and umi barcode in entry 81 of the bam file
2020-08-27 16:31:01,443 - WARNING - Not found cell and umi barcode in entry 82 of the bam file
2020-08-27 16:31:01,443 - WARNING - Not found cell and umi barcode in entry 83 of the bam file
2020-08-27 16:31:01,444 - WARNING - Not found cell and umi barcode in entry 196 of the bam file
2020-08-27 16:31:01,444 - WARNING - Not found cell and umi barcode in entry 296 of the bam file
2020-08-27 16:31:01,444 - WARNING - Not found cell and umi barcode in entry 297 of the bam file
2020-08-27 16:31:01,444 - WARNING - Not found cell and umi barcode in entry 298 of the bam file
2020-08-27 16:31:01,444 - WARNING - Not found cell and umi barcode in entry 299 of the bam file
2020-08-27 16:31:01,444 - WARNING - Not found cell and umi barcode in entry 300 of the bam file
2020-08-27 16:31:01,444 - WARNING - Not found cell and umi barcode in entry 301 of the bam file
2020-08-27 16:31:01,444 - WARNING - Not found cell and umi barcode in entry 302 of the bam file
2020-08-27 16:31:01,446 - WARNING - Not found cell and umi barcode in entry 987 of the bam file
2020-08-27 16:31:01,446 - WARNING - Not found cell and umi barcode in entry 988 of the bam file
2020-08-27 16:31:01,447 - WARNING - Not found cell and umi barcode in entry 989 of the bam file
2020-08-27 16:31:01,447 - WARNING - Not found cell and umi barcode in entry 990 of the bam file
2020-08-27 16:31:01,450 - WARNING - The file /net/isi-dcnl/ifs/user_data/abild/Megatron_data/COH044/FELINE/FEL012016.mRNA/FEL016_count03/FEL016_S/outs/cellsorted_possorted_genome_bam.bam already exists. The sorting step will be skipped and the existing file will be used.
2020-08-27 16:31:01,450 - INFO - Load the annotation from /net/isi-dcnl/ifs/user_data/abild/Genomes/refdata-cellranger-GRCh38-3.0.0/genes/genes.gtf
2020-08-27 16:31:09,379 - DEBUG - Parsing Chromosome 1 strand - [line 0]
2020-08-27 16:31:10,030 - DEBUG - Done with 1- [line 108728]
2020-08-27 16:31:10,030 - DEBUG - Assigning indexes to genes
2020-08-27 16:31:10,040 - DEBUG - Seen 1561 genes until now
2020-08-27 16:31:10,040 - DEBUG - Parsing Chromosome 1 strand + [line 108729]
2020-08-27 16:31:10,754 - DEBUG - Done with 1+ [line 232515]
2020-08-27 16:31:10,754 - DEBUG - Assigning indexes to genes
2020-08-27 16:31:10,766 - DEBUG - Seen 3154 genes until now
2020-08-27 16:31:10,766 - DEBUG - Parsing Chromosome 10 strand - [line 232516]
2020-08-27 16:31:11,183 - DEBUG - Done with 10- [line 279343]
2020-08-27 16:31:11,183 - DEBUG - Assigning indexes to genes
2020-08-27 16:31:11,186 - DEBUG - Seen 3737 genes until now
2020-08-27 16:31:11,186 - DEBUG - Parsing Chromosome 10 strand + [line 279344]
2020-08-27 16:31:11,372 - DEBUG - Done with 10+ [line 323872]
2020-08-27 16:31:11,372 - DEBUG - Assigning indexes to genes
2020-08-27 16:31:11,375 - DEBUG - Seen 4384 genes until now
2020-08-27 16:31:11,375 - DEBUG - Parsing Chromosome 11 strand - [line 323873]
2020-08-27 16:31:11,939 - DEBUG - Done with 11- [line 402908]
2020-08-27 16:31:11,939 - DEBUG - Assigning indexes to genes
2020-08-27 16:31:11,946 - DEBUG - Seen 5320 genes until now
2020-08-27 16:31:11,946 - DEBUG - Parsing Chromosome 11 strand + [line 402909]
2020-08-27 16:31:12,277 - DEBUG - Done with 11+ [line 482591]
2020-08-27 16:31:12,277 - DEBUG - Assigning indexes to genes
2020-08-27 16:31:12,549 - DEBUG - Seen 6305 genes until now
2020-08-27 16:31:12,550 - DEBUG - Parsing Chromosome 12 strand - [line 482592]
2020-08-27 16:31:12,874 - DEBUG - Done with 12- [line 559278]
2020-08-27 16:31:12,874 - DEBUG - Assigning indexes to genes
2020-08-27 16:31:12,880 - DEBUG - Seen 7177 genes until now
2020-08-27 16:31:12,880 - DEBUG - Parsing Chromosome 12 strand + [line 559279]
2020-08-27 16:31:13,196 - DEBUG - Done with 12+ [line 635173]
2020-08-27 16:31:13,196 - DEBUG - Assigning indexes to genes
2020-08-27 16:31:13,202 - DEBUG - Seen 8070 genes until now
2020-08-27 16:31:13,203 - DEBUG - Parsing Chromosome 13 strand - [line 635174]
2020-08-27 16:31:13,621 - DEBUG - Done with 13- [line 653523]
2020-08-27 16:31:13,621 - DEBUG - Assigning indexes to genes
2020-08-27 16:31:13,623 - DEBUG - Seen 8400 genes until now
2020-08-27 16:31:13,623 - DEBUG - Parsing Chromosome 13 strand + [line 653524]
2020-08-27 16:31:13,705 - DEBUG - Done with 13+ [line 673091]
2020-08-27 16:31:13,705 - DEBUG - Assigning indexes to genes
2020-08-27 16:31:13,706 - DEBUG - Seen 8736 genes until now
2020-08-27 16:31:13,706 - DEBUG - Parsing Chromosome 14 strand - [line 673092]
2020-08-27 16:31:13,889 - DEBUG - Done with 14- [line 716831]
2020-08-27 16:31:13,889 - DEBUG - Assigning indexes to genes
2020-08-27 16:31:13,892 - DEBUG - Seen 9452 genes until now
2020-08-27 16:31:13,892 - DEBUG - Parsing Chromosome 14 strand + [line 716832]
2020-08-27 16:31:14,091 - DEBUG - Done with 14+ [line 764942]
2020-08-27 16:31:14,091 - DEBUG - Assigning indexes to genes
2020-08-27 16:31:14,095 - DEBUG - Seen 10121 genes until now
2020-08-27 16:31:14,095 - DEBUG - Parsing Chromosome 15 strand - [line 764943]
2020-08-27 16:31:14,302 - DEBUG - Done with 15- [line 813803]
2020-08-27 16:31:14,302 - DEBUG - Assigning indexes to genes
2020-08-27 16:31:14,305 - DEBUG - Seen 10698 genes until now
2020-08-27 16:31:14,306 - DEBUG - Parsing Chromosome 15 strand + [line 813804]
2020-08-27 16:31:14,488 - DEBUG - Done with 15+ [line 857859]
2020-08-27 16:31:14,488 - DEBUG - Assigning indexes to genes
2020-08-27 16:31:14,492 - DEBUG - Seen 11256 genes until now
2020-08-27 16:31:14,492 - DEBUG - Parsing Chromosome 16 strand - [line 857860]
2020-08-27 16:31:15,045 - DEBUG - Done with 16- [line 911118]
2020-08-27 16:31:15,045 - DEBUG - Assigning indexes to genes
2020-08-27 16:31:15,050 - DEBUG - Seen 11998 genes until now
2020-08-27 16:31:15,050 - DEBUG - Parsing Chromosome 16 strand + [line 911119]
2020-08-27 16:31:15,339 - DEBUG - Done with 16+ [line 981663]
2020-08-27 16:31:15,339 - DEBUG - Assigning indexes to genes
2020-08-27 16:31:15,345 - DEBUG - Seen 12787 genes until now
2020-08-27 16:31:15,345 - DEBUG - Parsing Chromosome 17 strand - [line 981664]
2020-08-27 16:31:15,702 - DEBUG - Done with 17- [line 1066635]
2020-08-27 16:31:15,702 - DEBUG - Assigning indexes to genes
2020-08-27 16:31:15,709 - DEBUG - Seen 13775 genes until now
2020-08-27 16:31:15,709 - DEBUG - Parsing Chromosome 17 strand + [line 1066636]
2020-08-27 16:31:16,442 - DEBUG - Done with 17+ [line 1143834]
2020-08-27 16:31:16,442 - DEBUG - Assigning indexes to genes
2020-08-27 16:31:16,450 - DEBUG - Seen 14681 genes until now
2020-08-27 16:31:16,450 - DEBUG - Parsing Chromosome 18 strand - [line 1143835]
2020-08-27 16:31:16,554 - DEBUG - Done with 18- [line 1168496]
2020-08-27 16:31:16,554 - DEBUG - Assigning indexes to genes
2020-08-27 16:31:16,556 - DEBUG - Seen 15006 genes until now
2020-08-27 16:31:16,556 - DEBUG - Parsing Chromosome 18 strand + [line 1168497]
2020-08-27 16:31:16,643 - DEBUG - Done with 18+ [line 1189691]
2020-08-27 16:31:16,643 - DEBUG - Assigning indexes to genes
2020-08-27 16:31:16,645 - DEBUG - Seen 15343 genes until now
2020-08-27 16:31:16,645 - DEBUG - Parsing Chromosome 19 strand - [line 1189692]
2020-08-27 16:31:16,967 - DEBUG - Done with 19- [line 1268854]
2020-08-27 16:31:16,967 - DEBUG - Assigning indexes to genes
2020-08-27 16:31:16,974 - DEBUG - Seen 16352 genes until now
2020-08-27 16:31:16,974 - DEBUG - Parsing Chromosome 19 strand + [line 1268855]
2020-08-27 16:31:17,304 - DEBUG - Done with 19+ [line 1351833]
2020-08-27 16:31:17,304 - DEBUG - Assigning indexes to genes
2020-08-27 16:31:17,311 - DEBUG - Seen 17347 genes until now
2020-08-27 16:31:17,312 - DEBUG - Parsing Chromosome 2 strand - [line 1351834]
2020-08-27 16:31:17,723 - DEBUG - Done with 2- [line 1448710]
2020-08-27 16:31:17,723 - DEBUG - Assigning indexes to genes
2020-08-27 16:31:17,730 - DEBUG - Seen 18472 genes until now
2020-08-27 16:31:17,730 - DEBUG - Parsing Chromosome 2 strand + [line 1448711]
2020-08-27 16:31:18,559 - DEBUG - Done with 2+ [line 1542602]
2020-08-27 16:31:18,560 - DEBUG - Assigning indexes to genes
2020-08-27 16:31:18,568 - DEBUG - Seen 19632 genes until now
2020-08-27 16:31:18,568 - DEBUG - Parsing Chromosome 20 strand - [line 1542603]
2020-08-27 16:31:18,678 - DEBUG - Done with 20- [line 1569195]
2020-08-27 16:31:18,678 - DEBUG - Assigning indexes to genes
2020-08-27 16:31:18,680 - DEBUG - Seen 20079 genes until now
2020-08-27 16:31:18,680 - DEBUG - Parsing Chromosome 20 strand + [line 1569196]
2020-08-27 16:31:18,809 - DEBUG - Done with 20+ [line 1600541]
2020-08-27 16:31:18,809 - DEBUG - Assigning indexes to genes
2020-08-27 16:31:18,811 - DEBUG - Seen 20527 genes until now
2020-08-27 16:31:18,811 - DEBUG - Parsing Chromosome 21 strand - [line 1600542]
2020-08-27 16:31:18,869 - DEBUG - Done with 21- [line 1614106]
2020-08-27 16:31:18,869 - DEBUG - Assigning indexes to genes
2020-08-27 16:31:18,870 - DEBUG - Seen 20795 genes until now
2020-08-27 16:31:18,871 - DEBUG - Parsing Chromosome 21 strand + [line 1614107]
2020-08-27 16:31:18,932 - DEBUG - Done with 21+ [line 1628392]
2020-08-27 16:31:18,932 - DEBUG - Assigning indexes to genes
2020-08-27 16:31:18,934 - DEBUG - Seen 21029 genes until now
2020-08-27 16:31:18,934 - DEBUG - Parsing Chromosome 22 strand - [line 1628393]
2020-08-27 16:31:19,040 - DEBUG - Done with 22- [line 1653805]
2020-08-27 16:31:19,040 - DEBUG - Assigning indexes to genes
2020-08-27 16:31:19,042 - DEBUG - Seen 21391 genes until now
2020-08-27 16:31:19,042 - DEBUG - Parsing Chromosome 22 strand + [line 1653806]
2020-08-27 16:31:19,168 - DEBUG - Done with 22+ [line 1684245]
2020-08-27 16:31:19,168 - DEBUG - Assigning indexes to genes
2020-08-27 16:31:19,172 - DEBUG - Seen 21866 genes until now
2020-08-27 16:31:19,172 - DEBUG - Parsing Chromosome 3 strand - [line 1684246]
2020-08-27 16:31:19,508 - DEBUG - Done with 3- [line 1763939]
2020-08-27 16:31:19,508 - DEBUG - Assigning indexes to genes
2020-08-27 16:31:19,514 - DEBUG - Seen 22713 genes until now
2020-08-27 16:31:19,514 - DEBUG - Parsing Chromosome 3 strand + [line 1763940]
2020-08-27 16:31:19,852 - DEBUG - Done with 3+ [line 1844840]
2020-08-27 16:31:19,852 - DEBUG - Assigning indexes to genes
2020-08-27 16:31:19,858 - DEBUG - Seen 23585 genes until now
2020-08-27 16:31:19,858 - DEBUG - Parsing Chromosome 4 strand - [line 1844841]
2020-08-27 16:31:20,623 - DEBUG - Done with 4- [line 1898665]
2020-08-27 16:31:20,623 - DEBUG - Assigning indexes to genes
2020-08-27 16:31:20,628 - DEBUG - Seen 24246 genes until now
2020-08-27 16:31:20,628 - DEBUG - Parsing Chromosome 4 strand + [line 1898666]
2020-08-27 16:31:20,828 - DEBUG - Done with 4+ [line 1947617]
2020-08-27 16:31:20,828 - DEBUG - Assigning indexes to genes
2020-08-27 16:31:20,832 - DEBUG - Seen 24938 genes until now
2020-08-27 16:31:20,832 - DEBUG - Parsing Chromosome 5 strand - [line 1947618]
2020-08-27 16:31:21,061 - DEBUG - Done with 5- [line 2001140]
2020-08-27 16:31:21,061 - DEBUG - Assigning indexes to genes
2020-08-27 16:31:21,066 - DEBUG - Seen 25741 genes until now
2020-08-27 16:31:21,066 - DEBUG - Parsing Chromosome 5 strand + [line 2001141]
2020-08-27 16:31:21,318 - DEBUG - Done with 5+ [line 2062165]
2020-08-27 16:31:21,318 - DEBUG - Assigning indexes to genes
2020-08-27 16:31:21,323 - DEBUG - Seen 26599 genes until now
2020-08-27 16:31:21,323 - DEBUG - Parsing Chromosome 6 strand - [line 2062166]
2020-08-27 16:31:21,577 - DEBUG - Done with 6- [line 2121425]
2020-08-27 16:31:21,578 - DEBUG - Assigning indexes to genes
2020-08-27 16:31:21,582 - DEBUG - Seen 27435 genes until now
2020-08-27 16:31:21,582 - DEBUG - Parsing Chromosome 6 strand + [line 2121426]
2020-08-27 16:31:21,806 - DEBUG - Done with 6+ [line 2176078]
2020-08-27 16:31:21,806 - DEBUG - Assigning indexes to genes
2020-08-27 16:31:21,810 - DEBUG - Seen 28231 genes until now
2020-08-27 16:31:21,810 - DEBUG - Parsing Chromosome 7 strand - [line 2176079]
2020-08-27 16:31:22,059 - DEBUG - Done with 7- [line 2233605]
2020-08-27 16:31:22,059 - DEBUG - Assigning indexes to genes
2020-08-27 16:31:22,064 - DEBUG - Seen 28953 genes until now
2020-08-27 16:31:22,064 - DEBUG - Parsing Chromosome 7 strand + [line 2233606]
2020-08-27 16:31:22,323 - DEBUG - Done with 7+ [line 2295513]
2020-08-27 16:31:22,323 - DEBUG - Assigning indexes to genes
2020-08-27 16:31:22,328 - DEBUG - Seen 29770 genes until now
2020-08-27 16:31:22,328 - DEBUG - Parsing Chromosome 8 strand - [line 2295514]
2020-08-27 16:31:22,532 - DEBUG - Done with 8- [line 2343289]
2020-08-27 16:31:22,532 - DEBUG - Assigning indexes to genes
2020-08-27 16:31:22,536 - DEBUG - Seen 30442 genes until now
2020-08-27 16:31:22,536 - DEBUG - Parsing Chromosome 8 strand + [line 2343290]
2020-08-27 16:31:22,718 - DEBUG - Done with 8+ [line 2386793]
2020-08-27 16:31:22,718 - DEBUG - Assigning indexes to genes
2020-08-27 16:31:22,722 - DEBUG - Seen 31090 genes until now
2020-08-27 16:31:22,722 - DEBUG - Parsing Chromosome 9 strand - [line 2386794]
2020-08-27 16:31:23,511 - DEBUG - Done with 9- [line 2430389]
2020-08-27 16:31:23,511 - DEBUG - Assigning indexes to genes
2020-08-27 16:31:23,515 - DEBUG - Seen 31710 genes until now
2020-08-27 16:31:23,515 - DEBUG - Parsing Chromosome 9 strand + [line 2430390]
2020-08-27 16:31:23,712 - DEBUG - Done with 9+ [line 2477312]
2020-08-27 16:31:23,712 - DEBUG - Assigning indexes to genes
2020-08-27 16:31:23,716 - DEBUG - Seen 32318 genes until now
2020-08-27 16:31:23,716 - DEBUG - Parsing Chromosome GL000009.2 strand - [line 2477313]
2020-08-27 16:31:23,716 - DEBUG - Done with GL000009.2- [line 2477320]
2020-08-27 16:31:23,716 - DEBUG - Assigning indexes to genes
2020-08-27 16:31:23,716 - DEBUG - Seen 32319 genes until now
2020-08-27 16:31:23,716 - DEBUG - Parsing Chromosome GL000194.1 strand - [line 2477321]
2020-08-27 16:31:23,716 - DEBUG - Done with GL000194.1- [line 2477346]
2020-08-27 16:31:23,716 - DEBUG - Assigning indexes to genes
2020-08-27 16:31:23,716 - DEBUG - Seen 32321 genes until now
2020-08-27 16:31:23,716 - DEBUG - Parsing Chromosome GL000195.1 strand - [line 2477347]
2020-08-27 16:31:23,716 - DEBUG - Done with GL000195.1- [line 2477356]
2020-08-27 16:31:23,716 - DEBUG - Assigning indexes to genes
2020-08-27 16:31:23,716 - DEBUG - Seen 32322 genes until now
2020-08-27 16:31:23,717 - DEBUG - Parsing Chromosome GL000195.1 strand + [line 2477357]
2020-08-27 16:31:23,717 - DEBUG - Done with GL000195.1+ [line 2477370]
2020-08-27 16:31:23,717 - DEBUG - Assigning indexes to genes
2020-08-27 16:31:23,717 - DEBUG - Seen 32323 genes until now
2020-08-27 16:31:23,717 - DEBUG - Parsing Chromosome GL000205.2 strand - [line 2477371]
2020-08-27 16:31:23,717 - DEBUG - Done with GL000205.2- [line 2477384]
2020-08-27 16:31:23,717 - DEBUG - Assigning indexes to genes
2020-08-27 16:31:23,717 - DEBUG - Seen 32324 genes until now
2020-08-27 16:31:23,717 - DEBUG - Parsing Chromosome GL000213.1 strand - [line 2477385]
2020-08-27 16:31:23,717 - DEBUG - Done with GL000213.1- [line 2477433]
2020-08-27 16:31:23,717 - DEBUG - Assigning indexes to genes
2020-08-27 16:31:23,717 - DEBUG - Seen 32325 genes until now
2020-08-27 16:31:23,717 - DEBUG - Parsing Chromosome GL000218.1 strand - [line 2477434]
2020-08-27 16:31:23,717 - DEBUG - Done with GL000218.1- [line 2477441]
2020-08-27 16:31:23,717 - DEBUG - Assigning indexes to genes
2020-08-27 16:31:23,718 - DEBUG - Seen 32326 genes until now
2020-08-27 16:31:23,718 - DEBUG - Parsing Chromosome GL000219.1 strand - [line 2477442]
2020-08-27 16:31:23,718 - DEBUG - Done with GL000219.1- [line 2477453]
2020-08-27 16:31:23,718 - DEBUG - Assigning indexes to genes
2020-08-27 16:31:23,718 - DEBUG - Seen 32327 genes until now
2020-08-27 16:31:23,718 - DEBUG - Parsing Chromosome KI270711.1 strand - [line 2477454]
2020-08-27 16:31:23,718 - DEBUG - Done with KI270711.1- [line 2477604]
2020-08-27 16:31:23,718 - DEBUG - Assigning indexes to genes
2020-08-27 16:31:23,719 - DEBUG - Seen 32328 genes until now
2020-08-27 16:31:23,719 - DEBUG - Parsing Chromosome KI270713.1 strand - [line 2477605]
2020-08-27 16:31:23,719 - DEBUG - Done with KI270713.1- [line 2477612]
2020-08-27 16:31:23,719 - DEBUG - Assigning indexes to genes
2020-08-27 16:31:23,719 - DEBUG - Seen 32329 genes until now
2020-08-27 16:31:23,719 - DEBUG - Parsing Chromosome KI270713.1 strand + [line 2477613]
2020-08-27 16:31:23,719 - DEBUG - Done with KI270713.1+ [line 2477618]
2020-08-27 16:31:23,719 - DEBUG - Assigning indexes to genes
2020-08-27 16:31:23,719 - DEBUG - Seen 32330 genes until now
2020-08-27 16:31:23,719 - DEBUG - Parsing Chromosome KI270721.1 strand + [line 2477619]
2020-08-27 16:31:23,719 - DEBUG - Done with KI270721.1+ [line 2477634]
2020-08-27 16:31:23,719 - DEBUG - Assigning indexes to genes
2020-08-27 16:31:23,719 - DEBUG - Seen 32331 genes until now
2020-08-27 16:31:23,719 - DEBUG - Parsing Chromosome KI270726.1 strand + [line 2477635]
2020-08-27 16:31:23,719 - DEBUG - Done with KI270726.1+ [line 2477645]
2020-08-27 16:31:23,719 - DEBUG - Assigning indexes to genes
2020-08-27 16:31:23,719 - DEBUG - Seen 32333 genes until now
2020-08-27 16:31:23,719 - DEBUG - Parsing Chromosome KI270727.1 strand - [line 2477646]
2020-08-27 16:31:23,720 - DEBUG - Done with KI270727.1- [line 2477704]
2020-08-27 16:31:23,720 - DEBUG - Assigning indexes to genes
2020-08-27 16:31:23,720 - DEBUG - Seen 32335 genes until now
2020-08-27 16:31:23,720 - DEBUG - Parsing Chromosome KI270727.1 strand + [line 2477705]
2020-08-27 16:31:23,720 - DEBUG - Done with KI270727.1+ [line 2477719]
2020-08-27 16:31:23,720 - DEBUG - Assigning indexes to genes
2020-08-27 16:31:23,720 - DEBUG - Seen 32337 genes until now
2020-08-27 16:31:23,720 - DEBUG - Parsing Chromosome KI270728.1 strand - [line 2477720]
2020-08-27 16:31:23,720 - DEBUG - Done with KI270728.1- [line 2477796]
2020-08-27 16:31:23,720 - DEBUG - Assigning indexes to genes
2020-08-27 16:31:23,720 - DEBUG - Seen 32339 genes until now
2020-08-27 16:31:23,720 - DEBUG - Parsing Chromosome KI270728.1 strand + [line 2477797]
2020-08-27 16:31:23,721 - DEBUG - Done with KI270728.1+ [line 2477833]
2020-08-27 16:31:23,721 - DEBUG - Assigning indexes to genes
2020-08-27 16:31:23,721 - DEBUG - Seen 32343 genes until now
2020-08-27 16:31:23,721 - DEBUG - Parsing Chromosome KI270731.1 strand - [line 2477834]
2020-08-27 16:31:23,721 - DEBUG - Done with KI270731.1- [line 2477840]
2020-08-27 16:31:23,721 - DEBUG - Assigning indexes to genes
2020-08-27 16:31:23,721 - DEBUG - Seen 32344 genes until now
2020-08-27 16:31:23,721 - DEBUG - Parsing Chromosome KI270734.1 strand - [line 2477841]
2020-08-27 16:31:23,721 - DEBUG - Done with KI270734.1- [line 2477909]
2020-08-27 16:31:23,721 - DEBUG - Assigning indexes to genes
2020-08-27 16:31:23,721 - DEBUG - Seen 32345 genes until now
2020-08-27 16:31:23,721 - DEBUG - Parsing Chromosome KI270734.1 strand + [line 2477910]
2020-08-27 16:31:23,721 - DEBUG - Done with KI270734.1+ [line 2477932]
2020-08-27 16:31:23,722 - DEBUG - Assigning indexes to genes
2020-08-27 16:31:23,722 - DEBUG - Seen 32347 genes until now
2020-08-27 16:31:23,722 - DEBUG - Parsing Chromosome MT strand - [line 2477933]
2020-08-27 16:31:23,722 - DEBUG - Done with MT- [line 2477938]
2020-08-27 16:31:23,722 - DEBUG - Assigning indexes to genes
2020-08-27 16:31:23,722 - DEBUG - Seen 32348 genes until now
2020-08-27 16:31:23,722 - DEBUG - Parsing Chromosome MT strand + [line 2477939]
2020-08-27 16:31:23,722 - DEBUG - Done with MT+ [line 2478004]
2020-08-27 16:31:23,722 - DEBUG - Assigning indexes to genes
2020-08-27 16:31:23,722 - DEBUG - Seen 32360 genes until now
2020-08-27 16:31:23,722 - DEBUG - Parsing Chromosome X strand - [line 2478005]
2020-08-27 16:31:23,888 - DEBUG - Done with X- [line 2518937]
2020-08-27 16:31:23,888 - DEBUG - Assigning indexes to genes
2020-08-27 16:31:23,891 - DEBUG - Seen 32876 genes until now
2020-08-27 16:31:23,891 - DEBUG - Parsing Chromosome X strand + [line 2518938]
2020-08-27 16:31:24,056 - DEBUG - Done with X+ [line 2560301]
2020-08-27 16:31:24,057 - DEBUG - Assigning indexes to genes
2020-08-27 16:31:24,060 - DEBUG - Seen 33438 genes until now
2020-08-27 16:31:24,060 - DEBUG - Parsing Chromosome Y strand - [line 2560302]
2020-08-27 16:31:24,069 - DEBUG - Done with Y- [line 2562446]
2020-08-27 16:31:24,069 - DEBUG - Assigning indexes to genes
2020-08-27 16:31:24,069 - DEBUG - Seen 33485 genes until now
2020-08-27 16:31:24,069 - DEBUG - Parsing Chromosome Y strand + [line 2562447]
2020-08-27 16:31:24,080 - DEBUG - Assigning indexes to genes
2020-08-27 16:31:24,080 - DEBUG - Done with Y+ [line 2565059]
2020-08-27 16:31:24,080 - DEBUG - Fixing corner cases of transcript models containg intron longer than 1000Kbp
2020-08-27 16:31:25,815 - DEBUG - Generated 2165800 features corresponding to 172912 transcript models from /net/isi-dcnl/ifs/user_data/abild/Genomes/refdata-cellranger-GRCh38-3.0.0/genes/genes.gtf
2020-08-27 16:31:25,844 - INFO - Scan /net/isi-dcnl/ifs/user_data/abild/Megatron_data/COH044/FELINE/FEL012016.mRNA/FEL016_count03/FEL016_S/outs/possorted_genome_bam.bam to validate intron intervals
2020-08-27 16:31:29,781 - DEBUG - Reading /net/isi-dcnl/ifs/user_data/abild/Megatron_data/COH044/FELINE/FEL012016.mRNA/FEL016_count03/FEL016_S/outs/possorted_genome_bam.bam
2020-08-27 16:31:29,797 - DEBUG - Read first 0 million reads
2020-08-27 16:31:29,798 - DEBUG - Marking up chromosome 1
2020-08-27 16:33:00,937 - DEBUG - Read first 10 million reads
2020-08-27 16:33:41,730 - DEBUG - Marking up chromosome 10
2020-08-27 16:34:44,749 - DEBUG - Read first 20 million reads
2020-08-27 16:34:51,772 - DEBUG - Marking up chromosome 11
2020-08-27 16:37:00,645 - DEBUG - Read first 30 million reads
2020-08-27 16:37:05,122 - DEBUG - Marking up chromosome 12
2020-08-27 16:38:16,729 - DEBUG - Marking up chromosome 13
2020-08-27 16:38:25,783 - DEBUG - Read first 40 million reads
2020-08-27 16:38:47,388 - DEBUG - Marking up chromosome 14
2020-08-27 16:39:38,583 - DEBUG - Marking up chromosome 15
2020-08-27 16:40:13,753 - DEBUG - Read first 50 million reads
2020-08-27 16:40:23,294 - DEBUG - Marking up chromosome 16
2020-08-27 16:41:26,067 - DEBUG - Marking up chromosome 17
2020-08-27 16:41:54,989 - DEBUG - Read first 60 million reads
2020-08-27 16:42:48,071 - DEBUG - Marking up chromosome 18
2020-08-27 16:43:16,449 - DEBUG - Marking up chromosome 19
2020-08-27 16:43:49,957 - DEBUG - Read first 70 million reads
2020-08-27 16:44:19,995 - DEBUG - Marking up chromosome 2
2020-08-27 16:45:35,868 - DEBUG - Read first 80 million reads
2020-08-27 16:46:06,431 - DEBUG - Marking up chromosome 20
2020-08-27 16:46:39,596 - DEBUG - Marking up chromosome 21
2020-08-27 16:46:48,359 - DEBUG - Read first 90 million reads
2020-08-27 16:47:09,665 - DEBUG - Read first 100 million reads
2020-08-27 16:47:30,847 - DEBUG - Read first 110 million reads
2020-08-27 16:47:52,085 - DEBUG - Read first 120 million reads
2020-08-27 16:48:13,387 - DEBUG - Read first 130 million reads
2020-08-27 16:48:34,525 - DEBUG - Read first 140 million reads
2020-08-27 16:48:55,868 - DEBUG - Read first 150 million reads
2020-08-27 16:49:22,775 - DEBUG - Marking up chromosome 22
2020-08-27 16:49:52,979 - DEBUG - Marking up chromosome 3
2020-08-27 16:50:05,078 - DEBUG - Read first 160 million reads
2020-08-27 16:51:24,495 - DEBUG - Marking up chromosome 4
2020-08-27 16:51:58,011 - DEBUG - Read first 170 million reads
2020-08-27 16:52:14,061 - DEBUG - Marking up chromosome 5
2020-08-27 16:53:24,186 - DEBUG - Marking up chromosome 6
2020-08-27 16:53:33,959 - DEBUG - Read first 180 million reads
2020-08-27 16:54:28,761 - DEBUG - Marking up chromosome 7
2020-08-27 16:55:11,970 - DEBUG - Read first 190 million reads
2020-08-27 16:55:39,123 - DEBUG - Marking up chromosome 8
2020-08-27 16:56:45,954 - DEBUG - Marking up chromosome 9
2020-08-27 16:56:57,198 - DEBUG - Read first 200 million reads
2020-08-27 16:57:38,307 - DEBUG - Marking up chromosome MT
2020-08-27 16:57:41,953 - DEBUG - Marking up chromosome X
2020-08-27 16:58:13,935 - DEBUG - Marking up chromosome Y
2020-08-27 16:58:14,030 - DEBUG - Marking up chromosome KI270728.1
2020-08-27 16:58:14,038 - DEBUG - Marking up chromosome KI270727.1
2020-08-27 16:58:14,049 - DEBUG - Marking up chromosome KI270442.1
2020-08-27 16:58:14,050 - WARNING - The .bam file refers to a chromosome 'KI270442.1+' not present in the annotation (.gtf) file
2020-08-27 16:58:14,050 - WARNING - The .bam file refers to a chromosome 'KI270442.1-' not present in the annotation (.gtf) file
2020-08-27 16:58:14,064 - DEBUG - Marking up chromosome KI270729.1
2020-08-27 16:58:14,064 - WARNING - The .bam file refers to a chromosome 'KI270729.1+' not present in the annotation (.gtf) file
2020-08-27 16:58:14,064 - WARNING - The .bam file refers to a chromosome 'KI270729.1-' not present in the annotation (.gtf) file
2020-08-27 16:58:14,065 - DEBUG - Marking up chromosome GL000225.1
2020-08-27 16:58:14,065 - WARNING - The .bam file refers to a chromosome 'GL000225.1+' not present in the annotation (.gtf) file
2020-08-27 16:58:14,065 - WARNING - The .bam file refers to a chromosome 'GL000225.1-' not present in the annotation (.gtf) file
2020-08-27 16:58:14,065 - DEBUG - Marking up chromosome KI270743.1
2020-08-27 16:58:14,065 - WARNING - The .bam file refers to a chromosome 'KI270743.1+' not present in the annotation (.gtf) file
2020-08-27 16:58:14,065 - WARNING - The .bam file refers to a chromosome 'KI270743.1-' not present in the annotation (.gtf) file
2020-08-27 16:58:14,072 - DEBUG - Marking up chromosome GL000008.2
2020-08-27 16:58:14,072 - WARNING - The .bam file refers to a chromosome 'GL000008.2+' not present in the annotation (.gtf) file
2020-08-27 16:58:14,072 - WARNING - The .bam file refers to a chromosome 'GL000008.2-' not present in the annotation (.gtf) file
2020-08-27 16:58:14,080 - DEBUG - Marking up chromosome GL000009.2
2020-08-27 16:58:14,081 - WARNING - The .bam file refers to a chromosome 'GL000009.2+' not present in the annotation (.gtf) file
2020-08-27 16:58:14,093 - DEBUG - Marking up chromosome KI270747.1
2020-08-27 16:58:14,093 - WARNING - The .bam file refers to a chromosome 'KI270747.1+' not present in the annotation (.gtf) file
2020-08-27 16:58:14,093 - WARNING - The .bam file refers to a chromosome 'KI270747.1-' not present in the annotation (.gtf) file
2020-08-27 16:58:14,094 - DEBUG - Marking up chromosome KI270722.1
2020-08-27 16:58:14,094 - WARNING - The .bam file refers to a chromosome 'KI270722.1+' not present in the annotation (.gtf) file
2020-08-27 16:58:14,094 - WARNING - The .bam file refers to a chromosome 'KI270722.1-' not present in the annotation (.gtf) file
2020-08-27 16:58:14,094 - DEBUG - Marking up chromosome GL000194.1
2020-08-27 16:58:14,095 - WARNING - The .bam file refers to a chromosome 'GL000194.1+' not present in the annotation (.gtf) file
2020-08-27 16:58:14,249 - DEBUG - Marking up chromosome KI270742.1
2020-08-27 16:58:14,249 - WARNING - The .bam file refers to a chromosome 'KI270742.1+' not present in the annotation (.gtf) file
2020-08-27 16:58:14,249 - WARNING - The .bam file refers to a chromosome 'KI270742.1-' not present in the annotation (.gtf) file
2020-08-27 16:58:14,268 - DEBUG - Marking up chromosome GL000205.2
2020-08-27 16:58:14,268 - WARNING - The .bam file refers to a chromosome 'GL000205.2+' not present in the annotation (.gtf) file
2020-08-27 16:58:14,311 - DEBUG - Marking up chromosome GL000195.1
2020-08-27 16:58:14,397 - DEBUG - Marking up chromosome KI270733.1
2020-08-27 16:58:14,397 - WARNING - The .bam file refers to a chromosome 'KI270733.1+' not present in the annotation (.gtf) file
2020-08-27 16:58:14,397 - WARNING - The .bam file refers to a chromosome 'KI270733.1-' not present in the annotation (.gtf) file
2020-08-27 16:58:17,456 - DEBUG - Read first 210 million reads
2020-08-27 16:58:38,289 - DEBUG - Read first 220 million reads
2020-08-27 16:58:59,835 - DEBUG - Read first 230 million reads
2020-08-27 16:59:20,791 - DEBUG - Read first 240 million reads
2020-08-27 16:59:29,960 - DEBUG - Marking up chromosome GL000224.1
2020-08-27 16:59:29,960 - WARNING - The .bam file refers to a chromosome 'GL000224.1+' not present in the annotation (.gtf) file
2020-08-27 16:59:29,960 - WARNING - The .bam file refers to a chromosome 'GL000224.1-' not present in the annotation (.gtf) file
2020-08-27 16:59:29,968 - DEBUG - Marking up chromosome GL000219.1
2020-08-27 16:59:29,968 - WARNING - The .bam file refers to a chromosome 'GL000219.1+' not present in the annotation (.gtf) file
2020-08-27 16:59:30,179 - DEBUG - Marking up chromosome KI270719.1
2020-08-27 16:59:30,179 - WARNING - The .bam file refers to a chromosome 'KI270719.1+' not present in the annotation (.gtf) file
2020-08-27 16:59:30,179 - WARNING - The .bam file refers to a chromosome 'KI270719.1-' not present in the annotation (.gtf) file
2020-08-27 16:59:30,199 - DEBUG - Marking up chromosome GL000216.2
2020-08-27 16:59:30,199 - WARNING - The .bam file refers to a chromosome 'GL000216.2+' not present in the annotation (.gtf) file
2020-08-27 16:59:30,199 - WARNING - The .bam file refers to a chromosome 'GL000216.2-' not present in the annotation (.gtf) file
2020-08-27 16:59:30,200 - DEBUG - Marking up chromosome KI270712.1
2020-08-27 16:59:30,200 - WARNING - The .bam file refers to a chromosome 'KI270712.1+' not present in the annotation (.gtf) file
2020-08-27 16:59:30,200 - WARNING - The .bam file refers to a chromosome 'KI270712.1-' not present in the annotation (.gtf) file
2020-08-27 16:59:30,207 - DEBUG - Marking up chromosome KI270706.1
2020-08-27 16:59:30,207 - WARNING - The .bam file refers to a chromosome 'KI270706.1+' not present in the annotation (.gtf) file
2020-08-27 16:59:30,207 - WARNING - The .bam file refers to a chromosome 'KI270706.1-' not present in the annotation (.gtf) file
2020-08-27 16:59:30,255 - DEBUG - Marking up chromosome KI270725.1
2020-08-27 16:59:30,255 - WARNING - The .bam file refers to a chromosome 'KI270725.1+' not present in the annotation (.gtf) file
2020-08-27 16:59:30,255 - WARNING - The .bam file refers to a chromosome 'KI270725.1-' not present in the annotation (.gtf) file
2020-08-27 16:59:30,256 - DEBUG - Marking up chromosome KI270744.1
2020-08-27 16:59:30,257 - WARNING - The .bam file refers to a chromosome 'KI270744.1+' not present in the annotation (.gtf) file
2020-08-27 16:59:30,257 - WARNING - The .bam file refers to a chromosome 'KI270744.1-' not present in the annotation (.gtf) file
2020-08-27 16:59:30,268 - DEBUG - Marking up chromosome KI270734.1
2020-08-27 16:59:30,280 - DEBUG - Marking up chromosome GL000213.1
2020-08-27 16:59:30,281 - WARNING - The .bam file refers to a chromosome 'GL000213.1+' not present in the annotation (.gtf) file
2020-08-27 16:59:30,289 - DEBUG - Marking up chromosome GL000220.1
2020-08-27 16:59:30,289 - WARNING - The .bam file refers to a chromosome 'GL000220.1+' not present in the annotation (.gtf) file
2020-08-27 16:59:30,289 - WARNING - The .bam file refers to a chromosome 'GL000220.1-' not present in the annotation (.gtf) file
2020-08-27 16:59:42,134 - DEBUG - Read first 250 million reads
2020-08-27 17:00:03,160 - DEBUG - Read first 260 million reads
2020-08-27 17:00:24,304 - DEBUG - Read first 270 million reads
2020-08-27 17:00:45,308 - DEBUG - Read first 280 million reads
2020-08-27 17:00:45,498 - DEBUG - Marking up chromosome GL000218.1
2020-08-27 17:00:45,499 - WARNING - The .bam file refers to a chromosome 'GL000218.1+' not present in the annotation (.gtf) file
2020-08-27 17:00:45,610 - DEBUG - Marking up chromosome KI270749.1
2020-08-27 17:00:45,610 - WARNING - The .bam file refers to a chromosome 'KI270749.1+' not present in the annotation (.gtf) file
2020-08-27 17:00:45,610 - WARNING - The .bam file refers to a chromosome 'KI270749.1-' not present in the annotation (.gtf) file
2020-08-27 17:00:45,612 - DEBUG - Marking up chromosome KI270741.1
2020-08-27 17:00:45,612 - WARNING - The .bam file refers to a chromosome 'KI270741.1+' not present in the annotation (.gtf) file
2020-08-27 17:00:45,612 - WARNING - The .bam file refers to a chromosome 'KI270741.1-' not present in the annotation (.gtf) file
2020-08-27 17:00:45,612 - DEBUG - Marking up chromosome GL000221.1
2020-08-27 17:00:45,613 - WARNING - The .bam file refers to a chromosome 'GL000221.1+' not present in the annotation (.gtf) file
2020-08-27 17:00:45,613 - WARNING - The .bam file refers to a chromosome 'GL000221.1-' not present in the annotation (.gtf) file
2020-08-27 17:00:45,633 - DEBUG - Marking up chromosome KI270731.1
2020-08-27 17:00:45,633 - WARNING - The .bam file refers to a chromosome 'KI270731.1+' not present in the annotation (.gtf) file
2020-08-27 17:00:45,642 - DEBUG - Marking up chromosome KI270751.1
2020-08-27 17:00:45,642 - WARNING - The .bam file refers to a chromosome 'KI270751.1+' not present in the annotation (.gtf) file
2020-08-27 17:00:45,642 - WARNING - The .bam file refers to a chromosome 'KI270751.1-' not present in the annotation (.gtf) file
2020-08-27 17:00:45,643 - DEBUG - Marking up chromosome KI270519.1
2020-08-27 17:00:45,643 - WARNING - The .bam file refers to a chromosome 'KI270519.1+' not present in the annotation (.gtf) file
2020-08-27 17:00:45,643 - WARNING - The .bam file refers to a chromosome 'KI270519.1-' not present in the annotation (.gtf) file
2020-08-27 17:00:45,644 - DEBUG - Marking up chromosome GL000214.1
2020-08-27 17:00:45,644 - WARNING - The .bam file refers to a chromosome 'GL000214.1+' not present in the annotation (.gtf) file
2020-08-27 17:00:45,644 - WARNING - The .bam file refers to a chromosome 'GL000214.1-' not present in the annotation (.gtf) file
2020-08-27 17:00:45,652 - DEBUG - Marking up chromosome KI270708.1
2020-08-27 17:00:45,652 - WARNING - The .bam file refers to a chromosome 'KI270708.1+' not present in the annotation (.gtf) file
2020-08-27 17:00:45,652 - WARNING - The .bam file refers to a chromosome 'KI270708.1-' not present in the annotation (.gtf) file
2020-08-27 17:00:45,653 - DEBUG - Marking up chromosome KI270730.1
2020-08-27 17:00:45,653 - WARNING - The .bam file refers to a chromosome 'KI270730.1+' not present in the annotation (.gtf) file
2020-08-27 17:00:45,653 - WARNING - The .bam file refers to a chromosome 'KI270730.1-' not present in the annotation (.gtf) file
2020-08-27 17:00:45,653 - DEBUG - Marking up chromosome KI270438.1
2020-08-27 17:00:45,653 - WARNING - The .bam file refers to a chromosome 'KI270438.1+' not present in the annotation (.gtf) file
2020-08-27 17:00:45,653 - WARNING - The .bam file refers to a chromosome 'KI270438.1-' not present in the annotation (.gtf) file
2020-08-27 17:00:45,660 - DEBUG - Marking up chromosome KI270721.1
2020-08-27 17:00:45,660 - WARNING - The .bam file refers to a chromosome 'KI270721.1-' not present in the annotation (.gtf) file
2020-08-27 17:00:45,679 - DEBUG - Marking up chromosome KI270738.1
2020-08-27 17:00:45,679 - WARNING - The .bam file refers to a chromosome 'KI270738.1+' not present in the annotation (.gtf) file
2020-08-27 17:00:45,679 - WARNING - The .bam file refers to a chromosome 'KI270738.1-' not present in the annotation (.gtf) file
2020-08-27 17:00:45,683 - DEBUG - Marking up chromosome GL000208.1
2020-08-27 17:00:45,683 - WARNING - The .bam file refers to a chromosome 'GL000208.1+' not present in the annotation (.gtf) file
2020-08-27 17:00:45,683 - WARNING - The .bam file refers to a chromosome 'GL000208.1-' not present in the annotation (.gtf) file
2020-08-27 17:00:45,683 - DEBUG - Marking up chromosome KI270538.1
2020-08-27 17:00:45,683 - WARNING - The .bam file refers to a chromosome 'KI270538.1+' not present in the annotation (.gtf) file
2020-08-27 17:00:45,683 - WARNING - The .bam file refers to a chromosome 'KI270538.1-' not present in the annotation (.gtf) file
2020-08-27 17:00:45,684 - DEBUG - Marking up chromosome KI270709.1
2020-08-27 17:00:45,684 - WARNING - The .bam file refers to a chromosome 'KI270709.1+' not present in the annotation (.gtf) file
2020-08-27 17:00:45,684 - WARNING - The .bam file refers to a chromosome 'KI270709.1-' not present in the annotation (.gtf) file
2020-08-27 17:00:45,684 - DEBUG - Marking up chromosome KI270746.1
2020-08-27 17:00:45,684 - WARNING - The .bam file refers to a chromosome 'KI270746.1+' not present in the annotation (.gtf) file
2020-08-27 17:00:45,684 - WARNING - The .bam file refers to a chromosome 'KI270746.1-' not present in the annotation (.gtf) file
2020-08-27 17:00:45,685 - DEBUG - Marking up chromosome KI270726.1
2020-08-27 17:00:45,685 - WARNING - The .bam file refers to a chromosome 'KI270726.1-' not present in the annotation (.gtf) file
2020-08-27 17:00:45,689 - DEBUG - Marking up chromosome KI270711.1
2020-08-27 17:00:45,689 - WARNING - The .bam file refers to a chromosome 'KI270711.1+' not present in the annotation (.gtf) file
2020-08-27 17:00:45,732 - DEBUG - Marking up chromosome KI270745.1
2020-08-27 17:00:45,732 - WARNING - The .bam file refers to a chromosome 'KI270745.1+' not present in the annotation (.gtf) file
2020-08-27 17:00:45,732 - WARNING - The .bam file refers to a chromosome 'KI270745.1-' not present in the annotation (.gtf) file
2020-08-27 17:00:45,754 - DEBUG - Marking up chromosome KI270714.1
2020-08-27 17:00:45,754 - WARNING - The .bam file refers to a chromosome 'KI270714.1+' not present in the annotation (.gtf) file
2020-08-27 17:00:45,754 - WARNING - The .bam file refers to a chromosome 'KI270714.1-' not present in the annotation (.gtf) file
2020-08-27 17:00:45,754 - DEBUG - Marking up chromosome KI270732.1
2020-08-27 17:00:45,754 - WARNING - The .bam file refers to a chromosome 'KI270732.1+' not present in the annotation (.gtf) file
2020-08-27 17:00:45,754 - WARNING - The .bam file refers to a chromosome 'KI270732.1-' not present in the annotation (.gtf) file
2020-08-27 17:00:45,755 - DEBUG - Marking up chromosome KI270713.1
2020-08-27 17:00:45,758 - DEBUG - Marking up chromosome KI270717.1
2020-08-27 17:00:45,758 - WARNING - The .bam file refers to a chromosome 'KI270717.1+' not present in the annotation (.gtf) file
2020-08-27 17:00:45,758 - WARNING - The .bam file refers to a chromosome 'KI270717.1-' not present in the annotation (.gtf) file
2020-08-27 17:00:45,761 - DEBUG - Marking up chromosome KI270720.1
2020-08-27 17:00:45,761 - WARNING - The .bam file refers to a chromosome 'KI270720.1+' not present in the annotation (.gtf) file
2020-08-27 17:00:45,761 - WARNING - The .bam file refers to a chromosome 'KI270720.1-' not present in the annotation (.gtf) file
2020-08-27 17:00:45,768 - DEBUG - Marking up chromosome KI270718.1
2020-08-27 17:00:45,768 - WARNING - The .bam file refers to a chromosome 'KI270718.1+' not present in the annotation (.gtf) file
2020-08-27 17:00:45,768 - WARNING - The .bam file refers to a chromosome 'KI270718.1-' not present in the annotation (.gtf) file
2020-08-27 17:00:45,828 - DEBUG - Marking up chromosome KI270755.1
2020-08-27 17:00:45,828 - WARNING - The .bam file refers to a chromosome 'KI270755.1+' not present in the annotation (.gtf) file
2020-08-27 17:00:45,828 - WARNING - The .bam file refers to a chromosome 'KI270755.1-' not present in the annotation (.gtf) file
2020-08-27 17:00:45,829 - DEBUG - Marking up chromosome KI270707.1
2020-08-27 17:00:45,829 - WARNING - The .bam file refers to a chromosome 'KI270707.1+' not present in the annotation (.gtf) file
2020-08-27 17:00:45,830 - WARNING - The .bam file refers to a chromosome 'KI270707.1-' not present in the annotation (.gtf) file
2020-08-27 17:00:45,836 - DEBUG - Marking up chromosome KI270512.1
2020-08-27 17:00:45,836 - WARNING - The .bam file refers to a chromosome 'KI270512.1+' not present in the annotation (.gtf) file
2020-08-27 17:00:45,836 - WARNING - The .bam file refers to a chromosome 'KI270512.1-' not present in the annotation (.gtf) file
2020-08-27 17:00:45,836 - DEBUG - Marking up chromosome KI270448.1
2020-08-27 17:00:45,836 - WARNING - The .bam file refers to a chromosome 'KI270448.1+' not present in the annotation (.gtf) file
2020-08-27 17:00:45,836 - WARNING - The .bam file refers to a chromosome 'KI270448.1-' not present in the annotation (.gtf) file
2020-08-27 17:00:45,836 - DEBUG - Marking up chromosome KI270584.1
2020-08-27 17:00:45,836 - WARNING - The .bam file refers to a chromosome 'KI270584.1+' not present in the annotation (.gtf) file
2020-08-27 17:00:45,836 - WARNING - The .bam file refers to a chromosome 'KI270584.1-' not present in the annotation (.gtf) file
2020-08-27 17:00:45,836 - DEBUG - Marking up chromosome KI270467.1
2020-08-27 17:00:45,836 - WARNING - The .bam file refers to a chromosome 'KI270467.1+' not present in the annotation (.gtf) file
2020-08-27 17:00:45,836 - WARNING - The .bam file refers to a chromosome 'KI270467.1-' not present in the annotation (.gtf) file
2020-08-27 17:00:45,837 - DEBUG - Marking up chromosome KI270330.1
2020-08-27 17:00:45,837 - WARNING - The .bam file refers to a chromosome 'KI270330.1+' not present in the annotation (.gtf) file
2020-08-27 17:00:45,837 - WARNING - The .bam file refers to a chromosome 'KI270330.1-' not present in the annotation (.gtf) file
2020-08-27 17:00:45,839 - DEBUG - Marking up chromosome KI270391.1
2020-08-27 17:00:45,839 - WARNING - The .bam file refers to a chromosome 'KI270391.1+' not present in the annotation (.gtf) file
2020-08-27 17:00:45,839 - WARNING - The .bam file refers to a chromosome 'KI270391.1-' not present in the annotation (.gtf) file
2020-08-27 17:01:04,032 - DEBUG - Read first 290 million reads
2020-08-27 17:01:15,583 - DEBUG - End of file. Reset index: start scanning from initial position.
2020-08-27 17:01:15,583 - DEBUG - 3394723 reads were skipped because no apropiate cell or umi barcode was found
2020-08-27 17:01:15,583 - DEBUG - Start molecule counting!
2020-08-27 17:01:19,643 - DEBUG - Features available for chromosomes : ['1-', '1+', '10-', '10+', '11-', '11+', '12-', '12+', '13-', '13+', '14-', '14+', '15-', '15+', '16-', '16+', '17-', '17+', '18-', '18+', '19-', '19+', '2-', '2+', '20-', '20+', '21-', '21+', '22-', '22+', '3-', '3+', '4-', '4+', '5-', '5+', '6-', '6+', '7-', '7+', '8-', '8+', '9-', '9+', 'GL000009.2-', 'GL000194.1-', 'GL000195.1-', 'GL000195.1+', 'GL000205.2-', 'GL000213.1-', 'GL000218.1-', 'GL000219.1-', 'KI270711.1-', 'KI270713.1-', 'KI270713.1+', 'KI270721.1+', 'KI270726.1+', 'KI270727.1-', 'KI270727.1+', 'KI270728.1-', 'KI270728.1+', 'KI270731.1-', 'KI270734.1-', 'KI270734.1+', 'MT-', 'MT+', 'X-', 'X+', 'Y-', 'Y+']
2020-08-27 17:01:19,643 - DEBUG - Mask available for chromosomes : []
2020-08-27 17:01:19,643 - DEBUG - Summarizing the results of intron validation.
2020-08-27 17:01:20,306 - DEBUG - Validated 376651 introns (of which unique intervals 119287) out of 996444 total possible introns (considering each possible transcript models).
2020-08-27 17:01:20,307 - DEBUG - Reading /net/isi-dcnl/ifs/user_data/abild/Megatron_data/COH044/FELINE/FEL012016.mRNA/FEL016_count03/FEL016_S/outs/cellsorted_possorted_genome_bam.bam
2020-08-27 17:01:20,342 - DEBUG - Read first 0 million reads
2020-08-27 17:01:44,854 - DEBUG - Read first 10 million reads
2020-08-27 17:02:07,725 - DEBUG - Read first 20 million reads
2020-08-27 17:02:27,646 - DEBUG - Read first 30 million reads
2020-08-27 17:03:00,004 - DEBUG - Read first 40 million reads
2020-08-27 17:03:49,661 - DEBUG - Read first 50 million reads
2020-08-27 17:04:44,359 - DEBUG - Read first 60 million reads
2020-08-27 17:05:32,831 - DEBUG - Read first 70 million reads
2020-08-27 17:05:53,521 - DEBUG - Counting for batch 1, containing 100 cells and 8744614 reads
2020-08-27 17:10:29,166 - DEBUG - 0 reads not considered because fully enclosed in repeat masked regions
2020-08-27 17:11:38,656 - DEBUG - Read first 80 million reads
2020-08-27 17:12:28,735 - DEBUG - Read first 90 million reads
2020-08-27 17:13:24,608 - DEBUG - Read first 100 million reads
2020-08-27 17:14:11,698 - DEBUG - Read first 110 million reads
2020-08-27 17:14:19,130 - DEBUG - Counting for batch 2, containing 100 cells and 8996905 reads
2020-08-27 17:19:13,601 - DEBUG - 0 reads not considered because fully enclosed in repeat masked regions
2020-08-27 17:20:40,241 - DEBUG - Read first 120 million reads
2020-08-27 17:21:32,727 - DEBUG - Read first 130 million reads
2020-08-27 17:22:12,955 - DEBUG - Read first 140 million reads
2020-08-27 17:23:04,526 - DEBUG - Read first 150 million reads
2020-08-27 17:23:49,852 - DEBUG - Counting for batch 3, containing 100 cells and 10627397 reads
2020-08-27 17:29:44,948 - DEBUG - 0 reads not considered because fully enclosed in repeat masked regions
2020-08-27 17:30:43,830 - DEBUG - Read first 160 million reads
2020-08-27 17:31:27,187 - DEBUG - Read first 170 million reads
2020-08-27 17:32:17,327 - DEBUG - Read first 180 million reads
2020-08-27 17:32:58,284 - DEBUG - Read first 190 million reads
2020-08-27 17:33:23,920 - DEBUG - Counting for batch 4, containing 100 cells and 8369508 reads
2020-08-27 17:37:59,118 - DEBUG - 0 reads not considered because fully enclosed in repeat masked regions
2020-08-27 17:38:56,836 - DEBUG - Read first 200 million reads
2020-08-27 17:39:48,115 - DEBUG - Read first 210 million reads
2020-08-27 17:40:38,294 - DEBUG - Read first 220 million reads
2020-08-27 17:41:25,553 - DEBUG - Read first 230 million reads
2020-08-27 17:41:53,992 - DEBUG - Counting for batch 5, containing 100 cells and 8424077 reads
2020-08-27 17:46:26,845 - DEBUG - 0 reads not considered because fully enclosed in repeat masked regions
2020-08-27 17:47:34,604 - DEBUG - Read first 240 million reads
2020-08-27 17:48:26,542 - DEBUG - Read first 250 million reads
2020-08-27 17:49:10,807 - DEBUG - Read first 260 million reads
2020-08-27 17:49:58,127 - DEBUG - Read first 270 million reads
2020-08-27 17:50:37,711 - DEBUG - Counting for batch 6, containing 100 cells and 10124213 reads
2020-08-27 17:55:58,456 - DEBUG - 0 reads not considered because fully enclosed in repeat masked regions
2020-08-27 17:56:57,779 - DEBUG - Read first 280 million reads
2020-08-27 17:57:51,140 - DEBUG - Read first 290 million reads
2020-08-27 17:58:24,765 - DEBUG - Counting for batch 7, containing 48 cells and 5012086 reads
2020-08-27 18:01:01,765 - DEBUG - 0 reads not considered because fully enclosed in repeat masked regions
2020-08-27 18:01:26,183 - DEBUG - 3394723 reads were skipped because no apropiate cell or umi barcode was found
2020-08-27 18:01:26,183 - DEBUG - Counting done!
2020-08-27 18:01:26,210 - DEBUG - Generating output file /net/isi-dcnl/ifs/user_data/abild/Megatron_data/COH044/FELINE/FEL012016.mRNA/FEL016_count03/FEL016_S/velocyto/FEL016_S.loom
2020-08-27 18:01:26,210 - DEBUG - Collecting row attributes
2020-08-27 18:01:26,311 - DEBUG - Generating data table
2020-08-27 18:01:26,526 - DEBUG - Writing loom file
2020-08-27 18:01:28,428 - DEBUG - Terminated Succesfully!
Start: 1598571054
End: 1598576490
Run time: 5436
Done
