CPU: 16
N: 50
Step1: Analyze spliced and unspliced reads and genrate a loom file for velocityR
Run velocyto to generate loom file
2020-08-27 18:41:02,234 - DEBUG - Using logic: Default
2020-08-27 18:41:02,258 - INFO - Read 2192 cell barcodes from /net/isi-dcnl/ifs/user_data/abild/Megatron_data/COH057/feline_p29_40_mRNA/cell_ranger/FEL029_M/outs/filtered_feature_bc_matrix/barcodes.tsv.gz
2020-08-27 18:41:02,258 - DEBUG - Example of barcode: AAACCCAAGGACGCAT and cell_id: FEL029_M:AAACCCAAGGACGCAT-1
2020-08-27 18:41:02,273 - DEBUG - Peeking into /net/isi-dcnl/ifs/user_data/abild/Megatron_data/COH057/feline_p29_40_mRNA/cell_ranger/FEL029_M/outs/possorted_genome_bam.bam
2020-08-27 18:41:02,390 - WARNING - Not found cell and umi barcode in entry 83 of the bam file
2020-08-27 18:41:02,392 - WARNING - Not found cell and umi barcode in entry 372 of the bam file
2020-08-27 18:41:02,393 - WARNING - Not found cell and umi barcode in entry 630 of the bam file
2020-08-27 18:41:02,393 - WARNING - Not found cell and umi barcode in entry 654 of the bam file
2020-08-27 18:41:02,393 - WARNING - Not found cell and umi barcode in entry 687 of the bam file
2020-08-27 18:41:02,393 - WARNING - Not found cell and umi barcode in entry 711 of the bam file
2020-08-27 18:41:02,400 - WARNING - The file /net/isi-dcnl/ifs/user_data/abild/Megatron_data/COH057/feline_p29_40_mRNA/cell_ranger/FEL029_M/outs/cellsorted_possorted_genome_bam.bam already exists. The sorting step will be skipped and the existing file will be used.
2020-08-27 18:41:02,400 - INFO - Load the annotation from /net/isi-dcnl/ifs/user_data/abild/Genomes/refdata-cellranger-GRCh38-3.0.0/genes/genes.gtf
2020-08-27 18:41:09,499 - DEBUG - Parsing Chromosome 1 strand - [line 0]
2020-08-27 18:41:10,076 - DEBUG - Done with 1- [line 108728]
2020-08-27 18:41:10,076 - DEBUG - Assigning indexes to genes
2020-08-27 18:41:10,084 - DEBUG - Seen 1561 genes until now
2020-08-27 18:41:10,084 - DEBUG - Parsing Chromosome 1 strand + [line 108729]
2020-08-27 18:41:10,694 - DEBUG - Done with 1+ [line 232515]
2020-08-27 18:41:10,694 - DEBUG - Assigning indexes to genes
2020-08-27 18:41:10,704 - DEBUG - Seen 3154 genes until now
2020-08-27 18:41:10,704 - DEBUG - Parsing Chromosome 10 strand - [line 232516]
2020-08-27 18:41:11,048 - DEBUG - Done with 10- [line 279343]
2020-08-27 18:41:11,048 - DEBUG - Assigning indexes to genes
2020-08-27 18:41:11,051 - DEBUG - Seen 3737 genes until now
2020-08-27 18:41:11,051 - DEBUG - Parsing Chromosome 10 strand + [line 279344]
2020-08-27 18:41:11,217 - DEBUG - Done with 10+ [line 323872]
2020-08-27 18:41:11,217 - DEBUG - Assigning indexes to genes
2020-08-27 18:41:11,220 - DEBUG - Seen 4384 genes until now
2020-08-27 18:41:11,220 - DEBUG - Parsing Chromosome 11 strand - [line 323873]
2020-08-27 18:41:11,699 - DEBUG - Done with 11- [line 402908]
2020-08-27 18:41:11,699 - DEBUG - Assigning indexes to genes
2020-08-27 18:41:11,705 - DEBUG - Seen 5320 genes until now
2020-08-27 18:41:11,705 - DEBUG - Parsing Chromosome 11 strand + [line 402909]
2020-08-27 18:41:12,000 - DEBUG - Done with 11+ [line 482591]
2020-08-27 18:41:12,000 - DEBUG - Assigning indexes to genes
2020-08-27 18:41:12,249 - DEBUG - Seen 6305 genes until now
2020-08-27 18:41:12,249 - DEBUG - Parsing Chromosome 12 strand - [line 482592]
2020-08-27 18:41:12,538 - DEBUG - Done with 12- [line 559278]
2020-08-27 18:41:12,539 - DEBUG - Assigning indexes to genes
2020-08-27 18:41:12,544 - DEBUG - Seen 7177 genes until now
2020-08-27 18:41:12,544 - DEBUG - Parsing Chromosome 12 strand + [line 559279]
2020-08-27 18:41:12,823 - DEBUG - Done with 12+ [line 635173]
2020-08-27 18:41:12,824 - DEBUG - Assigning indexes to genes
2020-08-27 18:41:12,829 - DEBUG - Seen 8070 genes until now
2020-08-27 18:41:12,829 - DEBUG - Parsing Chromosome 13 strand - [line 635174]
2020-08-27 18:41:13,132 - DEBUG - Done with 13- [line 653523]
2020-08-27 18:41:13,132 - DEBUG - Assigning indexes to genes
2020-08-27 18:41:13,134 - DEBUG - Seen 8400 genes until now
2020-08-27 18:41:13,134 - DEBUG - Parsing Chromosome 13 strand + [line 653524]
2020-08-27 18:41:13,208 - DEBUG - Done with 13+ [line 673091]
2020-08-27 18:41:13,208 - DEBUG - Assigning indexes to genes
2020-08-27 18:41:13,209 - DEBUG - Seen 8736 genes until now
2020-08-27 18:41:13,209 - DEBUG - Parsing Chromosome 14 strand - [line 673092]
2020-08-27 18:41:13,371 - DEBUG - Done with 14- [line 716831]
2020-08-27 18:41:13,371 - DEBUG - Assigning indexes to genes
2020-08-27 18:41:13,375 - DEBUG - Seen 9452 genes until now
2020-08-27 18:41:13,375 - DEBUG - Parsing Chromosome 14 strand + [line 716832]
2020-08-27 18:41:13,551 - DEBUG - Done with 14+ [line 764942]
2020-08-27 18:41:13,551 - DEBUG - Assigning indexes to genes
2020-08-27 18:41:13,555 - DEBUG - Seen 10121 genes until now
2020-08-27 18:41:13,555 - DEBUG - Parsing Chromosome 15 strand - [line 764943]
2020-08-27 18:41:13,739 - DEBUG - Done with 15- [line 813803]
2020-08-27 18:41:13,739 - DEBUG - Assigning indexes to genes
2020-08-27 18:41:13,742 - DEBUG - Seen 10698 genes until now
2020-08-27 18:41:13,742 - DEBUG - Parsing Chromosome 15 strand + [line 813804]
2020-08-27 18:41:13,905 - DEBUG - Done with 15+ [line 857859]
2020-08-27 18:41:13,905 - DEBUG - Assigning indexes to genes
2020-08-27 18:41:13,908 - DEBUG - Seen 11256 genes until now
2020-08-27 18:41:13,908 - DEBUG - Parsing Chromosome 16 strand - [line 857860]
2020-08-27 18:41:14,372 - DEBUG - Done with 16- [line 911118]
2020-08-27 18:41:14,372 - DEBUG - Assigning indexes to genes
2020-08-27 18:41:14,377 - DEBUG - Seen 11998 genes until now
2020-08-27 18:41:14,377 - DEBUG - Parsing Chromosome 16 strand + [line 911119]
2020-08-27 18:41:14,634 - DEBUG - Done with 16+ [line 981663]
2020-08-27 18:41:14,634 - DEBUG - Assigning indexes to genes
2020-08-27 18:41:14,640 - DEBUG - Seen 12787 genes until now
2020-08-27 18:41:14,640 - DEBUG - Parsing Chromosome 17 strand - [line 981664]
2020-08-27 18:41:14,954 - DEBUG - Done with 17- [line 1066635]
2020-08-27 18:41:14,954 - DEBUG - Assigning indexes to genes
2020-08-27 18:41:14,960 - DEBUG - Seen 13775 genes until now
2020-08-27 18:41:14,960 - DEBUG - Parsing Chromosome 17 strand + [line 1066636]
2020-08-27 18:41:15,577 - DEBUG - Done with 17+ [line 1143834]
2020-08-27 18:41:15,577 - DEBUG - Assigning indexes to genes
2020-08-27 18:41:15,584 - DEBUG - Seen 14681 genes until now
2020-08-27 18:41:15,584 - DEBUG - Parsing Chromosome 18 strand - [line 1143835]
2020-08-27 18:41:15,677 - DEBUG - Done with 18- [line 1168496]
2020-08-27 18:41:15,677 - DEBUG - Assigning indexes to genes
2020-08-27 18:41:15,678 - DEBUG - Seen 15006 genes until now
2020-08-27 18:41:15,678 - DEBUG - Parsing Chromosome 18 strand + [line 1168497]
2020-08-27 18:41:15,756 - DEBUG - Done with 18+ [line 1189691]
2020-08-27 18:41:15,756 - DEBUG - Assigning indexes to genes
2020-08-27 18:41:15,758 - DEBUG - Seen 15343 genes until now
2020-08-27 18:41:15,758 - DEBUG - Parsing Chromosome 19 strand - [line 1189692]
2020-08-27 18:41:16,046 - DEBUG - Done with 19- [line 1268854]
2020-08-27 18:41:16,046 - DEBUG - Assigning indexes to genes
2020-08-27 18:41:16,052 - DEBUG - Seen 16352 genes until now
2020-08-27 18:41:16,052 - DEBUG - Parsing Chromosome 19 strand + [line 1268855]
2020-08-27 18:41:16,346 - DEBUG - Done with 19+ [line 1351833]
2020-08-27 18:41:16,346 - DEBUG - Assigning indexes to genes
2020-08-27 18:41:16,353 - DEBUG - Seen 17347 genes until now
2020-08-27 18:41:16,353 - DEBUG - Parsing Chromosome 2 strand - [line 1351834]
2020-08-27 18:41:16,719 - DEBUG - Done with 2- [line 1448710]
2020-08-27 18:41:16,719 - DEBUG - Assigning indexes to genes
2020-08-27 18:41:16,726 - DEBUG - Seen 18472 genes until now
2020-08-27 18:41:16,726 - DEBUG - Parsing Chromosome 2 strand + [line 1448711]
2020-08-27 18:41:17,430 - DEBUG - Done with 2+ [line 1542602]
2020-08-27 18:41:17,430 - DEBUG - Assigning indexes to genes
2020-08-27 18:41:17,438 - DEBUG - Seen 19632 genes until now
2020-08-27 18:41:17,438 - DEBUG - Parsing Chromosome 20 strand - [line 1542603]
2020-08-27 18:41:17,535 - DEBUG - Done with 20- [line 1569195]
2020-08-27 18:41:17,535 - DEBUG - Assigning indexes to genes
2020-08-27 18:41:17,537 - DEBUG - Seen 20079 genes until now
2020-08-27 18:41:17,537 - DEBUG - Parsing Chromosome 20 strand + [line 1569196]
2020-08-27 18:41:17,652 - DEBUG - Done with 20+ [line 1600541]
2020-08-27 18:41:17,652 - DEBUG - Assigning indexes to genes
2020-08-27 18:41:17,654 - DEBUG - Seen 20527 genes until now
2020-08-27 18:41:17,654 - DEBUG - Parsing Chromosome 21 strand - [line 1600542]
2020-08-27 18:41:17,705 - DEBUG - Done with 21- [line 1614106]
2020-08-27 18:41:17,705 - DEBUG - Assigning indexes to genes
2020-08-27 18:41:17,706 - DEBUG - Seen 20795 genes until now
2020-08-27 18:41:17,706 - DEBUG - Parsing Chromosome 21 strand + [line 1614107]
2020-08-27 18:41:17,761 - DEBUG - Done with 21+ [line 1628392]
2020-08-27 18:41:17,761 - DEBUG - Assigning indexes to genes
2020-08-27 18:41:17,762 - DEBUG - Seen 21029 genes until now
2020-08-27 18:41:17,762 - DEBUG - Parsing Chromosome 22 strand - [line 1628393]
2020-08-27 18:41:17,857 - DEBUG - Done with 22- [line 1653805]
2020-08-27 18:41:17,857 - DEBUG - Assigning indexes to genes
2020-08-27 18:41:17,859 - DEBUG - Seen 21391 genes until now
2020-08-27 18:41:17,859 - DEBUG - Parsing Chromosome 22 strand + [line 1653806]
2020-08-27 18:41:17,972 - DEBUG - Done with 22+ [line 1684245]
2020-08-27 18:41:17,972 - DEBUG - Assigning indexes to genes
2020-08-27 18:41:17,976 - DEBUG - Seen 21866 genes until now
2020-08-27 18:41:17,977 - DEBUG - Parsing Chromosome 3 strand - [line 1684246]
2020-08-27 18:41:18,274 - DEBUG - Done with 3- [line 1763939]
2020-08-27 18:41:18,274 - DEBUG - Assigning indexes to genes
2020-08-27 18:41:18,280 - DEBUG - Seen 22713 genes until now
2020-08-27 18:41:18,280 - DEBUG - Parsing Chromosome 3 strand + [line 1763940]
2020-08-27 18:41:18,579 - DEBUG - Done with 3+ [line 1844840]
2020-08-27 18:41:18,579 - DEBUG - Assigning indexes to genes
2020-08-27 18:41:18,585 - DEBUG - Seen 23585 genes until now
2020-08-27 18:41:18,585 - DEBUG - Parsing Chromosome 4 strand - [line 1844841]
2020-08-27 18:41:19,209 - DEBUG - Done with 4- [line 1898665]
2020-08-27 18:41:19,210 - DEBUG - Assigning indexes to genes
2020-08-27 18:41:19,214 - DEBUG - Seen 24246 genes until now
2020-08-27 18:41:19,214 - DEBUG - Parsing Chromosome 4 strand + [line 1898666]
2020-08-27 18:41:19,393 - DEBUG - Done with 4+ [line 1947617]
2020-08-27 18:41:19,393 - DEBUG - Assigning indexes to genes
2020-08-27 18:41:19,397 - DEBUG - Seen 24938 genes until now
2020-08-27 18:41:19,397 - DEBUG - Parsing Chromosome 5 strand - [line 1947618]
2020-08-27 18:41:19,598 - DEBUG - Done with 5- [line 2001140]
2020-08-27 18:41:19,598 - DEBUG - Assigning indexes to genes
2020-08-27 18:41:19,603 - DEBUG - Seen 25741 genes until now
2020-08-27 18:41:19,603 - DEBUG - Parsing Chromosome 5 strand + [line 2001141]
2020-08-27 18:41:19,828 - DEBUG - Done with 5+ [line 2062165]
2020-08-27 18:41:19,828 - DEBUG - Assigning indexes to genes
2020-08-27 18:41:19,833 - DEBUG - Seen 26599 genes until now
2020-08-27 18:41:19,833 - DEBUG - Parsing Chromosome 6 strand - [line 2062166]
2020-08-27 18:41:20,052 - DEBUG - Done with 6- [line 2121425]
2020-08-27 18:41:20,052 - DEBUG - Assigning indexes to genes
2020-08-27 18:41:20,056 - DEBUG - Seen 27435 genes until now
2020-08-27 18:41:20,056 - DEBUG - Parsing Chromosome 6 strand + [line 2121426]
2020-08-27 18:41:20,253 - DEBUG - Done with 6+ [line 2176078]
2020-08-27 18:41:20,253 - DEBUG - Assigning indexes to genes
2020-08-27 18:41:20,257 - DEBUG - Seen 28231 genes until now
2020-08-27 18:41:20,257 - DEBUG - Parsing Chromosome 7 strand - [line 2176079]
2020-08-27 18:41:20,473 - DEBUG - Done with 7- [line 2233605]
2020-08-27 18:41:20,473 - DEBUG - Assigning indexes to genes
2020-08-27 18:41:20,477 - DEBUG - Seen 28953 genes until now
2020-08-27 18:41:20,477 - DEBUG - Parsing Chromosome 7 strand + [line 2233606]
2020-08-27 18:41:20,704 - DEBUG - Done with 7+ [line 2295513]
2020-08-27 18:41:20,704 - DEBUG - Assigning indexes to genes
2020-08-27 18:41:20,708 - DEBUG - Seen 29770 genes until now
2020-08-27 18:41:20,709 - DEBUG - Parsing Chromosome 8 strand - [line 2295514]
2020-08-27 18:41:20,885 - DEBUG - Done with 8- [line 2343289]
2020-08-27 18:41:20,885 - DEBUG - Assigning indexes to genes
2020-08-27 18:41:20,889 - DEBUG - Seen 30442 genes until now
2020-08-27 18:41:20,889 - DEBUG - Parsing Chromosome 8 strand + [line 2343290]
2020-08-27 18:41:21,048 - DEBUG - Done with 8+ [line 2386793]
2020-08-27 18:41:21,048 - DEBUG - Assigning indexes to genes
2020-08-27 18:41:21,052 - DEBUG - Seen 31090 genes until now
2020-08-27 18:41:21,052 - DEBUG - Parsing Chromosome 9 strand - [line 2386794]
2020-08-27 18:41:21,725 - DEBUG - Done with 9- [line 2430389]
2020-08-27 18:41:21,726 - DEBUG - Assigning indexes to genes
2020-08-27 18:41:21,729 - DEBUG - Seen 31710 genes until now
2020-08-27 18:41:21,729 - DEBUG - Parsing Chromosome 9 strand + [line 2430390]
2020-08-27 18:41:21,904 - DEBUG - Done with 9+ [line 2477312]
2020-08-27 18:41:21,904 - DEBUG - Assigning indexes to genes
2020-08-27 18:41:21,907 - DEBUG - Seen 32318 genes until now
2020-08-27 18:41:21,907 - DEBUG - Parsing Chromosome GL000009.2 strand - [line 2477313]
2020-08-27 18:41:21,907 - DEBUG - Done with GL000009.2- [line 2477320]
2020-08-27 18:41:21,907 - DEBUG - Assigning indexes to genes
2020-08-27 18:41:21,907 - DEBUG - Seen 32319 genes until now
2020-08-27 18:41:21,907 - DEBUG - Parsing Chromosome GL000194.1 strand - [line 2477321]
2020-08-27 18:41:21,907 - DEBUG - Done with GL000194.1- [line 2477346]
2020-08-27 18:41:21,907 - DEBUG - Assigning indexes to genes
2020-08-27 18:41:21,907 - DEBUG - Seen 32321 genes until now
2020-08-27 18:41:21,907 - DEBUG - Parsing Chromosome GL000195.1 strand - [line 2477347]
2020-08-27 18:41:21,907 - DEBUG - Done with GL000195.1- [line 2477356]
2020-08-27 18:41:21,907 - DEBUG - Assigning indexes to genes
2020-08-27 18:41:21,907 - DEBUG - Seen 32322 genes until now
2020-08-27 18:41:21,907 - DEBUG - Parsing Chromosome GL000195.1 strand + [line 2477357]
2020-08-27 18:41:21,907 - DEBUG - Done with GL000195.1+ [line 2477370]
2020-08-27 18:41:21,907 - DEBUG - Assigning indexes to genes
2020-08-27 18:41:21,908 - DEBUG - Seen 32323 genes until now
2020-08-27 18:41:21,908 - DEBUG - Parsing Chromosome GL000205.2 strand - [line 2477371]
2020-08-27 18:41:21,908 - DEBUG - Done with GL000205.2- [line 2477384]
2020-08-27 18:41:21,908 - DEBUG - Assigning indexes to genes
2020-08-27 18:41:21,908 - DEBUG - Seen 32324 genes until now
2020-08-27 18:41:21,908 - DEBUG - Parsing Chromosome GL000213.1 strand - [line 2477385]
2020-08-27 18:41:21,908 - DEBUG - Done with GL000213.1- [line 2477433]
2020-08-27 18:41:21,908 - DEBUG - Assigning indexes to genes
2020-08-27 18:41:21,908 - DEBUG - Seen 32325 genes until now
2020-08-27 18:41:21,908 - DEBUG - Parsing Chromosome GL000218.1 strand - [line 2477434]
2020-08-27 18:41:21,908 - DEBUG - Done with GL000218.1- [line 2477441]
2020-08-27 18:41:21,908 - DEBUG - Assigning indexes to genes
2020-08-27 18:41:21,908 - DEBUG - Seen 32326 genes until now
2020-08-27 18:41:21,908 - DEBUG - Parsing Chromosome GL000219.1 strand - [line 2477442]
2020-08-27 18:41:21,908 - DEBUG - Done with GL000219.1- [line 2477453]
2020-08-27 18:41:21,908 - DEBUG - Assigning indexes to genes
2020-08-27 18:41:21,908 - DEBUG - Seen 32327 genes until now
2020-08-27 18:41:21,908 - DEBUG - Parsing Chromosome KI270711.1 strand - [line 2477454]
2020-08-27 18:41:21,909 - DEBUG - Done with KI270711.1- [line 2477604]
2020-08-27 18:41:21,909 - DEBUG - Assigning indexes to genes
2020-08-27 18:41:21,909 - DEBUG - Seen 32328 genes until now
2020-08-27 18:41:21,909 - DEBUG - Parsing Chromosome KI270713.1 strand - [line 2477605]
2020-08-27 18:41:21,909 - DEBUG - Done with KI270713.1- [line 2477612]
2020-08-27 18:41:21,909 - DEBUG - Assigning indexes to genes
2020-08-27 18:41:21,909 - DEBUG - Seen 32329 genes until now
2020-08-27 18:41:21,909 - DEBUG - Parsing Chromosome KI270713.1 strand + [line 2477613]
2020-08-27 18:41:21,909 - DEBUG - Done with KI270713.1+ [line 2477618]
2020-08-27 18:41:21,909 - DEBUG - Assigning indexes to genes
2020-08-27 18:41:21,909 - DEBUG - Seen 32330 genes until now
2020-08-27 18:41:21,909 - DEBUG - Parsing Chromosome KI270721.1 strand + [line 2477619]
2020-08-27 18:41:21,909 - DEBUG - Done with KI270721.1+ [line 2477634]
2020-08-27 18:41:21,909 - DEBUG - Assigning indexes to genes
2020-08-27 18:41:21,910 - DEBUG - Seen 32331 genes until now
2020-08-27 18:41:21,910 - DEBUG - Parsing Chromosome KI270726.1 strand + [line 2477635]
2020-08-27 18:41:21,910 - DEBUG - Done with KI270726.1+ [line 2477645]
2020-08-27 18:41:21,910 - DEBUG - Assigning indexes to genes
2020-08-27 18:41:21,910 - DEBUG - Seen 32333 genes until now
2020-08-27 18:41:21,910 - DEBUG - Parsing Chromosome KI270727.1 strand - [line 2477646]
2020-08-27 18:41:21,910 - DEBUG - Done with KI270727.1- [line 2477704]
2020-08-27 18:41:21,910 - DEBUG - Assigning indexes to genes
2020-08-27 18:41:21,910 - DEBUG - Seen 32335 genes until now
2020-08-27 18:41:21,910 - DEBUG - Parsing Chromosome KI270727.1 strand + [line 2477705]
2020-08-27 18:41:21,910 - DEBUG - Done with KI270727.1+ [line 2477719]
2020-08-27 18:41:21,910 - DEBUG - Assigning indexes to genes
2020-08-27 18:41:21,910 - DEBUG - Seen 32337 genes until now
2020-08-27 18:41:21,910 - DEBUG - Parsing Chromosome KI270728.1 strand - [line 2477720]
2020-08-27 18:41:21,911 - DEBUG - Done with KI270728.1- [line 2477796]
2020-08-27 18:41:21,911 - DEBUG - Assigning indexes to genes
2020-08-27 18:41:21,911 - DEBUG - Seen 32339 genes until now
2020-08-27 18:41:21,911 - DEBUG - Parsing Chromosome KI270728.1 strand + [line 2477797]
2020-08-27 18:41:21,911 - DEBUG - Done with KI270728.1+ [line 2477833]
2020-08-27 18:41:21,911 - DEBUG - Assigning indexes to genes
2020-08-27 18:41:21,911 - DEBUG - Seen 32343 genes until now
2020-08-27 18:41:21,911 - DEBUG - Parsing Chromosome KI270731.1 strand - [line 2477834]
2020-08-27 18:41:21,911 - DEBUG - Done with KI270731.1- [line 2477840]
2020-08-27 18:41:21,911 - DEBUG - Assigning indexes to genes
2020-08-27 18:41:21,911 - DEBUG - Seen 32344 genes until now
2020-08-27 18:41:21,911 - DEBUG - Parsing Chromosome KI270734.1 strand - [line 2477841]
2020-08-27 18:41:21,911 - DEBUG - Done with KI270734.1- [line 2477909]
2020-08-27 18:41:21,911 - DEBUG - Assigning indexes to genes
2020-08-27 18:41:21,911 - DEBUG - Seen 32345 genes until now
2020-08-27 18:41:21,911 - DEBUG - Parsing Chromosome KI270734.1 strand + [line 2477910]
2020-08-27 18:41:21,912 - DEBUG - Done with KI270734.1+ [line 2477932]
2020-08-27 18:41:21,912 - DEBUG - Assigning indexes to genes
2020-08-27 18:41:21,912 - DEBUG - Seen 32347 genes until now
2020-08-27 18:41:21,912 - DEBUG - Parsing Chromosome MT strand - [line 2477933]
2020-08-27 18:41:21,912 - DEBUG - Done with MT- [line 2477938]
2020-08-27 18:41:21,912 - DEBUG - Assigning indexes to genes
2020-08-27 18:41:21,912 - DEBUG - Seen 32348 genes until now
2020-08-27 18:41:21,912 - DEBUG - Parsing Chromosome MT strand + [line 2477939]
2020-08-27 18:41:21,912 - DEBUG - Done with MT+ [line 2478004]
2020-08-27 18:41:21,912 - DEBUG - Assigning indexes to genes
2020-08-27 18:41:21,912 - DEBUG - Seen 32360 genes until now
2020-08-27 18:41:21,912 - DEBUG - Parsing Chromosome X strand - [line 2478005]
2020-08-27 18:41:22,061 - DEBUG - Done with X- [line 2518937]
2020-08-27 18:41:22,061 - DEBUG - Assigning indexes to genes
2020-08-27 18:41:22,063 - DEBUG - Seen 32876 genes until now
2020-08-27 18:41:22,063 - DEBUG - Parsing Chromosome X strand + [line 2518938]
2020-08-27 18:41:22,212 - DEBUG - Done with X+ [line 2560301]
2020-08-27 18:41:22,212 - DEBUG - Assigning indexes to genes
2020-08-27 18:41:22,214 - DEBUG - Seen 33438 genes until now
2020-08-27 18:41:22,215 - DEBUG - Parsing Chromosome Y strand - [line 2560302]
2020-08-27 18:41:22,223 - DEBUG - Done with Y- [line 2562446]
2020-08-27 18:41:22,223 - DEBUG - Assigning indexes to genes
2020-08-27 18:41:22,223 - DEBUG - Seen 33485 genes until now
2020-08-27 18:41:22,223 - DEBUG - Parsing Chromosome Y strand + [line 2562447]
2020-08-27 18:41:22,233 - DEBUG - Assigning indexes to genes
2020-08-27 18:41:22,233 - DEBUG - Done with Y+ [line 2565059]
2020-08-27 18:41:22,233 - DEBUG - Fixing corner cases of transcript models containg intron longer than 1000Kbp
2020-08-27 18:41:23,858 - DEBUG - Generated 2165800 features corresponding to 172912 transcript models from /net/isi-dcnl/ifs/user_data/abild/Genomes/refdata-cellranger-GRCh38-3.0.0/genes/genes.gtf
2020-08-27 18:41:23,885 - INFO - Scan /net/isi-dcnl/ifs/user_data/abild/Megatron_data/COH057/feline_p29_40_mRNA/cell_ranger/FEL029_M/outs/possorted_genome_bam.bam to validate intron intervals
2020-08-27 18:41:27,424 - DEBUG - Reading /net/isi-dcnl/ifs/user_data/abild/Megatron_data/COH057/feline_p29_40_mRNA/cell_ranger/FEL029_M/outs/possorted_genome_bam.bam
2020-08-27 18:41:27,436 - DEBUG - Read first 0 million reads
2020-08-27 18:41:27,437 - DEBUG - Marking up chromosome 1
2020-08-27 18:42:39,132 - DEBUG - Marking up chromosome 10
2020-08-27 18:43:07,343 - DEBUG - Read first 10 million reads
2020-08-27 18:43:16,500 - DEBUG - Marking up chromosome 11
2020-08-27 18:44:50,803 - DEBUG - Marking up chromosome 12
2020-08-27 18:45:15,549 - DEBUG - Read first 20 million reads
2020-08-27 18:45:43,669 - DEBUG - Marking up chromosome 13
2020-08-27 18:45:56,906 - DEBUG - Marking up chromosome 14
2020-08-27 18:46:18,371 - DEBUG - Marking up chromosome 15
2020-08-27 18:46:46,440 - DEBUG - Marking up chromosome 16
2020-08-27 18:47:00,808 - DEBUG - Read first 30 million reads
2020-08-27 18:47:18,115 - DEBUG - Marking up chromosome 17
2020-08-27 18:48:05,572 - DEBUG - Marking up chromosome 18
2020-08-27 18:48:22,592 - DEBUG - Marking up chromosome 19
2020-08-27 18:48:56,696 - DEBUG - Read first 40 million reads
2020-08-27 18:48:58,111 - DEBUG - Marking up chromosome 2
2020-08-27 18:49:58,576 - DEBUG - Marking up chromosome 20
2020-08-27 18:50:24,703 - DEBUG - Marking up chromosome 21
2020-08-27 18:50:27,618 - DEBUG - Read first 50 million reads
2020-08-27 18:50:51,629 - DEBUG - Marking up chromosome 22
2020-08-27 18:51:01,686 - DEBUG - Read first 60 million reads
2020-08-27 18:51:03,659 - DEBUG - Marking up chromosome 3
2020-08-27 18:51:52,166 - DEBUG - Marking up chromosome 4
2020-08-27 18:52:36,952 - DEBUG - Marking up chromosome 5
2020-08-27 18:52:51,761 - DEBUG - Read first 70 million reads
2020-08-27 18:53:19,686 - DEBUG - Marking up chromosome 6
2020-08-27 18:53:52,557 - DEBUG - Marking up chromosome 7
2020-08-27 18:54:27,930 - DEBUG - Marking up chromosome 8
2020-08-27 18:54:29,694 - DEBUG - Read first 80 million reads
2020-08-27 18:55:07,456 - DEBUG - Marking up chromosome 9
2020-08-27 18:55:27,272 - DEBUG - Marking up chromosome MT
2020-08-27 18:55:28,580 - DEBUG - Marking up chromosome X
2020-08-27 18:55:49,530 - DEBUG - Marking up chromosome Y
2020-08-27 18:55:49,574 - DEBUG - Marking up chromosome KI270728.1
2020-08-27 18:55:49,578 - DEBUG - Marking up chromosome KI270727.1
2020-08-27 18:55:49,596 - DEBUG - Marking up chromosome KI270442.1
2020-08-27 18:55:49,596 - WARNING - The .bam file refers to a chromosome 'KI270442.1+' not present in the annotation (.gtf) file
2020-08-27 18:55:49,596 - WARNING - The .bam file refers to a chromosome 'KI270442.1-' not present in the annotation (.gtf) file
2020-08-27 18:55:49,599 - DEBUG - Marking up chromosome KI270729.1
2020-08-27 18:55:49,599 - WARNING - The .bam file refers to a chromosome 'KI270729.1+' not present in the annotation (.gtf) file
2020-08-27 18:55:49,599 - WARNING - The .bam file refers to a chromosome 'KI270729.1-' not present in the annotation (.gtf) file
2020-08-27 18:55:49,599 - DEBUG - Marking up chromosome GL000225.1
2020-08-27 18:55:49,599 - WARNING - The .bam file refers to a chromosome 'GL000225.1+' not present in the annotation (.gtf) file
2020-08-27 18:55:49,599 - WARNING - The .bam file refers to a chromosome 'GL000225.1-' not present in the annotation (.gtf) file
2020-08-27 18:55:49,600 - DEBUG - Marking up chromosome KI270743.1
2020-08-27 18:55:49,600 - WARNING - The .bam file refers to a chromosome 'KI270743.1+' not present in the annotation (.gtf) file
2020-08-27 18:55:49,600 - WARNING - The .bam file refers to a chromosome 'KI270743.1-' not present in the annotation (.gtf) file
2020-08-27 18:55:49,608 - DEBUG - Marking up chromosome GL000008.2
2020-08-27 18:55:49,608 - WARNING - The .bam file refers to a chromosome 'GL000008.2+' not present in the annotation (.gtf) file
2020-08-27 18:55:49,608 - WARNING - The .bam file refers to a chromosome 'GL000008.2-' not present in the annotation (.gtf) file
2020-08-27 18:55:49,618 - DEBUG - Marking up chromosome GL000009.2
2020-08-27 18:55:49,618 - WARNING - The .bam file refers to a chromosome 'GL000009.2+' not present in the annotation (.gtf) file
2020-08-27 18:55:49,627 - DEBUG - Marking up chromosome KI270747.1
2020-08-27 18:55:49,627 - WARNING - The .bam file refers to a chromosome 'KI270747.1+' not present in the annotation (.gtf) file
2020-08-27 18:55:49,627 - WARNING - The .bam file refers to a chromosome 'KI270747.1-' not present in the annotation (.gtf) file
2020-08-27 18:55:49,628 - DEBUG - Marking up chromosome KI270722.1
2020-08-27 18:55:49,628 - WARNING - The .bam file refers to a chromosome 'KI270722.1+' not present in the annotation (.gtf) file
2020-08-27 18:55:49,628 - WARNING - The .bam file refers to a chromosome 'KI270722.1-' not present in the annotation (.gtf) file
2020-08-27 18:55:49,629 - DEBUG - Marking up chromosome GL000194.1
2020-08-27 18:55:49,629 - WARNING - The .bam file refers to a chromosome 'GL000194.1+' not present in the annotation (.gtf) file
2020-08-27 18:55:49,747 - DEBUG - Marking up chromosome KI270742.1
2020-08-27 18:55:49,747 - WARNING - The .bam file refers to a chromosome 'KI270742.1+' not present in the annotation (.gtf) file
2020-08-27 18:55:49,747 - WARNING - The .bam file refers to a chromosome 'KI270742.1-' not present in the annotation (.gtf) file
2020-08-27 18:55:49,785 - DEBUG - Marking up chromosome GL000205.2
2020-08-27 18:55:49,785 - WARNING - The .bam file refers to a chromosome 'GL000205.2+' not present in the annotation (.gtf) file
2020-08-27 18:55:49,802 - DEBUG - Marking up chromosome GL000195.1
2020-08-27 18:55:49,866 - DEBUG - Marking up chromosome KI270736.1
2020-08-27 18:55:49,866 - WARNING - The .bam file refers to a chromosome 'KI270736.1+' not present in the annotation (.gtf) file
2020-08-27 18:55:49,866 - WARNING - The .bam file refers to a chromosome 'KI270736.1-' not present in the annotation (.gtf) file
2020-08-27 18:55:49,866 - DEBUG - Marking up chromosome KI270733.1
2020-08-27 18:55:49,866 - WARNING - The .bam file refers to a chromosome 'KI270733.1+' not present in the annotation (.gtf) file
2020-08-27 18:55:49,867 - WARNING - The .bam file refers to a chromosome 'KI270733.1-' not present in the annotation (.gtf) file
2020-08-27 18:55:54,026 - DEBUG - Read first 90 million reads
2020-08-27 18:55:59,492 - DEBUG - Marking up chromosome GL000224.1
2020-08-27 18:55:59,492 - WARNING - The .bam file refers to a chromosome 'GL000224.1+' not present in the annotation (.gtf) file
2020-08-27 18:55:59,492 - WARNING - The .bam file refers to a chromosome 'GL000224.1-' not present in the annotation (.gtf) file
2020-08-27 18:55:59,507 - DEBUG - Marking up chromosome GL000219.1
2020-08-27 18:55:59,507 - WARNING - The .bam file refers to a chromosome 'GL000219.1+' not present in the annotation (.gtf) file
2020-08-27 18:55:59,534 - DEBUG - Marking up chromosome KI270719.1
2020-08-27 18:55:59,534 - WARNING - The .bam file refers to a chromosome 'KI270719.1+' not present in the annotation (.gtf) file
2020-08-27 18:55:59,534 - WARNING - The .bam file refers to a chromosome 'KI270719.1-' not present in the annotation (.gtf) file
2020-08-27 18:55:59,542 - DEBUG - Marking up chromosome GL000216.2
2020-08-27 18:55:59,542 - WARNING - The .bam file refers to a chromosome 'GL000216.2+' not present in the annotation (.gtf) file
2020-08-27 18:55:59,542 - WARNING - The .bam file refers to a chromosome 'GL000216.2-' not present in the annotation (.gtf) file
2020-08-27 18:55:59,542 - DEBUG - Marking up chromosome KI270712.1
2020-08-27 18:55:59,542 - WARNING - The .bam file refers to a chromosome 'KI270712.1+' not present in the annotation (.gtf) file
2020-08-27 18:55:59,542 - WARNING - The .bam file refers to a chromosome 'KI270712.1-' not present in the annotation (.gtf) file
2020-08-27 18:55:59,545 - DEBUG - Marking up chromosome KI270706.1
2020-08-27 18:55:59,545 - WARNING - The .bam file refers to a chromosome 'KI270706.1+' not present in the annotation (.gtf) file
2020-08-27 18:55:59,545 - WARNING - The .bam file refers to a chromosome 'KI270706.1-' not present in the annotation (.gtf) file
2020-08-27 18:55:59,566 - DEBUG - Marking up chromosome KI270725.1
2020-08-27 18:55:59,566 - WARNING - The .bam file refers to a chromosome 'KI270725.1+' not present in the annotation (.gtf) file
2020-08-27 18:55:59,566 - WARNING - The .bam file refers to a chromosome 'KI270725.1-' not present in the annotation (.gtf) file
2020-08-27 18:55:59,567 - DEBUG - Marking up chromosome KI270744.1
2020-08-27 18:55:59,567 - WARNING - The .bam file refers to a chromosome 'KI270744.1+' not present in the annotation (.gtf) file
2020-08-27 18:55:59,567 - WARNING - The .bam file refers to a chromosome 'KI270744.1-' not present in the annotation (.gtf) file
2020-08-27 18:55:59,572 - DEBUG - Marking up chromosome KI270734.1
2020-08-27 18:55:59,578 - DEBUG - Marking up chromosome GL000213.1
2020-08-27 18:55:59,578 - WARNING - The .bam file refers to a chromosome 'GL000213.1+' not present in the annotation (.gtf) file
2020-08-27 18:55:59,589 - DEBUG - Marking up chromosome GL000220.1
2020-08-27 18:55:59,589 - WARNING - The .bam file refers to a chromosome 'GL000220.1+' not present in the annotation (.gtf) file
2020-08-27 18:55:59,589 - WARNING - The .bam file refers to a chromosome 'GL000220.1-' not present in the annotation (.gtf) file
2020-08-27 18:56:09,242 - DEBUG - Marking up chromosome GL000218.1
2020-08-27 18:56:09,242 - WARNING - The .bam file refers to a chromosome 'GL000218.1+' not present in the annotation (.gtf) file
2020-08-27 18:56:09,296 - DEBUG - Marking up chromosome KI270749.1
2020-08-27 18:56:09,296 - WARNING - The .bam file refers to a chromosome 'KI270749.1+' not present in the annotation (.gtf) file
2020-08-27 18:56:09,296 - WARNING - The .bam file refers to a chromosome 'KI270749.1-' not present in the annotation (.gtf) file
2020-08-27 18:56:09,297 - DEBUG - Marking up chromosome KI270741.1
2020-08-27 18:56:09,297 - WARNING - The .bam file refers to a chromosome 'KI270741.1+' not present in the annotation (.gtf) file
2020-08-27 18:56:09,297 - WARNING - The .bam file refers to a chromosome 'KI270741.1-' not present in the annotation (.gtf) file
2020-08-27 18:56:09,298 - DEBUG - Marking up chromosome GL000221.1
2020-08-27 18:56:09,298 - WARNING - The .bam file refers to a chromosome 'GL000221.1+' not present in the annotation (.gtf) file
2020-08-27 18:56:09,298 - WARNING - The .bam file refers to a chromosome 'GL000221.1-' not present in the annotation (.gtf) file
2020-08-27 18:56:09,323 - DEBUG - Marking up chromosome KI270731.1
2020-08-27 18:56:09,323 - WARNING - The .bam file refers to a chromosome 'KI270731.1+' not present in the annotation (.gtf) file
2020-08-27 18:56:09,325 - DEBUG - Marking up chromosome KI270751.1
2020-08-27 18:56:09,325 - WARNING - The .bam file refers to a chromosome 'KI270751.1+' not present in the annotation (.gtf) file
2020-08-27 18:56:09,325 - WARNING - The .bam file refers to a chromosome 'KI270751.1-' not present in the annotation (.gtf) file
2020-08-27 18:56:09,326 - DEBUG - Marking up chromosome KI270750.1
2020-08-27 18:56:09,326 - WARNING - The .bam file refers to a chromosome 'KI270750.1+' not present in the annotation (.gtf) file
2020-08-27 18:56:09,326 - WARNING - The .bam file refers to a chromosome 'KI270750.1-' not present in the annotation (.gtf) file
2020-08-27 18:56:09,329 - DEBUG - Marking up chromosome KI270519.1
2020-08-27 18:56:09,329 - WARNING - The .bam file refers to a chromosome 'KI270519.1+' not present in the annotation (.gtf) file
2020-08-27 18:56:09,329 - WARNING - The .bam file refers to a chromosome 'KI270519.1-' not present in the annotation (.gtf) file
2020-08-27 18:56:09,329 - DEBUG - Marking up chromosome GL000214.1
2020-08-27 18:56:09,329 - WARNING - The .bam file refers to a chromosome 'GL000214.1+' not present in the annotation (.gtf) file
2020-08-27 18:56:09,330 - WARNING - The .bam file refers to a chromosome 'GL000214.1-' not present in the annotation (.gtf) file
2020-08-27 18:56:09,336 - DEBUG - Marking up chromosome KI270708.1
2020-08-27 18:56:09,336 - WARNING - The .bam file refers to a chromosome 'KI270708.1+' not present in the annotation (.gtf) file
2020-08-27 18:56:09,336 - WARNING - The .bam file refers to a chromosome 'KI270708.1-' not present in the annotation (.gtf) file
2020-08-27 18:56:09,336 - DEBUG - Marking up chromosome KI270737.1
2020-08-27 18:56:09,336 - WARNING - The .bam file refers to a chromosome 'KI270737.1+' not present in the annotation (.gtf) file
2020-08-27 18:56:09,336 - WARNING - The .bam file refers to a chromosome 'KI270737.1-' not present in the annotation (.gtf) file
2020-08-27 18:56:09,337 - DEBUG - Marking up chromosome KI270721.1
2020-08-27 18:56:09,337 - WARNING - The .bam file refers to a chromosome 'KI270721.1-' not present in the annotation (.gtf) file
2020-08-27 18:56:09,341 - DEBUG - Marking up chromosome KI270738.1
2020-08-27 18:56:09,341 - WARNING - The .bam file refers to a chromosome 'KI270738.1+' not present in the annotation (.gtf) file
2020-08-27 18:56:09,341 - WARNING - The .bam file refers to a chromosome 'KI270738.1-' not present in the annotation (.gtf) file
2020-08-27 18:56:09,341 - DEBUG - Marking up chromosome KI270748.1
2020-08-27 18:56:09,341 - WARNING - The .bam file refers to a chromosome 'KI270748.1+' not present in the annotation (.gtf) file
2020-08-27 18:56:09,341 - WARNING - The .bam file refers to a chromosome 'KI270748.1-' not present in the annotation (.gtf) file
2020-08-27 18:56:09,344 - DEBUG - Marking up chromosome GL000208.1
2020-08-27 18:56:09,344 - WARNING - The .bam file refers to a chromosome 'GL000208.1+' not present in the annotation (.gtf) file
2020-08-27 18:56:09,344 - WARNING - The .bam file refers to a chromosome 'GL000208.1-' not present in the annotation (.gtf) file
2020-08-27 18:56:09,344 - DEBUG - Marking up chromosome KI270709.1
2020-08-27 18:56:09,344 - WARNING - The .bam file refers to a chromosome 'KI270709.1+' not present in the annotation (.gtf) file
2020-08-27 18:56:09,344 - WARNING - The .bam file refers to a chromosome 'KI270709.1-' not present in the annotation (.gtf) file
2020-08-27 18:56:09,345 - DEBUG - Marking up chromosome KI270746.1
2020-08-27 18:56:09,345 - WARNING - The .bam file refers to a chromosome 'KI270746.1+' not present in the annotation (.gtf) file
2020-08-27 18:56:09,345 - WARNING - The .bam file refers to a chromosome 'KI270746.1-' not present in the annotation (.gtf) file
2020-08-27 18:56:09,346 - DEBUG - Marking up chromosome KI270711.1
2020-08-27 18:56:09,346 - WARNING - The .bam file refers to a chromosome 'KI270711.1+' not present in the annotation (.gtf) file
2020-08-27 18:56:09,370 - DEBUG - Marking up chromosome KI270745.1
2020-08-27 18:56:09,370 - WARNING - The .bam file refers to a chromosome 'KI270745.1+' not present in the annotation (.gtf) file
2020-08-27 18:56:09,370 - WARNING - The .bam file refers to a chromosome 'KI270745.1-' not present in the annotation (.gtf) file
2020-08-27 18:56:09,375 - DEBUG - Marking up chromosome KI270714.1
2020-08-27 18:56:09,375 - WARNING - The .bam file refers to a chromosome 'KI270714.1+' not present in the annotation (.gtf) file
2020-08-27 18:56:09,375 - WARNING - The .bam file refers to a chromosome 'KI270714.1-' not present in the annotation (.gtf) file
2020-08-27 18:56:09,376 - DEBUG - Marking up chromosome KI270732.1
2020-08-27 18:56:09,376 - WARNING - The .bam file refers to a chromosome 'KI270732.1+' not present in the annotation (.gtf) file
2020-08-27 18:56:09,376 - WARNING - The .bam file refers to a chromosome 'KI270732.1-' not present in the annotation (.gtf) file
2020-08-27 18:56:09,376 - DEBUG - Marking up chromosome KI270713.1
2020-08-27 18:56:09,380 - DEBUG - Marking up chromosome KI270754.1
2020-08-27 18:56:09,380 - WARNING - The .bam file refers to a chromosome 'KI270754.1+' not present in the annotation (.gtf) file
2020-08-27 18:56:09,380 - WARNING - The .bam file refers to a chromosome 'KI270754.1-' not present in the annotation (.gtf) file
2020-08-27 18:56:09,381 - DEBUG - Marking up chromosome KI270717.1
2020-08-27 18:56:09,381 - WARNING - The .bam file refers to a chromosome 'KI270717.1+' not present in the annotation (.gtf) file
2020-08-27 18:56:09,381 - WARNING - The .bam file refers to a chromosome 'KI270717.1-' not present in the annotation (.gtf) file
2020-08-27 18:56:09,382 - DEBUG - Marking up chromosome KI270724.1
2020-08-27 18:56:09,382 - WARNING - The .bam file refers to a chromosome 'KI270724.1+' not present in the annotation (.gtf) file
2020-08-27 18:56:09,382 - WARNING - The .bam file refers to a chromosome 'KI270724.1-' not present in the annotation (.gtf) file
2020-08-27 18:56:09,384 - DEBUG - Marking up chromosome KI270720.1
2020-08-27 18:56:09,384 - WARNING - The .bam file refers to a chromosome 'KI270720.1+' not present in the annotation (.gtf) file
2020-08-27 18:56:09,385 - WARNING - The .bam file refers to a chromosome 'KI270720.1-' not present in the annotation (.gtf) file
2020-08-27 18:56:09,385 - DEBUG - Marking up chromosome KI270723.1
2020-08-27 18:56:09,385 - WARNING - The .bam file refers to a chromosome 'KI270723.1+' not present in the annotation (.gtf) file
2020-08-27 18:56:09,385 - WARNING - The .bam file refers to a chromosome 'KI270723.1-' not present in the annotation (.gtf) file
2020-08-27 18:56:09,389 - DEBUG - Marking up chromosome KI270718.1
2020-08-27 18:56:09,389 - WARNING - The .bam file refers to a chromosome 'KI270718.1+' not present in the annotation (.gtf) file
2020-08-27 18:56:09,390 - WARNING - The .bam file refers to a chromosome 'KI270718.1-' not present in the annotation (.gtf) file
2020-08-27 18:56:09,409 - DEBUG - Marking up chromosome KI270755.1
2020-08-27 18:56:09,410 - WARNING - The .bam file refers to a chromosome 'KI270755.1+' not present in the annotation (.gtf) file
2020-08-27 18:56:09,410 - WARNING - The .bam file refers to a chromosome 'KI270755.1-' not present in the annotation (.gtf) file
2020-08-27 18:56:09,410 - DEBUG - Marking up chromosome KI270707.1
2020-08-27 18:56:09,410 - WARNING - The .bam file refers to a chromosome 'KI270707.1+' not present in the annotation (.gtf) file
2020-08-27 18:56:09,410 - WARNING - The .bam file refers to a chromosome 'KI270707.1-' not present in the annotation (.gtf) file
2020-08-27 18:56:09,411 - DEBUG - Marking up chromosome KI270448.1
2020-08-27 18:56:09,411 - WARNING - The .bam file refers to a chromosome 'KI270448.1+' not present in the annotation (.gtf) file
2020-08-27 18:56:09,411 - WARNING - The .bam file refers to a chromosome 'KI270448.1-' not present in the annotation (.gtf) file
2020-08-27 18:56:09,411 - DEBUG - Marking up chromosome KI270521.1
2020-08-27 18:56:09,411 - WARNING - The .bam file refers to a chromosome 'KI270521.1+' not present in the annotation (.gtf) file
2020-08-27 18:56:09,411 - WARNING - The .bam file refers to a chromosome 'KI270521.1-' not present in the annotation (.gtf) file
2020-08-27 18:56:09,412 - DEBUG - Marking up chromosome KI270467.1
2020-08-27 18:56:09,412 - WARNING - The .bam file refers to a chromosome 'KI270467.1+' not present in the annotation (.gtf) file
2020-08-27 18:56:09,412 - WARNING - The .bam file refers to a chromosome 'KI270467.1-' not present in the annotation (.gtf) file
2020-08-27 18:56:09,412 - DEBUG - Marking up chromosome KI270396.1
2020-08-27 18:56:09,412 - WARNING - The .bam file refers to a chromosome 'KI270396.1+' not present in the annotation (.gtf) file
2020-08-27 18:56:09,412 - WARNING - The .bam file refers to a chromosome 'KI270396.1-' not present in the annotation (.gtf) file
2020-08-27 18:56:09,412 - DEBUG - Marking up chromosome KI270384.1
2020-08-27 18:56:09,412 - WARNING - The .bam file refers to a chromosome 'KI270384.1+' not present in the annotation (.gtf) file
2020-08-27 18:56:09,412 - WARNING - The .bam file refers to a chromosome 'KI270384.1-' not present in the annotation (.gtf) file
2020-08-27 18:56:09,412 - DEBUG - Marking up chromosome KI270330.1
2020-08-27 18:56:09,412 - WARNING - The .bam file refers to a chromosome 'KI270330.1+' not present in the annotation (.gtf) file
2020-08-27 18:56:09,412 - WARNING - The .bam file refers to a chromosome 'KI270330.1-' not present in the annotation (.gtf) file
2020-08-27 18:56:09,416 - DEBUG - Marking up chromosome KI270387.1
2020-08-27 18:56:09,416 - WARNING - The .bam file refers to a chromosome 'KI270387.1+' not present in the annotation (.gtf) file
2020-08-27 18:56:09,416 - WARNING - The .bam file refers to a chromosome 'KI270387.1-' not present in the annotation (.gtf) file
2020-08-27 18:56:09,416 - DEBUG - Marking up chromosome KI270310.1
2020-08-27 18:56:09,416 - WARNING - The .bam file refers to a chromosome 'KI270310.1+' not present in the annotation (.gtf) file
2020-08-27 18:56:09,416 - WARNING - The .bam file refers to a chromosome 'KI270310.1-' not present in the annotation (.gtf) file
2020-08-27 18:56:09,417 - DEBUG - Marking up chromosome KI270392.1
2020-08-27 18:56:09,417 - WARNING - The .bam file refers to a chromosome 'KI270392.1+' not present in the annotation (.gtf) file
2020-08-27 18:56:09,417 - WARNING - The .bam file refers to a chromosome 'KI270392.1-' not present in the annotation (.gtf) file
2020-08-27 18:56:09,417 - DEBUG - Marking up chromosome KI270394.1
2020-08-27 18:56:09,417 - WARNING - The .bam file refers to a chromosome 'KI270394.1+' not present in the annotation (.gtf) file
2020-08-27 18:56:09,417 - WARNING - The .bam file refers to a chromosome 'KI270394.1-' not present in the annotation (.gtf) file
2020-08-27 18:56:12,829 - DEBUG - Read first 100 million reads
2020-08-27 18:56:16,096 - DEBUG - End of file. Reset index: start scanning from initial position.
2020-08-27 18:56:16,096 - DEBUG - 1472646 reads were skipped because no apropiate cell or umi barcode was found
2020-08-27 18:56:16,096 - DEBUG - Start molecule counting!
2020-08-27 18:56:19,723 - DEBUG - Features available for chromosomes : ['1-', '1+', '10-', '10+', '11-', '11+', '12-', '12+', '13-', '13+', '14-', '14+', '15-', '15+', '16-', '16+', '17-', '17+', '18-', '18+', '19-', '19+', '2-', '2+', '20-', '20+', '21-', '21+', '22-', '22+', '3-', '3+', '4-', '4+', '5-', '5+', '6-', '6+', '7-', '7+', '8-', '8+', '9-', '9+', 'GL000009.2-', 'GL000194.1-', 'GL000195.1-', 'GL000195.1+', 'GL000205.2-', 'GL000213.1-', 'GL000218.1-', 'GL000219.1-', 'KI270711.1-', 'KI270713.1-', 'KI270713.1+', 'KI270721.1+', 'KI270726.1+', 'KI270727.1-', 'KI270727.1+', 'KI270728.1-', 'KI270728.1+', 'KI270731.1-', 'KI270734.1-', 'KI270734.1+', 'MT-', 'MT+', 'X-', 'X+', 'Y-', 'Y+']
2020-08-27 18:56:19,723 - DEBUG - Mask available for chromosomes : []
2020-08-27 18:56:19,723 - DEBUG - Summarizing the results of intron validation.
2020-08-27 18:56:20,322 - DEBUG - Validated 521933 introns (of which unique intervals 163831) out of 996444 total possible introns (considering each possible transcript models).
2020-08-27 18:56:20,322 - DEBUG - Reading /net/isi-dcnl/ifs/user_data/abild/Megatron_data/COH057/feline_p29_40_mRNA/cell_ranger/FEL029_M/outs/cellsorted_possorted_genome_bam.bam
2020-08-27 18:56:20,351 - DEBUG - Read first 0 million reads
2020-08-27 18:56:58,866 - DEBUG - Counting for batch 1, containing 100 cells and 1917271 reads
2020-08-27 18:58:01,721 - DEBUG - 0 reads not considered because fully enclosed in repeat masked regions
2020-08-27 18:58:30,400 - DEBUG - Read first 10 million reads
2020-08-27 18:58:42,355 - DEBUG - Counting for batch 2, containing 100 cells and 1740014 reads
2020-08-27 18:59:39,874 - DEBUG - 0 reads not considered because fully enclosed in repeat masked regions
2020-08-27 19:00:21,552 - DEBUG - Counting for batch 3, containing 100 cells and 1779690 reads
2020-08-27 19:01:20,965 - DEBUG - 0 reads not considered because fully enclosed in repeat masked regions
2020-08-27 19:01:57,286 - DEBUG - Read first 20 million reads
2020-08-27 19:02:01,113 - DEBUG - Counting for batch 4, containing 100 cells and 1803229 reads
2020-08-27 19:03:03,120 - DEBUG - 0 reads not considered because fully enclosed in repeat masked regions
2020-08-27 19:03:50,510 - DEBUG - Counting for batch 5, containing 100 cells and 2559170 reads
2020-08-27 19:05:16,778 - DEBUG - 0 reads not considered because fully enclosed in repeat masked regions
2020-08-27 19:06:01,405 - DEBUG - Read first 30 million reads
2020-08-27 19:06:06,181 - DEBUG - Counting for batch 6, containing 100 cells and 2223590 reads
2020-08-27 19:07:18,752 - DEBUG - 0 reads not considered because fully enclosed in repeat masked regions
2020-08-27 19:07:59,236 - DEBUG - Counting for batch 7, containing 100 cells and 1459526 reads
2020-08-27 19:08:48,226 - DEBUG - 0 reads not considered because fully enclosed in repeat masked regions
2020-08-27 19:09:33,492 - DEBUG - Read first 40 million reads
2020-08-27 19:09:35,626 - DEBUG - Counting for batch 8, containing 100 cells and 2485276 reads
2020-08-27 19:10:58,523 - DEBUG - 0 reads not considered because fully enclosed in repeat masked regions
2020-08-27 19:11:40,985 - DEBUG - Counting for batch 9, containing 100 cells and 1614869 reads
2020-08-27 19:12:35,971 - DEBUG - 0 reads not considered because fully enclosed in repeat masked regions
2020-08-27 19:13:13,397 - DEBUG - Counting for batch 10, containing 100 cells and 1728844 reads
2020-08-27 19:14:12,945 - DEBUG - 0 reads not considered because fully enclosed in repeat masked regions
2020-08-27 19:14:33,840 - DEBUG - Read first 50 million reads
2020-08-27 19:14:52,379 - DEBUG - Counting for batch 11, containing 100 cells and 1883854 reads
2020-08-27 19:15:55,031 - DEBUG - 0 reads not considered because fully enclosed in repeat masked regions
2020-08-27 19:16:32,535 - DEBUG - Counting for batch 12, containing 100 cells and 1529926 reads
2020-08-27 19:17:23,753 - DEBUG - 0 reads not considered because fully enclosed in repeat masked regions
2020-08-27 19:17:55,568 - DEBUG - Read first 60 million reads
2020-08-27 19:18:06,714 - DEBUG - Counting for batch 13, containing 100 cells and 1980006 reads
2020-08-27 19:19:14,779 - DEBUG - 0 reads not considered because fully enclosed in repeat masked regions
2020-08-27 19:19:54,259 - DEBUG - Counting for batch 14, containing 100 cells and 1731644 reads
2020-08-27 19:20:52,393 - DEBUG - 0 reads not considered because fully enclosed in repeat masked regions
2020-08-27 19:21:29,519 - DEBUG - Read first 70 million reads
2020-08-27 19:21:35,734 - DEBUG - Counting for batch 15, containing 100 cells and 2072130 reads
2020-08-27 19:22:43,402 - DEBUG - 0 reads not considered because fully enclosed in repeat masked regions
2020-08-27 19:23:27,873 - DEBUG - Counting for batch 16, containing 100 cells and 1782979 reads
2020-08-27 19:24:27,052 - DEBUG - 0 reads not considered because fully enclosed in repeat masked regions
2020-08-27 19:25:08,933 - DEBUG - Counting for batch 17, containing 100 cells and 1743141 reads
2020-08-27 19:26:09,706 - DEBUG - 0 reads not considered because fully enclosed in repeat masked regions
2020-08-27 19:26:26,358 - DEBUG - Read first 80 million reads
2020-08-27 19:26:49,535 - DEBUG - Counting for batch 18, containing 100 cells and 1796942 reads
2020-08-27 19:27:49,449 - DEBUG - 0 reads not considered because fully enclosed in repeat masked regions
2020-08-27 19:28:36,007 - DEBUG - Counting for batch 19, containing 100 cells and 2175857 reads
2020-08-27 19:29:50,055 - DEBUG - 0 reads not considered because fully enclosed in repeat masked regions
2020-08-27 19:30:11,002 - DEBUG - Read first 90 million reads
2020-08-27 19:30:32,035 - DEBUG - Counting for batch 20, containing 100 cells and 1744178 reads
2020-08-27 19:31:31,618 - DEBUG - 0 reads not considered because fully enclosed in repeat masked regions
2020-08-27 19:32:08,515 - DEBUG - Counting for batch 21, containing 100 cells and 1555069 reads
2020-08-27 19:33:01,085 - DEBUG - 0 reads not considered because fully enclosed in repeat masked regions
2020-08-27 19:33:24,574 - DEBUG - Read first 100 million reads
2020-08-27 19:33:35,448 - DEBUG - Counting for batch 22, containing 92 cells and 1516447 reads
2020-08-27 19:34:29,673 - DEBUG - 0 reads not considered because fully enclosed in repeat masked regions
2020-08-27 19:34:42,024 - DEBUG - 1472646 reads were skipped because no apropiate cell or umi barcode was found
2020-08-27 19:34:42,025 - DEBUG - Counting done!
2020-08-27 19:34:42,055 - DEBUG - Generating output file /net/isi-dcnl/ifs/user_data/abild/Megatron_data/COH057/feline_p29_40_mRNA/cell_ranger/FEL029_M/velocyto/FEL029_M.loom
2020-08-27 19:34:42,055 - DEBUG - Collecting row attributes
2020-08-27 19:34:42,142 - DEBUG - Generating data table
2020-08-27 19:34:42,966 - DEBUG - Writing loom file
2020-08-27 19:34:47,592 - DEBUG - Terminated Succesfully!
Start: 1598578854
End: 1598582089
Run time: 3235
Done
