CPU: 16
N: 42
Step1: Analyze spliced and unspliced reads and genrate a loom file for velocityR
Run velocyto to generate loom file
2020-08-27 18:30:33,252 - DEBUG - Using logic: Default
2020-08-27 18:30:33,275 - INFO - Read 2358 cell barcodes from /net/isi-dcnl/ifs/user_data/abild/Megatron_data/COH055/FEL025028.mRNA/cell_ranger/FEL026_M/outs/filtered_feature_bc_matrix/barcodes.tsv.gz
2020-08-27 18:30:33,275 - DEBUG - Example of barcode: AAACCCAGTGCTTCAA and cell_id: FEL026_M:AAACCCAGTGCTTCAA-1
2020-08-27 18:30:33,288 - DEBUG - Peeking into /net/isi-dcnl/ifs/user_data/abild/Megatron_data/COH055/FEL025028.mRNA/cell_ranger/FEL026_M/outs/possorted_genome_bam.bam
2020-08-27 18:30:33,400 - WARNING - Not found cell and umi barcode in entry 19 of the bam file
2020-08-27 18:30:33,400 - WARNING - Not found cell and umi barcode in entry 20 of the bam file
2020-08-27 18:30:33,402 - WARNING - Not found cell and umi barcode in entry 468 of the bam file
2020-08-27 18:30:33,402 - WARNING - Not found cell and umi barcode in entry 538 of the bam file
2020-08-27 18:30:33,402 - WARNING - Not found cell and umi barcode in entry 539 of the bam file
2020-08-27 18:30:33,403 - WARNING - Not found cell and umi barcode in entry 636 of the bam file
2020-08-27 18:30:33,403 - WARNING - Not found cell and umi barcode in entry 637 of the bam file
2020-08-27 18:30:33,404 - WARNING - Not found cell and umi barcode in entry 748 of the bam file
2020-08-27 18:30:33,405 - WARNING - Not found cell and umi barcode in entry 926 of the bam file
2020-08-27 18:30:33,405 - WARNING - Not found cell and umi barcode in entry 988 of the bam file
2020-08-27 18:30:33,410 - WARNING - The file /net/isi-dcnl/ifs/user_data/abild/Megatron_data/COH055/FEL025028.mRNA/cell_ranger/FEL026_M/outs/cellsorted_possorted_genome_bam.bam already exists. The sorting step will be skipped and the existing file will be used.
2020-08-27 18:30:33,411 - INFO - Load the annotation from /net/isi-dcnl/ifs/user_data/abild/Genomes/refdata-cellranger-GRCh38-3.0.0/genes/genes.gtf
2020-08-27 18:30:41,249 - DEBUG - Parsing Chromosome 1 strand - [line 0]
2020-08-27 18:30:41,854 - DEBUG - Done with 1- [line 108728]
2020-08-27 18:30:41,855 - DEBUG - Assigning indexes to genes
2020-08-27 18:30:41,865 - DEBUG - Seen 1561 genes until now
2020-08-27 18:30:41,865 - DEBUG - Parsing Chromosome 1 strand + [line 108729]
2020-08-27 18:30:42,565 - DEBUG - Done with 1+ [line 232515]
2020-08-27 18:30:42,565 - DEBUG - Assigning indexes to genes
2020-08-27 18:30:42,576 - DEBUG - Seen 3154 genes until now
2020-08-27 18:30:42,576 - DEBUG - Parsing Chromosome 10 strand - [line 232516]
2020-08-27 18:30:42,982 - DEBUG - Done with 10- [line 279343]
2020-08-27 18:30:42,982 - DEBUG - Assigning indexes to genes
2020-08-27 18:30:42,985 - DEBUG - Seen 3737 genes until now
2020-08-27 18:30:42,985 - DEBUG - Parsing Chromosome 10 strand + [line 279344]
2020-08-27 18:30:43,170 - DEBUG - Done with 10+ [line 323872]
2020-08-27 18:30:43,170 - DEBUG - Assigning indexes to genes
2020-08-27 18:30:43,173 - DEBUG - Seen 4384 genes until now
2020-08-27 18:30:43,173 - DEBUG - Parsing Chromosome 11 strand - [line 323873]
2020-08-27 18:30:43,730 - DEBUG - Done with 11- [line 402908]
2020-08-27 18:30:43,730 - DEBUG - Assigning indexes to genes
2020-08-27 18:30:43,737 - DEBUG - Seen 5320 genes until now
2020-08-27 18:30:43,737 - DEBUG - Parsing Chromosome 11 strand + [line 402909]
2020-08-27 18:30:44,071 - DEBUG - Done with 11+ [line 482591]
2020-08-27 18:30:44,071 - DEBUG - Assigning indexes to genes
2020-08-27 18:30:44,078 - DEBUG - Seen 6305 genes until now
2020-08-27 18:30:44,078 - DEBUG - Parsing Chromosome 12 strand - [line 482592]
2020-08-27 18:30:44,691 - DEBUG - Done with 12- [line 559278]
2020-08-27 18:30:44,691 - DEBUG - Assigning indexes to genes
2020-08-27 18:30:44,697 - DEBUG - Seen 7177 genes until now
2020-08-27 18:30:44,697 - DEBUG - Parsing Chromosome 12 strand + [line 559279]
2020-08-27 18:30:45,007 - DEBUG - Done with 12+ [line 635173]
2020-08-27 18:30:45,007 - DEBUG - Assigning indexes to genes
2020-08-27 18:30:45,013 - DEBUG - Seen 8070 genes until now
2020-08-27 18:30:45,013 - DEBUG - Parsing Chromosome 13 strand - [line 635174]
2020-08-27 18:30:45,091 - DEBUG - Done with 13- [line 653523]
2020-08-27 18:30:45,091 - DEBUG - Assigning indexes to genes
2020-08-27 18:30:45,093 - DEBUG - Seen 8400 genes until now
2020-08-27 18:30:45,093 - DEBUG - Parsing Chromosome 13 strand + [line 653524]
2020-08-27 18:30:45,458 - DEBUG - Done with 13+ [line 673091]
2020-08-27 18:30:45,458 - DEBUG - Assigning indexes to genes
2020-08-27 18:30:45,460 - DEBUG - Seen 8736 genes until now
2020-08-27 18:30:45,460 - DEBUG - Parsing Chromosome 14 strand - [line 673092]
2020-08-27 18:30:45,639 - DEBUG - Done with 14- [line 716831]
2020-08-27 18:30:45,639 - DEBUG - Assigning indexes to genes
2020-08-27 18:30:45,643 - DEBUG - Seen 9452 genes until now
2020-08-27 18:30:45,643 - DEBUG - Parsing Chromosome 14 strand + [line 716832]
2020-08-27 18:30:45,839 - DEBUG - Done with 14+ [line 764942]
2020-08-27 18:30:45,839 - DEBUG - Assigning indexes to genes
2020-08-27 18:30:45,843 - DEBUG - Seen 10121 genes until now
2020-08-27 18:30:45,843 - DEBUG - Parsing Chromosome 15 strand - [line 764943]
2020-08-27 18:30:46,048 - DEBUG - Done with 15- [line 813803]
2020-08-27 18:30:46,048 - DEBUG - Assigning indexes to genes
2020-08-27 18:30:46,052 - DEBUG - Seen 10698 genes until now
2020-08-27 18:30:46,052 - DEBUG - Parsing Chromosome 15 strand + [line 813804]
2020-08-27 18:30:46,233 - DEBUG - Done with 15+ [line 857859]
2020-08-27 18:30:46,233 - DEBUG - Assigning indexes to genes
2020-08-27 18:30:46,236 - DEBUG - Seen 11256 genes until now
2020-08-27 18:30:46,237 - DEBUG - Parsing Chromosome 16 strand - [line 857860]
2020-08-27 18:30:46,776 - DEBUG - Done with 16- [line 911118]
2020-08-27 18:30:46,777 - DEBUG - Assigning indexes to genes
2020-08-27 18:30:46,781 - DEBUG - Seen 11998 genes until now
2020-08-27 18:30:46,781 - DEBUG - Parsing Chromosome 16 strand + [line 911119]
2020-08-27 18:30:47,068 - DEBUG - Done with 16+ [line 981663]
2020-08-27 18:30:47,068 - DEBUG - Assigning indexes to genes
2020-08-27 18:30:47,074 - DEBUG - Seen 12787 genes until now
2020-08-27 18:30:47,074 - DEBUG - Parsing Chromosome 17 strand - [line 981664]
2020-08-27 18:30:47,423 - DEBUG - Done with 17- [line 1066635]
2020-08-27 18:30:47,423 - DEBUG - Assigning indexes to genes
2020-08-27 18:30:47,430 - DEBUG - Seen 13775 genes until now
2020-08-27 18:30:47,430 - DEBUG - Parsing Chromosome 17 strand + [line 1066636]
2020-08-27 18:30:48,109 - DEBUG - Done with 17+ [line 1143834]
2020-08-27 18:30:48,109 - DEBUG - Assigning indexes to genes
2020-08-27 18:30:48,118 - DEBUG - Seen 14681 genes until now
2020-08-27 18:30:48,118 - DEBUG - Parsing Chromosome 18 strand - [line 1143835]
2020-08-27 18:30:48,220 - DEBUG - Done with 18- [line 1168496]
2020-08-27 18:30:48,220 - DEBUG - Assigning indexes to genes
2020-08-27 18:30:48,222 - DEBUG - Seen 15006 genes until now
2020-08-27 18:30:48,222 - DEBUG - Parsing Chromosome 18 strand + [line 1168497]
2020-08-27 18:30:48,309 - DEBUG - Done with 18+ [line 1189691]
2020-08-27 18:30:48,309 - DEBUG - Assigning indexes to genes
2020-08-27 18:30:48,310 - DEBUG - Seen 15343 genes until now
2020-08-27 18:30:48,310 - DEBUG - Parsing Chromosome 19 strand - [line 1189692]
2020-08-27 18:30:48,631 - DEBUG - Done with 19- [line 1268854]
2020-08-27 18:30:48,631 - DEBUG - Assigning indexes to genes
2020-08-27 18:30:48,638 - DEBUG - Seen 16352 genes until now
2020-08-27 18:30:48,638 - DEBUG - Parsing Chromosome 19 strand + [line 1268855]
2020-08-27 18:30:48,966 - DEBUG - Done with 19+ [line 1351833]
2020-08-27 18:30:48,966 - DEBUG - Assigning indexes to genes
2020-08-27 18:30:48,973 - DEBUG - Seen 17347 genes until now
2020-08-27 18:30:48,973 - DEBUG - Parsing Chromosome 2 strand - [line 1351834]
2020-08-27 18:30:49,381 - DEBUG - Done with 2- [line 1448710]
2020-08-27 18:30:49,381 - DEBUG - Assigning indexes to genes
2020-08-27 18:30:49,389 - DEBUG - Seen 18472 genes until now
2020-08-27 18:30:49,389 - DEBUG - Parsing Chromosome 2 strand + [line 1448711]
2020-08-27 18:30:50,235 - DEBUG - Done with 2+ [line 1542602]
2020-08-27 18:30:50,235 - DEBUG - Assigning indexes to genes
2020-08-27 18:30:50,243 - DEBUG - Seen 19632 genes until now
2020-08-27 18:30:50,243 - DEBUG - Parsing Chromosome 20 strand - [line 1542603]
2020-08-27 18:30:50,352 - DEBUG - Done with 20- [line 1569195]
2020-08-27 18:30:50,352 - DEBUG - Assigning indexes to genes
2020-08-27 18:30:50,354 - DEBUG - Seen 20079 genes until now
2020-08-27 18:30:50,354 - DEBUG - Parsing Chromosome 20 strand + [line 1569196]
2020-08-27 18:30:50,482 - DEBUG - Done with 20+ [line 1600541]
2020-08-27 18:30:50,482 - DEBUG - Assigning indexes to genes
2020-08-27 18:30:50,484 - DEBUG - Seen 20527 genes until now
2020-08-27 18:30:50,485 - DEBUG - Parsing Chromosome 21 strand - [line 1600542]
2020-08-27 18:30:50,542 - DEBUG - Done with 21- [line 1614106]
2020-08-27 18:30:50,542 - DEBUG - Assigning indexes to genes
2020-08-27 18:30:50,543 - DEBUG - Seen 20795 genes until now
2020-08-27 18:30:50,543 - DEBUG - Parsing Chromosome 21 strand + [line 1614107]
2020-08-27 18:30:50,604 - DEBUG - Done with 21+ [line 1628392]
2020-08-27 18:30:50,604 - DEBUG - Assigning indexes to genes
2020-08-27 18:30:50,605 - DEBUG - Seen 21029 genes until now
2020-08-27 18:30:50,606 - DEBUG - Parsing Chromosome 22 strand - [line 1628393]
2020-08-27 18:30:50,711 - DEBUG - Done with 22- [line 1653805]
2020-08-27 18:30:50,711 - DEBUG - Assigning indexes to genes
2020-08-27 18:30:50,713 - DEBUG - Seen 21391 genes until now
2020-08-27 18:30:50,713 - DEBUG - Parsing Chromosome 22 strand + [line 1653806]
2020-08-27 18:30:50,837 - DEBUG - Done with 22+ [line 1684245]
2020-08-27 18:30:50,837 - DEBUG - Assigning indexes to genes
2020-08-27 18:30:50,841 - DEBUG - Seen 21866 genes until now
2020-08-27 18:30:50,841 - DEBUG - Parsing Chromosome 3 strand - [line 1684246]
2020-08-27 18:30:51,172 - DEBUG - Done with 3- [line 1763939]
2020-08-27 18:30:51,172 - DEBUG - Assigning indexes to genes
2020-08-27 18:30:51,178 - DEBUG - Seen 22713 genes until now
2020-08-27 18:30:51,178 - DEBUG - Parsing Chromosome 3 strand + [line 1763940]
2020-08-27 18:30:51,509 - DEBUG - Done with 3+ [line 1844840]
2020-08-27 18:30:51,510 - DEBUG - Assigning indexes to genes
2020-08-27 18:30:51,517 - DEBUG - Seen 23585 genes until now
2020-08-27 18:30:51,517 - DEBUG - Parsing Chromosome 4 strand - [line 1844841]
2020-08-27 18:30:52,224 - DEBUG - Done with 4- [line 1898665]
2020-08-27 18:30:52,224 - DEBUG - Assigning indexes to genes
2020-08-27 18:30:52,229 - DEBUG - Seen 24246 genes until now
2020-08-27 18:30:52,229 - DEBUG - Parsing Chromosome 4 strand + [line 1898666]
2020-08-27 18:30:52,427 - DEBUG - Done with 4+ [line 1947617]
2020-08-27 18:30:52,427 - DEBUG - Assigning indexes to genes
2020-08-27 18:30:52,431 - DEBUG - Seen 24938 genes until now
2020-08-27 18:30:52,431 - DEBUG - Parsing Chromosome 5 strand - [line 1947618]
2020-08-27 18:30:52,655 - DEBUG - Done with 5- [line 2001140]
2020-08-27 18:30:52,655 - DEBUG - Assigning indexes to genes
2020-08-27 18:30:52,660 - DEBUG - Seen 25741 genes until now
2020-08-27 18:30:52,660 - DEBUG - Parsing Chromosome 5 strand + [line 2001141]
2020-08-27 18:30:52,911 - DEBUG - Done with 5+ [line 2062165]
2020-08-27 18:30:52,911 - DEBUG - Assigning indexes to genes
2020-08-27 18:30:52,916 - DEBUG - Seen 26599 genes until now
2020-08-27 18:30:52,916 - DEBUG - Parsing Chromosome 6 strand - [line 2062166]
2020-08-27 18:30:53,163 - DEBUG - Done with 6- [line 2121425]
2020-08-27 18:30:53,163 - DEBUG - Assigning indexes to genes
2020-08-27 18:30:53,167 - DEBUG - Seen 27435 genes until now
2020-08-27 18:30:53,168 - DEBUG - Parsing Chromosome 6 strand + [line 2121426]
2020-08-27 18:30:53,385 - DEBUG - Done with 6+ [line 2176078]
2020-08-27 18:30:53,385 - DEBUG - Assigning indexes to genes
2020-08-27 18:30:53,390 - DEBUG - Seen 28231 genes until now
2020-08-27 18:30:53,390 - DEBUG - Parsing Chromosome 7 strand - [line 2176079]
2020-08-27 18:30:53,628 - DEBUG - Done with 7- [line 2233605]
2020-08-27 18:30:53,628 - DEBUG - Assigning indexes to genes
2020-08-27 18:30:53,633 - DEBUG - Seen 28953 genes until now
2020-08-27 18:30:53,633 - DEBUG - Parsing Chromosome 7 strand + [line 2233606]
2020-08-27 18:30:53,886 - DEBUG - Done with 7+ [line 2295513]
2020-08-27 18:30:53,887 - DEBUG - Assigning indexes to genes
2020-08-27 18:30:53,891 - DEBUG - Seen 29770 genes until now
2020-08-27 18:30:53,891 - DEBUG - Parsing Chromosome 8 strand - [line 2295514]
2020-08-27 18:30:54,094 - DEBUG - Done with 8- [line 2343289]
2020-08-27 18:30:54,094 - DEBUG - Assigning indexes to genes
2020-08-27 18:30:54,098 - DEBUG - Seen 30442 genes until now
2020-08-27 18:30:54,098 - DEBUG - Parsing Chromosome 8 strand + [line 2343290]
2020-08-27 18:30:54,280 - DEBUG - Done with 8+ [line 2386793]
2020-08-27 18:30:54,280 - DEBUG - Assigning indexes to genes
2020-08-27 18:30:54,283 - DEBUG - Seen 31090 genes until now
2020-08-27 18:30:54,283 - DEBUG - Parsing Chromosome 9 strand - [line 2386794]
2020-08-27 18:30:55,072 - DEBUG - Done with 9- [line 2430389]
2020-08-27 18:30:55,072 - DEBUG - Assigning indexes to genes
2020-08-27 18:30:55,076 - DEBUG - Seen 31710 genes until now
2020-08-27 18:30:55,076 - DEBUG - Parsing Chromosome 9 strand + [line 2430390]
2020-08-27 18:30:55,298 - DEBUG - Done with 9+ [line 2477312]
2020-08-27 18:30:55,298 - DEBUG - Assigning indexes to genes
2020-08-27 18:30:55,301 - DEBUG - Seen 32318 genes until now
2020-08-27 18:30:55,302 - DEBUG - Parsing Chromosome GL000009.2 strand - [line 2477313]
2020-08-27 18:30:55,302 - DEBUG - Done with GL000009.2- [line 2477320]
2020-08-27 18:30:55,302 - DEBUG - Assigning indexes to genes
2020-08-27 18:30:55,302 - DEBUG - Seen 32319 genes until now
2020-08-27 18:30:55,302 - DEBUG - Parsing Chromosome GL000194.1 strand - [line 2477321]
2020-08-27 18:30:55,302 - DEBUG - Done with GL000194.1- [line 2477346]
2020-08-27 18:30:55,302 - DEBUG - Assigning indexes to genes
2020-08-27 18:30:55,302 - DEBUG - Seen 32321 genes until now
2020-08-27 18:30:55,302 - DEBUG - Parsing Chromosome GL000195.1 strand - [line 2477347]
2020-08-27 18:30:55,302 - DEBUG - Done with GL000195.1- [line 2477356]
2020-08-27 18:30:55,302 - DEBUG - Assigning indexes to genes
2020-08-27 18:30:55,302 - DEBUG - Seen 32322 genes until now
2020-08-27 18:30:55,302 - DEBUG - Parsing Chromosome GL000195.1 strand + [line 2477357]
2020-08-27 18:30:55,302 - DEBUG - Done with GL000195.1+ [line 2477370]
2020-08-27 18:30:55,302 - DEBUG - Assigning indexes to genes
2020-08-27 18:30:55,302 - DEBUG - Seen 32323 genes until now
2020-08-27 18:30:55,302 - DEBUG - Parsing Chromosome GL000205.2 strand - [line 2477371]
2020-08-27 18:30:55,302 - DEBUG - Done with GL000205.2- [line 2477384]
2020-08-27 18:30:55,302 - DEBUG - Assigning indexes to genes
2020-08-27 18:30:55,302 - DEBUG - Seen 32324 genes until now
2020-08-27 18:30:55,303 - DEBUG - Parsing Chromosome GL000213.1 strand - [line 2477385]
2020-08-27 18:30:55,303 - DEBUG - Done with GL000213.1- [line 2477433]
2020-08-27 18:30:55,303 - DEBUG - Assigning indexes to genes
2020-08-27 18:30:55,303 - DEBUG - Seen 32325 genes until now
2020-08-27 18:30:55,303 - DEBUG - Parsing Chromosome GL000218.1 strand - [line 2477434]
2020-08-27 18:30:55,303 - DEBUG - Done with GL000218.1- [line 2477441]
2020-08-27 18:30:55,303 - DEBUG - Assigning indexes to genes
2020-08-27 18:30:55,303 - DEBUG - Seen 32326 genes until now
2020-08-27 18:30:55,303 - DEBUG - Parsing Chromosome GL000219.1 strand - [line 2477442]
2020-08-27 18:30:55,303 - DEBUG - Done with GL000219.1- [line 2477453]
2020-08-27 18:30:55,303 - DEBUG - Assigning indexes to genes
2020-08-27 18:30:55,303 - DEBUG - Seen 32327 genes until now
2020-08-27 18:30:55,303 - DEBUG - Parsing Chromosome KI270711.1 strand - [line 2477454]
2020-08-27 18:30:55,304 - DEBUG - Done with KI270711.1- [line 2477604]
2020-08-27 18:30:55,304 - DEBUG - Assigning indexes to genes
2020-08-27 18:30:55,304 - DEBUG - Seen 32328 genes until now
2020-08-27 18:30:55,304 - DEBUG - Parsing Chromosome KI270713.1 strand - [line 2477605]
2020-08-27 18:30:55,304 - DEBUG - Done with KI270713.1- [line 2477612]
2020-08-27 18:30:55,304 - DEBUG - Assigning indexes to genes
2020-08-27 18:30:55,304 - DEBUG - Seen 32329 genes until now
2020-08-27 18:30:55,304 - DEBUG - Parsing Chromosome KI270713.1 strand + [line 2477613]
2020-08-27 18:30:55,304 - DEBUG - Done with KI270713.1+ [line 2477618]
2020-08-27 18:30:55,304 - DEBUG - Assigning indexes to genes
2020-08-27 18:30:55,304 - DEBUG - Seen 32330 genes until now
2020-08-27 18:30:55,304 - DEBUG - Parsing Chromosome KI270721.1 strand + [line 2477619]
2020-08-27 18:30:55,304 - DEBUG - Done with KI270721.1+ [line 2477634]
2020-08-27 18:30:55,304 - DEBUG - Assigning indexes to genes
2020-08-27 18:30:55,304 - DEBUG - Seen 32331 genes until now
2020-08-27 18:30:55,305 - DEBUG - Parsing Chromosome KI270726.1 strand + [line 2477635]
2020-08-27 18:30:55,305 - DEBUG - Done with KI270726.1+ [line 2477645]
2020-08-27 18:30:55,305 - DEBUG - Assigning indexes to genes
2020-08-27 18:30:55,305 - DEBUG - Seen 32333 genes until now
2020-08-27 18:30:55,305 - DEBUG - Parsing Chromosome KI270727.1 strand - [line 2477646]
2020-08-27 18:30:55,305 - DEBUG - Done with KI270727.1- [line 2477704]
2020-08-27 18:30:55,305 - DEBUG - Assigning indexes to genes
2020-08-27 18:30:55,305 - DEBUG - Seen 32335 genes until now
2020-08-27 18:30:55,305 - DEBUG - Parsing Chromosome KI270727.1 strand + [line 2477705]
2020-08-27 18:30:55,305 - DEBUG - Done with KI270727.1+ [line 2477719]
2020-08-27 18:30:55,305 - DEBUG - Assigning indexes to genes
2020-08-27 18:30:55,305 - DEBUG - Seen 32337 genes until now
2020-08-27 18:30:55,305 - DEBUG - Parsing Chromosome KI270728.1 strand - [line 2477720]
2020-08-27 18:30:55,306 - DEBUG - Done with KI270728.1- [line 2477796]
2020-08-27 18:30:55,306 - DEBUG - Assigning indexes to genes
2020-08-27 18:30:55,306 - DEBUG - Seen 32339 genes until now
2020-08-27 18:30:55,306 - DEBUG - Parsing Chromosome KI270728.1 strand + [line 2477797]
2020-08-27 18:30:55,306 - DEBUG - Done with KI270728.1+ [line 2477833]
2020-08-27 18:30:55,306 - DEBUG - Assigning indexes to genes
2020-08-27 18:30:55,306 - DEBUG - Seen 32343 genes until now
2020-08-27 18:30:55,306 - DEBUG - Parsing Chromosome KI270731.1 strand - [line 2477834]
2020-08-27 18:30:55,306 - DEBUG - Done with KI270731.1- [line 2477840]
2020-08-27 18:30:55,306 - DEBUG - Assigning indexes to genes
2020-08-27 18:30:55,306 - DEBUG - Seen 32344 genes until now
2020-08-27 18:30:55,306 - DEBUG - Parsing Chromosome KI270734.1 strand - [line 2477841]
2020-08-27 18:30:55,306 - DEBUG - Done with KI270734.1- [line 2477909]
2020-08-27 18:30:55,306 - DEBUG - Assigning indexes to genes
2020-08-27 18:30:55,307 - DEBUG - Seen 32345 genes until now
2020-08-27 18:30:55,307 - DEBUG - Parsing Chromosome KI270734.1 strand + [line 2477910]
2020-08-27 18:30:55,307 - DEBUG - Done with KI270734.1+ [line 2477932]
2020-08-27 18:30:55,307 - DEBUG - Assigning indexes to genes
2020-08-27 18:30:55,307 - DEBUG - Seen 32347 genes until now
2020-08-27 18:30:55,307 - DEBUG - Parsing Chromosome MT strand - [line 2477933]
2020-08-27 18:30:55,307 - DEBUG - Done with MT- [line 2477938]
2020-08-27 18:30:55,307 - DEBUG - Assigning indexes to genes
2020-08-27 18:30:55,307 - DEBUG - Seen 32348 genes until now
2020-08-27 18:30:55,307 - DEBUG - Parsing Chromosome MT strand + [line 2477939]
2020-08-27 18:30:55,307 - DEBUG - Done with MT+ [line 2478004]
2020-08-27 18:30:55,307 - DEBUG - Assigning indexes to genes
2020-08-27 18:30:55,307 - DEBUG - Seen 32360 genes until now
2020-08-27 18:30:55,307 - DEBUG - Parsing Chromosome X strand - [line 2478005]
2020-08-27 18:30:55,472 - DEBUG - Done with X- [line 2518937]
2020-08-27 18:30:55,472 - DEBUG - Assigning indexes to genes
2020-08-27 18:30:55,475 - DEBUG - Seen 32876 genes until now
2020-08-27 18:30:55,475 - DEBUG - Parsing Chromosome X strand + [line 2518938]
2020-08-27 18:30:55,640 - DEBUG - Done with X+ [line 2560301]
2020-08-27 18:30:55,640 - DEBUG - Assigning indexes to genes
2020-08-27 18:30:55,644 - DEBUG - Seen 33438 genes until now
2020-08-27 18:30:55,644 - DEBUG - Parsing Chromosome Y strand - [line 2560302]
2020-08-27 18:30:55,653 - DEBUG - Done with Y- [line 2562446]
2020-08-27 18:30:55,653 - DEBUG - Assigning indexes to genes
2020-08-27 18:30:55,653 - DEBUG - Seen 33485 genes until now
2020-08-27 18:30:55,653 - DEBUG - Parsing Chromosome Y strand + [line 2562447]
2020-08-27 18:30:55,663 - DEBUG - Assigning indexes to genes
2020-08-27 18:30:55,664 - DEBUG - Done with Y+ [line 2565059]
2020-08-27 18:30:55,664 - DEBUG - Fixing corner cases of transcript models containg intron longer than 1000Kbp
2020-08-27 18:30:57,313 - DEBUG - Generated 2165800 features corresponding to 172912 transcript models from /net/isi-dcnl/ifs/user_data/abild/Genomes/refdata-cellranger-GRCh38-3.0.0/genes/genes.gtf
2020-08-27 18:30:57,341 - INFO - Scan /net/isi-dcnl/ifs/user_data/abild/Megatron_data/COH055/FEL025028.mRNA/cell_ranger/FEL026_M/outs/possorted_genome_bam.bam to validate intron intervals
2020-08-27 18:31:01,222 - DEBUG - Reading /net/isi-dcnl/ifs/user_data/abild/Megatron_data/COH055/FEL025028.mRNA/cell_ranger/FEL026_M/outs/possorted_genome_bam.bam
2020-08-27 18:31:01,236 - DEBUG - Read first 0 million reads
2020-08-27 18:31:01,240 - DEBUG - Marking up chromosome 1
2020-08-27 18:33:01,880 - DEBUG - Read first 10 million reads
2020-08-27 18:33:27,039 - DEBUG - Marking up chromosome 10
2020-08-27 18:34:22,099 - DEBUG - Marking up chromosome 11
2020-08-27 18:35:22,182 - DEBUG - Read first 20 million reads
2020-08-27 18:35:58,089 - DEBUG - Marking up chromosome 12
2020-08-27 18:37:11,725 - DEBUG - Marking up chromosome 13
2020-08-27 18:37:34,570 - DEBUG - Marking up chromosome 14
2020-08-27 18:37:47,190 - DEBUG - Read first 30 million reads
2020-08-27 18:38:16,143 - DEBUG - Marking up chromosome 15
2020-08-27 18:38:53,280 - DEBUG - Marking up chromosome 16
2020-08-27 18:39:52,989 - DEBUG - Read first 40 million reads
2020-08-27 18:39:53,381 - DEBUG - Marking up chromosome 17
2020-08-27 18:40:53,631 - DEBUG - Marking up chromosome 18
2020-08-27 18:41:17,322 - DEBUG - Marking up chromosome 19
2020-08-27 18:42:04,576 - DEBUG - Marking up chromosome 2
2020-08-27 18:42:09,433 - DEBUG - Read first 50 million reads
2020-08-27 18:43:26,975 - DEBUG - Marking up chromosome 20
2020-08-27 18:43:51,747 - DEBUG - Marking up chromosome 21
2020-08-27 18:43:56,552 - DEBUG - Read first 60 million reads
2020-08-27 18:44:18,105 - DEBUG - Read first 70 million reads
2020-08-27 18:44:39,592 - DEBUG - Read first 80 million reads
2020-08-27 18:44:55,006 - DEBUG - Marking up chromosome 22
2020-08-27 18:45:14,065 - DEBUG - Marking up chromosome 3
2020-08-27 18:46:24,697 - DEBUG - Marking up chromosome 4
2020-08-27 18:47:01,237 - DEBUG - Read first 90 million reads
2020-08-27 18:47:21,276 - DEBUG - Marking up chromosome 5
2020-08-27 18:48:40,959 - DEBUG - Marking up chromosome 6
2020-08-27 18:49:01,077 - DEBUG - Read first 100 million reads
2020-08-27 18:49:31,345 - DEBUG - Marking up chromosome 7
2020-08-27 18:50:26,521 - DEBUG - Marking up chromosome 8
2020-08-27 18:51:11,006 - DEBUG - Read first 110 million reads
2020-08-27 18:51:26,960 - DEBUG - Marking up chromosome 9
2020-08-27 18:52:03,290 - DEBUG - Marking up chromosome MT
2020-08-27 18:52:33,830 - DEBUG - Marking up chromosome X
2020-08-27 18:52:38,754 - DEBUG - Read first 120 million reads
2020-08-27 18:53:00,612 - DEBUG - Marking up chromosome Y
2020-08-27 18:53:00,668 - DEBUG - Marking up chromosome KI270728.1
2020-08-27 18:53:00,678 - DEBUG - Marking up chromosome KI270727.1
2020-08-27 18:53:00,733 - DEBUG - Marking up chromosome KI270442.1
2020-08-27 18:53:00,733 - WARNING - The .bam file refers to a chromosome 'KI270442.1+' not present in the annotation (.gtf) file
2020-08-27 18:53:00,733 - WARNING - The .bam file refers to a chromosome 'KI270442.1-' not present in the annotation (.gtf) file
2020-08-27 18:53:00,741 - DEBUG - Marking up chromosome KI270729.1
2020-08-27 18:53:00,741 - WARNING - The .bam file refers to a chromosome 'KI270729.1+' not present in the annotation (.gtf) file
2020-08-27 18:53:00,741 - WARNING - The .bam file refers to a chromosome 'KI270729.1-' not present in the annotation (.gtf) file
2020-08-27 18:53:00,741 - DEBUG - Marking up chromosome GL000225.1
2020-08-27 18:53:00,741 - WARNING - The .bam file refers to a chromosome 'GL000225.1+' not present in the annotation (.gtf) file
2020-08-27 18:53:00,741 - WARNING - The .bam file refers to a chromosome 'GL000225.1-' not present in the annotation (.gtf) file
2020-08-27 18:53:00,742 - DEBUG - Marking up chromosome KI270743.1
2020-08-27 18:53:00,742 - WARNING - The .bam file refers to a chromosome 'KI270743.1+' not present in the annotation (.gtf) file
2020-08-27 18:53:00,742 - WARNING - The .bam file refers to a chromosome 'KI270743.1-' not present in the annotation (.gtf) file
2020-08-27 18:53:00,744 - DEBUG - Marking up chromosome GL000008.2
2020-08-27 18:53:00,744 - WARNING - The .bam file refers to a chromosome 'GL000008.2+' not present in the annotation (.gtf) file
2020-08-27 18:53:00,744 - WARNING - The .bam file refers to a chromosome 'GL000008.2-' not present in the annotation (.gtf) file
2020-08-27 18:53:00,747 - DEBUG - Marking up chromosome GL000009.2
2020-08-27 18:53:00,747 - WARNING - The .bam file refers to a chromosome 'GL000009.2+' not present in the annotation (.gtf) file
2020-08-27 18:53:00,750 - DEBUG - Marking up chromosome KI270722.1
2020-08-27 18:53:00,750 - WARNING - The .bam file refers to a chromosome 'KI270722.1+' not present in the annotation (.gtf) file
2020-08-27 18:53:00,750 - WARNING - The .bam file refers to a chromosome 'KI270722.1-' not present in the annotation (.gtf) file
2020-08-27 18:53:00,751 - DEBUG - Marking up chromosome GL000194.1
2020-08-27 18:53:00,751 - WARNING - The .bam file refers to a chromosome 'GL000194.1+' not present in the annotation (.gtf) file
2020-08-27 18:53:00,810 - DEBUG - Marking up chromosome KI270742.1
2020-08-27 18:53:00,810 - WARNING - The .bam file refers to a chromosome 'KI270742.1+' not present in the annotation (.gtf) file
2020-08-27 18:53:00,810 - WARNING - The .bam file refers to a chromosome 'KI270742.1-' not present in the annotation (.gtf) file
2020-08-27 18:53:00,819 - DEBUG - Marking up chromosome GL000205.2
2020-08-27 18:53:00,819 - WARNING - The .bam file refers to a chromosome 'GL000205.2+' not present in the annotation (.gtf) file
2020-08-27 18:53:00,827 - DEBUG - Marking up chromosome GL000195.1
2020-08-27 18:53:00,874 - DEBUG - Marking up chromosome KI270733.1
2020-08-27 18:53:00,874 - WARNING - The .bam file refers to a chromosome 'KI270733.1+' not present in the annotation (.gtf) file
2020-08-27 18:53:00,875 - WARNING - The .bam file refers to a chromosome 'KI270733.1-' not present in the annotation (.gtf) file
2020-08-27 18:53:18,562 - DEBUG - Read first 130 million reads
2020-08-27 18:53:26,207 - DEBUG - Marking up chromosome GL000224.1
2020-08-27 18:53:26,208 - WARNING - The .bam file refers to a chromosome 'GL000224.1+' not present in the annotation (.gtf) file
2020-08-27 18:53:26,208 - WARNING - The .bam file refers to a chromosome 'GL000224.1-' not present in the annotation (.gtf) file
2020-08-27 18:53:26,210 - DEBUG - Marking up chromosome GL000219.1
2020-08-27 18:53:26,210 - WARNING - The .bam file refers to a chromosome 'GL000219.1+' not present in the annotation (.gtf) file
2020-08-27 18:53:26,251 - DEBUG - Marking up chromosome KI270719.1
2020-08-27 18:53:26,251 - WARNING - The .bam file refers to a chromosome 'KI270719.1+' not present in the annotation (.gtf) file
2020-08-27 18:53:26,251 - WARNING - The .bam file refers to a chromosome 'KI270719.1-' not present in the annotation (.gtf) file
2020-08-27 18:53:26,256 - DEBUG - Marking up chromosome GL000216.2
2020-08-27 18:53:26,256 - WARNING - The .bam file refers to a chromosome 'GL000216.2+' not present in the annotation (.gtf) file
2020-08-27 18:53:26,256 - WARNING - The .bam file refers to a chromosome 'GL000216.2-' not present in the annotation (.gtf) file
2020-08-27 18:53:26,256 - DEBUG - Marking up chromosome KI270712.1
2020-08-27 18:53:26,256 - WARNING - The .bam file refers to a chromosome 'KI270712.1+' not present in the annotation (.gtf) file
2020-08-27 18:53:26,256 - WARNING - The .bam file refers to a chromosome 'KI270712.1-' not present in the annotation (.gtf) file
2020-08-27 18:53:26,261 - DEBUG - Marking up chromosome KI270706.1
2020-08-27 18:53:26,261 - WARNING - The .bam file refers to a chromosome 'KI270706.1+' not present in the annotation (.gtf) file
2020-08-27 18:53:26,261 - WARNING - The .bam file refers to a chromosome 'KI270706.1-' not present in the annotation (.gtf) file
2020-08-27 18:53:26,276 - DEBUG - Marking up chromosome KI270725.1
2020-08-27 18:53:26,276 - WARNING - The .bam file refers to a chromosome 'KI270725.1+' not present in the annotation (.gtf) file
2020-08-27 18:53:26,276 - WARNING - The .bam file refers to a chromosome 'KI270725.1-' not present in the annotation (.gtf) file
2020-08-27 18:53:26,277 - DEBUG - Marking up chromosome KI270744.1
2020-08-27 18:53:26,277 - WARNING - The .bam file refers to a chromosome 'KI270744.1+' not present in the annotation (.gtf) file
2020-08-27 18:53:26,277 - WARNING - The .bam file refers to a chromosome 'KI270744.1-' not present in the annotation (.gtf) file
2020-08-27 18:53:26,281 - DEBUG - Marking up chromosome KI270734.1
2020-08-27 18:53:26,309 - DEBUG - Marking up chromosome GL000213.1
2020-08-27 18:53:26,309 - WARNING - The .bam file refers to a chromosome 'GL000213.1+' not present in the annotation (.gtf) file
2020-08-27 18:53:26,414 - DEBUG - Marking up chromosome GL000220.1
2020-08-27 18:53:26,414 - WARNING - The .bam file refers to a chromosome 'GL000220.1+' not present in the annotation (.gtf) file
2020-08-27 18:53:26,414 - WARNING - The .bam file refers to a chromosome 'GL000220.1-' not present in the annotation (.gtf) file
2020-08-27 18:53:39,954 - DEBUG - Read first 140 million reads
2020-08-27 18:53:51,736 - DEBUG - Marking up chromosome GL000218.1
2020-08-27 18:53:51,736 - WARNING - The .bam file refers to a chromosome 'GL000218.1+' not present in the annotation (.gtf) file
2020-08-27 18:53:51,744 - DEBUG - Marking up chromosome KI270749.1
2020-08-27 18:53:51,745 - WARNING - The .bam file refers to a chromosome 'KI270749.1+' not present in the annotation (.gtf) file
2020-08-27 18:53:51,745 - WARNING - The .bam file refers to a chromosome 'KI270749.1-' not present in the annotation (.gtf) file
2020-08-27 18:53:51,745 - DEBUG - Marking up chromosome KI270741.1
2020-08-27 18:53:51,746 - WARNING - The .bam file refers to a chromosome 'KI270741.1+' not present in the annotation (.gtf) file
2020-08-27 18:53:51,746 - WARNING - The .bam file refers to a chromosome 'KI270741.1-' not present in the annotation (.gtf) file
2020-08-27 18:53:51,746 - DEBUG - Marking up chromosome GL000221.1
2020-08-27 18:53:51,746 - WARNING - The .bam file refers to a chromosome 'GL000221.1+' not present in the annotation (.gtf) file
2020-08-27 18:53:51,746 - WARNING - The .bam file refers to a chromosome 'GL000221.1-' not present in the annotation (.gtf) file
2020-08-27 18:53:51,756 - DEBUG - Marking up chromosome KI270731.1
2020-08-27 18:53:51,756 - WARNING - The .bam file refers to a chromosome 'KI270731.1+' not present in the annotation (.gtf) file
2020-08-27 18:53:51,760 - DEBUG - Marking up chromosome KI270751.1
2020-08-27 18:53:51,760 - WARNING - The .bam file refers to a chromosome 'KI270751.1+' not present in the annotation (.gtf) file
2020-08-27 18:53:51,760 - WARNING - The .bam file refers to a chromosome 'KI270751.1-' not present in the annotation (.gtf) file
2020-08-27 18:53:51,760 - DEBUG - Marking up chromosome GL000214.1
2020-08-27 18:53:51,760 - WARNING - The .bam file refers to a chromosome 'GL000214.1+' not present in the annotation (.gtf) file
2020-08-27 18:53:51,760 - WARNING - The .bam file refers to a chromosome 'GL000214.1-' not present in the annotation (.gtf) file
2020-08-27 18:53:51,763 - DEBUG - Marking up chromosome KI270708.1
2020-08-27 18:53:51,763 - WARNING - The .bam file refers to a chromosome 'KI270708.1+' not present in the annotation (.gtf) file
2020-08-27 18:53:51,763 - WARNING - The .bam file refers to a chromosome 'KI270708.1-' not present in the annotation (.gtf) file
2020-08-27 18:53:51,763 - DEBUG - Marking up chromosome KI270730.1
2020-08-27 18:53:51,763 - WARNING - The .bam file refers to a chromosome 'KI270730.1+' not present in the annotation (.gtf) file
2020-08-27 18:53:51,763 - WARNING - The .bam file refers to a chromosome 'KI270730.1-' not present in the annotation (.gtf) file
2020-08-27 18:53:51,763 - DEBUG - Marking up chromosome KI270737.1
2020-08-27 18:53:51,763 - WARNING - The .bam file refers to a chromosome 'KI270737.1+' not present in the annotation (.gtf) file
2020-08-27 18:53:51,763 - WARNING - The .bam file refers to a chromosome 'KI270737.1-' not present in the annotation (.gtf) file
2020-08-27 18:53:51,764 - DEBUG - Marking up chromosome KI270721.1
2020-08-27 18:53:51,764 - WARNING - The .bam file refers to a chromosome 'KI270721.1-' not present in the annotation (.gtf) file
2020-08-27 18:53:51,774 - DEBUG - Marking up chromosome KI270738.1
2020-08-27 18:53:51,774 - WARNING - The .bam file refers to a chromosome 'KI270738.1+' not present in the annotation (.gtf) file
2020-08-27 18:53:51,774 - WARNING - The .bam file refers to a chromosome 'KI270738.1-' not present in the annotation (.gtf) file
2020-08-27 18:53:51,779 - DEBUG - Marking up chromosome KI270748.1
2020-08-27 18:53:51,779 - WARNING - The .bam file refers to a chromosome 'KI270748.1+' not present in the annotation (.gtf) file
2020-08-27 18:53:51,779 - WARNING - The .bam file refers to a chromosome 'KI270748.1-' not present in the annotation (.gtf) file
2020-08-27 18:53:51,782 - DEBUG - Marking up chromosome KI270435.1
2020-08-27 18:53:51,782 - WARNING - The .bam file refers to a chromosome 'KI270435.1+' not present in the annotation (.gtf) file
2020-08-27 18:53:51,782 - WARNING - The .bam file refers to a chromosome 'KI270435.1-' not present in the annotation (.gtf) file
2020-08-27 18:53:51,782 - DEBUG - Marking up chromosome GL000208.1
2020-08-27 18:53:51,782 - WARNING - The .bam file refers to a chromosome 'GL000208.1+' not present in the annotation (.gtf) file
2020-08-27 18:53:51,782 - WARNING - The .bam file refers to a chromosome 'GL000208.1-' not present in the annotation (.gtf) file
2020-08-27 18:53:51,782 - DEBUG - Marking up chromosome KI270538.1
2020-08-27 18:53:51,782 - WARNING - The .bam file refers to a chromosome 'KI270538.1+' not present in the annotation (.gtf) file
2020-08-27 18:53:51,782 - WARNING - The .bam file refers to a chromosome 'KI270538.1-' not present in the annotation (.gtf) file
2020-08-27 18:53:51,782 - DEBUG - Marking up chromosome KI270709.1
2020-08-27 18:53:51,782 - WARNING - The .bam file refers to a chromosome 'KI270709.1+' not present in the annotation (.gtf) file
2020-08-27 18:53:51,782 - WARNING - The .bam file refers to a chromosome 'KI270709.1-' not present in the annotation (.gtf) file
2020-08-27 18:53:51,783 - DEBUG - Marking up chromosome KI270746.1
2020-08-27 18:53:51,783 - WARNING - The .bam file refers to a chromosome 'KI270746.1+' not present in the annotation (.gtf) file
2020-08-27 18:53:51,783 - WARNING - The .bam file refers to a chromosome 'KI270746.1-' not present in the annotation (.gtf) file
2020-08-27 18:53:51,783 - DEBUG - Marking up chromosome KI270589.1
2020-08-27 18:53:51,783 - WARNING - The .bam file refers to a chromosome 'KI270589.1+' not present in the annotation (.gtf) file
2020-08-27 18:53:51,783 - WARNING - The .bam file refers to a chromosome 'KI270589.1-' not present in the annotation (.gtf) file
2020-08-27 18:53:51,784 - DEBUG - Marking up chromosome KI270726.1
2020-08-27 18:53:51,784 - WARNING - The .bam file refers to a chromosome 'KI270726.1-' not present in the annotation (.gtf) file
2020-08-27 18:53:51,784 - DEBUG - Marking up chromosome KI270735.1
2020-08-27 18:53:51,784 - WARNING - The .bam file refers to a chromosome 'KI270735.1+' not present in the annotation (.gtf) file
2020-08-27 18:53:51,784 - WARNING - The .bam file refers to a chromosome 'KI270735.1-' not present in the annotation (.gtf) file
2020-08-27 18:53:51,784 - DEBUG - Marking up chromosome KI270711.1
2020-08-27 18:53:51,784 - WARNING - The .bam file refers to a chromosome 'KI270711.1+' not present in the annotation (.gtf) file
2020-08-27 18:53:51,819 - DEBUG - Marking up chromosome KI270745.1
2020-08-27 18:53:51,819 - WARNING - The .bam file refers to a chromosome 'KI270745.1+' not present in the annotation (.gtf) file
2020-08-27 18:53:51,819 - WARNING - The .bam file refers to a chromosome 'KI270745.1-' not present in the annotation (.gtf) file
2020-08-27 18:53:51,829 - DEBUG - Marking up chromosome KI270714.1
2020-08-27 18:53:51,829 - WARNING - The .bam file refers to a chromosome 'KI270714.1+' not present in the annotation (.gtf) file
2020-08-27 18:53:51,829 - WARNING - The .bam file refers to a chromosome 'KI270714.1-' not present in the annotation (.gtf) file
2020-08-27 18:53:51,833 - DEBUG - Marking up chromosome KI270732.1
2020-08-27 18:53:51,833 - WARNING - The .bam file refers to a chromosome 'KI270732.1+' not present in the annotation (.gtf) file
2020-08-27 18:53:51,833 - WARNING - The .bam file refers to a chromosome 'KI270732.1-' not present in the annotation (.gtf) file
2020-08-27 18:53:51,833 - DEBUG - Marking up chromosome KI270713.1
2020-08-27 18:53:51,836 - DEBUG - Marking up chromosome KI270754.1
2020-08-27 18:53:51,836 - WARNING - The .bam file refers to a chromosome 'KI270754.1+' not present in the annotation (.gtf) file
2020-08-27 18:53:51,836 - WARNING - The .bam file refers to a chromosome 'KI270754.1-' not present in the annotation (.gtf) file
2020-08-27 18:53:51,836 - DEBUG - Marking up chromosome KI270710.1
2020-08-27 18:53:51,836 - WARNING - The .bam file refers to a chromosome 'KI270710.1+' not present in the annotation (.gtf) file
2020-08-27 18:53:51,836 - WARNING - The .bam file refers to a chromosome 'KI270710.1-' not present in the annotation (.gtf) file
2020-08-27 18:53:51,836 - DEBUG - Marking up chromosome KI270717.1
2020-08-27 18:53:51,836 - WARNING - The .bam file refers to a chromosome 'KI270717.1+' not present in the annotation (.gtf) file
2020-08-27 18:53:51,836 - WARNING - The .bam file refers to a chromosome 'KI270717.1-' not present in the annotation (.gtf) file
2020-08-27 18:53:51,837 - DEBUG - Marking up chromosome KI270720.1
2020-08-27 18:53:51,837 - WARNING - The .bam file refers to a chromosome 'KI270720.1+' not present in the annotation (.gtf) file
2020-08-27 18:53:51,837 - WARNING - The .bam file refers to a chromosome 'KI270720.1-' not present in the annotation (.gtf) file
2020-08-27 18:53:51,845 - DEBUG - Marking up chromosome KI270718.1
2020-08-27 18:53:51,845 - WARNING - The .bam file refers to a chromosome 'KI270718.1+' not present in the annotation (.gtf) file
2020-08-27 18:53:51,845 - WARNING - The .bam file refers to a chromosome 'KI270718.1-' not present in the annotation (.gtf) file
2020-08-27 18:53:51,899 - DEBUG - Marking up chromosome KI270707.1
2020-08-27 18:53:51,899 - WARNING - The .bam file refers to a chromosome 'KI270707.1+' not present in the annotation (.gtf) file
2020-08-27 18:53:51,899 - WARNING - The .bam file refers to a chromosome 'KI270707.1-' not present in the annotation (.gtf) file
2020-08-27 18:53:51,901 - DEBUG - Marking up chromosome KI270467.1
2020-08-27 18:53:51,901 - WARNING - The .bam file refers to a chromosome 'KI270467.1+' not present in the annotation (.gtf) file
2020-08-27 18:53:51,901 - WARNING - The .bam file refers to a chromosome 'KI270467.1-' not present in the annotation (.gtf) file
2020-08-27 18:53:51,901 - DEBUG - Marking up chromosome KI270330.1
2020-08-27 18:53:51,901 - WARNING - The .bam file refers to a chromosome 'KI270330.1+' not present in the annotation (.gtf) file
2020-08-27 18:53:51,901 - WARNING - The .bam file refers to a chromosome 'KI270330.1-' not present in the annotation (.gtf) file
2020-08-27 18:53:51,902 - DEBUG - Marking up chromosome KI270466.1
2020-08-27 18:53:51,902 - WARNING - The .bam file refers to a chromosome 'KI270466.1+' not present in the annotation (.gtf) file
2020-08-27 18:53:51,902 - WARNING - The .bam file refers to a chromosome 'KI270466.1-' not present in the annotation (.gtf) file
2020-08-27 18:54:00,650 - DEBUG - End of file. Reset index: start scanning from initial position.
2020-08-27 18:54:00,651 - DEBUG - 2058209 reads were skipped because no apropiate cell or umi barcode was found
2020-08-27 18:54:00,651 - DEBUG - Start molecule counting!
2020-08-27 18:54:04,631 - DEBUG - Features available for chromosomes : ['1-', '1+', '10-', '10+', '11-', '11+', '12-', '12+', '13-', '13+', '14-', '14+', '15-', '15+', '16-', '16+', '17-', '17+', '18-', '18+', '19-', '19+', '2-', '2+', '20-', '20+', '21-', '21+', '22-', '22+', '3-', '3+', '4-', '4+', '5-', '5+', '6-', '6+', '7-', '7+', '8-', '8+', '9-', '9+', 'GL000009.2-', 'GL000194.1-', 'GL000195.1-', 'GL000195.1+', 'GL000205.2-', 'GL000213.1-', 'GL000218.1-', 'GL000219.1-', 'KI270711.1-', 'KI270713.1-', 'KI270713.1+', 'KI270721.1+', 'KI270726.1+', 'KI270727.1-', 'KI270727.1+', 'KI270728.1-', 'KI270728.1+', 'KI270731.1-', 'KI270734.1-', 'KI270734.1+', 'MT-', 'MT+', 'X-', 'X+', 'Y-', 'Y+']
2020-08-27 18:54:04,631 - DEBUG - Mask available for chromosomes : []
2020-08-27 18:54:04,631 - DEBUG - Summarizing the results of intron validation.
2020-08-27 18:54:05,321 - DEBUG - Validated 514722 introns (of which unique intervals 163096) out of 996444 total possible introns (considering each possible transcript models).
2020-08-27 18:54:05,322 - DEBUG - Reading /net/isi-dcnl/ifs/user_data/abild/Megatron_data/COH055/FEL025028.mRNA/cell_ranger/FEL026_M/outs/cellsorted_possorted_genome_bam.bam
2020-08-27 18:54:05,374 - DEBUG - Read first 0 million reads
2020-08-27 18:54:30,233 - DEBUG - Read first 10 million reads
2020-08-27 18:55:14,400 - DEBUG - Counting for batch 1, containing 100 cells and 2233762 reads
2020-08-27 18:56:34,428 - DEBUG - 0 reads not considered because fully enclosed in repeat masked regions
2020-08-27 18:57:08,253 - DEBUG - Read first 20 million reads
2020-08-27 18:57:34,177 - DEBUG - Counting for batch 2, containing 100 cells and 2501195 reads
2020-08-27 18:59:07,766 - DEBUG - 0 reads not considered because fully enclosed in repeat masked regions
2020-08-27 19:00:11,217 - DEBUG - Counting for batch 3, containing 100 cells and 2769432 reads
2020-08-27 19:01:49,920 - DEBUG - 0 reads not considered because fully enclosed in repeat masked regions
2020-08-27 19:02:16,272 - DEBUG - Read first 30 million reads
2020-08-27 19:02:49,136 - DEBUG - Counting for batch 4, containing 100 cells and 2154329 reads
2020-08-27 19:04:11,836 - DEBUG - 0 reads not considered because fully enclosed in repeat masked regions
2020-08-27 19:05:04,158 - DEBUG - Read first 40 million reads
2020-08-27 19:05:06,181 - DEBUG - Counting for batch 5, containing 100 cells and 2440667 reads
2020-08-27 19:06:39,993 - DEBUG - 0 reads not considered because fully enclosed in repeat masked regions
2020-08-27 19:07:36,849 - DEBUG - Counting for batch 6, containing 100 cells and 2545276 reads
2020-08-27 19:09:13,172 - DEBUG - 0 reads not considered because fully enclosed in repeat masked regions
2020-08-27 19:10:01,519 - DEBUG - Read first 50 million reads
2020-08-27 19:10:15,091 - DEBUG - Counting for batch 7, containing 100 cells and 2616626 reads
2020-08-27 19:11:51,518 - DEBUG - 0 reads not considered because fully enclosed in repeat masked regions
2020-08-27 19:13:02,827 - DEBUG - Counting for batch 8, containing 100 cells and 2847724 reads
2020-08-27 19:14:52,795 - DEBUG - 0 reads not considered because fully enclosed in repeat masked regions
2020-08-27 19:15:31,289 - DEBUG - Read first 60 million reads
2020-08-27 19:16:03,328 - DEBUG - Counting for batch 9, containing 100 cells and 3018293 reads
2020-08-27 19:17:55,455 - DEBUG - 0 reads not considered because fully enclosed in repeat masked regions
2020-08-27 19:19:09,031 - DEBUG - Read first 70 million reads
2020-08-27 19:19:09,821 - DEBUG - Counting for batch 10, containing 100 cells and 2609830 reads
2020-08-27 19:20:46,017 - DEBUG - 0 reads not considered because fully enclosed in repeat masked regions
2020-08-27 19:21:56,040 - DEBUG - Counting for batch 11, containing 100 cells and 2362339 reads
2020-08-27 19:23:32,828 - DEBUG - 0 reads not considered because fully enclosed in repeat masked regions
2020-08-27 19:24:26,094 - DEBUG - Read first 80 million reads
2020-08-27 19:24:29,743 - DEBUG - Counting for batch 12, containing 100 cells and 1967477 reads
2020-08-27 19:25:43,653 - DEBUG - 0 reads not considered because fully enclosed in repeat masked regions
2020-08-27 19:26:47,082 - DEBUG - Counting for batch 13, containing 100 cells and 2131339 reads
2020-08-27 19:28:13,902 - DEBUG - 0 reads not considered because fully enclosed in repeat masked regions
2020-08-27 19:29:04,920 - DEBUG - Read first 90 million reads
2020-08-27 19:29:31,288 - DEBUG - Counting for batch 14, containing 100 cells and 3284283 reads
2020-08-27 19:31:33,590 - DEBUG - 0 reads not considered because fully enclosed in repeat masked regions
2020-08-27 19:33:00,293 - DEBUG - Counting for batch 15, containing 100 cells and 2823453 reads
2020-08-27 19:34:42,665 - DEBUG - 0 reads not considered because fully enclosed in repeat masked regions
2020-08-27 19:35:16,150 - DEBUG - Read first 100 million reads
2020-08-27 19:35:56,734 - DEBUG - Counting for batch 16, containing 100 cells and 2363193 reads
2020-08-27 19:37:25,027 - DEBUG - 0 reads not considered because fully enclosed in repeat masked regions
2020-08-27 19:38:34,956 - DEBUG - Read first 110 million reads
2020-08-27 19:38:37,359 - DEBUG - Counting for batch 17, containing 100 cells and 2599093 reads
2020-08-27 19:40:19,991 - DEBUG - 0 reads not considered because fully enclosed in repeat masked regions
2020-08-27 19:41:38,239 - DEBUG - Counting for batch 18, containing 100 cells and 3238653 reads
2020-08-27 19:43:42,303 - DEBUG - 0 reads not considered because fully enclosed in repeat masked regions
2020-08-27 19:44:30,108 - DEBUG - Read first 120 million reads
2020-08-27 19:44:53,563 - DEBUG - Counting for batch 19, containing 100 cells and 2963792 reads
2020-08-27 19:46:46,881 - DEBUG - 0 reads not considered because fully enclosed in repeat masked regions
2020-08-27 19:47:48,371 - DEBUG - Counting for batch 20, containing 100 cells and 2158568 reads
2020-08-27 19:49:11,117 - DEBUG - 0 reads not considered because fully enclosed in repeat masked regions
2020-08-27 19:49:39,138 - DEBUG - Read first 130 million reads
2020-08-27 19:50:12,951 - DEBUG - Counting for batch 21, containing 100 cells and 2751127 reads
2020-08-27 19:52:00,703 - DEBUG - 0 reads not considered because fully enclosed in repeat masked regions
2020-08-27 19:52:58,895 - DEBUG - Counting for batch 22, containing 100 cells and 2341450 reads
2020-08-27 19:54:27,507 - DEBUG - 0 reads not considered because fully enclosed in repeat masked regions
2020-08-27 19:54:48,292 - DEBUG - Read first 140 million reads
2020-08-27 19:55:31,804 - DEBUG - Counting for batch 23, containing 100 cells and 2619760 reads
2020-08-27 19:57:11,911 - DEBUG - 0 reads not considered because fully enclosed in repeat masked regions
2020-08-27 19:58:04,305 - DEBUG - Counting for batch 24, containing 58 cells and 1755503 reads
2020-08-27 19:59:11,242 - DEBUG - 0 reads not considered because fully enclosed in repeat masked regions
2020-08-27 19:59:26,495 - DEBUG - 2058209 reads were skipped because no apropiate cell or umi barcode was found
2020-08-27 19:59:26,495 - DEBUG - Counting done!
2020-08-27 19:59:26,526 - DEBUG - Generating output file /net/isi-dcnl/ifs/user_data/abild/Megatron_data/COH055/FEL025028.mRNA/cell_ranger/FEL026_M/velocyto/FEL026_M.loom
2020-08-27 19:59:26,526 - DEBUG - Collecting row attributes
2020-08-27 19:59:26,620 - DEBUG - Generating data table
2020-08-27 19:59:27,604 - DEBUG - Writing loom file
2020-08-27 19:59:33,195 - DEBUG - Terminated Succesfully!
Start: 1598578225
End: 1598583575
Run time: 5350
Done
