CPU: 16
N: 5
Step1: Analyze spliced and unspliced reads and genrate a loom file for velocityR
Run velocyto to generate loom file
2020-08-27 16:31:03,040 - DEBUG - Using logic: Default
2020-08-27 16:31:03,044 - INFO - Read 908 cell barcodes from /net/isi-dcnl/ifs/user_data/abild/Megatron_data/COH044/FELINE/FEL012016.mRNA/FEL012_count03/FEL012_M/outs/filtered_feature_bc_matrix/barcodes.tsv.gz
2020-08-27 16:31:03,044 - DEBUG - Example of barcode: AAACCCAAGCCAGTAG and cell_id: FEL012_M:AAACCCAAGCCAGTAG-1
2020-08-27 16:31:03,062 - DEBUG - Peeking into /net/isi-dcnl/ifs/user_data/abild/Megatron_data/COH044/FELINE/FEL012016.mRNA/FEL012_count03/FEL012_M/outs/possorted_genome_bam.bam
2020-08-27 16:31:03,101 - WARNING - Not found cell and umi barcode in entry 6 of the bam file
2020-08-27 16:31:03,101 - WARNING - Not found cell and umi barcode in entry 168 of the bam file
2020-08-27 16:31:03,102 - WARNING - Not found cell and umi barcode in entry 169 of the bam file
2020-08-27 16:31:03,102 - WARNING - Not found cell and umi barcode in entry 268 of the bam file
2020-08-27 16:31:03,102 - WARNING - Not found cell and umi barcode in entry 269 of the bam file
2020-08-27 16:31:03,102 - WARNING - Not found cell and umi barcode in entry 270 of the bam file
2020-08-27 16:31:03,102 - WARNING - Not found cell and umi barcode in entry 271 of the bam file
2020-08-27 16:31:03,106 - WARNING - Not found cell and umi barcode in entry 881 of the bam file
2020-08-27 16:31:03,106 - WARNING - Not found cell and umi barcode in entry 882 of the bam file
2020-08-27 16:31:03,106 - WARNING - Not found cell and umi barcode in entry 883 of the bam file
2020-08-27 16:31:03,112 - WARNING - The file /net/isi-dcnl/ifs/user_data/abild/Megatron_data/COH044/FELINE/FEL012016.mRNA/FEL012_count03/FEL012_M/outs/cellsorted_possorted_genome_bam.bam already exists. The sorting step will be skipped and the existing file will be used.
2020-08-27 16:31:03,112 - INFO - Load the annotation from /net/isi-dcnl/ifs/user_data/abild/Genomes/refdata-cellranger-GRCh38-3.0.0/genes/genes.gtf
2020-08-27 16:31:11,144 - DEBUG - Parsing Chromosome 1 strand - [line 0]
2020-08-27 16:31:11,758 - DEBUG - Done with 1- [line 108728]
2020-08-27 16:31:11,758 - DEBUG - Assigning indexes to genes
2020-08-27 16:31:11,768 - DEBUG - Seen 1561 genes until now
2020-08-27 16:31:11,768 - DEBUG - Parsing Chromosome 1 strand + [line 108729]
2020-08-27 16:31:12,474 - DEBUG - Done with 1+ [line 232515]
2020-08-27 16:31:12,474 - DEBUG - Assigning indexes to genes
2020-08-27 16:31:12,695 - DEBUG - Seen 3154 genes until now
2020-08-27 16:31:12,695 - DEBUG - Parsing Chromosome 10 strand - [line 232516]
2020-08-27 16:31:12,896 - DEBUG - Done with 10- [line 279343]
2020-08-27 16:31:12,896 - DEBUG - Assigning indexes to genes
2020-08-27 16:31:12,900 - DEBUG - Seen 3737 genes until now
2020-08-27 16:31:12,900 - DEBUG - Parsing Chromosome 10 strand + [line 279344]
2020-08-27 16:31:13,087 - DEBUG - Done with 10+ [line 323872]
2020-08-27 16:31:13,087 - DEBUG - Assigning indexes to genes
2020-08-27 16:31:13,090 - DEBUG - Seen 4384 genes until now
2020-08-27 16:31:13,090 - DEBUG - Parsing Chromosome 11 strand - [line 323873]
2020-08-27 16:31:13,656 - DEBUG - Done with 11- [line 402908]
2020-08-27 16:31:13,656 - DEBUG - Assigning indexes to genes
2020-08-27 16:31:13,663 - DEBUG - Seen 5320 genes until now
2020-08-27 16:31:13,663 - DEBUG - Parsing Chromosome 11 strand + [line 402909]
2020-08-27 16:31:13,995 - DEBUG - Done with 11+ [line 482591]
2020-08-27 16:31:13,995 - DEBUG - Assigning indexes to genes
2020-08-27 16:31:14,298 - DEBUG - Seen 6305 genes until now
2020-08-27 16:31:14,298 - DEBUG - Parsing Chromosome 12 strand - [line 482592]
2020-08-27 16:31:14,620 - DEBUG - Done with 12- [line 559278]
2020-08-27 16:31:14,621 - DEBUG - Assigning indexes to genes
2020-08-27 16:31:14,627 - DEBUG - Seen 7177 genes until now
2020-08-27 16:31:14,627 - DEBUG - Parsing Chromosome 12 strand + [line 559279]
2020-08-27 16:31:14,937 - DEBUG - Done with 12+ [line 635173]
2020-08-27 16:31:14,937 - DEBUG - Assigning indexes to genes
2020-08-27 16:31:14,944 - DEBUG - Seen 8070 genes until now
2020-08-27 16:31:14,944 - DEBUG - Parsing Chromosome 13 strand - [line 635174]
2020-08-27 16:31:15,310 - DEBUG - Done with 13- [line 653523]
2020-08-27 16:31:15,310 - DEBUG - Assigning indexes to genes
2020-08-27 16:31:15,312 - DEBUG - Seen 8400 genes until now
2020-08-27 16:31:15,312 - DEBUG - Parsing Chromosome 13 strand + [line 653524]
2020-08-27 16:31:15,394 - DEBUG - Done with 13+ [line 673091]
2020-08-27 16:31:15,394 - DEBUG - Assigning indexes to genes
2020-08-27 16:31:15,395 - DEBUG - Seen 8736 genes until now
2020-08-27 16:31:15,395 - DEBUG - Parsing Chromosome 14 strand - [line 673092]
2020-08-27 16:31:15,577 - DEBUG - Done with 14- [line 716831]
2020-08-27 16:31:15,577 - DEBUG - Assigning indexes to genes
2020-08-27 16:31:15,580 - DEBUG - Seen 9452 genes until now
2020-08-27 16:31:15,580 - DEBUG - Parsing Chromosome 14 strand + [line 716832]
2020-08-27 16:31:15,778 - DEBUG - Done with 14+ [line 764942]
2020-08-27 16:31:15,778 - DEBUG - Assigning indexes to genes
2020-08-27 16:31:15,782 - DEBUG - Seen 10121 genes until now
2020-08-27 16:31:15,782 - DEBUG - Parsing Chromosome 15 strand - [line 764943]
2020-08-27 16:31:15,988 - DEBUG - Done with 15- [line 813803]
2020-08-27 16:31:15,988 - DEBUG - Assigning indexes to genes
2020-08-27 16:31:15,991 - DEBUG - Seen 10698 genes until now
2020-08-27 16:31:15,991 - DEBUG - Parsing Chromosome 15 strand + [line 813804]
2020-08-27 16:31:16,172 - DEBUG - Done with 15+ [line 857859]
2020-08-27 16:31:16,173 - DEBUG - Assigning indexes to genes
2020-08-27 16:31:16,176 - DEBUG - Seen 11256 genes until now
2020-08-27 16:31:16,177 - DEBUG - Parsing Chromosome 16 strand - [line 857860]
2020-08-27 16:31:16,723 - DEBUG - Done with 16- [line 911118]
2020-08-27 16:31:16,723 - DEBUG - Assigning indexes to genes
2020-08-27 16:31:16,727 - DEBUG - Seen 11998 genes until now
2020-08-27 16:31:16,727 - DEBUG - Parsing Chromosome 16 strand + [line 911119]
2020-08-27 16:31:17,016 - DEBUG - Done with 16+ [line 981663]
2020-08-27 16:31:17,017 - DEBUG - Assigning indexes to genes
2020-08-27 16:31:17,022 - DEBUG - Seen 12787 genes until now
2020-08-27 16:31:17,022 - DEBUG - Parsing Chromosome 17 strand - [line 981664]
2020-08-27 16:31:17,373 - DEBUG - Done with 17- [line 1066635]
2020-08-27 16:31:17,373 - DEBUG - Assigning indexes to genes
2020-08-27 16:31:17,381 - DEBUG - Seen 13775 genes until now
2020-08-27 16:31:17,381 - DEBUG - Parsing Chromosome 17 strand + [line 1066636]
2020-08-27 16:31:18,067 - DEBUG - Done with 17+ [line 1143834]
2020-08-27 16:31:18,067 - DEBUG - Assigning indexes to genes
2020-08-27 16:31:18,075 - DEBUG - Seen 14681 genes until now
2020-08-27 16:31:18,075 - DEBUG - Parsing Chromosome 18 strand - [line 1143835]
2020-08-27 16:31:18,181 - DEBUG - Done with 18- [line 1168496]
2020-08-27 16:31:18,181 - DEBUG - Assigning indexes to genes
2020-08-27 16:31:18,182 - DEBUG - Seen 15006 genes until now
2020-08-27 16:31:18,183 - DEBUG - Parsing Chromosome 18 strand + [line 1168497]
2020-08-27 16:31:18,271 - DEBUG - Done with 18+ [line 1189691]
2020-08-27 16:31:18,271 - DEBUG - Assigning indexes to genes
2020-08-27 16:31:18,273 - DEBUG - Seen 15343 genes until now
2020-08-27 16:31:18,273 - DEBUG - Parsing Chromosome 19 strand - [line 1189692]
2020-08-27 16:31:18,593 - DEBUG - Done with 19- [line 1268854]
2020-08-27 16:31:18,593 - DEBUG - Assigning indexes to genes
2020-08-27 16:31:18,600 - DEBUG - Seen 16352 genes until now
2020-08-27 16:31:18,600 - DEBUG - Parsing Chromosome 19 strand + [line 1268855]
2020-08-27 16:31:18,928 - DEBUG - Done with 19+ [line 1351833]
2020-08-27 16:31:18,928 - DEBUG - Assigning indexes to genes
2020-08-27 16:31:18,936 - DEBUG - Seen 17347 genes until now
2020-08-27 16:31:18,936 - DEBUG - Parsing Chromosome 2 strand - [line 1351834]
2020-08-27 16:31:19,346 - DEBUG - Done with 2- [line 1448710]
2020-08-27 16:31:19,346 - DEBUG - Assigning indexes to genes
2020-08-27 16:31:19,354 - DEBUG - Seen 18472 genes until now
2020-08-27 16:31:19,354 - DEBUG - Parsing Chromosome 2 strand + [line 1448711]
2020-08-27 16:31:20,209 - DEBUG - Done with 2+ [line 1542602]
2020-08-27 16:31:20,209 - DEBUG - Assigning indexes to genes
2020-08-27 16:31:20,218 - DEBUG - Seen 19632 genes until now
2020-08-27 16:31:20,218 - DEBUG - Parsing Chromosome 20 strand - [line 1542603]
2020-08-27 16:31:20,327 - DEBUG - Done with 20- [line 1569195]
2020-08-27 16:31:20,327 - DEBUG - Assigning indexes to genes
2020-08-27 16:31:20,329 - DEBUG - Seen 20079 genes until now
2020-08-27 16:31:20,329 - DEBUG - Parsing Chromosome 20 strand + [line 1569196]
2020-08-27 16:31:20,458 - DEBUG - Done with 20+ [line 1600541]
2020-08-27 16:31:20,458 - DEBUG - Assigning indexes to genes
2020-08-27 16:31:20,461 - DEBUG - Seen 20527 genes until now
2020-08-27 16:31:20,461 - DEBUG - Parsing Chromosome 21 strand - [line 1600542]
2020-08-27 16:31:20,519 - DEBUG - Done with 21- [line 1614106]
2020-08-27 16:31:20,519 - DEBUG - Assigning indexes to genes
2020-08-27 16:31:20,520 - DEBUG - Seen 20795 genes until now
2020-08-27 16:31:20,520 - DEBUG - Parsing Chromosome 21 strand + [line 1614107]
2020-08-27 16:31:20,581 - DEBUG - Done with 21+ [line 1628392]
2020-08-27 16:31:20,581 - DEBUG - Assigning indexes to genes
2020-08-27 16:31:20,582 - DEBUG - Seen 21029 genes until now
2020-08-27 16:31:20,583 - DEBUG - Parsing Chromosome 22 strand - [line 1628393]
2020-08-27 16:31:20,688 - DEBUG - Done with 22- [line 1653805]
2020-08-27 16:31:20,688 - DEBUG - Assigning indexes to genes
2020-08-27 16:31:20,690 - DEBUG - Seen 21391 genes until now
2020-08-27 16:31:20,690 - DEBUG - Parsing Chromosome 22 strand + [line 1653806]
2020-08-27 16:31:20,815 - DEBUG - Done with 22+ [line 1684245]
2020-08-27 16:31:20,815 - DEBUG - Assigning indexes to genes
2020-08-27 16:31:20,819 - DEBUG - Seen 21866 genes until now
2020-08-27 16:31:20,819 - DEBUG - Parsing Chromosome 3 strand - [line 1684246]
2020-08-27 16:31:21,152 - DEBUG - Done with 3- [line 1763939]
2020-08-27 16:31:21,153 - DEBUG - Assigning indexes to genes
2020-08-27 16:31:21,160 - DEBUG - Seen 22713 genes until now
2020-08-27 16:31:21,160 - DEBUG - Parsing Chromosome 3 strand + [line 1763940]
2020-08-27 16:31:21,494 - DEBUG - Done with 3+ [line 1844840]
2020-08-27 16:31:21,494 - DEBUG - Assigning indexes to genes
2020-08-27 16:31:21,500 - DEBUG - Seen 23585 genes until now
2020-08-27 16:31:21,500 - DEBUG - Parsing Chromosome 4 strand - [line 1844841]
2020-08-27 16:31:22,219 - DEBUG - Done with 4- [line 1898665]
2020-08-27 16:31:22,219 - DEBUG - Assigning indexes to genes
2020-08-27 16:31:22,224 - DEBUG - Seen 24246 genes until now
2020-08-27 16:31:22,224 - DEBUG - Parsing Chromosome 4 strand + [line 1898666]
2020-08-27 16:31:22,425 - DEBUG - Done with 4+ [line 1947617]
2020-08-27 16:31:22,425 - DEBUG - Assigning indexes to genes
2020-08-27 16:31:22,429 - DEBUG - Seen 24938 genes until now
2020-08-27 16:31:22,429 - DEBUG - Parsing Chromosome 5 strand - [line 1947618]
2020-08-27 16:31:22,657 - DEBUG - Done with 5- [line 2001140]
2020-08-27 16:31:22,657 - DEBUG - Assigning indexes to genes
2020-08-27 16:31:22,662 - DEBUG - Seen 25741 genes until now
2020-08-27 16:31:22,662 - DEBUG - Parsing Chromosome 5 strand + [line 2001141]
2020-08-27 16:31:22,912 - DEBUG - Done with 5+ [line 2062165]
2020-08-27 16:31:22,913 - DEBUG - Assigning indexes to genes
2020-08-27 16:31:22,918 - DEBUG - Seen 26599 genes until now
2020-08-27 16:31:22,918 - DEBUG - Parsing Chromosome 6 strand - [line 2062166]
2020-08-27 16:31:23,163 - DEBUG - Done with 6- [line 2121425]
2020-08-27 16:31:23,163 - DEBUG - Assigning indexes to genes
2020-08-27 16:31:23,167 - DEBUG - Seen 27435 genes until now
2020-08-27 16:31:23,167 - DEBUG - Parsing Chromosome 6 strand + [line 2121426]
2020-08-27 16:31:23,386 - DEBUG - Done with 6+ [line 2176078]
2020-08-27 16:31:23,386 - DEBUG - Assigning indexes to genes
2020-08-27 16:31:23,391 - DEBUG - Seen 28231 genes until now
2020-08-27 16:31:23,391 - DEBUG - Parsing Chromosome 7 strand - [line 2176079]
2020-08-27 16:31:23,630 - DEBUG - Done with 7- [line 2233605]
2020-08-27 16:31:23,631 - DEBUG - Assigning indexes to genes
2020-08-27 16:31:23,635 - DEBUG - Seen 28953 genes until now
2020-08-27 16:31:23,635 - DEBUG - Parsing Chromosome 7 strand + [line 2233606]
2020-08-27 16:31:23,888 - DEBUG - Done with 7+ [line 2295513]
2020-08-27 16:31:23,888 - DEBUG - Assigning indexes to genes
2020-08-27 16:31:23,893 - DEBUG - Seen 29770 genes until now
2020-08-27 16:31:23,893 - DEBUG - Parsing Chromosome 8 strand - [line 2295514]
2020-08-27 16:31:24,095 - DEBUG - Done with 8- [line 2343289]
2020-08-27 16:31:24,095 - DEBUG - Assigning indexes to genes
2020-08-27 16:31:24,099 - DEBUG - Seen 30442 genes until now
2020-08-27 16:31:24,099 - DEBUG - Parsing Chromosome 8 strand + [line 2343290]
2020-08-27 16:31:24,281 - DEBUG - Done with 8+ [line 2386793]
2020-08-27 16:31:24,281 - DEBUG - Assigning indexes to genes
2020-08-27 16:31:24,285 - DEBUG - Seen 31090 genes until now
2020-08-27 16:31:24,285 - DEBUG - Parsing Chromosome 9 strand - [line 2386794]
2020-08-27 16:31:25,084 - DEBUG - Done with 9- [line 2430389]
2020-08-27 16:31:25,084 - DEBUG - Assigning indexes to genes
2020-08-27 16:31:25,088 - DEBUG - Seen 31710 genes until now
2020-08-27 16:31:25,088 - DEBUG - Parsing Chromosome 9 strand + [line 2430390]
2020-08-27 16:31:25,282 - DEBUG - Done with 9+ [line 2477312]
2020-08-27 16:31:25,283 - DEBUG - Assigning indexes to genes
2020-08-27 16:31:25,286 - DEBUG - Seen 32318 genes until now
2020-08-27 16:31:25,286 - DEBUG - Parsing Chromosome GL000009.2 strand - [line 2477313]
2020-08-27 16:31:25,286 - DEBUG - Done with GL000009.2- [line 2477320]
2020-08-27 16:31:25,286 - DEBUG - Assigning indexes to genes
2020-08-27 16:31:25,286 - DEBUG - Seen 32319 genes until now
2020-08-27 16:31:25,286 - DEBUG - Parsing Chromosome GL000194.1 strand - [line 2477321]
2020-08-27 16:31:25,286 - DEBUG - Done with GL000194.1- [line 2477346]
2020-08-27 16:31:25,286 - DEBUG - Assigning indexes to genes
2020-08-27 16:31:25,286 - DEBUG - Seen 32321 genes until now
2020-08-27 16:31:25,286 - DEBUG - Parsing Chromosome GL000195.1 strand - [line 2477347]
2020-08-27 16:31:25,286 - DEBUG - Done with GL000195.1- [line 2477356]
2020-08-27 16:31:25,287 - DEBUG - Assigning indexes to genes
2020-08-27 16:31:25,287 - DEBUG - Seen 32322 genes until now
2020-08-27 16:31:25,287 - DEBUG - Parsing Chromosome GL000195.1 strand + [line 2477357]
2020-08-27 16:31:25,287 - DEBUG - Done with GL000195.1+ [line 2477370]
2020-08-27 16:31:25,287 - DEBUG - Assigning indexes to genes
2020-08-27 16:31:25,287 - DEBUG - Seen 32323 genes until now
2020-08-27 16:31:25,287 - DEBUG - Parsing Chromosome GL000205.2 strand - [line 2477371]
2020-08-27 16:31:25,287 - DEBUG - Done with GL000205.2- [line 2477384]
2020-08-27 16:31:25,287 - DEBUG - Assigning indexes to genes
2020-08-27 16:31:25,287 - DEBUG - Seen 32324 genes until now
2020-08-27 16:31:25,287 - DEBUG - Parsing Chromosome GL000213.1 strand - [line 2477385]
2020-08-27 16:31:25,287 - DEBUG - Done with GL000213.1- [line 2477433]
2020-08-27 16:31:25,287 - DEBUG - Assigning indexes to genes
2020-08-27 16:31:25,287 - DEBUG - Seen 32325 genes until now
2020-08-27 16:31:25,287 - DEBUG - Parsing Chromosome GL000218.1 strand - [line 2477434]
2020-08-27 16:31:25,287 - DEBUG - Done with GL000218.1- [line 2477441]
2020-08-27 16:31:25,287 - DEBUG - Assigning indexes to genes
2020-08-27 16:31:25,287 - DEBUG - Seen 32326 genes until now
2020-08-27 16:31:25,287 - DEBUG - Parsing Chromosome GL000219.1 strand - [line 2477442]
2020-08-27 16:31:25,288 - DEBUG - Done with GL000219.1- [line 2477453]
2020-08-27 16:31:25,288 - DEBUG - Assigning indexes to genes
2020-08-27 16:31:25,288 - DEBUG - Seen 32327 genes until now
2020-08-27 16:31:25,288 - DEBUG - Parsing Chromosome KI270711.1 strand - [line 2477454]
2020-08-27 16:31:25,288 - DEBUG - Done with KI270711.1- [line 2477604]
2020-08-27 16:31:25,288 - DEBUG - Assigning indexes to genes
2020-08-27 16:31:25,288 - DEBUG - Seen 32328 genes until now
2020-08-27 16:31:25,288 - DEBUG - Parsing Chromosome KI270713.1 strand - [line 2477605]
2020-08-27 16:31:25,289 - DEBUG - Done with KI270713.1- [line 2477612]
2020-08-27 16:31:25,289 - DEBUG - Assigning indexes to genes
2020-08-27 16:31:25,289 - DEBUG - Seen 32329 genes until now
2020-08-27 16:31:25,289 - DEBUG - Parsing Chromosome KI270713.1 strand + [line 2477613]
2020-08-27 16:31:25,289 - DEBUG - Done with KI270713.1+ [line 2477618]
2020-08-27 16:31:25,289 - DEBUG - Assigning indexes to genes
2020-08-27 16:31:25,289 - DEBUG - Seen 32330 genes until now
2020-08-27 16:31:25,289 - DEBUG - Parsing Chromosome KI270721.1 strand + [line 2477619]
2020-08-27 16:31:25,289 - DEBUG - Done with KI270721.1+ [line 2477634]
2020-08-27 16:31:25,289 - DEBUG - Assigning indexes to genes
2020-08-27 16:31:25,289 - DEBUG - Seen 32331 genes until now
2020-08-27 16:31:25,289 - DEBUG - Parsing Chromosome KI270726.1 strand + [line 2477635]
2020-08-27 16:31:25,289 - DEBUG - Done with KI270726.1+ [line 2477645]
2020-08-27 16:31:25,289 - DEBUG - Assigning indexes to genes
2020-08-27 16:31:25,289 - DEBUG - Seen 32333 genes until now
2020-08-27 16:31:25,289 - DEBUG - Parsing Chromosome KI270727.1 strand - [line 2477646]
2020-08-27 16:31:25,289 - DEBUG - Done with KI270727.1- [line 2477704]
2020-08-27 16:31:25,290 - DEBUG - Assigning indexes to genes
2020-08-27 16:31:25,290 - DEBUG - Seen 32335 genes until now
2020-08-27 16:31:25,290 - DEBUG - Parsing Chromosome KI270727.1 strand + [line 2477705]
2020-08-27 16:31:25,290 - DEBUG - Done with KI270727.1+ [line 2477719]
2020-08-27 16:31:25,290 - DEBUG - Assigning indexes to genes
2020-08-27 16:31:25,290 - DEBUG - Seen 32337 genes until now
2020-08-27 16:31:25,290 - DEBUG - Parsing Chromosome KI270728.1 strand - [line 2477720]
2020-08-27 16:31:25,290 - DEBUG - Done with KI270728.1- [line 2477796]
2020-08-27 16:31:25,290 - DEBUG - Assigning indexes to genes
2020-08-27 16:31:25,290 - DEBUG - Seen 32339 genes until now
2020-08-27 16:31:25,290 - DEBUG - Parsing Chromosome KI270728.1 strand + [line 2477797]
2020-08-27 16:31:25,290 - DEBUG - Done with KI270728.1+ [line 2477833]
2020-08-27 16:31:25,290 - DEBUG - Assigning indexes to genes
2020-08-27 16:31:25,290 - DEBUG - Seen 32343 genes until now
2020-08-27 16:31:25,291 - DEBUG - Parsing Chromosome KI270731.1 strand - [line 2477834]
2020-08-27 16:31:25,291 - DEBUG - Done with KI270731.1- [line 2477840]
2020-08-27 16:31:25,291 - DEBUG - Assigning indexes to genes
2020-08-27 16:31:25,291 - DEBUG - Seen 32344 genes until now
2020-08-27 16:31:25,291 - DEBUG - Parsing Chromosome KI270734.1 strand - [line 2477841]
2020-08-27 16:31:25,291 - DEBUG - Done with KI270734.1- [line 2477909]
2020-08-27 16:31:25,291 - DEBUG - Assigning indexes to genes
2020-08-27 16:31:25,291 - DEBUG - Seen 32345 genes until now
2020-08-27 16:31:25,291 - DEBUG - Parsing Chromosome KI270734.1 strand + [line 2477910]
2020-08-27 16:31:25,291 - DEBUG - Done with KI270734.1+ [line 2477932]
2020-08-27 16:31:25,291 - DEBUG - Assigning indexes to genes
2020-08-27 16:31:25,291 - DEBUG - Seen 32347 genes until now
2020-08-27 16:31:25,291 - DEBUG - Parsing Chromosome MT strand - [line 2477933]
2020-08-27 16:31:25,291 - DEBUG - Done with MT- [line 2477938]
2020-08-27 16:31:25,291 - DEBUG - Assigning indexes to genes
2020-08-27 16:31:25,291 - DEBUG - Seen 32348 genes until now
2020-08-27 16:31:25,291 - DEBUG - Parsing Chromosome MT strand + [line 2477939]
2020-08-27 16:31:25,292 - DEBUG - Done with MT+ [line 2478004]
2020-08-27 16:31:25,292 - DEBUG - Assigning indexes to genes
2020-08-27 16:31:25,292 - DEBUG - Seen 32360 genes until now
2020-08-27 16:31:25,292 - DEBUG - Parsing Chromosome X strand - [line 2478005]
2020-08-27 16:31:25,456 - DEBUG - Done with X- [line 2518937]
2020-08-27 16:31:25,457 - DEBUG - Assigning indexes to genes
2020-08-27 16:31:25,459 - DEBUG - Seen 32876 genes until now
2020-08-27 16:31:25,459 - DEBUG - Parsing Chromosome X strand + [line 2518938]
2020-08-27 16:31:25,624 - DEBUG - Done with X+ [line 2560301]
2020-08-27 16:31:25,624 - DEBUG - Assigning indexes to genes
2020-08-27 16:31:25,627 - DEBUG - Seen 33438 genes until now
2020-08-27 16:31:25,627 - DEBUG - Parsing Chromosome Y strand - [line 2560302]
2020-08-27 16:31:25,636 - DEBUG - Done with Y- [line 2562446]
2020-08-27 16:31:25,636 - DEBUG - Assigning indexes to genes
2020-08-27 16:31:25,636 - DEBUG - Seen 33485 genes until now
2020-08-27 16:31:25,637 - DEBUG - Parsing Chromosome Y strand + [line 2562447]
2020-08-27 16:31:25,647 - DEBUG - Assigning indexes to genes
2020-08-27 16:31:25,648 - DEBUG - Done with Y+ [line 2565059]
2020-08-27 16:31:25,648 - DEBUG - Fixing corner cases of transcript models containg intron longer than 1000Kbp
2020-08-27 16:31:27,339 - DEBUG - Generated 2165800 features corresponding to 172912 transcript models from /net/isi-dcnl/ifs/user_data/abild/Genomes/refdata-cellranger-GRCh38-3.0.0/genes/genes.gtf
2020-08-27 16:31:27,368 - INFO - Scan /net/isi-dcnl/ifs/user_data/abild/Megatron_data/COH044/FELINE/FEL012016.mRNA/FEL012_count03/FEL012_M/outs/possorted_genome_bam.bam to validate intron intervals
2020-08-27 16:31:31,292 - DEBUG - Reading /net/isi-dcnl/ifs/user_data/abild/Megatron_data/COH044/FELINE/FEL012016.mRNA/FEL012_count03/FEL012_M/outs/possorted_genome_bam.bam
2020-08-27 16:31:31,307 - DEBUG - Read first 0 million reads
2020-08-27 16:31:31,307 - DEBUG - Marking up chromosome 1
2020-08-27 16:32:47,001 - DEBUG - Read first 10 million reads
2020-08-27 16:33:27,138 - DEBUG - Marking up chromosome 10
2020-08-27 16:34:08,729 - DEBUG - Read first 20 million reads
2020-08-27 16:34:39,636 - DEBUG - Marking up chromosome 11
2020-08-27 16:35:57,015 - DEBUG - Read first 30 million reads
2020-08-27 16:36:40,371 - DEBUG - Marking up chromosome 12
2020-08-27 16:37:11,497 - DEBUG - Read first 40 million reads
2020-08-27 16:37:37,127 - DEBUG - Marking up chromosome 13
2020-08-27 16:37:59,499 - DEBUG - Marking up chromosome 14
2020-08-27 16:38:28,425 - DEBUG - Read first 50 million reads
2020-08-27 16:38:33,829 - DEBUG - Marking up chromosome 15
2020-08-27 16:39:03,239 - DEBUG - Marking up chromosome 16
2020-08-27 16:39:58,867 - DEBUG - Read first 60 million reads
2020-08-27 16:40:01,753 - DEBUG - Marking up chromosome 17
2020-08-27 16:40:42,481 - DEBUG - Marking up chromosome 18
2020-08-27 16:40:58,856 - DEBUG - Marking up chromosome 19
2020-08-27 16:41:37,670 - DEBUG - Read first 70 million reads
2020-08-27 16:41:44,821 - DEBUG - Marking up chromosome 2
2020-08-27 16:42:59,406 - DEBUG - Marking up chromosome 20
2020-08-27 16:43:03,150 - DEBUG - Read first 80 million reads
2020-08-27 16:43:24,329 - DEBUG - Marking up chromosome 21
2020-08-27 16:43:39,564 - DEBUG - Read first 90 million reads
2020-08-27 16:43:59,676 - DEBUG - Read first 100 million reads
2020-08-27 16:44:19,425 - DEBUG - Read first 110 million reads
2020-08-27 16:44:39,476 - DEBUG - Read first 120 million reads
2020-08-27 16:44:59,281 - DEBUG - Read first 130 million reads
2020-08-27 16:45:19,430 - DEBUG - Read first 140 million reads
2020-08-27 16:45:39,174 - DEBUG - Read first 150 million reads
2020-08-27 16:45:59,258 - DEBUG - Read first 160 million reads
2020-08-27 16:46:19,049 - DEBUG - Read first 170 million reads
2020-08-27 16:46:38,130 - DEBUG - Marking up chromosome 22
2020-08-27 16:46:57,406 - DEBUG - Marking up chromosome 3
2020-08-27 16:47:24,584 - DEBUG - Read first 180 million reads
2020-08-27 16:48:15,633 - DEBUG - Marking up chromosome 4
2020-08-27 16:48:58,092 - DEBUG - Marking up chromosome 5
2020-08-27 16:48:59,610 - DEBUG - Read first 190 million reads
2020-08-27 16:50:00,455 - DEBUG - Marking up chromosome 6
2020-08-27 16:50:21,934 - DEBUG - Read first 200 million reads
2020-08-27 16:50:48,292 - DEBUG - Marking up chromosome 7
2020-08-27 16:51:41,551 - DEBUG - Read first 210 million reads
2020-08-27 16:51:50,813 - DEBUG - Marking up chromosome 8
2020-08-27 16:52:42,880 - DEBUG - Marking up chromosome 9
2020-08-27 16:53:07,866 - DEBUG - Read first 220 million reads
2020-08-27 16:53:17,025 - DEBUG - Marking up chromosome MT
2020-08-27 16:53:23,796 - DEBUG - Marking up chromosome X
2020-08-27 16:53:51,824 - DEBUG - Marking up chromosome Y
2020-08-27 16:53:51,952 - DEBUG - Marking up chromosome KI270728.1
2020-08-27 16:53:51,963 - DEBUG - Marking up chromosome KI270727.1
2020-08-27 16:53:51,970 - DEBUG - Marking up chromosome KI270442.1
2020-08-27 16:53:51,970 - WARNING - The .bam file refers to a chromosome 'KI270442.1+' not present in the annotation (.gtf) file
2020-08-27 16:53:51,970 - WARNING - The .bam file refers to a chromosome 'KI270442.1-' not present in the annotation (.gtf) file
2020-08-27 16:53:51,973 - DEBUG - Marking up chromosome KI270729.1
2020-08-27 16:53:51,973 - WARNING - The .bam file refers to a chromosome 'KI270729.1+' not present in the annotation (.gtf) file
2020-08-27 16:53:51,973 - WARNING - The .bam file refers to a chromosome 'KI270729.1-' not present in the annotation (.gtf) file
2020-08-27 16:53:51,974 - DEBUG - Marking up chromosome GL000225.1
2020-08-27 16:53:51,974 - WARNING - The .bam file refers to a chromosome 'GL000225.1+' not present in the annotation (.gtf) file
2020-08-27 16:53:51,974 - WARNING - The .bam file refers to a chromosome 'GL000225.1-' not present in the annotation (.gtf) file
2020-08-27 16:53:51,974 - DEBUG - Marking up chromosome KI270743.1
2020-08-27 16:53:51,974 - WARNING - The .bam file refers to a chromosome 'KI270743.1+' not present in the annotation (.gtf) file
2020-08-27 16:53:51,974 - WARNING - The .bam file refers to a chromosome 'KI270743.1-' not present in the annotation (.gtf) file
2020-08-27 16:53:51,980 - DEBUG - Marking up chromosome GL000008.2
2020-08-27 16:53:51,980 - WARNING - The .bam file refers to a chromosome 'GL000008.2+' not present in the annotation (.gtf) file
2020-08-27 16:53:51,980 - WARNING - The .bam file refers to a chromosome 'GL000008.2-' not present in the annotation (.gtf) file
2020-08-27 16:53:51,986 - DEBUG - Marking up chromosome GL000009.2
2020-08-27 16:53:51,986 - WARNING - The .bam file refers to a chromosome 'GL000009.2+' not present in the annotation (.gtf) file
2020-08-27 16:53:51,995 - DEBUG - Marking up chromosome KI270722.1
2020-08-27 16:53:51,995 - WARNING - The .bam file refers to a chromosome 'KI270722.1+' not present in the annotation (.gtf) file
2020-08-27 16:53:51,995 - WARNING - The .bam file refers to a chromosome 'KI270722.1-' not present in the annotation (.gtf) file
2020-08-27 16:53:51,995 - DEBUG - Marking up chromosome GL000194.1
2020-08-27 16:53:51,995 - WARNING - The .bam file refers to a chromosome 'GL000194.1+' not present in the annotation (.gtf) file
2020-08-27 16:53:52,020 - DEBUG - Marking up chromosome KI270742.1
2020-08-27 16:53:52,020 - WARNING - The .bam file refers to a chromosome 'KI270742.1+' not present in the annotation (.gtf) file
2020-08-27 16:53:52,020 - WARNING - The .bam file refers to a chromosome 'KI270742.1-' not present in the annotation (.gtf) file
2020-08-27 16:53:52,036 - DEBUG - Marking up chromosome GL000205.2
2020-08-27 16:53:52,036 - WARNING - The .bam file refers to a chromosome 'GL000205.2+' not present in the annotation (.gtf) file
2020-08-27 16:53:52,049 - DEBUG - Marking up chromosome GL000195.1
2020-08-27 16:53:52,072 - DEBUG - Marking up chromosome KI270733.1
2020-08-27 16:53:52,072 - WARNING - The .bam file refers to a chromosome 'KI270733.1+' not present in the annotation (.gtf) file
2020-08-27 16:53:52,072 - WARNING - The .bam file refers to a chromosome 'KI270733.1-' not present in the annotation (.gtf) file
2020-08-27 16:54:00,606 - DEBUG - Read first 230 million reads
2020-08-27 16:54:20,313 - DEBUG - Read first 240 million reads
2020-08-27 16:54:40,405 - DEBUG - Read first 250 million reads
2020-08-27 16:55:00,159 - DEBUG - Read first 260 million reads
2020-08-27 16:55:19,763 - DEBUG - Read first 270 million reads
2020-08-27 16:55:21,574 - DEBUG - Marking up chromosome GL000224.1
2020-08-27 16:55:21,574 - WARNING - The .bam file refers to a chromosome 'GL000224.1+' not present in the annotation (.gtf) file
2020-08-27 16:55:21,574 - WARNING - The .bam file refers to a chromosome 'GL000224.1-' not present in the annotation (.gtf) file
2020-08-27 16:55:21,583 - DEBUG - Marking up chromosome GL000219.1
2020-08-27 16:55:21,583 - WARNING - The .bam file refers to a chromosome 'GL000219.1+' not present in the annotation (.gtf) file
2020-08-27 16:55:21,685 - DEBUG - Marking up chromosome KI270719.1
2020-08-27 16:55:21,685 - WARNING - The .bam file refers to a chromosome 'KI270719.1+' not present in the annotation (.gtf) file
2020-08-27 16:55:21,685 - WARNING - The .bam file refers to a chromosome 'KI270719.1-' not present in the annotation (.gtf) file
2020-08-27 16:55:21,692 - DEBUG - Marking up chromosome GL000216.2
2020-08-27 16:55:21,692 - WARNING - The .bam file refers to a chromosome 'GL000216.2+' not present in the annotation (.gtf) file
2020-08-27 16:55:21,692 - WARNING - The .bam file refers to a chromosome 'GL000216.2-' not present in the annotation (.gtf) file
2020-08-27 16:55:21,692 - DEBUG - Marking up chromosome KI270712.1
2020-08-27 16:55:21,692 - WARNING - The .bam file refers to a chromosome 'KI270712.1+' not present in the annotation (.gtf) file
2020-08-27 16:55:21,692 - WARNING - The .bam file refers to a chromosome 'KI270712.1-' not present in the annotation (.gtf) file
2020-08-27 16:55:21,699 - DEBUG - Marking up chromosome KI270706.1
2020-08-27 16:55:21,699 - WARNING - The .bam file refers to a chromosome 'KI270706.1+' not present in the annotation (.gtf) file
2020-08-27 16:55:21,699 - WARNING - The .bam file refers to a chromosome 'KI270706.1-' not present in the annotation (.gtf) file
2020-08-27 16:55:21,713 - DEBUG - Marking up chromosome KI270725.1
2020-08-27 16:55:21,713 - WARNING - The .bam file refers to a chromosome 'KI270725.1+' not present in the annotation (.gtf) file
2020-08-27 16:55:21,713 - WARNING - The .bam file refers to a chromosome 'KI270725.1-' not present in the annotation (.gtf) file
2020-08-27 16:55:21,715 - DEBUG - Marking up chromosome KI270744.1
2020-08-27 16:55:21,715 - WARNING - The .bam file refers to a chromosome 'KI270744.1+' not present in the annotation (.gtf) file
2020-08-27 16:55:21,715 - WARNING - The .bam file refers to a chromosome 'KI270744.1-' not present in the annotation (.gtf) file
2020-08-27 16:55:21,721 - DEBUG - Marking up chromosome KI270734.1
2020-08-27 16:55:21,726 - DEBUG - Marking up chromosome GL000213.1
2020-08-27 16:55:21,726 - WARNING - The .bam file refers to a chromosome 'GL000213.1+' not present in the annotation (.gtf) file
2020-08-27 16:55:21,741 - DEBUG - Marking up chromosome GL000220.1
2020-08-27 16:55:21,741 - WARNING - The .bam file refers to a chromosome 'GL000220.1+' not present in the annotation (.gtf) file
2020-08-27 16:55:21,741 - WARNING - The .bam file refers to a chromosome 'GL000220.1-' not present in the annotation (.gtf) file
2020-08-27 16:55:39,733 - DEBUG - Read first 280 million reads
2020-08-27 16:55:59,331 - DEBUG - Read first 290 million reads
2020-08-27 16:56:19,122 - DEBUG - Read first 300 million reads
2020-08-27 16:56:38,851 - DEBUG - Read first 310 million reads
2020-08-27 16:56:51,090 - DEBUG - Marking up chromosome KI270715.1
2020-08-27 16:56:51,090 - WARNING - The .bam file refers to a chromosome 'KI270715.1+' not present in the annotation (.gtf) file
2020-08-27 16:56:51,090 - WARNING - The .bam file refers to a chromosome 'KI270715.1-' not present in the annotation (.gtf) file
2020-08-27 16:56:51,090 - DEBUG - Marking up chromosome GL000218.1
2020-08-27 16:56:51,090 - WARNING - The .bam file refers to a chromosome 'GL000218.1+' not present in the annotation (.gtf) file
2020-08-27 16:56:51,155 - DEBUG - Marking up chromosome KI270749.1
2020-08-27 16:56:51,155 - WARNING - The .bam file refers to a chromosome 'KI270749.1+' not present in the annotation (.gtf) file
2020-08-27 16:56:51,155 - WARNING - The .bam file refers to a chromosome 'KI270749.1-' not present in the annotation (.gtf) file
2020-08-27 16:56:51,159 - DEBUG - Marking up chromosome KI270741.1
2020-08-27 16:56:51,159 - WARNING - The .bam file refers to a chromosome 'KI270741.1+' not present in the annotation (.gtf) file
2020-08-27 16:56:51,159 - WARNING - The .bam file refers to a chromosome 'KI270741.1-' not present in the annotation (.gtf) file
2020-08-27 16:56:51,162 - DEBUG - Marking up chromosome GL000221.1
2020-08-27 16:56:51,162 - WARNING - The .bam file refers to a chromosome 'GL000221.1+' not present in the annotation (.gtf) file
2020-08-27 16:56:51,162 - WARNING - The .bam file refers to a chromosome 'GL000221.1-' not present in the annotation (.gtf) file
2020-08-27 16:56:51,175 - DEBUG - Marking up chromosome KI270731.1
2020-08-27 16:56:51,175 - WARNING - The .bam file refers to a chromosome 'KI270731.1+' not present in the annotation (.gtf) file
2020-08-27 16:56:51,180 - DEBUG - Marking up chromosome KI270519.1
2020-08-27 16:56:51,180 - WARNING - The .bam file refers to a chromosome 'KI270519.1+' not present in the annotation (.gtf) file
2020-08-27 16:56:51,180 - WARNING - The .bam file refers to a chromosome 'KI270519.1-' not present in the annotation (.gtf) file
2020-08-27 16:56:51,183 - DEBUG - Marking up chromosome GL000214.1
2020-08-27 16:56:51,183 - WARNING - The .bam file refers to a chromosome 'GL000214.1+' not present in the annotation (.gtf) file
2020-08-27 16:56:51,183 - WARNING - The .bam file refers to a chromosome 'GL000214.1-' not present in the annotation (.gtf) file
2020-08-27 16:56:51,185 - DEBUG - Marking up chromosome KI270708.1
2020-08-27 16:56:51,185 - WARNING - The .bam file refers to a chromosome 'KI270708.1+' not present in the annotation (.gtf) file
2020-08-27 16:56:51,185 - WARNING - The .bam file refers to a chromosome 'KI270708.1-' not present in the annotation (.gtf) file
2020-08-27 16:56:51,185 - DEBUG - Marking up chromosome KI270438.1
2020-08-27 16:56:51,185 - WARNING - The .bam file refers to a chromosome 'KI270438.1+' not present in the annotation (.gtf) file
2020-08-27 16:56:51,186 - WARNING - The .bam file refers to a chromosome 'KI270438.1-' not present in the annotation (.gtf) file
2020-08-27 16:56:51,186 - DEBUG - Marking up chromosome KI270737.1
2020-08-27 16:56:51,186 - WARNING - The .bam file refers to a chromosome 'KI270737.1+' not present in the annotation (.gtf) file
2020-08-27 16:56:51,186 - WARNING - The .bam file refers to a chromosome 'KI270737.1-' not present in the annotation (.gtf) file
2020-08-27 16:56:51,186 - DEBUG - Marking up chromosome KI270721.1
2020-08-27 16:56:51,186 - WARNING - The .bam file refers to a chromosome 'KI270721.1-' not present in the annotation (.gtf) file
2020-08-27 16:56:51,190 - DEBUG - Marking up chromosome KI270738.1
2020-08-27 16:56:51,190 - WARNING - The .bam file refers to a chromosome 'KI270738.1+' not present in the annotation (.gtf) file
2020-08-27 16:56:51,190 - WARNING - The .bam file refers to a chromosome 'KI270738.1-' not present in the annotation (.gtf) file
2020-08-27 16:56:51,192 - DEBUG - Marking up chromosome KI270748.1
2020-08-27 16:56:51,192 - WARNING - The .bam file refers to a chromosome 'KI270748.1+' not present in the annotation (.gtf) file
2020-08-27 16:56:51,192 - WARNING - The .bam file refers to a chromosome 'KI270748.1-' not present in the annotation (.gtf) file
2020-08-27 16:56:51,195 - DEBUG - Marking up chromosome KI270435.1
2020-08-27 16:56:51,195 - WARNING - The .bam file refers to a chromosome 'KI270435.1+' not present in the annotation (.gtf) file
2020-08-27 16:56:51,195 - WARNING - The .bam file refers to a chromosome 'KI270435.1-' not present in the annotation (.gtf) file
2020-08-27 16:56:51,195 - DEBUG - Marking up chromosome GL000208.1
2020-08-27 16:56:51,195 - WARNING - The .bam file refers to a chromosome 'GL000208.1+' not present in the annotation (.gtf) file
2020-08-27 16:56:51,195 - WARNING - The .bam file refers to a chromosome 'GL000208.1-' not present in the annotation (.gtf) file
2020-08-27 16:56:51,196 - DEBUG - Marking up chromosome KI270709.1
2020-08-27 16:56:51,196 - WARNING - The .bam file refers to a chromosome 'KI270709.1+' not present in the annotation (.gtf) file
2020-08-27 16:56:51,196 - WARNING - The .bam file refers to a chromosome 'KI270709.1-' not present in the annotation (.gtf) file
2020-08-27 16:56:51,196 - DEBUG - Marking up chromosome KI270746.1
2020-08-27 16:56:51,196 - WARNING - The .bam file refers to a chromosome 'KI270746.1+' not present in the annotation (.gtf) file
2020-08-27 16:56:51,196 - WARNING - The .bam file refers to a chromosome 'KI270746.1-' not present in the annotation (.gtf) file
2020-08-27 16:56:51,197 - DEBUG - Marking up chromosome KI270589.1
2020-08-27 16:56:51,197 - WARNING - The .bam file refers to a chromosome 'KI270589.1+' not present in the annotation (.gtf) file
2020-08-27 16:56:51,197 - WARNING - The .bam file refers to a chromosome 'KI270589.1-' not present in the annotation (.gtf) file
2020-08-27 16:56:51,197 - DEBUG - Marking up chromosome KI270726.1
2020-08-27 16:56:51,197 - WARNING - The .bam file refers to a chromosome 'KI270726.1-' not present in the annotation (.gtf) file
2020-08-27 16:56:51,197 - DEBUG - Marking up chromosome KI270735.1
2020-08-27 16:56:51,197 - WARNING - The .bam file refers to a chromosome 'KI270735.1+' not present in the annotation (.gtf) file
2020-08-27 16:56:51,197 - WARNING - The .bam file refers to a chromosome 'KI270735.1-' not present in the annotation (.gtf) file
2020-08-27 16:56:51,198 - DEBUG - Marking up chromosome KI270711.1
2020-08-27 16:56:51,198 - WARNING - The .bam file refers to a chromosome 'KI270711.1+' not present in the annotation (.gtf) file
2020-08-27 16:56:51,222 - DEBUG - Marking up chromosome KI270745.1
2020-08-27 16:56:51,222 - WARNING - The .bam file refers to a chromosome 'KI270745.1+' not present in the annotation (.gtf) file
2020-08-27 16:56:51,222 - WARNING - The .bam file refers to a chromosome 'KI270745.1-' not present in the annotation (.gtf) file
2020-08-27 16:56:51,270 - DEBUG - Marking up chromosome KI270714.1
2020-08-27 16:56:51,270 - WARNING - The .bam file refers to a chromosome 'KI270714.1+' not present in the annotation (.gtf) file
2020-08-27 16:56:51,270 - WARNING - The .bam file refers to a chromosome 'KI270714.1-' not present in the annotation (.gtf) file
2020-08-27 16:56:51,270 - DEBUG - Marking up chromosome KI270732.1
2020-08-27 16:56:51,270 - WARNING - The .bam file refers to a chromosome 'KI270732.1+' not present in the annotation (.gtf) file
2020-08-27 16:56:51,270 - WARNING - The .bam file refers to a chromosome 'KI270732.1-' not present in the annotation (.gtf) file
2020-08-27 16:56:51,271 - DEBUG - Marking up chromosome KI270713.1
2020-08-27 16:56:51,274 - DEBUG - Marking up chromosome KI270717.1
2020-08-27 16:56:51,274 - WARNING - The .bam file refers to a chromosome 'KI270717.1+' not present in the annotation (.gtf) file
2020-08-27 16:56:51,274 - WARNING - The .bam file refers to a chromosome 'KI270717.1-' not present in the annotation (.gtf) file
2020-08-27 16:56:51,278 - DEBUG - Marking up chromosome KI270720.1
2020-08-27 16:56:51,278 - WARNING - The .bam file refers to a chromosome 'KI270720.1+' not present in the annotation (.gtf) file
2020-08-27 16:56:51,278 - WARNING - The .bam file refers to a chromosome 'KI270720.1-' not present in the annotation (.gtf) file
2020-08-27 16:56:51,279 - DEBUG - Marking up chromosome KI270723.1
2020-08-27 16:56:51,279 - WARNING - The .bam file refers to a chromosome 'KI270723.1+' not present in the annotation (.gtf) file
2020-08-27 16:56:51,279 - WARNING - The .bam file refers to a chromosome 'KI270723.1-' not present in the annotation (.gtf) file
2020-08-27 16:56:51,281 - DEBUG - Marking up chromosome KI270718.1
2020-08-27 16:56:51,281 - WARNING - The .bam file refers to a chromosome 'KI270718.1+' not present in the annotation (.gtf) file
2020-08-27 16:56:51,281 - WARNING - The .bam file refers to a chromosome 'KI270718.1-' not present in the annotation (.gtf) file
2020-08-27 16:56:51,301 - DEBUG - Marking up chromosome KI270707.1
2020-08-27 16:56:51,301 - WARNING - The .bam file refers to a chromosome 'KI270707.1+' not present in the annotation (.gtf) file
2020-08-27 16:56:51,301 - WARNING - The .bam file refers to a chromosome 'KI270707.1-' not present in the annotation (.gtf) file
2020-08-27 16:56:51,303 - DEBUG - Marking up chromosome KI270512.1
2020-08-27 16:56:51,303 - WARNING - The .bam file refers to a chromosome 'KI270512.1+' not present in the annotation (.gtf) file
2020-08-27 16:56:51,303 - WARNING - The .bam file refers to a chromosome 'KI270512.1-' not present in the annotation (.gtf) file
2020-08-27 16:56:51,304 - DEBUG - Marking up chromosome KI270467.1
2020-08-27 16:56:51,304 - WARNING - The .bam file refers to a chromosome 'KI270467.1+' not present in the annotation (.gtf) file
2020-08-27 16:56:51,304 - WARNING - The .bam file refers to a chromosome 'KI270467.1-' not present in the annotation (.gtf) file
2020-08-27 16:56:51,308 - DEBUG - Marking up chromosome KI270333.1
2020-08-27 16:56:51,308 - WARNING - The .bam file refers to a chromosome 'KI270333.1+' not present in the annotation (.gtf) file
2020-08-27 16:56:51,308 - WARNING - The .bam file refers to a chromosome 'KI270333.1-' not present in the annotation (.gtf) file
2020-08-27 16:56:51,308 - DEBUG - Marking up chromosome KI270330.1
2020-08-27 16:56:51,308 - WARNING - The .bam file refers to a chromosome 'KI270330.1+' not present in the annotation (.gtf) file
2020-08-27 16:56:51,308 - WARNING - The .bam file refers to a chromosome 'KI270330.1-' not present in the annotation (.gtf) file
2020-08-27 16:56:51,310 - DEBUG - Marking up chromosome KI270466.1
2020-08-27 16:56:51,310 - WARNING - The .bam file refers to a chromosome 'KI270466.1+' not present in the annotation (.gtf) file
2020-08-27 16:56:51,310 - WARNING - The .bam file refers to a chromosome 'KI270466.1-' not present in the annotation (.gtf) file
2020-08-27 16:56:58,267 - DEBUG - Read first 320 million reads
2020-08-27 16:57:16,767 - DEBUG - Read first 330 million reads
2020-08-27 16:57:25,366 - DEBUG - End of file. Reset index: start scanning from initial position.
2020-08-27 16:57:25,367 - DEBUG - 2849159 reads were skipped because no apropiate cell or umi barcode was found
2020-08-27 16:57:25,367 - DEBUG - Start molecule counting!
2020-08-27 16:57:29,431 - DEBUG - Features available for chromosomes : ['1-', '1+', '10-', '10+', '11-', '11+', '12-', '12+', '13-', '13+', '14-', '14+', '15-', '15+', '16-', '16+', '17-', '17+', '18-', '18+', '19-', '19+', '2-', '2+', '20-', '20+', '21-', '21+', '22-', '22+', '3-', '3+', '4-', '4+', '5-', '5+', '6-', '6+', '7-', '7+', '8-', '8+', '9-', '9+', 'GL000009.2-', 'GL000194.1-', 'GL000195.1-', 'GL000195.1+', 'GL000205.2-', 'GL000213.1-', 'GL000218.1-', 'GL000219.1-', 'KI270711.1-', 'KI270713.1-', 'KI270713.1+', 'KI270721.1+', 'KI270726.1+', 'KI270727.1-', 'KI270727.1+', 'KI270728.1-', 'KI270728.1+', 'KI270731.1-', 'KI270734.1-', 'KI270734.1+', 'MT-', 'MT+', 'X-', 'X+', 'Y-', 'Y+']
2020-08-27 16:57:29,431 - DEBUG - Mask available for chromosomes : []
2020-08-27 16:57:29,431 - DEBUG - Summarizing the results of intron validation.
2020-08-27 16:57:30,085 - DEBUG - Validated 378374 introns (of which unique intervals 118898) out of 996444 total possible introns (considering each possible transcript models).
2020-08-27 16:57:30,086 - DEBUG - Reading /net/isi-dcnl/ifs/user_data/abild/Megatron_data/COH044/FELINE/FEL012016.mRNA/FEL012_count03/FEL012_M/outs/cellsorted_possorted_genome_bam.bam
2020-08-27 16:57:30,123 - DEBUG - Read first 0 million reads
2020-08-27 16:57:52,627 - DEBUG - Read first 10 million reads
2020-08-27 16:58:11,481 - DEBUG - Read first 20 million reads
2020-08-27 16:58:32,730 - DEBUG - Read first 30 million reads
2020-08-27 16:58:51,275 - DEBUG - Read first 40 million reads
2020-08-27 16:59:09,907 - DEBUG - Read first 50 million reads
2020-08-27 16:59:36,988 - DEBUG - Read first 60 million reads
2020-08-27 17:00:21,283 - DEBUG - Read first 70 million reads
2020-08-27 17:00:58,665 - DEBUG - Read first 80 million reads
2020-08-27 17:01:16,102 - DEBUG - Counting for batch 1, containing 100 cells and 3898989 reads
2020-08-27 17:03:36,608 - DEBUG - 0 reads not considered because fully enclosed in repeat masked regions
2020-08-27 17:04:24,634 - DEBUG - Read first 90 million reads
2020-08-27 17:05:07,566 - DEBUG - Read first 100 million reads
2020-08-27 17:05:46,726 - DEBUG - Read first 110 million reads
2020-08-27 17:06:04,406 - DEBUG - Counting for batch 2, containing 100 cells and 4725714 reads
2020-08-27 17:08:51,570 - DEBUG - 0 reads not considered because fully enclosed in repeat masked regions
2020-08-27 17:09:51,312 - DEBUG - Read first 120 million reads
2020-08-27 17:10:52,713 - DEBUG - Read first 130 million reads
2020-08-27 17:11:53,147 - DEBUG - Read first 140 million reads
2020-08-27 17:12:21,053 - DEBUG - Counting for batch 3, containing 100 cells and 4581285 reads
2020-08-27 17:15:34,437 - DEBUG - 0 reads not considered because fully enclosed in repeat masked regions
2020-08-27 17:16:38,547 - DEBUG - Read first 150 million reads
2020-08-27 17:17:33,628 - DEBUG - Read first 160 million reads
2020-08-27 17:18:27,739 - DEBUG - Read first 170 million reads
2020-08-27 17:19:01,517 - DEBUG - Counting for batch 4, containing 100 cells and 4592076 reads
2020-08-27 17:22:24,692 - DEBUG - 0 reads not considered because fully enclosed in repeat masked regions
2020-08-27 17:23:26,087 - DEBUG - Read first 180 million reads
2020-08-27 17:24:21,707 - DEBUG - Read first 190 million reads
2020-08-27 17:25:21,599 - DEBUG - Read first 200 million reads
2020-08-27 17:25:45,616 - DEBUG - Counting for batch 5, containing 100 cells and 4463034 reads
2020-08-27 17:29:03,229 - DEBUG - 0 reads not considered because fully enclosed in repeat masked regions
2020-08-27 17:30:06,993 - DEBUG - Read first 210 million reads
2020-08-27 17:30:57,832 - DEBUG - Read first 220 million reads
2020-08-27 17:31:53,896 - DEBUG - Read first 230 million reads
2020-08-27 17:32:38,717 - DEBUG - Counting for batch 6, containing 100 cells and 4210228 reads
2020-08-27 17:35:32,366 - DEBUG - 0 reads not considered because fully enclosed in repeat masked regions
2020-08-27 17:36:13,856 - DEBUG - Read first 240 million reads
2020-08-27 17:37:15,409 - DEBUG - Read first 250 million reads
2020-08-27 17:38:12,063 - DEBUG - Read first 260 million reads
2020-08-27 17:39:04,111 - DEBUG - Read first 270 million reads
2020-08-27 17:39:04,888 - DEBUG - Counting for batch 7, containing 100 cells and 4081582 reads
2020-08-27 17:41:58,515 - DEBUG - 0 reads not considered because fully enclosed in repeat masked regions
2020-08-27 17:43:27,976 - DEBUG - Read first 280 million reads
2020-08-27 17:44:27,168 - DEBUG - Read first 290 million reads
2020-08-27 17:45:25,577 - DEBUG - Counting for batch 8, containing 100 cells and 5086085 reads
2020-08-27 17:48:56,091 - DEBUG - 0 reads not considered because fully enclosed in repeat masked regions
2020-08-27 17:49:37,977 - DEBUG - Read first 300 million reads
2020-08-27 17:51:16,460 - DEBUG - Read first 310 million reads
2020-08-27 17:53:07,904 - DEBUG - Read first 320 million reads
2020-08-27 17:54:53,815 - DEBUG - Read first 330 million reads
2020-08-27 17:57:30,684 - DEBUG - Counting for batch 9, containing 100 cells and 5260608 reads
2020-08-27 18:01:19,028 - DEBUG - 0 reads not considered because fully enclosed in repeat masked regions
2020-08-27 18:04:54,250 - DEBUG - Counting for batch 10, containing 8 cells and 738203 reads
2020-08-27 18:14:25,445 - DEBUG - 0 reads not considered because fully enclosed in repeat masked regions
2020-08-27 18:14:30,683 - DEBUG - 2849159 reads were skipped because no apropiate cell or umi barcode was found
2020-08-27 18:18:22,355 - DEBUG - Counting done!
2020-08-27 18:18:22,677 - DEBUG - Generating output file /net/isi-dcnl/ifs/user_data/abild/Megatron_data/COH044/FELINE/FEL012016.mRNA/FEL012_count03/FEL012_M/velocyto/FEL012_M.loom
2020-08-27 18:18:22,677 - DEBUG - Collecting row attributes
2020-08-27 18:18:22,844 - DEBUG - Generating data table
2020-08-27 18:18:23,244 - DEBUG - Writing loom file
2020-08-27 18:18:25,979 - DEBUG - Terminated Succesfully!
Start: 1598571054
End: 1598577508
Run time: 6454
Done
