CPU: 16
N: 70
Step1: Analyze spliced and unspliced reads and genrate a loom file for velocityR
Run velocyto to generate loom file
2020-08-27 19:54:42,713 - DEBUG - Using logic: Default
2020-08-27 19:54:42,735 - INFO - Read 2635 cell barcodes from /net/isi-dcnl/ifs/user_data/abild/Megatron_data/COH057/feline_p29_40_mRNA/cell_ranger/FEL035_S/outs/filtered_feature_bc_matrix/barcodes.tsv.gz
2020-08-27 19:54:42,735 - DEBUG - Example of barcode: AAACCCACATTCACAG and cell_id: FEL035_S:AAACCCACATTCACAG-1
2020-08-27 19:54:42,750 - DEBUG - Peeking into /net/isi-dcnl/ifs/user_data/abild/Megatron_data/COH057/feline_p29_40_mRNA/cell_ranger/FEL035_S/outs/possorted_genome_bam.bam
2020-08-27 19:54:42,909 - WARNING - Not found cell and umi barcode in entry 228 of the bam file
2020-08-27 19:54:42,910 - WARNING - Not found cell and umi barcode in entry 463 of the bam file
2020-08-27 19:54:42,910 - WARNING - Not found cell and umi barcode in entry 557 of the bam file
2020-08-27 19:54:42,910 - WARNING - Not found cell and umi barcode in entry 569 of the bam file
2020-08-27 19:54:42,911 - WARNING - Not found cell and umi barcode in entry 688 of the bam file
2020-08-27 19:54:42,911 - WARNING - Not found cell and umi barcode in entry 762 of the bam file
2020-08-27 19:54:42,911 - WARNING - Not found cell and umi barcode in entry 951 of the bam file
2020-08-27 19:54:42,911 - WARNING - Not found cell and umi barcode in entry 952 of the bam file
2020-08-27 19:54:42,911 - WARNING - Not found cell and umi barcode in entry 953 of the bam file
2020-08-27 19:54:42,911 - WARNING - Not found cell and umi barcode in entry 954 of the bam file
2020-08-27 19:54:42,916 - WARNING - The file /net/isi-dcnl/ifs/user_data/abild/Megatron_data/COH057/feline_p29_40_mRNA/cell_ranger/FEL035_S/outs/cellsorted_possorted_genome_bam.bam already exists. The sorting step will be skipped and the existing file will be used.
2020-08-27 19:54:42,916 - INFO - Load the annotation from /net/isi-dcnl/ifs/user_data/abild/Genomes/refdata-cellranger-GRCh38-3.0.0/genes/genes.gtf
2020-08-27 19:54:51,231 - DEBUG - Parsing Chromosome 1 strand - [line 0]
2020-08-27 19:54:51,955 - DEBUG - Done with 1- [line 108728]
2020-08-27 19:54:51,956 - DEBUG - Assigning indexes to genes
2020-08-27 19:54:51,966 - DEBUG - Seen 1561 genes until now
2020-08-27 19:54:51,966 - DEBUG - Parsing Chromosome 1 strand + [line 108729]
2020-08-27 19:54:52,840 - DEBUG - Done with 1+ [line 232515]
2020-08-27 19:54:52,840 - DEBUG - Assigning indexes to genes
2020-08-27 19:54:52,855 - DEBUG - Seen 3154 genes until now
2020-08-27 19:54:52,855 - DEBUG - Parsing Chromosome 10 strand - [line 232516]
2020-08-27 19:54:53,578 - DEBUG - Done with 10- [line 279343]
2020-08-27 19:54:53,579 - DEBUG - Assigning indexes to genes
2020-08-27 19:54:53,582 - DEBUG - Seen 3737 genes until now
2020-08-27 19:54:53,582 - DEBUG - Parsing Chromosome 10 strand + [line 279344]
2020-08-27 19:54:53,776 - DEBUG - Done with 10+ [line 323872]
2020-08-27 19:54:53,776 - DEBUG - Assigning indexes to genes
2020-08-27 19:54:53,779 - DEBUG - Seen 4384 genes until now
2020-08-27 19:54:53,779 - DEBUG - Parsing Chromosome 11 strand - [line 323873]
2020-08-27 19:54:54,428 - DEBUG - Done with 11- [line 402908]
2020-08-27 19:54:54,428 - DEBUG - Assigning indexes to genes
2020-08-27 19:54:54,435 - DEBUG - Seen 5320 genes until now
2020-08-27 19:54:54,435 - DEBUG - Parsing Chromosome 11 strand + [line 402909]
2020-08-27 19:54:54,780 - DEBUG - Done with 11+ [line 482591]
2020-08-27 19:54:54,780 - DEBUG - Assigning indexes to genes
2020-08-27 19:54:54,787 - DEBUG - Seen 6305 genes until now
2020-08-27 19:54:54,787 - DEBUG - Parsing Chromosome 12 strand - [line 482592]
2020-08-27 19:54:55,439 - DEBUG - Done with 12- [line 559278]
2020-08-27 19:54:55,439 - DEBUG - Assigning indexes to genes
2020-08-27 19:54:55,445 - DEBUG - Seen 7177 genes until now
2020-08-27 19:54:55,445 - DEBUG - Parsing Chromosome 12 strand + [line 559279]
2020-08-27 19:54:55,769 - DEBUG - Done with 12+ [line 635173]
2020-08-27 19:54:55,769 - DEBUG - Assigning indexes to genes
2020-08-27 19:54:55,775 - DEBUG - Seen 8070 genes until now
2020-08-27 19:54:55,775 - DEBUG - Parsing Chromosome 13 strand - [line 635174]
2020-08-27 19:54:55,857 - DEBUG - Done with 13- [line 653523]
2020-08-27 19:54:55,857 - DEBUG - Assigning indexes to genes
2020-08-27 19:54:55,858 - DEBUG - Seen 8400 genes until now
2020-08-27 19:54:55,858 - DEBUG - Parsing Chromosome 13 strand + [line 653524]
2020-08-27 19:54:56,230 - DEBUG - Done with 13+ [line 673091]
2020-08-27 19:54:56,230 - DEBUG - Assigning indexes to genes
2020-08-27 19:54:56,232 - DEBUG - Seen 8736 genes until now
2020-08-27 19:54:56,233 - DEBUG - Parsing Chromosome 14 strand - [line 673092]
2020-08-27 19:54:56,420 - DEBUG - Done with 14- [line 716831]
2020-08-27 19:54:56,420 - DEBUG - Assigning indexes to genes
2020-08-27 19:54:56,424 - DEBUG - Seen 9452 genes until now
2020-08-27 19:54:56,424 - DEBUG - Parsing Chromosome 14 strand + [line 716832]
2020-08-27 19:54:56,627 - DEBUG - Done with 14+ [line 764942]
2020-08-27 19:54:56,627 - DEBUG - Assigning indexes to genes
2020-08-27 19:54:56,631 - DEBUG - Seen 10121 genes until now
2020-08-27 19:54:56,631 - DEBUG - Parsing Chromosome 15 strand - [line 764943]
2020-08-27 19:54:56,845 - DEBUG - Done with 15- [line 813803]
2020-08-27 19:54:56,845 - DEBUG - Assigning indexes to genes
2020-08-27 19:54:56,848 - DEBUG - Seen 10698 genes until now
2020-08-27 19:54:56,848 - DEBUG - Parsing Chromosome 15 strand + [line 813804]
2020-08-27 19:54:57,039 - DEBUG - Done with 15+ [line 857859]
2020-08-27 19:54:57,039 - DEBUG - Assigning indexes to genes
2020-08-27 19:54:57,043 - DEBUG - Seen 11256 genes until now
2020-08-27 19:54:57,043 - DEBUG - Parsing Chromosome 16 strand - [line 857860]
2020-08-27 19:54:57,656 - DEBUG - Done with 16- [line 911118]
2020-08-27 19:54:57,657 - DEBUG - Assigning indexes to genes
2020-08-27 19:54:57,662 - DEBUG - Seen 11998 genes until now
2020-08-27 19:54:57,662 - DEBUG - Parsing Chromosome 16 strand + [line 911119]
2020-08-27 19:54:57,961 - DEBUG - Done with 16+ [line 981663]
2020-08-27 19:54:57,961 - DEBUG - Assigning indexes to genes
2020-08-27 19:54:57,967 - DEBUG - Seen 12787 genes until now
2020-08-27 19:54:57,967 - DEBUG - Parsing Chromosome 17 strand - [line 981664]
2020-08-27 19:54:58,334 - DEBUG - Done with 17- [line 1066635]
2020-08-27 19:54:58,334 - DEBUG - Assigning indexes to genes
2020-08-27 19:54:58,342 - DEBUG - Seen 13775 genes until now
2020-08-27 19:54:58,342 - DEBUG - Parsing Chromosome 17 strand + [line 1066636]
2020-08-27 19:54:59,096 - DEBUG - Done with 17+ [line 1143834]
2020-08-27 19:54:59,096 - DEBUG - Assigning indexes to genes
2020-08-27 19:54:59,104 - DEBUG - Seen 14681 genes until now
2020-08-27 19:54:59,104 - DEBUG - Parsing Chromosome 18 strand - [line 1143835]
2020-08-27 19:54:59,211 - DEBUG - Done with 18- [line 1168496]
2020-08-27 19:54:59,211 - DEBUG - Assigning indexes to genes
2020-08-27 19:54:59,213 - DEBUG - Seen 15006 genes until now
2020-08-27 19:54:59,213 - DEBUG - Parsing Chromosome 18 strand + [line 1168497]
2020-08-27 19:54:59,303 - DEBUG - Done with 18+ [line 1189691]
2020-08-27 19:54:59,303 - DEBUG - Assigning indexes to genes
2020-08-27 19:54:59,305 - DEBUG - Seen 15343 genes until now
2020-08-27 19:54:59,305 - DEBUG - Parsing Chromosome 19 strand - [line 1189692]
2020-08-27 19:54:59,636 - DEBUG - Done with 19- [line 1268854]
2020-08-27 19:54:59,636 - DEBUG - Assigning indexes to genes
2020-08-27 19:54:59,643 - DEBUG - Seen 16352 genes until now
2020-08-27 19:54:59,643 - DEBUG - Parsing Chromosome 19 strand + [line 1268855]
2020-08-27 19:54:59,985 - DEBUG - Done with 19+ [line 1351833]
2020-08-27 19:54:59,985 - DEBUG - Assigning indexes to genes
2020-08-27 19:54:59,993 - DEBUG - Seen 17347 genes until now
2020-08-27 19:54:59,993 - DEBUG - Parsing Chromosome 2 strand - [line 1351834]
2020-08-27 19:55:00,427 - DEBUG - Done with 2- [line 1448710]
2020-08-27 19:55:00,427 - DEBUG - Assigning indexes to genes
2020-08-27 19:55:00,435 - DEBUG - Seen 18472 genes until now
2020-08-27 19:55:00,435 - DEBUG - Parsing Chromosome 2 strand + [line 1448711]
2020-08-27 19:55:01,356 - DEBUG - Done with 2+ [line 1542602]
2020-08-27 19:55:01,356 - DEBUG - Assigning indexes to genes
2020-08-27 19:55:01,366 - DEBUG - Seen 19632 genes until now
2020-08-27 19:55:01,366 - DEBUG - Parsing Chromosome 20 strand - [line 1542603]
2020-08-27 19:55:01,479 - DEBUG - Done with 20- [line 1569195]
2020-08-27 19:55:01,479 - DEBUG - Assigning indexes to genes
2020-08-27 19:55:01,481 - DEBUG - Seen 20079 genes until now
2020-08-27 19:55:01,481 - DEBUG - Parsing Chromosome 20 strand + [line 1569196]
2020-08-27 19:55:01,619 - DEBUG - Done with 20+ [line 1600541]
2020-08-27 19:55:01,619 - DEBUG - Assigning indexes to genes
2020-08-27 19:55:01,621 - DEBUG - Seen 20527 genes until now
2020-08-27 19:55:01,621 - DEBUG - Parsing Chromosome 21 strand - [line 1600542]
2020-08-27 19:55:01,682 - DEBUG - Done with 21- [line 1614106]
2020-08-27 19:55:01,682 - DEBUG - Assigning indexes to genes
2020-08-27 19:55:01,683 - DEBUG - Seen 20795 genes until now
2020-08-27 19:55:01,683 - DEBUG - Parsing Chromosome 21 strand + [line 1614107]
2020-08-27 19:55:01,748 - DEBUG - Done with 21+ [line 1628392]
2020-08-27 19:55:01,749 - DEBUG - Assigning indexes to genes
2020-08-27 19:55:01,750 - DEBUG - Seen 21029 genes until now
2020-08-27 19:55:01,750 - DEBUG - Parsing Chromosome 22 strand - [line 1628393]
2020-08-27 19:55:01,863 - DEBUG - Done with 22- [line 1653805]
2020-08-27 19:55:01,863 - DEBUG - Assigning indexes to genes
2020-08-27 19:55:01,865 - DEBUG - Seen 21391 genes until now
2020-08-27 19:55:01,865 - DEBUG - Parsing Chromosome 22 strand + [line 1653806]
2020-08-27 19:55:01,997 - DEBUG - Done with 22+ [line 1684245]
2020-08-27 19:55:01,997 - DEBUG - Assigning indexes to genes
2020-08-27 19:55:02,001 - DEBUG - Seen 21866 genes until now
2020-08-27 19:55:02,001 - DEBUG - Parsing Chromosome 3 strand - [line 1684246]
2020-08-27 19:55:02,344 - DEBUG - Done with 3- [line 1763939]
2020-08-27 19:55:02,345 - DEBUG - Assigning indexes to genes
2020-08-27 19:55:02,351 - DEBUG - Seen 22713 genes until now
2020-08-27 19:55:02,351 - DEBUG - Parsing Chromosome 3 strand + [line 1763940]
2020-08-27 19:55:02,696 - DEBUG - Done with 3+ [line 1844840]
2020-08-27 19:55:02,696 - DEBUG - Assigning indexes to genes
2020-08-27 19:55:02,703 - DEBUG - Seen 23585 genes until now
2020-08-27 19:55:02,703 - DEBUG - Parsing Chromosome 4 strand - [line 1844841]
2020-08-27 19:55:03,491 - DEBUG - Done with 4- [line 1898665]
2020-08-27 19:55:03,492 - DEBUG - Assigning indexes to genes
2020-08-27 19:55:03,496 - DEBUG - Seen 24246 genes until now
2020-08-27 19:55:03,496 - DEBUG - Parsing Chromosome 4 strand + [line 1898666]
2020-08-27 19:55:03,702 - DEBUG - Done with 4+ [line 1947617]
2020-08-27 19:55:03,702 - DEBUG - Assigning indexes to genes
2020-08-27 19:55:03,706 - DEBUG - Seen 24938 genes until now
2020-08-27 19:55:03,706 - DEBUG - Parsing Chromosome 5 strand - [line 1947618]
2020-08-27 19:55:03,936 - DEBUG - Done with 5- [line 2001140]
2020-08-27 19:55:03,936 - DEBUG - Assigning indexes to genes
2020-08-27 19:55:03,940 - DEBUG - Seen 25741 genes until now
2020-08-27 19:55:03,940 - DEBUG - Parsing Chromosome 5 strand + [line 2001141]
2020-08-27 19:55:04,197 - DEBUG - Done with 5+ [line 2062165]
2020-08-27 19:55:04,197 - DEBUG - Assigning indexes to genes
2020-08-27 19:55:04,202 - DEBUG - Seen 26599 genes until now
2020-08-27 19:55:04,202 - DEBUG - Parsing Chromosome 6 strand - [line 2062166]
2020-08-27 19:55:04,477 - DEBUG - Done with 6- [line 2121425]
2020-08-27 19:55:04,477 - DEBUG - Assigning indexes to genes
2020-08-27 19:55:04,482 - DEBUG - Seen 27435 genes until now
2020-08-27 19:55:04,482 - DEBUG - Parsing Chromosome 6 strand + [line 2121426]
2020-08-27 19:55:04,712 - DEBUG - Done with 6+ [line 2176078]
2020-08-27 19:55:04,713 - DEBUG - Assigning indexes to genes
2020-08-27 19:55:04,717 - DEBUG - Seen 28231 genes until now
2020-08-27 19:55:04,717 - DEBUG - Parsing Chromosome 7 strand - [line 2176079]
2020-08-27 19:55:04,975 - DEBUG - Done with 7- [line 2233605]
2020-08-27 19:55:04,975 - DEBUG - Assigning indexes to genes
2020-08-27 19:55:04,979 - DEBUG - Seen 28953 genes until now
2020-08-27 19:55:04,979 - DEBUG - Parsing Chromosome 7 strand + [line 2233606]
2020-08-27 19:55:05,249 - DEBUG - Done with 7+ [line 2295513]
2020-08-27 19:55:05,249 - DEBUG - Assigning indexes to genes
2020-08-27 19:55:05,254 - DEBUG - Seen 29770 genes until now
2020-08-27 19:55:05,254 - DEBUG - Parsing Chromosome 8 strand - [line 2295514]
2020-08-27 19:55:05,467 - DEBUG - Done with 8- [line 2343289]
2020-08-27 19:55:05,467 - DEBUG - Assigning indexes to genes
2020-08-27 19:55:05,471 - DEBUG - Seen 30442 genes until now
2020-08-27 19:55:05,471 - DEBUG - Parsing Chromosome 8 strand + [line 2343290]
2020-08-27 19:55:05,661 - DEBUG - Done with 8+ [line 2386793]
2020-08-27 19:55:05,661 - DEBUG - Assigning indexes to genes
2020-08-27 19:55:05,665 - DEBUG - Seen 31090 genes until now
2020-08-27 19:55:05,665 - DEBUG - Parsing Chromosome 9 strand - [line 2386794]
2020-08-27 19:55:06,551 - DEBUG - Done with 9- [line 2430389]
2020-08-27 19:55:06,551 - DEBUG - Assigning indexes to genes
2020-08-27 19:55:06,555 - DEBUG - Seen 31710 genes until now
2020-08-27 19:55:06,555 - DEBUG - Parsing Chromosome 9 strand + [line 2430390]
2020-08-27 19:55:06,756 - DEBUG - Done with 9+ [line 2477312]
2020-08-27 19:55:06,756 - DEBUG - Assigning indexes to genes
2020-08-27 19:55:06,759 - DEBUG - Seen 32318 genes until now
2020-08-27 19:55:06,759 - DEBUG - Parsing Chromosome GL000009.2 strand - [line 2477313]
2020-08-27 19:55:06,759 - DEBUG - Done with GL000009.2- [line 2477320]
2020-08-27 19:55:06,759 - DEBUG - Assigning indexes to genes
2020-08-27 19:55:06,759 - DEBUG - Seen 32319 genes until now
2020-08-27 19:55:06,759 - DEBUG - Parsing Chromosome GL000194.1 strand - [line 2477321]
2020-08-27 19:55:06,760 - DEBUG - Done with GL000194.1- [line 2477346]
2020-08-27 19:55:06,760 - DEBUG - Assigning indexes to genes
2020-08-27 19:55:06,760 - DEBUG - Seen 32321 genes until now
2020-08-27 19:55:06,760 - DEBUG - Parsing Chromosome GL000195.1 strand - [line 2477347]
2020-08-27 19:55:06,760 - DEBUG - Done with GL000195.1- [line 2477356]
2020-08-27 19:55:06,760 - DEBUG - Assigning indexes to genes
2020-08-27 19:55:06,760 - DEBUG - Seen 32322 genes until now
2020-08-27 19:55:06,760 - DEBUG - Parsing Chromosome GL000195.1 strand + [line 2477357]
2020-08-27 19:55:06,760 - DEBUG - Done with GL000195.1+ [line 2477370]
2020-08-27 19:55:06,760 - DEBUG - Assigning indexes to genes
2020-08-27 19:55:06,760 - DEBUG - Seen 32323 genes until now
2020-08-27 19:55:06,760 - DEBUG - Parsing Chromosome GL000205.2 strand - [line 2477371]
2020-08-27 19:55:06,760 - DEBUG - Done with GL000205.2- [line 2477384]
2020-08-27 19:55:06,760 - DEBUG - Assigning indexes to genes
2020-08-27 19:55:06,760 - DEBUG - Seen 32324 genes until now
2020-08-27 19:55:06,760 - DEBUG - Parsing Chromosome GL000213.1 strand - [line 2477385]
2020-08-27 19:55:06,761 - DEBUG - Done with GL000213.1- [line 2477433]
2020-08-27 19:55:06,761 - DEBUG - Assigning indexes to genes
2020-08-27 19:55:06,761 - DEBUG - Seen 32325 genes until now
2020-08-27 19:55:06,761 - DEBUG - Parsing Chromosome GL000218.1 strand - [line 2477434]
2020-08-27 19:55:06,761 - DEBUG - Done with GL000218.1- [line 2477441]
2020-08-27 19:55:06,761 - DEBUG - Assigning indexes to genes
2020-08-27 19:55:06,761 - DEBUG - Seen 32326 genes until now
2020-08-27 19:55:06,761 - DEBUG - Parsing Chromosome GL000219.1 strand - [line 2477442]
2020-08-27 19:55:06,761 - DEBUG - Done with GL000219.1- [line 2477453]
2020-08-27 19:55:06,761 - DEBUG - Assigning indexes to genes
2020-08-27 19:55:06,761 - DEBUG - Seen 32327 genes until now
2020-08-27 19:55:06,761 - DEBUG - Parsing Chromosome KI270711.1 strand - [line 2477454]
2020-08-27 19:55:06,762 - DEBUG - Done with KI270711.1- [line 2477604]
2020-08-27 19:55:06,762 - DEBUG - Assigning indexes to genes
2020-08-27 19:55:06,762 - DEBUG - Seen 32328 genes until now
2020-08-27 19:55:06,762 - DEBUG - Parsing Chromosome KI270713.1 strand - [line 2477605]
2020-08-27 19:55:06,762 - DEBUG - Done with KI270713.1- [line 2477612]
2020-08-27 19:55:06,762 - DEBUG - Assigning indexes to genes
2020-08-27 19:55:06,762 - DEBUG - Seen 32329 genes until now
2020-08-27 19:55:06,762 - DEBUG - Parsing Chromosome KI270713.1 strand + [line 2477613]
2020-08-27 19:55:06,762 - DEBUG - Done with KI270713.1+ [line 2477618]
2020-08-27 19:55:06,762 - DEBUG - Assigning indexes to genes
2020-08-27 19:55:06,762 - DEBUG - Seen 32330 genes until now
2020-08-27 19:55:06,762 - DEBUG - Parsing Chromosome KI270721.1 strand + [line 2477619]
2020-08-27 19:55:06,763 - DEBUG - Done with KI270721.1+ [line 2477634]
2020-08-27 19:55:06,763 - DEBUG - Assigning indexes to genes
2020-08-27 19:55:06,763 - DEBUG - Seen 32331 genes until now
2020-08-27 19:55:06,763 - DEBUG - Parsing Chromosome KI270726.1 strand + [line 2477635]
2020-08-27 19:55:06,763 - DEBUG - Done with KI270726.1+ [line 2477645]
2020-08-27 19:55:06,763 - DEBUG - Assigning indexes to genes
2020-08-27 19:55:06,763 - DEBUG - Seen 32333 genes until now
2020-08-27 19:55:06,763 - DEBUG - Parsing Chromosome KI270727.1 strand - [line 2477646]
2020-08-27 19:55:06,763 - DEBUG - Done with KI270727.1- [line 2477704]
2020-08-27 19:55:06,763 - DEBUG - Assigning indexes to genes
2020-08-27 19:55:06,763 - DEBUG - Seen 32335 genes until now
2020-08-27 19:55:06,763 - DEBUG - Parsing Chromosome KI270727.1 strand + [line 2477705]
2020-08-27 19:55:06,763 - DEBUG - Done with KI270727.1+ [line 2477719]
2020-08-27 19:55:06,763 - DEBUG - Assigning indexes to genes
2020-08-27 19:55:06,764 - DEBUG - Seen 32337 genes until now
2020-08-27 19:55:06,764 - DEBUG - Parsing Chromosome KI270728.1 strand - [line 2477720]
2020-08-27 19:55:06,764 - DEBUG - Done with KI270728.1- [line 2477796]
2020-08-27 19:55:06,764 - DEBUG - Assigning indexes to genes
2020-08-27 19:55:06,764 - DEBUG - Seen 32339 genes until now
2020-08-27 19:55:06,764 - DEBUG - Parsing Chromosome KI270728.1 strand + [line 2477797]
2020-08-27 19:55:06,764 - DEBUG - Done with KI270728.1+ [line 2477833]
2020-08-27 19:55:06,764 - DEBUG - Assigning indexes to genes
2020-08-27 19:55:06,764 - DEBUG - Seen 32343 genes until now
2020-08-27 19:55:06,764 - DEBUG - Parsing Chromosome KI270731.1 strand - [line 2477834]
2020-08-27 19:55:06,764 - DEBUG - Done with KI270731.1- [line 2477840]
2020-08-27 19:55:06,764 - DEBUG - Assigning indexes to genes
2020-08-27 19:55:06,765 - DEBUG - Seen 32344 genes until now
2020-08-27 19:55:06,765 - DEBUG - Parsing Chromosome KI270734.1 strand - [line 2477841]
2020-08-27 19:55:06,765 - DEBUG - Done with KI270734.1- [line 2477909]
2020-08-27 19:55:06,765 - DEBUG - Assigning indexes to genes
2020-08-27 19:55:06,765 - DEBUG - Seen 32345 genes until now
2020-08-27 19:55:06,765 - DEBUG - Parsing Chromosome KI270734.1 strand + [line 2477910]
2020-08-27 19:55:06,765 - DEBUG - Done with KI270734.1+ [line 2477932]
2020-08-27 19:55:06,765 - DEBUG - Assigning indexes to genes
2020-08-27 19:55:06,765 - DEBUG - Seen 32347 genes until now
2020-08-27 19:55:06,765 - DEBUG - Parsing Chromosome MT strand - [line 2477933]
2020-08-27 19:55:06,765 - DEBUG - Done with MT- [line 2477938]
2020-08-27 19:55:06,765 - DEBUG - Assigning indexes to genes
2020-08-27 19:55:06,765 - DEBUG - Seen 32348 genes until now
2020-08-27 19:55:06,765 - DEBUG - Parsing Chromosome MT strand + [line 2477939]
2020-08-27 19:55:06,766 - DEBUG - Done with MT+ [line 2478004]
2020-08-27 19:55:06,766 - DEBUG - Assigning indexes to genes
2020-08-27 19:55:06,766 - DEBUG - Seen 32360 genes until now
2020-08-27 19:55:06,766 - DEBUG - Parsing Chromosome X strand - [line 2478005]
2020-08-27 19:55:06,938 - DEBUG - Done with X- [line 2518937]
2020-08-27 19:55:06,938 - DEBUG - Assigning indexes to genes
2020-08-27 19:55:06,941 - DEBUG - Seen 32876 genes until now
2020-08-27 19:55:06,941 - DEBUG - Parsing Chromosome X strand + [line 2518938]
2020-08-27 19:55:07,112 - DEBUG - Done with X+ [line 2560301]
2020-08-27 19:55:07,112 - DEBUG - Assigning indexes to genes
2020-08-27 19:55:07,115 - DEBUG - Seen 33438 genes until now
2020-08-27 19:55:07,115 - DEBUG - Parsing Chromosome Y strand - [line 2560302]
2020-08-27 19:55:07,124 - DEBUG - Done with Y- [line 2562446]
2020-08-27 19:55:07,124 - DEBUG - Assigning indexes to genes
2020-08-27 19:55:07,125 - DEBUG - Seen 33485 genes until now
2020-08-27 19:55:07,125 - DEBUG - Parsing Chromosome Y strand + [line 2562447]
2020-08-27 19:55:07,136 - DEBUG - Assigning indexes to genes
2020-08-27 19:55:07,136 - DEBUG - Done with Y+ [line 2565059]
2020-08-27 19:55:07,136 - DEBUG - Fixing corner cases of transcript models containg intron longer than 1000Kbp
2020-08-27 19:55:08,926 - DEBUG - Generated 2165800 features corresponding to 172912 transcript models from /net/isi-dcnl/ifs/user_data/abild/Genomes/refdata-cellranger-GRCh38-3.0.0/genes/genes.gtf
2020-08-27 19:55:09,052 - INFO - Scan /net/isi-dcnl/ifs/user_data/abild/Megatron_data/COH057/feline_p29_40_mRNA/cell_ranger/FEL035_S/outs/possorted_genome_bam.bam to validate intron intervals
2020-08-27 19:55:13,187 - DEBUG - Reading /net/isi-dcnl/ifs/user_data/abild/Megatron_data/COH057/feline_p29_40_mRNA/cell_ranger/FEL035_S/outs/possorted_genome_bam.bam
2020-08-27 19:55:13,205 - DEBUG - Read first 0 million reads
2020-08-27 19:55:13,205 - DEBUG - Marking up chromosome 1
2020-08-27 19:56:54,204 - DEBUG - Marking up chromosome 10
2020-08-27 19:57:05,329 - DEBUG - Read first 10 million reads
2020-08-27 19:57:50,619 - DEBUG - Marking up chromosome 11
2020-08-27 19:59:15,703 - DEBUG - Read first 20 million reads
2020-08-27 19:59:26,004 - DEBUG - Marking up chromosome 12
2020-08-27 20:00:23,272 - DEBUG - Marking up chromosome 13
2020-08-27 20:00:44,005 - DEBUG - Marking up chromosome 14
2020-08-27 20:01:18,551 - DEBUG - Read first 30 million reads
2020-08-27 20:01:20,704 - DEBUG - Marking up chromosome 15
2020-08-27 20:02:02,604 - DEBUG - Marking up chromosome 16
2020-08-27 20:02:38,812 - DEBUG - Marking up chromosome 17
2020-08-27 20:03:12,764 - DEBUG - Read first 40 million reads
2020-08-27 20:03:26,242 - DEBUG - Marking up chromosome 18
2020-08-27 20:03:41,678 - DEBUG - Marking up chromosome 19
2020-08-27 20:04:26,352 - DEBUG - Marking up chromosome 2
2020-08-27 20:05:14,903 - DEBUG - Read first 50 million reads
2020-08-27 20:05:44,828 - DEBUG - Marking up chromosome 20
2020-08-27 20:06:08,105 - DEBUG - Marking up chromosome 21
2020-08-27 20:06:20,847 - DEBUG - Read first 60 million reads
2020-08-27 20:06:49,005 - DEBUG - Marking up chromosome 22
2020-08-27 20:07:03,665 - DEBUG - Marking up chromosome 3
2020-08-27 20:07:17,279 - DEBUG - Read first 70 million reads
2020-08-27 20:08:12,467 - DEBUG - Marking up chromosome 4
2020-08-27 20:08:47,338 - DEBUG - Marking up chromosome 5
2020-08-27 20:09:15,172 - DEBUG - Read first 80 million reads
2020-08-27 20:09:42,470 - DEBUG - Marking up chromosome 6
2020-08-27 20:10:25,999 - DEBUG - Marking up chromosome 7
2020-08-27 20:11:05,759 - DEBUG - Read first 90 million reads
2020-08-27 20:11:40,294 - DEBUG - Marking up chromosome 8
2020-08-27 20:12:24,305 - DEBUG - Marking up chromosome 9
2020-08-27 20:12:58,950 - DEBUG - Read first 100 million reads
2020-08-27 20:12:59,384 - DEBUG - Marking up chromosome MT
2020-08-27 20:13:04,543 - DEBUG - Marking up chromosome X
2020-08-27 20:13:32,134 - DEBUG - Marking up chromosome Y
2020-08-27 20:13:32,188 - DEBUG - Marking up chromosome KI270728.1
2020-08-27 20:13:32,192 - DEBUG - Marking up chromosome KI270727.1
2020-08-27 20:13:32,211 - DEBUG - Marking up chromosome KI270442.1
2020-08-27 20:13:32,211 - WARNING - The .bam file refers to a chromosome 'KI270442.1+' not present in the annotation (.gtf) file
2020-08-27 20:13:32,211 - WARNING - The .bam file refers to a chromosome 'KI270442.1-' not present in the annotation (.gtf) file
2020-08-27 20:13:32,217 - DEBUG - Marking up chromosome KI270729.1
2020-08-27 20:13:32,217 - WARNING - The .bam file refers to a chromosome 'KI270729.1+' not present in the annotation (.gtf) file
2020-08-27 20:13:32,217 - WARNING - The .bam file refers to a chromosome 'KI270729.1-' not present in the annotation (.gtf) file
2020-08-27 20:13:32,218 - DEBUG - Marking up chromosome GL000225.1
2020-08-27 20:13:32,218 - WARNING - The .bam file refers to a chromosome 'GL000225.1+' not present in the annotation (.gtf) file
2020-08-27 20:13:32,218 - WARNING - The .bam file refers to a chromosome 'GL000225.1-' not present in the annotation (.gtf) file
2020-08-27 20:13:32,218 - DEBUG - Marking up chromosome KI270743.1
2020-08-27 20:13:32,218 - WARNING - The .bam file refers to a chromosome 'KI270743.1+' not present in the annotation (.gtf) file
2020-08-27 20:13:32,218 - WARNING - The .bam file refers to a chromosome 'KI270743.1-' not present in the annotation (.gtf) file
2020-08-27 20:13:32,225 - DEBUG - Marking up chromosome GL000008.2
2020-08-27 20:13:32,225 - WARNING - The .bam file refers to a chromosome 'GL000008.2+' not present in the annotation (.gtf) file
2020-08-27 20:13:32,225 - WARNING - The .bam file refers to a chromosome 'GL000008.2-' not present in the annotation (.gtf) file
2020-08-27 20:13:32,236 - DEBUG - Marking up chromosome GL000009.2
2020-08-27 20:13:32,236 - WARNING - The .bam file refers to a chromosome 'GL000009.2+' not present in the annotation (.gtf) file
2020-08-27 20:13:32,244 - DEBUG - Marking up chromosome KI270747.1
2020-08-27 20:13:32,244 - WARNING - The .bam file refers to a chromosome 'KI270747.1+' not present in the annotation (.gtf) file
2020-08-27 20:13:32,244 - WARNING - The .bam file refers to a chromosome 'KI270747.1-' not present in the annotation (.gtf) file
2020-08-27 20:13:32,245 - DEBUG - Marking up chromosome KI270722.1
2020-08-27 20:13:32,245 - WARNING - The .bam file refers to a chromosome 'KI270722.1+' not present in the annotation (.gtf) file
2020-08-27 20:13:32,245 - WARNING - The .bam file refers to a chromosome 'KI270722.1-' not present in the annotation (.gtf) file
2020-08-27 20:13:32,245 - DEBUG - Marking up chromosome GL000194.1
2020-08-27 20:13:32,245 - WARNING - The .bam file refers to a chromosome 'GL000194.1+' not present in the annotation (.gtf) file
2020-08-27 20:13:32,261 - DEBUG - Marking up chromosome KI270742.1
2020-08-27 20:13:32,261 - WARNING - The .bam file refers to a chromosome 'KI270742.1+' not present in the annotation (.gtf) file
2020-08-27 20:13:32,261 - WARNING - The .bam file refers to a chromosome 'KI270742.1-' not present in the annotation (.gtf) file
2020-08-27 20:13:32,273 - DEBUG - Marking up chromosome GL000205.2
2020-08-27 20:13:32,273 - WARNING - The .bam file refers to a chromosome 'GL000205.2+' not present in the annotation (.gtf) file
2020-08-27 20:13:32,301 - DEBUG - Marking up chromosome GL000195.1
2020-08-27 20:13:32,352 - DEBUG - Marking up chromosome KI270733.1
2020-08-27 20:13:32,352 - WARNING - The .bam file refers to a chromosome 'KI270733.1+' not present in the annotation (.gtf) file
2020-08-27 20:13:32,352 - WARNING - The .bam file refers to a chromosome 'KI270733.1-' not present in the annotation (.gtf) file
2020-08-27 20:13:46,861 - DEBUG - Marking up chromosome GL000224.1
2020-08-27 20:13:46,862 - WARNING - The .bam file refers to a chromosome 'GL000224.1+' not present in the annotation (.gtf) file
2020-08-27 20:13:46,862 - WARNING - The .bam file refers to a chromosome 'GL000224.1-' not present in the annotation (.gtf) file
2020-08-27 20:13:46,867 - DEBUG - Marking up chromosome GL000219.1
2020-08-27 20:13:46,867 - WARNING - The .bam file refers to a chromosome 'GL000219.1+' not present in the annotation (.gtf) file
2020-08-27 20:13:46,933 - DEBUG - Marking up chromosome KI270719.1
2020-08-27 20:13:46,933 - WARNING - The .bam file refers to a chromosome 'KI270719.1+' not present in the annotation (.gtf) file
2020-08-27 20:13:46,933 - WARNING - The .bam file refers to a chromosome 'KI270719.1-' not present in the annotation (.gtf) file
2020-08-27 20:13:46,949 - DEBUG - Marking up chromosome GL000216.2
2020-08-27 20:13:46,949 - WARNING - The .bam file refers to a chromosome 'GL000216.2+' not present in the annotation (.gtf) file
2020-08-27 20:13:46,949 - WARNING - The .bam file refers to a chromosome 'GL000216.2-' not present in the annotation (.gtf) file
2020-08-27 20:13:46,949 - DEBUG - Marking up chromosome KI270712.1
2020-08-27 20:13:46,949 - WARNING - The .bam file refers to a chromosome 'KI270712.1+' not present in the annotation (.gtf) file
2020-08-27 20:13:46,949 - WARNING - The .bam file refers to a chromosome 'KI270712.1-' not present in the annotation (.gtf) file
2020-08-27 20:13:46,954 - DEBUG - Marking up chromosome KI270706.1
2020-08-27 20:13:46,954 - WARNING - The .bam file refers to a chromosome 'KI270706.1+' not present in the annotation (.gtf) file
2020-08-27 20:13:46,954 - WARNING - The .bam file refers to a chromosome 'KI270706.1-' not present in the annotation (.gtf) file
2020-08-27 20:13:47,069 - DEBUG - Marking up chromosome KI270725.1
2020-08-27 20:13:47,069 - WARNING - The .bam file refers to a chromosome 'KI270725.1+' not present in the annotation (.gtf) file
2020-08-27 20:13:47,069 - WARNING - The .bam file refers to a chromosome 'KI270725.1-' not present in the annotation (.gtf) file
2020-08-27 20:13:47,071 - DEBUG - Marking up chromosome KI270744.1
2020-08-27 20:13:47,071 - WARNING - The .bam file refers to a chromosome 'KI270744.1+' not present in the annotation (.gtf) file
2020-08-27 20:13:47,071 - WARNING - The .bam file refers to a chromosome 'KI270744.1-' not present in the annotation (.gtf) file
2020-08-27 20:13:47,079 - DEBUG - Marking up chromosome KI270734.1
2020-08-27 20:13:47,099 - DEBUG - Marking up chromosome GL000213.1
2020-08-27 20:13:47,099 - WARNING - The .bam file refers to a chromosome 'GL000213.1+' not present in the annotation (.gtf) file
2020-08-27 20:13:47,106 - DEBUG - Marking up chromosome GL000220.1
2020-08-27 20:13:47,106 - WARNING - The .bam file refers to a chromosome 'GL000220.1+' not present in the annotation (.gtf) file
2020-08-27 20:13:47,106 - WARNING - The .bam file refers to a chromosome 'GL000220.1-' not present in the annotation (.gtf) file
2020-08-27 20:13:47,515 - DEBUG - Read first 110 million reads
2020-08-27 20:14:01,682 - DEBUG - Marking up chromosome GL000218.1
2020-08-27 20:14:01,682 - WARNING - The .bam file refers to a chromosome 'GL000218.1+' not present in the annotation (.gtf) file
2020-08-27 20:14:01,736 - DEBUG - Marking up chromosome KI270749.1
2020-08-27 20:14:01,736 - WARNING - The .bam file refers to a chromosome 'KI270749.1+' not present in the annotation (.gtf) file
2020-08-27 20:14:01,736 - WARNING - The .bam file refers to a chromosome 'KI270749.1-' not present in the annotation (.gtf) file
2020-08-27 20:14:01,737 - DEBUG - Marking up chromosome KI270741.1
2020-08-27 20:14:01,737 - WARNING - The .bam file refers to a chromosome 'KI270741.1+' not present in the annotation (.gtf) file
2020-08-27 20:14:01,737 - WARNING - The .bam file refers to a chromosome 'KI270741.1-' not present in the annotation (.gtf) file
2020-08-27 20:14:01,738 - DEBUG - Marking up chromosome GL000221.1
2020-08-27 20:14:01,738 - WARNING - The .bam file refers to a chromosome 'GL000221.1+' not present in the annotation (.gtf) file
2020-08-27 20:14:01,738 - WARNING - The .bam file refers to a chromosome 'GL000221.1-' not present in the annotation (.gtf) file
2020-08-27 20:14:01,751 - DEBUG - Marking up chromosome KI270731.1
2020-08-27 20:14:01,751 - WARNING - The .bam file refers to a chromosome 'KI270731.1+' not present in the annotation (.gtf) file
2020-08-27 20:14:01,756 - DEBUG - Marking up chromosome KI270751.1
2020-08-27 20:14:01,756 - WARNING - The .bam file refers to a chromosome 'KI270751.1+' not present in the annotation (.gtf) file
2020-08-27 20:14:01,756 - WARNING - The .bam file refers to a chromosome 'KI270751.1-' not present in the annotation (.gtf) file
2020-08-27 20:14:01,760 - DEBUG - Marking up chromosome KI270750.1
2020-08-27 20:14:01,760 - WARNING - The .bam file refers to a chromosome 'KI270750.1+' not present in the annotation (.gtf) file
2020-08-27 20:14:01,760 - WARNING - The .bam file refers to a chromosome 'KI270750.1-' not present in the annotation (.gtf) file
2020-08-27 20:14:01,763 - DEBUG - Marking up chromosome GL000214.1
2020-08-27 20:14:01,763 - WARNING - The .bam file refers to a chromosome 'GL000214.1+' not present in the annotation (.gtf) file
2020-08-27 20:14:01,763 - WARNING - The .bam file refers to a chromosome 'GL000214.1-' not present in the annotation (.gtf) file
2020-08-27 20:14:01,768 - DEBUG - Marking up chromosome KI270708.1
2020-08-27 20:14:01,768 - WARNING - The .bam file refers to a chromosome 'KI270708.1+' not present in the annotation (.gtf) file
2020-08-27 20:14:01,768 - WARNING - The .bam file refers to a chromosome 'KI270708.1-' not present in the annotation (.gtf) file
2020-08-27 20:14:01,768 - DEBUG - Marking up chromosome KI270737.1
2020-08-27 20:14:01,768 - WARNING - The .bam file refers to a chromosome 'KI270737.1+' not present in the annotation (.gtf) file
2020-08-27 20:14:01,768 - WARNING - The .bam file refers to a chromosome 'KI270737.1-' not present in the annotation (.gtf) file
2020-08-27 20:14:01,769 - DEBUG - Marking up chromosome KI270721.1
2020-08-27 20:14:01,769 - WARNING - The .bam file refers to a chromosome 'KI270721.1-' not present in the annotation (.gtf) file
2020-08-27 20:14:01,774 - DEBUG - Marking up chromosome KI270738.1
2020-08-27 20:14:01,774 - WARNING - The .bam file refers to a chromosome 'KI270738.1+' not present in the annotation (.gtf) file
2020-08-27 20:14:01,774 - WARNING - The .bam file refers to a chromosome 'KI270738.1-' not present in the annotation (.gtf) file
2020-08-27 20:14:01,778 - DEBUG - Marking up chromosome KI270748.1
2020-08-27 20:14:01,778 - WARNING - The .bam file refers to a chromosome 'KI270748.1+' not present in the annotation (.gtf) file
2020-08-27 20:14:01,778 - WARNING - The .bam file refers to a chromosome 'KI270748.1-' not present in the annotation (.gtf) file
2020-08-27 20:14:01,782 - DEBUG - Marking up chromosome KI270538.1
2020-08-27 20:14:01,782 - WARNING - The .bam file refers to a chromosome 'KI270538.1+' not present in the annotation (.gtf) file
2020-08-27 20:14:01,782 - WARNING - The .bam file refers to a chromosome 'KI270538.1-' not present in the annotation (.gtf) file
2020-08-27 20:14:01,782 - DEBUG - Marking up chromosome KI270709.1
2020-08-27 20:14:01,782 - WARNING - The .bam file refers to a chromosome 'KI270709.1+' not present in the annotation (.gtf) file
2020-08-27 20:14:01,782 - WARNING - The .bam file refers to a chromosome 'KI270709.1-' not present in the annotation (.gtf) file
2020-08-27 20:14:01,783 - DEBUG - Marking up chromosome KI270746.1
2020-08-27 20:14:01,783 - WARNING - The .bam file refers to a chromosome 'KI270746.1+' not present in the annotation (.gtf) file
2020-08-27 20:14:01,783 - WARNING - The .bam file refers to a chromosome 'KI270746.1-' not present in the annotation (.gtf) file
2020-08-27 20:14:01,784 - DEBUG - Marking up chromosome KI270589.1
2020-08-27 20:14:01,784 - WARNING - The .bam file refers to a chromosome 'KI270589.1+' not present in the annotation (.gtf) file
2020-08-27 20:14:01,784 - WARNING - The .bam file refers to a chromosome 'KI270589.1-' not present in the annotation (.gtf) file
2020-08-27 20:14:01,785 - DEBUG - Marking up chromosome KI270735.1
2020-08-27 20:14:01,785 - WARNING - The .bam file refers to a chromosome 'KI270735.1+' not present in the annotation (.gtf) file
2020-08-27 20:14:01,785 - WARNING - The .bam file refers to a chromosome 'KI270735.1-' not present in the annotation (.gtf) file
2020-08-27 20:14:01,787 - DEBUG - Marking up chromosome KI270711.1
2020-08-27 20:14:01,787 - WARNING - The .bam file refers to a chromosome 'KI270711.1+' not present in the annotation (.gtf) file
2020-08-27 20:14:01,807 - DEBUG - Marking up chromosome KI270745.1
2020-08-27 20:14:01,807 - WARNING - The .bam file refers to a chromosome 'KI270745.1+' not present in the annotation (.gtf) file
2020-08-27 20:14:01,807 - WARNING - The .bam file refers to a chromosome 'KI270745.1-' not present in the annotation (.gtf) file
2020-08-27 20:14:01,814 - DEBUG - Marking up chromosome KI270714.1
2020-08-27 20:14:01,814 - WARNING - The .bam file refers to a chromosome 'KI270714.1+' not present in the annotation (.gtf) file
2020-08-27 20:14:01,814 - WARNING - The .bam file refers to a chromosome 'KI270714.1-' not present in the annotation (.gtf) file
2020-08-27 20:14:01,816 - DEBUG - Marking up chromosome KI270732.1
2020-08-27 20:14:01,816 - WARNING - The .bam file refers to a chromosome 'KI270732.1+' not present in the annotation (.gtf) file
2020-08-27 20:14:01,816 - WARNING - The .bam file refers to a chromosome 'KI270732.1-' not present in the annotation (.gtf) file
2020-08-27 20:14:01,817 - DEBUG - Marking up chromosome KI270713.1
2020-08-27 20:14:01,818 - DEBUG - Marking up chromosome KI270754.1
2020-08-27 20:14:01,818 - WARNING - The .bam file refers to a chromosome 'KI270754.1+' not present in the annotation (.gtf) file
2020-08-27 20:14:01,819 - WARNING - The .bam file refers to a chromosome 'KI270754.1-' not present in the annotation (.gtf) file
2020-08-27 20:14:01,819 - DEBUG - Marking up chromosome KI270717.1
2020-08-27 20:14:01,819 - WARNING - The .bam file refers to a chromosome 'KI270717.1+' not present in the annotation (.gtf) file
2020-08-27 20:14:01,819 - WARNING - The .bam file refers to a chromosome 'KI270717.1-' not present in the annotation (.gtf) file
2020-08-27 20:14:01,824 - DEBUG - Marking up chromosome KI270720.1
2020-08-27 20:14:01,824 - WARNING - The .bam file refers to a chromosome 'KI270720.1+' not present in the annotation (.gtf) file
2020-08-27 20:14:01,824 - WARNING - The .bam file refers to a chromosome 'KI270720.1-' not present in the annotation (.gtf) file
2020-08-27 20:14:01,828 - DEBUG - Marking up chromosome KI270718.1
2020-08-27 20:14:01,828 - WARNING - The .bam file refers to a chromosome 'KI270718.1+' not present in the annotation (.gtf) file
2020-08-27 20:14:01,828 - WARNING - The .bam file refers to a chromosome 'KI270718.1-' not present in the annotation (.gtf) file
2020-08-27 20:14:01,859 - DEBUG - Marking up chromosome KI270755.1
2020-08-27 20:14:01,859 - WARNING - The .bam file refers to a chromosome 'KI270755.1+' not present in the annotation (.gtf) file
2020-08-27 20:14:01,859 - WARNING - The .bam file refers to a chromosome 'KI270755.1-' not present in the annotation (.gtf) file
2020-08-27 20:14:01,859 - DEBUG - Marking up chromosome KI270707.1
2020-08-27 20:14:01,859 - WARNING - The .bam file refers to a chromosome 'KI270707.1+' not present in the annotation (.gtf) file
2020-08-27 20:14:01,860 - WARNING - The .bam file refers to a chromosome 'KI270707.1-' not present in the annotation (.gtf) file
2020-08-27 20:14:01,864 - DEBUG - Marking up chromosome KI270467.1
2020-08-27 20:14:01,864 - WARNING - The .bam file refers to a chromosome 'KI270467.1+' not present in the annotation (.gtf) file
2020-08-27 20:14:01,864 - WARNING - The .bam file refers to a chromosome 'KI270467.1-' not present in the annotation (.gtf) file
2020-08-27 20:14:01,864 - DEBUG - Marking up chromosome KI270330.1
2020-08-27 20:14:01,864 - WARNING - The .bam file refers to a chromosome 'KI270330.1+' not present in the annotation (.gtf) file
2020-08-27 20:14:01,864 - WARNING - The .bam file refers to a chromosome 'KI270330.1-' not present in the annotation (.gtf) file
2020-08-27 20:14:09,133 - DEBUG - Read first 120 million reads
2020-08-27 20:14:11,270 - DEBUG - End of file. Reset index: start scanning from initial position.
2020-08-27 20:14:11,270 - DEBUG - 2183466 reads were skipped because no apropiate cell or umi barcode was found
2020-08-27 20:14:11,270 - DEBUG - Start molecule counting!
2020-08-27 20:14:15,350 - DEBUG - Features available for chromosomes : ['1-', '1+', '10-', '10+', '11-', '11+', '12-', '12+', '13-', '13+', '14-', '14+', '15-', '15+', '16-', '16+', '17-', '17+', '18-', '18+', '19-', '19+', '2-', '2+', '20-', '20+', '21-', '21+', '22-', '22+', '3-', '3+', '4-', '4+', '5-', '5+', '6-', '6+', '7-', '7+', '8-', '8+', '9-', '9+', 'GL000009.2-', 'GL000194.1-', 'GL000195.1-', 'GL000195.1+', 'GL000205.2-', 'GL000213.1-', 'GL000218.1-', 'GL000219.1-', 'KI270711.1-', 'KI270713.1-', 'KI270713.1+', 'KI270721.1+', 'KI270726.1+', 'KI270727.1-', 'KI270727.1+', 'KI270728.1-', 'KI270728.1+', 'KI270731.1-', 'KI270734.1-', 'KI270734.1+', 'MT-', 'MT+', 'X-', 'X+', 'Y-', 'Y+']
2020-08-27 20:14:15,350 - DEBUG - Mask available for chromosomes : []
2020-08-27 20:14:15,350 - DEBUG - Summarizing the results of intron validation.
2020-08-27 20:14:16,008 - DEBUG - Validated 492315 introns (of which unique intervals 155843) out of 996444 total possible introns (considering each possible transcript models).
2020-08-27 20:14:16,009 - DEBUG - Reading /net/isi-dcnl/ifs/user_data/abild/Megatron_data/COH057/feline_p29_40_mRNA/cell_ranger/FEL035_S/outs/cellsorted_possorted_genome_bam.bam
2020-08-27 20:14:16,055 - DEBUG - Read first 0 million reads
2020-08-27 20:15:03,027 - DEBUG - Read first 10 million reads
2020-08-27 20:15:13,797 - DEBUG - Counting for batch 1, containing 100 cells and 1843463 reads
2020-08-27 20:16:19,037 - DEBUG - 0 reads not considered because fully enclosed in repeat masked regions
2020-08-27 20:17:06,577 - DEBUG - Counting for batch 2, containing 100 cells and 1576393 reads
2020-08-27 20:18:02,403 - DEBUG - 0 reads not considered because fully enclosed in repeat masked regions
2020-08-27 20:18:48,607 - DEBUG - Read first 20 million reads
2020-08-27 20:18:50,283 - DEBUG - Counting for batch 3, containing 100 cells and 1587458 reads
2020-08-27 20:19:47,346 - DEBUG - 0 reads not considered because fully enclosed in repeat masked regions
2020-08-27 20:20:34,415 - DEBUG - Counting for batch 4, containing 100 cells and 1583651 reads
2020-08-27 20:21:30,384 - DEBUG - 0 reads not considered because fully enclosed in repeat masked regions
2020-08-27 20:22:22,290 - DEBUG - Counting for batch 5, containing 100 cells and 1791046 reads
2020-08-27 20:23:26,217 - DEBUG - 0 reads not considered because fully enclosed in repeat masked regions
2020-08-27 20:23:47,842 - DEBUG - Read first 30 million reads
2020-08-27 20:24:11,012 - DEBUG - Counting for batch 6, containing 100 cells and 1220862 reads
2020-08-27 20:24:54,163 - DEBUG - 0 reads not considered because fully enclosed in repeat masked regions
2020-08-27 20:25:40,144 - DEBUG - Counting for batch 7, containing 100 cells and 1851341 reads
2020-08-27 20:26:46,206 - DEBUG - 0 reads not considered because fully enclosed in repeat masked regions
2020-08-27 20:27:14,734 - DEBUG - Read first 40 million reads
2020-08-27 20:27:30,810 - DEBUG - Counting for batch 8, containing 100 cells and 1468500 reads
2020-08-27 20:28:23,477 - DEBUG - 0 reads not considered because fully enclosed in repeat masked regions
2020-08-27 20:29:05,498 - DEBUG - Counting for batch 9, containing 100 cells and 1466092 reads
2020-08-27 20:30:01,746 - DEBUG - 0 reads not considered because fully enclosed in repeat masked regions
2020-08-27 20:30:47,401 - DEBUG - Read first 50 million reads
2020-08-27 20:30:49,732 - DEBUG - Counting for batch 10, containing 100 cells and 1561092 reads
2020-08-27 20:31:50,204 - DEBUG - 0 reads not considered because fully enclosed in repeat masked regions
2020-08-27 20:32:37,481 - DEBUG - Counting for batch 11, containing 100 cells and 1507370 reads
2020-08-27 20:33:31,512 - DEBUG - 0 reads not considered because fully enclosed in repeat masked regions
2020-08-27 20:34:19,793 - DEBUG - Counting for batch 12, containing 100 cells and 1599090 reads
2020-08-27 20:35:17,128 - DEBUG - 0 reads not considered because fully enclosed in repeat masked regions
2020-08-27 20:35:39,307 - DEBUG - Read first 60 million reads
2020-08-27 20:36:08,107 - DEBUG - Counting for batch 13, containing 100 cells and 1833859 reads
2020-08-27 20:37:10,485 - DEBUG - 0 reads not considered because fully enclosed in repeat masked regions
2020-08-27 20:37:54,787 - DEBUG - Counting for batch 14, containing 100 cells and 1473365 reads
2020-08-27 20:38:47,176 - DEBUG - 0 reads not considered because fully enclosed in repeat masked regions
2020-08-27 20:39:12,608 - DEBUG - Read first 70 million reads
2020-08-27 20:39:30,639 - DEBUG - Counting for batch 15, containing 100 cells and 1617783 reads
2020-08-27 20:40:29,515 - DEBUG - 0 reads not considered because fully enclosed in repeat masked regions
2020-08-27 20:41:09,796 - DEBUG - Counting for batch 16, containing 100 cells and 1355974 reads
2020-08-27 20:41:57,172 - DEBUG - 0 reads not considered because fully enclosed in repeat masked regions
2020-08-27 20:42:32,872 - DEBUG - Read first 80 million reads
2020-08-27 20:42:38,556 - DEBUG - Counting for batch 17, containing 100 cells and 1437673 reads
2020-08-27 20:43:29,676 - DEBUG - 0 reads not considered because fully enclosed in repeat masked regions
2020-08-27 20:44:09,253 - DEBUG - Counting for batch 18, containing 100 cells and 1415307 reads
2020-08-27 20:44:59,640 - DEBUG - 0 reads not considered because fully enclosed in repeat masked regions
2020-08-27 20:45:39,550 - DEBUG - Counting for batch 19, containing 100 cells and 1252962 reads
2020-08-27 20:46:23,120 - DEBUG - 0 reads not considered because fully enclosed in repeat masked regions
2020-08-27 20:46:38,623 - DEBUG - Read first 90 million reads
2020-08-27 20:47:03,289 - DEBUG - Counting for batch 20, containing 100 cells and 1370443 reads
2020-08-27 20:47:52,418 - DEBUG - 0 reads not considered because fully enclosed in repeat masked regions
2020-08-27 20:48:30,258 - DEBUG - Counting for batch 21, containing 100 cells and 1458051 reads
2020-08-27 20:49:21,834 - DEBUG - 0 reads not considered because fully enclosed in repeat masked regions
2020-08-27 20:49:50,323 - DEBUG - Read first 100 million reads
2020-08-27 20:50:06,383 - DEBUG - Counting for batch 22, containing 100 cells and 1738287 reads
2020-08-27 20:51:10,219 - DEBUG - 0 reads not considered because fully enclosed in repeat masked regions
2020-08-27 20:51:49,663 - DEBUG - Counting for batch 23, containing 100 cells and 1414389 reads
2020-08-27 20:52:38,591 - DEBUG - 0 reads not considered because fully enclosed in repeat masked regions
2020-08-27 20:53:17,277 - DEBUG - Read first 110 million reads
2020-08-27 20:53:20,531 - DEBUG - Counting for batch 24, containing 100 cells and 1530265 reads
2020-08-27 20:54:14,915 - DEBUG - 0 reads not considered because fully enclosed in repeat masked regions
2020-08-27 20:54:57,410 - DEBUG - Counting for batch 25, containing 100 cells and 1648658 reads
2020-08-27 20:55:53,863 - DEBUG - 0 reads not considered because fully enclosed in repeat masked regions
2020-08-27 20:56:43,298 - DEBUG - Counting for batch 26, containing 100 cells and 1808491 reads
2020-08-27 20:57:47,537 - DEBUG - 0 reads not considered because fully enclosed in repeat masked regions
2020-08-27 20:58:04,189 - DEBUG - Read first 120 million reads
2020-08-27 20:58:09,793 - DEBUG - Counting for batch 27, containing 35 cells and 298644 reads
2020-08-27 20:58:18,781 - DEBUG - 0 reads not considered because fully enclosed in repeat masked regions
2020-08-27 20:58:21,416 - DEBUG - 2183466 reads were skipped because no apropiate cell or umi barcode was found
2020-08-27 20:58:21,417 - DEBUG - Counting done!
2020-08-27 20:58:21,445 - DEBUG - Generating output file /net/isi-dcnl/ifs/user_data/abild/Megatron_data/COH057/feline_p29_40_mRNA/cell_ranger/FEL035_S/velocyto/FEL035_S.loom
2020-08-27 20:58:21,445 - DEBUG - Collecting row attributes
2020-08-27 20:58:21,540 - DEBUG - Generating data table
2020-08-27 20:58:22,529 - DEBUG - Writing loom file
2020-08-27 20:58:28,699 - DEBUG - Terminated Succesfully!
Start: 1598583274
End: 1598587110
Run time: 3836
Done
