CPU: 16
N: 64
Step1: Analyze spliced and unspliced reads and genrate a loom file for velocityR
Run velocyto to generate loom file
2020-08-27 19:46:28,832 - DEBUG - Using logic: Default
2020-08-27 19:46:28,857 - INFO - Read 1581 cell barcodes from /net/isi-dcnl/ifs/user_data/abild/Megatron_data/COH057/feline_p29_40_mRNA/cell_ranger/FEL033_S/outs/filtered_feature_bc_matrix/barcodes.tsv.gz
2020-08-27 19:46:28,857 - DEBUG - Example of barcode: AAACCCACATACTGTG and cell_id: FEL033_S:AAACCCACATACTGTG-1
2020-08-27 19:46:28,870 - DEBUG - Peeking into /net/isi-dcnl/ifs/user_data/abild/Megatron_data/COH057/feline_p29_40_mRNA/cell_ranger/FEL033_S/outs/possorted_genome_bam.bam
2020-08-27 19:46:28,980 - WARNING - Not found cell and umi barcode in entry 189 of the bam file
2020-08-27 19:46:28,981 - WARNING - Not found cell and umi barcode in entry 310 of the bam file
2020-08-27 19:46:28,982 - WARNING - Not found cell and umi barcode in entry 383 of the bam file
2020-08-27 19:46:28,982 - WARNING - Not found cell and umi barcode in entry 436 of the bam file
2020-08-27 19:46:28,985 - WARNING - Not found cell and umi barcode in entry 893 of the bam file
2020-08-27 19:46:28,985 - WARNING - Not found cell and umi barcode in entry 954 of the bam file
2020-08-27 19:46:28,985 - WARNING - Not found cell and umi barcode in entry 955 of the bam file
2020-08-27 19:46:28,992 - WARNING - The file /net/isi-dcnl/ifs/user_data/abild/Megatron_data/COH057/feline_p29_40_mRNA/cell_ranger/FEL033_S/outs/cellsorted_possorted_genome_bam.bam already exists. The sorting step will be skipped and the existing file will be used.
2020-08-27 19:46:28,992 - INFO - Load the annotation from /net/isi-dcnl/ifs/user_data/abild/Genomes/refdata-cellranger-GRCh38-3.0.0/genes/genes.gtf
2020-08-27 19:46:37,072 - DEBUG - Parsing Chromosome 1 strand - [line 0]
2020-08-27 19:46:37,711 - DEBUG - Done with 1- [line 108728]
2020-08-27 19:46:37,711 - DEBUG - Assigning indexes to genes
2020-08-27 19:46:37,721 - DEBUG - Seen 1561 genes until now
2020-08-27 19:46:37,721 - DEBUG - Parsing Chromosome 1 strand + [line 108729]
2020-08-27 19:46:38,680 - DEBUG - Done with 1+ [line 232515]
2020-08-27 19:46:38,680 - DEBUG - Assigning indexes to genes
2020-08-27 19:46:38,692 - DEBUG - Seen 3154 genes until now
2020-08-27 19:46:38,692 - DEBUG - Parsing Chromosome 10 strand - [line 232516]
2020-08-27 19:46:38,893 - DEBUG - Done with 10- [line 279343]
2020-08-27 19:46:38,893 - DEBUG - Assigning indexes to genes
2020-08-27 19:46:38,896 - DEBUG - Seen 3737 genes until now
2020-08-27 19:46:38,896 - DEBUG - Parsing Chromosome 10 strand + [line 279344]
2020-08-27 19:46:39,083 - DEBUG - Done with 10+ [line 323872]
2020-08-27 19:46:39,083 - DEBUG - Assigning indexes to genes
2020-08-27 19:46:39,086 - DEBUG - Seen 4384 genes until now
2020-08-27 19:46:39,086 - DEBUG - Parsing Chromosome 11 strand - [line 323873]
2020-08-27 19:46:39,673 - DEBUG - Done with 11- [line 402908]
2020-08-27 19:46:39,673 - DEBUG - Assigning indexes to genes
2020-08-27 19:46:39,680 - DEBUG - Seen 5320 genes until now
2020-08-27 19:46:39,680 - DEBUG - Parsing Chromosome 11 strand + [line 402909]
2020-08-27 19:46:40,317 - DEBUG - Done with 11+ [line 482591]
2020-08-27 19:46:40,317 - DEBUG - Assigning indexes to genes
2020-08-27 19:46:40,325 - DEBUG - Seen 6305 genes until now
2020-08-27 19:46:40,325 - DEBUG - Parsing Chromosome 12 strand - [line 482592]
2020-08-27 19:46:40,651 - DEBUG - Done with 12- [line 559278]
2020-08-27 19:46:40,652 - DEBUG - Assigning indexes to genes
2020-08-27 19:46:40,657 - DEBUG - Seen 7177 genes until now
2020-08-27 19:46:40,657 - DEBUG - Parsing Chromosome 12 strand + [line 559279]
2020-08-27 19:46:40,971 - DEBUG - Done with 12+ [line 635173]
2020-08-27 19:46:40,971 - DEBUG - Assigning indexes to genes
2020-08-27 19:46:40,977 - DEBUG - Seen 8070 genes until now
2020-08-27 19:46:40,977 - DEBUG - Parsing Chromosome 13 strand - [line 635174]
2020-08-27 19:46:41,357 - DEBUG - Done with 13- [line 653523]
2020-08-27 19:46:41,357 - DEBUG - Assigning indexes to genes
2020-08-27 19:46:41,359 - DEBUG - Seen 8400 genes until now
2020-08-27 19:46:41,359 - DEBUG - Parsing Chromosome 13 strand + [line 653524]
2020-08-27 19:46:41,441 - DEBUG - Done with 13+ [line 673091]
2020-08-27 19:46:41,441 - DEBUG - Assigning indexes to genes
2020-08-27 19:46:41,443 - DEBUG - Seen 8736 genes until now
2020-08-27 19:46:41,443 - DEBUG - Parsing Chromosome 14 strand - [line 673092]
2020-08-27 19:46:41,625 - DEBUG - Done with 14- [line 716831]
2020-08-27 19:46:41,625 - DEBUG - Assigning indexes to genes
2020-08-27 19:46:41,629 - DEBUG - Seen 9452 genes until now
2020-08-27 19:46:41,629 - DEBUG - Parsing Chromosome 14 strand + [line 716832]
2020-08-27 19:46:41,829 - DEBUG - Done with 14+ [line 764942]
2020-08-27 19:46:41,829 - DEBUG - Assigning indexes to genes
2020-08-27 19:46:41,833 - DEBUG - Seen 10121 genes until now
2020-08-27 19:46:41,833 - DEBUG - Parsing Chromosome 15 strand - [line 764943]
2020-08-27 19:46:42,041 - DEBUG - Done with 15- [line 813803]
2020-08-27 19:46:42,041 - DEBUG - Assigning indexes to genes
2020-08-27 19:46:42,044 - DEBUG - Seen 10698 genes until now
2020-08-27 19:46:42,044 - DEBUG - Parsing Chromosome 15 strand + [line 813804]
2020-08-27 19:46:42,228 - DEBUG - Done with 15+ [line 857859]
2020-08-27 19:46:42,228 - DEBUG - Assigning indexes to genes
2020-08-27 19:46:42,231 - DEBUG - Seen 11256 genes until now
2020-08-27 19:46:42,231 - DEBUG - Parsing Chromosome 16 strand - [line 857860]
2020-08-27 19:46:42,795 - DEBUG - Done with 16- [line 911118]
2020-08-27 19:46:42,795 - DEBUG - Assigning indexes to genes
2020-08-27 19:46:42,800 - DEBUG - Seen 11998 genes until now
2020-08-27 19:46:42,800 - DEBUG - Parsing Chromosome 16 strand + [line 911119]
2020-08-27 19:46:43,091 - DEBUG - Done with 16+ [line 981663]
2020-08-27 19:46:43,091 - DEBUG - Assigning indexes to genes
2020-08-27 19:46:43,097 - DEBUG - Seen 12787 genes until now
2020-08-27 19:46:43,097 - DEBUG - Parsing Chromosome 17 strand - [line 981664]
2020-08-27 19:46:43,454 - DEBUG - Done with 17- [line 1066635]
2020-08-27 19:46:43,454 - DEBUG - Assigning indexes to genes
2020-08-27 19:46:43,462 - DEBUG - Seen 13775 genes until now
2020-08-27 19:46:43,462 - DEBUG - Parsing Chromosome 17 strand + [line 1066636]
2020-08-27 19:46:44,173 - DEBUG - Done with 17+ [line 1143834]
2020-08-27 19:46:44,173 - DEBUG - Assigning indexes to genes
2020-08-27 19:46:44,181 - DEBUG - Seen 14681 genes until now
2020-08-27 19:46:44,181 - DEBUG - Parsing Chromosome 18 strand - [line 1143835]
2020-08-27 19:46:44,286 - DEBUG - Done with 18- [line 1168496]
2020-08-27 19:46:44,286 - DEBUG - Assigning indexes to genes
2020-08-27 19:46:44,288 - DEBUG - Seen 15006 genes until now
2020-08-27 19:46:44,288 - DEBUG - Parsing Chromosome 18 strand + [line 1168497]
2020-08-27 19:46:44,376 - DEBUG - Done with 18+ [line 1189691]
2020-08-27 19:46:44,376 - DEBUG - Assigning indexes to genes
2020-08-27 19:46:44,378 - DEBUG - Seen 15343 genes until now
2020-08-27 19:46:44,378 - DEBUG - Parsing Chromosome 19 strand - [line 1189692]
2020-08-27 19:46:44,701 - DEBUG - Done with 19- [line 1268854]
2020-08-27 19:46:44,701 - DEBUG - Assigning indexes to genes
2020-08-27 19:46:44,708 - DEBUG - Seen 16352 genes until now
2020-08-27 19:46:44,708 - DEBUG - Parsing Chromosome 19 strand + [line 1268855]
2020-08-27 19:46:45,042 - DEBUG - Done with 19+ [line 1351833]
2020-08-27 19:46:45,042 - DEBUG - Assigning indexes to genes
2020-08-27 19:46:45,049 - DEBUG - Seen 17347 genes until now
2020-08-27 19:46:45,050 - DEBUG - Parsing Chromosome 2 strand - [line 1351834]
2020-08-27 19:46:45,466 - DEBUG - Done with 2- [line 1448710]
2020-08-27 19:46:45,466 - DEBUG - Assigning indexes to genes
2020-08-27 19:46:45,473 - DEBUG - Seen 18472 genes until now
2020-08-27 19:46:45,473 - DEBUG - Parsing Chromosome 2 strand + [line 1448711]
2020-08-27 19:46:46,300 - DEBUG - Done with 2+ [line 1542602]
2020-08-27 19:46:46,300 - DEBUG - Assigning indexes to genes
2020-08-27 19:46:46,309 - DEBUG - Seen 19632 genes until now
2020-08-27 19:46:46,309 - DEBUG - Parsing Chromosome 20 strand - [line 1542603]
2020-08-27 19:46:46,419 - DEBUG - Done with 20- [line 1569195]
2020-08-27 19:46:46,419 - DEBUG - Assigning indexes to genes
2020-08-27 19:46:46,421 - DEBUG - Seen 20079 genes until now
2020-08-27 19:46:46,421 - DEBUG - Parsing Chromosome 20 strand + [line 1569196]
2020-08-27 19:46:46,553 - DEBUG - Done with 20+ [line 1600541]
2020-08-27 19:46:46,553 - DEBUG - Assigning indexes to genes
2020-08-27 19:46:46,555 - DEBUG - Seen 20527 genes until now
2020-08-27 19:46:46,555 - DEBUG - Parsing Chromosome 21 strand - [line 1600542]
2020-08-27 19:46:46,613 - DEBUG - Done with 21- [line 1614106]
2020-08-27 19:46:46,613 - DEBUG - Assigning indexes to genes
2020-08-27 19:46:46,614 - DEBUG - Seen 20795 genes until now
2020-08-27 19:46:46,614 - DEBUG - Parsing Chromosome 21 strand + [line 1614107]
2020-08-27 19:46:46,677 - DEBUG - Done with 21+ [line 1628392]
2020-08-27 19:46:46,677 - DEBUG - Assigning indexes to genes
2020-08-27 19:46:46,678 - DEBUG - Seen 21029 genes until now
2020-08-27 19:46:46,678 - DEBUG - Parsing Chromosome 22 strand - [line 1628393]
2020-08-27 19:46:46,785 - DEBUG - Done with 22- [line 1653805]
2020-08-27 19:46:46,786 - DEBUG - Assigning indexes to genes
2020-08-27 19:46:46,788 - DEBUG - Seen 21391 genes until now
2020-08-27 19:46:46,788 - DEBUG - Parsing Chromosome 22 strand + [line 1653806]
2020-08-27 19:46:46,915 - DEBUG - Done with 22+ [line 1684245]
2020-08-27 19:46:46,915 - DEBUG - Assigning indexes to genes
2020-08-27 19:46:46,919 - DEBUG - Seen 21866 genes until now
2020-08-27 19:46:46,919 - DEBUG - Parsing Chromosome 3 strand - [line 1684246]
2020-08-27 19:46:47,256 - DEBUG - Done with 3- [line 1763939]
2020-08-27 19:46:47,256 - DEBUG - Assigning indexes to genes
2020-08-27 19:46:47,262 - DEBUG - Seen 22713 genes until now
2020-08-27 19:46:47,262 - DEBUG - Parsing Chromosome 3 strand + [line 1763940]
2020-08-27 19:46:47,600 - DEBUG - Done with 3+ [line 1844840]
2020-08-27 19:46:47,600 - DEBUG - Assigning indexes to genes
2020-08-27 19:46:47,606 - DEBUG - Seen 23585 genes until now
2020-08-27 19:46:47,607 - DEBUG - Parsing Chromosome 4 strand - [line 1844841]
2020-08-27 19:46:48,326 - DEBUG - Done with 4- [line 1898665]
2020-08-27 19:46:48,326 - DEBUG - Assigning indexes to genes
2020-08-27 19:46:48,330 - DEBUG - Seen 24246 genes until now
2020-08-27 19:46:48,330 - DEBUG - Parsing Chromosome 4 strand + [line 1898666]
2020-08-27 19:46:48,557 - DEBUG - Done with 4+ [line 1947617]
2020-08-27 19:46:48,557 - DEBUG - Assigning indexes to genes
2020-08-27 19:46:48,564 - DEBUG - Seen 24938 genes until now
2020-08-27 19:46:48,564 - DEBUG - Parsing Chromosome 5 strand - [line 1947618]
2020-08-27 19:46:48,792 - DEBUG - Done with 5- [line 2001140]
2020-08-27 19:46:48,793 - DEBUG - Assigning indexes to genes
2020-08-27 19:46:48,797 - DEBUG - Seen 25741 genes until now
2020-08-27 19:46:48,797 - DEBUG - Parsing Chromosome 5 strand + [line 2001141]
2020-08-27 19:46:49,051 - DEBUG - Done with 5+ [line 2062165]
2020-08-27 19:46:49,051 - DEBUG - Assigning indexes to genes
2020-08-27 19:46:49,056 - DEBUG - Seen 26599 genes until now
2020-08-27 19:46:49,056 - DEBUG - Parsing Chromosome 6 strand - [line 2062166]
2020-08-27 19:46:49,304 - DEBUG - Done with 6- [line 2121425]
2020-08-27 19:46:49,304 - DEBUG - Assigning indexes to genes
2020-08-27 19:46:49,309 - DEBUG - Seen 27435 genes until now
2020-08-27 19:46:49,309 - DEBUG - Parsing Chromosome 6 strand + [line 2121426]
2020-08-27 19:46:49,532 - DEBUG - Done with 6+ [line 2176078]
2020-08-27 19:46:49,532 - DEBUG - Assigning indexes to genes
2020-08-27 19:46:49,537 - DEBUG - Seen 28231 genes until now
2020-08-27 19:46:49,537 - DEBUG - Parsing Chromosome 7 strand - [line 2176079]
2020-08-27 19:46:49,780 - DEBUG - Done with 7- [line 2233605]
2020-08-27 19:46:49,780 - DEBUG - Assigning indexes to genes
2020-08-27 19:46:49,784 - DEBUG - Seen 28953 genes until now
2020-08-27 19:46:49,784 - DEBUG - Parsing Chromosome 7 strand + [line 2233606]
2020-08-27 19:46:50,043 - DEBUG - Done with 7+ [line 2295513]
2020-08-27 19:46:50,044 - DEBUG - Assigning indexes to genes
2020-08-27 19:46:50,049 - DEBUG - Seen 29770 genes until now
2020-08-27 19:46:50,049 - DEBUG - Parsing Chromosome 8 strand - [line 2295514]
2020-08-27 19:46:50,247 - DEBUG - Done with 8- [line 2343289]
2020-08-27 19:46:50,247 - DEBUG - Assigning indexes to genes
2020-08-27 19:46:50,251 - DEBUG - Seen 30442 genes until now
2020-08-27 19:46:50,251 - DEBUG - Parsing Chromosome 8 strand + [line 2343290]
2020-08-27 19:46:50,432 - DEBUG - Done with 8+ [line 2386793]
2020-08-27 19:46:50,432 - DEBUG - Assigning indexes to genes
2020-08-27 19:46:50,436 - DEBUG - Seen 31090 genes until now
2020-08-27 19:46:50,436 - DEBUG - Parsing Chromosome 9 strand - [line 2386794]
2020-08-27 19:46:51,243 - DEBUG - Done with 9- [line 2430389]
2020-08-27 19:46:51,243 - DEBUG - Assigning indexes to genes
2020-08-27 19:46:51,246 - DEBUG - Seen 31710 genes until now
2020-08-27 19:46:51,246 - DEBUG - Parsing Chromosome 9 strand + [line 2430390]
2020-08-27 19:46:51,443 - DEBUG - Done with 9+ [line 2477312]
2020-08-27 19:46:51,443 - DEBUG - Assigning indexes to genes
2020-08-27 19:46:51,446 - DEBUG - Seen 32318 genes until now
2020-08-27 19:46:51,446 - DEBUG - Parsing Chromosome GL000009.2 strand - [line 2477313]
2020-08-27 19:46:51,446 - DEBUG - Done with GL000009.2- [line 2477320]
2020-08-27 19:46:51,446 - DEBUG - Assigning indexes to genes
2020-08-27 19:46:51,446 - DEBUG - Seen 32319 genes until now
2020-08-27 19:46:51,446 - DEBUG - Parsing Chromosome GL000194.1 strand - [line 2477321]
2020-08-27 19:46:51,446 - DEBUG - Done with GL000194.1- [line 2477346]
2020-08-27 19:46:51,446 - DEBUG - Assigning indexes to genes
2020-08-27 19:46:51,446 - DEBUG - Seen 32321 genes until now
2020-08-27 19:46:51,446 - DEBUG - Parsing Chromosome GL000195.1 strand - [line 2477347]
2020-08-27 19:46:51,446 - DEBUG - Done with GL000195.1- [line 2477356]
2020-08-27 19:46:51,447 - DEBUG - Assigning indexes to genes
2020-08-27 19:46:51,447 - DEBUG - Seen 32322 genes until now
2020-08-27 19:46:51,447 - DEBUG - Parsing Chromosome GL000195.1 strand + [line 2477357]
2020-08-27 19:46:51,447 - DEBUG - Done with GL000195.1+ [line 2477370]
2020-08-27 19:46:51,447 - DEBUG - Assigning indexes to genes
2020-08-27 19:46:51,447 - DEBUG - Seen 32323 genes until now
2020-08-27 19:46:51,447 - DEBUG - Parsing Chromosome GL000205.2 strand - [line 2477371]
2020-08-27 19:46:51,447 - DEBUG - Done with GL000205.2- [line 2477384]
2020-08-27 19:46:51,447 - DEBUG - Assigning indexes to genes
2020-08-27 19:46:51,447 - DEBUG - Seen 32324 genes until now
2020-08-27 19:46:51,447 - DEBUG - Parsing Chromosome GL000213.1 strand - [line 2477385]
2020-08-27 19:46:51,447 - DEBUG - Done with GL000213.1- [line 2477433]
2020-08-27 19:46:51,447 - DEBUG - Assigning indexes to genes
2020-08-27 19:46:51,447 - DEBUG - Seen 32325 genes until now
2020-08-27 19:46:51,447 - DEBUG - Parsing Chromosome GL000218.1 strand - [line 2477434]
2020-08-27 19:46:51,447 - DEBUG - Done with GL000218.1- [line 2477441]
2020-08-27 19:46:51,447 - DEBUG - Assigning indexes to genes
2020-08-27 19:46:51,448 - DEBUG - Seen 32326 genes until now
2020-08-27 19:46:51,448 - DEBUG - Parsing Chromosome GL000219.1 strand - [line 2477442]
2020-08-27 19:46:51,448 - DEBUG - Done with GL000219.1- [line 2477453]
2020-08-27 19:46:51,448 - DEBUG - Assigning indexes to genes
2020-08-27 19:46:51,448 - DEBUG - Seen 32327 genes until now
2020-08-27 19:46:51,448 - DEBUG - Parsing Chromosome KI270711.1 strand - [line 2477454]
2020-08-27 19:46:51,448 - DEBUG - Done with KI270711.1- [line 2477604]
2020-08-27 19:46:51,449 - DEBUG - Assigning indexes to genes
2020-08-27 19:46:51,449 - DEBUG - Seen 32328 genes until now
2020-08-27 19:46:51,449 - DEBUG - Parsing Chromosome KI270713.1 strand - [line 2477605]
2020-08-27 19:46:51,449 - DEBUG - Done with KI270713.1- [line 2477612]
2020-08-27 19:46:51,449 - DEBUG - Assigning indexes to genes
2020-08-27 19:46:51,449 - DEBUG - Seen 32329 genes until now
2020-08-27 19:46:51,449 - DEBUG - Parsing Chromosome KI270713.1 strand + [line 2477613]
2020-08-27 19:46:51,449 - DEBUG - Done with KI270713.1+ [line 2477618]
2020-08-27 19:46:51,449 - DEBUG - Assigning indexes to genes
2020-08-27 19:46:51,449 - DEBUG - Seen 32330 genes until now
2020-08-27 19:46:51,449 - DEBUG - Parsing Chromosome KI270721.1 strand + [line 2477619]
2020-08-27 19:46:51,449 - DEBUG - Done with KI270721.1+ [line 2477634]
2020-08-27 19:46:51,449 - DEBUG - Assigning indexes to genes
2020-08-27 19:46:51,449 - DEBUG - Seen 32331 genes until now
2020-08-27 19:46:51,449 - DEBUG - Parsing Chromosome KI270726.1 strand + [line 2477635]
2020-08-27 19:46:51,449 - DEBUG - Done with KI270726.1+ [line 2477645]
2020-08-27 19:46:51,449 - DEBUG - Assigning indexes to genes
2020-08-27 19:46:51,449 - DEBUG - Seen 32333 genes until now
2020-08-27 19:46:51,449 - DEBUG - Parsing Chromosome KI270727.1 strand - [line 2477646]
2020-08-27 19:46:51,450 - DEBUG - Done with KI270727.1- [line 2477704]
2020-08-27 19:46:51,450 - DEBUG - Assigning indexes to genes
2020-08-27 19:46:51,450 - DEBUG - Seen 32335 genes until now
2020-08-27 19:46:51,450 - DEBUG - Parsing Chromosome KI270727.1 strand + [line 2477705]
2020-08-27 19:46:51,450 - DEBUG - Done with KI270727.1+ [line 2477719]
2020-08-27 19:46:51,450 - DEBUG - Assigning indexes to genes
2020-08-27 19:46:51,450 - DEBUG - Seen 32337 genes until now
2020-08-27 19:46:51,450 - DEBUG - Parsing Chromosome KI270728.1 strand - [line 2477720]
2020-08-27 19:46:51,450 - DEBUG - Done with KI270728.1- [line 2477796]
2020-08-27 19:46:51,450 - DEBUG - Assigning indexes to genes
2020-08-27 19:46:51,450 - DEBUG - Seen 32339 genes until now
2020-08-27 19:46:51,450 - DEBUG - Parsing Chromosome KI270728.1 strand + [line 2477797]
2020-08-27 19:46:51,451 - DEBUG - Done with KI270728.1+ [line 2477833]
2020-08-27 19:46:51,451 - DEBUG - Assigning indexes to genes
2020-08-27 19:46:51,451 - DEBUG - Seen 32343 genes until now
2020-08-27 19:46:51,451 - DEBUG - Parsing Chromosome KI270731.1 strand - [line 2477834]
2020-08-27 19:46:51,451 - DEBUG - Done with KI270731.1- [line 2477840]
2020-08-27 19:46:51,451 - DEBUG - Assigning indexes to genes
2020-08-27 19:46:51,451 - DEBUG - Seen 32344 genes until now
2020-08-27 19:46:51,451 - DEBUG - Parsing Chromosome KI270734.1 strand - [line 2477841]
2020-08-27 19:46:51,451 - DEBUG - Done with KI270734.1- [line 2477909]
2020-08-27 19:46:51,451 - DEBUG - Assigning indexes to genes
2020-08-27 19:46:51,451 - DEBUG - Seen 32345 genes until now
2020-08-27 19:46:51,451 - DEBUG - Parsing Chromosome KI270734.1 strand + [line 2477910]
2020-08-27 19:46:51,451 - DEBUG - Done with KI270734.1+ [line 2477932]
2020-08-27 19:46:51,451 - DEBUG - Assigning indexes to genes
2020-08-27 19:46:51,452 - DEBUG - Seen 32347 genes until now
2020-08-27 19:46:51,452 - DEBUG - Parsing Chromosome MT strand - [line 2477933]
2020-08-27 19:46:51,452 - DEBUG - Done with MT- [line 2477938]
2020-08-27 19:46:51,452 - DEBUG - Assigning indexes to genes
2020-08-27 19:46:51,452 - DEBUG - Seen 32348 genes until now
2020-08-27 19:46:51,452 - DEBUG - Parsing Chromosome MT strand + [line 2477939]
2020-08-27 19:46:51,452 - DEBUG - Done with MT+ [line 2478004]
2020-08-27 19:46:51,452 - DEBUG - Assigning indexes to genes
2020-08-27 19:46:51,452 - DEBUG - Seen 32360 genes until now
2020-08-27 19:46:51,452 - DEBUG - Parsing Chromosome X strand - [line 2478005]
2020-08-27 19:46:51,619 - DEBUG - Done with X- [line 2518937]
2020-08-27 19:46:51,619 - DEBUG - Assigning indexes to genes
2020-08-27 19:46:51,622 - DEBUG - Seen 32876 genes until now
2020-08-27 19:46:51,622 - DEBUG - Parsing Chromosome X strand + [line 2518938]
2020-08-27 19:46:51,789 - DEBUG - Done with X+ [line 2560301]
2020-08-27 19:46:51,789 - DEBUG - Assigning indexes to genes
2020-08-27 19:46:51,792 - DEBUG - Seen 33438 genes until now
2020-08-27 19:46:51,792 - DEBUG - Parsing Chromosome Y strand - [line 2560302]
2020-08-27 19:46:51,802 - DEBUG - Done with Y- [line 2562446]
2020-08-27 19:46:51,803 - DEBUG - Assigning indexes to genes
2020-08-27 19:46:51,803 - DEBUG - Seen 33485 genes until now
2020-08-27 19:46:51,803 - DEBUG - Parsing Chromosome Y strand + [line 2562447]
2020-08-27 19:46:51,813 - DEBUG - Assigning indexes to genes
2020-08-27 19:46:51,814 - DEBUG - Done with Y+ [line 2565059]
2020-08-27 19:46:51,814 - DEBUG - Fixing corner cases of transcript models containg intron longer than 1000Kbp
2020-08-27 19:46:53,504 - DEBUG - Generated 2165800 features corresponding to 172912 transcript models from /net/isi-dcnl/ifs/user_data/abild/Genomes/refdata-cellranger-GRCh38-3.0.0/genes/genes.gtf
2020-08-27 19:46:53,533 - INFO - Scan /net/isi-dcnl/ifs/user_data/abild/Megatron_data/COH057/feline_p29_40_mRNA/cell_ranger/FEL033_S/outs/possorted_genome_bam.bam to validate intron intervals
2020-08-27 19:46:57,442 - DEBUG - Reading /net/isi-dcnl/ifs/user_data/abild/Megatron_data/COH057/feline_p29_40_mRNA/cell_ranger/FEL033_S/outs/possorted_genome_bam.bam
2020-08-27 19:46:57,457 - DEBUG - Read first 0 million reads
2020-08-27 19:46:57,459 - DEBUG - Marking up chromosome 1
2020-08-27 19:47:50,722 - DEBUG - Marking up chromosome 10
2020-08-27 19:48:18,373 - DEBUG - Marking up chromosome 11
2020-08-27 19:48:30,581 - DEBUG - Read first 10 million reads
2020-08-27 19:49:10,243 - DEBUG - Marking up chromosome 12
2020-08-27 19:49:45,167 - DEBUG - Marking up chromosome 13
2020-08-27 19:49:59,061 - DEBUG - Marking up chromosome 14
2020-08-27 19:50:15,225 - DEBUG - Read first 20 million reads
2020-08-27 19:50:23,690 - DEBUG - Marking up chromosome 15
2020-08-27 19:50:46,310 - DEBUG - Marking up chromosome 16
2020-08-27 19:51:10,027 - DEBUG - Marking up chromosome 17
2020-08-27 19:51:42,298 - DEBUG - Marking up chromosome 18
2020-08-27 19:51:46,252 - DEBUG - Read first 30 million reads
2020-08-27 19:51:55,586 - DEBUG - Marking up chromosome 19
2020-08-27 19:52:18,351 - DEBUG - Marking up chromosome 2
2020-08-27 19:53:10,517 - DEBUG - Marking up chromosome 20
2020-08-27 19:53:23,037 - DEBUG - Marking up chromosome 21
2020-08-27 19:53:23,677 - DEBUG - Read first 40 million reads
2020-08-27 19:53:44,389 - DEBUG - Read first 50 million reads
2020-08-27 19:54:05,158 - DEBUG - Read first 60 million reads
2020-08-27 19:54:25,891 - DEBUG - Read first 70 million reads
2020-08-27 19:54:47,916 - DEBUG - Read first 80 million reads
2020-08-27 19:54:53,893 - DEBUG - Marking up chromosome 22
2020-08-27 19:55:07,653 - DEBUG - Marking up chromosome 3
2020-08-27 19:55:50,920 - DEBUG - Marking up chromosome 4
2020-08-27 19:56:18,442 - DEBUG - Marking up chromosome 5
2020-08-27 19:56:30,228 - DEBUG - Read first 90 million reads
2020-08-27 19:56:52,764 - DEBUG - Marking up chromosome 6
2020-08-27 19:57:25,237 - DEBUG - Marking up chromosome 7
2020-08-27 19:57:58,215 - DEBUG - Marking up chromosome 8
2020-08-27 19:58:05,291 - DEBUG - Read first 100 million reads
2020-08-27 19:58:22,484 - DEBUG - Marking up chromosome 9
2020-08-27 19:58:43,761 - DEBUG - Marking up chromosome MT
2020-08-27 19:58:53,679 - DEBUG - Marking up chromosome X
2020-08-27 19:59:10,700 - DEBUG - Marking up chromosome Y
2020-08-27 19:59:10,738 - DEBUG - Marking up chromosome KI270728.1
2020-08-27 19:59:10,740 - DEBUG - Marking up chromosome KI270727.1
2020-08-27 19:59:10,742 - DEBUG - Marking up chromosome KI270442.1
2020-08-27 19:59:10,742 - WARNING - The .bam file refers to a chromosome 'KI270442.1+' not present in the annotation (.gtf) file
2020-08-27 19:59:10,742 - WARNING - The .bam file refers to a chromosome 'KI270442.1-' not present in the annotation (.gtf) file
2020-08-27 19:59:10,743 - DEBUG - Marking up chromosome KI270729.1
2020-08-27 19:59:10,743 - WARNING - The .bam file refers to a chromosome 'KI270729.1+' not present in the annotation (.gtf) file
2020-08-27 19:59:10,744 - WARNING - The .bam file refers to a chromosome 'KI270729.1-' not present in the annotation (.gtf) file
2020-08-27 19:59:10,744 - DEBUG - Marking up chromosome KI270743.1
2020-08-27 19:59:10,744 - WARNING - The .bam file refers to a chromosome 'KI270743.1+' not present in the annotation (.gtf) file
2020-08-27 19:59:10,744 - WARNING - The .bam file refers to a chromosome 'KI270743.1-' not present in the annotation (.gtf) file
2020-08-27 19:59:10,747 - DEBUG - Marking up chromosome GL000008.2
2020-08-27 19:59:10,747 - WARNING - The .bam file refers to a chromosome 'GL000008.2+' not present in the annotation (.gtf) file
2020-08-27 19:59:10,747 - WARNING - The .bam file refers to a chromosome 'GL000008.2-' not present in the annotation (.gtf) file
2020-08-27 19:59:10,753 - DEBUG - Marking up chromosome GL000009.2
2020-08-27 19:59:10,753 - WARNING - The .bam file refers to a chromosome 'GL000009.2+' not present in the annotation (.gtf) file
2020-08-27 19:59:10,763 - DEBUG - Marking up chromosome KI270747.1
2020-08-27 19:59:10,763 - WARNING - The .bam file refers to a chromosome 'KI270747.1+' not present in the annotation (.gtf) file
2020-08-27 19:59:10,763 - WARNING - The .bam file refers to a chromosome 'KI270747.1-' not present in the annotation (.gtf) file
2020-08-27 19:59:10,763 - DEBUG - Marking up chromosome KI270722.1
2020-08-27 19:59:10,763 - WARNING - The .bam file refers to a chromosome 'KI270722.1+' not present in the annotation (.gtf) file
2020-08-27 19:59:10,763 - WARNING - The .bam file refers to a chromosome 'KI270722.1-' not present in the annotation (.gtf) file
2020-08-27 19:59:10,763 - DEBUG - Marking up chromosome GL000194.1
2020-08-27 19:59:10,764 - WARNING - The .bam file refers to a chromosome 'GL000194.1+' not present in the annotation (.gtf) file
2020-08-27 19:59:10,837 - DEBUG - Marking up chromosome KI270742.1
2020-08-27 19:59:10,837 - WARNING - The .bam file refers to a chromosome 'KI270742.1+' not present in the annotation (.gtf) file
2020-08-27 19:59:10,837 - WARNING - The .bam file refers to a chromosome 'KI270742.1-' not present in the annotation (.gtf) file
2020-08-27 19:59:10,860 - DEBUG - Marking up chromosome GL000205.2
2020-08-27 19:59:10,860 - WARNING - The .bam file refers to a chromosome 'GL000205.2+' not present in the annotation (.gtf) file
2020-08-27 19:59:10,881 - DEBUG - Marking up chromosome GL000195.1
2020-08-27 19:59:10,911 - DEBUG - Marking up chromosome KI270736.1
2020-08-27 19:59:10,912 - WARNING - The .bam file refers to a chromosome 'KI270736.1+' not present in the annotation (.gtf) file
2020-08-27 19:59:10,912 - WARNING - The .bam file refers to a chromosome 'KI270736.1-' not present in the annotation (.gtf) file
2020-08-27 19:59:10,912 - DEBUG - Marking up chromosome KI270733.1
2020-08-27 19:59:10,912 - WARNING - The .bam file refers to a chromosome 'KI270733.1+' not present in the annotation (.gtf) file
2020-08-27 19:59:10,912 - WARNING - The .bam file refers to a chromosome 'KI270733.1-' not present in the annotation (.gtf) file
2020-08-27 19:59:16,080 - DEBUG - Read first 110 million reads
2020-08-27 19:59:36,649 - DEBUG - Read first 120 million reads
2020-08-27 19:59:54,063 - DEBUG - Marking up chromosome GL000224.1
2020-08-27 19:59:54,063 - WARNING - The .bam file refers to a chromosome 'GL000224.1+' not present in the annotation (.gtf) file
2020-08-27 19:59:54,063 - WARNING - The .bam file refers to a chromosome 'GL000224.1-' not present in the annotation (.gtf) file
2020-08-27 19:59:54,068 - DEBUG - Marking up chromosome GL000219.1
2020-08-27 19:59:54,068 - WARNING - The .bam file refers to a chromosome 'GL000219.1+' not present in the annotation (.gtf) file
2020-08-27 19:59:54,138 - DEBUG - Marking up chromosome KI270719.1
2020-08-27 19:59:54,139 - WARNING - The .bam file refers to a chromosome 'KI270719.1+' not present in the annotation (.gtf) file
2020-08-27 19:59:54,139 - WARNING - The .bam file refers to a chromosome 'KI270719.1-' not present in the annotation (.gtf) file
2020-08-27 19:59:54,144 - DEBUG - Marking up chromosome GL000216.2
2020-08-27 19:59:54,144 - WARNING - The .bam file refers to a chromosome 'GL000216.2+' not present in the annotation (.gtf) file
2020-08-27 19:59:54,144 - WARNING - The .bam file refers to a chromosome 'GL000216.2-' not present in the annotation (.gtf) file
2020-08-27 19:59:54,144 - DEBUG - Marking up chromosome KI270712.1
2020-08-27 19:59:54,144 - WARNING - The .bam file refers to a chromosome 'KI270712.1+' not present in the annotation (.gtf) file
2020-08-27 19:59:54,144 - WARNING - The .bam file refers to a chromosome 'KI270712.1-' not present in the annotation (.gtf) file
2020-08-27 19:59:54,148 - DEBUG - Marking up chromosome KI270706.1
2020-08-27 19:59:54,149 - WARNING - The .bam file refers to a chromosome 'KI270706.1+' not present in the annotation (.gtf) file
2020-08-27 19:59:54,149 - WARNING - The .bam file refers to a chromosome 'KI270706.1-' not present in the annotation (.gtf) file
2020-08-27 19:59:54,179 - DEBUG - Marking up chromosome KI270725.1
2020-08-27 19:59:54,179 - WARNING - The .bam file refers to a chromosome 'KI270725.1+' not present in the annotation (.gtf) file
2020-08-27 19:59:54,179 - WARNING - The .bam file refers to a chromosome 'KI270725.1-' not present in the annotation (.gtf) file
2020-08-27 19:59:54,179 - DEBUG - Marking up chromosome KI270744.1
2020-08-27 19:59:54,179 - WARNING - The .bam file refers to a chromosome 'KI270744.1+' not present in the annotation (.gtf) file
2020-08-27 19:59:54,180 - WARNING - The .bam file refers to a chromosome 'KI270744.1-' not present in the annotation (.gtf) file
2020-08-27 19:59:54,185 - DEBUG - Marking up chromosome KI270734.1
2020-08-27 19:59:54,188 - DEBUG - Marking up chromosome GL000213.1
2020-08-27 19:59:54,188 - WARNING - The .bam file refers to a chromosome 'GL000213.1+' not present in the annotation (.gtf) file
2020-08-27 19:59:54,191 - DEBUG - Marking up chromosome GL000220.1
2020-08-27 19:59:54,191 - WARNING - The .bam file refers to a chromosome 'GL000220.1+' not present in the annotation (.gtf) file
2020-08-27 19:59:54,191 - WARNING - The .bam file refers to a chromosome 'GL000220.1-' not present in the annotation (.gtf) file
2020-08-27 19:59:57,173 - DEBUG - Read first 130 million reads
2020-08-27 20:00:17,713 - DEBUG - Read first 140 million reads
2020-08-27 20:00:37,407 - DEBUG - Marking up chromosome KI270715.1
2020-08-27 20:00:37,407 - WARNING - The .bam file refers to a chromosome 'KI270715.1+' not present in the annotation (.gtf) file
2020-08-27 20:00:37,407 - WARNING - The .bam file refers to a chromosome 'KI270715.1-' not present in the annotation (.gtf) file
2020-08-27 20:00:37,407 - DEBUG - Marking up chromosome GL000218.1
2020-08-27 20:00:37,407 - WARNING - The .bam file refers to a chromosome 'GL000218.1+' not present in the annotation (.gtf) file
2020-08-27 20:00:37,499 - DEBUG - Marking up chromosome KI270749.1
2020-08-27 20:00:37,499 - WARNING - The .bam file refers to a chromosome 'KI270749.1+' not present in the annotation (.gtf) file
2020-08-27 20:00:37,499 - WARNING - The .bam file refers to a chromosome 'KI270749.1-' not present in the annotation (.gtf) file
2020-08-27 20:00:37,501 - DEBUG - Marking up chromosome GL000221.1
2020-08-27 20:00:37,501 - WARNING - The .bam file refers to a chromosome 'GL000221.1+' not present in the annotation (.gtf) file
2020-08-27 20:00:37,501 - WARNING - The .bam file refers to a chromosome 'GL000221.1-' not present in the annotation (.gtf) file
2020-08-27 20:00:37,513 - DEBUG - Marking up chromosome KI270731.1
2020-08-27 20:00:37,513 - WARNING - The .bam file refers to a chromosome 'KI270731.1+' not present in the annotation (.gtf) file
2020-08-27 20:00:37,515 - DEBUG - Marking up chromosome KI270751.1
2020-08-27 20:00:37,515 - WARNING - The .bam file refers to a chromosome 'KI270751.1+' not present in the annotation (.gtf) file
2020-08-27 20:00:37,515 - WARNING - The .bam file refers to a chromosome 'KI270751.1-' not present in the annotation (.gtf) file
2020-08-27 20:00:37,515 - DEBUG - Marking up chromosome KI270519.1
2020-08-27 20:00:37,515 - WARNING - The .bam file refers to a chromosome 'KI270519.1+' not present in the annotation (.gtf) file
2020-08-27 20:00:37,515 - WARNING - The .bam file refers to a chromosome 'KI270519.1-' not present in the annotation (.gtf) file
2020-08-27 20:00:37,517 - DEBUG - Marking up chromosome GL000214.1
2020-08-27 20:00:37,517 - WARNING - The .bam file refers to a chromosome 'GL000214.1+' not present in the annotation (.gtf) file
2020-08-27 20:00:37,517 - WARNING - The .bam file refers to a chromosome 'GL000214.1-' not present in the annotation (.gtf) file
2020-08-27 20:00:37,518 - DEBUG - Marking up chromosome KI270708.1
2020-08-27 20:00:37,518 - WARNING - The .bam file refers to a chromosome 'KI270708.1+' not present in the annotation (.gtf) file
2020-08-27 20:00:37,518 - WARNING - The .bam file refers to a chromosome 'KI270708.1-' not present in the annotation (.gtf) file
2020-08-27 20:00:37,518 - DEBUG - Marking up chromosome KI270737.1
2020-08-27 20:00:37,518 - WARNING - The .bam file refers to a chromosome 'KI270737.1+' not present in the annotation (.gtf) file
2020-08-27 20:00:37,518 - WARNING - The .bam file refers to a chromosome 'KI270737.1-' not present in the annotation (.gtf) file
2020-08-27 20:00:37,518 - DEBUG - Marking up chromosome KI270721.1
2020-08-27 20:00:37,518 - WARNING - The .bam file refers to a chromosome 'KI270721.1-' not present in the annotation (.gtf) file
2020-08-27 20:00:37,541 - DEBUG - Marking up chromosome KI270738.1
2020-08-27 20:00:37,541 - WARNING - The .bam file refers to a chromosome 'KI270738.1+' not present in the annotation (.gtf) file
2020-08-27 20:00:37,541 - WARNING - The .bam file refers to a chromosome 'KI270738.1-' not present in the annotation (.gtf) file
2020-08-27 20:00:37,543 - DEBUG - Marking up chromosome KI270748.1
2020-08-27 20:00:37,543 - WARNING - The .bam file refers to a chromosome 'KI270748.1+' not present in the annotation (.gtf) file
2020-08-27 20:00:37,543 - WARNING - The .bam file refers to a chromosome 'KI270748.1-' not present in the annotation (.gtf) file
2020-08-27 20:00:37,544 - DEBUG - Marking up chromosome GL000208.1
2020-08-27 20:00:37,544 - WARNING - The .bam file refers to a chromosome 'GL000208.1+' not present in the annotation (.gtf) file
2020-08-27 20:00:37,544 - WARNING - The .bam file refers to a chromosome 'GL000208.1-' not present in the annotation (.gtf) file
2020-08-27 20:00:37,544 - DEBUG - Marking up chromosome KI270709.1
2020-08-27 20:00:37,544 - WARNING - The .bam file refers to a chromosome 'KI270709.1+' not present in the annotation (.gtf) file
2020-08-27 20:00:37,544 - WARNING - The .bam file refers to a chromosome 'KI270709.1-' not present in the annotation (.gtf) file
2020-08-27 20:00:37,544 - DEBUG - Marking up chromosome KI270746.1
2020-08-27 20:00:37,545 - WARNING - The .bam file refers to a chromosome 'KI270746.1+' not present in the annotation (.gtf) file
2020-08-27 20:00:37,545 - WARNING - The .bam file refers to a chromosome 'KI270746.1-' not present in the annotation (.gtf) file
2020-08-27 20:00:37,545 - DEBUG - Marking up chromosome KI270726.1
2020-08-27 20:00:37,545 - WARNING - The .bam file refers to a chromosome 'KI270726.1-' not present in the annotation (.gtf) file
2020-08-27 20:00:37,546 - DEBUG - Marking up chromosome KI270711.1
2020-08-27 20:00:37,546 - WARNING - The .bam file refers to a chromosome 'KI270711.1+' not present in the annotation (.gtf) file
2020-08-27 20:00:37,562 - DEBUG - Marking up chromosome KI270745.1
2020-08-27 20:00:37,562 - WARNING - The .bam file refers to a chromosome 'KI270745.1+' not present in the annotation (.gtf) file
2020-08-27 20:00:37,562 - WARNING - The .bam file refers to a chromosome 'KI270745.1-' not present in the annotation (.gtf) file
2020-08-27 20:00:37,567 - DEBUG - Marking up chromosome KI270714.1
2020-08-27 20:00:37,567 - WARNING - The .bam file refers to a chromosome 'KI270714.1+' not present in the annotation (.gtf) file
2020-08-27 20:00:37,567 - WARNING - The .bam file refers to a chromosome 'KI270714.1-' not present in the annotation (.gtf) file
2020-08-27 20:00:37,568 - DEBUG - Marking up chromosome KI270732.1
2020-08-27 20:00:37,568 - WARNING - The .bam file refers to a chromosome 'KI270732.1+' not present in the annotation (.gtf) file
2020-08-27 20:00:37,568 - WARNING - The .bam file refers to a chromosome 'KI270732.1-' not present in the annotation (.gtf) file
2020-08-27 20:00:37,568 - DEBUG - Marking up chromosome KI270713.1
2020-08-27 20:00:37,570 - DEBUG - Marking up chromosome KI270754.1
2020-08-27 20:00:37,570 - WARNING - The .bam file refers to a chromosome 'KI270754.1+' not present in the annotation (.gtf) file
2020-08-27 20:00:37,570 - WARNING - The .bam file refers to a chromosome 'KI270754.1-' not present in the annotation (.gtf) file
2020-08-27 20:00:37,571 - DEBUG - Marking up chromosome KI270717.1
2020-08-27 20:00:37,571 - WARNING - The .bam file refers to a chromosome 'KI270717.1+' not present in the annotation (.gtf) file
2020-08-27 20:00:37,571 - WARNING - The .bam file refers to a chromosome 'KI270717.1-' not present in the annotation (.gtf) file
2020-08-27 20:00:37,572 - DEBUG - Marking up chromosome KI270720.1
2020-08-27 20:00:37,572 - WARNING - The .bam file refers to a chromosome 'KI270720.1+' not present in the annotation (.gtf) file
2020-08-27 20:00:37,572 - WARNING - The .bam file refers to a chromosome 'KI270720.1-' not present in the annotation (.gtf) file
2020-08-27 20:00:37,577 - DEBUG - Marking up chromosome KI270718.1
2020-08-27 20:00:37,577 - WARNING - The .bam file refers to a chromosome 'KI270718.1+' not present in the annotation (.gtf) file
2020-08-27 20:00:37,577 - WARNING - The .bam file refers to a chromosome 'KI270718.1-' not present in the annotation (.gtf) file
2020-08-27 20:00:37,580 - DEBUG - Marking up chromosome KI270707.1
2020-08-27 20:00:37,580 - WARNING - The .bam file refers to a chromosome 'KI270707.1+' not present in the annotation (.gtf) file
2020-08-27 20:00:37,580 - WARNING - The .bam file refers to a chromosome 'KI270707.1-' not present in the annotation (.gtf) file
2020-08-27 20:00:37,582 - DEBUG - Marking up chromosome KI270366.1
2020-08-27 20:00:37,582 - WARNING - The .bam file refers to a chromosome 'KI270366.1+' not present in the annotation (.gtf) file
2020-08-27 20:00:37,582 - WARNING - The .bam file refers to a chromosome 'KI270366.1-' not present in the annotation (.gtf) file
2020-08-27 20:00:37,582 - DEBUG - Marking up chromosome KI270511.1
2020-08-27 20:00:37,582 - WARNING - The .bam file refers to a chromosome 'KI270511.1+' not present in the annotation (.gtf) file
2020-08-27 20:00:37,582 - WARNING - The .bam file refers to a chromosome 'KI270511.1-' not present in the annotation (.gtf) file
2020-08-27 20:00:37,583 - DEBUG - Marking up chromosome KI270515.1
2020-08-27 20:00:37,583 - WARNING - The .bam file refers to a chromosome 'KI270515.1+' not present in the annotation (.gtf) file
2020-08-27 20:00:37,583 - WARNING - The .bam file refers to a chromosome 'KI270515.1-' not present in the annotation (.gtf) file
2020-08-27 20:00:37,583 - DEBUG - Marking up chromosome KI270509.1
2020-08-27 20:00:37,583 - WARNING - The .bam file refers to a chromosome 'KI270509.1+' not present in the annotation (.gtf) file
2020-08-27 20:00:37,583 - WARNING - The .bam file refers to a chromosome 'KI270509.1-' not present in the annotation (.gtf) file
2020-08-27 20:00:37,583 - DEBUG - Marking up chromosome KI270304.1
2020-08-27 20:00:37,583 - WARNING - The .bam file refers to a chromosome 'KI270304.1+' not present in the annotation (.gtf) file
2020-08-27 20:00:37,583 - WARNING - The .bam file refers to a chromosome 'KI270304.1-' not present in the annotation (.gtf) file
2020-08-27 20:00:37,583 - DEBUG - Marking up chromosome KI270330.1
2020-08-27 20:00:37,583 - WARNING - The .bam file refers to a chromosome 'KI270330.1+' not present in the annotation (.gtf) file
2020-08-27 20:00:37,583 - WARNING - The .bam file refers to a chromosome 'KI270330.1-' not present in the annotation (.gtf) file
2020-08-27 20:00:37,583 - DEBUG - Marking up chromosome KI270310.1
2020-08-27 20:00:37,584 - WARNING - The .bam file refers to a chromosome 'KI270310.1+' not present in the annotation (.gtf) file
2020-08-27 20:00:37,584 - WARNING - The .bam file refers to a chromosome 'KI270310.1-' not present in the annotation (.gtf) file
2020-08-27 20:00:38,310 - DEBUG - Read first 150 million reads
2020-08-27 20:00:47,197 - DEBUG - End of file. Reset index: start scanning from initial position.
2020-08-27 20:00:47,198 - DEBUG - 1153880 reads were skipped because no apropiate cell or umi barcode was found
2020-08-27 20:00:47,198 - DEBUG - Start molecule counting!
2020-08-27 20:00:51,207 - DEBUG - Features available for chromosomes : ['1-', '1+', '10-', '10+', '11-', '11+', '12-', '12+', '13-', '13+', '14-', '14+', '15-', '15+', '16-', '16+', '17-', '17+', '18-', '18+', '19-', '19+', '2-', '2+', '20-', '20+', '21-', '21+', '22-', '22+', '3-', '3+', '4-', '4+', '5-', '5+', '6-', '6+', '7-', '7+', '8-', '8+', '9-', '9+', 'GL000009.2-', 'GL000194.1-', 'GL000195.1-', 'GL000195.1+', 'GL000205.2-', 'GL000213.1-', 'GL000218.1-', 'GL000219.1-', 'KI270711.1-', 'KI270713.1-', 'KI270713.1+', 'KI270721.1+', 'KI270726.1+', 'KI270727.1-', 'KI270727.1+', 'KI270728.1-', 'KI270728.1+', 'KI270731.1-', 'KI270734.1-', 'KI270734.1+', 'MT-', 'MT+', 'X-', 'X+', 'Y-', 'Y+']
2020-08-27 20:00:51,208 - DEBUG - Mask available for chromosomes : []
2020-08-27 20:00:51,208 - DEBUG - Summarizing the results of intron validation.
2020-08-27 20:00:51,886 - DEBUG - Validated 429631 introns (of which unique intervals 134464) out of 996444 total possible introns (considering each possible transcript models).
2020-08-27 20:00:51,887 - DEBUG - Reading /net/isi-dcnl/ifs/user_data/abild/Megatron_data/COH057/feline_p29_40_mRNA/cell_ranger/FEL033_S/outs/cellsorted_possorted_genome_bam.bam
2020-08-27 20:00:51,921 - DEBUG - Read first 0 million reads
2020-08-27 20:01:13,652 - DEBUG - Read first 10 million reads
2020-08-27 20:01:50,497 - DEBUG - Read first 20 million reads
2020-08-27 20:02:02,055 - DEBUG - Counting for batch 1, containing 100 cells and 1628563 reads
2020-08-27 20:03:06,629 - DEBUG - 0 reads not considered because fully enclosed in repeat masked regions
2020-08-27 20:03:56,109 - DEBUG - Read first 30 million reads
2020-08-27 20:03:58,250 - DEBUG - Counting for batch 2, containing 100 cells and 1645885 reads
2020-08-27 20:05:04,684 - DEBUG - 0 reads not considered because fully enclosed in repeat masked regions
2020-08-27 20:05:57,218 - DEBUG - Read first 40 million reads
2020-08-27 20:05:58,638 - DEBUG - Counting for batch 3, containing 100 cells and 1654534 reads
2020-08-27 20:07:03,913 - DEBUG - 0 reads not considered because fully enclosed in repeat masked regions
2020-08-27 20:07:57,702 - DEBUG - Counting for batch 4, containing 100 cells and 1728385 reads
2020-08-27 20:09:05,710 - DEBUG - 0 reads not considered because fully enclosed in repeat masked regions
2020-08-27 20:09:22,405 - DEBUG - Read first 50 million reads
2020-08-27 20:10:01,799 - DEBUG - Counting for batch 5, containing 100 cells and 1564046 reads
2020-08-27 20:11:05,204 - DEBUG - 0 reads not considered because fully enclosed in repeat masked regions
2020-08-27 20:11:21,757 - DEBUG - Read first 60 million reads
2020-08-27 20:11:57,440 - DEBUG - Counting for batch 6, containing 100 cells and 1651581 reads
2020-08-27 20:13:02,921 - DEBUG - 0 reads not considered because fully enclosed in repeat masked regions
2020-08-27 20:13:21,200 - DEBUG - Read first 70 million reads
2020-08-27 20:13:54,326 - DEBUG - Counting for batch 7, containing 100 cells and 1357665 reads
2020-08-27 20:14:46,518 - DEBUG - 0 reads not considered because fully enclosed in repeat masked regions
2020-08-27 20:15:08,133 - DEBUG - Read first 80 million reads
2020-08-27 20:15:38,141 - DEBUG - Counting for batch 8, containing 100 cells and 1399515 reads
2020-08-27 20:16:34,650 - DEBUG - 0 reads not considered because fully enclosed in repeat masked regions
2020-08-27 20:16:58,745 - DEBUG - Read first 90 million reads
2020-08-27 20:17:27,481 - DEBUG - Counting for batch 9, containing 100 cells and 1632711 reads
2020-08-27 20:18:32,646 - DEBUG - 0 reads not considered because fully enclosed in repeat masked regions
2020-08-27 20:19:01,378 - DEBUG - Read first 100 million reads
2020-08-27 20:19:20,282 - DEBUG - Counting for batch 10, containing 100 cells and 1332439 reads
2020-08-27 20:20:14,486 - DEBUG - 0 reads not considered because fully enclosed in repeat masked regions
2020-08-27 20:20:46,121 - DEBUG - Read first 110 million reads
2020-08-27 20:21:03,960 - DEBUG - Counting for batch 11, containing 100 cells and 1481912 reads
2020-08-27 20:22:04,747 - DEBUG - 0 reads not considered because fully enclosed in repeat masked regions
2020-08-27 20:22:42,204 - DEBUG - Read first 120 million reads
2020-08-27 20:22:59,664 - DEBUG - Counting for batch 12, containing 100 cells and 1973648 reads
2020-08-27 20:24:18,266 - DEBUG - 0 reads not considered because fully enclosed in repeat masked regions
2020-08-27 20:25:01,354 - DEBUG - Read first 130 million reads
2020-08-27 20:25:08,814 - DEBUG - Counting for batch 13, containing 100 cells and 1534475 reads
2020-08-27 20:26:08,225 - DEBUG - 0 reads not considered because fully enclosed in repeat masked regions
2020-08-27 20:26:56,604 - DEBUG - Read first 140 million reads
2020-08-27 20:26:58,745 - DEBUG - Counting for batch 14, containing 100 cells and 1422139 reads
2020-08-27 20:27:53,617 - DEBUG - 0 reads not considered because fully enclosed in repeat masked regions
2020-08-27 20:28:39,241 - DEBUG - Counting for batch 15, containing 100 cells and 1366879 reads
2020-08-27 20:29:34,845 - DEBUG - 0 reads not considered because fully enclosed in repeat masked regions
2020-08-27 20:29:54,727 - DEBUG - Read first 150 million reads
2020-08-27 20:30:15,273 - DEBUG - Counting for batch 16, containing 81 cells and 1207740 reads
2020-08-27 20:31:01,937 - DEBUG - 0 reads not considered because fully enclosed in repeat masked regions
2020-08-27 20:31:11,355 - DEBUG - 1153880 reads were skipped because no apropiate cell or umi barcode was found
2020-08-27 20:31:11,356 - DEBUG - Counting done!
2020-08-27 20:31:11,388 - DEBUG - Generating output file /net/isi-dcnl/ifs/user_data/abild/Megatron_data/COH057/feline_p29_40_mRNA/cell_ranger/FEL033_S/velocyto/FEL033_S.loom
2020-08-27 20:31:11,388 - DEBUG - Collecting row attributes
2020-08-27 20:31:11,488 - DEBUG - Generating data table
2020-08-27 20:31:12,143 - DEBUG - Writing loom file
2020-08-27 20:31:15,800 - DEBUG - Terminated Succesfully!
Start: 1598582778
End: 1598585478
Run time: 2700
Done
