CPU: 16
N: 2
Step1: Analyze spliced and unspliced reads and genrate a loom file for velocityR
Run velocyto to generate loom file
2020-08-27 16:31:02,898 - DEBUG - Using logic: Default
2020-08-27 16:31:02,903 - INFO - Read 1168 cell barcodes from /net/isi-dcnl/ifs/user_data/abild/Megatron_data/COH039/FEL011.mRNA/FEL011_count03/FEL011_M/outs/filtered_feature_bc_matrix/barcodes.tsv.gz
2020-08-27 16:31:02,903 - DEBUG - Example of barcode: AAACGAACACAAGTGG and cell_id: FEL011_M:AAACGAACACAAGTGG-1
2020-08-27 16:31:02,921 - DEBUG - Peeking into /net/isi-dcnl/ifs/user_data/abild/Megatron_data/COH039/FEL011.mRNA/FEL011_count03/FEL011_M/outs/possorted_genome_bam.bam
2020-08-27 16:31:02,942 - WARNING - Not found cell and umi barcode in entry 1 of the bam file
2020-08-27 16:31:02,942 - WARNING - Not found cell and umi barcode in entry 4 of the bam file
2020-08-27 16:31:02,942 - WARNING - Not found cell and umi barcode in entry 5 of the bam file
2020-08-27 16:31:02,942 - WARNING - Not found cell and umi barcode in entry 6 of the bam file
2020-08-27 16:31:02,942 - WARNING - Not found cell and umi barcode in entry 8 of the bam file
2020-08-27 16:31:02,942 - WARNING - Not found cell and umi barcode in entry 12 of the bam file
2020-08-27 16:31:02,942 - WARNING - Not found cell and umi barcode in entry 13 of the bam file
2020-08-27 16:31:02,943 - WARNING - Not found cell and umi barcode in entry 167 of the bam file
2020-08-27 16:31:02,943 - WARNING - Not found cell and umi barcode in entry 193 of the bam file
2020-08-27 16:31:02,944 - WARNING - Not found cell and umi barcode in entry 375 of the bam file
2020-08-27 16:31:02,944 - WARNING - Not found cell and umi barcode in entry 376 of the bam file
2020-08-27 16:31:02,944 - WARNING - Not found cell and umi barcode in entry 535 of the bam file
2020-08-27 16:31:02,945 - WARNING - Not found cell and umi barcode in entry 620 of the bam file
2020-08-27 16:31:02,945 - WARNING - Not found cell and umi barcode in entry 632 of the bam file
2020-08-27 16:31:02,945 - WARNING - Not found cell and umi barcode in entry 633 of the bam file
2020-08-27 16:31:02,945 - WARNING - Not found cell and umi barcode in entry 635 of the bam file
2020-08-27 16:31:02,945 - WARNING - Not found cell and umi barcode in entry 647 of the bam file
2020-08-27 16:31:02,946 - WARNING - Not found cell and umi barcode in entry 695 of the bam file
2020-08-27 16:31:02,946 - WARNING - Not found cell and umi barcode in entry 697 of the bam file
2020-08-27 16:31:02,946 - WARNING - Not found cell and umi barcode in entry 702 of the bam file
2020-08-27 16:31:02,946 - WARNING - Not found cell and umi barcode in entry 703 of the bam file
2020-08-27 16:31:02,946 - WARNING - Not found cell and umi barcode in entry 704 of the bam file
2020-08-27 16:31:02,946 - WARNING - Not found cell and umi barcode in entry 706 of the bam file
2020-08-27 16:31:02,946 - WARNING - Not found cell and umi barcode in entry 709 of the bam file
2020-08-27 16:31:02,946 - WARNING - Not found cell and umi barcode in entry 711 of the bam file
2020-08-27 16:31:02,946 - WARNING - Not found cell and umi barcode in entry 716 of the bam file
2020-08-27 16:31:02,946 - WARNING - Not found cell and umi barcode in entry 724 of the bam file
2020-08-27 16:31:02,946 - WARNING - Not found cell and umi barcode in entry 735 of the bam file
2020-08-27 16:31:02,946 - WARNING - Not found cell and umi barcode in entry 738 of the bam file
2020-08-27 16:31:02,946 - WARNING - Not found cell and umi barcode in entry 739 of the bam file
2020-08-27 16:31:02,946 - WARNING - Not found cell and umi barcode in entry 740 of the bam file
2020-08-27 16:31:02,946 - WARNING - Not found cell and umi barcode in entry 752 of the bam file
2020-08-27 16:31:02,947 - WARNING - Not found cell and umi barcode in entry 774 of the bam file
2020-08-27 16:31:02,947 - WARNING - Not found cell and umi barcode in entry 775 of the bam file
2020-08-27 16:31:02,951 - WARNING - Not found cell and umi barcode in entry 818 of the bam file
2020-08-27 16:31:02,951 - WARNING - Not found cell and umi barcode in entry 849 of the bam file
2020-08-27 16:31:02,951 - WARNING - Not found cell and umi barcode in entry 850 of the bam file
2020-08-27 16:31:02,951 - WARNING - Not found cell and umi barcode in entry 876 of the bam file
2020-08-27 16:31:02,951 - WARNING - Not found cell and umi barcode in entry 892 of the bam file
2020-08-27 16:31:02,951 - WARNING - Not found cell and umi barcode in entry 918 of the bam file
2020-08-27 16:31:02,951 - WARNING - Not found cell and umi barcode in entry 922 of the bam file
2020-08-27 16:31:02,951 - WARNING - Not found cell and umi barcode in entry 952 of the bam file
2020-08-27 16:31:02,952 - WARNING - Not found cell and umi barcode in entry 995 of the bam file
2020-08-27 16:31:02,952 - WARNING - Not found cell and umi barcode in entry 1017 of the bam file
2020-08-27 16:31:02,952 - WARNING - Not found cell and umi barcode in entry 1018 of the bam file
2020-08-27 16:31:02,952 - WARNING - Not found cell and umi barcode in entry 1022 of the bam file
2020-08-27 16:31:02,952 - WARNING - Not found cell and umi barcode in entry 1037 of the bam file
2020-08-27 16:31:02,955 - WARNING - The file /net/isi-dcnl/ifs/user_data/abild/Megatron_data/COH039/FEL011.mRNA/FEL011_count03/FEL011_M/outs/cellsorted_possorted_genome_bam.bam already exists. The sorting step will be skipped and the existing file will be used.
2020-08-27 16:31:02,955 - INFO - Load the annotation from /net/isi-dcnl/ifs/user_data/abild/Genomes/refdata-cellranger-GRCh38-3.0.0/genes/genes.gtf
2020-08-27 16:31:10,864 - DEBUG - Parsing Chromosome 1 strand - [line 0]
2020-08-27 16:31:11,489 - DEBUG - Done with 1- [line 108728]
2020-08-27 16:31:11,489 - DEBUG - Assigning indexes to genes
2020-08-27 16:31:11,498 - DEBUG - Seen 1561 genes until now
2020-08-27 16:31:11,498 - DEBUG - Parsing Chromosome 1 strand + [line 108729]
2020-08-27 16:31:12,221 - DEBUG - Done with 1+ [line 232515]
2020-08-27 16:31:12,221 - DEBUG - Assigning indexes to genes
2020-08-27 16:31:12,445 - DEBUG - Seen 3154 genes until now
2020-08-27 16:31:12,445 - DEBUG - Parsing Chromosome 10 strand - [line 232516]
2020-08-27 16:31:12,651 - DEBUG - Done with 10- [line 279343]
2020-08-27 16:31:12,651 - DEBUG - Assigning indexes to genes
2020-08-27 16:31:12,654 - DEBUG - Seen 3737 genes until now
2020-08-27 16:31:12,654 - DEBUG - Parsing Chromosome 10 strand + [line 279344]
2020-08-27 16:31:12,845 - DEBUG - Done with 10+ [line 323872]
2020-08-27 16:31:12,845 - DEBUG - Assigning indexes to genes
2020-08-27 16:31:12,848 - DEBUG - Seen 4384 genes until now
2020-08-27 16:31:12,848 - DEBUG - Parsing Chromosome 11 strand - [line 323873]
2020-08-27 16:31:13,421 - DEBUG - Done with 11- [line 402908]
2020-08-27 16:31:13,421 - DEBUG - Assigning indexes to genes
2020-08-27 16:31:13,428 - DEBUG - Seen 5320 genes until now
2020-08-27 16:31:13,428 - DEBUG - Parsing Chromosome 11 strand + [line 402909]
2020-08-27 16:31:14,024 - DEBUG - Done with 11+ [line 482591]
2020-08-27 16:31:14,024 - DEBUG - Assigning indexes to genes
2020-08-27 16:31:14,033 - DEBUG - Seen 6305 genes until now
2020-08-27 16:31:14,033 - DEBUG - Parsing Chromosome 12 strand - [line 482592]
2020-08-27 16:31:14,365 - DEBUG - Done with 12- [line 559278]
2020-08-27 16:31:14,366 - DEBUG - Assigning indexes to genes
2020-08-27 16:31:14,371 - DEBUG - Seen 7177 genes until now
2020-08-27 16:31:14,371 - DEBUG - Parsing Chromosome 12 strand + [line 559279]
2020-08-27 16:31:14,690 - DEBUG - Done with 12+ [line 635173]
2020-08-27 16:31:14,690 - DEBUG - Assigning indexes to genes
2020-08-27 16:31:14,697 - DEBUG - Seen 8070 genes until now
2020-08-27 16:31:14,697 - DEBUG - Parsing Chromosome 13 strand - [line 635174]
2020-08-27 16:31:15,068 - DEBUG - Done with 13- [line 653523]
2020-08-27 16:31:15,068 - DEBUG - Assigning indexes to genes
2020-08-27 16:31:15,070 - DEBUG - Seen 8400 genes until now
2020-08-27 16:31:15,070 - DEBUG - Parsing Chromosome 13 strand + [line 653524]
2020-08-27 16:31:15,154 - DEBUG - Done with 13+ [line 673091]
2020-08-27 16:31:15,154 - DEBUG - Assigning indexes to genes
2020-08-27 16:31:15,156 - DEBUG - Seen 8736 genes until now
2020-08-27 16:31:15,156 - DEBUG - Parsing Chromosome 14 strand - [line 673092]
2020-08-27 16:31:15,346 - DEBUG - Done with 14- [line 716831]
2020-08-27 16:31:15,346 - DEBUG - Assigning indexes to genes
2020-08-27 16:31:15,350 - DEBUG - Seen 9452 genes until now
2020-08-27 16:31:15,350 - DEBUG - Parsing Chromosome 14 strand + [line 716832]
2020-08-27 16:31:15,553 - DEBUG - Done with 14+ [line 764942]
2020-08-27 16:31:15,553 - DEBUG - Assigning indexes to genes
2020-08-27 16:31:15,557 - DEBUG - Seen 10121 genes until now
2020-08-27 16:31:15,557 - DEBUG - Parsing Chromosome 15 strand - [line 764943]
2020-08-27 16:31:15,769 - DEBUG - Done with 15- [line 813803]
2020-08-27 16:31:15,769 - DEBUG - Assigning indexes to genes
2020-08-27 16:31:15,773 - DEBUG - Seen 10698 genes until now
2020-08-27 16:31:15,773 - DEBUG - Parsing Chromosome 15 strand + [line 813804]
2020-08-27 16:31:15,959 - DEBUG - Done with 15+ [line 857859]
2020-08-27 16:31:15,960 - DEBUG - Assigning indexes to genes
2020-08-27 16:31:15,963 - DEBUG - Seen 11256 genes until now
2020-08-27 16:31:15,963 - DEBUG - Parsing Chromosome 16 strand - [line 857860]
2020-08-27 16:31:16,557 - DEBUG - Done with 16- [line 911118]
2020-08-27 16:31:16,557 - DEBUG - Assigning indexes to genes
2020-08-27 16:31:16,561 - DEBUG - Seen 11998 genes until now
2020-08-27 16:31:16,561 - DEBUG - Parsing Chromosome 16 strand + [line 911119]
2020-08-27 16:31:16,857 - DEBUG - Done with 16+ [line 981663]
2020-08-27 16:31:16,858 - DEBUG - Assigning indexes to genes
2020-08-27 16:31:16,863 - DEBUG - Seen 12787 genes until now
2020-08-27 16:31:16,864 - DEBUG - Parsing Chromosome 17 strand - [line 981664]
2020-08-27 16:31:17,225 - DEBUG - Done with 17- [line 1066635]
2020-08-27 16:31:17,225 - DEBUG - Assigning indexes to genes
2020-08-27 16:31:17,232 - DEBUG - Seen 13775 genes until now
2020-08-27 16:31:17,232 - DEBUG - Parsing Chromosome 17 strand + [line 1066636]
2020-08-27 16:31:17,928 - DEBUG - Done with 17+ [line 1143834]
2020-08-27 16:31:17,929 - DEBUG - Assigning indexes to genes
2020-08-27 16:31:17,936 - DEBUG - Seen 14681 genes until now
2020-08-27 16:31:17,936 - DEBUG - Parsing Chromosome 18 strand - [line 1143835]
2020-08-27 16:31:18,043 - DEBUG - Done with 18- [line 1168496]
2020-08-27 16:31:18,043 - DEBUG - Assigning indexes to genes
2020-08-27 16:31:18,044 - DEBUG - Seen 15006 genes until now
2020-08-27 16:31:18,045 - DEBUG - Parsing Chromosome 18 strand + [line 1168497]
2020-08-27 16:31:18,134 - DEBUG - Done with 18+ [line 1189691]
2020-08-27 16:31:18,134 - DEBUG - Assigning indexes to genes
2020-08-27 16:31:18,136 - DEBUG - Seen 15343 genes until now
2020-08-27 16:31:18,136 - DEBUG - Parsing Chromosome 19 strand - [line 1189692]
2020-08-27 16:31:18,466 - DEBUG - Done with 19- [line 1268854]
2020-08-27 16:31:18,467 - DEBUG - Assigning indexes to genes
2020-08-27 16:31:18,473 - DEBUG - Seen 16352 genes until now
2020-08-27 16:31:18,473 - DEBUG - Parsing Chromosome 19 strand + [line 1268855]
2020-08-27 16:31:18,811 - DEBUG - Done with 19+ [line 1351833]
2020-08-27 16:31:18,811 - DEBUG - Assigning indexes to genes
2020-08-27 16:31:18,818 - DEBUG - Seen 17347 genes until now
2020-08-27 16:31:18,818 - DEBUG - Parsing Chromosome 2 strand - [line 1351834]
2020-08-27 16:31:19,240 - DEBUG - Done with 2- [line 1448710]
2020-08-27 16:31:19,240 - DEBUG - Assigning indexes to genes
2020-08-27 16:31:19,248 - DEBUG - Seen 18472 genes until now
2020-08-27 16:31:19,248 - DEBUG - Parsing Chromosome 2 strand + [line 1448711]
2020-08-27 16:31:20,080 - DEBUG - Done with 2+ [line 1542602]
2020-08-27 16:31:20,080 - DEBUG - Assigning indexes to genes
2020-08-27 16:31:20,088 - DEBUG - Seen 19632 genes until now
2020-08-27 16:31:20,088 - DEBUG - Parsing Chromosome 20 strand - [line 1542603]
2020-08-27 16:31:20,200 - DEBUG - Done with 20- [line 1569195]
2020-08-27 16:31:20,201 - DEBUG - Assigning indexes to genes
2020-08-27 16:31:20,203 - DEBUG - Seen 20079 genes until now
2020-08-27 16:31:20,203 - DEBUG - Parsing Chromosome 20 strand + [line 1569196]
2020-08-27 16:31:20,335 - DEBUG - Done with 20+ [line 1600541]
2020-08-27 16:31:20,335 - DEBUG - Assigning indexes to genes
2020-08-27 16:31:20,337 - DEBUG - Seen 20527 genes until now
2020-08-27 16:31:20,337 - DEBUG - Parsing Chromosome 21 strand - [line 1600542]
2020-08-27 16:31:20,396 - DEBUG - Done with 21- [line 1614106]
2020-08-27 16:31:20,396 - DEBUG - Assigning indexes to genes
2020-08-27 16:31:20,397 - DEBUG - Seen 20795 genes until now
2020-08-27 16:31:20,397 - DEBUG - Parsing Chromosome 21 strand + [line 1614107]
2020-08-27 16:31:20,464 - DEBUG - Done with 21+ [line 1628392]
2020-08-27 16:31:20,464 - DEBUG - Assigning indexes to genes
2020-08-27 16:31:20,466 - DEBUG - Seen 21029 genes until now
2020-08-27 16:31:20,466 - DEBUG - Parsing Chromosome 22 strand - [line 1628393]
2020-08-27 16:31:20,576 - DEBUG - Done with 22- [line 1653805]
2020-08-27 16:31:20,576 - DEBUG - Assigning indexes to genes
2020-08-27 16:31:20,578 - DEBUG - Seen 21391 genes until now
2020-08-27 16:31:20,578 - DEBUG - Parsing Chromosome 22 strand + [line 1653806]
2020-08-27 16:31:20,709 - DEBUG - Done with 22+ [line 1684245]
2020-08-27 16:31:20,709 - DEBUG - Assigning indexes to genes
2020-08-27 16:31:20,713 - DEBUG - Seen 21866 genes until now
2020-08-27 16:31:20,713 - DEBUG - Parsing Chromosome 3 strand - [line 1684246]
2020-08-27 16:31:21,058 - DEBUG - Done with 3- [line 1763939]
2020-08-27 16:31:21,058 - DEBUG - Assigning indexes to genes
2020-08-27 16:31:21,064 - DEBUG - Seen 22713 genes until now
2020-08-27 16:31:21,064 - DEBUG - Parsing Chromosome 3 strand + [line 1763940]
2020-08-27 16:31:21,406 - DEBUG - Done with 3+ [line 1844840]
2020-08-27 16:31:21,406 - DEBUG - Assigning indexes to genes
2020-08-27 16:31:21,412 - DEBUG - Seen 23585 genes until now
2020-08-27 16:31:21,412 - DEBUG - Parsing Chromosome 4 strand - [line 1844841]
2020-08-27 16:31:22,175 - DEBUG - Done with 4- [line 1898665]
2020-08-27 16:31:22,176 - DEBUG - Assigning indexes to genes
2020-08-27 16:31:22,180 - DEBUG - Seen 24246 genes until now
2020-08-27 16:31:22,180 - DEBUG - Parsing Chromosome 4 strand + [line 1898666]
2020-08-27 16:31:22,386 - DEBUG - Done with 4+ [line 1947617]
2020-08-27 16:31:22,386 - DEBUG - Assigning indexes to genes
2020-08-27 16:31:22,390 - DEBUG - Seen 24938 genes until now
2020-08-27 16:31:22,390 - DEBUG - Parsing Chromosome 5 strand - [line 1947618]
2020-08-27 16:31:22,621 - DEBUG - Done with 5- [line 2001140]
2020-08-27 16:31:22,621 - DEBUG - Assigning indexes to genes
2020-08-27 16:31:22,625 - DEBUG - Seen 25741 genes until now
2020-08-27 16:31:22,625 - DEBUG - Parsing Chromosome 5 strand + [line 2001141]
2020-08-27 16:31:22,883 - DEBUG - Done with 5+ [line 2062165]
2020-08-27 16:31:22,883 - DEBUG - Assigning indexes to genes
2020-08-27 16:31:22,888 - DEBUG - Seen 26599 genes until now
2020-08-27 16:31:22,888 - DEBUG - Parsing Chromosome 6 strand - [line 2062166]
2020-08-27 16:31:23,140 - DEBUG - Done with 6- [line 2121425]
2020-08-27 16:31:23,140 - DEBUG - Assigning indexes to genes
2020-08-27 16:31:23,144 - DEBUG - Seen 27435 genes until now
2020-08-27 16:31:23,144 - DEBUG - Parsing Chromosome 6 strand + [line 2121426]
2020-08-27 16:31:23,369 - DEBUG - Done with 6+ [line 2176078]
2020-08-27 16:31:23,369 - DEBUG - Assigning indexes to genes
2020-08-27 16:31:23,373 - DEBUG - Seen 28231 genes until now
2020-08-27 16:31:23,374 - DEBUG - Parsing Chromosome 7 strand - [line 2176079]
2020-08-27 16:31:23,619 - DEBUG - Done with 7- [line 2233605]
2020-08-27 16:31:23,619 - DEBUG - Assigning indexes to genes
2020-08-27 16:31:23,623 - DEBUG - Seen 28953 genes until now
2020-08-27 16:31:23,623 - DEBUG - Parsing Chromosome 7 strand + [line 2233606]
2020-08-27 16:31:23,883 - DEBUG - Done with 7+ [line 2295513]
2020-08-27 16:31:23,883 - DEBUG - Assigning indexes to genes
2020-08-27 16:31:23,888 - DEBUG - Seen 29770 genes until now
2020-08-27 16:31:23,888 - DEBUG - Parsing Chromosome 8 strand - [line 2295514]
2020-08-27 16:31:24,090 - DEBUG - Done with 8- [line 2343289]
2020-08-27 16:31:24,090 - DEBUG - Assigning indexes to genes
2020-08-27 16:31:24,094 - DEBUG - Seen 30442 genes until now
2020-08-27 16:31:24,094 - DEBUG - Parsing Chromosome 8 strand + [line 2343290]
2020-08-27 16:31:24,276 - DEBUG - Done with 8+ [line 2386793]
2020-08-27 16:31:24,276 - DEBUG - Assigning indexes to genes
2020-08-27 16:31:24,280 - DEBUG - Seen 31090 genes until now
2020-08-27 16:31:24,280 - DEBUG - Parsing Chromosome 9 strand - [line 2386794]
2020-08-27 16:31:25,054 - DEBUG - Done with 9- [line 2430389]
2020-08-27 16:31:25,054 - DEBUG - Assigning indexes to genes
2020-08-27 16:31:25,058 - DEBUG - Seen 31710 genes until now
2020-08-27 16:31:25,058 - DEBUG - Parsing Chromosome 9 strand + [line 2430390]
2020-08-27 16:31:25,258 - DEBUG - Done with 9+ [line 2477312]
2020-08-27 16:31:25,258 - DEBUG - Assigning indexes to genes
2020-08-27 16:31:25,261 - DEBUG - Seen 32318 genes until now
2020-08-27 16:31:25,261 - DEBUG - Parsing Chromosome GL000009.2 strand - [line 2477313]
2020-08-27 16:31:25,261 - DEBUG - Done with GL000009.2- [line 2477320]
2020-08-27 16:31:25,261 - DEBUG - Assigning indexes to genes
2020-08-27 16:31:25,261 - DEBUG - Seen 32319 genes until now
2020-08-27 16:31:25,261 - DEBUG - Parsing Chromosome GL000194.1 strand - [line 2477321]
2020-08-27 16:31:25,262 - DEBUG - Done with GL000194.1- [line 2477346]
2020-08-27 16:31:25,262 - DEBUG - Assigning indexes to genes
2020-08-27 16:31:25,262 - DEBUG - Seen 32321 genes until now
2020-08-27 16:31:25,262 - DEBUG - Parsing Chromosome GL000195.1 strand - [line 2477347]
2020-08-27 16:31:25,262 - DEBUG - Done with GL000195.1- [line 2477356]
2020-08-27 16:31:25,262 - DEBUG - Assigning indexes to genes
2020-08-27 16:31:25,262 - DEBUG - Seen 32322 genes until now
2020-08-27 16:31:25,262 - DEBUG - Parsing Chromosome GL000195.1 strand + [line 2477357]
2020-08-27 16:31:25,262 - DEBUG - Done with GL000195.1+ [line 2477370]
2020-08-27 16:31:25,262 - DEBUG - Assigning indexes to genes
2020-08-27 16:31:25,262 - DEBUG - Seen 32323 genes until now
2020-08-27 16:31:25,262 - DEBUG - Parsing Chromosome GL000205.2 strand - [line 2477371]
2020-08-27 16:31:25,262 - DEBUG - Done with GL000205.2- [line 2477384]
2020-08-27 16:31:25,262 - DEBUG - Assigning indexes to genes
2020-08-27 16:31:25,262 - DEBUG - Seen 32324 genes until now
2020-08-27 16:31:25,262 - DEBUG - Parsing Chromosome GL000213.1 strand - [line 2477385]
2020-08-27 16:31:25,262 - DEBUG - Done with GL000213.1- [line 2477433]
2020-08-27 16:31:25,263 - DEBUG - Assigning indexes to genes
2020-08-27 16:31:25,263 - DEBUG - Seen 32325 genes until now
2020-08-27 16:31:25,263 - DEBUG - Parsing Chromosome GL000218.1 strand - [line 2477434]
2020-08-27 16:31:25,263 - DEBUG - Done with GL000218.1- [line 2477441]
2020-08-27 16:31:25,263 - DEBUG - Assigning indexes to genes
2020-08-27 16:31:25,263 - DEBUG - Seen 32326 genes until now
2020-08-27 16:31:25,263 - DEBUG - Parsing Chromosome GL000219.1 strand - [line 2477442]
2020-08-27 16:31:25,263 - DEBUG - Done with GL000219.1- [line 2477453]
2020-08-27 16:31:25,263 - DEBUG - Assigning indexes to genes
2020-08-27 16:31:25,263 - DEBUG - Seen 32327 genes until now
2020-08-27 16:31:25,263 - DEBUG - Parsing Chromosome KI270711.1 strand - [line 2477454]
2020-08-27 16:31:25,264 - DEBUG - Done with KI270711.1- [line 2477604]
2020-08-27 16:31:25,264 - DEBUG - Assigning indexes to genes
2020-08-27 16:31:25,264 - DEBUG - Seen 32328 genes until now
2020-08-27 16:31:25,264 - DEBUG - Parsing Chromosome KI270713.1 strand - [line 2477605]
2020-08-27 16:31:25,264 - DEBUG - Done with KI270713.1- [line 2477612]
2020-08-27 16:31:25,264 - DEBUG - Assigning indexes to genes
2020-08-27 16:31:25,264 - DEBUG - Seen 32329 genes until now
2020-08-27 16:31:25,264 - DEBUG - Parsing Chromosome KI270713.1 strand + [line 2477613]
2020-08-27 16:31:25,264 - DEBUG - Done with KI270713.1+ [line 2477618]
2020-08-27 16:31:25,264 - DEBUG - Assigning indexes to genes
2020-08-27 16:31:25,264 - DEBUG - Seen 32330 genes until now
2020-08-27 16:31:25,264 - DEBUG - Parsing Chromosome KI270721.1 strand + [line 2477619]
2020-08-27 16:31:25,264 - DEBUG - Done with KI270721.1+ [line 2477634]
2020-08-27 16:31:25,264 - DEBUG - Assigning indexes to genes
2020-08-27 16:31:25,264 - DEBUG - Seen 32331 genes until now
2020-08-27 16:31:25,264 - DEBUG - Parsing Chromosome KI270726.1 strand + [line 2477635]
2020-08-27 16:31:25,264 - DEBUG - Done with KI270726.1+ [line 2477645]
2020-08-27 16:31:25,264 - DEBUG - Assigning indexes to genes
2020-08-27 16:31:25,264 - DEBUG - Seen 32333 genes until now
2020-08-27 16:31:25,265 - DEBUG - Parsing Chromosome KI270727.1 strand - [line 2477646]
2020-08-27 16:31:25,265 - DEBUG - Done with KI270727.1- [line 2477704]
2020-08-27 16:31:25,265 - DEBUG - Assigning indexes to genes
2020-08-27 16:31:25,265 - DEBUG - Seen 32335 genes until now
2020-08-27 16:31:25,265 - DEBUG - Parsing Chromosome KI270727.1 strand + [line 2477705]
2020-08-27 16:31:25,265 - DEBUG - Done with KI270727.1+ [line 2477719]
2020-08-27 16:31:25,265 - DEBUG - Assigning indexes to genes
2020-08-27 16:31:25,265 - DEBUG - Seen 32337 genes until now
2020-08-27 16:31:25,265 - DEBUG - Parsing Chromosome KI270728.1 strand - [line 2477720]
2020-08-27 16:31:25,265 - DEBUG - Done with KI270728.1- [line 2477796]
2020-08-27 16:31:25,265 - DEBUG - Assigning indexes to genes
2020-08-27 16:31:25,265 - DEBUG - Seen 32339 genes until now
2020-08-27 16:31:25,266 - DEBUG - Parsing Chromosome KI270728.1 strand + [line 2477797]
2020-08-27 16:31:25,266 - DEBUG - Done with KI270728.1+ [line 2477833]
2020-08-27 16:31:25,266 - DEBUG - Assigning indexes to genes
2020-08-27 16:31:25,266 - DEBUG - Seen 32343 genes until now
2020-08-27 16:31:25,266 - DEBUG - Parsing Chromosome KI270731.1 strand - [line 2477834]
2020-08-27 16:31:25,266 - DEBUG - Done with KI270731.1- [line 2477840]
2020-08-27 16:31:25,266 - DEBUG - Assigning indexes to genes
2020-08-27 16:31:25,266 - DEBUG - Seen 32344 genes until now
2020-08-27 16:31:25,266 - DEBUG - Parsing Chromosome KI270734.1 strand - [line 2477841]
2020-08-27 16:31:25,266 - DEBUG - Done with KI270734.1- [line 2477909]
2020-08-27 16:31:25,266 - DEBUG - Assigning indexes to genes
2020-08-27 16:31:25,266 - DEBUG - Seen 32345 genes until now
2020-08-27 16:31:25,266 - DEBUG - Parsing Chromosome KI270734.1 strand + [line 2477910]
2020-08-27 16:31:25,267 - DEBUG - Done with KI270734.1+ [line 2477932]
2020-08-27 16:31:25,267 - DEBUG - Assigning indexes to genes
2020-08-27 16:31:25,267 - DEBUG - Seen 32347 genes until now
2020-08-27 16:31:25,267 - DEBUG - Parsing Chromosome MT strand - [line 2477933]
2020-08-27 16:31:25,267 - DEBUG - Done with MT- [line 2477938]
2020-08-27 16:31:25,267 - DEBUG - Assigning indexes to genes
2020-08-27 16:31:25,267 - DEBUG - Seen 32348 genes until now
2020-08-27 16:31:25,267 - DEBUG - Parsing Chromosome MT strand + [line 2477939]
2020-08-27 16:31:25,267 - DEBUG - Done with MT+ [line 2478004]
2020-08-27 16:31:25,267 - DEBUG - Assigning indexes to genes
2020-08-27 16:31:25,267 - DEBUG - Seen 32360 genes until now
2020-08-27 16:31:25,267 - DEBUG - Parsing Chromosome X strand - [line 2478005]
2020-08-27 16:31:25,438 - DEBUG - Done with X- [line 2518937]
2020-08-27 16:31:25,438 - DEBUG - Assigning indexes to genes
2020-08-27 16:31:25,441 - DEBUG - Seen 32876 genes until now
2020-08-27 16:31:25,441 - DEBUG - Parsing Chromosome X strand + [line 2518938]
2020-08-27 16:31:25,610 - DEBUG - Done with X+ [line 2560301]
2020-08-27 16:31:25,610 - DEBUG - Assigning indexes to genes
2020-08-27 16:31:25,613 - DEBUG - Seen 33438 genes until now
2020-08-27 16:31:25,613 - DEBUG - Parsing Chromosome Y strand - [line 2560302]
2020-08-27 16:31:25,623 - DEBUG - Done with Y- [line 2562446]
2020-08-27 16:31:25,623 - DEBUG - Assigning indexes to genes
2020-08-27 16:31:25,623 - DEBUG - Seen 33485 genes until now
2020-08-27 16:31:25,623 - DEBUG - Parsing Chromosome Y strand + [line 2562447]
2020-08-27 16:31:25,634 - DEBUG - Assigning indexes to genes
2020-08-27 16:31:25,634 - DEBUG - Done with Y+ [line 2565059]
2020-08-27 16:31:25,634 - DEBUG - Fixing corner cases of transcript models containg intron longer than 1000Kbp
2020-08-27 16:31:27,390 - DEBUG - Generated 2165800 features corresponding to 172912 transcript models from /net/isi-dcnl/ifs/user_data/abild/Genomes/refdata-cellranger-GRCh38-3.0.0/genes/genes.gtf
2020-08-27 16:31:27,419 - INFO - Scan /net/isi-dcnl/ifs/user_data/abild/Megatron_data/COH039/FEL011.mRNA/FEL011_count03/FEL011_M/outs/possorted_genome_bam.bam to validate intron intervals
2020-08-27 16:31:31,313 - DEBUG - Reading /net/isi-dcnl/ifs/user_data/abild/Megatron_data/COH039/FEL011.mRNA/FEL011_count03/FEL011_M/outs/possorted_genome_bam.bam
2020-08-27 16:31:31,325 - DEBUG - Read first 0 million reads
2020-08-27 16:31:31,326 - DEBUG - Marking up chromosome 1
2020-08-27 16:31:58,677 - DEBUG - Marking up chromosome 10
2020-08-27 16:32:17,394 - DEBUG - Marking up chromosome 11
2020-08-27 16:32:48,435 - DEBUG - Marking up chromosome 12
2020-08-27 16:33:08,639 - DEBUG - Marking up chromosome 13
2020-08-27 16:33:15,459 - DEBUG - Marking up chromosome 14
2020-08-27 16:33:15,581 - DEBUG - Read first 10 million reads
2020-08-27 16:33:26,753 - DEBUG - Marking up chromosome 15
2020-08-27 16:33:38,035 - DEBUG - Marking up chromosome 16
2020-08-27 16:33:47,224 - DEBUG - Marking up chromosome 17
2020-08-27 16:33:58,731 - DEBUG - Marking up chromosome 18
2020-08-27 16:34:08,343 - DEBUG - Marking up chromosome 19
2020-08-27 16:34:19,242 - DEBUG - Marking up chromosome 2
2020-08-27 16:34:54,715 - DEBUG - Marking up chromosome 20
2020-08-27 16:35:00,721 - DEBUG - Marking up chromosome 21
2020-08-27 16:35:03,767 - DEBUG - Read first 20 million reads
2020-08-27 16:35:12,345 - DEBUG - Marking up chromosome 22
2020-08-27 16:35:18,243 - DEBUG - Marking up chromosome 3
2020-08-27 16:35:38,326 - DEBUG - Marking up chromosome 4
2020-08-27 16:35:54,373 - DEBUG - Marking up chromosome 5
2020-08-27 16:36:09,401 - DEBUG - Marking up chromosome 6
2020-08-27 16:36:27,033 - DEBUG - Marking up chromosome 7
2020-08-27 16:36:38,202 - DEBUG - Read first 30 million reads
2020-08-27 16:36:42,037 - DEBUG - Marking up chromosome 8
2020-08-27 16:36:57,725 - DEBUG - Marking up chromosome 9
2020-08-27 16:37:07,704 - DEBUG - Marking up chromosome MT
2020-08-27 16:37:18,994 - DEBUG - Marking up chromosome X
2020-08-27 16:37:27,459 - DEBUG - Marking up chromosome Y
2020-08-27 16:37:27,514 - DEBUG - Marking up chromosome KI270728.1
2020-08-27 16:37:27,516 - DEBUG - Marking up chromosome KI270727.1
2020-08-27 16:37:27,568 - DEBUG - Marking up chromosome KI270442.1
2020-08-27 16:37:27,568 - WARNING - The .bam file refers to a chromosome 'KI270442.1+' not present in the annotation (.gtf) file
2020-08-27 16:37:27,568 - WARNING - The .bam file refers to a chromosome 'KI270442.1-' not present in the annotation (.gtf) file
2020-08-27 16:37:27,571 - DEBUG - Marking up chromosome KI270729.1
2020-08-27 16:37:27,571 - WARNING - The .bam file refers to a chromosome 'KI270729.1+' not present in the annotation (.gtf) file
2020-08-27 16:37:27,571 - WARNING - The .bam file refers to a chromosome 'KI270729.1-' not present in the annotation (.gtf) file
2020-08-27 16:37:27,572 - DEBUG - Marking up chromosome GL000225.1
2020-08-27 16:37:27,572 - WARNING - The .bam file refers to a chromosome 'GL000225.1+' not present in the annotation (.gtf) file
2020-08-27 16:37:27,572 - WARNING - The .bam file refers to a chromosome 'GL000225.1-' not present in the annotation (.gtf) file
2020-08-27 16:37:27,573 - DEBUG - Marking up chromosome KI270743.1
2020-08-27 16:37:27,573 - WARNING - The .bam file refers to a chromosome 'KI270743.1+' not present in the annotation (.gtf) file
2020-08-27 16:37:27,573 - WARNING - The .bam file refers to a chromosome 'KI270743.1-' not present in the annotation (.gtf) file
2020-08-27 16:37:27,575 - DEBUG - Marking up chromosome GL000008.2
2020-08-27 16:37:27,575 - WARNING - The .bam file refers to a chromosome 'GL000008.2+' not present in the annotation (.gtf) file
2020-08-27 16:37:27,575 - WARNING - The .bam file refers to a chromosome 'GL000008.2-' not present in the annotation (.gtf) file
2020-08-27 16:37:27,578 - DEBUG - Marking up chromosome GL000009.2
2020-08-27 16:37:27,578 - WARNING - The .bam file refers to a chromosome 'GL000009.2+' not present in the annotation (.gtf) file
2020-08-27 16:37:27,582 - DEBUG - Marking up chromosome KI270747.1
2020-08-27 16:37:27,582 - WARNING - The .bam file refers to a chromosome 'KI270747.1+' not present in the annotation (.gtf) file
2020-08-27 16:37:27,582 - WARNING - The .bam file refers to a chromosome 'KI270747.1-' not present in the annotation (.gtf) file
2020-08-27 16:37:27,582 - DEBUG - Marking up chromosome KI270722.1
2020-08-27 16:37:27,582 - WARNING - The .bam file refers to a chromosome 'KI270722.1+' not present in the annotation (.gtf) file
2020-08-27 16:37:27,582 - WARNING - The .bam file refers to a chromosome 'KI270722.1-' not present in the annotation (.gtf) file
2020-08-27 16:37:27,583 - DEBUG - Marking up chromosome GL000194.1
2020-08-27 16:37:27,583 - WARNING - The .bam file refers to a chromosome 'GL000194.1+' not present in the annotation (.gtf) file
2020-08-27 16:37:27,594 - DEBUG - Marking up chromosome KI270742.1
2020-08-27 16:37:27,594 - WARNING - The .bam file refers to a chromosome 'KI270742.1+' not present in the annotation (.gtf) file
2020-08-27 16:37:27,594 - WARNING - The .bam file refers to a chromosome 'KI270742.1-' not present in the annotation (.gtf) file
2020-08-27 16:37:27,598 - DEBUG - Marking up chromosome GL000205.2
2020-08-27 16:37:27,598 - WARNING - The .bam file refers to a chromosome 'GL000205.2+' not present in the annotation (.gtf) file
2020-08-27 16:37:27,601 - DEBUG - Marking up chromosome GL000195.1
2020-08-27 16:37:27,608 - DEBUG - Marking up chromosome KI270736.1
2020-08-27 16:37:27,608 - WARNING - The .bam file refers to a chromosome 'KI270736.1+' not present in the annotation (.gtf) file
2020-08-27 16:37:27,608 - WARNING - The .bam file refers to a chromosome 'KI270736.1-' not present in the annotation (.gtf) file
2020-08-27 16:37:27,608 - DEBUG - Marking up chromosome KI270733.1
2020-08-27 16:37:27,608 - WARNING - The .bam file refers to a chromosome 'KI270733.1+' not present in the annotation (.gtf) file
2020-08-27 16:37:27,608 - WARNING - The .bam file refers to a chromosome 'KI270733.1-' not present in the annotation (.gtf) file
2020-08-27 16:37:31,695 - DEBUG - Marking up chromosome GL000224.1
2020-08-27 16:37:31,696 - WARNING - The .bam file refers to a chromosome 'GL000224.1+' not present in the annotation (.gtf) file
2020-08-27 16:37:31,696 - WARNING - The .bam file refers to a chromosome 'GL000224.1-' not present in the annotation (.gtf) file
2020-08-27 16:37:31,697 - DEBUG - Marking up chromosome GL000219.1
2020-08-27 16:37:31,697 - WARNING - The .bam file refers to a chromosome 'GL000219.1+' not present in the annotation (.gtf) file
2020-08-27 16:37:31,721 - DEBUG - Marking up chromosome KI270719.1
2020-08-27 16:37:31,721 - WARNING - The .bam file refers to a chromosome 'KI270719.1+' not present in the annotation (.gtf) file
2020-08-27 16:37:31,721 - WARNING - The .bam file refers to a chromosome 'KI270719.1-' not present in the annotation (.gtf) file
2020-08-27 16:37:31,728 - DEBUG - Marking up chromosome GL000216.2
2020-08-27 16:37:31,728 - WARNING - The .bam file refers to a chromosome 'GL000216.2+' not present in the annotation (.gtf) file
2020-08-27 16:37:31,728 - WARNING - The .bam file refers to a chromosome 'GL000216.2-' not present in the annotation (.gtf) file
2020-08-27 16:37:31,729 - DEBUG - Marking up chromosome KI270712.1
2020-08-27 16:37:31,729 - WARNING - The .bam file refers to a chromosome 'KI270712.1+' not present in the annotation (.gtf) file
2020-08-27 16:37:31,729 - WARNING - The .bam file refers to a chromosome 'KI270712.1-' not present in the annotation (.gtf) file
2020-08-27 16:37:31,731 - DEBUG - Marking up chromosome KI270706.1
2020-08-27 16:37:31,731 - WARNING - The .bam file refers to a chromosome 'KI270706.1+' not present in the annotation (.gtf) file
2020-08-27 16:37:31,731 - WARNING - The .bam file refers to a chromosome 'KI270706.1-' not present in the annotation (.gtf) file
2020-08-27 16:37:31,748 - DEBUG - Marking up chromosome KI270725.1
2020-08-27 16:37:31,748 - WARNING - The .bam file refers to a chromosome 'KI270725.1+' not present in the annotation (.gtf) file
2020-08-27 16:37:31,748 - WARNING - The .bam file refers to a chromosome 'KI270725.1-' not present in the annotation (.gtf) file
2020-08-27 16:37:31,749 - DEBUG - Marking up chromosome KI270744.1
2020-08-27 16:37:31,749 - WARNING - The .bam file refers to a chromosome 'KI270744.1+' not present in the annotation (.gtf) file
2020-08-27 16:37:31,749 - WARNING - The .bam file refers to a chromosome 'KI270744.1-' not present in the annotation (.gtf) file
2020-08-27 16:37:31,752 - DEBUG - Marking up chromosome KI270734.1
2020-08-27 16:37:31,757 - DEBUG - Marking up chromosome GL000213.1
2020-08-27 16:37:31,757 - WARNING - The .bam file refers to a chromosome 'GL000213.1+' not present in the annotation (.gtf) file
2020-08-27 16:37:31,878 - DEBUG - Marking up chromosome GL000220.1
2020-08-27 16:37:31,878 - WARNING - The .bam file refers to a chromosome 'GL000220.1+' not present in the annotation (.gtf) file
2020-08-27 16:37:31,878 - WARNING - The .bam file refers to a chromosome 'GL000220.1-' not present in the annotation (.gtf) file
2020-08-27 16:37:36,002 - DEBUG - Marking up chromosome KI270715.1
2020-08-27 16:37:36,002 - WARNING - The .bam file refers to a chromosome 'KI270715.1+' not present in the annotation (.gtf) file
2020-08-27 16:37:36,002 - WARNING - The .bam file refers to a chromosome 'KI270715.1-' not present in the annotation (.gtf) file
2020-08-27 16:37:36,002 - DEBUG - Marking up chromosome GL000218.1
2020-08-27 16:37:36,002 - WARNING - The .bam file refers to a chromosome 'GL000218.1+' not present in the annotation (.gtf) file
2020-08-27 16:37:36,010 - DEBUG - Marking up chromosome KI270749.1
2020-08-27 16:37:36,010 - WARNING - The .bam file refers to a chromosome 'KI270749.1+' not present in the annotation (.gtf) file
2020-08-27 16:37:36,010 - WARNING - The .bam file refers to a chromosome 'KI270749.1-' not present in the annotation (.gtf) file
2020-08-27 16:37:36,010 - DEBUG - Marking up chromosome KI270741.1
2020-08-27 16:37:36,011 - WARNING - The .bam file refers to a chromosome 'KI270741.1+' not present in the annotation (.gtf) file
2020-08-27 16:37:36,011 - WARNING - The .bam file refers to a chromosome 'KI270741.1-' not present in the annotation (.gtf) file
2020-08-27 16:37:36,011 - DEBUG - Marking up chromosome GL000221.1
2020-08-27 16:37:36,011 - WARNING - The .bam file refers to a chromosome 'GL000221.1+' not present in the annotation (.gtf) file
2020-08-27 16:37:36,011 - WARNING - The .bam file refers to a chromosome 'GL000221.1-' not present in the annotation (.gtf) file
2020-08-27 16:37:36,017 - DEBUG - Marking up chromosome KI270751.1
2020-08-27 16:37:36,017 - WARNING - The .bam file refers to a chromosome 'KI270751.1+' not present in the annotation (.gtf) file
2020-08-27 16:37:36,017 - WARNING - The .bam file refers to a chromosome 'KI270751.1-' not present in the annotation (.gtf) file
2020-08-27 16:37:36,017 - DEBUG - Marking up chromosome KI270750.1
2020-08-27 16:37:36,017 - WARNING - The .bam file refers to a chromosome 'KI270750.1+' not present in the annotation (.gtf) file
2020-08-27 16:37:36,017 - WARNING - The .bam file refers to a chromosome 'KI270750.1-' not present in the annotation (.gtf) file
2020-08-27 16:37:36,017 - DEBUG - Marking up chromosome GL000214.1
2020-08-27 16:37:36,017 - WARNING - The .bam file refers to a chromosome 'GL000214.1+' not present in the annotation (.gtf) file
2020-08-27 16:37:36,017 - WARNING - The .bam file refers to a chromosome 'GL000214.1-' not present in the annotation (.gtf) file
2020-08-27 16:37:36,019 - DEBUG - Marking up chromosome KI270708.1
2020-08-27 16:37:36,019 - WARNING - The .bam file refers to a chromosome 'KI270708.1+' not present in the annotation (.gtf) file
2020-08-27 16:37:36,019 - WARNING - The .bam file refers to a chromosome 'KI270708.1-' not present in the annotation (.gtf) file
2020-08-27 16:37:36,020 - DEBUG - Marking up chromosome KI270438.1
2020-08-27 16:37:36,020 - WARNING - The .bam file refers to a chromosome 'KI270438.1+' not present in the annotation (.gtf) file
2020-08-27 16:37:36,020 - WARNING - The .bam file refers to a chromosome 'KI270438.1-' not present in the annotation (.gtf) file
2020-08-27 16:37:36,021 - DEBUG - Marking up chromosome KI270737.1
2020-08-27 16:37:36,021 - WARNING - The .bam file refers to a chromosome 'KI270737.1+' not present in the annotation (.gtf) file
2020-08-27 16:37:36,021 - WARNING - The .bam file refers to a chromosome 'KI270737.1-' not present in the annotation (.gtf) file
2020-08-27 16:37:36,021 - DEBUG - Marking up chromosome KI270721.1
2020-08-27 16:37:36,021 - WARNING - The .bam file refers to a chromosome 'KI270721.1-' not present in the annotation (.gtf) file
2020-08-27 16:37:36,023 - DEBUG - Marking up chromosome KI270738.1
2020-08-27 16:37:36,023 - WARNING - The .bam file refers to a chromosome 'KI270738.1+' not present in the annotation (.gtf) file
2020-08-27 16:37:36,023 - WARNING - The .bam file refers to a chromosome 'KI270738.1-' not present in the annotation (.gtf) file
2020-08-27 16:37:36,024 - DEBUG - Marking up chromosome KI270748.1
2020-08-27 16:37:36,024 - WARNING - The .bam file refers to a chromosome 'KI270748.1+' not present in the annotation (.gtf) file
2020-08-27 16:37:36,024 - WARNING - The .bam file refers to a chromosome 'KI270748.1-' not present in the annotation (.gtf) file
2020-08-27 16:37:36,026 - DEBUG - Marking up chromosome KI270757.1
2020-08-27 16:37:36,026 - WARNING - The .bam file refers to a chromosome 'KI270757.1+' not present in the annotation (.gtf) file
2020-08-27 16:37:36,026 - WARNING - The .bam file refers to a chromosome 'KI270757.1-' not present in the annotation (.gtf) file
2020-08-27 16:37:36,026 - DEBUG - Marking up chromosome KI270709.1
2020-08-27 16:37:36,026 - WARNING - The .bam file refers to a chromosome 'KI270709.1+' not present in the annotation (.gtf) file
2020-08-27 16:37:36,026 - WARNING - The .bam file refers to a chromosome 'KI270709.1-' not present in the annotation (.gtf) file
2020-08-27 16:37:36,031 - DEBUG - Marking up chromosome KI270726.1
2020-08-27 16:37:36,031 - WARNING - The .bam file refers to a chromosome 'KI270726.1-' not present in the annotation (.gtf) file
2020-08-27 16:37:36,032 - DEBUG - Marking up chromosome KI270711.1
2020-08-27 16:37:36,032 - WARNING - The .bam file refers to a chromosome 'KI270711.1+' not present in the annotation (.gtf) file
2020-08-27 16:37:36,036 - DEBUG - Marking up chromosome KI270745.1
2020-08-27 16:37:36,036 - WARNING - The .bam file refers to a chromosome 'KI270745.1+' not present in the annotation (.gtf) file
2020-08-27 16:37:36,036 - WARNING - The .bam file refers to a chromosome 'KI270745.1-' not present in the annotation (.gtf) file
2020-08-27 16:37:36,038 - DEBUG - Marking up chromosome KI270713.1
2020-08-27 16:37:36,039 - DEBUG - Marking up chromosome KI270754.1
2020-08-27 16:37:36,039 - WARNING - The .bam file refers to a chromosome 'KI270754.1+' not present in the annotation (.gtf) file
2020-08-27 16:37:36,039 - WARNING - The .bam file refers to a chromosome 'KI270754.1-' not present in the annotation (.gtf) file
2020-08-27 16:37:36,039 - DEBUG - Marking up chromosome KI270710.1
2020-08-27 16:37:36,039 - WARNING - The .bam file refers to a chromosome 'KI270710.1+' not present in the annotation (.gtf) file
2020-08-27 16:37:36,039 - WARNING - The .bam file refers to a chromosome 'KI270710.1-' not present in the annotation (.gtf) file
2020-08-27 16:37:36,039 - DEBUG - Marking up chromosome KI270717.1
2020-08-27 16:37:36,039 - WARNING - The .bam file refers to a chromosome 'KI270717.1+' not present in the annotation (.gtf) file
2020-08-27 16:37:36,039 - WARNING - The .bam file refers to a chromosome 'KI270717.1-' not present in the annotation (.gtf) file
2020-08-27 16:37:36,041 - DEBUG - Marking up chromosome KI270720.1
2020-08-27 16:37:36,041 - WARNING - The .bam file refers to a chromosome 'KI270720.1+' not present in the annotation (.gtf) file
2020-08-27 16:37:36,041 - WARNING - The .bam file refers to a chromosome 'KI270720.1-' not present in the annotation (.gtf) file
2020-08-27 16:37:36,041 - DEBUG - Marking up chromosome KI270723.1
2020-08-27 16:37:36,041 - WARNING - The .bam file refers to a chromosome 'KI270723.1+' not present in the annotation (.gtf) file
2020-08-27 16:37:36,041 - WARNING - The .bam file refers to a chromosome 'KI270723.1-' not present in the annotation (.gtf) file
2020-08-27 16:37:36,048 - DEBUG - Marking up chromosome KI270718.1
2020-08-27 16:37:36,048 - WARNING - The .bam file refers to a chromosome 'KI270718.1+' not present in the annotation (.gtf) file
2020-08-27 16:37:36,048 - WARNING - The .bam file refers to a chromosome 'KI270718.1-' not present in the annotation (.gtf) file
2020-08-27 16:37:36,059 - DEBUG - Marking up chromosome KI270755.1
2020-08-27 16:37:36,059 - WARNING - The .bam file refers to a chromosome 'KI270755.1+' not present in the annotation (.gtf) file
2020-08-27 16:37:36,059 - WARNING - The .bam file refers to a chromosome 'KI270755.1-' not present in the annotation (.gtf) file
2020-08-27 16:37:36,060 - DEBUG - Marking up chromosome KI270707.1
2020-08-27 16:37:36,060 - WARNING - The .bam file refers to a chromosome 'KI270707.1+' not present in the annotation (.gtf) file
2020-08-27 16:37:36,060 - WARNING - The .bam file refers to a chromosome 'KI270707.1-' not present in the annotation (.gtf) file
2020-08-27 16:37:36,061 - DEBUG - Marking up chromosome KI270581.1
2020-08-27 16:37:36,061 - WARNING - The .bam file refers to a chromosome 'KI270581.1+' not present in the annotation (.gtf) file
2020-08-27 16:37:36,061 - WARNING - The .bam file refers to a chromosome 'KI270581.1-' not present in the annotation (.gtf) file
2020-08-27 16:37:36,061 - DEBUG - Marking up chromosome KI270467.1
2020-08-27 16:37:36,061 - WARNING - The .bam file refers to a chromosome 'KI270467.1+' not present in the annotation (.gtf) file
2020-08-27 16:37:36,061 - WARNING - The .bam file refers to a chromosome 'KI270467.1-' not present in the annotation (.gtf) file
2020-08-27 16:37:36,061 - DEBUG - Marking up chromosome KI270333.1
2020-08-27 16:37:36,061 - WARNING - The .bam file refers to a chromosome 'KI270333.1+' not present in the annotation (.gtf) file
2020-08-27 16:37:36,061 - WARNING - The .bam file refers to a chromosome 'KI270333.1-' not present in the annotation (.gtf) file
2020-08-27 16:37:36,062 - DEBUG - Marking up chromosome KI270330.1
2020-08-27 16:37:36,062 - WARNING - The .bam file refers to a chromosome 'KI270330.1+' not present in the annotation (.gtf) file
2020-08-27 16:37:36,062 - WARNING - The .bam file refers to a chromosome 'KI270330.1-' not present in the annotation (.gtf) file
2020-08-27 16:37:36,062 - DEBUG - Marking up chromosome KI270337.1
2020-08-27 16:37:36,062 - WARNING - The .bam file refers to a chromosome 'KI270337.1+' not present in the annotation (.gtf) file
2020-08-27 16:37:36,062 - WARNING - The .bam file refers to a chromosome 'KI270337.1-' not present in the annotation (.gtf) file
2020-08-27 16:37:37,921 - DEBUG - Read first 40 million reads
2020-08-27 16:37:55,244 - DEBUG - Read first 50 million reads
2020-08-27 16:37:56,926 - DEBUG - End of file. Reset index: start scanning from initial position.
2020-08-27 16:37:56,926 - DEBUG - 800511 reads were skipped because no apropiate cell or umi barcode was found
2020-08-27 16:37:56,926 - DEBUG - Start molecule counting!
2020-08-27 16:38:00,955 - DEBUG - Features available for chromosomes : ['1-', '1+', '10-', '10+', '11-', '11+', '12-', '12+', '13-', '13+', '14-', '14+', '15-', '15+', '16-', '16+', '17-', '17+', '18-', '18+', '19-', '19+', '2-', '2+', '20-', '20+', '21-', '21+', '22-', '22+', '3-', '3+', '4-', '4+', '5-', '5+', '6-', '6+', '7-', '7+', '8-', '8+', '9-', '9+', 'GL000009.2-', 'GL000194.1-', 'GL000195.1-', 'GL000195.1+', 'GL000205.2-', 'GL000213.1-', 'GL000218.1-', 'GL000219.1-', 'KI270711.1-', 'KI270713.1-', 'KI270713.1+', 'KI270721.1+', 'KI270726.1+', 'KI270727.1-', 'KI270727.1+', 'KI270728.1-', 'KI270728.1+', 'KI270731.1-', 'KI270734.1-', 'KI270734.1+', 'MT-', 'MT+', 'X-', 'X+', 'Y-', 'Y+']
2020-08-27 16:38:00,956 - DEBUG - Mask available for chromosomes : []
2020-08-27 16:38:00,956 - DEBUG - Summarizing the results of intron validation.
2020-08-27 16:38:01,621 - DEBUG - Validated 269488 introns (of which unique intervals 86373) out of 996444 total possible introns (considering each possible transcript models).
2020-08-27 16:38:01,622 - DEBUG - Reading /net/isi-dcnl/ifs/user_data/abild/Megatron_data/COH039/FEL011.mRNA/FEL011_count03/FEL011_M/outs/cellsorted_possorted_genome_bam.bam
2020-08-27 16:38:01,626 - DEBUG - Read first 0 million reads
2020-08-27 16:38:33,151 - DEBUG - Counting for batch 1, containing 100 cells and 1405471 reads
2020-08-27 16:39:19,215 - DEBUG - 0 reads not considered because fully enclosed in repeat masked regions
2020-08-27 16:39:52,251 - DEBUG - Read first 10 million reads
2020-08-27 16:39:55,080 - DEBUG - Counting for batch 2, containing 100 cells and 1411474 reads
2020-08-27 16:40:43,182 - DEBUG - 0 reads not considered because fully enclosed in repeat masked regions
2020-08-27 16:41:16,974 - DEBUG - Counting for batch 3, containing 100 cells and 1460703 reads
2020-08-27 16:42:06,504 - DEBUG - 0 reads not considered because fully enclosed in repeat masked regions
2020-08-27 16:42:41,824 - DEBUG - Counting for batch 4, containing 100 cells and 1455511 reads
2020-08-27 16:43:30,683 - DEBUG - 0 reads not considered because fully enclosed in repeat masked regions
2020-08-27 16:43:47,119 - DEBUG - Read first 20 million reads
2020-08-27 16:44:05,624 - DEBUG - Counting for batch 5, containing 100 cells and 1381119 reads
2020-08-27 16:44:50,803 - DEBUG - 0 reads not considered because fully enclosed in repeat masked regions
2020-08-27 16:45:27,407 - DEBUG - Counting for batch 6, containing 100 cells and 1455816 reads
2020-08-27 16:46:15,486 - DEBUG - 0 reads not considered because fully enclosed in repeat masked regions
2020-08-27 16:46:42,974 - DEBUG - Read first 30 million reads
2020-08-27 16:46:55,708 - DEBUG - Counting for batch 7, containing 100 cells and 1610059 reads
2020-08-27 16:47:49,478 - DEBUG - 0 reads not considered because fully enclosed in repeat masked regions
2020-08-27 16:48:22,791 - DEBUG - Counting for batch 8, containing 100 cells and 1324476 reads
2020-08-27 16:49:06,513 - DEBUG - 0 reads not considered because fully enclosed in repeat masked regions
2020-08-27 16:49:40,893 - DEBUG - Counting for batch 9, containing 100 cells and 1242075 reads
2020-08-27 16:50:22,248 - DEBUG - 0 reads not considered because fully enclosed in repeat masked regions
2020-08-27 16:50:31,843 - DEBUG - Read first 40 million reads
2020-08-27 16:50:55,092 - DEBUG - Counting for batch 10, containing 100 cells and 1295338 reads
2020-08-27 16:51:39,224 - DEBUG - 0 reads not considered because fully enclosed in repeat masked regions
2020-08-27 16:52:14,438 - DEBUG - Counting for batch 11, containing 100 cells and 1396689 reads
2020-08-27 16:53:00,620 - DEBUG - 0 reads not considered because fully enclosed in repeat masked regions
2020-08-27 16:53:24,274 - DEBUG - Read first 50 million reads
2020-08-27 16:53:30,314 - DEBUG - Counting for batch 12, containing 68 cells and 1218886 reads
2020-08-27 16:54:12,093 - DEBUG - 0 reads not considered because fully enclosed in repeat masked regions
2020-08-27 16:54:21,338 - DEBUG - 800511 reads were skipped because no apropiate cell or umi barcode was found
2020-08-27 16:54:21,338 - DEBUG - Counting done!
2020-08-27 16:54:21,355 - DEBUG - Generating output file /net/isi-dcnl/ifs/user_data/abild/Megatron_data/COH039/FEL011.mRNA/FEL011_count03/FEL011_M/velocyto/FEL011_M.loom
2020-08-27 16:54:21,355 - DEBUG - Collecting row attributes
2020-08-27 16:54:21,453 - DEBUG - Generating data table
2020-08-27 16:54:21,841 - DEBUG - Writing loom file
2020-08-27 16:54:24,443 - DEBUG - Terminated Succesfully!
Start: 1598571054
End: 1598572466
Run time: 1412
Done
