CPU: 16
N: 86
Step1: Analyze spliced and unspliced reads and genrate a loom file for velocityR
Run velocyto to generate loom file
2020-08-27 20:34:26,679 - DEBUG - Using logic: Default
2020-08-27 20:34:26,699 - INFO - Read 510 cell barcodes from /net/isi-dcnl/ifs/user_data/abild/Megatron_data/COH064/FEL041043.mRNA/FEL042_count03/FEL042_M/outs/filtered_feature_bc_matrix/barcodes.tsv.gz
2020-08-27 20:34:26,699 - DEBUG - Example of barcode: AAACGAAGTGGACAGT and cell_id: FEL042_M:AAACGAAGTGGACAGT-1
2020-08-27 20:34:26,717 - DEBUG - Peeking into /net/isi-dcnl/ifs/user_data/abild/Megatron_data/COH064/FEL041043.mRNA/FEL042_count03/FEL042_M/outs/possorted_genome_bam.bam
2020-08-27 20:34:26,943 - WARNING - Not found cell and umi barcode in entry 184 of the bam file
2020-08-27 20:34:26,943 - WARNING - Not found cell and umi barcode in entry 238 of the bam file
2020-08-27 20:34:26,946 - WARNING - Not found cell and umi barcode in entry 637 of the bam file
2020-08-27 20:34:26,946 - WARNING - Not found cell and umi barcode in entry 638 of the bam file
2020-08-27 20:34:26,946 - WARNING - Not found cell and umi barcode in entry 676 of the bam file
2020-08-27 20:34:26,947 - WARNING - Not found cell and umi barcode in entry 719 of the bam file
2020-08-27 20:34:26,947 - WARNING - Not found cell and umi barcode in entry 817 of the bam file
2020-08-27 20:34:26,947 - WARNING - Not found cell and umi barcode in entry 818 of the bam file
2020-08-27 20:34:26,947 - WARNING - Not found cell and umi barcode in entry 819 of the bam file
2020-08-27 20:34:26,948 - WARNING - Not found cell and umi barcode in entry 820 of the bam file
2020-08-27 20:34:26,948 - WARNING - Not found cell and umi barcode in entry 945 of the bam file
2020-08-27 20:34:26,949 - WARNING - Not found cell and umi barcode in entry 946 of the bam file
2020-08-27 20:34:26,957 - WARNING - The file /net/isi-dcnl/ifs/user_data/abild/Megatron_data/COH064/FEL041043.mRNA/FEL042_count03/FEL042_M/outs/cellsorted_possorted_genome_bam.bam already exists. The sorting step will be skipped and the existing file will be used.
2020-08-27 20:34:26,957 - INFO - Load the annotation from /net/isi-dcnl/ifs/user_data/abild/Genomes/refdata-cellranger-GRCh38-3.0.0/genes/genes.gtf
2020-08-27 20:34:34,055 - DEBUG - Parsing Chromosome 1 strand - [line 0]
2020-08-27 20:34:34,632 - DEBUG - Done with 1- [line 108728]
2020-08-27 20:34:34,632 - DEBUG - Assigning indexes to genes
2020-08-27 20:34:34,642 - DEBUG - Seen 1561 genes until now
2020-08-27 20:34:34,642 - DEBUG - Parsing Chromosome 1 strand + [line 108729]
2020-08-27 20:34:35,324 - DEBUG - Done with 1+ [line 232515]
2020-08-27 20:34:35,324 - DEBUG - Assigning indexes to genes
2020-08-27 20:34:35,334 - DEBUG - Seen 3154 genes until now
2020-08-27 20:34:35,334 - DEBUG - Parsing Chromosome 10 strand - [line 232516]
2020-08-27 20:34:35,693 - DEBUG - Done with 10- [line 279343]
2020-08-27 20:34:35,693 - DEBUG - Assigning indexes to genes
2020-08-27 20:34:35,696 - DEBUG - Seen 3737 genes until now
2020-08-27 20:34:35,696 - DEBUG - Parsing Chromosome 10 strand + [line 279344]
2020-08-27 20:34:35,874 - DEBUG - Done with 10+ [line 323872]
2020-08-27 20:34:35,874 - DEBUG - Assigning indexes to genes
2020-08-27 20:34:35,877 - DEBUG - Seen 4384 genes until now
2020-08-27 20:34:35,877 - DEBUG - Parsing Chromosome 11 strand - [line 323873]
2020-08-27 20:34:36,376 - DEBUG - Done with 11- [line 402908]
2020-08-27 20:34:36,376 - DEBUG - Assigning indexes to genes
2020-08-27 20:34:36,382 - DEBUG - Seen 5320 genes until now
2020-08-27 20:34:36,382 - DEBUG - Parsing Chromosome 11 strand + [line 402909]
2020-08-27 20:34:36,701 - DEBUG - Done with 11+ [line 482591]
2020-08-27 20:34:36,701 - DEBUG - Assigning indexes to genes
2020-08-27 20:34:36,706 - DEBUG - Seen 6305 genes until now
2020-08-27 20:34:36,707 - DEBUG - Parsing Chromosome 12 strand - [line 482592]
2020-08-27 20:34:37,226 - DEBUG - Done with 12- [line 559278]
2020-08-27 20:34:37,226 - DEBUG - Assigning indexes to genes
2020-08-27 20:34:37,231 - DEBUG - Seen 7177 genes until now
2020-08-27 20:34:37,231 - DEBUG - Parsing Chromosome 12 strand + [line 559279]
2020-08-27 20:34:37,531 - DEBUG - Done with 12+ [line 635173]
2020-08-27 20:34:37,532 - DEBUG - Assigning indexes to genes
2020-08-27 20:34:37,537 - DEBUG - Seen 8070 genes until now
2020-08-27 20:34:37,537 - DEBUG - Parsing Chromosome 13 strand - [line 635174]
2020-08-27 20:34:37,612 - DEBUG - Done with 13- [line 653523]
2020-08-27 20:34:37,612 - DEBUG - Assigning indexes to genes
2020-08-27 20:34:37,613 - DEBUG - Seen 8400 genes until now
2020-08-27 20:34:37,613 - DEBUG - Parsing Chromosome 13 strand + [line 653524]
2020-08-27 20:34:37,931 - DEBUG - Done with 13+ [line 673091]
2020-08-27 20:34:37,931 - DEBUG - Assigning indexes to genes
2020-08-27 20:34:37,933 - DEBUG - Seen 8736 genes until now
2020-08-27 20:34:37,933 - DEBUG - Parsing Chromosome 14 strand - [line 673092]
2020-08-27 20:34:38,107 - DEBUG - Done with 14- [line 716831]
2020-08-27 20:34:38,107 - DEBUG - Assigning indexes to genes
2020-08-27 20:34:38,110 - DEBUG - Seen 9452 genes until now
2020-08-27 20:34:38,110 - DEBUG - Parsing Chromosome 14 strand + [line 716832]
2020-08-27 20:34:38,300 - DEBUG - Done with 14+ [line 764942]
2020-08-27 20:34:38,300 - DEBUG - Assigning indexes to genes
2020-08-27 20:34:38,304 - DEBUG - Seen 10121 genes until now
2020-08-27 20:34:38,304 - DEBUG - Parsing Chromosome 15 strand - [line 764943]
2020-08-27 20:34:38,502 - DEBUG - Done with 15- [line 813803]
2020-08-27 20:34:38,502 - DEBUG - Assigning indexes to genes
2020-08-27 20:34:38,505 - DEBUG - Seen 10698 genes until now
2020-08-27 20:34:38,505 - DEBUG - Parsing Chromosome 15 strand + [line 813804]
2020-08-27 20:34:38,680 - DEBUG - Done with 15+ [line 857859]
2020-08-27 20:34:38,680 - DEBUG - Assigning indexes to genes
2020-08-27 20:34:38,683 - DEBUG - Seen 11256 genes until now
2020-08-27 20:34:38,683 - DEBUG - Parsing Chromosome 16 strand - [line 857860]
2020-08-27 20:34:39,166 - DEBUG - Done with 16- [line 911118]
2020-08-27 20:34:39,167 - DEBUG - Assigning indexes to genes
2020-08-27 20:34:39,171 - DEBUG - Seen 11998 genes until now
2020-08-27 20:34:39,171 - DEBUG - Parsing Chromosome 16 strand + [line 911119]
2020-08-27 20:34:39,448 - DEBUG - Done with 16+ [line 981663]
2020-08-27 20:34:39,448 - DEBUG - Assigning indexes to genes
2020-08-27 20:34:39,453 - DEBUG - Seen 12787 genes until now
2020-08-27 20:34:39,453 - DEBUG - Parsing Chromosome 17 strand - [line 981664]
2020-08-27 20:34:39,795 - DEBUG - Done with 17- [line 1066635]
2020-08-27 20:34:39,795 - DEBUG - Assigning indexes to genes
2020-08-27 20:34:39,802 - DEBUG - Seen 13775 genes until now
2020-08-27 20:34:39,802 - DEBUG - Parsing Chromosome 17 strand + [line 1066636]
2020-08-27 20:34:40,450 - DEBUG - Done with 17+ [line 1143834]
2020-08-27 20:34:40,450 - DEBUG - Assigning indexes to genes
2020-08-27 20:34:40,457 - DEBUG - Seen 14681 genes until now
2020-08-27 20:34:40,457 - DEBUG - Parsing Chromosome 18 strand - [line 1143835]
2020-08-27 20:34:40,557 - DEBUG - Done with 18- [line 1168496]
2020-08-27 20:34:40,557 - DEBUG - Assigning indexes to genes
2020-08-27 20:34:40,558 - DEBUG - Seen 15006 genes until now
2020-08-27 20:34:40,558 - DEBUG - Parsing Chromosome 18 strand + [line 1168497]
2020-08-27 20:34:40,642 - DEBUG - Done with 18+ [line 1189691]
2020-08-27 20:34:40,642 - DEBUG - Assigning indexes to genes
2020-08-27 20:34:40,644 - DEBUG - Seen 15343 genes until now
2020-08-27 20:34:40,644 - DEBUG - Parsing Chromosome 19 strand - [line 1189692]
2020-08-27 20:34:40,953 - DEBUG - Done with 19- [line 1268854]
2020-08-27 20:34:40,953 - DEBUG - Assigning indexes to genes
2020-08-27 20:34:40,959 - DEBUG - Seen 16352 genes until now
2020-08-27 20:34:40,959 - DEBUG - Parsing Chromosome 19 strand + [line 1268855]
2020-08-27 20:34:41,278 - DEBUG - Done with 19+ [line 1351833]
2020-08-27 20:34:41,278 - DEBUG - Assigning indexes to genes
2020-08-27 20:34:41,284 - DEBUG - Seen 17347 genes until now
2020-08-27 20:34:41,284 - DEBUG - Parsing Chromosome 2 strand - [line 1351834]
2020-08-27 20:34:41,681 - DEBUG - Done with 2- [line 1448710]
2020-08-27 20:34:41,682 - DEBUG - Assigning indexes to genes
2020-08-27 20:34:41,688 - DEBUG - Seen 18472 genes until now
2020-08-27 20:34:41,688 - DEBUG - Parsing Chromosome 2 strand + [line 1448711]
2020-08-27 20:34:42,420 - DEBUG - Done with 2+ [line 1542602]
2020-08-27 20:34:42,420 - DEBUG - Assigning indexes to genes
2020-08-27 20:34:42,427 - DEBUG - Seen 19632 genes until now
2020-08-27 20:34:42,427 - DEBUG - Parsing Chromosome 20 strand - [line 1542603]
2020-08-27 20:34:42,533 - DEBUG - Done with 20- [line 1569195]
2020-08-27 20:34:42,533 - DEBUG - Assigning indexes to genes
2020-08-27 20:34:42,535 - DEBUG - Seen 20079 genes until now
2020-08-27 20:34:42,535 - DEBUG - Parsing Chromosome 20 strand + [line 1569196]
2020-08-27 20:34:42,658 - DEBUG - Done with 20+ [line 1600541]
2020-08-27 20:34:42,658 - DEBUG - Assigning indexes to genes
2020-08-27 20:34:42,660 - DEBUG - Seen 20527 genes until now
2020-08-27 20:34:42,660 - DEBUG - Parsing Chromosome 21 strand - [line 1600542]
2020-08-27 20:34:42,716 - DEBUG - Done with 21- [line 1614106]
2020-08-27 20:34:42,716 - DEBUG - Assigning indexes to genes
2020-08-27 20:34:42,717 - DEBUG - Seen 20795 genes until now
2020-08-27 20:34:42,717 - DEBUG - Parsing Chromosome 21 strand + [line 1614107]
2020-08-27 20:34:42,777 - DEBUG - Done with 21+ [line 1628392]
2020-08-27 20:34:42,777 - DEBUG - Assigning indexes to genes
2020-08-27 20:34:42,778 - DEBUG - Seen 21029 genes until now
2020-08-27 20:34:42,778 - DEBUG - Parsing Chromosome 22 strand - [line 1628393]
2020-08-27 20:34:42,881 - DEBUG - Done with 22- [line 1653805]
2020-08-27 20:34:42,881 - DEBUG - Assigning indexes to genes
2020-08-27 20:34:42,883 - DEBUG - Seen 21391 genes until now
2020-08-27 20:34:42,883 - DEBUG - Parsing Chromosome 22 strand + [line 1653806]
2020-08-27 20:34:43,004 - DEBUG - Done with 22+ [line 1684245]
2020-08-27 20:34:43,004 - DEBUG - Assigning indexes to genes
2020-08-27 20:34:43,008 - DEBUG - Seen 21866 genes until now
2020-08-27 20:34:43,008 - DEBUG - Parsing Chromosome 3 strand - [line 1684246]
2020-08-27 20:34:43,328 - DEBUG - Done with 3- [line 1763939]
2020-08-27 20:34:43,328 - DEBUG - Assigning indexes to genes
2020-08-27 20:34:43,333 - DEBUG - Seen 22713 genes until now
2020-08-27 20:34:43,333 - DEBUG - Parsing Chromosome 3 strand + [line 1763940]
2020-08-27 20:34:43,655 - DEBUG - Done with 3+ [line 1844840]
2020-08-27 20:34:43,655 - DEBUG - Assigning indexes to genes
2020-08-27 20:34:43,660 - DEBUG - Seen 23585 genes until now
2020-08-27 20:34:43,661 - DEBUG - Parsing Chromosome 4 strand - [line 1844841]
2020-08-27 20:34:44,288 - DEBUG - Done with 4- [line 1898665]
2020-08-27 20:34:44,288 - DEBUG - Assigning indexes to genes
2020-08-27 20:34:44,292 - DEBUG - Seen 24246 genes until now
2020-08-27 20:34:44,292 - DEBUG - Parsing Chromosome 4 strand + [line 1898666]
2020-08-27 20:34:44,486 - DEBUG - Done with 4+ [line 1947617]
2020-08-27 20:34:44,486 - DEBUG - Assigning indexes to genes
2020-08-27 20:34:44,489 - DEBUG - Seen 24938 genes until now
2020-08-27 20:34:44,489 - DEBUG - Parsing Chromosome 5 strand - [line 1947618]
2020-08-27 20:34:44,704 - DEBUG - Done with 5- [line 2001140]
2020-08-27 20:34:44,704 - DEBUG - Assigning indexes to genes
2020-08-27 20:34:44,708 - DEBUG - Seen 25741 genes until now
2020-08-27 20:34:44,708 - DEBUG - Parsing Chromosome 5 strand + [line 2001141]
2020-08-27 20:34:44,953 - DEBUG - Done with 5+ [line 2062165]
2020-08-27 20:34:44,953 - DEBUG - Assigning indexes to genes
2020-08-27 20:34:44,958 - DEBUG - Seen 26599 genes until now
2020-08-27 20:34:44,958 - DEBUG - Parsing Chromosome 6 strand - [line 2062166]
2020-08-27 20:34:45,195 - DEBUG - Done with 6- [line 2121425]
2020-08-27 20:34:45,195 - DEBUG - Assigning indexes to genes
2020-08-27 20:34:45,199 - DEBUG - Seen 27435 genes until now
2020-08-27 20:34:45,199 - DEBUG - Parsing Chromosome 6 strand + [line 2121426]
2020-08-27 20:34:45,412 - DEBUG - Done with 6+ [line 2176078]
2020-08-27 20:34:45,412 - DEBUG - Assigning indexes to genes
2020-08-27 20:34:45,416 - DEBUG - Seen 28231 genes until now
2020-08-27 20:34:45,416 - DEBUG - Parsing Chromosome 7 strand - [line 2176079]
2020-08-27 20:34:45,646 - DEBUG - Done with 7- [line 2233605]
2020-08-27 20:34:45,646 - DEBUG - Assigning indexes to genes
2020-08-27 20:34:45,650 - DEBUG - Seen 28953 genes until now
2020-08-27 20:34:45,650 - DEBUG - Parsing Chromosome 7 strand + [line 2233606]
2020-08-27 20:34:45,895 - DEBUG - Done with 7+ [line 2295513]
2020-08-27 20:34:45,895 - DEBUG - Assigning indexes to genes
2020-08-27 20:34:45,899 - DEBUG - Seen 29770 genes until now
2020-08-27 20:34:45,899 - DEBUG - Parsing Chromosome 8 strand - [line 2295514]
2020-08-27 20:34:46,092 - DEBUG - Done with 8- [line 2343289]
2020-08-27 20:34:46,092 - DEBUG - Assigning indexes to genes
2020-08-27 20:34:46,096 - DEBUG - Seen 30442 genes until now
2020-08-27 20:34:46,096 - DEBUG - Parsing Chromosome 8 strand + [line 2343290]
2020-08-27 20:34:46,269 - DEBUG - Done with 8+ [line 2386793]
2020-08-27 20:34:46,269 - DEBUG - Assigning indexes to genes
2020-08-27 20:34:46,272 - DEBUG - Seen 31090 genes until now
2020-08-27 20:34:46,273 - DEBUG - Parsing Chromosome 9 strand - [line 2386794]
2020-08-27 20:34:46,964 - DEBUG - Done with 9- [line 2430389]
2020-08-27 20:34:46,964 - DEBUG - Assigning indexes to genes
2020-08-27 20:34:46,967 - DEBUG - Seen 31710 genes until now
2020-08-27 20:34:46,967 - DEBUG - Parsing Chromosome 9 strand + [line 2430390]
2020-08-27 20:34:47,154 - DEBUG - Done with 9+ [line 2477312]
2020-08-27 20:34:47,154 - DEBUG - Assigning indexes to genes
2020-08-27 20:34:47,157 - DEBUG - Seen 32318 genes until now
2020-08-27 20:34:47,157 - DEBUG - Parsing Chromosome GL000009.2 strand - [line 2477313]
2020-08-27 20:34:47,157 - DEBUG - Done with GL000009.2- [line 2477320]
2020-08-27 20:34:47,157 - DEBUG - Assigning indexes to genes
2020-08-27 20:34:47,157 - DEBUG - Seen 32319 genes until now
2020-08-27 20:34:47,157 - DEBUG - Parsing Chromosome GL000194.1 strand - [line 2477321]
2020-08-27 20:34:47,157 - DEBUG - Done with GL000194.1- [line 2477346]
2020-08-27 20:34:47,157 - DEBUG - Assigning indexes to genes
2020-08-27 20:34:47,157 - DEBUG - Seen 32321 genes until now
2020-08-27 20:34:47,158 - DEBUG - Parsing Chromosome GL000195.1 strand - [line 2477347]
2020-08-27 20:34:47,158 - DEBUG - Done with GL000195.1- [line 2477356]
2020-08-27 20:34:47,158 - DEBUG - Assigning indexes to genes
2020-08-27 20:34:47,158 - DEBUG - Seen 32322 genes until now
2020-08-27 20:34:47,158 - DEBUG - Parsing Chromosome GL000195.1 strand + [line 2477357]
2020-08-27 20:34:47,158 - DEBUG - Done with GL000195.1+ [line 2477370]
2020-08-27 20:34:47,158 - DEBUG - Assigning indexes to genes
2020-08-27 20:34:47,158 - DEBUG - Seen 32323 genes until now
2020-08-27 20:34:47,158 - DEBUG - Parsing Chromosome GL000205.2 strand - [line 2477371]
2020-08-27 20:34:47,158 - DEBUG - Done with GL000205.2- [line 2477384]
2020-08-27 20:34:47,158 - DEBUG - Assigning indexes to genes
2020-08-27 20:34:47,158 - DEBUG - Seen 32324 genes until now
2020-08-27 20:34:47,158 - DEBUG - Parsing Chromosome GL000213.1 strand - [line 2477385]
2020-08-27 20:34:47,158 - DEBUG - Done with GL000213.1- [line 2477433]
2020-08-27 20:34:47,158 - DEBUG - Assigning indexes to genes
2020-08-27 20:34:47,158 - DEBUG - Seen 32325 genes until now
2020-08-27 20:34:47,158 - DEBUG - Parsing Chromosome GL000218.1 strand - [line 2477434]
2020-08-27 20:34:47,158 - DEBUG - Done with GL000218.1- [line 2477441]
2020-08-27 20:34:47,159 - DEBUG - Assigning indexes to genes
2020-08-27 20:34:47,159 - DEBUG - Seen 32326 genes until now
2020-08-27 20:34:47,159 - DEBUG - Parsing Chromosome GL000219.1 strand - [line 2477442]
2020-08-27 20:34:47,159 - DEBUG - Done with GL000219.1- [line 2477453]
2020-08-27 20:34:47,159 - DEBUG - Assigning indexes to genes
2020-08-27 20:34:47,159 - DEBUG - Seen 32327 genes until now
2020-08-27 20:34:47,159 - DEBUG - Parsing Chromosome KI270711.1 strand - [line 2477454]
2020-08-27 20:34:47,159 - DEBUG - Done with KI270711.1- [line 2477604]
2020-08-27 20:34:47,159 - DEBUG - Assigning indexes to genes
2020-08-27 20:34:47,160 - DEBUG - Seen 32328 genes until now
2020-08-27 20:34:47,160 - DEBUG - Parsing Chromosome KI270713.1 strand - [line 2477605]
2020-08-27 20:34:47,160 - DEBUG - Done with KI270713.1- [line 2477612]
2020-08-27 20:34:47,160 - DEBUG - Assigning indexes to genes
2020-08-27 20:34:47,160 - DEBUG - Seen 32329 genes until now
2020-08-27 20:34:47,160 - DEBUG - Parsing Chromosome KI270713.1 strand + [line 2477613]
2020-08-27 20:34:47,160 - DEBUG - Done with KI270713.1+ [line 2477618]
2020-08-27 20:34:47,160 - DEBUG - Assigning indexes to genes
2020-08-27 20:34:47,160 - DEBUG - Seen 32330 genes until now
2020-08-27 20:34:47,160 - DEBUG - Parsing Chromosome KI270721.1 strand + [line 2477619]
2020-08-27 20:34:47,160 - DEBUG - Done with KI270721.1+ [line 2477634]
2020-08-27 20:34:47,160 - DEBUG - Assigning indexes to genes
2020-08-27 20:34:47,160 - DEBUG - Seen 32331 genes until now
2020-08-27 20:34:47,160 - DEBUG - Parsing Chromosome KI270726.1 strand + [line 2477635]
2020-08-27 20:34:47,160 - DEBUG - Done with KI270726.1+ [line 2477645]
2020-08-27 20:34:47,160 - DEBUG - Assigning indexes to genes
2020-08-27 20:34:47,160 - DEBUG - Seen 32333 genes until now
2020-08-27 20:34:47,160 - DEBUG - Parsing Chromosome KI270727.1 strand - [line 2477646]
2020-08-27 20:34:47,161 - DEBUG - Done with KI270727.1- [line 2477704]
2020-08-27 20:34:47,161 - DEBUG - Assigning indexes to genes
2020-08-27 20:34:47,161 - DEBUG - Seen 32335 genes until now
2020-08-27 20:34:47,161 - DEBUG - Parsing Chromosome KI270727.1 strand + [line 2477705]
2020-08-27 20:34:47,161 - DEBUG - Done with KI270727.1+ [line 2477719]
2020-08-27 20:34:47,161 - DEBUG - Assigning indexes to genes
2020-08-27 20:34:47,161 - DEBUG - Seen 32337 genes until now
2020-08-27 20:34:47,161 - DEBUG - Parsing Chromosome KI270728.1 strand - [line 2477720]
2020-08-27 20:34:47,161 - DEBUG - Done with KI270728.1- [line 2477796]
2020-08-27 20:34:47,161 - DEBUG - Assigning indexes to genes
2020-08-27 20:34:47,161 - DEBUG - Seen 32339 genes until now
2020-08-27 20:34:47,161 - DEBUG - Parsing Chromosome KI270728.1 strand + [line 2477797]
2020-08-27 20:34:47,161 - DEBUG - Done with KI270728.1+ [line 2477833]
2020-08-27 20:34:47,161 - DEBUG - Assigning indexes to genes
2020-08-27 20:34:47,162 - DEBUG - Seen 32343 genes until now
2020-08-27 20:34:47,162 - DEBUG - Parsing Chromosome KI270731.1 strand - [line 2477834]
2020-08-27 20:34:47,162 - DEBUG - Done with KI270731.1- [line 2477840]
2020-08-27 20:34:47,162 - DEBUG - Assigning indexes to genes
2020-08-27 20:34:47,162 - DEBUG - Seen 32344 genes until now
2020-08-27 20:34:47,162 - DEBUG - Parsing Chromosome KI270734.1 strand - [line 2477841]
2020-08-27 20:34:47,162 - DEBUG - Done with KI270734.1- [line 2477909]
2020-08-27 20:34:47,162 - DEBUG - Assigning indexes to genes
2020-08-27 20:34:47,162 - DEBUG - Seen 32345 genes until now
2020-08-27 20:34:47,162 - DEBUG - Parsing Chromosome KI270734.1 strand + [line 2477910]
2020-08-27 20:34:47,162 - DEBUG - Done with KI270734.1+ [line 2477932]
2020-08-27 20:34:47,162 - DEBUG - Assigning indexes to genes
2020-08-27 20:34:47,162 - DEBUG - Seen 32347 genes until now
2020-08-27 20:34:47,162 - DEBUG - Parsing Chromosome MT strand - [line 2477933]
2020-08-27 20:34:47,162 - DEBUG - Done with MT- [line 2477938]
2020-08-27 20:34:47,162 - DEBUG - Assigning indexes to genes
2020-08-27 20:34:47,162 - DEBUG - Seen 32348 genes until now
2020-08-27 20:34:47,163 - DEBUG - Parsing Chromosome MT strand + [line 2477939]
2020-08-27 20:34:47,163 - DEBUG - Done with MT+ [line 2478004]
2020-08-27 20:34:47,163 - DEBUG - Assigning indexes to genes
2020-08-27 20:34:47,163 - DEBUG - Seen 32360 genes until now
2020-08-27 20:34:47,163 - DEBUG - Parsing Chromosome X strand - [line 2478005]
2020-08-27 20:34:47,322 - DEBUG - Done with X- [line 2518937]
2020-08-27 20:34:47,322 - DEBUG - Assigning indexes to genes
2020-08-27 20:34:47,324 - DEBUG - Seen 32876 genes until now
2020-08-27 20:34:47,324 - DEBUG - Parsing Chromosome X strand + [line 2518938]
2020-08-27 20:34:47,484 - DEBUG - Done with X+ [line 2560301]
2020-08-27 20:34:47,484 - DEBUG - Assigning indexes to genes
2020-08-27 20:34:47,487 - DEBUG - Seen 33438 genes until now
2020-08-27 20:34:47,487 - DEBUG - Parsing Chromosome Y strand - [line 2560302]
2020-08-27 20:34:47,495 - DEBUG - Done with Y- [line 2562446]
2020-08-27 20:34:47,495 - DEBUG - Assigning indexes to genes
2020-08-27 20:34:47,496 - DEBUG - Seen 33485 genes until now
2020-08-27 20:34:47,496 - DEBUG - Parsing Chromosome Y strand + [line 2562447]
2020-08-27 20:34:47,506 - DEBUG - Assigning indexes to genes
2020-08-27 20:34:47,506 - DEBUG - Done with Y+ [line 2565059]
2020-08-27 20:34:47,506 - DEBUG - Fixing corner cases of transcript models containg intron longer than 1000Kbp
2020-08-27 20:34:48,996 - DEBUG - Generated 2165800 features corresponding to 172912 transcript models from /net/isi-dcnl/ifs/user_data/abild/Genomes/refdata-cellranger-GRCh38-3.0.0/genes/genes.gtf
2020-08-27 20:34:49,020 - INFO - Scan /net/isi-dcnl/ifs/user_data/abild/Megatron_data/COH064/FEL041043.mRNA/FEL042_count03/FEL042_M/outs/possorted_genome_bam.bam to validate intron intervals
2020-08-27 20:34:52,497 - DEBUG - Reading /net/isi-dcnl/ifs/user_data/abild/Megatron_data/COH064/FEL041043.mRNA/FEL042_count03/FEL042_M/outs/possorted_genome_bam.bam
2020-08-27 20:34:52,513 - DEBUG - Read first 0 million reads
2020-08-27 20:34:52,513 - DEBUG - Marking up chromosome 1
2020-08-27 20:36:39,688 - DEBUG - Read first 10 million reads
2020-08-27 20:38:10,839 - DEBUG - Marking up chromosome 10
2020-08-27 20:38:13,559 - DEBUG - Read first 20 million reads
2020-08-27 20:40:00,319 - DEBUG - Marking up chromosome 11
2020-08-27 20:40:01,722 - DEBUG - Read first 30 million reads
2020-08-27 20:42:20,277 - DEBUG - Read first 40 million reads
2020-08-27 20:44:14,751 - DEBUG - Marking up chromosome 12
2020-08-27 20:44:34,247 - DEBUG - Read first 50 million reads
2020-08-27 20:46:17,099 - DEBUG - Marking up chromosome 13
2020-08-27 20:46:27,437 - DEBUG - Read first 60 million reads
2020-08-27 20:47:04,565 - DEBUG - Marking up chromosome 14
2020-08-27 20:48:24,425 - DEBUG - Marking up chromosome 15
2020-08-27 20:48:24,589 - DEBUG - Read first 70 million reads
2020-08-27 20:49:49,574 - DEBUG - Marking up chromosome 16
2020-08-27 20:50:13,150 - DEBUG - Read first 80 million reads
2020-08-27 20:51:08,690 - DEBUG - Marking up chromosome 17
2020-08-27 20:52:07,081 - DEBUG - Read first 90 million reads
2020-08-27 20:53:02,821 - DEBUG - Marking up chromosome 18
2020-08-27 20:53:47,504 - DEBUG - Marking up chromosome 19
2020-08-27 20:54:07,958 - DEBUG - Read first 100 million reads
2020-08-27 20:55:06,049 - DEBUG - Marking up chromosome 2
2020-08-27 20:56:06,309 - DEBUG - Read first 110 million reads
2020-08-27 20:57:58,265 - DEBUG - Read first 120 million reads
2020-08-27 20:58:18,547 - DEBUG - Marking up chromosome 20
2020-08-27 20:59:04,683 - DEBUG - Marking up chromosome 21
2020-08-27 20:59:12,654 - DEBUG - Read first 130 million reads
2020-08-27 20:59:31,839 - DEBUG - Read first 140 million reads
2020-08-27 20:59:50,751 - DEBUG - Read first 150 million reads
2020-08-27 21:00:32,808 - DEBUG - Marking up chromosome 22
2020-08-27 21:00:59,412 - DEBUG - Read first 160 million reads
2020-08-27 21:01:14,814 - DEBUG - Marking up chromosome 3
2020-08-27 21:02:59,527 - DEBUG - Read first 170 million reads
2020-08-27 21:04:06,095 - DEBUG - Marking up chromosome 4
2020-08-27 21:05:08,029 - DEBUG - Read first 180 million reads
2020-08-27 21:05:51,748 - DEBUG - Marking up chromosome 5
2020-08-27 21:06:50,561 - DEBUG - Read first 190 million reads
2020-08-27 21:07:55,180 - DEBUG - Marking up chromosome 6
2020-08-27 21:08:40,884 - DEBUG - Read first 200 million reads
2020-08-27 21:09:48,699 - DEBUG - Marking up chromosome 7
2020-08-27 21:10:30,150 - DEBUG - Read first 210 million reads
2020-08-27 21:11:54,715 - DEBUG - Marking up chromosome 8
2020-08-27 21:12:18,468 - DEBUG - Read first 220 million reads
2020-08-27 21:13:35,545 - DEBUG - Marking up chromosome 9
2020-08-27 21:14:08,198 - DEBUG - Read first 230 million reads
2020-08-27 21:14:55,806 - DEBUG - Marking up chromosome MT
2020-08-27 21:14:59,991 - DEBUG - Marking up chromosome X
2020-08-27 21:15:53,320 - DEBUG - Read first 240 million reads
2020-08-27 21:16:01,228 - DEBUG - Marking up chromosome Y
2020-08-27 21:16:01,342 - DEBUG - Marking up chromosome KI270728.1
2020-08-27 21:16:01,351 - DEBUG - Marking up chromosome KI270727.1
2020-08-27 21:16:01,362 - DEBUG - Marking up chromosome KI270442.1
2020-08-27 21:16:01,362 - WARNING - The .bam file refers to a chromosome 'KI270442.1+' not present in the annotation (.gtf) file
2020-08-27 21:16:01,362 - WARNING - The .bam file refers to a chromosome 'KI270442.1-' not present in the annotation (.gtf) file
2020-08-27 21:16:01,368 - DEBUG - Marking up chromosome KI270729.1
2020-08-27 21:16:01,368 - WARNING - The .bam file refers to a chromosome 'KI270729.1+' not present in the annotation (.gtf) file
2020-08-27 21:16:01,368 - WARNING - The .bam file refers to a chromosome 'KI270729.1-' not present in the annotation (.gtf) file
2020-08-27 21:16:01,369 - DEBUG - Marking up chromosome GL000225.1
2020-08-27 21:16:01,369 - WARNING - The .bam file refers to a chromosome 'GL000225.1+' not present in the annotation (.gtf) file
2020-08-27 21:16:01,369 - WARNING - The .bam file refers to a chromosome 'GL000225.1-' not present in the annotation (.gtf) file
2020-08-27 21:16:01,370 - DEBUG - Marking up chromosome KI270743.1
2020-08-27 21:16:01,370 - WARNING - The .bam file refers to a chromosome 'KI270743.1+' not present in the annotation (.gtf) file
2020-08-27 21:16:01,370 - WARNING - The .bam file refers to a chromosome 'KI270743.1-' not present in the annotation (.gtf) file
2020-08-27 21:16:01,392 - DEBUG - Marking up chromosome GL000008.2
2020-08-27 21:16:01,392 - WARNING - The .bam file refers to a chromosome 'GL000008.2+' not present in the annotation (.gtf) file
2020-08-27 21:16:01,392 - WARNING - The .bam file refers to a chromosome 'GL000008.2-' not present in the annotation (.gtf) file
2020-08-27 21:16:01,466 - DEBUG - Marking up chromosome GL000009.2
2020-08-27 21:16:01,466 - WARNING - The .bam file refers to a chromosome 'GL000009.2+' not present in the annotation (.gtf) file
2020-08-27 21:16:01,498 - DEBUG - Marking up chromosome KI270747.1
2020-08-27 21:16:01,498 - WARNING - The .bam file refers to a chromosome 'KI270747.1+' not present in the annotation (.gtf) file
2020-08-27 21:16:01,498 - WARNING - The .bam file refers to a chromosome 'KI270747.1-' not present in the annotation (.gtf) file
2020-08-27 21:16:01,500 - DEBUG - Marking up chromosome KI270722.1
2020-08-27 21:16:01,500 - WARNING - The .bam file refers to a chromosome 'KI270722.1+' not present in the annotation (.gtf) file
2020-08-27 21:16:01,500 - WARNING - The .bam file refers to a chromosome 'KI270722.1-' not present in the annotation (.gtf) file
2020-08-27 21:16:01,501 - DEBUG - Marking up chromosome GL000194.1
2020-08-27 21:16:01,501 - WARNING - The .bam file refers to a chromosome 'GL000194.1+' not present in the annotation (.gtf) file
2020-08-27 21:16:01,719 - DEBUG - Marking up chromosome KI270742.1
2020-08-27 21:16:01,719 - WARNING - The .bam file refers to a chromosome 'KI270742.1+' not present in the annotation (.gtf) file
2020-08-27 21:16:01,719 - WARNING - The .bam file refers to a chromosome 'KI270742.1-' not present in the annotation (.gtf) file
2020-08-27 21:16:01,801 - DEBUG - Marking up chromosome GL000205.2
2020-08-27 21:16:01,802 - WARNING - The .bam file refers to a chromosome 'GL000205.2+' not present in the annotation (.gtf) file
2020-08-27 21:16:01,888 - DEBUG - Marking up chromosome GL000195.1
2020-08-27 21:16:02,063 - DEBUG - Marking up chromosome KI270733.1
2020-08-27 21:16:02,063 - WARNING - The .bam file refers to a chromosome 'KI270733.1+' not present in the annotation (.gtf) file
2020-08-27 21:16:02,063 - WARNING - The .bam file refers to a chromosome 'KI270733.1-' not present in the annotation (.gtf) file
2020-08-27 21:16:19,502 - DEBUG - Read first 250 million reads
2020-08-27 21:16:30,170 - DEBUG - Marking up chromosome GL000224.1
2020-08-27 21:16:30,171 - WARNING - The .bam file refers to a chromosome 'GL000224.1+' not present in the annotation (.gtf) file
2020-08-27 21:16:30,171 - WARNING - The .bam file refers to a chromosome 'GL000224.1-' not present in the annotation (.gtf) file
2020-08-27 21:16:30,194 - DEBUG - Marking up chromosome GL000219.1
2020-08-27 21:16:30,194 - WARNING - The .bam file refers to a chromosome 'GL000219.1+' not present in the annotation (.gtf) file
2020-08-27 21:16:30,461 - DEBUG - Marking up chromosome KI270719.1
2020-08-27 21:16:30,461 - WARNING - The .bam file refers to a chromosome 'KI270719.1+' not present in the annotation (.gtf) file
2020-08-27 21:16:30,461 - WARNING - The .bam file refers to a chromosome 'KI270719.1-' not present in the annotation (.gtf) file
2020-08-27 21:16:30,479 - DEBUG - Marking up chromosome GL000216.2
2020-08-27 21:16:30,479 - WARNING - The .bam file refers to a chromosome 'GL000216.2+' not present in the annotation (.gtf) file
2020-08-27 21:16:30,479 - WARNING - The .bam file refers to a chromosome 'GL000216.2-' not present in the annotation (.gtf) file
2020-08-27 21:16:30,479 - DEBUG - Marking up chromosome KI270712.1
2020-08-27 21:16:30,480 - WARNING - The .bam file refers to a chromosome 'KI270712.1+' not present in the annotation (.gtf) file
2020-08-27 21:16:30,480 - WARNING - The .bam file refers to a chromosome 'KI270712.1-' not present in the annotation (.gtf) file
2020-08-27 21:16:30,497 - DEBUG - Marking up chromosome KI270706.1
2020-08-27 21:16:30,497 - WARNING - The .bam file refers to a chromosome 'KI270706.1+' not present in the annotation (.gtf) file
2020-08-27 21:16:30,497 - WARNING - The .bam file refers to a chromosome 'KI270706.1-' not present in the annotation (.gtf) file
2020-08-27 21:16:30,560 - DEBUG - Marking up chromosome KI270725.1
2020-08-27 21:16:30,560 - WARNING - The .bam file refers to a chromosome 'KI270725.1+' not present in the annotation (.gtf) file
2020-08-27 21:16:30,560 - WARNING - The .bam file refers to a chromosome 'KI270725.1-' not present in the annotation (.gtf) file
2020-08-27 21:16:30,563 - DEBUG - Marking up chromosome KI270744.1
2020-08-27 21:16:30,563 - WARNING - The .bam file refers to a chromosome 'KI270744.1+' not present in the annotation (.gtf) file
2020-08-27 21:16:30,563 - WARNING - The .bam file refers to a chromosome 'KI270744.1-' not present in the annotation (.gtf) file
2020-08-27 21:16:30,591 - DEBUG - Marking up chromosome KI270734.1
2020-08-27 21:16:30,599 - DEBUG - Marking up chromosome GL000213.1
2020-08-27 21:16:30,599 - WARNING - The .bam file refers to a chromosome 'GL000213.1+' not present in the annotation (.gtf) file
2020-08-27 21:16:30,602 - DEBUG - Marking up chromosome GL000220.1
2020-08-27 21:16:30,602 - WARNING - The .bam file refers to a chromosome 'GL000220.1+' not present in the annotation (.gtf) file
2020-08-27 21:16:30,602 - WARNING - The .bam file refers to a chromosome 'GL000220.1-' not present in the annotation (.gtf) file
2020-08-27 21:16:38,784 - DEBUG - Read first 260 million reads
2020-08-27 21:16:57,831 - DEBUG - Read first 270 million reads
2020-08-27 21:16:58,894 - DEBUG - Marking up chromosome KI270715.1
2020-08-27 21:16:58,894 - WARNING - The .bam file refers to a chromosome 'KI270715.1+' not present in the annotation (.gtf) file
2020-08-27 21:16:58,894 - WARNING - The .bam file refers to a chromosome 'KI270715.1-' not present in the annotation (.gtf) file
2020-08-27 21:16:58,895 - DEBUG - Marking up chromosome GL000218.1
2020-08-27 21:16:58,895 - WARNING - The .bam file refers to a chromosome 'GL000218.1+' not present in the annotation (.gtf) file
2020-08-27 21:16:59,056 - DEBUG - Marking up chromosome KI270749.1
2020-08-27 21:16:59,057 - WARNING - The .bam file refers to a chromosome 'KI270749.1+' not present in the annotation (.gtf) file
2020-08-27 21:16:59,057 - WARNING - The .bam file refers to a chromosome 'KI270749.1-' not present in the annotation (.gtf) file
2020-08-27 21:16:59,062 - DEBUG - Marking up chromosome KI270741.1
2020-08-27 21:16:59,062 - WARNING - The .bam file refers to a chromosome 'KI270741.1+' not present in the annotation (.gtf) file
2020-08-27 21:16:59,062 - WARNING - The .bam file refers to a chromosome 'KI270741.1-' not present in the annotation (.gtf) file
2020-08-27 21:16:59,067 - DEBUG - Marking up chromosome GL000221.1
2020-08-27 21:16:59,067 - WARNING - The .bam file refers to a chromosome 'GL000221.1+' not present in the annotation (.gtf) file
2020-08-27 21:16:59,067 - WARNING - The .bam file refers to a chromosome 'GL000221.1-' not present in the annotation (.gtf) file
2020-08-27 21:16:59,144 - DEBUG - Marking up chromosome KI270731.1
2020-08-27 21:16:59,144 - WARNING - The .bam file refers to a chromosome 'KI270731.1+' not present in the annotation (.gtf) file
2020-08-27 21:16:59,156 - DEBUG - Marking up chromosome KI270751.1
2020-08-27 21:16:59,156 - WARNING - The .bam file refers to a chromosome 'KI270751.1+' not present in the annotation (.gtf) file
2020-08-27 21:16:59,156 - WARNING - The .bam file refers to a chromosome 'KI270751.1-' not present in the annotation (.gtf) file
2020-08-27 21:16:59,156 - DEBUG - Marking up chromosome KI270750.1
2020-08-27 21:16:59,156 - WARNING - The .bam file refers to a chromosome 'KI270750.1+' not present in the annotation (.gtf) file
2020-08-27 21:16:59,156 - WARNING - The .bam file refers to a chromosome 'KI270750.1-' not present in the annotation (.gtf) file
2020-08-27 21:16:59,161 - DEBUG - Marking up chromosome GL000214.1
2020-08-27 21:16:59,161 - WARNING - The .bam file refers to a chromosome 'GL000214.1+' not present in the annotation (.gtf) file
2020-08-27 21:16:59,161 - WARNING - The .bam file refers to a chromosome 'GL000214.1-' not present in the annotation (.gtf) file
2020-08-27 21:16:59,173 - DEBUG - Marking up chromosome KI270708.1
2020-08-27 21:16:59,173 - WARNING - The .bam file refers to a chromosome 'KI270708.1+' not present in the annotation (.gtf) file
2020-08-27 21:16:59,173 - WARNING - The .bam file refers to a chromosome 'KI270708.1-' not present in the annotation (.gtf) file
2020-08-27 21:16:59,174 - DEBUG - Marking up chromosome KI270737.1
2020-08-27 21:16:59,175 - WARNING - The .bam file refers to a chromosome 'KI270737.1+' not present in the annotation (.gtf) file
2020-08-27 21:16:59,175 - WARNING - The .bam file refers to a chromosome 'KI270737.1-' not present in the annotation (.gtf) file
2020-08-27 21:16:59,175 - DEBUG - Marking up chromosome KI270721.1
2020-08-27 21:16:59,175 - WARNING - The .bam file refers to a chromosome 'KI270721.1-' not present in the annotation (.gtf) file
2020-08-27 21:16:59,189 - DEBUG - Marking up chromosome KI270738.1
2020-08-27 21:16:59,189 - WARNING - The .bam file refers to a chromosome 'KI270738.1+' not present in the annotation (.gtf) file
2020-08-27 21:16:59,189 - WARNING - The .bam file refers to a chromosome 'KI270738.1-' not present in the annotation (.gtf) file
2020-08-27 21:16:59,196 - DEBUG - Marking up chromosome KI270748.1
2020-08-27 21:16:59,196 - WARNING - The .bam file refers to a chromosome 'KI270748.1+' not present in the annotation (.gtf) file
2020-08-27 21:16:59,196 - WARNING - The .bam file refers to a chromosome 'KI270748.1-' not present in the annotation (.gtf) file
2020-08-27 21:16:59,199 - DEBUG - Marking up chromosome KI270435.1
2020-08-27 21:16:59,199 - WARNING - The .bam file refers to a chromosome 'KI270435.1+' not present in the annotation (.gtf) file
2020-08-27 21:16:59,199 - WARNING - The .bam file refers to a chromosome 'KI270435.1-' not present in the annotation (.gtf) file
2020-08-27 21:16:59,199 - DEBUG - Marking up chromosome GL000208.1
2020-08-27 21:16:59,199 - WARNING - The .bam file refers to a chromosome 'GL000208.1+' not present in the annotation (.gtf) file
2020-08-27 21:16:59,199 - WARNING - The .bam file refers to a chromosome 'GL000208.1-' not present in the annotation (.gtf) file
2020-08-27 21:16:59,200 - DEBUG - Marking up chromosome KI270757.1
2020-08-27 21:16:59,200 - WARNING - The .bam file refers to a chromosome 'KI270757.1+' not present in the annotation (.gtf) file
2020-08-27 21:16:59,200 - WARNING - The .bam file refers to a chromosome 'KI270757.1-' not present in the annotation (.gtf) file
2020-08-27 21:16:59,200 - DEBUG - Marking up chromosome KI270709.1
2020-08-27 21:16:59,200 - WARNING - The .bam file refers to a chromosome 'KI270709.1+' not present in the annotation (.gtf) file
2020-08-27 21:16:59,200 - WARNING - The .bam file refers to a chromosome 'KI270709.1-' not present in the annotation (.gtf) file
2020-08-27 21:16:59,201 - DEBUG - Marking up chromosome KI270753.1
2020-08-27 21:16:59,201 - WARNING - The .bam file refers to a chromosome 'KI270753.1+' not present in the annotation (.gtf) file
2020-08-27 21:16:59,201 - WARNING - The .bam file refers to a chromosome 'KI270753.1-' not present in the annotation (.gtf) file
2020-08-27 21:16:59,201 - DEBUG - Marking up chromosome KI270589.1
2020-08-27 21:16:59,201 - WARNING - The .bam file refers to a chromosome 'KI270589.1+' not present in the annotation (.gtf) file
2020-08-27 21:16:59,201 - WARNING - The .bam file refers to a chromosome 'KI270589.1-' not present in the annotation (.gtf) file
2020-08-27 21:16:59,201 - DEBUG - Marking up chromosome KI270726.1
2020-08-27 21:16:59,201 - WARNING - The .bam file refers to a chromosome 'KI270726.1-' not present in the annotation (.gtf) file
2020-08-27 21:16:59,202 - DEBUG - Marking up chromosome KI270735.1
2020-08-27 21:16:59,202 - WARNING - The .bam file refers to a chromosome 'KI270735.1+' not present in the annotation (.gtf) file
2020-08-27 21:16:59,202 - WARNING - The .bam file refers to a chromosome 'KI270735.1-' not present in the annotation (.gtf) file
2020-08-27 21:16:59,205 - DEBUG - Marking up chromosome KI270711.1
2020-08-27 21:16:59,205 - WARNING - The .bam file refers to a chromosome 'KI270711.1+' not present in the annotation (.gtf) file
2020-08-27 21:16:59,305 - DEBUG - Marking up chromosome KI270745.1
2020-08-27 21:16:59,305 - WARNING - The .bam file refers to a chromosome 'KI270745.1+' not present in the annotation (.gtf) file
2020-08-27 21:16:59,305 - WARNING - The .bam file refers to a chromosome 'KI270745.1-' not present in the annotation (.gtf) file
2020-08-27 21:16:59,332 - DEBUG - Marking up chromosome KI270714.1
2020-08-27 21:16:59,332 - WARNING - The .bam file refers to a chromosome 'KI270714.1+' not present in the annotation (.gtf) file
2020-08-27 21:16:59,332 - WARNING - The .bam file refers to a chromosome 'KI270714.1-' not present in the annotation (.gtf) file
2020-08-27 21:16:59,333 - DEBUG - Marking up chromosome KI270732.1
2020-08-27 21:16:59,333 - WARNING - The .bam file refers to a chromosome 'KI270732.1+' not present in the annotation (.gtf) file
2020-08-27 21:16:59,333 - WARNING - The .bam file refers to a chromosome 'KI270732.1-' not present in the annotation (.gtf) file
2020-08-27 21:16:59,334 - DEBUG - Marking up chromosome KI270713.1
2020-08-27 21:16:59,340 - DEBUG - Marking up chromosome KI270754.1
2020-08-27 21:16:59,340 - WARNING - The .bam file refers to a chromosome 'KI270754.1+' not present in the annotation (.gtf) file
2020-08-27 21:16:59,340 - WARNING - The .bam file refers to a chromosome 'KI270754.1-' not present in the annotation (.gtf) file
2020-08-27 21:16:59,342 - DEBUG - Marking up chromosome KI270710.1
2020-08-27 21:16:59,342 - WARNING - The .bam file refers to a chromosome 'KI270710.1+' not present in the annotation (.gtf) file
2020-08-27 21:16:59,342 - WARNING - The .bam file refers to a chromosome 'KI270710.1-' not present in the annotation (.gtf) file
2020-08-27 21:16:59,343 - DEBUG - Marking up chromosome KI270717.1
2020-08-27 21:16:59,343 - WARNING - The .bam file refers to a chromosome 'KI270717.1+' not present in the annotation (.gtf) file
2020-08-27 21:16:59,343 - WARNING - The .bam file refers to a chromosome 'KI270717.1-' not present in the annotation (.gtf) file
2020-08-27 21:16:59,353 - DEBUG - Marking up chromosome KI270720.1
2020-08-27 21:16:59,353 - WARNING - The .bam file refers to a chromosome 'KI270720.1+' not present in the annotation (.gtf) file
2020-08-27 21:16:59,353 - WARNING - The .bam file refers to a chromosome 'KI270720.1-' not present in the annotation (.gtf) file
2020-08-27 21:16:59,355 - DEBUG - Marking up chromosome KI270723.1
2020-08-27 21:16:59,355 - WARNING - The .bam file refers to a chromosome 'KI270723.1+' not present in the annotation (.gtf) file
2020-08-27 21:16:59,355 - WARNING - The .bam file refers to a chromosome 'KI270723.1-' not present in the annotation (.gtf) file
2020-08-27 21:16:59,365 - DEBUG - Marking up chromosome KI270718.1
2020-08-27 21:16:59,365 - WARNING - The .bam file refers to a chromosome 'KI270718.1+' not present in the annotation (.gtf) file
2020-08-27 21:16:59,365 - WARNING - The .bam file refers to a chromosome 'KI270718.1-' not present in the annotation (.gtf) file
2020-08-27 21:16:59,377 - DEBUG - Marking up chromosome KI270755.1
2020-08-27 21:16:59,377 - WARNING - The .bam file refers to a chromosome 'KI270755.1+' not present in the annotation (.gtf) file
2020-08-27 21:16:59,377 - WARNING - The .bam file refers to a chromosome 'KI270755.1-' not present in the annotation (.gtf) file
2020-08-27 21:16:59,378 - DEBUG - Marking up chromosome KI270707.1
2020-08-27 21:16:59,378 - WARNING - The .bam file refers to a chromosome 'KI270707.1+' not present in the annotation (.gtf) file
2020-08-27 21:16:59,378 - WARNING - The .bam file refers to a chromosome 'KI270707.1-' not present in the annotation (.gtf) file
2020-08-27 21:16:59,382 - DEBUG - Marking up chromosome KI270448.1
2020-08-27 21:16:59,382 - WARNING - The .bam file refers to a chromosome 'KI270448.1+' not present in the annotation (.gtf) file
2020-08-27 21:16:59,382 - WARNING - The .bam file refers to a chromosome 'KI270448.1-' not present in the annotation (.gtf) file
2020-08-27 21:16:59,382 - DEBUG - Marking up chromosome KI270588.1
2020-08-27 21:16:59,382 - WARNING - The .bam file refers to a chromosome 'KI270588.1+' not present in the annotation (.gtf) file
2020-08-27 21:16:59,382 - WARNING - The .bam file refers to a chromosome 'KI270588.1-' not present in the annotation (.gtf) file
2020-08-27 21:16:59,382 - DEBUG - Marking up chromosome KI270330.1
2020-08-27 21:16:59,382 - WARNING - The .bam file refers to a chromosome 'KI270330.1+' not present in the annotation (.gtf) file
2020-08-27 21:16:59,382 - WARNING - The .bam file refers to a chromosome 'KI270330.1-' not present in the annotation (.gtf) file
2020-08-27 21:16:59,386 - DEBUG - Marking up chromosome KI270516.1
2020-08-27 21:16:59,386 - WARNING - The .bam file refers to a chromosome 'KI270516.1+' not present in the annotation (.gtf) file
2020-08-27 21:16:59,386 - WARNING - The .bam file refers to a chromosome 'KI270516.1-' not present in the annotation (.gtf) file
2020-08-27 21:17:15,514 - DEBUG - Read first 280 million reads
2020-08-27 21:17:20,933 - DEBUG - End of file. Reset index: start scanning from initial position.
2020-08-27 21:17:20,933 - DEBUG - 4725435 reads were skipped because no apropiate cell or umi barcode was found
2020-08-27 21:17:20,934 - DEBUG - Start molecule counting!
2020-08-27 21:17:24,562 - DEBUG - Features available for chromosomes : ['1-', '1+', '10-', '10+', '11-', '11+', '12-', '12+', '13-', '13+', '14-', '14+', '15-', '15+', '16-', '16+', '17-', '17+', '18-', '18+', '19-', '19+', '2-', '2+', '20-', '20+', '21-', '21+', '22-', '22+', '3-', '3+', '4-', '4+', '5-', '5+', '6-', '6+', '7-', '7+', '8-', '8+', '9-', '9+', 'GL000009.2-', 'GL000194.1-', 'GL000195.1-', 'GL000195.1+', 'GL000205.2-', 'GL000213.1-', 'GL000218.1-', 'GL000219.1-', 'KI270711.1-', 'KI270713.1-', 'KI270713.1+', 'KI270721.1+', 'KI270726.1+', 'KI270727.1-', 'KI270727.1+', 'KI270728.1-', 'KI270728.1+', 'KI270731.1-', 'KI270734.1-', 'KI270734.1+', 'MT-', 'MT+', 'X-', 'X+', 'Y-', 'Y+']
2020-08-27 21:17:24,563 - DEBUG - Mask available for chromosomes : []
2020-08-27 21:17:24,563 - DEBUG - Summarizing the results of intron validation.
2020-08-27 21:17:25,115 - DEBUG - Validated 366155 introns (of which unique intervals 117006) out of 996444 total possible introns (considering each possible transcript models).
2020-08-27 21:17:25,115 - DEBUG - Reading /net/isi-dcnl/ifs/user_data/abild/Megatron_data/COH064/FEL041043.mRNA/FEL042_count03/FEL042_M/outs/cellsorted_possorted_genome_bam.bam
2020-08-27 21:17:25,157 - DEBUG - Read first 0 million reads
2020-08-27 21:17:53,322 - DEBUG - Read first 10 million reads
2020-08-27 21:19:03,185 - DEBUG - Read first 20 million reads
2020-08-27 21:20:16,266 - DEBUG - Read first 30 million reads
2020-08-27 21:21:25,946 - DEBUG - Read first 40 million reads
2020-08-27 21:22:33,489 - DEBUG - Read first 50 million reads
2020-08-27 21:24:01,014 - DEBUG - Read first 60 million reads
2020-08-27 21:24:21,765 - DEBUG - Counting for batch 1, containing 100 cells and 23117245 reads
2020-08-27 21:35:17,378 - DEBUG - 0 reads not considered because fully enclosed in repeat masked regions
2020-08-27 21:37:23,340 - DEBUG - Read first 70 million reads
2020-08-27 21:38:16,846 - DEBUG - Read first 80 million reads
2020-08-27 21:39:08,142 - DEBUG - Read first 90 million reads
2020-08-27 21:40:15,539 - DEBUG - Read first 100 million reads
2020-08-27 21:41:17,862 - DEBUG - Read first 110 million reads
2020-08-27 21:42:26,669 - DEBUG - Read first 120 million reads
2020-08-27 21:42:29,866 - DEBUG - Counting for batch 2, containing 100 cells and 22642099 reads
2020-08-27 21:53:21,361 - DEBUG - 0 reads not considered because fully enclosed in repeat masked regions
2020-08-27 21:55:51,262 - DEBUG - Read first 130 million reads
2020-08-27 21:56:44,989 - DEBUG - Read first 140 million reads
2020-08-27 21:57:46,494 - DEBUG - Read first 150 million reads
2020-08-27 21:58:46,159 - DEBUG - Read first 160 million reads
2020-08-27 21:59:50,847 - DEBUG - Read first 170 million reads
2020-08-27 22:00:21,424 - DEBUG - Counting for batch 3, containing 100 cells and 22623140 reads
2020-08-27 22:11:09,648 - DEBUG - 0 reads not considered because fully enclosed in repeat masked regions
2020-08-27 22:13:20,709 - DEBUG - Read first 180 million reads
2020-08-27 22:14:23,940 - DEBUG - Read first 190 million reads
2020-08-27 22:15:26,916 - DEBUG - Read first 200 million reads
2020-08-27 22:16:34,272 - DEBUG - Read first 210 million reads
2020-08-27 22:17:25,360 - DEBUG - Read first 220 million reads
2020-08-27 22:17:55,511 - DEBUG - Counting for batch 4, containing 100 cells and 19949966 reads
2020-08-27 22:27:36,925 - DEBUG - 0 reads not considered because fully enclosed in repeat masked regions
2020-08-27 22:29:43,117 - DEBUG - Read first 230 million reads
2020-08-27 22:30:49,046 - DEBUG - Read first 240 million reads
2020-08-27 22:32:03,132 - DEBUG - Read first 250 million reads
2020-08-27 22:33:10,359 - DEBUG - Read first 260 million reads
2020-08-27 22:34:21,446 - DEBUG - Read first 270 million reads
2020-08-27 22:35:12,993 - DEBUG - Counting for batch 5, containing 100 cells and 24654367 reads
2020-08-27 22:47:30,337 - DEBUG - 0 reads not considered because fully enclosed in repeat masked regions
2020-08-27 22:49:26,473 - DEBUG - Read first 280 million reads
2020-08-27 22:49:44,797 - DEBUG - Counting for batch 6, containing 10 cells and 2330316 reads
2020-08-27 22:50:33,304 - DEBUG - 0 reads not considered because fully enclosed in repeat masked regions
2020-08-27 22:50:41,634 - DEBUG - 4725435 reads were skipped because no apropiate cell or umi barcode was found
2020-08-27 22:50:41,635 - DEBUG - Counting done!
2020-08-27 22:50:41,665 - DEBUG - Generating output file /net/isi-dcnl/ifs/user_data/abild/Megatron_data/COH064/FEL041043.mRNA/FEL042_count03/FEL042_M/velocyto/FEL042_M.loom
2020-08-27 22:50:41,665 - DEBUG - Collecting row attributes
2020-08-27 22:50:41,762 - DEBUG - Generating data table
2020-08-27 22:50:41,966 - DEBUG - Writing loom file
2020-08-27 22:50:43,690 - DEBUG - Terminated Succesfully!
Start: 1598585658
End: 1598593845
Run time: 8187
Done
