CPU: 16
N: 85
Step1: Analyze spliced and unspliced reads and genrate a loom file for velocityR
Run velocyto to generate loom file
2020-08-27 20:33:36,305 - DEBUG - Using logic: Default
2020-08-27 20:33:36,343 - INFO - Read 10609 cell barcodes from /net/isi-dcnl/ifs/user_data/abild/Megatron_data/COH064/FEL041043.mRNA/FEL041_count03/FEL041_S/outs/filtered_feature_bc_matrix/barcodes.tsv.gz
2020-08-27 20:33:36,343 - DEBUG - Example of barcode: AAACCCAAGTACAGAT and cell_id: FEL041_S:AAACCCAAGTACAGAT-1
2020-08-27 20:33:36,355 - DEBUG - Peeking into /net/isi-dcnl/ifs/user_data/abild/Megatron_data/COH064/FEL041043.mRNA/FEL041_count03/FEL041_S/outs/possorted_genome_bam.bam
2020-08-27 20:33:36,633 - WARNING - Not found cell and umi barcode in entry 6 of the bam file
2020-08-27 20:33:36,634 - WARNING - Not found cell and umi barcode in entry 45 of the bam file
2020-08-27 20:33:36,634 - WARNING - Not found cell and umi barcode in entry 49 of the bam file
2020-08-27 20:33:36,634 - WARNING - Not found cell and umi barcode in entry 83 of the bam file
2020-08-27 20:33:36,635 - WARNING - Not found cell and umi barcode in entry 223 of the bam file
2020-08-27 20:33:36,635 - WARNING - Not found cell and umi barcode in entry 224 of the bam file
2020-08-27 20:33:36,635 - WARNING - Not found cell and umi barcode in entry 225 of the bam file
2020-08-27 20:33:36,636 - WARNING - Not found cell and umi barcode in entry 226 of the bam file
2020-08-27 20:33:36,636 - WARNING - Not found cell and umi barcode in entry 227 of the bam file
2020-08-27 20:33:36,641 - WARNING - Not found cell and umi barcode in entry 954 of the bam file
2020-08-27 20:33:36,641 - WARNING - Not found cell and umi barcode in entry 955 of the bam file
2020-08-27 20:33:36,641 - WARNING - Not found cell and umi barcode in entry 956 of the bam file
2020-08-27 20:33:36,641 - WARNING - Not found cell and umi barcode in entry 997 of the bam file
2020-08-27 20:33:36,650 - WARNING - The file /net/isi-dcnl/ifs/user_data/abild/Megatron_data/COH064/FEL041043.mRNA/FEL041_count03/FEL041_S/outs/cellsorted_possorted_genome_bam.bam already exists. The sorting step will be skipped and the existing file will be used.
2020-08-27 20:33:36,650 - INFO - Load the annotation from /net/isi-dcnl/ifs/user_data/abild/Genomes/refdata-cellranger-GRCh38-3.0.0/genes/genes.gtf
2020-08-27 20:33:44,766 - DEBUG - Parsing Chromosome 1 strand - [line 0]
2020-08-27 20:33:45,406 - DEBUG - Done with 1- [line 108728]
2020-08-27 20:33:45,406 - DEBUG - Assigning indexes to genes
2020-08-27 20:33:45,416 - DEBUG - Seen 1561 genes until now
2020-08-27 20:33:45,416 - DEBUG - Parsing Chromosome 1 strand + [line 108729]
2020-08-27 20:33:46,140 - DEBUG - Done with 1+ [line 232515]
2020-08-27 20:33:46,140 - DEBUG - Assigning indexes to genes
2020-08-27 20:33:46,151 - DEBUG - Seen 3154 genes until now
2020-08-27 20:33:46,152 - DEBUG - Parsing Chromosome 10 strand - [line 232516]
2020-08-27 20:33:46,572 - DEBUG - Done with 10- [line 279343]
2020-08-27 20:33:46,572 - DEBUG - Assigning indexes to genes
2020-08-27 20:33:46,575 - DEBUG - Seen 3737 genes until now
2020-08-27 20:33:46,575 - DEBUG - Parsing Chromosome 10 strand + [line 279344]
2020-08-27 20:33:46,766 - DEBUG - Done with 10+ [line 323872]
2020-08-27 20:33:46,766 - DEBUG - Assigning indexes to genes
2020-08-27 20:33:46,769 - DEBUG - Seen 4384 genes until now
2020-08-27 20:33:46,769 - DEBUG - Parsing Chromosome 11 strand - [line 323873]
2020-08-27 20:33:47,341 - DEBUG - Done with 11- [line 402908]
2020-08-27 20:33:47,341 - DEBUG - Assigning indexes to genes
2020-08-27 20:33:47,348 - DEBUG - Seen 5320 genes until now
2020-08-27 20:33:47,348 - DEBUG - Parsing Chromosome 11 strand + [line 402909]
2020-08-27 20:33:47,686 - DEBUG - Done with 11+ [line 482591]
2020-08-27 20:33:47,686 - DEBUG - Assigning indexes to genes
2020-08-27 20:33:47,693 - DEBUG - Seen 6305 genes until now
2020-08-27 20:33:47,693 - DEBUG - Parsing Chromosome 12 strand - [line 482592]
2020-08-27 20:33:48,297 - DEBUG - Done with 12- [line 559278]
2020-08-27 20:33:48,297 - DEBUG - Assigning indexes to genes
2020-08-27 20:33:48,303 - DEBUG - Seen 7177 genes until now
2020-08-27 20:33:48,303 - DEBUG - Parsing Chromosome 12 strand + [line 559279]
2020-08-27 20:33:48,624 - DEBUG - Done with 12+ [line 635173]
2020-08-27 20:33:48,624 - DEBUG - Assigning indexes to genes
2020-08-27 20:33:48,630 - DEBUG - Seen 8070 genes until now
2020-08-27 20:33:48,630 - DEBUG - Parsing Chromosome 13 strand - [line 635174]
2020-08-27 20:33:48,710 - DEBUG - Done with 13- [line 653523]
2020-08-27 20:33:48,710 - DEBUG - Assigning indexes to genes
2020-08-27 20:33:48,711 - DEBUG - Seen 8400 genes until now
2020-08-27 20:33:48,711 - DEBUG - Parsing Chromosome 13 strand + [line 653524]
2020-08-27 20:33:49,092 - DEBUG - Done with 13+ [line 673091]
2020-08-27 20:33:49,092 - DEBUG - Assigning indexes to genes
2020-08-27 20:33:49,093 - DEBUG - Seen 8736 genes until now
2020-08-27 20:33:49,093 - DEBUG - Parsing Chromosome 14 strand - [line 673092]
2020-08-27 20:33:49,278 - DEBUG - Done with 14- [line 716831]
2020-08-27 20:33:49,278 - DEBUG - Assigning indexes to genes
2020-08-27 20:33:49,282 - DEBUG - Seen 9452 genes until now
2020-08-27 20:33:49,282 - DEBUG - Parsing Chromosome 14 strand + [line 716832]
2020-08-27 20:33:49,484 - DEBUG - Done with 14+ [line 764942]
2020-08-27 20:33:49,484 - DEBUG - Assigning indexes to genes
2020-08-27 20:33:49,488 - DEBUG - Seen 10121 genes until now
2020-08-27 20:33:49,488 - DEBUG - Parsing Chromosome 15 strand - [line 764943]
2020-08-27 20:33:49,699 - DEBUG - Done with 15- [line 813803]
2020-08-27 20:33:49,699 - DEBUG - Assigning indexes to genes
2020-08-27 20:33:49,702 - DEBUG - Seen 10698 genes until now
2020-08-27 20:33:49,702 - DEBUG - Parsing Chromosome 15 strand + [line 813804]
2020-08-27 20:33:49,888 - DEBUG - Done with 15+ [line 857859]
2020-08-27 20:33:49,888 - DEBUG - Assigning indexes to genes
2020-08-27 20:33:49,891 - DEBUG - Seen 11256 genes until now
2020-08-27 20:33:49,891 - DEBUG - Parsing Chromosome 16 strand - [line 857860]
2020-08-27 20:33:50,451 - DEBUG - Done with 16- [line 911118]
2020-08-27 20:33:50,451 - DEBUG - Assigning indexes to genes
2020-08-27 20:33:50,456 - DEBUG - Seen 11998 genes until now
2020-08-27 20:33:50,456 - DEBUG - Parsing Chromosome 16 strand + [line 911119]
2020-08-27 20:33:50,752 - DEBUG - Done with 16+ [line 981663]
2020-08-27 20:33:50,752 - DEBUG - Assigning indexes to genes
2020-08-27 20:33:50,758 - DEBUG - Seen 12787 genes until now
2020-08-27 20:33:50,758 - DEBUG - Parsing Chromosome 17 strand - [line 981664]
2020-08-27 20:33:51,119 - DEBUG - Done with 17- [line 1066635]
2020-08-27 20:33:51,119 - DEBUG - Assigning indexes to genes
2020-08-27 20:33:51,126 - DEBUG - Seen 13775 genes until now
2020-08-27 20:33:51,126 - DEBUG - Parsing Chromosome 17 strand + [line 1066636]
2020-08-27 20:33:51,830 - DEBUG - Done with 17+ [line 1143834]
2020-08-27 20:33:51,830 - DEBUG - Assigning indexes to genes
2020-08-27 20:33:51,838 - DEBUG - Seen 14681 genes until now
2020-08-27 20:33:51,838 - DEBUG - Parsing Chromosome 18 strand - [line 1143835]
2020-08-27 20:33:51,944 - DEBUG - Done with 18- [line 1168496]
2020-08-27 20:33:51,944 - DEBUG - Assigning indexes to genes
2020-08-27 20:33:51,946 - DEBUG - Seen 15006 genes until now
2020-08-27 20:33:51,947 - DEBUG - Parsing Chromosome 18 strand + [line 1168497]
2020-08-27 20:33:52,038 - DEBUG - Done with 18+ [line 1189691]
2020-08-27 20:33:52,038 - DEBUG - Assigning indexes to genes
2020-08-27 20:33:52,040 - DEBUG - Seen 15343 genes until now
2020-08-27 20:33:52,040 - DEBUG - Parsing Chromosome 19 strand - [line 1189692]
2020-08-27 20:33:52,369 - DEBUG - Done with 19- [line 1268854]
2020-08-27 20:33:52,369 - DEBUG - Assigning indexes to genes
2020-08-27 20:33:52,376 - DEBUG - Seen 16352 genes until now
2020-08-27 20:33:52,376 - DEBUG - Parsing Chromosome 19 strand + [line 1268855]
2020-08-27 20:33:52,714 - DEBUG - Done with 19+ [line 1351833]
2020-08-27 20:33:52,714 - DEBUG - Assigning indexes to genes
2020-08-27 20:33:52,722 - DEBUG - Seen 17347 genes until now
2020-08-27 20:33:52,722 - DEBUG - Parsing Chromosome 2 strand - [line 1351834]
2020-08-27 20:33:53,143 - DEBUG - Done with 2- [line 1448710]
2020-08-27 20:33:53,144 - DEBUG - Assigning indexes to genes
2020-08-27 20:33:53,152 - DEBUG - Seen 18472 genes until now
2020-08-27 20:33:53,152 - DEBUG - Parsing Chromosome 2 strand + [line 1448711]
2020-08-27 20:33:53,987 - DEBUG - Done with 2+ [line 1542602]
2020-08-27 20:33:53,987 - DEBUG - Assigning indexes to genes
2020-08-27 20:33:53,996 - DEBUG - Seen 19632 genes until now
2020-08-27 20:33:53,996 - DEBUG - Parsing Chromosome 20 strand - [line 1542603]
2020-08-27 20:33:54,108 - DEBUG - Done with 20- [line 1569195]
2020-08-27 20:33:54,108 - DEBUG - Assigning indexes to genes
2020-08-27 20:33:54,110 - DEBUG - Seen 20079 genes until now
2020-08-27 20:33:54,110 - DEBUG - Parsing Chromosome 20 strand + [line 1569196]
2020-08-27 20:33:54,242 - DEBUG - Done with 20+ [line 1600541]
2020-08-27 20:33:54,242 - DEBUG - Assigning indexes to genes
2020-08-27 20:33:54,244 - DEBUG - Seen 20527 genes until now
2020-08-27 20:33:54,244 - DEBUG - Parsing Chromosome 21 strand - [line 1600542]
2020-08-27 20:33:54,303 - DEBUG - Done with 21- [line 1614106]
2020-08-27 20:33:54,303 - DEBUG - Assigning indexes to genes
2020-08-27 20:33:54,304 - DEBUG - Seen 20795 genes until now
2020-08-27 20:33:54,304 - DEBUG - Parsing Chromosome 21 strand + [line 1614107]
2020-08-27 20:33:54,368 - DEBUG - Done with 21+ [line 1628392]
2020-08-27 20:33:54,368 - DEBUG - Assigning indexes to genes
2020-08-27 20:33:54,369 - DEBUG - Seen 21029 genes until now
2020-08-27 20:33:54,369 - DEBUG - Parsing Chromosome 22 strand - [line 1628393]
2020-08-27 20:33:54,477 - DEBUG - Done with 22- [line 1653805]
2020-08-27 20:33:54,477 - DEBUG - Assigning indexes to genes
2020-08-27 20:33:54,480 - DEBUG - Seen 21391 genes until now
2020-08-27 20:33:54,480 - DEBUG - Parsing Chromosome 22 strand + [line 1653806]
2020-08-27 20:33:54,608 - DEBUG - Done with 22+ [line 1684245]
2020-08-27 20:33:54,608 - DEBUG - Assigning indexes to genes
2020-08-27 20:33:54,612 - DEBUG - Seen 21866 genes until now
2020-08-27 20:33:54,612 - DEBUG - Parsing Chromosome 3 strand - [line 1684246]
2020-08-27 20:33:54,954 - DEBUG - Done with 3- [line 1763939]
2020-08-27 20:33:54,954 - DEBUG - Assigning indexes to genes
2020-08-27 20:33:54,960 - DEBUG - Seen 22713 genes until now
2020-08-27 20:33:54,960 - DEBUG - Parsing Chromosome 3 strand + [line 1763940]
2020-08-27 20:33:55,302 - DEBUG - Done with 3+ [line 1844840]
2020-08-27 20:33:55,302 - DEBUG - Assigning indexes to genes
2020-08-27 20:33:55,309 - DEBUG - Seen 23585 genes until now
2020-08-27 20:33:55,309 - DEBUG - Parsing Chromosome 4 strand - [line 1844841]
2020-08-27 20:33:56,042 - DEBUG - Done with 4- [line 1898665]
2020-08-27 20:33:56,042 - DEBUG - Assigning indexes to genes
2020-08-27 20:33:56,047 - DEBUG - Seen 24246 genes until now
2020-08-27 20:33:56,047 - DEBUG - Parsing Chromosome 4 strand + [line 1898666]
2020-08-27 20:33:56,251 - DEBUG - Done with 4+ [line 1947617]
2020-08-27 20:33:56,251 - DEBUG - Assigning indexes to genes
2020-08-27 20:33:56,255 - DEBUG - Seen 24938 genes until now
2020-08-27 20:33:56,256 - DEBUG - Parsing Chromosome 5 strand - [line 1947618]
2020-08-27 20:33:56,489 - DEBUG - Done with 5- [line 2001140]
2020-08-27 20:33:56,489 - DEBUG - Assigning indexes to genes
2020-08-27 20:33:56,495 - DEBUG - Seen 25741 genes until now
2020-08-27 20:33:56,495 - DEBUG - Parsing Chromosome 5 strand + [line 2001141]
2020-08-27 20:33:56,751 - DEBUG - Done with 5+ [line 2062165]
2020-08-27 20:33:56,751 - DEBUG - Assigning indexes to genes
2020-08-27 20:33:56,756 - DEBUG - Seen 26599 genes until now
2020-08-27 20:33:56,756 - DEBUG - Parsing Chromosome 6 strand - [line 2062166]
2020-08-27 20:33:57,023 - DEBUG - Done with 6- [line 2121425]
2020-08-27 20:33:57,023 - DEBUG - Assigning indexes to genes
2020-08-27 20:33:57,029 - DEBUG - Seen 27435 genes until now
2020-08-27 20:33:57,029 - DEBUG - Parsing Chromosome 6 strand + [line 2121426]
2020-08-27 20:33:57,252 - DEBUG - Done with 6+ [line 2176078]
2020-08-27 20:33:57,253 - DEBUG - Assigning indexes to genes
2020-08-27 20:33:57,258 - DEBUG - Seen 28231 genes until now
2020-08-27 20:33:57,258 - DEBUG - Parsing Chromosome 7 strand - [line 2176079]
2020-08-27 20:33:57,503 - DEBUG - Done with 7- [line 2233605]
2020-08-27 20:33:57,503 - DEBUG - Assigning indexes to genes
2020-08-27 20:33:57,507 - DEBUG - Seen 28953 genes until now
2020-08-27 20:33:57,508 - DEBUG - Parsing Chromosome 7 strand + [line 2233606]
2020-08-27 20:33:57,767 - DEBUG - Done with 7+ [line 2295513]
2020-08-27 20:33:57,768 - DEBUG - Assigning indexes to genes
2020-08-27 20:33:57,773 - DEBUG - Seen 29770 genes until now
2020-08-27 20:33:57,773 - DEBUG - Parsing Chromosome 8 strand - [line 2295514]
2020-08-27 20:33:57,973 - DEBUG - Done with 8- [line 2343289]
2020-08-27 20:33:57,973 - DEBUG - Assigning indexes to genes
2020-08-27 20:33:57,977 - DEBUG - Seen 30442 genes until now
2020-08-27 20:33:57,978 - DEBUG - Parsing Chromosome 8 strand + [line 2343290]
2020-08-27 20:33:58,160 - DEBUG - Done with 8+ [line 2386793]
2020-08-27 20:33:58,160 - DEBUG - Assigning indexes to genes
2020-08-27 20:33:58,164 - DEBUG - Seen 31090 genes until now
2020-08-27 20:33:58,164 - DEBUG - Parsing Chromosome 9 strand - [line 2386794]
2020-08-27 20:33:58,982 - DEBUG - Done with 9- [line 2430389]
2020-08-27 20:33:58,982 - DEBUG - Assigning indexes to genes
2020-08-27 20:33:58,986 - DEBUG - Seen 31710 genes until now
2020-08-27 20:33:58,986 - DEBUG - Parsing Chromosome 9 strand + [line 2430390]
2020-08-27 20:33:59,185 - DEBUG - Done with 9+ [line 2477312]
2020-08-27 20:33:59,185 - DEBUG - Assigning indexes to genes
2020-08-27 20:33:59,188 - DEBUG - Seen 32318 genes until now
2020-08-27 20:33:59,188 - DEBUG - Parsing Chromosome GL000009.2 strand - [line 2477313]
2020-08-27 20:33:59,188 - DEBUG - Done with GL000009.2- [line 2477320]
2020-08-27 20:33:59,188 - DEBUG - Assigning indexes to genes
2020-08-27 20:33:59,188 - DEBUG - Seen 32319 genes until now
2020-08-27 20:33:59,188 - DEBUG - Parsing Chromosome GL000194.1 strand - [line 2477321]
2020-08-27 20:33:59,189 - DEBUG - Done with GL000194.1- [line 2477346]
2020-08-27 20:33:59,189 - DEBUG - Assigning indexes to genes
2020-08-27 20:33:59,189 - DEBUG - Seen 32321 genes until now
2020-08-27 20:33:59,189 - DEBUG - Parsing Chromosome GL000195.1 strand - [line 2477347]
2020-08-27 20:33:59,189 - DEBUG - Done with GL000195.1- [line 2477356]
2020-08-27 20:33:59,189 - DEBUG - Assigning indexes to genes
2020-08-27 20:33:59,189 - DEBUG - Seen 32322 genes until now
2020-08-27 20:33:59,189 - DEBUG - Parsing Chromosome GL000195.1 strand + [line 2477357]
2020-08-27 20:33:59,189 - DEBUG - Done with GL000195.1+ [line 2477370]
2020-08-27 20:33:59,189 - DEBUG - Assigning indexes to genes
2020-08-27 20:33:59,189 - DEBUG - Seen 32323 genes until now
2020-08-27 20:33:59,189 - DEBUG - Parsing Chromosome GL000205.2 strand - [line 2477371]
2020-08-27 20:33:59,189 - DEBUG - Done with GL000205.2- [line 2477384]
2020-08-27 20:33:59,189 - DEBUG - Assigning indexes to genes
2020-08-27 20:33:59,189 - DEBUG - Seen 32324 genes until now
2020-08-27 20:33:59,189 - DEBUG - Parsing Chromosome GL000213.1 strand - [line 2477385]
2020-08-27 20:33:59,190 - DEBUG - Done with GL000213.1- [line 2477433]
2020-08-27 20:33:59,190 - DEBUG - Assigning indexes to genes
2020-08-27 20:33:59,190 - DEBUG - Seen 32325 genes until now
2020-08-27 20:33:59,190 - DEBUG - Parsing Chromosome GL000218.1 strand - [line 2477434]
2020-08-27 20:33:59,190 - DEBUG - Done with GL000218.1- [line 2477441]
2020-08-27 20:33:59,190 - DEBUG - Assigning indexes to genes
2020-08-27 20:33:59,190 - DEBUG - Seen 32326 genes until now
2020-08-27 20:33:59,190 - DEBUG - Parsing Chromosome GL000219.1 strand - [line 2477442]
2020-08-27 20:33:59,190 - DEBUG - Done with GL000219.1- [line 2477453]
2020-08-27 20:33:59,190 - DEBUG - Assigning indexes to genes
2020-08-27 20:33:59,190 - DEBUG - Seen 32327 genes until now
2020-08-27 20:33:59,190 - DEBUG - Parsing Chromosome KI270711.1 strand - [line 2477454]
2020-08-27 20:33:59,191 - DEBUG - Done with KI270711.1- [line 2477604]
2020-08-27 20:33:59,191 - DEBUG - Assigning indexes to genes
2020-08-27 20:33:59,191 - DEBUG - Seen 32328 genes until now
2020-08-27 20:33:59,191 - DEBUG - Parsing Chromosome KI270713.1 strand - [line 2477605]
2020-08-27 20:33:59,191 - DEBUG - Done with KI270713.1- [line 2477612]
2020-08-27 20:33:59,191 - DEBUG - Assigning indexes to genes
2020-08-27 20:33:59,191 - DEBUG - Seen 32329 genes until now
2020-08-27 20:33:59,191 - DEBUG - Parsing Chromosome KI270713.1 strand + [line 2477613]
2020-08-27 20:33:59,191 - DEBUG - Done with KI270713.1+ [line 2477618]
2020-08-27 20:33:59,191 - DEBUG - Assigning indexes to genes
2020-08-27 20:33:59,191 - DEBUG - Seen 32330 genes until now
2020-08-27 20:33:59,191 - DEBUG - Parsing Chromosome KI270721.1 strand + [line 2477619]
2020-08-27 20:33:59,191 - DEBUG - Done with KI270721.1+ [line 2477634]
2020-08-27 20:33:59,191 - DEBUG - Assigning indexes to genes
2020-08-27 20:33:59,192 - DEBUG - Seen 32331 genes until now
2020-08-27 20:33:59,192 - DEBUG - Parsing Chromosome KI270726.1 strand + [line 2477635]
2020-08-27 20:33:59,192 - DEBUG - Done with KI270726.1+ [line 2477645]
2020-08-27 20:33:59,192 - DEBUG - Assigning indexes to genes
2020-08-27 20:33:59,192 - DEBUG - Seen 32333 genes until now
2020-08-27 20:33:59,192 - DEBUG - Parsing Chromosome KI270727.1 strand - [line 2477646]
2020-08-27 20:33:59,192 - DEBUG - Done with KI270727.1- [line 2477704]
2020-08-27 20:33:59,192 - DEBUG - Assigning indexes to genes
2020-08-27 20:33:59,192 - DEBUG - Seen 32335 genes until now
2020-08-27 20:33:59,192 - DEBUG - Parsing Chromosome KI270727.1 strand + [line 2477705]
2020-08-27 20:33:59,192 - DEBUG - Done with KI270727.1+ [line 2477719]
2020-08-27 20:33:59,192 - DEBUG - Assigning indexes to genes
2020-08-27 20:33:59,192 - DEBUG - Seen 32337 genes until now
2020-08-27 20:33:59,192 - DEBUG - Parsing Chromosome KI270728.1 strand - [line 2477720]
2020-08-27 20:33:59,193 - DEBUG - Done with KI270728.1- [line 2477796]
2020-08-27 20:33:59,193 - DEBUG - Assigning indexes to genes
2020-08-27 20:33:59,193 - DEBUG - Seen 32339 genes until now
2020-08-27 20:33:59,193 - DEBUG - Parsing Chromosome KI270728.1 strand + [line 2477797]
2020-08-27 20:33:59,193 - DEBUG - Done with KI270728.1+ [line 2477833]
2020-08-27 20:33:59,193 - DEBUG - Assigning indexes to genes
2020-08-27 20:33:59,193 - DEBUG - Seen 32343 genes until now
2020-08-27 20:33:59,193 - DEBUG - Parsing Chromosome KI270731.1 strand - [line 2477834]
2020-08-27 20:33:59,193 - DEBUG - Done with KI270731.1- [line 2477840]
2020-08-27 20:33:59,193 - DEBUG - Assigning indexes to genes
2020-08-27 20:33:59,193 - DEBUG - Seen 32344 genes until now
2020-08-27 20:33:59,193 - DEBUG - Parsing Chromosome KI270734.1 strand - [line 2477841]
2020-08-27 20:33:59,194 - DEBUG - Done with KI270734.1- [line 2477909]
2020-08-27 20:33:59,194 - DEBUG - Assigning indexes to genes
2020-08-27 20:33:59,194 - DEBUG - Seen 32345 genes until now
2020-08-27 20:33:59,194 - DEBUG - Parsing Chromosome KI270734.1 strand + [line 2477910]
2020-08-27 20:33:59,194 - DEBUG - Done with KI270734.1+ [line 2477932]
2020-08-27 20:33:59,194 - DEBUG - Assigning indexes to genes
2020-08-27 20:33:59,194 - DEBUG - Seen 32347 genes until now
2020-08-27 20:33:59,194 - DEBUG - Parsing Chromosome MT strand - [line 2477933]
2020-08-27 20:33:59,194 - DEBUG - Done with MT- [line 2477938]
2020-08-27 20:33:59,194 - DEBUG - Assigning indexes to genes
2020-08-27 20:33:59,194 - DEBUG - Seen 32348 genes until now
2020-08-27 20:33:59,194 - DEBUG - Parsing Chromosome MT strand + [line 2477939]
2020-08-27 20:33:59,194 - DEBUG - Done with MT+ [line 2478004]
2020-08-27 20:33:59,194 - DEBUG - Assigning indexes to genes
2020-08-27 20:33:59,195 - DEBUG - Seen 32360 genes until now
2020-08-27 20:33:59,195 - DEBUG - Parsing Chromosome X strand - [line 2478005]
2020-08-27 20:33:59,364 - DEBUG - Done with X- [line 2518937]
2020-08-27 20:33:59,364 - DEBUG - Assigning indexes to genes
2020-08-27 20:33:59,367 - DEBUG - Seen 32876 genes until now
2020-08-27 20:33:59,367 - DEBUG - Parsing Chromosome X strand + [line 2518938]
2020-08-27 20:33:59,534 - DEBUG - Done with X+ [line 2560301]
2020-08-27 20:33:59,534 - DEBUG - Assigning indexes to genes
2020-08-27 20:33:59,538 - DEBUG - Seen 33438 genes until now
2020-08-27 20:33:59,538 - DEBUG - Parsing Chromosome Y strand - [line 2560302]
2020-08-27 20:33:59,547 - DEBUG - Done with Y- [line 2562446]
2020-08-27 20:33:59,547 - DEBUG - Assigning indexes to genes
2020-08-27 20:33:59,548 - DEBUG - Seen 33485 genes until now
2020-08-27 20:33:59,548 - DEBUG - Parsing Chromosome Y strand + [line 2562447]
2020-08-27 20:33:59,558 - DEBUG - Assigning indexes to genes
2020-08-27 20:33:59,558 - DEBUG - Done with Y+ [line 2565059]
2020-08-27 20:33:59,559 - DEBUG - Fixing corner cases of transcript models containg intron longer than 1000Kbp
2020-08-27 20:34:01,277 - DEBUG - Generated 2165800 features corresponding to 172912 transcript models from /net/isi-dcnl/ifs/user_data/abild/Genomes/refdata-cellranger-GRCh38-3.0.0/genes/genes.gtf
2020-08-27 20:34:01,306 - INFO - Scan /net/isi-dcnl/ifs/user_data/abild/Megatron_data/COH064/FEL041043.mRNA/FEL041_count03/FEL041_S/outs/possorted_genome_bam.bam to validate intron intervals
2020-08-27 20:34:05,272 - DEBUG - Reading /net/isi-dcnl/ifs/user_data/abild/Megatron_data/COH064/FEL041043.mRNA/FEL041_count03/FEL041_S/outs/possorted_genome_bam.bam
2020-08-27 20:34:05,292 - DEBUG - Read first 0 million reads
2020-08-27 20:34:05,293 - DEBUG - Marking up chromosome 1
2020-08-27 20:36:10,103 - DEBUG - Read first 10 million reads
2020-08-27 20:38:09,189 - DEBUG - Read first 20 million reads
2020-08-27 20:40:10,928 - DEBUG - Read first 30 million reads
2020-08-27 20:40:47,104 - DEBUG - Marking up chromosome 10
2020-08-27 20:42:29,345 - DEBUG - Read first 40 million reads
2020-08-27 20:43:00,682 - DEBUG - Marking up chromosome 11
2020-08-27 20:44:52,554 - DEBUG - Read first 50 million reads
2020-08-27 20:47:40,579 - DEBUG - Read first 60 million reads
2020-08-27 20:51:09,085 - DEBUG - Read first 70 million reads
2020-08-27 20:54:30,556 - DEBUG - Read first 80 million reads
2020-08-27 20:55:23,910 - DEBUG - Marking up chromosome 12
2020-08-27 20:56:59,840 - DEBUG - Read first 90 million reads
2020-08-27 20:59:01,753 - DEBUG - Read first 100 million reads
2020-08-27 20:59:21,941 - DEBUG - Marking up chromosome 13
2020-08-27 21:00:49,082 - DEBUG - Marking up chromosome 14
2020-08-27 21:01:15,881 - DEBUG - Read first 110 million reads
2020-08-27 21:03:13,805 - DEBUG - Marking up chromosome 15
2020-08-27 21:03:34,351 - DEBUG - Read first 120 million reads
2020-08-27 21:05:50,905 - DEBUG - Read first 130 million reads
2020-08-27 21:06:16,425 - DEBUG - Marking up chromosome 16
2020-08-27 21:07:39,162 - DEBUG - Read first 140 million reads
2020-08-27 21:09:07,484 - DEBUG - Marking up chromosome 17
2020-08-27 21:09:58,690 - DEBUG - Read first 150 million reads
2020-08-27 21:11:27,042 - DEBUG - Marking up chromosome 18
2020-08-27 21:12:11,322 - DEBUG - Read first 160 million reads
2020-08-27 21:13:19,920 - DEBUG - Marking up chromosome 19
2020-08-27 21:14:35,348 - DEBUG - Read first 170 million reads
2020-08-27 21:16:31,607 - DEBUG - Marking up chromosome 2
2020-08-27 21:16:34,477 - DEBUG - Read first 180 million reads
2020-08-27 21:18:48,132 - DEBUG - Read first 190 million reads
2020-08-27 21:20:26,703 - DEBUG - Marking up chromosome 20
2020-08-27 21:20:57,379 - DEBUG - Read first 200 million reads
2020-08-27 21:22:14,053 - DEBUG - Marking up chromosome 21
2020-08-27 21:22:24,092 - DEBUG - Read first 210 million reads
2020-08-27 21:23:03,729 - DEBUG - Read first 220 million reads
2020-08-27 21:23:16,190 - DEBUG - Marking up chromosome 22
2020-08-27 21:24:13,536 - DEBUG - Marking up chromosome 3
2020-08-27 21:25:23,687 - DEBUG - Read first 230 million reads
2020-08-27 21:27:43,718 - DEBUG - Read first 240 million reads
2020-08-27 21:29:27,895 - DEBUG - Marking up chromosome 4
2020-08-27 21:30:14,133 - DEBUG - Read first 250 million reads
2020-08-27 21:31:40,154 - DEBUG - Marking up chromosome 5
2020-08-27 21:32:29,526 - DEBUG - Read first 260 million reads
2020-08-27 21:34:37,310 - DEBUG - Read first 270 million reads
2020-08-27 21:34:52,041 - DEBUG - Marking up chromosome 6
2020-08-27 21:36:36,325 - DEBUG - Read first 280 million reads
2020-08-27 21:37:24,549 - DEBUG - Marking up chromosome 7
2020-08-27 21:38:45,506 - DEBUG - Read first 290 million reads
2020-08-27 21:40:52,566 - DEBUG - Read first 300 million reads
2020-08-27 21:40:55,010 - DEBUG - Marking up chromosome 8
2020-08-27 21:43:25,114 - DEBUG - Read first 310 million reads
2020-08-27 21:43:42,025 - DEBUG - Marking up chromosome 9
2020-08-27 21:45:25,724 - DEBUG - Read first 320 million reads
2020-08-27 21:46:07,227 - DEBUG - Marking up chromosome MT
2020-08-27 21:46:48,562 - DEBUG - Marking up chromosome X
2020-08-27 21:46:58,654 - DEBUG - Read first 330 million reads
2020-08-27 21:49:03,567 - DEBUG - Marking up chromosome Y
2020-08-27 21:49:03,707 - DEBUG - Marking up chromosome KI270728.1
2020-08-27 21:49:03,726 - DEBUG - Marking up chromosome KI270727.1
2020-08-27 21:49:03,807 - DEBUG - Marking up chromosome KI270442.1
2020-08-27 21:49:03,807 - WARNING - The .bam file refers to a chromosome 'KI270442.1+' not present in the annotation (.gtf) file
2020-08-27 21:49:03,807 - WARNING - The .bam file refers to a chromosome 'KI270442.1-' not present in the annotation (.gtf) file
2020-08-27 21:49:03,825 - DEBUG - Marking up chromosome KI270729.1
2020-08-27 21:49:03,825 - WARNING - The .bam file refers to a chromosome 'KI270729.1+' not present in the annotation (.gtf) file
2020-08-27 21:49:03,825 - WARNING - The .bam file refers to a chromosome 'KI270729.1-' not present in the annotation (.gtf) file
2020-08-27 21:49:03,826 - DEBUG - Marking up chromosome GL000225.1
2020-08-27 21:49:03,826 - WARNING - The .bam file refers to a chromosome 'GL000225.1+' not present in the annotation (.gtf) file
2020-08-27 21:49:03,826 - WARNING - The .bam file refers to a chromosome 'GL000225.1-' not present in the annotation (.gtf) file
2020-08-27 21:49:03,828 - DEBUG - Marking up chromosome KI270743.1
2020-08-27 21:49:03,828 - WARNING - The .bam file refers to a chromosome 'KI270743.1+' not present in the annotation (.gtf) file
2020-08-27 21:49:03,828 - WARNING - The .bam file refers to a chromosome 'KI270743.1-' not present in the annotation (.gtf) file
2020-08-27 21:49:03,842 - DEBUG - Marking up chromosome GL000008.2
2020-08-27 21:49:03,842 - WARNING - The .bam file refers to a chromosome 'GL000008.2+' not present in the annotation (.gtf) file
2020-08-27 21:49:03,842 - WARNING - The .bam file refers to a chromosome 'GL000008.2-' not present in the annotation (.gtf) file
2020-08-27 21:49:03,867 - DEBUG - Marking up chromosome GL000009.2
2020-08-27 21:49:03,867 - WARNING - The .bam file refers to a chromosome 'GL000009.2+' not present in the annotation (.gtf) file
2020-08-27 21:49:03,896 - DEBUG - Marking up chromosome KI270747.1
2020-08-27 21:49:03,897 - WARNING - The .bam file refers to a chromosome 'KI270747.1+' not present in the annotation (.gtf) file
2020-08-27 21:49:03,897 - WARNING - The .bam file refers to a chromosome 'KI270747.1-' not present in the annotation (.gtf) file
2020-08-27 21:49:03,897 - DEBUG - Marking up chromosome KI270722.1
2020-08-27 21:49:03,897 - WARNING - The .bam file refers to a chromosome 'KI270722.1+' not present in the annotation (.gtf) file
2020-08-27 21:49:03,897 - WARNING - The .bam file refers to a chromosome 'KI270722.1-' not present in the annotation (.gtf) file
2020-08-27 21:49:03,898 - DEBUG - Marking up chromosome GL000194.1
2020-08-27 21:49:03,898 - WARNING - The .bam file refers to a chromosome 'GL000194.1+' not present in the annotation (.gtf) file
2020-08-27 21:49:04,100 - DEBUG - Marking up chromosome KI270742.1
2020-08-27 21:49:04,100 - WARNING - The .bam file refers to a chromosome 'KI270742.1+' not present in the annotation (.gtf) file
2020-08-27 21:49:04,100 - WARNING - The .bam file refers to a chromosome 'KI270742.1-' not present in the annotation (.gtf) file
2020-08-27 21:49:04,143 - DEBUG - Read first 340 million reads
2020-08-27 21:49:04,172 - DEBUG - Marking up chromosome GL000205.2
2020-08-27 21:49:04,172 - WARNING - The .bam file refers to a chromosome 'GL000205.2+' not present in the annotation (.gtf) file
2020-08-27 21:49:04,351 - DEBUG - Marking up chromosome GL000195.1
2020-08-27 21:49:04,455 - DEBUG - Marking up chromosome KI270736.1
2020-08-27 21:49:04,455 - WARNING - The .bam file refers to a chromosome 'KI270736.1+' not present in the annotation (.gtf) file
2020-08-27 21:49:04,455 - WARNING - The .bam file refers to a chromosome 'KI270736.1-' not present in the annotation (.gtf) file
2020-08-27 21:49:04,455 - DEBUG - Marking up chromosome KI270733.1
2020-08-27 21:49:04,455 - WARNING - The .bam file refers to a chromosome 'KI270733.1+' not present in the annotation (.gtf) file
2020-08-27 21:49:04,455 - WARNING - The .bam file refers to a chromosome 'KI270733.1-' not present in the annotation (.gtf) file
2020-08-27 21:49:19,626 - DEBUG - Marking up chromosome GL000224.1
2020-08-27 21:49:19,626 - WARNING - The .bam file refers to a chromosome 'GL000224.1+' not present in the annotation (.gtf) file
2020-08-27 21:49:19,626 - WARNING - The .bam file refers to a chromosome 'GL000224.1-' not present in the annotation (.gtf) file
2020-08-27 21:49:19,681 - DEBUG - Marking up chromosome GL000219.1
2020-08-27 21:49:19,681 - WARNING - The .bam file refers to a chromosome 'GL000219.1+' not present in the annotation (.gtf) file
2020-08-27 21:49:19,906 - DEBUG - Marking up chromosome KI270719.1
2020-08-27 21:49:19,906 - WARNING - The .bam file refers to a chromosome 'KI270719.1+' not present in the annotation (.gtf) file
2020-08-27 21:49:19,906 - WARNING - The .bam file refers to a chromosome 'KI270719.1-' not present in the annotation (.gtf) file
2020-08-27 21:49:19,926 - DEBUG - Marking up chromosome GL000216.2
2020-08-27 21:49:19,926 - WARNING - The .bam file refers to a chromosome 'GL000216.2+' not present in the annotation (.gtf) file
2020-08-27 21:49:19,926 - WARNING - The .bam file refers to a chromosome 'GL000216.2-' not present in the annotation (.gtf) file
2020-08-27 21:49:19,928 - DEBUG - Marking up chromosome KI270712.1
2020-08-27 21:49:19,928 - WARNING - The .bam file refers to a chromosome 'KI270712.1+' not present in the annotation (.gtf) file
2020-08-27 21:49:19,928 - WARNING - The .bam file refers to a chromosome 'KI270712.1-' not present in the annotation (.gtf) file
2020-08-27 21:49:19,936 - DEBUG - Marking up chromosome KI270706.1
2020-08-27 21:49:19,936 - WARNING - The .bam file refers to a chromosome 'KI270706.1+' not present in the annotation (.gtf) file
2020-08-27 21:49:19,936 - WARNING - The .bam file refers to a chromosome 'KI270706.1-' not present in the annotation (.gtf) file
2020-08-27 21:49:20,202 - DEBUG - Marking up chromosome KI270725.1
2020-08-27 21:49:20,202 - WARNING - The .bam file refers to a chromosome 'KI270725.1+' not present in the annotation (.gtf) file
2020-08-27 21:49:20,202 - WARNING - The .bam file refers to a chromosome 'KI270725.1-' not present in the annotation (.gtf) file
2020-08-27 21:49:20,204 - DEBUG - Marking up chromosome KI270744.1
2020-08-27 21:49:20,204 - WARNING - The .bam file refers to a chromosome 'KI270744.1+' not present in the annotation (.gtf) file
2020-08-27 21:49:20,204 - WARNING - The .bam file refers to a chromosome 'KI270744.1-' not present in the annotation (.gtf) file
2020-08-27 21:49:20,317 - DEBUG - Marking up chromosome KI270734.1
2020-08-27 21:49:20,332 - DEBUG - Marking up chromosome GL000213.1
2020-08-27 21:49:20,332 - WARNING - The .bam file refers to a chromosome 'GL000213.1+' not present in the annotation (.gtf) file
2020-08-27 21:49:20,334 - DEBUG - Marking up chromosome GL000220.1
2020-08-27 21:49:20,334 - WARNING - The .bam file refers to a chromosome 'GL000220.1+' not present in the annotation (.gtf) file
2020-08-27 21:49:20,334 - WARNING - The .bam file refers to a chromosome 'GL000220.1-' not present in the annotation (.gtf) file
2020-08-27 21:49:26,869 - DEBUG - Read first 350 million reads
2020-08-27 21:49:35,315 - DEBUG - Marking up chromosome KI270715.1
2020-08-27 21:49:35,315 - WARNING - The .bam file refers to a chromosome 'KI270715.1+' not present in the annotation (.gtf) file
2020-08-27 21:49:35,315 - WARNING - The .bam file refers to a chromosome 'KI270715.1-' not present in the annotation (.gtf) file
2020-08-27 21:49:35,316 - DEBUG - Marking up chromosome GL000218.1
2020-08-27 21:49:35,316 - WARNING - The .bam file refers to a chromosome 'GL000218.1+' not present in the annotation (.gtf) file
2020-08-27 21:49:35,602 - DEBUG - Marking up chromosome KI270749.1
2020-08-27 21:49:35,602 - WARNING - The .bam file refers to a chromosome 'KI270749.1+' not present in the annotation (.gtf) file
2020-08-27 21:49:35,603 - WARNING - The .bam file refers to a chromosome 'KI270749.1-' not present in the annotation (.gtf) file
2020-08-27 21:49:35,611 - DEBUG - Marking up chromosome KI270741.1
2020-08-27 21:49:35,611 - WARNING - The .bam file refers to a chromosome 'KI270741.1+' not present in the annotation (.gtf) file
2020-08-27 21:49:35,611 - WARNING - The .bam file refers to a chromosome 'KI270741.1-' not present in the annotation (.gtf) file
2020-08-27 21:49:35,633 - DEBUG - Marking up chromosome GL000221.1
2020-08-27 21:49:35,633 - WARNING - The .bam file refers to a chromosome 'GL000221.1+' not present in the annotation (.gtf) file
2020-08-27 21:49:35,633 - WARNING - The .bam file refers to a chromosome 'GL000221.1-' not present in the annotation (.gtf) file
2020-08-27 21:49:35,699 - DEBUG - Marking up chromosome KI270716.1
2020-08-27 21:49:35,699 - WARNING - The .bam file refers to a chromosome 'KI270716.1+' not present in the annotation (.gtf) file
2020-08-27 21:49:35,699 - WARNING - The .bam file refers to a chromosome 'KI270716.1-' not present in the annotation (.gtf) file
2020-08-27 21:49:35,700 - DEBUG - Marking up chromosome KI270731.1
2020-08-27 21:49:35,700 - WARNING - The .bam file refers to a chromosome 'KI270731.1+' not present in the annotation (.gtf) file
2020-08-27 21:49:35,714 - DEBUG - Marking up chromosome KI270751.1
2020-08-27 21:49:35,715 - WARNING - The .bam file refers to a chromosome 'KI270751.1+' not present in the annotation (.gtf) file
2020-08-27 21:49:35,715 - WARNING - The .bam file refers to a chromosome 'KI270751.1-' not present in the annotation (.gtf) file
2020-08-27 21:49:35,729 - DEBUG - Marking up chromosome KI270750.1
2020-08-27 21:49:35,729 - WARNING - The .bam file refers to a chromosome 'KI270750.1+' not present in the annotation (.gtf) file
2020-08-27 21:49:35,729 - WARNING - The .bam file refers to a chromosome 'KI270750.1-' not present in the annotation (.gtf) file
2020-08-27 21:49:35,729 - DEBUG - Marking up chromosome KI270519.1
2020-08-27 21:49:35,729 - WARNING - The .bam file refers to a chromosome 'KI270519.1+' not present in the annotation (.gtf) file
2020-08-27 21:49:35,729 - WARNING - The .bam file refers to a chromosome 'KI270519.1-' not present in the annotation (.gtf) file
2020-08-27 21:49:35,732 - DEBUG - Marking up chromosome GL000214.1
2020-08-27 21:49:35,732 - WARNING - The .bam file refers to a chromosome 'GL000214.1+' not present in the annotation (.gtf) file
2020-08-27 21:49:35,732 - WARNING - The .bam file refers to a chromosome 'GL000214.1-' not present in the annotation (.gtf) file
2020-08-27 21:49:35,753 - DEBUG - Marking up chromosome KI270708.1
2020-08-27 21:49:35,753 - WARNING - The .bam file refers to a chromosome 'KI270708.1+' not present in the annotation (.gtf) file
2020-08-27 21:49:35,753 - WARNING - The .bam file refers to a chromosome 'KI270708.1-' not present in the annotation (.gtf) file
2020-08-27 21:49:35,754 - DEBUG - Marking up chromosome KI270438.1
2020-08-27 21:49:35,754 - WARNING - The .bam file refers to a chromosome 'KI270438.1+' not present in the annotation (.gtf) file
2020-08-27 21:49:35,754 - WARNING - The .bam file refers to a chromosome 'KI270438.1-' not present in the annotation (.gtf) file
2020-08-27 21:49:35,756 - DEBUG - Marking up chromosome KI270737.1
2020-08-27 21:49:35,756 - WARNING - The .bam file refers to a chromosome 'KI270737.1+' not present in the annotation (.gtf) file
2020-08-27 21:49:35,756 - WARNING - The .bam file refers to a chromosome 'KI270737.1-' not present in the annotation (.gtf) file
2020-08-27 21:49:35,756 - DEBUG - Marking up chromosome KI270721.1
2020-08-27 21:49:35,756 - WARNING - The .bam file refers to a chromosome 'KI270721.1-' not present in the annotation (.gtf) file
2020-08-27 21:49:35,792 - DEBUG - Marking up chromosome KI270738.1
2020-08-27 21:49:35,792 - WARNING - The .bam file refers to a chromosome 'KI270738.1+' not present in the annotation (.gtf) file
2020-08-27 21:49:35,792 - WARNING - The .bam file refers to a chromosome 'KI270738.1-' not present in the annotation (.gtf) file
2020-08-27 21:49:35,794 - DEBUG - Marking up chromosome KI270748.1
2020-08-27 21:49:35,795 - WARNING - The .bam file refers to a chromosome 'KI270748.1+' not present in the annotation (.gtf) file
2020-08-27 21:49:35,795 - WARNING - The .bam file refers to a chromosome 'KI270748.1-' not present in the annotation (.gtf) file
2020-08-27 21:49:35,796 - DEBUG - Marking up chromosome KI270435.1
2020-08-27 21:49:35,796 - WARNING - The .bam file refers to a chromosome 'KI270435.1+' not present in the annotation (.gtf) file
2020-08-27 21:49:35,796 - WARNING - The .bam file refers to a chromosome 'KI270435.1-' not present in the annotation (.gtf) file
2020-08-27 21:49:35,796 - DEBUG - Marking up chromosome GL000208.1
2020-08-27 21:49:35,796 - WARNING - The .bam file refers to a chromosome 'GL000208.1+' not present in the annotation (.gtf) file
2020-08-27 21:49:35,796 - WARNING - The .bam file refers to a chromosome 'GL000208.1-' not present in the annotation (.gtf) file
2020-08-27 21:49:35,797 - DEBUG - Marking up chromosome KI270538.1
2020-08-27 21:49:35,797 - WARNING - The .bam file refers to a chromosome 'KI270538.1+' not present in the annotation (.gtf) file
2020-08-27 21:49:35,797 - WARNING - The .bam file refers to a chromosome 'KI270538.1-' not present in the annotation (.gtf) file
2020-08-27 21:49:35,797 - DEBUG - Marking up chromosome KI270709.1
2020-08-27 21:49:35,797 - WARNING - The .bam file refers to a chromosome 'KI270709.1+' not present in the annotation (.gtf) file
2020-08-27 21:49:35,797 - WARNING - The .bam file refers to a chromosome 'KI270709.1-' not present in the annotation (.gtf) file
2020-08-27 21:49:35,798 - DEBUG - Marking up chromosome KI270746.1
2020-08-27 21:49:35,798 - WARNING - The .bam file refers to a chromosome 'KI270746.1+' not present in the annotation (.gtf) file
2020-08-27 21:49:35,798 - WARNING - The .bam file refers to a chromosome 'KI270746.1-' not present in the annotation (.gtf) file
2020-08-27 21:49:35,800 - DEBUG - Marking up chromosome KI270753.1
2020-08-27 21:49:35,800 - WARNING - The .bam file refers to a chromosome 'KI270753.1+' not present in the annotation (.gtf) file
2020-08-27 21:49:35,801 - WARNING - The .bam file refers to a chromosome 'KI270753.1-' not present in the annotation (.gtf) file
2020-08-27 21:49:35,801 - DEBUG - Marking up chromosome KI270589.1
2020-08-27 21:49:35,801 - WARNING - The .bam file refers to a chromosome 'KI270589.1+' not present in the annotation (.gtf) file
2020-08-27 21:49:35,801 - WARNING - The .bam file refers to a chromosome 'KI270589.1-' not present in the annotation (.gtf) file
2020-08-27 21:49:35,802 - DEBUG - Marking up chromosome KI270726.1
2020-08-27 21:49:35,802 - WARNING - The .bam file refers to a chromosome 'KI270726.1-' not present in the annotation (.gtf) file
2020-08-27 21:49:35,804 - DEBUG - Marking up chromosome KI270711.1
2020-08-27 21:49:35,804 - WARNING - The .bam file refers to a chromosome 'KI270711.1+' not present in the annotation (.gtf) file
2020-08-27 21:49:35,880 - DEBUG - Marking up chromosome KI270745.1
2020-08-27 21:49:35,880 - WARNING - The .bam file refers to a chromosome 'KI270745.1+' not present in the annotation (.gtf) file
2020-08-27 21:49:35,880 - WARNING - The .bam file refers to a chromosome 'KI270745.1-' not present in the annotation (.gtf) file
2020-08-27 21:49:35,906 - DEBUG - Marking up chromosome KI270714.1
2020-08-27 21:49:35,906 - WARNING - The .bam file refers to a chromosome 'KI270714.1+' not present in the annotation (.gtf) file
2020-08-27 21:49:35,906 - WARNING - The .bam file refers to a chromosome 'KI270714.1-' not present in the annotation (.gtf) file
2020-08-27 21:49:35,912 - DEBUG - Marking up chromosome KI270732.1
2020-08-27 21:49:35,912 - WARNING - The .bam file refers to a chromosome 'KI270732.1+' not present in the annotation (.gtf) file
2020-08-27 21:49:35,912 - WARNING - The .bam file refers to a chromosome 'KI270732.1-' not present in the annotation (.gtf) file
2020-08-27 21:49:35,913 - DEBUG - Marking up chromosome KI270713.1
2020-08-27 21:49:35,928 - DEBUG - Marking up chromosome KI270754.1
2020-08-27 21:49:35,928 - WARNING - The .bam file refers to a chromosome 'KI270754.1+' not present in the annotation (.gtf) file
2020-08-27 21:49:35,928 - WARNING - The .bam file refers to a chromosome 'KI270754.1-' not present in the annotation (.gtf) file
2020-08-27 21:49:35,928 - DEBUG - Marking up chromosome KI270710.1
2020-08-27 21:49:35,928 - WARNING - The .bam file refers to a chromosome 'KI270710.1+' not present in the annotation (.gtf) file
2020-08-27 21:49:35,928 - WARNING - The .bam file refers to a chromosome 'KI270710.1-' not present in the annotation (.gtf) file
2020-08-27 21:49:35,929 - DEBUG - Marking up chromosome KI270717.1
2020-08-27 21:49:35,930 - WARNING - The .bam file refers to a chromosome 'KI270717.1+' not present in the annotation (.gtf) file
2020-08-27 21:49:35,930 - WARNING - The .bam file refers to a chromosome 'KI270717.1-' not present in the annotation (.gtf) file
2020-08-27 21:49:35,934 - DEBUG - Marking up chromosome KI270724.1
2020-08-27 21:49:35,934 - WARNING - The .bam file refers to a chromosome 'KI270724.1+' not present in the annotation (.gtf) file
2020-08-27 21:49:35,934 - WARNING - The .bam file refers to a chromosome 'KI270724.1-' not present in the annotation (.gtf) file
2020-08-27 21:49:35,935 - DEBUG - Marking up chromosome KI270720.1
2020-08-27 21:49:35,935 - WARNING - The .bam file refers to a chromosome 'KI270720.1+' not present in the annotation (.gtf) file
2020-08-27 21:49:35,935 - WARNING - The .bam file refers to a chromosome 'KI270720.1-' not present in the annotation (.gtf) file
2020-08-27 21:49:35,937 - DEBUG - Marking up chromosome KI270723.1
2020-08-27 21:49:35,937 - WARNING - The .bam file refers to a chromosome 'KI270723.1+' not present in the annotation (.gtf) file
2020-08-27 21:49:35,937 - WARNING - The .bam file refers to a chromosome 'KI270723.1-' not present in the annotation (.gtf) file
2020-08-27 21:49:35,939 - DEBUG - Marking up chromosome KI270718.1
2020-08-27 21:49:35,939 - WARNING - The .bam file refers to a chromosome 'KI270718.1+' not present in the annotation (.gtf) file
2020-08-27 21:49:35,939 - WARNING - The .bam file refers to a chromosome 'KI270718.1-' not present in the annotation (.gtf) file
2020-08-27 21:49:35,969 - DEBUG - Marking up chromosome KI270755.1
2020-08-27 21:49:35,969 - WARNING - The .bam file refers to a chromosome 'KI270755.1+' not present in the annotation (.gtf) file
2020-08-27 21:49:35,969 - WARNING - The .bam file refers to a chromosome 'KI270755.1-' not present in the annotation (.gtf) file
2020-08-27 21:49:35,969 - DEBUG - Marking up chromosome KI270707.1
2020-08-27 21:49:35,969 - WARNING - The .bam file refers to a chromosome 'KI270707.1+' not present in the annotation (.gtf) file
2020-08-27 21:49:35,969 - WARNING - The .bam file refers to a chromosome 'KI270707.1-' not present in the annotation (.gtf) file
2020-08-27 21:49:35,977 - DEBUG - Marking up chromosome KI270311.1
2020-08-27 21:49:35,977 - WARNING - The .bam file refers to a chromosome 'KI270311.1+' not present in the annotation (.gtf) file
2020-08-27 21:49:35,977 - WARNING - The .bam file refers to a chromosome 'KI270311.1-' not present in the annotation (.gtf) file
2020-08-27 21:49:35,977 - DEBUG - Marking up chromosome KI270467.1
2020-08-27 21:49:35,978 - WARNING - The .bam file refers to a chromosome 'KI270467.1+' not present in the annotation (.gtf) file
2020-08-27 21:49:35,978 - WARNING - The .bam file refers to a chromosome 'KI270467.1-' not present in the annotation (.gtf) file
2020-08-27 21:49:35,979 - DEBUG - Marking up chromosome KI270304.1
2020-08-27 21:49:35,979 - WARNING - The .bam file refers to a chromosome 'KI270304.1+' not present in the annotation (.gtf) file
2020-08-27 21:49:35,979 - WARNING - The .bam file refers to a chromosome 'KI270304.1-' not present in the annotation (.gtf) file
2020-08-27 21:49:35,980 - DEBUG - Marking up chromosome KI270330.1
2020-08-27 21:49:35,980 - WARNING - The .bam file refers to a chromosome 'KI270330.1+' not present in the annotation (.gtf) file
2020-08-27 21:49:35,980 - WARNING - The .bam file refers to a chromosome 'KI270330.1-' not present in the annotation (.gtf) file
2020-08-27 21:49:35,985 - DEBUG - Marking up chromosome KI270429.1
2020-08-27 21:49:35,985 - WARNING - The .bam file refers to a chromosome 'KI270429.1+' not present in the annotation (.gtf) file
2020-08-27 21:49:35,985 - WARNING - The .bam file refers to a chromosome 'KI270429.1-' not present in the annotation (.gtf) file
2020-08-27 21:49:35,985 - DEBUG - Marking up chromosome KI270466.1
2020-08-27 21:49:35,985 - WARNING - The .bam file refers to a chromosome 'KI270466.1+' not present in the annotation (.gtf) file
2020-08-27 21:49:35,985 - WARNING - The .bam file refers to a chromosome 'KI270466.1-' not present in the annotation (.gtf) file
2020-08-27 21:49:35,986 - DEBUG - Marking up chromosome KI270544.1
2020-08-27 21:49:35,986 - WARNING - The .bam file refers to a chromosome 'KI270544.1+' not present in the annotation (.gtf) file
2020-08-27 21:49:35,986 - WARNING - The .bam file refers to a chromosome 'KI270544.1-' not present in the annotation (.gtf) file
2020-08-27 21:49:35,986 - DEBUG - Marking up chromosome KI270337.1
2020-08-27 21:49:35,986 - WARNING - The .bam file refers to a chromosome 'KI270337.1+' not present in the annotation (.gtf) file
2020-08-27 21:49:35,986 - WARNING - The .bam file refers to a chromosome 'KI270337.1-' not present in the annotation (.gtf) file
2020-08-27 21:49:48,033 - DEBUG - Read first 360 million reads
2020-08-27 21:50:00,683 - DEBUG - End of file. Reset index: start scanning from initial position.
2020-08-27 21:50:00,683 - DEBUG - 5709442 reads were skipped because no apropiate cell or umi barcode was found
2020-08-27 21:50:00,683 - DEBUG - Start molecule counting!
2020-08-27 21:50:04,741 - DEBUG - Features available for chromosomes : ['1-', '1+', '10-', '10+', '11-', '11+', '12-', '12+', '13-', '13+', '14-', '14+', '15-', '15+', '16-', '16+', '17-', '17+', '18-', '18+', '19-', '19+', '2-', '2+', '20-', '20+', '21-', '21+', '22-', '22+', '3-', '3+', '4-', '4+', '5-', '5+', '6-', '6+', '7-', '7+', '8-', '8+', '9-', '9+', 'GL000009.2-', 'GL000194.1-', 'GL000195.1-', 'GL000195.1+', 'GL000205.2-', 'GL000213.1-', 'GL000218.1-', 'GL000219.1-', 'KI270711.1-', 'KI270713.1-', 'KI270713.1+', 'KI270721.1+', 'KI270726.1+', 'KI270727.1-', 'KI270727.1+', 'KI270728.1-', 'KI270728.1+', 'KI270731.1-', 'KI270734.1-', 'KI270734.1+', 'MT-', 'MT+', 'X-', 'X+', 'Y-', 'Y+']
2020-08-27 21:50:04,742 - DEBUG - Mask available for chromosomes : []
2020-08-27 21:50:04,742 - DEBUG - Summarizing the results of intron validation.
2020-08-27 21:50:05,474 - DEBUG - Validated 594067 introns (of which unique intervals 190047) out of 996444 total possible introns (considering each possible transcript models).
2020-08-27 21:50:05,474 - DEBUG - Reading /net/isi-dcnl/ifs/user_data/abild/Megatron_data/COH064/FEL041043.mRNA/FEL041_count03/FEL041_S/outs/cellsorted_possorted_genome_bam.bam
2020-08-27 21:50:05,514 - DEBUG - Read first 0 million reads
2020-08-27 21:50:40,841 - DEBUG - Read first 10 million reads
2020-08-27 21:51:17,841 - DEBUG - Counting for batch 1, containing 100 cells and 1940393 reads
2020-08-27 21:52:23,561 - DEBUG - 0 reads not considered because fully enclosed in repeat masked regions
2020-08-27 21:53:15,282 - DEBUG - Counting for batch 2, containing 100 cells and 2073022 reads
2020-08-27 21:54:26,722 - DEBUG - 0 reads not considered because fully enclosed in repeat masked regions
2020-08-27 21:55:02,797 - DEBUG - Read first 20 million reads
2020-08-27 21:55:17,755 - DEBUG - Counting for batch 3, containing 100 cells and 2059024 reads
2020-08-27 21:56:32,431 - DEBUG - 0 reads not considered because fully enclosed in repeat masked regions
2020-08-27 21:57:24,519 - DEBUG - Counting for batch 4, containing 100 cells and 2262753 reads
2020-08-27 21:58:40,904 - DEBUG - 0 reads not considered because fully enclosed in repeat masked regions
2020-08-27 21:59:30,654 - DEBUG - Counting for batch 5, containing 100 cells and 1806678 reads
2020-08-27 22:00:31,318 - DEBUG - 0 reads not considered because fully enclosed in repeat masked regions
2020-08-27 22:01:00,517 - DEBUG - Read first 30 million reads
2020-08-27 22:01:22,641 - DEBUG - Counting for batch 6, containing 100 cells and 2099238 reads
2020-08-27 22:02:38,322 - DEBUG - 0 reads not considered because fully enclosed in repeat masked regions
2020-08-27 22:03:29,141 - DEBUG - Counting for batch 7, containing 100 cells and 2195287 reads
2020-08-27 22:04:47,854 - DEBUG - 0 reads not considered because fully enclosed in repeat masked regions
2020-08-27 22:05:41,170 - DEBUG - Counting for batch 8, containing 100 cells and 2384734 reads
2020-08-27 22:07:05,682 - DEBUG - 0 reads not considered because fully enclosed in repeat masked regions
2020-08-27 22:07:30,496 - DEBUG - Read first 40 million reads
2020-08-27 22:07:57,265 - DEBUG - Counting for batch 9, containing 100 cells and 2101392 reads
2020-08-27 22:09:09,941 - DEBUG - 0 reads not considered because fully enclosed in repeat masked regions
2020-08-27 22:10:02,240 - DEBUG - Counting for batch 10, containing 100 cells and 2117559 reads
2020-08-27 22:11:14,650 - DEBUG - 0 reads not considered because fully enclosed in repeat masked regions
2020-08-27 22:12:10,172 - DEBUG - Counting for batch 11, containing 100 cells and 2213294 reads
2020-08-27 22:13:30,390 - DEBUG - 0 reads not considered because fully enclosed in repeat masked regions
2020-08-27 22:13:49,481 - DEBUG - Read first 50 million reads
2020-08-27 22:14:16,300 - DEBUG - Counting for batch 12, containing 100 cells and 1979495 reads
2020-08-27 22:15:28,218 - DEBUG - 0 reads not considered because fully enclosed in repeat masked regions
2020-08-27 22:16:19,878 - DEBUG - Counting for batch 13, containing 100 cells and 2308358 reads
2020-08-27 22:17:37,414 - DEBUG - 0 reads not considered because fully enclosed in repeat masked regions
2020-08-27 22:18:30,877 - DEBUG - Counting for batch 14, containing 100 cells and 2080269 reads
2020-08-27 22:19:44,242 - DEBUG - 0 reads not considered because fully enclosed in repeat masked regions
2020-08-27 22:20:00,852 - DEBUG - Read first 60 million reads
2020-08-27 22:20:30,927 - DEBUG - Counting for batch 15, containing 100 cells and 1928038 reads
2020-08-27 22:21:39,673 - DEBUG - 0 reads not considered because fully enclosed in repeat masked regions
2020-08-27 22:22:25,609 - DEBUG - Counting for batch 16, containing 100 cells and 1803292 reads
2020-08-27 22:23:31,805 - DEBUG - 0 reads not considered because fully enclosed in repeat masked regions
2020-08-27 22:24:21,023 - DEBUG - Counting for batch 17, containing 100 cells and 2302955 reads
2020-08-27 22:25:43,176 - DEBUG - 0 reads not considered because fully enclosed in repeat masked regions
2020-08-27 22:26:02,455 - DEBUG - Read first 70 million reads
2020-08-27 22:26:33,345 - DEBUG - Counting for batch 18, containing 100 cells and 2006347 reads
2020-08-27 22:27:41,511 - DEBUG - 0 reads not considered because fully enclosed in repeat masked regions
2020-08-27 22:28:34,422 - DEBUG - Counting for batch 19, containing 100 cells and 2128995 reads
2020-08-27 22:29:50,632 - DEBUG - 0 reads not considered because fully enclosed in repeat masked regions
2020-08-27 22:30:37,005 - DEBUG - Counting for batch 20, containing 100 cells and 1841672 reads
2020-08-27 22:31:40,805 - DEBUG - 0 reads not considered because fully enclosed in repeat masked regions
2020-08-27 22:31:56,869 - DEBUG - Read first 80 million reads
2020-08-27 22:32:28,216 - DEBUG - Counting for batch 21, containing 100 cells and 1914297 reads
2020-08-27 22:33:38,848 - DEBUG - 0 reads not considered because fully enclosed in repeat masked regions
2020-08-27 22:34:21,894 - DEBUG - Counting for batch 22, containing 100 cells and 1708231 reads
2020-08-27 22:35:24,904 - DEBUG - 0 reads not considered because fully enclosed in repeat masked regions
2020-08-27 22:36:12,946 - DEBUG - Counting for batch 23, containing 100 cells and 2182874 reads
2020-08-27 22:37:31,056 - DEBUG - 0 reads not considered because fully enclosed in repeat masked regions
2020-08-27 22:37:52,702 - DEBUG - Read first 90 million reads
2020-08-27 22:38:26,710 - DEBUG - Counting for batch 24, containing 100 cells and 2256462 reads
2020-08-27 22:39:42,462 - DEBUG - 0 reads not considered because fully enclosed in repeat masked regions
2020-08-27 22:40:35,491 - DEBUG - Counting for batch 25, containing 100 cells and 1965884 reads
2020-08-27 22:41:43,668 - DEBUG - 0 reads not considered because fully enclosed in repeat masked regions
2020-08-27 22:42:33,068 - DEBUG - Counting for batch 26, containing 100 cells and 1848962 reads
2020-08-27 22:43:36,899 - DEBUG - 0 reads not considered because fully enclosed in repeat masked regions
2020-08-27 22:43:56,639 - DEBUG - Read first 100 million reads
2020-08-27 22:44:28,269 - DEBUG - Counting for batch 27, containing 100 cells and 2055993 reads
2020-08-27 22:45:43,513 - DEBUG - 0 reads not considered because fully enclosed in repeat masked regions
2020-08-27 22:46:39,740 - DEBUG - Counting for batch 28, containing 100 cells and 2546955 reads
2020-08-27 22:48:12,554 - DEBUG - 0 reads not considered because fully enclosed in repeat masked regions
2020-08-27 22:49:00,066 - DEBUG - Read first 110 million reads
2020-08-27 22:49:02,060 - DEBUG - Counting for batch 29, containing 100 cells and 2002142 reads
2020-08-27 22:50:14,805 - DEBUG - 0 reads not considered because fully enclosed in repeat masked regions
2020-08-27 22:50:59,019 - DEBUG - Counting for batch 30, containing 100 cells and 1885144 reads
2020-08-27 22:52:07,750 - DEBUG - 0 reads not considered because fully enclosed in repeat masked regions
2020-08-27 22:52:50,891 - DEBUG - Counting for batch 31, containing 100 cells and 1973429 reads
2020-08-27 22:54:01,689 - DEBUG - 0 reads not considered because fully enclosed in repeat masked regions
2020-08-27 22:54:49,840 - DEBUG - Counting for batch 32, containing 100 cells and 2003753 reads
2020-08-27 22:56:03,836 - DEBUG - 0 reads not considered because fully enclosed in repeat masked regions
2020-08-27 22:56:21,086 - DEBUG - Read first 120 million reads
2020-08-27 22:56:50,297 - DEBUG - Counting for batch 33, containing 100 cells and 2085860 reads
2020-08-27 22:58:04,545 - DEBUG - 0 reads not considered because fully enclosed in repeat masked regions
2020-08-27 22:59:00,216 - DEBUG - Counting for batch 34, containing 100 cells and 2376408 reads
2020-08-27 23:00:26,317 - DEBUG - 0 reads not considered because fully enclosed in repeat masked regions
2020-08-27 23:01:16,855 - DEBUG - Read first 130 million reads
2020-08-27 23:01:23,044 - DEBUG - Counting for batch 35, containing 100 cells and 2137747 reads
2020-08-27 23:02:39,225 - DEBUG - 0 reads not considered because fully enclosed in repeat masked regions
2020-08-27 23:03:29,969 - DEBUG - Counting for batch 36, containing 100 cells and 1944126 reads
2020-08-27 23:04:37,867 - DEBUG - 0 reads not considered because fully enclosed in repeat masked regions
2020-08-27 23:05:24,972 - DEBUG - Counting for batch 37, containing 100 cells and 1793726 reads
2020-08-27 23:06:27,449 - DEBUG - 0 reads not considered because fully enclosed in repeat masked regions
2020-08-27 23:07:15,087 - DEBUG - Read first 140 million reads
2020-08-27 23:07:19,693 - DEBUG - Counting for batch 38, containing 100 cells and 2220695 reads
2020-08-27 23:08:35,949 - DEBUG - 0 reads not considered because fully enclosed in repeat masked regions
2020-08-27 23:09:27,984 - DEBUG - Counting for batch 39, containing 100 cells and 1923007 reads
2020-08-27 23:10:36,922 - DEBUG - 0 reads not considered because fully enclosed in repeat masked regions
2020-08-27 23:11:31,943 - DEBUG - Counting for batch 40, containing 100 cells and 2293946 reads
2020-08-27 23:12:56,207 - DEBUG - 0 reads not considered because fully enclosed in repeat masked regions
2020-08-27 23:13:36,951 - DEBUG - Read first 150 million reads
2020-08-27 23:13:44,244 - DEBUG - Counting for batch 41, containing 100 cells and 1939450 reads
2020-08-27 23:14:53,590 - DEBUG - 0 reads not considered because fully enclosed in repeat masked regions
2020-08-27 23:15:37,578 - DEBUG - Counting for batch 42, containing 100 cells and 1821243 reads
2020-08-27 23:16:40,924 - DEBUG - 0 reads not considered because fully enclosed in repeat masked regions
2020-08-27 23:17:28,492 - DEBUG - Counting for batch 43, containing 100 cells and 1961429 reads
2020-08-27 23:18:38,937 - DEBUG - 0 reads not considered because fully enclosed in repeat masked regions
2020-08-27 23:19:21,290 - DEBUG - Read first 160 million reads
2020-08-27 23:19:24,773 - DEBUG - Counting for batch 44, containing 100 cells and 1843401 reads
2020-08-27 23:20:30,947 - DEBUG - 0 reads not considered because fully enclosed in repeat masked regions
2020-08-27 23:21:16,689 - DEBUG - Counting for batch 45, containing 100 cells and 1917327 reads
2020-08-27 23:22:26,937 - DEBUG - 0 reads not considered because fully enclosed in repeat masked regions
2020-08-27 23:23:21,792 - DEBUG - Counting for batch 46, containing 100 cells and 2506960 reads
2020-08-27 23:24:50,647 - DEBUG - 0 reads not considered because fully enclosed in repeat masked regions
2020-08-27 23:25:35,548 - DEBUG - Read first 170 million reads
2020-08-27 23:25:39,767 - DEBUG - Counting for batch 47, containing 100 cells and 1764972 reads
2020-08-27 23:26:43,245 - DEBUG - 0 reads not considered because fully enclosed in repeat masked regions
2020-08-27 23:27:27,869 - DEBUG - Counting for batch 48, containing 100 cells and 1912103 reads
2020-08-27 23:28:33,801 - DEBUG - 0 reads not considered because fully enclosed in repeat masked regions
2020-08-27 23:29:25,970 - DEBUG - Counting for batch 49, containing 100 cells and 2115128 reads
2020-08-27 23:30:40,619 - DEBUG - 0 reads not considered because fully enclosed in repeat masked regions
2020-08-27 23:31:27,230 - DEBUG - Read first 180 million reads
2020-08-27 23:31:31,866 - DEBUG - Counting for batch 50, containing 100 cells and 2021709 reads
2020-08-27 23:32:45,669 - DEBUG - 0 reads not considered because fully enclosed in repeat masked regions
2020-08-27 23:33:34,001 - DEBUG - Counting for batch 51, containing 100 cells and 2044000 reads
2020-08-27 23:34:44,984 - DEBUG - 0 reads not considered because fully enclosed in repeat masked regions
2020-08-27 23:35:38,702 - DEBUG - Counting for batch 52, containing 100 cells and 2473194 reads
2020-08-27 23:37:05,999 - DEBUG - 0 reads not considered because fully enclosed in repeat masked regions
2020-08-27 23:37:42,602 - DEBUG - Read first 190 million reads
2020-08-27 23:37:52,724 - DEBUG - Counting for batch 53, containing 100 cells and 2263692 reads
2020-08-27 23:39:13,193 - DEBUG - 0 reads not considered because fully enclosed in repeat masked regions
2020-08-27 23:40:02,791 - DEBUG - Counting for batch 54, containing 100 cells and 2193919 reads
2020-08-27 23:41:20,605 - DEBUG - 0 reads not considered because fully enclosed in repeat masked regions
2020-08-27 23:42:06,827 - DEBUG - Counting for batch 55, containing 100 cells and 2262326 reads
2020-08-27 23:43:28,969 - DEBUG - 0 reads not considered because fully enclosed in repeat masked regions
2020-08-27 23:43:59,876 - DEBUG - Read first 200 million reads
2020-08-27 23:44:12,436 - DEBUG - Counting for batch 56, containing 100 cells and 1831797 reads
2020-08-27 23:45:16,366 - DEBUG - 0 reads not considered because fully enclosed in repeat masked regions
2020-08-27 23:46:03,225 - DEBUG - Counting for batch 57, containing 100 cells and 2198778 reads
2020-08-27 23:47:22,728 - DEBUG - 0 reads not considered because fully enclosed in repeat masked regions
2020-08-27 23:48:10,759 - DEBUG - Counting for batch 58, containing 100 cells and 2314437 reads
2020-08-27 23:49:35,129 - DEBUG - 0 reads not considered because fully enclosed in repeat masked regions
2020-08-27 23:50:04,691 - DEBUG - Read first 210 million reads
2020-08-27 23:50:23,370 - DEBUG - Counting for batch 59, containing 100 cells and 2150277 reads
2020-08-27 23:51:43,787 - DEBUG - 0 reads not considered because fully enclosed in repeat masked regions
2020-08-27 23:52:24,683 - DEBUG - Counting for batch 60, containing 100 cells and 1963742 reads
2020-08-27 23:53:35,184 - DEBUG - 0 reads not considered because fully enclosed in repeat masked regions
2020-08-27 23:54:16,841 - DEBUG - Counting for batch 61, containing 100 cells and 1838641 reads
2020-08-27 23:55:19,494 - DEBUG - 0 reads not considered because fully enclosed in repeat masked regions
2020-08-27 23:55:51,520 - DEBUG - Read first 220 million reads
2020-08-27 23:56:04,310 - DEBUG - Counting for batch 62, containing 100 cells and 1907540 reads
2020-08-27 23:57:13,629 - DEBUG - 0 reads not considered because fully enclosed in repeat masked regions
2020-08-27 23:58:02,857 - DEBUG - Counting for batch 63, containing 100 cells and 2555234 reads
2020-08-27 23:59:34,005 - DEBUG - 0 reads not considered because fully enclosed in repeat masked regions
2020-08-28 00:00:18,797 - DEBUG - Counting for batch 64, containing 100 cells and 1702829 reads
2020-08-28 00:01:21,323 - DEBUG - 0 reads not considered because fully enclosed in repeat masked regions
2020-08-28 00:01:47,566 - DEBUG - Read first 230 million reads
2020-08-28 00:02:01,648 - DEBUG - Counting for batch 65, containing 100 cells and 1884315 reads
2020-08-28 00:03:07,329 - DEBUG - 0 reads not considered because fully enclosed in repeat masked regions
2020-08-28 00:03:51,921 - DEBUG - Counting for batch 66, containing 100 cells and 1944661 reads
2020-08-28 00:04:58,584 - DEBUG - 0 reads not considered because fully enclosed in repeat masked regions
2020-08-28 00:05:46,231 - DEBUG - Counting for batch 67, containing 100 cells and 2096986 reads
2020-08-28 00:07:02,004 - DEBUG - 0 reads not considered because fully enclosed in repeat masked regions
2020-08-28 00:07:32,529 - DEBUG - Read first 240 million reads
2020-08-28 00:07:48,625 - DEBUG - Counting for batch 68, containing 100 cells and 2093627 reads
2020-08-28 00:09:01,102 - DEBUG - 0 reads not considered because fully enclosed in repeat masked regions
2020-08-28 00:09:49,719 - DEBUG - Counting for batch 69, containing 100 cells and 2029962 reads
2020-08-28 00:11:04,159 - DEBUG - 0 reads not considered because fully enclosed in repeat masked regions
2020-08-28 00:11:53,381 - DEBUG - Counting for batch 70, containing 100 cells and 2512510 reads
2020-08-28 00:13:20,985 - DEBUG - 0 reads not considered because fully enclosed in repeat masked regions
2020-08-28 00:13:49,592 - DEBUG - Read first 250 million reads
2020-08-28 00:14:05,787 - DEBUG - Counting for batch 71, containing 100 cells and 1734401 reads
2020-08-28 00:15:04,877 - DEBUG - 0 reads not considered because fully enclosed in repeat masked regions
2020-08-28 00:15:49,338 - DEBUG - Counting for batch 72, containing 100 cells and 1718230 reads
2020-08-28 00:16:48,217 - DEBUG - 0 reads not considered because fully enclosed in repeat masked regions
2020-08-28 00:17:33,974 - DEBUG - Counting for batch 73, containing 100 cells and 1800959 reads
2020-08-28 00:18:39,452 - DEBUG - 0 reads not considered because fully enclosed in repeat masked regions
2020-08-28 00:19:16,060 - DEBUG - Read first 260 million reads
2020-08-28 00:19:22,781 - DEBUG - Counting for batch 74, containing 100 cells and 1762216 reads
2020-08-28 00:20:24,120 - DEBUG - 0 reads not considered because fully enclosed in repeat masked regions
2020-08-28 00:21:12,886 - DEBUG - Counting for batch 75, containing 100 cells and 1963287 reads
2020-08-28 00:22:20,899 - DEBUG - 0 reads not considered because fully enclosed in repeat masked regions
2020-08-28 00:23:09,294 - DEBUG - Counting for batch 76, containing 100 cells and 1864173 reads
2020-08-28 00:24:16,801 - DEBUG - 0 reads not considered because fully enclosed in repeat masked regions
2020-08-28 00:25:02,915 - DEBUG - Read first 270 million reads
2020-08-28 00:25:03,703 - DEBUG - Counting for batch 77, containing 100 cells and 1915980 reads
2020-08-28 00:26:10,291 - DEBUG - 0 reads not considered because fully enclosed in repeat masked regions
2020-08-28 00:27:04,431 - DEBUG - Counting for batch 78, containing 100 cells and 2171952 reads
2020-08-28 00:28:22,790 - DEBUG - 0 reads not considered because fully enclosed in repeat masked regions
2020-08-28 00:29:10,720 - DEBUG - Counting for batch 79, containing 100 cells and 2072534 reads
2020-08-28 00:30:25,455 - DEBUG - 0 reads not considered because fully enclosed in repeat masked regions
2020-08-28 00:31:13,027 - DEBUG - Read first 280 million reads
2020-08-28 00:31:16,600 - DEBUG - Counting for batch 80, containing 100 cells and 2062967 reads
2020-08-28 00:32:32,329 - DEBUG - 0 reads not considered because fully enclosed in repeat masked regions
2020-08-28 00:33:19,092 - DEBUG - Counting for batch 81, containing 100 cells and 1909162 reads
2020-08-28 00:34:27,672 - DEBUG - 0 reads not considered because fully enclosed in repeat masked regions
2020-08-28 00:35:15,077 - DEBUG - Counting for batch 82, containing 100 cells and 2120690 reads
2020-08-28 00:36:31,962 - DEBUG - 0 reads not considered because fully enclosed in repeat masked regions
2020-08-28 00:37:20,074 - DEBUG - Read first 290 million reads
2020-08-28 00:37:21,586 - DEBUG - Counting for batch 83, containing 100 cells and 2191711 reads
2020-08-28 00:38:40,871 - DEBUG - 0 reads not considered because fully enclosed in repeat masked regions
2020-08-28 00:39:25,954 - DEBUG - Counting for batch 84, containing 100 cells and 2037407 reads
2020-08-28 00:40:41,374 - DEBUG - 0 reads not considered because fully enclosed in repeat masked regions
2020-08-28 00:41:25,628 - DEBUG - Counting for batch 85, containing 100 cells and 2015588 reads
2020-08-28 00:42:37,963 - DEBUG - 0 reads not considered because fully enclosed in repeat masked regions
2020-08-28 00:43:21,248 - DEBUG - Read first 300 million reads
2020-08-28 00:43:29,517 - DEBUG - Counting for batch 86, containing 100 cells and 2585604 reads
2020-08-28 00:45:00,423 - DEBUG - 0 reads not considered because fully enclosed in repeat masked regions
2020-08-28 00:45:46,456 - DEBUG - Counting for batch 87, containing 100 cells and 1887783 reads
2020-08-28 00:46:53,925 - DEBUG - 0 reads not considered because fully enclosed in repeat masked regions
2020-08-28 00:47:37,397 - DEBUG - Counting for batch 88, containing 100 cells and 1917190 reads
2020-08-28 00:48:44,651 - DEBUG - 0 reads not considered because fully enclosed in repeat masked regions
2020-08-28 00:49:27,806 - DEBUG - Read first 310 million reads
2020-08-28 00:49:34,019 - DEBUG - Counting for batch 89, containing 100 cells and 2213335 reads
2020-08-28 00:50:48,936 - DEBUG - 0 reads not considered because fully enclosed in repeat masked regions
2020-08-28 00:51:32,717 - DEBUG - Counting for batch 90, containing 100 cells and 1651466 reads
2020-08-28 00:52:28,729 - DEBUG - 0 reads not considered because fully enclosed in repeat masked regions
2020-08-28 00:53:12,380 - DEBUG - Counting for batch 91, containing 100 cells and 1851538 reads
2020-08-28 00:54:15,827 - DEBUG - 0 reads not considered because fully enclosed in repeat masked regions
2020-08-28 00:55:00,805 - DEBUG - Read first 320 million reads
2020-08-28 00:55:03,131 - DEBUG - Counting for batch 92, containing 100 cells and 2100303 reads
2020-08-28 00:56:18,528 - DEBUG - 0 reads not considered because fully enclosed in repeat masked regions
2020-08-28 00:57:01,559 - DEBUG - Counting for batch 93, containing 100 cells and 1914108 reads
2020-08-28 00:58:09,380 - DEBUG - 0 reads not considered because fully enclosed in repeat masked regions
2020-08-28 00:58:59,940 - DEBUG - Counting for batch 94, containing 100 cells and 2343495 reads
2020-08-28 01:00:25,184 - DEBUG - 0 reads not considered because fully enclosed in repeat masked regions
2020-08-28 01:01:04,611 - DEBUG - Read first 330 million reads
2020-08-28 01:01:09,206 - DEBUG - Counting for batch 95, containing 100 cells and 1981211 reads
2020-08-28 01:02:20,079 - DEBUG - 0 reads not considered because fully enclosed in repeat masked regions
2020-08-28 01:03:03,172 - DEBUG - Counting for batch 96, containing 100 cells and 2090433 reads
2020-08-28 01:04:18,335 - DEBUG - 0 reads not considered because fully enclosed in repeat masked regions
2020-08-28 01:04:59,573 - DEBUG - Counting for batch 97, containing 100 cells and 1981969 reads
2020-08-28 01:06:10,170 - DEBUG - 0 reads not considered because fully enclosed in repeat masked regions
2020-08-28 01:06:51,762 - DEBUG - Read first 340 million reads
2020-08-28 01:06:53,354 - DEBUG - Counting for batch 98, containing 100 cells and 1894850 reads
2020-08-28 01:07:57,877 - DEBUG - 0 reads not considered because fully enclosed in repeat masked regions
2020-08-28 01:08:38,996 - DEBUG - Counting for batch 99, containing 100 cells and 1584528 reads
2020-08-28 01:09:34,626 - DEBUG - 0 reads not considered because fully enclosed in repeat masked regions
2020-08-28 01:10:15,827 - DEBUG - Counting for batch 100, containing 100 cells and 2026688 reads
2020-08-28 01:11:29,136 - DEBUG - 0 reads not considered because fully enclosed in repeat masked regions
2020-08-28 01:12:12,942 - DEBUG - Counting for batch 101, containing 100 cells and 1933975 reads
2020-08-28 01:13:21,891 - DEBUG - 0 reads not considered because fully enclosed in repeat masked regions
2020-08-28 01:13:41,818 - DEBUG - Read first 350 million reads
2020-08-28 01:14:08,636 - DEBUG - Counting for batch 102, containing 100 cells and 2166415 reads
2020-08-28 01:15:25,639 - DEBUG - 0 reads not considered because fully enclosed in repeat masked regions
2020-08-28 01:16:05,567 - DEBUG - Counting for batch 103, containing 100 cells and 1639826 reads
2020-08-28 01:17:01,845 - DEBUG - 0 reads not considered because fully enclosed in repeat masked regions
2020-08-28 01:17:47,711 - DEBUG - Counting for batch 104, containing 100 cells and 2118219 reads
2020-08-28 01:19:04,418 - DEBUG - 0 reads not considered because fully enclosed in repeat masked regions
2020-08-28 01:19:26,976 - DEBUG - Read first 360 million reads
2020-08-28 01:19:50,139 - DEBUG - Counting for batch 105, containing 100 cells and 1992109 reads
2020-08-28 01:21:04,285 - DEBUG - 0 reads not considered because fully enclosed in repeat masked regions
2020-08-28 01:21:49,979 - DEBUG - Counting for batch 106, containing 100 cells and 2190970 reads
2020-08-28 01:23:04,799 - DEBUG - 0 reads not considered because fully enclosed in repeat masked regions
2020-08-28 01:23:23,531 - DEBUG - Counting for batch 107, containing 9 cells and 162448 reads
2020-08-28 01:23:29,628 - DEBUG - 0 reads not considered because fully enclosed in repeat masked regions
2020-08-28 01:23:30,806 - DEBUG - 5709442 reads were skipped because no apropiate cell or umi barcode was found
2020-08-28 01:23:30,806 - DEBUG - Counting done!
2020-08-28 01:23:30,849 - DEBUG - Generating output file /net/isi-dcnl/ifs/user_data/abild/Megatron_data/COH064/FEL041043.mRNA/FEL041_count03/FEL041_S/velocyto/FEL041_S.loom
2020-08-28 01:23:30,849 - DEBUG - Collecting row attributes
2020-08-28 01:23:30,948 - DEBUG - Generating data table
2020-08-28 01:23:35,423 - DEBUG - Writing loom file
2020-08-28 01:23:59,336 - DEBUG - Terminated Succesfully!
Start: 1598585606
End: 1598603043
Run time: 17437
Done
