CPU: 16
N: 80
Step1: Analyze spliced and unspliced reads and genrate a loom file for velocityR
Run velocyto to generate loom file
2020-08-27 20:15:48,660 - DEBUG - Using logic: Default
2020-08-27 20:15:48,688 - INFO - Read 4235 cell barcodes from /net/isi-dcnl/ifs/user_data/abild/Megatron_data/COH057/feline_p29_40_mRNA/cell_ranger/FEL040_E/outs/filtered_feature_bc_matrix/barcodes.tsv.gz
2020-08-27 20:15:48,688 - DEBUG - Example of barcode: AAACCCAAGAACTCCT and cell_id: FEL040_E:AAACCCAAGAACTCCT-1
2020-08-27 20:15:48,703 - DEBUG - Peeking into /net/isi-dcnl/ifs/user_data/abild/Megatron_data/COH057/feline_p29_40_mRNA/cell_ranger/FEL040_E/outs/possorted_genome_bam.bam
2020-08-27 20:15:48,815 - WARNING - Not found cell and umi barcode in entry 1 of the bam file
2020-08-27 20:15:48,815 - WARNING - Not found cell and umi barcode in entry 2 of the bam file
2020-08-27 20:15:48,816 - WARNING - Not found cell and umi barcode in entry 130 of the bam file
2020-08-27 20:15:48,817 - WARNING - Not found cell and umi barcode in entry 253 of the bam file
2020-08-27 20:15:48,817 - WARNING - Not found cell and umi barcode in entry 271 of the bam file
2020-08-27 20:15:48,817 - WARNING - Not found cell and umi barcode in entry 272 of the bam file
2020-08-27 20:15:48,817 - WARNING - Not found cell and umi barcode in entry 273 of the bam file
2020-08-27 20:15:48,818 - WARNING - Not found cell and umi barcode in entry 311 of the bam file
2020-08-27 20:15:48,819 - WARNING - Not found cell and umi barcode in entry 504 of the bam file
2020-08-27 20:15:48,819 - WARNING - Not found cell and umi barcode in entry 505 of the bam file
2020-08-27 20:15:48,819 - WARNING - Not found cell and umi barcode in entry 598 of the bam file
2020-08-27 20:15:48,820 - WARNING - Not found cell and umi barcode in entry 675 of the bam file
2020-08-27 20:15:48,821 - WARNING - Not found cell and umi barcode in entry 833 of the bam file
2020-08-27 20:15:48,822 - WARNING - Not found cell and umi barcode in entry 895 of the bam file
2020-08-27 20:15:48,822 - WARNING - Not found cell and umi barcode in entry 935 of the bam file
2020-08-27 20:15:48,822 - WARNING - Not found cell and umi barcode in entry 938 of the bam file
2020-08-27 20:15:48,822 - WARNING - Not found cell and umi barcode in entry 946 of the bam file
2020-08-27 20:15:48,823 - WARNING - Not found cell and umi barcode in entry 965 of the bam file
2020-08-27 20:15:48,823 - WARNING - Not found cell and umi barcode in entry 979 of the bam file
2020-08-27 20:15:48,823 - WARNING - Not found cell and umi barcode in entry 980 of the bam file
2020-08-27 20:15:48,823 - WARNING - Not found cell and umi barcode in entry 985 of the bam file
2020-08-27 20:15:48,823 - WARNING - Not found cell and umi barcode in entry 987 of the bam file
2020-08-27 20:15:48,823 - WARNING - Not found cell and umi barcode in entry 988 of the bam file
2020-08-27 20:15:48,823 - WARNING - Not found cell and umi barcode in entry 989 of the bam file
2020-08-27 20:15:48,823 - WARNING - Not found cell and umi barcode in entry 993 of the bam file
2020-08-27 20:15:48,823 - WARNING - Not found cell and umi barcode in entry 994 of the bam file
2020-08-27 20:15:48,824 - WARNING - Not found cell and umi barcode in entry 999 of the bam file
2020-08-27 20:15:48,824 - WARNING - Not found cell and umi barcode in entry 1000 of the bam file
2020-08-27 20:15:48,824 - WARNING - Not found cell and umi barcode in entry 1002 of the bam file
2020-08-27 20:15:48,824 - WARNING - Not found cell and umi barcode in entry 1019 of the bam file
2020-08-27 20:15:48,824 - WARNING - Not found cell and umi barcode in entry 1020 of the bam file
2020-08-27 20:15:48,829 - WARNING - The file /net/isi-dcnl/ifs/user_data/abild/Megatron_data/COH057/feline_p29_40_mRNA/cell_ranger/FEL040_E/outs/cellsorted_possorted_genome_bam.bam already exists. The sorting step will be skipped and the existing file will be used.
2020-08-27 20:15:48,830 - INFO - Load the annotation from /net/isi-dcnl/ifs/user_data/abild/Genomes/refdata-cellranger-GRCh38-3.0.0/genes/genes.gtf
2020-08-27 20:15:56,891 - DEBUG - Parsing Chromosome 1 strand - [line 0]
2020-08-27 20:15:57,524 - DEBUG - Done with 1- [line 108728]
2020-08-27 20:15:57,524 - DEBUG - Assigning indexes to genes
2020-08-27 20:15:57,535 - DEBUG - Seen 1561 genes until now
2020-08-27 20:15:57,535 - DEBUG - Parsing Chromosome 1 strand + [line 108729]
2020-08-27 20:15:58,251 - DEBUG - Done with 1+ [line 232515]
2020-08-27 20:15:58,251 - DEBUG - Assigning indexes to genes
2020-08-27 20:15:58,263 - DEBUG - Seen 3154 genes until now
2020-08-27 20:15:58,263 - DEBUG - Parsing Chromosome 10 strand - [line 232516]
2020-08-27 20:15:58,680 - DEBUG - Done with 10- [line 279343]
2020-08-27 20:15:58,680 - DEBUG - Assigning indexes to genes
2020-08-27 20:15:58,683 - DEBUG - Seen 3737 genes until now
2020-08-27 20:15:58,683 - DEBUG - Parsing Chromosome 10 strand + [line 279344]
2020-08-27 20:15:58,870 - DEBUG - Done with 10+ [line 323872]
2020-08-27 20:15:58,870 - DEBUG - Assigning indexes to genes
2020-08-27 20:15:58,873 - DEBUG - Seen 4384 genes until now
2020-08-27 20:15:58,873 - DEBUG - Parsing Chromosome 11 strand - [line 323873]
2020-08-27 20:15:59,449 - DEBUG - Done with 11- [line 402908]
2020-08-27 20:15:59,449 - DEBUG - Assigning indexes to genes
2020-08-27 20:15:59,456 - DEBUG - Seen 5320 genes until now
2020-08-27 20:15:59,456 - DEBUG - Parsing Chromosome 11 strand + [line 402909]
2020-08-27 20:15:59,790 - DEBUG - Done with 11+ [line 482591]
2020-08-27 20:15:59,790 - DEBUG - Assigning indexes to genes
2020-08-27 20:15:59,797 - DEBUG - Seen 6305 genes until now
2020-08-27 20:15:59,797 - DEBUG - Parsing Chromosome 12 strand - [line 482592]
2020-08-27 20:16:00,389 - DEBUG - Done with 12- [line 559278]
2020-08-27 20:16:00,389 - DEBUG - Assigning indexes to genes
2020-08-27 20:16:00,395 - DEBUG - Seen 7177 genes until now
2020-08-27 20:16:00,395 - DEBUG - Parsing Chromosome 12 strand + [line 559279]
2020-08-27 20:16:00,712 - DEBUG - Done with 12+ [line 635173]
2020-08-27 20:16:00,712 - DEBUG - Assigning indexes to genes
2020-08-27 20:16:00,718 - DEBUG - Seen 8070 genes until now
2020-08-27 20:16:00,718 - DEBUG - Parsing Chromosome 13 strand - [line 635174]
2020-08-27 20:16:00,797 - DEBUG - Done with 13- [line 653523]
2020-08-27 20:16:00,797 - DEBUG - Assigning indexes to genes
2020-08-27 20:16:00,798 - DEBUG - Seen 8400 genes until now
2020-08-27 20:16:00,798 - DEBUG - Parsing Chromosome 13 strand + [line 653524]
2020-08-27 20:16:01,175 - DEBUG - Done with 13+ [line 673091]
2020-08-27 20:16:01,175 - DEBUG - Assigning indexes to genes
2020-08-27 20:16:01,176 - DEBUG - Seen 8736 genes until now
2020-08-27 20:16:01,177 - DEBUG - Parsing Chromosome 14 strand - [line 673092]
2020-08-27 20:16:01,359 - DEBUG - Done with 14- [line 716831]
2020-08-27 20:16:01,359 - DEBUG - Assigning indexes to genes
2020-08-27 20:16:01,363 - DEBUG - Seen 9452 genes until now
2020-08-27 20:16:01,363 - DEBUG - Parsing Chromosome 14 strand + [line 716832]
2020-08-27 20:16:01,563 - DEBUG - Done with 14+ [line 764942]
2020-08-27 20:16:01,563 - DEBUG - Assigning indexes to genes
2020-08-27 20:16:01,567 - DEBUG - Seen 10121 genes until now
2020-08-27 20:16:01,567 - DEBUG - Parsing Chromosome 15 strand - [line 764943]
2020-08-27 20:16:01,775 - DEBUG - Done with 15- [line 813803]
2020-08-27 20:16:01,775 - DEBUG - Assigning indexes to genes
2020-08-27 20:16:01,779 - DEBUG - Seen 10698 genes until now
2020-08-27 20:16:01,779 - DEBUG - Parsing Chromosome 15 strand + [line 813804]
2020-08-27 20:16:01,963 - DEBUG - Done with 15+ [line 857859]
2020-08-27 20:16:01,963 - DEBUG - Assigning indexes to genes
2020-08-27 20:16:01,967 - DEBUG - Seen 11256 genes until now
2020-08-27 20:16:01,967 - DEBUG - Parsing Chromosome 16 strand - [line 857860]
2020-08-27 20:16:02,520 - DEBUG - Done with 16- [line 911118]
2020-08-27 20:16:02,520 - DEBUG - Assigning indexes to genes
2020-08-27 20:16:02,525 - DEBUG - Seen 11998 genes until now
2020-08-27 20:16:02,525 - DEBUG - Parsing Chromosome 16 strand + [line 911119]
2020-08-27 20:16:02,816 - DEBUG - Done with 16+ [line 981663]
2020-08-27 20:16:02,816 - DEBUG - Assigning indexes to genes
2020-08-27 20:16:02,822 - DEBUG - Seen 12787 genes until now
2020-08-27 20:16:02,822 - DEBUG - Parsing Chromosome 17 strand - [line 981664]
2020-08-27 20:16:03,181 - DEBUG - Done with 17- [line 1066635]
2020-08-27 20:16:03,181 - DEBUG - Assigning indexes to genes
2020-08-27 20:16:03,190 - DEBUG - Seen 13775 genes until now
2020-08-27 20:16:03,190 - DEBUG - Parsing Chromosome 17 strand + [line 1066636]
2020-08-27 20:16:03,921 - DEBUG - Done with 17+ [line 1143834]
2020-08-27 20:16:03,921 - DEBUG - Assigning indexes to genes
2020-08-27 20:16:03,929 - DEBUG - Seen 14681 genes until now
2020-08-27 20:16:03,930 - DEBUG - Parsing Chromosome 18 strand - [line 1143835]
2020-08-27 20:16:04,033 - DEBUG - Done with 18- [line 1168496]
2020-08-27 20:16:04,033 - DEBUG - Assigning indexes to genes
2020-08-27 20:16:04,035 - DEBUG - Seen 15006 genes until now
2020-08-27 20:16:04,035 - DEBUG - Parsing Chromosome 18 strand + [line 1168497]
2020-08-27 20:16:04,125 - DEBUG - Done with 18+ [line 1189691]
2020-08-27 20:16:04,125 - DEBUG - Assigning indexes to genes
2020-08-27 20:16:04,126 - DEBUG - Seen 15343 genes until now
2020-08-27 20:16:04,126 - DEBUG - Parsing Chromosome 19 strand - [line 1189692]
2020-08-27 20:16:04,450 - DEBUG - Done with 19- [line 1268854]
2020-08-27 20:16:04,450 - DEBUG - Assigning indexes to genes
2020-08-27 20:16:04,457 - DEBUG - Seen 16352 genes until now
2020-08-27 20:16:04,457 - DEBUG - Parsing Chromosome 19 strand + [line 1268855]
2020-08-27 20:16:04,791 - DEBUG - Done with 19+ [line 1351833]
2020-08-27 20:16:04,791 - DEBUG - Assigning indexes to genes
2020-08-27 20:16:04,798 - DEBUG - Seen 17347 genes until now
2020-08-27 20:16:04,798 - DEBUG - Parsing Chromosome 2 strand - [line 1351834]
2020-08-27 20:16:05,211 - DEBUG - Done with 2- [line 1448710]
2020-08-27 20:16:05,212 - DEBUG - Assigning indexes to genes
2020-08-27 20:16:05,220 - DEBUG - Seen 18472 genes until now
2020-08-27 20:16:05,220 - DEBUG - Parsing Chromosome 2 strand + [line 1448711]
2020-08-27 20:16:06,046 - DEBUG - Done with 2+ [line 1542602]
2020-08-27 20:16:06,046 - DEBUG - Assigning indexes to genes
2020-08-27 20:16:06,055 - DEBUG - Seen 19632 genes until now
2020-08-27 20:16:06,055 - DEBUG - Parsing Chromosome 20 strand - [line 1542603]
2020-08-27 20:16:06,165 - DEBUG - Done with 20- [line 1569195]
2020-08-27 20:16:06,165 - DEBUG - Assigning indexes to genes
2020-08-27 20:16:06,168 - DEBUG - Seen 20079 genes until now
2020-08-27 20:16:06,168 - DEBUG - Parsing Chromosome 20 strand + [line 1569196]
2020-08-27 20:16:06,297 - DEBUG - Done with 20+ [line 1600541]
2020-08-27 20:16:06,297 - DEBUG - Assigning indexes to genes
2020-08-27 20:16:06,299 - DEBUG - Seen 20527 genes until now
2020-08-27 20:16:06,300 - DEBUG - Parsing Chromosome 21 strand - [line 1600542]
2020-08-27 20:16:06,357 - DEBUG - Done with 21- [line 1614106]
2020-08-27 20:16:06,357 - DEBUG - Assigning indexes to genes
2020-08-27 20:16:06,358 - DEBUG - Seen 20795 genes until now
2020-08-27 20:16:06,359 - DEBUG - Parsing Chromosome 21 strand + [line 1614107]
2020-08-27 20:16:06,421 - DEBUG - Done with 21+ [line 1628392]
2020-08-27 20:16:06,421 - DEBUG - Assigning indexes to genes
2020-08-27 20:16:06,422 - DEBUG - Seen 21029 genes until now
2020-08-27 20:16:06,422 - DEBUG - Parsing Chromosome 22 strand - [line 1628393]
2020-08-27 20:16:06,529 - DEBUG - Done with 22- [line 1653805]
2020-08-27 20:16:06,529 - DEBUG - Assigning indexes to genes
2020-08-27 20:16:06,531 - DEBUG - Seen 21391 genes until now
2020-08-27 20:16:06,531 - DEBUG - Parsing Chromosome 22 strand + [line 1653806]
2020-08-27 20:16:06,661 - DEBUG - Done with 22+ [line 1684245]
2020-08-27 20:16:06,661 - DEBUG - Assigning indexes to genes
2020-08-27 20:16:06,665 - DEBUG - Seen 21866 genes until now
2020-08-27 20:16:06,665 - DEBUG - Parsing Chromosome 3 strand - [line 1684246]
2020-08-27 20:16:07,002 - DEBUG - Done with 3- [line 1763939]
2020-08-27 20:16:07,002 - DEBUG - Assigning indexes to genes
2020-08-27 20:16:07,009 - DEBUG - Seen 22713 genes until now
2020-08-27 20:16:07,009 - DEBUG - Parsing Chromosome 3 strand + [line 1763940]
2020-08-27 20:16:07,346 - DEBUG - Done with 3+ [line 1844840]
2020-08-27 20:16:07,346 - DEBUG - Assigning indexes to genes
2020-08-27 20:16:07,353 - DEBUG - Seen 23585 genes until now
2020-08-27 20:16:07,353 - DEBUG - Parsing Chromosome 4 strand - [line 1844841]
2020-08-27 20:16:08,121 - DEBUG - Done with 4- [line 1898665]
2020-08-27 20:16:08,121 - DEBUG - Assigning indexes to genes
2020-08-27 20:16:08,126 - DEBUG - Seen 24246 genes until now
2020-08-27 20:16:08,126 - DEBUG - Parsing Chromosome 4 strand + [line 1898666]
2020-08-27 20:16:08,328 - DEBUG - Done with 4+ [line 1947617]
2020-08-27 20:16:08,328 - DEBUG - Assigning indexes to genes
2020-08-27 20:16:08,332 - DEBUG - Seen 24938 genes until now
2020-08-27 20:16:08,332 - DEBUG - Parsing Chromosome 5 strand - [line 1947618]
2020-08-27 20:16:08,559 - DEBUG - Done with 5- [line 2001140]
2020-08-27 20:16:08,559 - DEBUG - Assigning indexes to genes
2020-08-27 20:16:08,564 - DEBUG - Seen 25741 genes until now
2020-08-27 20:16:08,564 - DEBUG - Parsing Chromosome 5 strand + [line 2001141]
2020-08-27 20:16:08,817 - DEBUG - Done with 5+ [line 2062165]
2020-08-27 20:16:08,818 - DEBUG - Assigning indexes to genes
2020-08-27 20:16:08,823 - DEBUG - Seen 26599 genes until now
2020-08-27 20:16:08,823 - DEBUG - Parsing Chromosome 6 strand - [line 2062166]
2020-08-27 20:16:09,070 - DEBUG - Done with 6- [line 2121425]
2020-08-27 20:16:09,070 - DEBUG - Assigning indexes to genes
2020-08-27 20:16:09,075 - DEBUG - Seen 27435 genes until now
2020-08-27 20:16:09,075 - DEBUG - Parsing Chromosome 6 strand + [line 2121426]
2020-08-27 20:16:09,295 - DEBUG - Done with 6+ [line 2176078]
2020-08-27 20:16:09,295 - DEBUG - Assigning indexes to genes
2020-08-27 20:16:09,299 - DEBUG - Seen 28231 genes until now
2020-08-27 20:16:09,299 - DEBUG - Parsing Chromosome 7 strand - [line 2176079]
2020-08-27 20:16:09,541 - DEBUG - Done with 7- [line 2233605]
2020-08-27 20:16:09,541 - DEBUG - Assigning indexes to genes
2020-08-27 20:16:09,546 - DEBUG - Seen 28953 genes until now
2020-08-27 20:16:09,546 - DEBUG - Parsing Chromosome 7 strand + [line 2233606]
2020-08-27 20:16:09,802 - DEBUG - Done with 7+ [line 2295513]
2020-08-27 20:16:09,803 - DEBUG - Assigning indexes to genes
2020-08-27 20:16:09,808 - DEBUG - Seen 29770 genes until now
2020-08-27 20:16:09,808 - DEBUG - Parsing Chromosome 8 strand - [line 2295514]
2020-08-27 20:16:10,005 - DEBUG - Done with 8- [line 2343289]
2020-08-27 20:16:10,005 - DEBUG - Assigning indexes to genes
2020-08-27 20:16:10,009 - DEBUG - Seen 30442 genes until now
2020-08-27 20:16:10,009 - DEBUG - Parsing Chromosome 8 strand + [line 2343290]
2020-08-27 20:16:10,189 - DEBUG - Done with 8+ [line 2386793]
2020-08-27 20:16:10,190 - DEBUG - Assigning indexes to genes
2020-08-27 20:16:10,193 - DEBUG - Seen 31090 genes until now
2020-08-27 20:16:10,193 - DEBUG - Parsing Chromosome 9 strand - [line 2386794]
2020-08-27 20:16:10,972 - DEBUG - Done with 9- [line 2430389]
2020-08-27 20:16:10,972 - DEBUG - Assigning indexes to genes
2020-08-27 20:16:10,975 - DEBUG - Seen 31710 genes until now
2020-08-27 20:16:10,975 - DEBUG - Parsing Chromosome 9 strand + [line 2430390]
2020-08-27 20:16:11,172 - DEBUG - Done with 9+ [line 2477312]
2020-08-27 20:16:11,172 - DEBUG - Assigning indexes to genes
2020-08-27 20:16:11,176 - DEBUG - Seen 32318 genes until now
2020-08-27 20:16:11,176 - DEBUG - Parsing Chromosome GL000009.2 strand - [line 2477313]
2020-08-27 20:16:11,176 - DEBUG - Done with GL000009.2- [line 2477320]
2020-08-27 20:16:11,176 - DEBUG - Assigning indexes to genes
2020-08-27 20:16:11,176 - DEBUG - Seen 32319 genes until now
2020-08-27 20:16:11,176 - DEBUG - Parsing Chromosome GL000194.1 strand - [line 2477321]
2020-08-27 20:16:11,176 - DEBUG - Done with GL000194.1- [line 2477346]
2020-08-27 20:16:11,176 - DEBUG - Assigning indexes to genes
2020-08-27 20:16:11,176 - DEBUG - Seen 32321 genes until now
2020-08-27 20:16:11,176 - DEBUG - Parsing Chromosome GL000195.1 strand - [line 2477347]
2020-08-27 20:16:11,176 - DEBUG - Done with GL000195.1- [line 2477356]
2020-08-27 20:16:11,176 - DEBUG - Assigning indexes to genes
2020-08-27 20:16:11,176 - DEBUG - Seen 32322 genes until now
2020-08-27 20:16:11,176 - DEBUG - Parsing Chromosome GL000195.1 strand + [line 2477357]
2020-08-27 20:16:11,176 - DEBUG - Done with GL000195.1+ [line 2477370]
2020-08-27 20:16:11,176 - DEBUG - Assigning indexes to genes
2020-08-27 20:16:11,177 - DEBUG - Seen 32323 genes until now
2020-08-27 20:16:11,177 - DEBUG - Parsing Chromosome GL000205.2 strand - [line 2477371]
2020-08-27 20:16:11,177 - DEBUG - Done with GL000205.2- [line 2477384]
2020-08-27 20:16:11,177 - DEBUG - Assigning indexes to genes
2020-08-27 20:16:11,177 - DEBUG - Seen 32324 genes until now
2020-08-27 20:16:11,177 - DEBUG - Parsing Chromosome GL000213.1 strand - [line 2477385]
2020-08-27 20:16:11,177 - DEBUG - Done with GL000213.1- [line 2477433]
2020-08-27 20:16:11,177 - DEBUG - Assigning indexes to genes
2020-08-27 20:16:11,177 - DEBUG - Seen 32325 genes until now
2020-08-27 20:16:11,177 - DEBUG - Parsing Chromosome GL000218.1 strand - [line 2477434]
2020-08-27 20:16:11,177 - DEBUG - Done with GL000218.1- [line 2477441]
2020-08-27 20:16:11,177 - DEBUG - Assigning indexes to genes
2020-08-27 20:16:11,177 - DEBUG - Seen 32326 genes until now
2020-08-27 20:16:11,177 - DEBUG - Parsing Chromosome GL000219.1 strand - [line 2477442]
2020-08-27 20:16:11,177 - DEBUG - Done with GL000219.1- [line 2477453]
2020-08-27 20:16:11,177 - DEBUG - Assigning indexes to genes
2020-08-27 20:16:11,177 - DEBUG - Seen 32327 genes until now
2020-08-27 20:16:11,178 - DEBUG - Parsing Chromosome KI270711.1 strand - [line 2477454]
2020-08-27 20:16:11,178 - DEBUG - Done with KI270711.1- [line 2477604]
2020-08-27 20:16:11,178 - DEBUG - Assigning indexes to genes
2020-08-27 20:16:11,178 - DEBUG - Seen 32328 genes until now
2020-08-27 20:16:11,178 - DEBUG - Parsing Chromosome KI270713.1 strand - [line 2477605]
2020-08-27 20:16:11,178 - DEBUG - Done with KI270713.1- [line 2477612]
2020-08-27 20:16:11,178 - DEBUG - Assigning indexes to genes
2020-08-27 20:16:11,178 - DEBUG - Seen 32329 genes until now
2020-08-27 20:16:11,179 - DEBUG - Parsing Chromosome KI270713.1 strand + [line 2477613]
2020-08-27 20:16:11,179 - DEBUG - Done with KI270713.1+ [line 2477618]
2020-08-27 20:16:11,179 - DEBUG - Assigning indexes to genes
2020-08-27 20:16:11,179 - DEBUG - Seen 32330 genes until now
2020-08-27 20:16:11,179 - DEBUG - Parsing Chromosome KI270721.1 strand + [line 2477619]
2020-08-27 20:16:11,179 - DEBUG - Done with KI270721.1+ [line 2477634]
2020-08-27 20:16:11,179 - DEBUG - Assigning indexes to genes
2020-08-27 20:16:11,179 - DEBUG - Seen 32331 genes until now
2020-08-27 20:16:11,179 - DEBUG - Parsing Chromosome KI270726.1 strand + [line 2477635]
2020-08-27 20:16:11,179 - DEBUG - Done with KI270726.1+ [line 2477645]
2020-08-27 20:16:11,179 - DEBUG - Assigning indexes to genes
2020-08-27 20:16:11,179 - DEBUG - Seen 32333 genes until now
2020-08-27 20:16:11,179 - DEBUG - Parsing Chromosome KI270727.1 strand - [line 2477646]
2020-08-27 20:16:11,179 - DEBUG - Done with KI270727.1- [line 2477704]
2020-08-27 20:16:11,179 - DEBUG - Assigning indexes to genes
2020-08-27 20:16:11,179 - DEBUG - Seen 32335 genes until now
2020-08-27 20:16:11,179 - DEBUG - Parsing Chromosome KI270727.1 strand + [line 2477705]
2020-08-27 20:16:11,180 - DEBUG - Done with KI270727.1+ [line 2477719]
2020-08-27 20:16:11,180 - DEBUG - Assigning indexes to genes
2020-08-27 20:16:11,180 - DEBUG - Seen 32337 genes until now
2020-08-27 20:16:11,180 - DEBUG - Parsing Chromosome KI270728.1 strand - [line 2477720]
2020-08-27 20:16:11,180 - DEBUG - Done with KI270728.1- [line 2477796]
2020-08-27 20:16:11,180 - DEBUG - Assigning indexes to genes
2020-08-27 20:16:11,180 - DEBUG - Seen 32339 genes until now
2020-08-27 20:16:11,180 - DEBUG - Parsing Chromosome KI270728.1 strand + [line 2477797]
2020-08-27 20:16:11,180 - DEBUG - Done with KI270728.1+ [line 2477833]
2020-08-27 20:16:11,180 - DEBUG - Assigning indexes to genes
2020-08-27 20:16:11,180 - DEBUG - Seen 32343 genes until now
2020-08-27 20:16:11,180 - DEBUG - Parsing Chromosome KI270731.1 strand - [line 2477834]
2020-08-27 20:16:11,180 - DEBUG - Done with KI270731.1- [line 2477840]
2020-08-27 20:16:11,181 - DEBUG - Assigning indexes to genes
2020-08-27 20:16:11,181 - DEBUG - Seen 32344 genes until now
2020-08-27 20:16:11,181 - DEBUG - Parsing Chromosome KI270734.1 strand - [line 2477841]
2020-08-27 20:16:11,181 - DEBUG - Done with KI270734.1- [line 2477909]
2020-08-27 20:16:11,181 - DEBUG - Assigning indexes to genes
2020-08-27 20:16:11,181 - DEBUG - Seen 32345 genes until now
2020-08-27 20:16:11,181 - DEBUG - Parsing Chromosome KI270734.1 strand + [line 2477910]
2020-08-27 20:16:11,181 - DEBUG - Done with KI270734.1+ [line 2477932]
2020-08-27 20:16:11,181 - DEBUG - Assigning indexes to genes
2020-08-27 20:16:11,181 - DEBUG - Seen 32347 genes until now
2020-08-27 20:16:11,181 - DEBUG - Parsing Chromosome MT strand - [line 2477933]
2020-08-27 20:16:11,181 - DEBUG - Done with MT- [line 2477938]
2020-08-27 20:16:11,181 - DEBUG - Assigning indexes to genes
2020-08-27 20:16:11,181 - DEBUG - Seen 32348 genes until now
2020-08-27 20:16:11,181 - DEBUG - Parsing Chromosome MT strand + [line 2477939]
2020-08-27 20:16:11,182 - DEBUG - Done with MT+ [line 2478004]
2020-08-27 20:16:11,182 - DEBUG - Assigning indexes to genes
2020-08-27 20:16:11,182 - DEBUG - Seen 32360 genes until now
2020-08-27 20:16:11,182 - DEBUG - Parsing Chromosome X strand - [line 2478005]
2020-08-27 20:16:11,349 - DEBUG - Done with X- [line 2518937]
2020-08-27 20:16:11,349 - DEBUG - Assigning indexes to genes
2020-08-27 20:16:11,352 - DEBUG - Seen 32876 genes until now
2020-08-27 20:16:11,352 - DEBUG - Parsing Chromosome X strand + [line 2518938]
2020-08-27 20:16:11,518 - DEBUG - Done with X+ [line 2560301]
2020-08-27 20:16:11,518 - DEBUG - Assigning indexes to genes
2020-08-27 20:16:11,521 - DEBUG - Seen 33438 genes until now
2020-08-27 20:16:11,521 - DEBUG - Parsing Chromosome Y strand - [line 2560302]
2020-08-27 20:16:11,531 - DEBUG - Done with Y- [line 2562446]
2020-08-27 20:16:11,531 - DEBUG - Assigning indexes to genes
2020-08-27 20:16:11,531 - DEBUG - Seen 33485 genes until now
2020-08-27 20:16:11,531 - DEBUG - Parsing Chromosome Y strand + [line 2562447]
2020-08-27 20:16:11,542 - DEBUG - Assigning indexes to genes
2020-08-27 20:16:11,542 - DEBUG - Done with Y+ [line 2565059]
2020-08-27 20:16:11,542 - DEBUG - Fixing corner cases of transcript models containg intron longer than 1000Kbp
2020-08-27 20:16:13,338 - DEBUG - Generated 2165800 features corresponding to 172912 transcript models from /net/isi-dcnl/ifs/user_data/abild/Genomes/refdata-cellranger-GRCh38-3.0.0/genes/genes.gtf
2020-08-27 20:16:13,367 - INFO - Scan /net/isi-dcnl/ifs/user_data/abild/Megatron_data/COH057/feline_p29_40_mRNA/cell_ranger/FEL040_E/outs/possorted_genome_bam.bam to validate intron intervals
2020-08-27 20:16:17,342 - DEBUG - Reading /net/isi-dcnl/ifs/user_data/abild/Megatron_data/COH057/feline_p29_40_mRNA/cell_ranger/FEL040_E/outs/possorted_genome_bam.bam
2020-08-27 20:16:17,355 - DEBUG - Read first 0 million reads
2020-08-27 20:16:17,356 - DEBUG - Marking up chromosome 1
2020-08-27 20:17:32,599 - DEBUG - Marking up chromosome 10
2020-08-27 20:18:12,695 - DEBUG - Read first 10 million reads
2020-08-27 20:18:19,404 - DEBUG - Marking up chromosome 11
2020-08-27 20:20:27,743 - DEBUG - Marking up chromosome 12
2020-08-27 20:20:45,107 - DEBUG - Read first 20 million reads
2020-08-27 20:21:12,326 - DEBUG - Marking up chromosome 13
2020-08-27 20:21:34,295 - DEBUG - Marking up chromosome 14
2020-08-27 20:22:10,056 - DEBUG - Marking up chromosome 15
2020-08-27 20:22:43,577 - DEBUG - Marking up chromosome 16
2020-08-27 20:22:48,833 - DEBUG - Read first 30 million reads
2020-08-27 20:23:14,056 - DEBUG - Marking up chromosome 17
2020-08-27 20:23:53,052 - DEBUG - Marking up chromosome 18
2020-08-27 20:24:14,123 - DEBUG - Marking up chromosome 19
2020-08-27 20:24:49,399 - DEBUG - Read first 40 million reads
2020-08-27 20:24:50,285 - DEBUG - Marking up chromosome 2
2020-08-27 20:25:59,538 - DEBUG - Marking up chromosome 20
2020-08-27 20:26:17,595 - DEBUG - Marking up chromosome 21
2020-08-27 20:26:23,060 - DEBUG - Read first 50 million reads
2020-08-27 20:26:35,953 - DEBUG - Marking up chromosome 22
2020-08-27 20:26:52,881 - DEBUG - Marking up chromosome 3
2020-08-27 20:27:51,859 - DEBUG - Marking up chromosome 4
2020-08-27 20:28:03,012 - DEBUG - Read first 60 million reads
2020-08-27 20:28:40,869 - DEBUG - Marking up chromosome 5
2020-08-27 20:29:21,567 - DEBUG - Marking up chromosome 6
2020-08-27 20:30:02,327 - DEBUG - Read first 70 million reads
2020-08-27 20:30:10,174 - DEBUG - Marking up chromosome 7
2020-08-27 20:30:53,948 - DEBUG - Marking up chromosome 8
2020-08-27 20:31:32,542 - DEBUG - Marking up chromosome 9
2020-08-27 20:31:57,339 - DEBUG - Read first 80 million reads
2020-08-27 20:31:58,521 - DEBUG - Marking up chromosome MT
2020-08-27 20:32:08,558 - DEBUG - Marking up chromosome X
2020-08-27 20:32:29,854 - DEBUG - Marking up chromosome Y
2020-08-27 20:32:29,952 - DEBUG - Marking up chromosome KI270728.1
2020-08-27 20:32:29,955 - DEBUG - Marking up chromosome KI270727.1
2020-08-27 20:32:29,972 - DEBUG - Marking up chromosome KI270442.1
2020-08-27 20:32:29,972 - WARNING - The .bam file refers to a chromosome 'KI270442.1+' not present in the annotation (.gtf) file
2020-08-27 20:32:29,972 - WARNING - The .bam file refers to a chromosome 'KI270442.1-' not present in the annotation (.gtf) file
2020-08-27 20:32:29,975 - DEBUG - Marking up chromosome KI270729.1
2020-08-27 20:32:29,975 - WARNING - The .bam file refers to a chromosome 'KI270729.1+' not present in the annotation (.gtf) file
2020-08-27 20:32:29,975 - WARNING - The .bam file refers to a chromosome 'KI270729.1-' not present in the annotation (.gtf) file
2020-08-27 20:32:29,976 - DEBUG - Marking up chromosome KI270743.1
2020-08-27 20:32:29,976 - WARNING - The .bam file refers to a chromosome 'KI270743.1+' not present in the annotation (.gtf) file
2020-08-27 20:32:29,976 - WARNING - The .bam file refers to a chromosome 'KI270743.1-' not present in the annotation (.gtf) file
2020-08-27 20:32:29,978 - DEBUG - Marking up chromosome GL000008.2
2020-08-27 20:32:29,978 - WARNING - The .bam file refers to a chromosome 'GL000008.2+' not present in the annotation (.gtf) file
2020-08-27 20:32:29,978 - WARNING - The .bam file refers to a chromosome 'GL000008.2-' not present in the annotation (.gtf) file
2020-08-27 20:32:29,982 - DEBUG - Marking up chromosome GL000009.2
2020-08-27 20:32:29,982 - WARNING - The .bam file refers to a chromosome 'GL000009.2+' not present in the annotation (.gtf) file
2020-08-27 20:32:29,992 - DEBUG - Marking up chromosome KI270722.1
2020-08-27 20:32:29,992 - WARNING - The .bam file refers to a chromosome 'KI270722.1+' not present in the annotation (.gtf) file
2020-08-27 20:32:29,992 - WARNING - The .bam file refers to a chromosome 'KI270722.1-' not present in the annotation (.gtf) file
2020-08-27 20:32:29,992 - DEBUG - Marking up chromosome GL000194.1
2020-08-27 20:32:29,992 - WARNING - The .bam file refers to a chromosome 'GL000194.1+' not present in the annotation (.gtf) file
2020-08-27 20:32:30,087 - DEBUG - Marking up chromosome KI270742.1
2020-08-27 20:32:30,087 - WARNING - The .bam file refers to a chromosome 'KI270742.1+' not present in the annotation (.gtf) file
2020-08-27 20:32:30,087 - WARNING - The .bam file refers to a chromosome 'KI270742.1-' not present in the annotation (.gtf) file
2020-08-27 20:32:30,107 - DEBUG - Marking up chromosome GL000205.2
2020-08-27 20:32:30,107 - WARNING - The .bam file refers to a chromosome 'GL000205.2+' not present in the annotation (.gtf) file
2020-08-27 20:32:30,121 - DEBUG - Marking up chromosome GL000195.1
2020-08-27 20:32:30,125 - DEBUG - Marking up chromosome KI270736.1
2020-08-27 20:32:30,125 - WARNING - The .bam file refers to a chromosome 'KI270736.1+' not present in the annotation (.gtf) file
2020-08-27 20:32:30,125 - WARNING - The .bam file refers to a chromosome 'KI270736.1-' not present in the annotation (.gtf) file
2020-08-27 20:32:30,125 - DEBUG - Marking up chromosome KI270733.1
2020-08-27 20:32:30,125 - WARNING - The .bam file refers to a chromosome 'KI270733.1+' not present in the annotation (.gtf) file
2020-08-27 20:32:30,125 - WARNING - The .bam file refers to a chromosome 'KI270733.1-' not present in the annotation (.gtf) file
2020-08-27 20:32:35,918 - DEBUG - Marking up chromosome GL000224.1
2020-08-27 20:32:35,919 - WARNING - The .bam file refers to a chromosome 'GL000224.1+' not present in the annotation (.gtf) file
2020-08-27 20:32:35,919 - WARNING - The .bam file refers to a chromosome 'GL000224.1-' not present in the annotation (.gtf) file
2020-08-27 20:32:35,928 - DEBUG - Marking up chromosome GL000219.1
2020-08-27 20:32:35,928 - WARNING - The .bam file refers to a chromosome 'GL000219.1+' not present in the annotation (.gtf) file
2020-08-27 20:32:35,953 - DEBUG - Marking up chromosome KI270719.1
2020-08-27 20:32:35,953 - WARNING - The .bam file refers to a chromosome 'KI270719.1+' not present in the annotation (.gtf) file
2020-08-27 20:32:35,953 - WARNING - The .bam file refers to a chromosome 'KI270719.1-' not present in the annotation (.gtf) file
2020-08-27 20:32:35,956 - DEBUG - Marking up chromosome KI270712.1
2020-08-27 20:32:35,956 - WARNING - The .bam file refers to a chromosome 'KI270712.1+' not present in the annotation (.gtf) file
2020-08-27 20:32:35,956 - WARNING - The .bam file refers to a chromosome 'KI270712.1-' not present in the annotation (.gtf) file
2020-08-27 20:32:35,958 - DEBUG - Marking up chromosome KI270706.1
2020-08-27 20:32:35,958 - WARNING - The .bam file refers to a chromosome 'KI270706.1+' not present in the annotation (.gtf) file
2020-08-27 20:32:35,958 - WARNING - The .bam file refers to a chromosome 'KI270706.1-' not present in the annotation (.gtf) file
2020-08-27 20:32:35,965 - DEBUG - Marking up chromosome KI270725.1
2020-08-27 20:32:35,965 - WARNING - The .bam file refers to a chromosome 'KI270725.1+' not present in the annotation (.gtf) file
2020-08-27 20:32:35,965 - WARNING - The .bam file refers to a chromosome 'KI270725.1-' not present in the annotation (.gtf) file
2020-08-27 20:32:35,965 - DEBUG - Marking up chromosome KI270744.1
2020-08-27 20:32:35,965 - WARNING - The .bam file refers to a chromosome 'KI270744.1+' not present in the annotation (.gtf) file
2020-08-27 20:32:35,965 - WARNING - The .bam file refers to a chromosome 'KI270744.1-' not present in the annotation (.gtf) file
2020-08-27 20:32:35,989 - DEBUG - Marking up chromosome KI270734.1
2020-08-27 20:32:35,993 - DEBUG - Marking up chromosome GL000213.1
2020-08-27 20:32:35,993 - WARNING - The .bam file refers to a chromosome 'GL000213.1+' not present in the annotation (.gtf) file
2020-08-27 20:32:35,996 - DEBUG - Marking up chromosome GL000220.1
2020-08-27 20:32:35,996 - WARNING - The .bam file refers to a chromosome 'GL000220.1+' not present in the annotation (.gtf) file
2020-08-27 20:32:35,996 - WARNING - The .bam file refers to a chromosome 'GL000220.1-' not present in the annotation (.gtf) file
2020-08-27 20:32:41,798 - DEBUG - Marking up chromosome GL000218.1
2020-08-27 20:32:41,798 - WARNING - The .bam file refers to a chromosome 'GL000218.1+' not present in the annotation (.gtf) file
2020-08-27 20:32:41,834 - DEBUG - Marking up chromosome KI270749.1
2020-08-27 20:32:41,834 - WARNING - The .bam file refers to a chromosome 'KI270749.1+' not present in the annotation (.gtf) file
2020-08-27 20:32:41,834 - WARNING - The .bam file refers to a chromosome 'KI270749.1-' not present in the annotation (.gtf) file
2020-08-27 20:32:41,835 - DEBUG - Marking up chromosome GL000221.1
2020-08-27 20:32:41,835 - WARNING - The .bam file refers to a chromosome 'GL000221.1+' not present in the annotation (.gtf) file
2020-08-27 20:32:41,835 - WARNING - The .bam file refers to a chromosome 'GL000221.1-' not present in the annotation (.gtf) file
2020-08-27 20:32:41,854 - DEBUG - Marking up chromosome KI270731.1
2020-08-27 20:32:41,854 - WARNING - The .bam file refers to a chromosome 'KI270731.1+' not present in the annotation (.gtf) file
2020-08-27 20:32:41,857 - DEBUG - Marking up chromosome KI270751.1
2020-08-27 20:32:41,858 - WARNING - The .bam file refers to a chromosome 'KI270751.1+' not present in the annotation (.gtf) file
2020-08-27 20:32:41,858 - WARNING - The .bam file refers to a chromosome 'KI270751.1-' not present in the annotation (.gtf) file
2020-08-27 20:32:41,859 - DEBUG - Marking up chromosome KI270519.1
2020-08-27 20:32:41,859 - WARNING - The .bam file refers to a chromosome 'KI270519.1+' not present in the annotation (.gtf) file
2020-08-27 20:32:41,859 - WARNING - The .bam file refers to a chromosome 'KI270519.1-' not present in the annotation (.gtf) file
2020-08-27 20:32:41,863 - DEBUG - Marking up chromosome GL000214.1
2020-08-27 20:32:41,863 - WARNING - The .bam file refers to a chromosome 'GL000214.1+' not present in the annotation (.gtf) file
2020-08-27 20:32:41,863 - WARNING - The .bam file refers to a chromosome 'GL000214.1-' not present in the annotation (.gtf) file
2020-08-27 20:32:41,864 - DEBUG - Marking up chromosome KI270708.1
2020-08-27 20:32:41,864 - WARNING - The .bam file refers to a chromosome 'KI270708.1+' not present in the annotation (.gtf) file
2020-08-27 20:32:41,864 - WARNING - The .bam file refers to a chromosome 'KI270708.1-' not present in the annotation (.gtf) file
2020-08-27 20:32:41,864 - DEBUG - Marking up chromosome KI270737.1
2020-08-27 20:32:41,864 - WARNING - The .bam file refers to a chromosome 'KI270737.1+' not present in the annotation (.gtf) file
2020-08-27 20:32:41,864 - WARNING - The .bam file refers to a chromosome 'KI270737.1-' not present in the annotation (.gtf) file
2020-08-27 20:32:41,865 - DEBUG - Marking up chromosome KI270721.1
2020-08-27 20:32:41,865 - WARNING - The .bam file refers to a chromosome 'KI270721.1-' not present in the annotation (.gtf) file
2020-08-27 20:32:41,871 - DEBUG - Marking up chromosome KI270738.1
2020-08-27 20:32:41,871 - WARNING - The .bam file refers to a chromosome 'KI270738.1+' not present in the annotation (.gtf) file
2020-08-27 20:32:41,871 - WARNING - The .bam file refers to a chromosome 'KI270738.1-' not present in the annotation (.gtf) file
2020-08-27 20:32:41,873 - DEBUG - Marking up chromosome KI270748.1
2020-08-27 20:32:41,873 - WARNING - The .bam file refers to a chromosome 'KI270748.1+' not present in the annotation (.gtf) file
2020-08-27 20:32:41,873 - WARNING - The .bam file refers to a chromosome 'KI270748.1-' not present in the annotation (.gtf) file
2020-08-27 20:32:41,874 - DEBUG - Marking up chromosome GL000208.1
2020-08-27 20:32:41,874 - WARNING - The .bam file refers to a chromosome 'GL000208.1+' not present in the annotation (.gtf) file
2020-08-27 20:32:41,874 - WARNING - The .bam file refers to a chromosome 'GL000208.1-' not present in the annotation (.gtf) file
2020-08-27 20:32:41,874 - DEBUG - Marking up chromosome KI270709.1
2020-08-27 20:32:41,874 - WARNING - The .bam file refers to a chromosome 'KI270709.1+' not present in the annotation (.gtf) file
2020-08-27 20:32:41,874 - WARNING - The .bam file refers to a chromosome 'KI270709.1-' not present in the annotation (.gtf) file
2020-08-27 20:32:41,875 - DEBUG - Marking up chromosome KI270589.1
2020-08-27 20:32:41,875 - WARNING - The .bam file refers to a chromosome 'KI270589.1+' not present in the annotation (.gtf) file
2020-08-27 20:32:41,875 - WARNING - The .bam file refers to a chromosome 'KI270589.1-' not present in the annotation (.gtf) file
2020-08-27 20:32:41,875 - DEBUG - Marking up chromosome KI270726.1
2020-08-27 20:32:41,875 - WARNING - The .bam file refers to a chromosome 'KI270726.1-' not present in the annotation (.gtf) file
2020-08-27 20:32:41,876 - DEBUG - Marking up chromosome KI270711.1
2020-08-27 20:32:41,876 - WARNING - The .bam file refers to a chromosome 'KI270711.1+' not present in the annotation (.gtf) file
2020-08-27 20:32:41,882 - DEBUG - Marking up chromosome KI270745.1
2020-08-27 20:32:41,882 - WARNING - The .bam file refers to a chromosome 'KI270745.1+' not present in the annotation (.gtf) file
2020-08-27 20:32:41,882 - WARNING - The .bam file refers to a chromosome 'KI270745.1-' not present in the annotation (.gtf) file
2020-08-27 20:32:41,885 - DEBUG - Marking up chromosome KI270714.1
2020-08-27 20:32:41,885 - WARNING - The .bam file refers to a chromosome 'KI270714.1+' not present in the annotation (.gtf) file
2020-08-27 20:32:41,885 - WARNING - The .bam file refers to a chromosome 'KI270714.1-' not present in the annotation (.gtf) file
2020-08-27 20:32:41,885 - DEBUG - Marking up chromosome KI270732.1
2020-08-27 20:32:41,885 - WARNING - The .bam file refers to a chromosome 'KI270732.1+' not present in the annotation (.gtf) file
2020-08-27 20:32:41,885 - WARNING - The .bam file refers to a chromosome 'KI270732.1-' not present in the annotation (.gtf) file
2020-08-27 20:32:41,886 - DEBUG - Marking up chromosome KI270713.1
2020-08-27 20:32:41,886 - DEBUG - Marking up chromosome KI270710.1
2020-08-27 20:32:41,887 - WARNING - The .bam file refers to a chromosome 'KI270710.1+' not present in the annotation (.gtf) file
2020-08-27 20:32:41,887 - WARNING - The .bam file refers to a chromosome 'KI270710.1-' not present in the annotation (.gtf) file
2020-08-27 20:32:41,887 - DEBUG - Marking up chromosome KI270717.1
2020-08-27 20:32:41,887 - WARNING - The .bam file refers to a chromosome 'KI270717.1+' not present in the annotation (.gtf) file
2020-08-27 20:32:41,887 - WARNING - The .bam file refers to a chromosome 'KI270717.1-' not present in the annotation (.gtf) file
2020-08-27 20:32:41,889 - DEBUG - Marking up chromosome KI270720.1
2020-08-27 20:32:41,889 - WARNING - The .bam file refers to a chromosome 'KI270720.1+' not present in the annotation (.gtf) file
2020-08-27 20:32:41,889 - WARNING - The .bam file refers to a chromosome 'KI270720.1-' not present in the annotation (.gtf) file
2020-08-27 20:32:41,889 - DEBUG - Marking up chromosome KI270723.1
2020-08-27 20:32:41,889 - WARNING - The .bam file refers to a chromosome 'KI270723.1+' not present in the annotation (.gtf) file
2020-08-27 20:32:41,889 - WARNING - The .bam file refers to a chromosome 'KI270723.1-' not present in the annotation (.gtf) file
2020-08-27 20:32:41,891 - DEBUG - Marking up chromosome KI270718.1
2020-08-27 20:32:41,891 - WARNING - The .bam file refers to a chromosome 'KI270718.1+' not present in the annotation (.gtf) file
2020-08-27 20:32:41,891 - WARNING - The .bam file refers to a chromosome 'KI270718.1-' not present in the annotation (.gtf) file
2020-08-27 20:32:41,893 - DEBUG - Marking up chromosome KI270707.1
2020-08-27 20:32:41,893 - WARNING - The .bam file refers to a chromosome 'KI270707.1+' not present in the annotation (.gtf) file
2020-08-27 20:32:41,893 - WARNING - The .bam file refers to a chromosome 'KI270707.1-' not present in the annotation (.gtf) file
2020-08-27 20:32:41,894 - DEBUG - Marking up chromosome KI270521.1
2020-08-27 20:32:41,894 - WARNING - The .bam file refers to a chromosome 'KI270521.1+' not present in the annotation (.gtf) file
2020-08-27 20:32:41,894 - WARNING - The .bam file refers to a chromosome 'KI270521.1-' not present in the annotation (.gtf) file
2020-08-27 20:32:41,894 - DEBUG - Marking up chromosome KI270363.1
2020-08-27 20:32:41,894 - WARNING - The .bam file refers to a chromosome 'KI270363.1+' not present in the annotation (.gtf) file
2020-08-27 20:32:41,894 - WARNING - The .bam file refers to a chromosome 'KI270363.1-' not present in the annotation (.gtf) file
2020-08-27 20:32:41,894 - DEBUG - Marking up chromosome KI270330.1
2020-08-27 20:32:41,894 - WARNING - The .bam file refers to a chromosome 'KI270330.1+' not present in the annotation (.gtf) file
2020-08-27 20:32:41,894 - WARNING - The .bam file refers to a chromosome 'KI270330.1-' not present in the annotation (.gtf) file
2020-08-27 20:32:44,344 - DEBUG - Read first 90 million reads
2020-08-27 20:32:49,165 - DEBUG - End of file. Reset index: start scanning from initial position.
2020-08-27 20:32:49,166 - DEBUG - 2325125 reads were skipped because no apropiate cell or umi barcode was found
2020-08-27 20:32:49,166 - DEBUG - Start molecule counting!
2020-08-27 20:32:53,280 - DEBUG - Features available for chromosomes : ['1-', '1+', '10-', '10+', '11-', '11+', '12-', '12+', '13-', '13+', '14-', '14+', '15-', '15+', '16-', '16+', '17-', '17+', '18-', '18+', '19-', '19+', '2-', '2+', '20-', '20+', '21-', '21+', '22-', '22+', '3-', '3+', '4-', '4+', '5-', '5+', '6-', '6+', '7-', '7+', '8-', '8+', '9-', '9+', 'GL000009.2-', 'GL000194.1-', 'GL000195.1-', 'GL000195.1+', 'GL000205.2-', 'GL000213.1-', 'GL000218.1-', 'GL000219.1-', 'KI270711.1-', 'KI270713.1-', 'KI270713.1+', 'KI270721.1+', 'KI270726.1+', 'KI270727.1-', 'KI270727.1+', 'KI270728.1-', 'KI270728.1+', 'KI270731.1-', 'KI270734.1-', 'KI270734.1+', 'MT-', 'MT+', 'X-', 'X+', 'Y-', 'Y+']
2020-08-27 20:32:53,280 - DEBUG - Mask available for chromosomes : []
2020-08-27 20:32:53,280 - DEBUG - Summarizing the results of intron validation.
2020-08-27 20:32:53,936 - DEBUG - Validated 371110 introns (of which unique intervals 119541) out of 996444 total possible introns (considering each possible transcript models).
2020-08-27 20:32:53,937 - DEBUG - Reading /net/isi-dcnl/ifs/user_data/abild/Megatron_data/COH057/feline_p29_40_mRNA/cell_ranger/FEL040_E/outs/cellsorted_possorted_genome_bam.bam
2020-08-27 20:32:53,968 - DEBUG - Read first 0 million reads
2020-08-27 20:33:26,585 - DEBUG - Counting for batch 1, containing 100 cells and 1203936 reads
2020-08-27 20:34:04,295 - DEBUG - 0 reads not considered because fully enclosed in repeat masked regions
2020-08-27 20:34:29,813 - DEBUG - Counting for batch 2, containing 100 cells and 1160421 reads
2020-08-27 20:35:05,440 - DEBUG - 0 reads not considered because fully enclosed in repeat masked regions
2020-08-27 20:35:28,965 - DEBUG - Read first 10 million reads
2020-08-27 20:35:31,687 - DEBUG - Counting for batch 3, containing 100 cells and 1301637 reads
2020-08-27 20:36:13,966 - DEBUG - 0 reads not considered because fully enclosed in repeat masked regions
2020-08-27 20:36:39,065 - DEBUG - Counting for batch 4, containing 100 cells and 1199204 reads
2020-08-27 20:37:17,821 - DEBUG - 0 reads not considered because fully enclosed in repeat masked regions
2020-08-27 20:37:42,418 - DEBUG - Counting for batch 5, containing 100 cells and 1248087 reads
2020-08-27 20:38:23,144 - DEBUG - 0 reads not considered because fully enclosed in repeat masked regions
2020-08-27 20:38:50,810 - DEBUG - Counting for batch 6, containing 100 cells and 1290896 reads
2020-08-27 20:39:30,960 - DEBUG - 0 reads not considered because fully enclosed in repeat masked regions
2020-08-27 20:39:57,323 - DEBUG - Counting for batch 7, containing 100 cells and 1217168 reads
2020-08-27 20:40:36,587 - DEBUG - 0 reads not considered because fully enclosed in repeat masked regions
2020-08-27 20:40:53,066 - DEBUG - Read first 20 million reads
2020-08-27 20:41:00,783 - DEBUG - Counting for batch 8, containing 100 cells and 1180572 reads
2020-08-27 20:41:40,687 - DEBUG - 0 reads not considered because fully enclosed in repeat masked regions
2020-08-27 20:42:06,588 - DEBUG - Counting for batch 9, containing 100 cells and 1316987 reads
2020-08-27 20:42:48,216 - DEBUG - 0 reads not considered because fully enclosed in repeat masked regions
2020-08-27 20:43:15,560 - DEBUG - Counting for batch 10, containing 100 cells and 1277793 reads
2020-08-27 20:43:58,100 - DEBUG - 0 reads not considered because fully enclosed in repeat masked regions
2020-08-27 20:44:23,785 - DEBUG - Counting for batch 11, containing 100 cells and 1260354 reads
2020-08-27 20:45:05,950 - DEBUG - 0 reads not considered because fully enclosed in repeat masked regions
2020-08-27 20:45:30,924 - DEBUG - Counting for batch 12, containing 100 cells and 1306627 reads
2020-08-27 20:46:12,912 - DEBUG - 0 reads not considered because fully enclosed in repeat masked regions
2020-08-27 20:46:25,764 - DEBUG - Read first 30 million reads
2020-08-27 20:46:39,027 - DEBUG - Counting for batch 13, containing 100 cells and 1297923 reads
2020-08-27 20:47:21,148 - DEBUG - 0 reads not considered because fully enclosed in repeat masked regions
2020-08-27 20:47:48,564 - DEBUG - Counting for batch 14, containing 100 cells and 1245004 reads
2020-08-27 20:48:28,364 - DEBUG - 0 reads not considered because fully enclosed in repeat masked regions
2020-08-27 20:48:56,824 - DEBUG - Counting for batch 15, containing 100 cells and 1302820 reads
2020-08-27 20:49:41,044 - DEBUG - 0 reads not considered because fully enclosed in repeat masked regions
2020-08-27 20:50:07,432 - DEBUG - Counting for batch 16, containing 100 cells and 1275042 reads
2020-08-27 20:50:47,509 - DEBUG - 0 reads not considered because fully enclosed in repeat masked regions
2020-08-27 20:51:14,227 - DEBUG - Counting for batch 17, containing 100 cells and 1135723 reads
2020-08-27 20:51:49,588 - DEBUG - 0 reads not considered because fully enclosed in repeat masked regions
2020-08-27 20:51:57,438 - DEBUG - Read first 40 million reads
2020-08-27 20:52:16,258 - DEBUG - Counting for batch 18, containing 100 cells and 1235695 reads
2020-08-27 20:52:57,017 - DEBUG - 0 reads not considered because fully enclosed in repeat masked regions
2020-08-27 20:53:23,756 - DEBUG - Counting for batch 19, containing 100 cells and 1211776 reads
2020-08-27 20:54:01,463 - DEBUG - 0 reads not considered because fully enclosed in repeat masked regions
2020-08-27 20:54:26,376 - DEBUG - Counting for batch 20, containing 100 cells and 1078481 reads
2020-08-27 20:54:59,600 - DEBUG - 0 reads not considered because fully enclosed in repeat masked regions
2020-08-27 20:55:26,287 - DEBUG - Counting for batch 21, containing 100 cells and 1256659 reads
2020-08-27 20:56:07,191 - DEBUG - 0 reads not considered because fully enclosed in repeat masked regions
2020-08-27 20:56:30,238 - DEBUG - Read first 50 million reads
2020-08-27 20:56:32,626 - DEBUG - Counting for batch 22, containing 100 cells and 1246695 reads
2020-08-27 20:57:14,169 - DEBUG - 0 reads not considered because fully enclosed in repeat masked regions
2020-08-27 20:57:39,268 - DEBUG - Counting for batch 23, containing 100 cells and 1220489 reads
2020-08-27 20:58:16,850 - DEBUG - 0 reads not considered because fully enclosed in repeat masked regions
2020-08-27 20:58:46,920 - DEBUG - Counting for batch 24, containing 100 cells and 1348852 reads
2020-08-27 20:59:29,942 - DEBUG - 0 reads not considered because fully enclosed in repeat masked regions
2020-08-27 20:59:56,564 - DEBUG - Counting for batch 25, containing 100 cells and 1212129 reads
2020-08-27 21:00:36,966 - DEBUG - 0 reads not considered because fully enclosed in repeat masked regions
2020-08-27 21:01:01,290 - DEBUG - Counting for batch 26, containing 100 cells and 1140781 reads
2020-08-27 21:01:39,023 - DEBUG - 0 reads not considered because fully enclosed in repeat masked regions
2020-08-27 21:01:55,863 - DEBUG - Read first 60 million reads
2020-08-27 21:02:02,794 - DEBUG - Counting for batch 27, containing 100 cells and 1187024 reads
2020-08-27 21:02:42,278 - DEBUG - 0 reads not considered because fully enclosed in repeat masked regions
2020-08-27 21:03:06,727 - DEBUG - Counting for batch 28, containing 100 cells and 1201718 reads
2020-08-27 21:03:43,722 - DEBUG - 0 reads not considered because fully enclosed in repeat masked regions
2020-08-27 21:04:06,918 - DEBUG - Counting for batch 29, containing 100 cells and 1133827 reads
2020-08-27 21:04:44,697 - DEBUG - 0 reads not considered because fully enclosed in repeat masked regions
2020-08-27 21:05:07,660 - DEBUG - Counting for batch 30, containing 100 cells and 1121328 reads
2020-08-27 21:05:42,567 - DEBUG - 0 reads not considered because fully enclosed in repeat masked regions
2020-08-27 21:06:07,996 - DEBUG - Counting for batch 31, containing 100 cells and 1185623 reads
2020-08-27 21:06:44,885 - DEBUG - 0 reads not considered because fully enclosed in repeat masked regions
2020-08-27 21:07:03,965 - DEBUG - Read first 70 million reads
2020-08-27 21:07:10,292 - DEBUG - Counting for batch 32, containing 100 cells and 1165684 reads
2020-08-27 21:07:49,188 - DEBUG - 0 reads not considered because fully enclosed in repeat masked regions
2020-08-27 21:08:11,687 - DEBUG - Counting for batch 33, containing 100 cells and 1140492 reads
2020-08-27 21:08:50,115 - DEBUG - 0 reads not considered because fully enclosed in repeat masked regions
2020-08-27 21:09:14,426 - DEBUG - Counting for batch 34, containing 100 cells and 1200373 reads
2020-08-27 21:09:52,550 - DEBUG - 0 reads not considered because fully enclosed in repeat masked regions
2020-08-27 21:10:21,245 - DEBUG - Counting for batch 35, containing 100 cells and 1446896 reads
2020-08-27 21:11:08,624 - DEBUG - 0 reads not considered because fully enclosed in repeat masked regions
2020-08-27 21:11:36,338 - DEBUG - Counting for batch 36, containing 100 cells and 1203876 reads
2020-08-27 21:12:17,787 - DEBUG - 0 reads not considered because fully enclosed in repeat masked regions
2020-08-27 21:12:32,510 - DEBUG - Read first 80 million reads
2020-08-27 21:12:42,230 - DEBUG - Counting for batch 37, containing 100 cells and 1196797 reads
2020-08-27 21:13:22,714 - DEBUG - 0 reads not considered because fully enclosed in repeat masked regions
2020-08-27 21:13:47,965 - DEBUG - Counting for batch 38, containing 100 cells and 1199226 reads
2020-08-27 21:14:24,881 - DEBUG - 0 reads not considered because fully enclosed in repeat masked regions
2020-08-27 21:14:51,220 - DEBUG - Counting for batch 39, containing 100 cells and 1254321 reads
2020-08-27 21:15:34,614 - DEBUG - 0 reads not considered because fully enclosed in repeat masked regions
2020-08-27 21:15:58,344 - DEBUG - Counting for batch 40, containing 100 cells and 1196502 reads
2020-08-27 21:16:38,399 - DEBUG - 0 reads not considered because fully enclosed in repeat masked regions
2020-08-27 21:17:03,374 - DEBUG - Counting for batch 41, containing 100 cells and 1230994 reads
2020-08-27 21:17:42,028 - DEBUG - 0 reads not considered because fully enclosed in repeat masked regions
2020-08-27 21:17:52,699 - DEBUG - Read first 90 million reads
2020-08-27 21:18:08,283 - DEBUG - Counting for batch 42, containing 100 cells and 1259039 reads
2020-08-27 21:18:49,844 - DEBUG - 0 reads not considered because fully enclosed in repeat masked regions
2020-08-27 21:19:03,096 - DEBUG - Counting for batch 43, containing 35 cells and 417560 reads
2020-08-27 21:19:16,932 - DEBUG - 0 reads not considered because fully enclosed in repeat masked regions
2020-08-27 21:19:19,536 - DEBUG - 2325125 reads were skipped because no apropiate cell or umi barcode was found
2020-08-27 21:19:19,536 - DEBUG - Counting done!
2020-08-27 21:19:19,560 - DEBUG - Generating output file /net/isi-dcnl/ifs/user_data/abild/Megatron_data/COH057/feline_p29_40_mRNA/cell_ranger/FEL040_E/velocyto/FEL040_E.loom
2020-08-27 21:19:19,560 - DEBUG - Collecting row attributes
2020-08-27 21:19:19,660 - DEBUG - Generating data table
2020-08-27 21:19:21,592 - DEBUG - Writing loom file
2020-08-27 21:19:29,674 - DEBUG - Terminated Succesfully!
Start: 1598584540
End: 1598588372
Run time: 3832
Done
