CPU: 16
N: 61
Step1: Analyze spliced and unspliced reads and genrate a loom file for velocityR
Run velocyto to generate loom file
2020-08-27 19:33:38,516 - DEBUG - Using logic: Default
2020-08-27 19:33:38,535 - INFO - Read 2338 cell barcodes from /net/isi-dcnl/ifs/user_data/abild/Megatron_data/COH057/feline_p29_40_mRNA/cell_ranger/FEL032_S/outs/filtered_feature_bc_matrix/barcodes.tsv.gz
2020-08-27 19:33:38,535 - DEBUG - Example of barcode: AAACCCAAGTGGTCAG and cell_id: FEL032_S:AAACCCAAGTGGTCAG-1
2020-08-27 19:33:38,547 - DEBUG - Peeking into /net/isi-dcnl/ifs/user_data/abild/Megatron_data/COH057/feline_p29_40_mRNA/cell_ranger/FEL032_S/outs/possorted_genome_bam.bam
2020-08-27 19:33:38,658 - WARNING - Not found cell and umi barcode in entry 482 of the bam file
2020-08-27 19:33:38,658 - WARNING - Not found cell and umi barcode in entry 652 of the bam file
2020-08-27 19:33:38,659 - WARNING - Not found cell and umi barcode in entry 705 of the bam file
2020-08-27 19:33:38,660 - WARNING - Not found cell and umi barcode in entry 928 of the bam file
2020-08-27 19:33:38,660 - WARNING - Not found cell and umi barcode in entry 934 of the bam file
2020-08-27 19:33:38,660 - WARNING - Not found cell and umi barcode in entry 935 of the bam file
2020-08-27 19:33:38,660 - WARNING - Not found cell and umi barcode in entry 936 of the bam file
2020-08-27 19:33:38,660 - WARNING - Not found cell and umi barcode in entry 938 of the bam file
2020-08-27 19:33:38,660 - WARNING - Not found cell and umi barcode in entry 940 of the bam file
2020-08-27 19:33:38,660 - WARNING - Not found cell and umi barcode in entry 941 of the bam file
2020-08-27 19:33:38,660 - WARNING - Not found cell and umi barcode in entry 942 of the bam file
2020-08-27 19:33:38,661 - WARNING - Not found cell and umi barcode in entry 985 of the bam file
2020-08-27 19:33:38,661 - WARNING - Not found cell and umi barcode in entry 986 of the bam file
2020-08-27 19:33:38,661 - WARNING - Not found cell and umi barcode in entry 987 of the bam file
2020-08-27 19:33:38,661 - WARNING - Not found cell and umi barcode in entry 989 of the bam file
2020-08-27 19:33:38,661 - WARNING - Not found cell and umi barcode in entry 990 of the bam file
2020-08-27 19:33:38,661 - WARNING - Not found cell and umi barcode in entry 991 of the bam file
2020-08-27 19:33:38,661 - WARNING - Not found cell and umi barcode in entry 992 of the bam file
2020-08-27 19:33:38,661 - WARNING - Not found cell and umi barcode in entry 993 of the bam file
2020-08-27 19:33:38,661 - WARNING - Not found cell and umi barcode in entry 994 of the bam file
2020-08-27 19:33:38,662 - WARNING - Not found cell and umi barcode in entry 995 of the bam file
2020-08-27 19:33:38,662 - WARNING - Not found cell and umi barcode in entry 1000 of the bam file
2020-08-27 19:33:38,662 - WARNING - Not found cell and umi barcode in entry 1001 of the bam file
2020-08-27 19:33:38,662 - WARNING - Not found cell and umi barcode in entry 1004 of the bam file
2020-08-27 19:33:38,662 - WARNING - Not found cell and umi barcode in entry 1005 of the bam file
2020-08-27 19:33:38,662 - WARNING - Not found cell and umi barcode in entry 1006 of the bam file
2020-08-27 19:33:38,662 - WARNING - Not found cell and umi barcode in entry 1007 of the bam file
2020-08-27 19:33:38,662 - WARNING - Not found cell and umi barcode in entry 1008 of the bam file
2020-08-27 19:33:38,662 - WARNING - Not found cell and umi barcode in entry 1009 of the bam file
2020-08-27 19:33:38,662 - WARNING - Not found cell and umi barcode in entry 1010 of the bam file
2020-08-27 19:33:38,662 - WARNING - Not found cell and umi barcode in entry 1011 of the bam file
2020-08-27 19:33:38,662 - WARNING - Not found cell and umi barcode in entry 1012 of the bam file
2020-08-27 19:33:38,662 - WARNING - Not found cell and umi barcode in entry 1013 of the bam file
2020-08-27 19:33:38,662 - WARNING - Not found cell and umi barcode in entry 1014 of the bam file
2020-08-27 19:33:38,663 - WARNING - Not found cell and umi barcode in entry 1015 of the bam file
2020-08-27 19:33:38,668 - WARNING - The file /net/isi-dcnl/ifs/user_data/abild/Megatron_data/COH057/feline_p29_40_mRNA/cell_ranger/FEL032_S/outs/cellsorted_possorted_genome_bam.bam already exists. The sorting step will be skipped and the existing file will be used.
2020-08-27 19:33:38,668 - INFO - Load the annotation from /net/isi-dcnl/ifs/user_data/abild/Genomes/refdata-cellranger-GRCh38-3.0.0/genes/genes.gtf
2020-08-27 19:33:49,690 - DEBUG - Parsing Chromosome 1 strand - [line 0]
2020-08-27 19:33:50,340 - DEBUG - Done with 1- [line 108728]
2020-08-27 19:33:50,340 - DEBUG - Assigning indexes to genes
2020-08-27 19:33:50,350 - DEBUG - Seen 1561 genes until now
2020-08-27 19:33:50,350 - DEBUG - Parsing Chromosome 1 strand + [line 108729]
2020-08-27 19:33:51,099 - DEBUG - Done with 1+ [line 232515]
2020-08-27 19:33:51,099 - DEBUG - Assigning indexes to genes
2020-08-27 19:33:51,111 - DEBUG - Seen 3154 genes until now
2020-08-27 19:33:51,111 - DEBUG - Parsing Chromosome 10 strand - [line 232516]
2020-08-27 19:33:51,569 - DEBUG - Done with 10- [line 279343]
2020-08-27 19:33:51,569 - DEBUG - Assigning indexes to genes
2020-08-27 19:33:51,572 - DEBUG - Seen 3737 genes until now
2020-08-27 19:33:51,572 - DEBUG - Parsing Chromosome 10 strand + [line 279344]
2020-08-27 19:33:51,765 - DEBUG - Done with 10+ [line 323872]
2020-08-27 19:33:51,765 - DEBUG - Assigning indexes to genes
2020-08-27 19:33:51,768 - DEBUG - Seen 4384 genes until now
2020-08-27 19:33:51,768 - DEBUG - Parsing Chromosome 11 strand - [line 323873]
2020-08-27 19:33:52,384 - DEBUG - Done with 11- [line 402908]
2020-08-27 19:33:52,385 - DEBUG - Assigning indexes to genes
2020-08-27 19:33:52,392 - DEBUG - Seen 5320 genes until now
2020-08-27 19:33:52,392 - DEBUG - Parsing Chromosome 11 strand + [line 402909]
2020-08-27 19:33:52,736 - DEBUG - Done with 11+ [line 482591]
2020-08-27 19:33:52,736 - DEBUG - Assigning indexes to genes
2020-08-27 19:33:52,743 - DEBUG - Seen 6305 genes until now
2020-08-27 19:33:52,743 - DEBUG - Parsing Chromosome 12 strand - [line 482592]
2020-08-27 19:33:53,388 - DEBUG - Done with 12- [line 559278]
2020-08-27 19:33:53,388 - DEBUG - Assigning indexes to genes
2020-08-27 19:33:53,394 - DEBUG - Seen 7177 genes until now
2020-08-27 19:33:53,394 - DEBUG - Parsing Chromosome 12 strand + [line 559279]
2020-08-27 19:33:53,715 - DEBUG - Done with 12+ [line 635173]
2020-08-27 19:33:53,715 - DEBUG - Assigning indexes to genes
2020-08-27 19:33:53,721 - DEBUG - Seen 8070 genes until now
2020-08-27 19:33:53,722 - DEBUG - Parsing Chromosome 13 strand - [line 635174]
2020-08-27 19:33:53,802 - DEBUG - Done with 13- [line 653523]
2020-08-27 19:33:53,802 - DEBUG - Assigning indexes to genes
2020-08-27 19:33:53,803 - DEBUG - Seen 8400 genes until now
2020-08-27 19:33:53,803 - DEBUG - Parsing Chromosome 13 strand + [line 653524]
2020-08-27 19:33:54,234 - DEBUG - Done with 13+ [line 673091]
2020-08-27 19:33:54,234 - DEBUG - Assigning indexes to genes
2020-08-27 19:33:54,236 - DEBUG - Seen 8736 genes until now
2020-08-27 19:33:54,236 - DEBUG - Parsing Chromosome 14 strand - [line 673092]
2020-08-27 19:33:54,423 - DEBUG - Done with 14- [line 716831]
2020-08-27 19:33:54,423 - DEBUG - Assigning indexes to genes
2020-08-27 19:33:54,426 - DEBUG - Seen 9452 genes until now
2020-08-27 19:33:54,426 - DEBUG - Parsing Chromosome 14 strand + [line 716832]
2020-08-27 19:33:54,631 - DEBUG - Done with 14+ [line 764942]
2020-08-27 19:33:54,631 - DEBUG - Assigning indexes to genes
2020-08-27 19:33:54,634 - DEBUG - Seen 10121 genes until now
2020-08-27 19:33:54,634 - DEBUG - Parsing Chromosome 15 strand - [line 764943]
2020-08-27 19:33:54,849 - DEBUG - Done with 15- [line 813803]
2020-08-27 19:33:54,849 - DEBUG - Assigning indexes to genes
2020-08-27 19:33:54,853 - DEBUG - Seen 10698 genes until now
2020-08-27 19:33:54,853 - DEBUG - Parsing Chromosome 15 strand + [line 813804]
2020-08-27 19:33:55,040 - DEBUG - Done with 15+ [line 857859]
2020-08-27 19:33:55,040 - DEBUG - Assigning indexes to genes
2020-08-27 19:33:55,044 - DEBUG - Seen 11256 genes until now
2020-08-27 19:33:55,044 - DEBUG - Parsing Chromosome 16 strand - [line 857860]
2020-08-27 19:33:55,713 - DEBUG - Done with 16- [line 911118]
2020-08-27 19:33:55,713 - DEBUG - Assigning indexes to genes
2020-08-27 19:33:55,718 - DEBUG - Seen 11998 genes until now
2020-08-27 19:33:55,718 - DEBUG - Parsing Chromosome 16 strand + [line 911119]
2020-08-27 19:33:56,016 - DEBUG - Done with 16+ [line 981663]
2020-08-27 19:33:56,016 - DEBUG - Assigning indexes to genes
2020-08-27 19:33:56,022 - DEBUG - Seen 12787 genes until now
2020-08-27 19:33:56,022 - DEBUG - Parsing Chromosome 17 strand - [line 981664]
2020-08-27 19:33:56,386 - DEBUG - Done with 17- [line 1066635]
2020-08-27 19:33:56,386 - DEBUG - Assigning indexes to genes
2020-08-27 19:33:56,393 - DEBUG - Seen 13775 genes until now
2020-08-27 19:33:56,393 - DEBUG - Parsing Chromosome 17 strand + [line 1066636]
2020-08-27 19:33:57,166 - DEBUG - Done with 17+ [line 1143834]
2020-08-27 19:33:57,166 - DEBUG - Assigning indexes to genes
2020-08-27 19:33:57,175 - DEBUG - Seen 14681 genes until now
2020-08-27 19:33:57,175 - DEBUG - Parsing Chromosome 18 strand - [line 1143835]
2020-08-27 19:33:57,282 - DEBUG - Done with 18- [line 1168496]
2020-08-27 19:33:57,282 - DEBUG - Assigning indexes to genes
2020-08-27 19:33:57,284 - DEBUG - Seen 15006 genes until now
2020-08-27 19:33:57,284 - DEBUG - Parsing Chromosome 18 strand + [line 1168497]
2020-08-27 19:33:57,373 - DEBUG - Done with 18+ [line 1189691]
2020-08-27 19:33:57,373 - DEBUG - Assigning indexes to genes
2020-08-27 19:33:57,375 - DEBUG - Seen 15343 genes until now
2020-08-27 19:33:57,375 - DEBUG - Parsing Chromosome 19 strand - [line 1189692]
2020-08-27 19:33:57,707 - DEBUG - Done with 19- [line 1268854]
2020-08-27 19:33:57,707 - DEBUG - Assigning indexes to genes
2020-08-27 19:33:57,714 - DEBUG - Seen 16352 genes until now
2020-08-27 19:33:57,715 - DEBUG - Parsing Chromosome 19 strand + [line 1268855]
2020-08-27 19:33:58,054 - DEBUG - Done with 19+ [line 1351833]
2020-08-27 19:33:58,054 - DEBUG - Assigning indexes to genes
2020-08-27 19:33:58,062 - DEBUG - Seen 17347 genes until now
2020-08-27 19:33:58,062 - DEBUG - Parsing Chromosome 2 strand - [line 1351834]
2020-08-27 19:33:58,475 - DEBUG - Done with 2- [line 1448710]
2020-08-27 19:33:58,475 - DEBUG - Assigning indexes to genes
2020-08-27 19:33:58,483 - DEBUG - Seen 18472 genes until now
2020-08-27 19:33:58,483 - DEBUG - Parsing Chromosome 2 strand + [line 1448711]
2020-08-27 19:33:59,402 - DEBUG - Done with 2+ [line 1542602]
2020-08-27 19:33:59,402 - DEBUG - Assigning indexes to genes
2020-08-27 19:33:59,411 - DEBUG - Seen 19632 genes until now
2020-08-27 19:33:59,412 - DEBUG - Parsing Chromosome 20 strand - [line 1542603]
2020-08-27 19:33:59,525 - DEBUG - Done with 20- [line 1569195]
2020-08-27 19:33:59,525 - DEBUG - Assigning indexes to genes
2020-08-27 19:33:59,527 - DEBUG - Seen 20079 genes until now
2020-08-27 19:33:59,527 - DEBUG - Parsing Chromosome 20 strand + [line 1569196]
2020-08-27 19:33:59,659 - DEBUG - Done with 20+ [line 1600541]
2020-08-27 19:33:59,659 - DEBUG - Assigning indexes to genes
2020-08-27 19:33:59,661 - DEBUG - Seen 20527 genes until now
2020-08-27 19:33:59,662 - DEBUG - Parsing Chromosome 21 strand - [line 1600542]
2020-08-27 19:33:59,721 - DEBUG - Done with 21- [line 1614106]
2020-08-27 19:33:59,721 - DEBUG - Assigning indexes to genes
2020-08-27 19:33:59,723 - DEBUG - Seen 20795 genes until now
2020-08-27 19:33:59,723 - DEBUG - Parsing Chromosome 21 strand + [line 1614107]
2020-08-27 19:33:59,790 - DEBUG - Done with 21+ [line 1628392]
2020-08-27 19:33:59,790 - DEBUG - Assigning indexes to genes
2020-08-27 19:33:59,791 - DEBUG - Seen 21029 genes until now
2020-08-27 19:33:59,791 - DEBUG - Parsing Chromosome 22 strand - [line 1628393]
2020-08-27 19:33:59,904 - DEBUG - Done with 22- [line 1653805]
2020-08-27 19:33:59,904 - DEBUG - Assigning indexes to genes
2020-08-27 19:33:59,906 - DEBUG - Seen 21391 genes until now
2020-08-27 19:33:59,906 - DEBUG - Parsing Chromosome 22 strand + [line 1653806]
2020-08-27 19:34:00,038 - DEBUG - Done with 22+ [line 1684245]
2020-08-27 19:34:00,038 - DEBUG - Assigning indexes to genes
2020-08-27 19:34:00,043 - DEBUG - Seen 21866 genes until now
2020-08-27 19:34:00,043 - DEBUG - Parsing Chromosome 3 strand - [line 1684246]
2020-08-27 19:34:00,378 - DEBUG - Done with 3- [line 1763939]
2020-08-27 19:34:00,378 - DEBUG - Assigning indexes to genes
2020-08-27 19:34:00,385 - DEBUG - Seen 22713 genes until now
2020-08-27 19:34:00,385 - DEBUG - Parsing Chromosome 3 strand + [line 1763940]
2020-08-27 19:34:00,722 - DEBUG - Done with 3+ [line 1844840]
2020-08-27 19:34:00,723 - DEBUG - Assigning indexes to genes
2020-08-27 19:34:00,730 - DEBUG - Seen 23585 genes until now
2020-08-27 19:34:00,730 - DEBUG - Parsing Chromosome 4 strand - [line 1844841]
2020-08-27 19:34:01,604 - DEBUG - Done with 4- [line 1898665]
2020-08-27 19:34:01,604 - DEBUG - Assigning indexes to genes
2020-08-27 19:34:01,609 - DEBUG - Seen 24246 genes until now
2020-08-27 19:34:01,609 - DEBUG - Parsing Chromosome 4 strand + [line 1898666]
2020-08-27 19:34:01,810 - DEBUG - Done with 4+ [line 1947617]
2020-08-27 19:34:01,810 - DEBUG - Assigning indexes to genes
2020-08-27 19:34:01,815 - DEBUG - Seen 24938 genes until now
2020-08-27 19:34:01,815 - DEBUG - Parsing Chromosome 5 strand - [line 1947618]
2020-08-27 19:34:02,041 - DEBUG - Done with 5- [line 2001140]
2020-08-27 19:34:02,041 - DEBUG - Assigning indexes to genes
2020-08-27 19:34:02,046 - DEBUG - Seen 25741 genes until now
2020-08-27 19:34:02,046 - DEBUG - Parsing Chromosome 5 strand + [line 2001141]
2020-08-27 19:34:02,299 - DEBUG - Done with 5+ [line 2062165]
2020-08-27 19:34:02,299 - DEBUG - Assigning indexes to genes
2020-08-27 19:34:02,304 - DEBUG - Seen 26599 genes until now
2020-08-27 19:34:02,304 - DEBUG - Parsing Chromosome 6 strand - [line 2062166]
2020-08-27 19:34:02,558 - DEBUG - Done with 6- [line 2121425]
2020-08-27 19:34:02,558 - DEBUG - Assigning indexes to genes
2020-08-27 19:34:02,562 - DEBUG - Seen 27435 genes until now
2020-08-27 19:34:02,562 - DEBUG - Parsing Chromosome 6 strand + [line 2121426]
2020-08-27 19:34:02,788 - DEBUG - Done with 6+ [line 2176078]
2020-08-27 19:34:02,788 - DEBUG - Assigning indexes to genes
2020-08-27 19:34:02,793 - DEBUG - Seen 28231 genes until now
2020-08-27 19:34:02,793 - DEBUG - Parsing Chromosome 7 strand - [line 2176079]
2020-08-27 19:34:03,040 - DEBUG - Done with 7- [line 2233605]
2020-08-27 19:34:03,040 - DEBUG - Assigning indexes to genes
2020-08-27 19:34:03,045 - DEBUG - Seen 28953 genes until now
2020-08-27 19:34:03,045 - DEBUG - Parsing Chromosome 7 strand + [line 2233606]
2020-08-27 19:34:03,306 - DEBUG - Done with 7+ [line 2295513]
2020-08-27 19:34:03,306 - DEBUG - Assigning indexes to genes
2020-08-27 19:34:03,311 - DEBUG - Seen 29770 genes until now
2020-08-27 19:34:03,311 - DEBUG - Parsing Chromosome 8 strand - [line 2295514]
2020-08-27 19:34:03,513 - DEBUG - Done with 8- [line 2343289]
2020-08-27 19:34:03,513 - DEBUG - Assigning indexes to genes
2020-08-27 19:34:03,517 - DEBUG - Seen 30442 genes until now
2020-08-27 19:34:03,517 - DEBUG - Parsing Chromosome 8 strand + [line 2343290]
2020-08-27 19:34:03,700 - DEBUG - Done with 8+ [line 2386793]
2020-08-27 19:34:03,700 - DEBUG - Assigning indexes to genes
2020-08-27 19:34:03,704 - DEBUG - Seen 31090 genes until now
2020-08-27 19:34:03,704 - DEBUG - Parsing Chromosome 9 strand - [line 2386794]
2020-08-27 19:34:04,617 - DEBUG - Done with 9- [line 2430389]
2020-08-27 19:34:04,617 - DEBUG - Assigning indexes to genes
2020-08-27 19:34:04,622 - DEBUG - Seen 31710 genes until now
2020-08-27 19:34:04,622 - DEBUG - Parsing Chromosome 9 strand + [line 2430390]
2020-08-27 19:34:04,822 - DEBUG - Done with 9+ [line 2477312]
2020-08-27 19:34:04,822 - DEBUG - Assigning indexes to genes
2020-08-27 19:34:04,825 - DEBUG - Seen 32318 genes until now
2020-08-27 19:34:04,825 - DEBUG - Parsing Chromosome GL000009.2 strand - [line 2477313]
2020-08-27 19:34:04,825 - DEBUG - Done with GL000009.2- [line 2477320]
2020-08-27 19:34:04,825 - DEBUG - Assigning indexes to genes
2020-08-27 19:34:04,825 - DEBUG - Seen 32319 genes until now
2020-08-27 19:34:04,825 - DEBUG - Parsing Chromosome GL000194.1 strand - [line 2477321]
2020-08-27 19:34:04,826 - DEBUG - Done with GL000194.1- [line 2477346]
2020-08-27 19:34:04,826 - DEBUG - Assigning indexes to genes
2020-08-27 19:34:04,826 - DEBUG - Seen 32321 genes until now
2020-08-27 19:34:04,826 - DEBUG - Parsing Chromosome GL000195.1 strand - [line 2477347]
2020-08-27 19:34:04,826 - DEBUG - Done with GL000195.1- [line 2477356]
2020-08-27 19:34:04,826 - DEBUG - Assigning indexes to genes
2020-08-27 19:34:04,826 - DEBUG - Seen 32322 genes until now
2020-08-27 19:34:04,826 - DEBUG - Parsing Chromosome GL000195.1 strand + [line 2477357]
2020-08-27 19:34:04,826 - DEBUG - Done with GL000195.1+ [line 2477370]
2020-08-27 19:34:04,826 - DEBUG - Assigning indexes to genes
2020-08-27 19:34:04,826 - DEBUG - Seen 32323 genes until now
2020-08-27 19:34:04,826 - DEBUG - Parsing Chromosome GL000205.2 strand - [line 2477371]
2020-08-27 19:34:04,826 - DEBUG - Done with GL000205.2- [line 2477384]
2020-08-27 19:34:04,826 - DEBUG - Assigning indexes to genes
2020-08-27 19:34:04,826 - DEBUG - Seen 32324 genes until now
2020-08-27 19:34:04,826 - DEBUG - Parsing Chromosome GL000213.1 strand - [line 2477385]
2020-08-27 19:34:04,826 - DEBUG - Done with GL000213.1- [line 2477433]
2020-08-27 19:34:04,827 - DEBUG - Assigning indexes to genes
2020-08-27 19:34:04,827 - DEBUG - Seen 32325 genes until now
2020-08-27 19:34:04,827 - DEBUG - Parsing Chromosome GL000218.1 strand - [line 2477434]
2020-08-27 19:34:04,827 - DEBUG - Done with GL000218.1- [line 2477441]
2020-08-27 19:34:04,827 - DEBUG - Assigning indexes to genes
2020-08-27 19:34:04,827 - DEBUG - Seen 32326 genes until now
2020-08-27 19:34:04,827 - DEBUG - Parsing Chromosome GL000219.1 strand - [line 2477442]
2020-08-27 19:34:04,827 - DEBUG - Done with GL000219.1- [line 2477453]
2020-08-27 19:34:04,827 - DEBUG - Assigning indexes to genes
2020-08-27 19:34:04,827 - DEBUG - Seen 32327 genes until now
2020-08-27 19:34:04,827 - DEBUG - Parsing Chromosome KI270711.1 strand - [line 2477454]
2020-08-27 19:34:04,828 - DEBUG - Done with KI270711.1- [line 2477604]
2020-08-27 19:34:04,828 - DEBUG - Assigning indexes to genes
2020-08-27 19:34:04,828 - DEBUG - Seen 32328 genes until now
2020-08-27 19:34:04,828 - DEBUG - Parsing Chromosome KI270713.1 strand - [line 2477605]
2020-08-27 19:34:04,828 - DEBUG - Done with KI270713.1- [line 2477612]
2020-08-27 19:34:04,828 - DEBUG - Assigning indexes to genes
2020-08-27 19:34:04,828 - DEBUG - Seen 32329 genes until now
2020-08-27 19:34:04,828 - DEBUG - Parsing Chromosome KI270713.1 strand + [line 2477613]
2020-08-27 19:34:04,828 - DEBUG - Done with KI270713.1+ [line 2477618]
2020-08-27 19:34:04,828 - DEBUG - Assigning indexes to genes
2020-08-27 19:34:04,828 - DEBUG - Seen 32330 genes until now
2020-08-27 19:34:04,828 - DEBUG - Parsing Chromosome KI270721.1 strand + [line 2477619]
2020-08-27 19:34:04,828 - DEBUG - Done with KI270721.1+ [line 2477634]
2020-08-27 19:34:04,828 - DEBUG - Assigning indexes to genes
2020-08-27 19:34:04,828 - DEBUG - Seen 32331 genes until now
2020-08-27 19:34:04,828 - DEBUG - Parsing Chromosome KI270726.1 strand + [line 2477635]
2020-08-27 19:34:04,828 - DEBUG - Done with KI270726.1+ [line 2477645]
2020-08-27 19:34:04,828 - DEBUG - Assigning indexes to genes
2020-08-27 19:34:04,828 - DEBUG - Seen 32333 genes until now
2020-08-27 19:34:04,828 - DEBUG - Parsing Chromosome KI270727.1 strand - [line 2477646]
2020-08-27 19:34:04,829 - DEBUG - Done with KI270727.1- [line 2477704]
2020-08-27 19:34:04,829 - DEBUG - Assigning indexes to genes
2020-08-27 19:34:04,829 - DEBUG - Seen 32335 genes until now
2020-08-27 19:34:04,829 - DEBUG - Parsing Chromosome KI270727.1 strand + [line 2477705]
2020-08-27 19:34:04,829 - DEBUG - Done with KI270727.1+ [line 2477719]
2020-08-27 19:34:04,829 - DEBUG - Assigning indexes to genes
2020-08-27 19:34:04,829 - DEBUG - Seen 32337 genes until now
2020-08-27 19:34:04,829 - DEBUG - Parsing Chromosome KI270728.1 strand - [line 2477720]
2020-08-27 19:34:04,829 - DEBUG - Done with KI270728.1- [line 2477796]
2020-08-27 19:34:04,829 - DEBUG - Assigning indexes to genes
2020-08-27 19:34:04,829 - DEBUG - Seen 32339 genes until now
2020-08-27 19:34:04,830 - DEBUG - Parsing Chromosome KI270728.1 strand + [line 2477797]
2020-08-27 19:34:04,830 - DEBUG - Done with KI270728.1+ [line 2477833]
2020-08-27 19:34:04,830 - DEBUG - Assigning indexes to genes
2020-08-27 19:34:04,830 - DEBUG - Seen 32343 genes until now
2020-08-27 19:34:04,830 - DEBUG - Parsing Chromosome KI270731.1 strand - [line 2477834]
2020-08-27 19:34:04,830 - DEBUG - Done with KI270731.1- [line 2477840]
2020-08-27 19:34:04,830 - DEBUG - Assigning indexes to genes
2020-08-27 19:34:04,830 - DEBUG - Seen 32344 genes until now
2020-08-27 19:34:04,830 - DEBUG - Parsing Chromosome KI270734.1 strand - [line 2477841]
2020-08-27 19:34:04,830 - DEBUG - Done with KI270734.1- [line 2477909]
2020-08-27 19:34:04,830 - DEBUG - Assigning indexes to genes
2020-08-27 19:34:04,830 - DEBUG - Seen 32345 genes until now
2020-08-27 19:34:04,830 - DEBUG - Parsing Chromosome KI270734.1 strand + [line 2477910]
2020-08-27 19:34:04,831 - DEBUG - Done with KI270734.1+ [line 2477932]
2020-08-27 19:34:04,831 - DEBUG - Assigning indexes to genes
2020-08-27 19:34:04,831 - DEBUG - Seen 32347 genes until now
2020-08-27 19:34:04,831 - DEBUG - Parsing Chromosome MT strand - [line 2477933]
2020-08-27 19:34:04,831 - DEBUG - Done with MT- [line 2477938]
2020-08-27 19:34:04,831 - DEBUG - Assigning indexes to genes
2020-08-27 19:34:04,831 - DEBUG - Seen 32348 genes until now
2020-08-27 19:34:04,831 - DEBUG - Parsing Chromosome MT strand + [line 2477939]
2020-08-27 19:34:04,831 - DEBUG - Done with MT+ [line 2478004]
2020-08-27 19:34:04,831 - DEBUG - Assigning indexes to genes
2020-08-27 19:34:04,831 - DEBUG - Seen 32360 genes until now
2020-08-27 19:34:04,831 - DEBUG - Parsing Chromosome X strand - [line 2478005]
2020-08-27 19:34:05,003 - DEBUG - Done with X- [line 2518937]
2020-08-27 19:34:05,003 - DEBUG - Assigning indexes to genes
2020-08-27 19:34:05,006 - DEBUG - Seen 32876 genes until now
2020-08-27 19:34:05,006 - DEBUG - Parsing Chromosome X strand + [line 2518938]
2020-08-27 19:34:05,175 - DEBUG - Done with X+ [line 2560301]
2020-08-27 19:34:05,175 - DEBUG - Assigning indexes to genes
2020-08-27 19:34:05,179 - DEBUG - Seen 33438 genes until now
2020-08-27 19:34:05,179 - DEBUG - Parsing Chromosome Y strand - [line 2560302]
2020-08-27 19:34:05,188 - DEBUG - Done with Y- [line 2562446]
2020-08-27 19:34:05,188 - DEBUG - Assigning indexes to genes
2020-08-27 19:34:05,188 - DEBUG - Seen 33485 genes until now
2020-08-27 19:34:05,188 - DEBUG - Parsing Chromosome Y strand + [line 2562447]
2020-08-27 19:34:05,199 - DEBUG - Assigning indexes to genes
2020-08-27 19:34:05,199 - DEBUG - Done with Y+ [line 2565059]
2020-08-27 19:34:05,199 - DEBUG - Fixing corner cases of transcript models containg intron longer than 1000Kbp
2020-08-27 19:34:07,353 - DEBUG - Generated 2165800 features corresponding to 172912 transcript models from /net/isi-dcnl/ifs/user_data/abild/Genomes/refdata-cellranger-GRCh38-3.0.0/genes/genes.gtf
2020-08-27 19:34:07,389 - INFO - Scan /net/isi-dcnl/ifs/user_data/abild/Megatron_data/COH057/feline_p29_40_mRNA/cell_ranger/FEL032_S/outs/possorted_genome_bam.bam to validate intron intervals
2020-08-27 19:34:11,447 - DEBUG - Reading /net/isi-dcnl/ifs/user_data/abild/Megatron_data/COH057/feline_p29_40_mRNA/cell_ranger/FEL032_S/outs/possorted_genome_bam.bam
2020-08-27 19:34:11,463 - DEBUG - Read first 0 million reads
2020-08-27 19:34:11,463 - DEBUG - Marking up chromosome 1
2020-08-27 19:35:32,461 - DEBUG - Marking up chromosome 10
2020-08-27 19:36:10,346 - DEBUG - Read first 10 million reads
2020-08-27 19:36:20,640 - DEBUG - Marking up chromosome 11
2020-08-27 19:37:41,933 - DEBUG - Marking up chromosome 12
2020-08-27 19:38:33,256 - DEBUG - Read first 20 million reads
2020-08-27 19:38:36,894 - DEBUG - Marking up chromosome 13
2020-08-27 19:39:00,541 - DEBUG - Marking up chromosome 14
2020-08-27 19:39:32,351 - DEBUG - Marking up chromosome 15
2020-08-27 19:40:08,801 - DEBUG - Marking up chromosome 16
2020-08-27 19:40:41,370 - DEBUG - Marking up chromosome 17
2020-08-27 19:40:41,582 - DEBUG - Read first 30 million reads
2020-08-27 19:41:35,642 - DEBUG - Marking up chromosome 18
2020-08-27 19:41:58,254 - DEBUG - Marking up chromosome 19
2020-08-27 19:42:29,711 - DEBUG - Marking up chromosome 2
2020-08-27 19:42:43,219 - DEBUG - Read first 40 million reads
2020-08-27 19:43:59,630 - DEBUG - Marking up chromosome 20
2020-08-27 19:44:20,232 - DEBUG - Marking up chromosome 21
2020-08-27 19:44:24,664 - DEBUG - Read first 50 million reads
2020-08-27 19:44:46,178 - DEBUG - Read first 60 million reads
2020-08-27 19:45:07,687 - DEBUG - Read first 70 million reads
2020-08-27 19:45:28,503 - DEBUG - Marking up chromosome 22
2020-08-27 19:45:45,771 - DEBUG - Marking up chromosome 3
2020-08-27 19:46:56,910 - DEBUG - Marking up chromosome 4
2020-08-27 19:46:57,253 - DEBUG - Read first 80 million reads
2020-08-27 19:47:45,154 - DEBUG - Marking up chromosome 5
2020-08-27 19:48:42,864 - DEBUG - Marking up chromosome 6
2020-08-27 19:49:04,516 - DEBUG - Read first 90 million reads
2020-08-27 19:49:30,691 - DEBUG - Marking up chromosome 7
2020-08-27 19:50:30,993 - DEBUG - Marking up chromosome 8
2020-08-27 19:51:11,795 - DEBUG - Read first 100 million reads
2020-08-27 19:51:13,455 - DEBUG - Marking up chromosome 9
2020-08-27 19:51:49,137 - DEBUG - Marking up chromosome MT
2020-08-27 19:52:01,003 - DEBUG - Marking up chromosome X
2020-08-27 19:52:28,534 - DEBUG - Marking up chromosome Y
2020-08-27 19:52:28,581 - DEBUG - Marking up chromosome KI270728.1
2020-08-27 19:52:28,592 - DEBUG - Marking up chromosome KI270727.1
2020-08-27 19:52:28,597 - DEBUG - Marking up chromosome KI270442.1
2020-08-27 19:52:28,597 - WARNING - The .bam file refers to a chromosome 'KI270442.1+' not present in the annotation (.gtf) file
2020-08-27 19:52:28,597 - WARNING - The .bam file refers to a chromosome 'KI270442.1-' not present in the annotation (.gtf) file
2020-08-27 19:52:28,599 - DEBUG - Marking up chromosome KI270729.1
2020-08-27 19:52:28,599 - WARNING - The .bam file refers to a chromosome 'KI270729.1+' not present in the annotation (.gtf) file
2020-08-27 19:52:28,599 - WARNING - The .bam file refers to a chromosome 'KI270729.1-' not present in the annotation (.gtf) file
2020-08-27 19:52:28,599 - DEBUG - Marking up chromosome KI270743.1
2020-08-27 19:52:28,599 - WARNING - The .bam file refers to a chromosome 'KI270743.1+' not present in the annotation (.gtf) file
2020-08-27 19:52:28,599 - WARNING - The .bam file refers to a chromosome 'KI270743.1-' not present in the annotation (.gtf) file
2020-08-27 19:52:28,604 - DEBUG - Marking up chromosome GL000008.2
2020-08-27 19:52:28,604 - WARNING - The .bam file refers to a chromosome 'GL000008.2+' not present in the annotation (.gtf) file
2020-08-27 19:52:28,604 - WARNING - The .bam file refers to a chromosome 'GL000008.2-' not present in the annotation (.gtf) file
2020-08-27 19:52:28,627 - DEBUG - Marking up chromosome GL000009.2
2020-08-27 19:52:28,627 - WARNING - The .bam file refers to a chromosome 'GL000009.2+' not present in the annotation (.gtf) file
2020-08-27 19:52:28,647 - DEBUG - Marking up chromosome KI270722.1
2020-08-27 19:52:28,647 - WARNING - The .bam file refers to a chromosome 'KI270722.1+' not present in the annotation (.gtf) file
2020-08-27 19:52:28,647 - WARNING - The .bam file refers to a chromosome 'KI270722.1-' not present in the annotation (.gtf) file
2020-08-27 19:52:28,648 - DEBUG - Marking up chromosome GL000194.1
2020-08-27 19:52:28,648 - WARNING - The .bam file refers to a chromosome 'GL000194.1+' not present in the annotation (.gtf) file
2020-08-27 19:52:28,742 - DEBUG - Marking up chromosome KI270742.1
2020-08-27 19:52:28,742 - WARNING - The .bam file refers to a chromosome 'KI270742.1+' not present in the annotation (.gtf) file
2020-08-27 19:52:28,742 - WARNING - The .bam file refers to a chromosome 'KI270742.1-' not present in the annotation (.gtf) file
2020-08-27 19:52:28,766 - DEBUG - Marking up chromosome GL000205.2
2020-08-27 19:52:28,766 - WARNING - The .bam file refers to a chromosome 'GL000205.2+' not present in the annotation (.gtf) file
2020-08-27 19:52:28,787 - DEBUG - Marking up chromosome GL000195.1
2020-08-27 19:52:28,854 - DEBUG - Marking up chromosome KI270733.1
2020-08-27 19:52:28,854 - WARNING - The .bam file refers to a chromosome 'KI270733.1+' not present in the annotation (.gtf) file
2020-08-27 19:52:28,854 - WARNING - The .bam file refers to a chromosome 'KI270733.1-' not present in the annotation (.gtf) file
2020-08-27 19:52:34,440 - DEBUG - Read first 110 million reads
2020-08-27 19:52:55,939 - DEBUG - Read first 120 million reads
2020-08-27 19:52:56,877 - DEBUG - Marking up chromosome GL000224.1
2020-08-27 19:52:56,877 - WARNING - The .bam file refers to a chromosome 'GL000224.1+' not present in the annotation (.gtf) file
2020-08-27 19:52:56,877 - WARNING - The .bam file refers to a chromosome 'GL000224.1-' not present in the annotation (.gtf) file
2020-08-27 19:52:56,883 - DEBUG - Marking up chromosome GL000219.1
2020-08-27 19:52:56,884 - WARNING - The .bam file refers to a chromosome 'GL000219.1+' not present in the annotation (.gtf) file
2020-08-27 19:52:56,977 - DEBUG - Marking up chromosome KI270719.1
2020-08-27 19:52:56,977 - WARNING - The .bam file refers to a chromosome 'KI270719.1+' not present in the annotation (.gtf) file
2020-08-27 19:52:56,977 - WARNING - The .bam file refers to a chromosome 'KI270719.1-' not present in the annotation (.gtf) file
2020-08-27 19:52:56,984 - DEBUG - Marking up chromosome KI270712.1
2020-08-27 19:52:56,984 - WARNING - The .bam file refers to a chromosome 'KI270712.1+' not present in the annotation (.gtf) file
2020-08-27 19:52:56,984 - WARNING - The .bam file refers to a chromosome 'KI270712.1-' not present in the annotation (.gtf) file
2020-08-27 19:52:57,005 - DEBUG - Marking up chromosome KI270706.1
2020-08-27 19:52:57,005 - WARNING - The .bam file refers to a chromosome 'KI270706.1+' not present in the annotation (.gtf) file
2020-08-27 19:52:57,005 - WARNING - The .bam file refers to a chromosome 'KI270706.1-' not present in the annotation (.gtf) file
2020-08-27 19:52:57,040 - DEBUG - Marking up chromosome KI270725.1
2020-08-27 19:52:57,040 - WARNING - The .bam file refers to a chromosome 'KI270725.1+' not present in the annotation (.gtf) file
2020-08-27 19:52:57,040 - WARNING - The .bam file refers to a chromosome 'KI270725.1-' not present in the annotation (.gtf) file
2020-08-27 19:52:57,042 - DEBUG - Marking up chromosome KI270744.1
2020-08-27 19:52:57,042 - WARNING - The .bam file refers to a chromosome 'KI270744.1+' not present in the annotation (.gtf) file
2020-08-27 19:52:57,042 - WARNING - The .bam file refers to a chromosome 'KI270744.1-' not present in the annotation (.gtf) file
2020-08-27 19:52:57,053 - DEBUG - Marking up chromosome KI270734.1
2020-08-27 19:52:57,057 - DEBUG - Marking up chromosome GL000213.1
2020-08-27 19:52:57,057 - WARNING - The .bam file refers to a chromosome 'GL000213.1+' not present in the annotation (.gtf) file
2020-08-27 19:52:57,058 - DEBUG - Marking up chromosome GL000220.1
2020-08-27 19:52:57,058 - WARNING - The .bam file refers to a chromosome 'GL000220.1+' not present in the annotation (.gtf) file
2020-08-27 19:52:57,058 - WARNING - The .bam file refers to a chromosome 'GL000220.1-' not present in the annotation (.gtf) file
2020-08-27 19:53:17,427 - DEBUG - Read first 130 million reads
2020-08-27 19:53:24,931 - DEBUG - Marking up chromosome KI270715.1
2020-08-27 19:53:24,931 - WARNING - The .bam file refers to a chromosome 'KI270715.1+' not present in the annotation (.gtf) file
2020-08-27 19:53:24,931 - WARNING - The .bam file refers to a chromosome 'KI270715.1-' not present in the annotation (.gtf) file
2020-08-27 19:53:24,931 - DEBUG - Marking up chromosome GL000218.1
2020-08-27 19:53:24,931 - WARNING - The .bam file refers to a chromosome 'GL000218.1+' not present in the annotation (.gtf) file
2020-08-27 19:53:24,986 - DEBUG - Marking up chromosome KI270749.1
2020-08-27 19:53:24,986 - WARNING - The .bam file refers to a chromosome 'KI270749.1+' not present in the annotation (.gtf) file
2020-08-27 19:53:24,986 - WARNING - The .bam file refers to a chromosome 'KI270749.1-' not present in the annotation (.gtf) file
2020-08-27 19:53:24,987 - DEBUG - Marking up chromosome KI270741.1
2020-08-27 19:53:24,987 - WARNING - The .bam file refers to a chromosome 'KI270741.1+' not present in the annotation (.gtf) file
2020-08-27 19:53:24,987 - WARNING - The .bam file refers to a chromosome 'KI270741.1-' not present in the annotation (.gtf) file
2020-08-27 19:53:24,989 - DEBUG - Marking up chromosome GL000221.1
2020-08-27 19:53:24,989 - WARNING - The .bam file refers to a chromosome 'GL000221.1+' not present in the annotation (.gtf) file
2020-08-27 19:53:24,989 - WARNING - The .bam file refers to a chromosome 'GL000221.1-' not present in the annotation (.gtf) file
2020-08-27 19:53:25,005 - DEBUG - Marking up chromosome KI270716.1
2020-08-27 19:53:25,005 - WARNING - The .bam file refers to a chromosome 'KI270716.1+' not present in the annotation (.gtf) file
2020-08-27 19:53:25,005 - WARNING - The .bam file refers to a chromosome 'KI270716.1-' not present in the annotation (.gtf) file
2020-08-27 19:53:25,005 - DEBUG - Marking up chromosome KI270731.1
2020-08-27 19:53:25,005 - WARNING - The .bam file refers to a chromosome 'KI270731.1+' not present in the annotation (.gtf) file
2020-08-27 19:53:25,007 - DEBUG - Marking up chromosome KI270751.1
2020-08-27 19:53:25,007 - WARNING - The .bam file refers to a chromosome 'KI270751.1+' not present in the annotation (.gtf) file
2020-08-27 19:53:25,007 - WARNING - The .bam file refers to a chromosome 'KI270751.1-' not present in the annotation (.gtf) file
2020-08-27 19:53:25,010 - DEBUG - Marking up chromosome KI270750.1
2020-08-27 19:53:25,010 - WARNING - The .bam file refers to a chromosome 'KI270750.1+' not present in the annotation (.gtf) file
2020-08-27 19:53:25,010 - WARNING - The .bam file refers to a chromosome 'KI270750.1-' not present in the annotation (.gtf) file
2020-08-27 19:53:25,011 - DEBUG - Marking up chromosome GL000214.1
2020-08-27 19:53:25,011 - WARNING - The .bam file refers to a chromosome 'GL000214.1+' not present in the annotation (.gtf) file
2020-08-27 19:53:25,011 - WARNING - The .bam file refers to a chromosome 'GL000214.1-' not present in the annotation (.gtf) file
2020-08-27 19:53:25,015 - DEBUG - Marking up chromosome KI270708.1
2020-08-27 19:53:25,015 - WARNING - The .bam file refers to a chromosome 'KI270708.1+' not present in the annotation (.gtf) file
2020-08-27 19:53:25,015 - WARNING - The .bam file refers to a chromosome 'KI270708.1-' not present in the annotation (.gtf) file
2020-08-27 19:53:25,015 - DEBUG - Marking up chromosome KI270438.1
2020-08-27 19:53:25,015 - WARNING - The .bam file refers to a chromosome 'KI270438.1+' not present in the annotation (.gtf) file
2020-08-27 19:53:25,015 - WARNING - The .bam file refers to a chromosome 'KI270438.1-' not present in the annotation (.gtf) file
2020-08-27 19:53:25,016 - DEBUG - Marking up chromosome KI270737.1
2020-08-27 19:53:25,016 - WARNING - The .bam file refers to a chromosome 'KI270737.1+' not present in the annotation (.gtf) file
2020-08-27 19:53:25,016 - WARNING - The .bam file refers to a chromosome 'KI270737.1-' not present in the annotation (.gtf) file
2020-08-27 19:53:25,016 - DEBUG - Marking up chromosome KI270721.1
2020-08-27 19:53:25,016 - WARNING - The .bam file refers to a chromosome 'KI270721.1-' not present in the annotation (.gtf) file
2020-08-27 19:53:25,072 - DEBUG - Marking up chromosome KI270738.1
2020-08-27 19:53:25,072 - WARNING - The .bam file refers to a chromosome 'KI270738.1+' not present in the annotation (.gtf) file
2020-08-27 19:53:25,072 - WARNING - The .bam file refers to a chromosome 'KI270738.1-' not present in the annotation (.gtf) file
2020-08-27 19:53:25,073 - DEBUG - Marking up chromosome KI270748.1
2020-08-27 19:53:25,073 - WARNING - The .bam file refers to a chromosome 'KI270748.1+' not present in the annotation (.gtf) file
2020-08-27 19:53:25,073 - WARNING - The .bam file refers to a chromosome 'KI270748.1-' not present in the annotation (.gtf) file
2020-08-27 19:53:25,077 - DEBUG - Marking up chromosome GL000208.1
2020-08-27 19:53:25,077 - WARNING - The .bam file refers to a chromosome 'GL000208.1+' not present in the annotation (.gtf) file
2020-08-27 19:53:25,077 - WARNING - The .bam file refers to a chromosome 'GL000208.1-' not present in the annotation (.gtf) file
2020-08-27 19:53:25,077 - DEBUG - Marking up chromosome KI270709.1
2020-08-27 19:53:25,078 - WARNING - The .bam file refers to a chromosome 'KI270709.1+' not present in the annotation (.gtf) file
2020-08-27 19:53:25,078 - WARNING - The .bam file refers to a chromosome 'KI270709.1-' not present in the annotation (.gtf) file
2020-08-27 19:53:25,078 - DEBUG - Marking up chromosome KI270746.1
2020-08-27 19:53:25,078 - WARNING - The .bam file refers to a chromosome 'KI270746.1+' not present in the annotation (.gtf) file
2020-08-27 19:53:25,078 - WARNING - The .bam file refers to a chromosome 'KI270746.1-' not present in the annotation (.gtf) file
2020-08-27 19:53:25,079 - DEBUG - Marking up chromosome KI270589.1
2020-08-27 19:53:25,079 - WARNING - The .bam file refers to a chromosome 'KI270589.1+' not present in the annotation (.gtf) file
2020-08-27 19:53:25,079 - WARNING - The .bam file refers to a chromosome 'KI270589.1-' not present in the annotation (.gtf) file
2020-08-27 19:53:25,079 - DEBUG - Marking up chromosome KI270726.1
2020-08-27 19:53:25,079 - WARNING - The .bam file refers to a chromosome 'KI270726.1-' not present in the annotation (.gtf) file
2020-08-27 19:53:25,079 - DEBUG - Marking up chromosome KI270711.1
2020-08-27 19:53:25,079 - WARNING - The .bam file refers to a chromosome 'KI270711.1+' not present in the annotation (.gtf) file
2020-08-27 19:53:25,119 - DEBUG - Marking up chromosome KI270745.1
2020-08-27 19:53:25,119 - WARNING - The .bam file refers to a chromosome 'KI270745.1+' not present in the annotation (.gtf) file
2020-08-27 19:53:25,119 - WARNING - The .bam file refers to a chromosome 'KI270745.1-' not present in the annotation (.gtf) file
2020-08-27 19:53:25,122 - DEBUG - Marking up chromosome KI270714.1
2020-08-27 19:53:25,122 - WARNING - The .bam file refers to a chromosome 'KI270714.1+' not present in the annotation (.gtf) file
2020-08-27 19:53:25,122 - WARNING - The .bam file refers to a chromosome 'KI270714.1-' not present in the annotation (.gtf) file
2020-08-27 19:53:25,123 - DEBUG - Marking up chromosome KI270732.1
2020-08-27 19:53:25,123 - WARNING - The .bam file refers to a chromosome 'KI270732.1+' not present in the annotation (.gtf) file
2020-08-27 19:53:25,123 - WARNING - The .bam file refers to a chromosome 'KI270732.1-' not present in the annotation (.gtf) file
2020-08-27 19:53:25,123 - DEBUG - Marking up chromosome KI270713.1
2020-08-27 19:53:25,126 - DEBUG - Marking up chromosome KI270754.1
2020-08-27 19:53:25,126 - WARNING - The .bam file refers to a chromosome 'KI270754.1+' not present in the annotation (.gtf) file
2020-08-27 19:53:25,126 - WARNING - The .bam file refers to a chromosome 'KI270754.1-' not present in the annotation (.gtf) file
2020-08-27 19:53:25,126 - DEBUG - Marking up chromosome KI270717.1
2020-08-27 19:53:25,126 - WARNING - The .bam file refers to a chromosome 'KI270717.1+' not present in the annotation (.gtf) file
2020-08-27 19:53:25,126 - WARNING - The .bam file refers to a chromosome 'KI270717.1-' not present in the annotation (.gtf) file
2020-08-27 19:53:25,132 - DEBUG - Marking up chromosome KI270720.1
2020-08-27 19:53:25,132 - WARNING - The .bam file refers to a chromosome 'KI270720.1+' not present in the annotation (.gtf) file
2020-08-27 19:53:25,132 - WARNING - The .bam file refers to a chromosome 'KI270720.1-' not present in the annotation (.gtf) file
2020-08-27 19:53:25,133 - DEBUG - Marking up chromosome KI270718.1
2020-08-27 19:53:25,133 - WARNING - The .bam file refers to a chromosome 'KI270718.1+' not present in the annotation (.gtf) file
2020-08-27 19:53:25,133 - WARNING - The .bam file refers to a chromosome 'KI270718.1-' not present in the annotation (.gtf) file
2020-08-27 19:53:25,138 - DEBUG - Marking up chromosome KI270755.1
2020-08-27 19:53:25,138 - WARNING - The .bam file refers to a chromosome 'KI270755.1+' not present in the annotation (.gtf) file
2020-08-27 19:53:25,138 - WARNING - The .bam file refers to a chromosome 'KI270755.1-' not present in the annotation (.gtf) file
2020-08-27 19:53:25,139 - DEBUG - Marking up chromosome KI270707.1
2020-08-27 19:53:25,139 - WARNING - The .bam file refers to a chromosome 'KI270707.1+' not present in the annotation (.gtf) file
2020-08-27 19:53:25,139 - WARNING - The .bam file refers to a chromosome 'KI270707.1-' not present in the annotation (.gtf) file
2020-08-27 19:53:25,142 - DEBUG - Marking up chromosome KI270382.1
2020-08-27 19:53:25,142 - WARNING - The .bam file refers to a chromosome 'KI270382.1+' not present in the annotation (.gtf) file
2020-08-27 19:53:25,142 - WARNING - The .bam file refers to a chromosome 'KI270382.1-' not present in the annotation (.gtf) file
2020-08-27 19:53:25,142 - DEBUG - Marking up chromosome KI270330.1
2020-08-27 19:53:25,142 - WARNING - The .bam file refers to a chromosome 'KI270330.1+' not present in the annotation (.gtf) file
2020-08-27 19:53:25,142 - WARNING - The .bam file refers to a chromosome 'KI270330.1-' not present in the annotation (.gtf) file
2020-08-27 19:53:25,144 - DEBUG - Marking up chromosome KI270310.1
2020-08-27 19:53:25,144 - WARNING - The .bam file refers to a chromosome 'KI270310.1+' not present in the annotation (.gtf) file
2020-08-27 19:53:25,144 - WARNING - The .bam file refers to a chromosome 'KI270310.1-' not present in the annotation (.gtf) file
2020-08-27 19:53:34,932 - DEBUG - End of file. Reset index: start scanning from initial position.
2020-08-27 19:53:34,933 - DEBUG - 1747556 reads were skipped because no apropiate cell or umi barcode was found
2020-08-27 19:53:34,933 - DEBUG - Start molecule counting!
2020-08-27 19:53:39,012 - DEBUG - Features available for chromosomes : ['1-', '1+', '10-', '10+', '11-', '11+', '12-', '12+', '13-', '13+', '14-', '14+', '15-', '15+', '16-', '16+', '17-', '17+', '18-', '18+', '19-', '19+', '2-', '2+', '20-', '20+', '21-', '21+', '22-', '22+', '3-', '3+', '4-', '4+', '5-', '5+', '6-', '6+', '7-', '7+', '8-', '8+', '9-', '9+', 'GL000009.2-', 'GL000194.1-', 'GL000195.1-', 'GL000195.1+', 'GL000205.2-', 'GL000213.1-', 'GL000218.1-', 'GL000219.1-', 'KI270711.1-', 'KI270713.1-', 'KI270713.1+', 'KI270721.1+', 'KI270726.1+', 'KI270727.1-', 'KI270727.1+', 'KI270728.1-', 'KI270728.1+', 'KI270731.1-', 'KI270734.1-', 'KI270734.1+', 'MT-', 'MT+', 'X-', 'X+', 'Y-', 'Y+']
2020-08-27 19:53:39,013 - DEBUG - Mask available for chromosomes : []
2020-08-27 19:53:39,013 - DEBUG - Summarizing the results of intron validation.
2020-08-27 19:53:39,719 - DEBUG - Validated 471648 introns (of which unique intervals 150374) out of 996444 total possible introns (considering each possible transcript models).
2020-08-27 19:53:39,720 - DEBUG - Reading /net/isi-dcnl/ifs/user_data/abild/Megatron_data/COH057/feline_p29_40_mRNA/cell_ranger/FEL032_S/outs/cellsorted_possorted_genome_bam.bam
2020-08-27 19:53:39,764 - DEBUG - Read first 0 million reads
2020-08-27 19:54:05,912 - DEBUG - Read first 10 million reads
2020-08-27 19:54:44,696 - DEBUG - Counting for batch 1, containing 100 cells and 2189619 reads
2020-08-27 19:56:05,739 - DEBUG - 0 reads not considered because fully enclosed in repeat masked regions
2020-08-27 19:56:50,308 - DEBUG - Read first 20 million reads
2020-08-27 19:56:59,395 - DEBUG - Counting for batch 2, containing 100 cells and 2172483 reads
2020-08-27 19:58:16,817 - DEBUG - 0 reads not considered because fully enclosed in repeat masked regions
2020-08-27 19:59:14,252 - DEBUG - Counting for batch 3, containing 100 cells and 2407619 reads
2020-08-27 20:00:37,082 - DEBUG - 0 reads not considered because fully enclosed in repeat masked regions
2020-08-27 20:01:13,527 - DEBUG - Read first 30 million reads
2020-08-27 20:01:39,483 - DEBUG - Counting for batch 4, containing 100 cells and 2260989 reads
2020-08-27 20:03:01,051 - DEBUG - 0 reads not considered because fully enclosed in repeat masked regions
2020-08-27 20:03:49,960 - DEBUG - Counting for batch 5, containing 100 cells and 1965717 reads
2020-08-27 20:04:58,592 - DEBUG - 0 reads not considered because fully enclosed in repeat masked regions
2020-08-27 20:05:19,751 - DEBUG - Read first 40 million reads
2020-08-27 20:05:55,968 - DEBUG - Counting for batch 6, containing 100 cells and 2271185 reads
2020-08-27 20:07:17,713 - DEBUG - 0 reads not considered because fully enclosed in repeat masked regions
2020-08-27 20:08:04,093 - DEBUG - Read first 50 million reads
2020-08-27 20:08:12,106 - DEBUG - Counting for batch 7, containing 100 cells and 2052507 reads
2020-08-27 20:09:22,875 - DEBUG - 0 reads not considered because fully enclosed in repeat masked regions
2020-08-27 20:10:17,941 - DEBUG - Counting for batch 8, containing 100 cells and 2146015 reads
2020-08-27 20:11:34,502 - DEBUG - 0 reads not considered because fully enclosed in repeat masked regions
2020-08-27 20:12:12,658 - DEBUG - Read first 60 million reads
2020-08-27 20:12:28,735 - DEBUG - Counting for batch 9, containing 100 cells and 2290168 reads
2020-08-27 20:13:48,296 - DEBUG - 0 reads not considered because fully enclosed in repeat masked regions
2020-08-27 20:14:40,670 - DEBUG - Counting for batch 10, containing 100 cells and 1936820 reads
2020-08-27 20:15:50,657 - DEBUG - 0 reads not considered because fully enclosed in repeat masked regions
2020-08-27 20:16:19,728 - DEBUG - Read first 70 million reads
2020-08-27 20:16:38,907 - DEBUG - Counting for batch 11, containing 100 cells and 1915233 reads
2020-08-27 20:17:47,426 - DEBUG - 0 reads not considered because fully enclosed in repeat masked regions
2020-08-27 20:18:34,138 - DEBUG - Counting for batch 12, containing 100 cells and 1850926 reads
2020-08-27 20:19:43,028 - DEBUG - 0 reads not considered because fully enclosed in repeat masked regions
2020-08-27 20:20:08,468 - DEBUG - Read first 80 million reads
2020-08-27 20:20:28,864 - DEBUG - Counting for batch 13, containing 100 cells and 1888014 reads
2020-08-27 20:21:37,038 - DEBUG - 0 reads not considered because fully enclosed in repeat masked regions
2020-08-27 20:22:21,438 - DEBUG - Counting for batch 14, containing 100 cells and 1748598 reads
2020-08-27 20:23:26,033 - DEBUG - 0 reads not considered because fully enclosed in repeat masked regions
2020-08-27 20:23:52,419 - DEBUG - Read first 90 million reads
2020-08-27 20:24:12,602 - DEBUG - Counting for batch 15, containing 100 cells and 2011739 reads
2020-08-27 20:25:24,806 - DEBUG - 0 reads not considered because fully enclosed in repeat masked regions
2020-08-27 20:26:16,691 - DEBUG - Counting for batch 16, containing 100 cells and 2087524 reads
2020-08-27 20:27:32,728 - DEBUG - 0 reads not considered because fully enclosed in repeat masked regions
2020-08-27 20:27:56,579 - DEBUG - Read first 100 million reads
2020-08-27 20:28:27,051 - DEBUG - Counting for batch 17, containing 100 cells and 2369521 reads
2020-08-27 20:29:50,667 - DEBUG - 0 reads not considered because fully enclosed in repeat masked regions
2020-08-27 20:30:43,509 - DEBUG - Read first 110 million reads
2020-08-27 20:30:44,447 - DEBUG - Counting for batch 18, containing 100 cells and 1982416 reads
2020-08-27 20:31:57,187 - DEBUG - 0 reads not considered because fully enclosed in repeat masked regions
2020-08-27 20:32:48,042 - DEBUG - Counting for batch 19, containing 100 cells and 2261204 reads
2020-08-27 20:34:09,153 - DEBUG - 0 reads not considered because fully enclosed in repeat masked regions
2020-08-27 20:34:55,117 - DEBUG - Read first 120 million reads
2020-08-27 20:34:58,005 - DEBUG - Counting for batch 20, containing 100 cells and 1714097 reads
2020-08-27 20:36:01,167 - DEBUG - 0 reads not considered because fully enclosed in repeat masked regions
2020-08-27 20:36:47,556 - DEBUG - Counting for batch 21, containing 100 cells and 1979037 reads
2020-08-27 20:37:59,140 - DEBUG - 0 reads not considered because fully enclosed in repeat masked regions
2020-08-27 20:38:44,128 - DEBUG - Read first 130 million reads
2020-08-27 20:38:50,212 - DEBUG - Counting for batch 22, containing 100 cells and 2000694 reads
2020-08-27 20:40:03,774 - DEBUG - 0 reads not considered because fully enclosed in repeat masked regions
2020-08-27 20:40:50,123 - DEBUG - Counting for batch 23, containing 100 cells and 1810778 reads
2020-08-27 20:41:58,945 - DEBUG - 0 reads not considered because fully enclosed in repeat masked regions
2020-08-27 20:42:26,303 - DEBUG - Counting for batch 24, containing 38 cells and 789156 reads
2020-08-27 20:42:52,135 - DEBUG - 0 reads not considered because fully enclosed in repeat masked regions
2020-08-27 20:42:57,759 - DEBUG - 1747556 reads were skipped because no apropiate cell or umi barcode was found
2020-08-27 20:42:57,760 - DEBUG - Counting done!
2020-08-27 20:42:57,791 - DEBUG - Generating output file /net/isi-dcnl/ifs/user_data/abild/Megatron_data/COH057/feline_p29_40_mRNA/cell_ranger/FEL032_S/velocyto/FEL032_S.loom
2020-08-27 20:42:57,791 - DEBUG - Collecting row attributes
2020-08-27 20:42:57,887 - DEBUG - Generating data table
2020-08-27 20:42:58,867 - DEBUG - Writing loom file
2020-08-27 20:43:03,952 - DEBUG - Terminated Succesfully!
Start: 1598582008
End: 1598586186
Run time: 4178
Done
