CPU: 16
N: 79
Step1: Analyze spliced and unspliced reads and genrate a loom file for velocityR
Run velocyto to generate loom file
2020-08-27 20:14:33,259 - DEBUG - Using logic: Default
2020-08-27 20:14:33,295 - INFO - Read 1472 cell barcodes from /net/isi-dcnl/ifs/user_data/abild/Megatron_data/COH057/feline_p29_40_mRNA/cell_ranger/FEL039_M/outs/filtered_feature_bc_matrix/barcodes.tsv.gz
2020-08-27 20:14:33,296 - DEBUG - Example of barcode: AAACCCAGTCTGGTTA and cell_id: FEL039_M:AAACCCAGTCTGGTTA-1
2020-08-27 20:14:33,309 - DEBUG - Peeking into /net/isi-dcnl/ifs/user_data/abild/Megatron_data/COH057/feline_p29_40_mRNA/cell_ranger/FEL039_M/outs/possorted_genome_bam.bam
2020-08-27 20:14:33,449 - WARNING - Not found cell and umi barcode in entry 21 of the bam file
2020-08-27 20:14:33,450 - WARNING - Not found cell and umi barcode in entry 229 of the bam file
2020-08-27 20:14:33,452 - WARNING - Not found cell and umi barcode in entry 505 of the bam file
2020-08-27 20:14:33,455 - WARNING - Not found cell and umi barcode in entry 885 of the bam file
2020-08-27 20:14:33,461 - WARNING - The file /net/isi-dcnl/ifs/user_data/abild/Megatron_data/COH057/feline_p29_40_mRNA/cell_ranger/FEL039_M/outs/cellsorted_possorted_genome_bam.bam already exists. The sorting step will be skipped and the existing file will be used.
2020-08-27 20:14:33,461 - INFO - Load the annotation from /net/isi-dcnl/ifs/user_data/abild/Genomes/refdata-cellranger-GRCh38-3.0.0/genes/genes.gtf
2020-08-27 20:14:41,522 - DEBUG - Parsing Chromosome 1 strand - [line 0]
2020-08-27 20:14:42,157 - DEBUG - Done with 1- [line 108728]
2020-08-27 20:14:42,157 - DEBUG - Assigning indexes to genes
2020-08-27 20:14:42,167 - DEBUG - Seen 1561 genes until now
2020-08-27 20:14:42,168 - DEBUG - Parsing Chromosome 1 strand + [line 108729]
2020-08-27 20:14:43,100 - DEBUG - Done with 1+ [line 232515]
2020-08-27 20:14:43,100 - DEBUG - Assigning indexes to genes
2020-08-27 20:14:43,112 - DEBUG - Seen 3154 genes until now
2020-08-27 20:14:43,112 - DEBUG - Parsing Chromosome 10 strand - [line 232516]
2020-08-27 20:14:43,315 - DEBUG - Done with 10- [line 279343]
2020-08-27 20:14:43,315 - DEBUG - Assigning indexes to genes
2020-08-27 20:14:43,318 - DEBUG - Seen 3737 genes until now
2020-08-27 20:14:43,318 - DEBUG - Parsing Chromosome 10 strand + [line 279344]
2020-08-27 20:14:43,506 - DEBUG - Done with 10+ [line 323872]
2020-08-27 20:14:43,506 - DEBUG - Assigning indexes to genes
2020-08-27 20:14:43,509 - DEBUG - Seen 4384 genes until now
2020-08-27 20:14:43,509 - DEBUG - Parsing Chromosome 11 strand - [line 323873]
2020-08-27 20:14:44,079 - DEBUG - Done with 11- [line 402908]
2020-08-27 20:14:44,079 - DEBUG - Assigning indexes to genes
2020-08-27 20:14:44,087 - DEBUG - Seen 5320 genes until now
2020-08-27 20:14:44,087 - DEBUG - Parsing Chromosome 11 strand + [line 402909]
2020-08-27 20:14:44,688 - DEBUG - Done with 11+ [line 482591]
2020-08-27 20:14:44,688 - DEBUG - Assigning indexes to genes
2020-08-27 20:14:44,697 - DEBUG - Seen 6305 genes until now
2020-08-27 20:14:44,697 - DEBUG - Parsing Chromosome 12 strand - [line 482592]
2020-08-27 20:14:45,025 - DEBUG - Done with 12- [line 559278]
2020-08-27 20:14:45,025 - DEBUG - Assigning indexes to genes
2020-08-27 20:14:45,031 - DEBUG - Seen 7177 genes until now
2020-08-27 20:14:45,031 - DEBUG - Parsing Chromosome 12 strand + [line 559279]
2020-08-27 20:14:45,345 - DEBUG - Done with 12+ [line 635173]
2020-08-27 20:14:45,345 - DEBUG - Assigning indexes to genes
2020-08-27 20:14:45,351 - DEBUG - Seen 8070 genes until now
2020-08-27 20:14:45,351 - DEBUG - Parsing Chromosome 13 strand - [line 635174]
2020-08-27 20:14:45,726 - DEBUG - Done with 13- [line 653523]
2020-08-27 20:14:45,726 - DEBUG - Assigning indexes to genes
2020-08-27 20:14:45,728 - DEBUG - Seen 8400 genes until now
2020-08-27 20:14:45,728 - DEBUG - Parsing Chromosome 13 strand + [line 653524]
2020-08-27 20:14:45,811 - DEBUG - Done with 13+ [line 673091]
2020-08-27 20:14:45,811 - DEBUG - Assigning indexes to genes
2020-08-27 20:14:45,813 - DEBUG - Seen 8736 genes until now
2020-08-27 20:14:45,813 - DEBUG - Parsing Chromosome 14 strand - [line 673092]
2020-08-27 20:14:45,996 - DEBUG - Done with 14- [line 716831]
2020-08-27 20:14:45,996 - DEBUG - Assigning indexes to genes
2020-08-27 20:14:46,000 - DEBUG - Seen 9452 genes until now
2020-08-27 20:14:46,000 - DEBUG - Parsing Chromosome 14 strand + [line 716832]
2020-08-27 20:14:46,200 - DEBUG - Done with 14+ [line 764942]
2020-08-27 20:14:46,200 - DEBUG - Assigning indexes to genes
2020-08-27 20:14:46,203 - DEBUG - Seen 10121 genes until now
2020-08-27 20:14:46,204 - DEBUG - Parsing Chromosome 15 strand - [line 764943]
2020-08-27 20:14:46,411 - DEBUG - Done with 15- [line 813803]
2020-08-27 20:14:46,412 - DEBUG - Assigning indexes to genes
2020-08-27 20:14:46,415 - DEBUG - Seen 10698 genes until now
2020-08-27 20:14:46,415 - DEBUG - Parsing Chromosome 15 strand + [line 813804]
2020-08-27 20:14:46,602 - DEBUG - Done with 15+ [line 857859]
2020-08-27 20:14:46,602 - DEBUG - Assigning indexes to genes
2020-08-27 20:14:46,606 - DEBUG - Seen 11256 genes until now
2020-08-27 20:14:46,606 - DEBUG - Parsing Chromosome 16 strand - [line 857860]
2020-08-27 20:14:47,200 - DEBUG - Done with 16- [line 911118]
2020-08-27 20:14:47,200 - DEBUG - Assigning indexes to genes
2020-08-27 20:14:47,205 - DEBUG - Seen 11998 genes until now
2020-08-27 20:14:47,205 - DEBUG - Parsing Chromosome 16 strand + [line 911119]
2020-08-27 20:14:47,496 - DEBUG - Done with 16+ [line 981663]
2020-08-27 20:14:47,496 - DEBUG - Assigning indexes to genes
2020-08-27 20:14:47,502 - DEBUG - Seen 12787 genes until now
2020-08-27 20:14:47,502 - DEBUG - Parsing Chromosome 17 strand - [line 981664]
2020-08-27 20:14:47,856 - DEBUG - Done with 17- [line 1066635]
2020-08-27 20:14:47,857 - DEBUG - Assigning indexes to genes
2020-08-27 20:14:47,864 - DEBUG - Seen 13775 genes until now
2020-08-27 20:14:47,864 - DEBUG - Parsing Chromosome 17 strand + [line 1066636]
2020-08-27 20:14:48,561 - DEBUG - Done with 17+ [line 1143834]
2020-08-27 20:14:48,561 - DEBUG - Assigning indexes to genes
2020-08-27 20:14:48,569 - DEBUG - Seen 14681 genes until now
2020-08-27 20:14:48,569 - DEBUG - Parsing Chromosome 18 strand - [line 1143835]
2020-08-27 20:14:48,673 - DEBUG - Done with 18- [line 1168496]
2020-08-27 20:14:48,673 - DEBUG - Assigning indexes to genes
2020-08-27 20:14:48,675 - DEBUG - Seen 15006 genes until now
2020-08-27 20:14:48,675 - DEBUG - Parsing Chromosome 18 strand + [line 1168497]
2020-08-27 20:14:48,763 - DEBUG - Done with 18+ [line 1189691]
2020-08-27 20:14:48,763 - DEBUG - Assigning indexes to genes
2020-08-27 20:14:48,765 - DEBUG - Seen 15343 genes until now
2020-08-27 20:14:48,765 - DEBUG - Parsing Chromosome 19 strand - [line 1189692]
2020-08-27 20:14:49,088 - DEBUG - Done with 19- [line 1268854]
2020-08-27 20:14:49,088 - DEBUG - Assigning indexes to genes
2020-08-27 20:14:49,095 - DEBUG - Seen 16352 genes until now
2020-08-27 20:14:49,095 - DEBUG - Parsing Chromosome 19 strand + [line 1268855]
2020-08-27 20:14:49,428 - DEBUG - Done with 19+ [line 1351833]
2020-08-27 20:14:49,428 - DEBUG - Assigning indexes to genes
2020-08-27 20:14:49,435 - DEBUG - Seen 17347 genes until now
2020-08-27 20:14:49,435 - DEBUG - Parsing Chromosome 2 strand - [line 1351834]
2020-08-27 20:14:49,850 - DEBUG - Done with 2- [line 1448710]
2020-08-27 20:14:49,850 - DEBUG - Assigning indexes to genes
2020-08-27 20:14:49,858 - DEBUG - Seen 18472 genes until now
2020-08-27 20:14:49,858 - DEBUG - Parsing Chromosome 2 strand + [line 1448711]
2020-08-27 20:14:50,687 - DEBUG - Done with 2+ [line 1542602]
2020-08-27 20:14:50,687 - DEBUG - Assigning indexes to genes
2020-08-27 20:14:50,696 - DEBUG - Seen 19632 genes until now
2020-08-27 20:14:50,696 - DEBUG - Parsing Chromosome 20 strand - [line 1542603]
2020-08-27 20:14:50,806 - DEBUG - Done with 20- [line 1569195]
2020-08-27 20:14:50,806 - DEBUG - Assigning indexes to genes
2020-08-27 20:14:50,809 - DEBUG - Seen 20079 genes until now
2020-08-27 20:14:50,809 - DEBUG - Parsing Chromosome 20 strand + [line 1569196]
2020-08-27 20:14:50,939 - DEBUG - Done with 20+ [line 1600541]
2020-08-27 20:14:50,939 - DEBUG - Assigning indexes to genes
2020-08-27 20:14:50,941 - DEBUG - Seen 20527 genes until now
2020-08-27 20:14:50,941 - DEBUG - Parsing Chromosome 21 strand - [line 1600542]
2020-08-27 20:14:50,999 - DEBUG - Done with 21- [line 1614106]
2020-08-27 20:14:50,999 - DEBUG - Assigning indexes to genes
2020-08-27 20:14:51,000 - DEBUG - Seen 20795 genes until now
2020-08-27 20:14:51,000 - DEBUG - Parsing Chromosome 21 strand + [line 1614107]
2020-08-27 20:14:51,065 - DEBUG - Done with 21+ [line 1628392]
2020-08-27 20:14:51,065 - DEBUG - Assigning indexes to genes
2020-08-27 20:14:51,066 - DEBUG - Seen 21029 genes until now
2020-08-27 20:14:51,066 - DEBUG - Parsing Chromosome 22 strand - [line 1628393]
2020-08-27 20:14:51,173 - DEBUG - Done with 22- [line 1653805]
2020-08-27 20:14:51,173 - DEBUG - Assigning indexes to genes
2020-08-27 20:14:51,175 - DEBUG - Seen 21391 genes until now
2020-08-27 20:14:51,175 - DEBUG - Parsing Chromosome 22 strand + [line 1653806]
2020-08-27 20:14:51,301 - DEBUG - Done with 22+ [line 1684245]
2020-08-27 20:14:51,301 - DEBUG - Assigning indexes to genes
2020-08-27 20:14:51,306 - DEBUG - Seen 21866 genes until now
2020-08-27 20:14:51,306 - DEBUG - Parsing Chromosome 3 strand - [line 1684246]
2020-08-27 20:14:51,642 - DEBUG - Done with 3- [line 1763939]
2020-08-27 20:14:51,642 - DEBUG - Assigning indexes to genes
2020-08-27 20:14:51,648 - DEBUG - Seen 22713 genes until now
2020-08-27 20:14:51,648 - DEBUG - Parsing Chromosome 3 strand + [line 1763940]
2020-08-27 20:14:51,985 - DEBUG - Done with 3+ [line 1844840]
2020-08-27 20:14:51,985 - DEBUG - Assigning indexes to genes
2020-08-27 20:14:51,991 - DEBUG - Seen 23585 genes until now
2020-08-27 20:14:51,991 - DEBUG - Parsing Chromosome 4 strand - [line 1844841]
2020-08-27 20:14:52,768 - DEBUG - Done with 4- [line 1898665]
2020-08-27 20:14:52,768 - DEBUG - Assigning indexes to genes
2020-08-27 20:14:52,772 - DEBUG - Seen 24246 genes until now
2020-08-27 20:14:52,772 - DEBUG - Parsing Chromosome 4 strand + [line 1898666]
2020-08-27 20:14:52,974 - DEBUG - Done with 4+ [line 1947617]
2020-08-27 20:14:52,974 - DEBUG - Assigning indexes to genes
2020-08-27 20:14:52,978 - DEBUG - Seen 24938 genes until now
2020-08-27 20:14:52,978 - DEBUG - Parsing Chromosome 5 strand - [line 1947618]
2020-08-27 20:14:53,204 - DEBUG - Done with 5- [line 2001140]
2020-08-27 20:14:53,204 - DEBUG - Assigning indexes to genes
2020-08-27 20:14:53,209 - DEBUG - Seen 25741 genes until now
2020-08-27 20:14:53,209 - DEBUG - Parsing Chromosome 5 strand + [line 2001141]
2020-08-27 20:14:53,462 - DEBUG - Done with 5+ [line 2062165]
2020-08-27 20:14:53,462 - DEBUG - Assigning indexes to genes
2020-08-27 20:14:53,467 - DEBUG - Seen 26599 genes until now
2020-08-27 20:14:53,468 - DEBUG - Parsing Chromosome 6 strand - [line 2062166]
2020-08-27 20:14:53,712 - DEBUG - Done with 6- [line 2121425]
2020-08-27 20:14:53,712 - DEBUG - Assigning indexes to genes
2020-08-27 20:14:53,717 - DEBUG - Seen 27435 genes until now
2020-08-27 20:14:53,717 - DEBUG - Parsing Chromosome 6 strand + [line 2121426]
2020-08-27 20:14:53,937 - DEBUG - Done with 6+ [line 2176078]
2020-08-27 20:14:53,937 - DEBUG - Assigning indexes to genes
2020-08-27 20:14:53,941 - DEBUG - Seen 28231 genes until now
2020-08-27 20:14:53,941 - DEBUG - Parsing Chromosome 7 strand - [line 2176079]
2020-08-27 20:14:54,183 - DEBUG - Done with 7- [line 2233605]
2020-08-27 20:14:54,183 - DEBUG - Assigning indexes to genes
2020-08-27 20:14:54,188 - DEBUG - Seen 28953 genes until now
2020-08-27 20:14:54,188 - DEBUG - Parsing Chromosome 7 strand + [line 2233606]
2020-08-27 20:14:54,443 - DEBUG - Done with 7+ [line 2295513]
2020-08-27 20:14:54,443 - DEBUG - Assigning indexes to genes
2020-08-27 20:14:54,448 - DEBUG - Seen 29770 genes until now
2020-08-27 20:14:54,448 - DEBUG - Parsing Chromosome 8 strand - [line 2295514]
2020-08-27 20:14:54,657 - DEBUG - Done with 8- [line 2343289]
2020-08-27 20:14:54,657 - DEBUG - Assigning indexes to genes
2020-08-27 20:14:54,663 - DEBUG - Seen 30442 genes until now
2020-08-27 20:14:54,663 - DEBUG - Parsing Chromosome 8 strand + [line 2343290]
2020-08-27 20:14:54,844 - DEBUG - Done with 8+ [line 2386793]
2020-08-27 20:14:54,844 - DEBUG - Assigning indexes to genes
2020-08-27 20:14:54,848 - DEBUG - Seen 31090 genes until now
2020-08-27 20:14:54,848 - DEBUG - Parsing Chromosome 9 strand - [line 2386794]
2020-08-27 20:14:55,632 - DEBUG - Done with 9- [line 2430389]
2020-08-27 20:14:55,632 - DEBUG - Assigning indexes to genes
2020-08-27 20:14:55,635 - DEBUG - Seen 31710 genes until now
2020-08-27 20:14:55,635 - DEBUG - Parsing Chromosome 9 strand + [line 2430390]
2020-08-27 20:14:55,832 - DEBUG - Done with 9+ [line 2477312]
2020-08-27 20:14:55,832 - DEBUG - Assigning indexes to genes
2020-08-27 20:14:55,835 - DEBUG - Seen 32318 genes until now
2020-08-27 20:14:55,835 - DEBUG - Parsing Chromosome GL000009.2 strand - [line 2477313]
2020-08-27 20:14:55,835 - DEBUG - Done with GL000009.2- [line 2477320]
2020-08-27 20:14:55,835 - DEBUG - Assigning indexes to genes
2020-08-27 20:14:55,835 - DEBUG - Seen 32319 genes until now
2020-08-27 20:14:55,835 - DEBUG - Parsing Chromosome GL000194.1 strand - [line 2477321]
2020-08-27 20:14:55,836 - DEBUG - Done with GL000194.1- [line 2477346]
2020-08-27 20:14:55,836 - DEBUG - Assigning indexes to genes
2020-08-27 20:14:55,836 - DEBUG - Seen 32321 genes until now
2020-08-27 20:14:55,836 - DEBUG - Parsing Chromosome GL000195.1 strand - [line 2477347]
2020-08-27 20:14:55,836 - DEBUG - Done with GL000195.1- [line 2477356]
2020-08-27 20:14:55,836 - DEBUG - Assigning indexes to genes
2020-08-27 20:14:55,836 - DEBUG - Seen 32322 genes until now
2020-08-27 20:14:55,836 - DEBUG - Parsing Chromosome GL000195.1 strand + [line 2477357]
2020-08-27 20:14:55,836 - DEBUG - Done with GL000195.1+ [line 2477370]
2020-08-27 20:14:55,836 - DEBUG - Assigning indexes to genes
2020-08-27 20:14:55,836 - DEBUG - Seen 32323 genes until now
2020-08-27 20:14:55,836 - DEBUG - Parsing Chromosome GL000205.2 strand - [line 2477371]
2020-08-27 20:14:55,836 - DEBUG - Done with GL000205.2- [line 2477384]
2020-08-27 20:14:55,836 - DEBUG - Assigning indexes to genes
2020-08-27 20:14:55,836 - DEBUG - Seen 32324 genes until now
2020-08-27 20:14:55,836 - DEBUG - Parsing Chromosome GL000213.1 strand - [line 2477385]
2020-08-27 20:14:55,837 - DEBUG - Done with GL000213.1- [line 2477433]
2020-08-27 20:14:55,837 - DEBUG - Assigning indexes to genes
2020-08-27 20:14:55,837 - DEBUG - Seen 32325 genes until now
2020-08-27 20:14:55,837 - DEBUG - Parsing Chromosome GL000218.1 strand - [line 2477434]
2020-08-27 20:14:55,837 - DEBUG - Done with GL000218.1- [line 2477441]
2020-08-27 20:14:55,837 - DEBUG - Assigning indexes to genes
2020-08-27 20:14:55,837 - DEBUG - Seen 32326 genes until now
2020-08-27 20:14:55,837 - DEBUG - Parsing Chromosome GL000219.1 strand - [line 2477442]
2020-08-27 20:14:55,837 - DEBUG - Done with GL000219.1- [line 2477453]
2020-08-27 20:14:55,837 - DEBUG - Assigning indexes to genes
2020-08-27 20:14:55,837 - DEBUG - Seen 32327 genes until now
2020-08-27 20:14:55,837 - DEBUG - Parsing Chromosome KI270711.1 strand - [line 2477454]
2020-08-27 20:14:55,838 - DEBUG - Done with KI270711.1- [line 2477604]
2020-08-27 20:14:55,838 - DEBUG - Assigning indexes to genes
2020-08-27 20:14:55,838 - DEBUG - Seen 32328 genes until now
2020-08-27 20:14:55,838 - DEBUG - Parsing Chromosome KI270713.1 strand - [line 2477605]
2020-08-27 20:14:55,838 - DEBUG - Done with KI270713.1- [line 2477612]
2020-08-27 20:14:55,838 - DEBUG - Assigning indexes to genes
2020-08-27 20:14:55,838 - DEBUG - Seen 32329 genes until now
2020-08-27 20:14:55,838 - DEBUG - Parsing Chromosome KI270713.1 strand + [line 2477613]
2020-08-27 20:14:55,838 - DEBUG - Done with KI270713.1+ [line 2477618]
2020-08-27 20:14:55,838 - DEBUG - Assigning indexes to genes
2020-08-27 20:14:55,838 - DEBUG - Seen 32330 genes until now
2020-08-27 20:14:55,838 - DEBUG - Parsing Chromosome KI270721.1 strand + [line 2477619]
2020-08-27 20:14:55,838 - DEBUG - Done with KI270721.1+ [line 2477634]
2020-08-27 20:14:55,838 - DEBUG - Assigning indexes to genes
2020-08-27 20:14:55,838 - DEBUG - Seen 32331 genes until now
2020-08-27 20:14:55,838 - DEBUG - Parsing Chromosome KI270726.1 strand + [line 2477635]
2020-08-27 20:14:55,838 - DEBUG - Done with KI270726.1+ [line 2477645]
2020-08-27 20:14:55,839 - DEBUG - Assigning indexes to genes
2020-08-27 20:14:55,839 - DEBUG - Seen 32333 genes until now
2020-08-27 20:14:55,839 - DEBUG - Parsing Chromosome KI270727.1 strand - [line 2477646]
2020-08-27 20:14:55,839 - DEBUG - Done with KI270727.1- [line 2477704]
2020-08-27 20:14:55,839 - DEBUG - Assigning indexes to genes
2020-08-27 20:14:55,839 - DEBUG - Seen 32335 genes until now
2020-08-27 20:14:55,839 - DEBUG - Parsing Chromosome KI270727.1 strand + [line 2477705]
2020-08-27 20:14:55,839 - DEBUG - Done with KI270727.1+ [line 2477719]
2020-08-27 20:14:55,839 - DEBUG - Assigning indexes to genes
2020-08-27 20:14:55,839 - DEBUG - Seen 32337 genes until now
2020-08-27 20:14:55,839 - DEBUG - Parsing Chromosome KI270728.1 strand - [line 2477720]
2020-08-27 20:14:55,840 - DEBUG - Done with KI270728.1- [line 2477796]
2020-08-27 20:14:55,840 - DEBUG - Assigning indexes to genes
2020-08-27 20:14:55,840 - DEBUG - Seen 32339 genes until now
2020-08-27 20:14:55,840 - DEBUG - Parsing Chromosome KI270728.1 strand + [line 2477797]
2020-08-27 20:14:55,840 - DEBUG - Done with KI270728.1+ [line 2477833]
2020-08-27 20:14:55,840 - DEBUG - Assigning indexes to genes
2020-08-27 20:14:55,840 - DEBUG - Seen 32343 genes until now
2020-08-27 20:14:55,840 - DEBUG - Parsing Chromosome KI270731.1 strand - [line 2477834]
2020-08-27 20:14:55,840 - DEBUG - Done with KI270731.1- [line 2477840]
2020-08-27 20:14:55,840 - DEBUG - Assigning indexes to genes
2020-08-27 20:14:55,840 - DEBUG - Seen 32344 genes until now
2020-08-27 20:14:55,840 - DEBUG - Parsing Chromosome KI270734.1 strand - [line 2477841]
2020-08-27 20:14:55,840 - DEBUG - Done with KI270734.1- [line 2477909]
2020-08-27 20:14:55,840 - DEBUG - Assigning indexes to genes
2020-08-27 20:14:55,840 - DEBUG - Seen 32345 genes until now
2020-08-27 20:14:55,841 - DEBUG - Parsing Chromosome KI270734.1 strand + [line 2477910]
2020-08-27 20:14:55,841 - DEBUG - Done with KI270734.1+ [line 2477932]
2020-08-27 20:14:55,841 - DEBUG - Assigning indexes to genes
2020-08-27 20:14:55,841 - DEBUG - Seen 32347 genes until now
2020-08-27 20:14:55,841 - DEBUG - Parsing Chromosome MT strand - [line 2477933]
2020-08-27 20:14:55,841 - DEBUG - Done with MT- [line 2477938]
2020-08-27 20:14:55,841 - DEBUG - Assigning indexes to genes
2020-08-27 20:14:55,841 - DEBUG - Seen 32348 genes until now
2020-08-27 20:14:55,841 - DEBUG - Parsing Chromosome MT strand + [line 2477939]
2020-08-27 20:14:55,841 - DEBUG - Done with MT+ [line 2478004]
2020-08-27 20:14:55,841 - DEBUG - Assigning indexes to genes
2020-08-27 20:14:55,841 - DEBUG - Seen 32360 genes until now
2020-08-27 20:14:55,841 - DEBUG - Parsing Chromosome X strand - [line 2478005]
2020-08-27 20:14:56,009 - DEBUG - Done with X- [line 2518937]
2020-08-27 20:14:56,009 - DEBUG - Assigning indexes to genes
2020-08-27 20:14:56,012 - DEBUG - Seen 32876 genes until now
2020-08-27 20:14:56,012 - DEBUG - Parsing Chromosome X strand + [line 2518938]
2020-08-27 20:14:56,178 - DEBUG - Done with X+ [line 2560301]
2020-08-27 20:14:56,178 - DEBUG - Assigning indexes to genes
2020-08-27 20:14:56,181 - DEBUG - Seen 33438 genes until now
2020-08-27 20:14:56,181 - DEBUG - Parsing Chromosome Y strand - [line 2560302]
2020-08-27 20:14:56,191 - DEBUG - Done with Y- [line 2562446]
2020-08-27 20:14:56,191 - DEBUG - Assigning indexes to genes
2020-08-27 20:14:56,191 - DEBUG - Seen 33485 genes until now
2020-08-27 20:14:56,191 - DEBUG - Parsing Chromosome Y strand + [line 2562447]
2020-08-27 20:14:56,202 - DEBUG - Assigning indexes to genes
2020-08-27 20:14:56,202 - DEBUG - Done with Y+ [line 2565059]
2020-08-27 20:14:56,202 - DEBUG - Fixing corner cases of transcript models containg intron longer than 1000Kbp
2020-08-27 20:14:57,905 - DEBUG - Generated 2165800 features corresponding to 172912 transcript models from /net/isi-dcnl/ifs/user_data/abild/Genomes/refdata-cellranger-GRCh38-3.0.0/genes/genes.gtf
2020-08-27 20:14:57,935 - INFO - Scan /net/isi-dcnl/ifs/user_data/abild/Megatron_data/COH057/feline_p29_40_mRNA/cell_ranger/FEL039_M/outs/possorted_genome_bam.bam to validate intron intervals
2020-08-27 20:15:01,831 - DEBUG - Reading /net/isi-dcnl/ifs/user_data/abild/Megatron_data/COH057/feline_p29_40_mRNA/cell_ranger/FEL039_M/outs/possorted_genome_bam.bam
2020-08-27 20:15:01,844 - DEBUG - Read first 0 million reads
2020-08-27 20:15:01,844 - DEBUG - Marking up chromosome 1
2020-08-27 20:15:51,232 - DEBUG - Marking up chromosome 10
2020-08-27 20:16:16,650 - DEBUG - Read first 10 million reads
2020-08-27 20:16:22,569 - DEBUG - Marking up chromosome 11
2020-08-27 20:17:01,258 - DEBUG - Marking up chromosome 12
2020-08-27 20:17:25,638 - DEBUG - Marking up chromosome 13
2020-08-27 20:17:34,534 - DEBUG - Marking up chromosome 14
2020-08-27 20:17:41,321 - DEBUG - Read first 20 million reads
2020-08-27 20:17:51,298 - DEBUG - Marking up chromosome 15
2020-08-27 20:18:08,657 - DEBUG - Marking up chromosome 16
2020-08-27 20:18:26,365 - DEBUG - Marking up chromosome 17
2020-08-27 20:18:44,378 - DEBUG - Marking up chromosome 18
2020-08-27 20:18:51,278 - DEBUG - Marking up chromosome 19
2020-08-27 20:19:06,015 - DEBUG - Read first 30 million reads
2020-08-27 20:19:12,773 - DEBUG - Marking up chromosome 2
2020-08-27 20:19:47,443 - DEBUG - Marking up chromosome 20
2020-08-27 20:19:57,385 - DEBUG - Marking up chromosome 21
2020-08-27 20:20:05,072 - DEBUG - Read first 40 million reads
2020-08-27 20:20:25,502 - DEBUG - Read first 50 million reads
2020-08-27 20:20:46,423 - DEBUG - Read first 60 million reads
2020-08-27 20:21:07,219 - DEBUG - Read first 70 million reads
2020-08-27 20:21:28,111 - DEBUG - Read first 80 million reads
2020-08-27 20:21:48,963 - DEBUG - Read first 90 million reads
2020-08-27 20:22:09,513 - DEBUG - Read first 100 million reads
2020-08-27 20:22:30,532 - DEBUG - Read first 110 million reads
2020-08-27 20:22:51,111 - DEBUG - Read first 120 million reads
2020-08-27 20:23:11,961 - DEBUG - Read first 130 million reads
2020-08-27 20:23:32,608 - DEBUG - Marking up chromosome 22
2020-08-27 20:23:43,554 - DEBUG - Marking up chromosome 3
2020-08-27 20:23:52,539 - DEBUG - Read first 140 million reads
2020-08-27 20:24:13,889 - DEBUG - Marking up chromosome 4
2020-08-27 20:24:35,084 - DEBUG - Marking up chromosome 5
2020-08-27 20:24:58,568 - DEBUG - Marking up chromosome 6
2020-08-27 20:25:11,736 - DEBUG - Read first 150 million reads
2020-08-27 20:25:21,028 - DEBUG - Marking up chromosome 7
2020-08-27 20:25:44,566 - DEBUG - Marking up chromosome 8
2020-08-27 20:26:02,064 - DEBUG - Marking up chromosome 9
2020-08-27 20:26:17,379 - DEBUG - Marking up chromosome MT
2020-08-27 20:26:18,630 - DEBUG - Marking up chromosome X
2020-08-27 20:26:29,841 - DEBUG - Read first 160 million reads
2020-08-27 20:26:29,851 - DEBUG - Marking up chromosome Y
2020-08-27 20:26:29,895 - DEBUG - Marking up chromosome KI270728.1
2020-08-27 20:26:29,899 - DEBUG - Marking up chromosome KI270727.1
2020-08-27 20:26:29,908 - DEBUG - Marking up chromosome KI270442.1
2020-08-27 20:26:29,908 - WARNING - The .bam file refers to a chromosome 'KI270442.1+' not present in the annotation (.gtf) file
2020-08-27 20:26:29,908 - WARNING - The .bam file refers to a chromosome 'KI270442.1-' not present in the annotation (.gtf) file
2020-08-27 20:26:29,910 - DEBUG - Marking up chromosome KI270729.1
2020-08-27 20:26:29,910 - WARNING - The .bam file refers to a chromosome 'KI270729.1+' not present in the annotation (.gtf) file
2020-08-27 20:26:29,910 - WARNING - The .bam file refers to a chromosome 'KI270729.1-' not present in the annotation (.gtf) file
2020-08-27 20:26:29,911 - DEBUG - Marking up chromosome GL000225.1
2020-08-27 20:26:29,911 - WARNING - The .bam file refers to a chromosome 'GL000225.1+' not present in the annotation (.gtf) file
2020-08-27 20:26:29,911 - WARNING - The .bam file refers to a chromosome 'GL000225.1-' not present in the annotation (.gtf) file
2020-08-27 20:26:29,911 - DEBUG - Marking up chromosome KI270743.1
2020-08-27 20:26:29,911 - WARNING - The .bam file refers to a chromosome 'KI270743.1+' not present in the annotation (.gtf) file
2020-08-27 20:26:29,911 - WARNING - The .bam file refers to a chromosome 'KI270743.1-' not present in the annotation (.gtf) file
2020-08-27 20:26:29,917 - DEBUG - Marking up chromosome GL000008.2
2020-08-27 20:26:29,917 - WARNING - The .bam file refers to a chromosome 'GL000008.2+' not present in the annotation (.gtf) file
2020-08-27 20:26:29,917 - WARNING - The .bam file refers to a chromosome 'GL000008.2-' not present in the annotation (.gtf) file
2020-08-27 20:26:29,924 - DEBUG - Marking up chromosome GL000009.2
2020-08-27 20:26:29,924 - WARNING - The .bam file refers to a chromosome 'GL000009.2+' not present in the annotation (.gtf) file
2020-08-27 20:26:29,933 - DEBUG - Marking up chromosome KI270747.1
2020-08-27 20:26:29,933 - WARNING - The .bam file refers to a chromosome 'KI270747.1+' not present in the annotation (.gtf) file
2020-08-27 20:26:29,934 - WARNING - The .bam file refers to a chromosome 'KI270747.1-' not present in the annotation (.gtf) file
2020-08-27 20:26:29,934 - DEBUG - Marking up chromosome KI270722.1
2020-08-27 20:26:29,934 - WARNING - The .bam file refers to a chromosome 'KI270722.1+' not present in the annotation (.gtf) file
2020-08-27 20:26:29,934 - WARNING - The .bam file refers to a chromosome 'KI270722.1-' not present in the annotation (.gtf) file
2020-08-27 20:26:29,935 - DEBUG - Marking up chromosome GL000194.1
2020-08-27 20:26:29,935 - WARNING - The .bam file refers to a chromosome 'GL000194.1+' not present in the annotation (.gtf) file
2020-08-27 20:26:30,006 - DEBUG - Marking up chromosome KI270742.1
2020-08-27 20:26:30,006 - WARNING - The .bam file refers to a chromosome 'KI270742.1+' not present in the annotation (.gtf) file
2020-08-27 20:26:30,006 - WARNING - The .bam file refers to a chromosome 'KI270742.1-' not present in the annotation (.gtf) file
2020-08-27 20:26:30,019 - DEBUG - Marking up chromosome GL000205.2
2020-08-27 20:26:30,019 - WARNING - The .bam file refers to a chromosome 'GL000205.2+' not present in the annotation (.gtf) file
2020-08-27 20:26:30,031 - DEBUG - Marking up chromosome GL000195.1
2020-08-27 20:26:30,052 - DEBUG - Marking up chromosome KI270733.1
2020-08-27 20:26:30,052 - WARNING - The .bam file refers to a chromosome 'KI270733.1+' not present in the annotation (.gtf) file
2020-08-27 20:26:30,052 - WARNING - The .bam file refers to a chromosome 'KI270733.1-' not present in the annotation (.gtf) file
2020-08-27 20:26:50,387 - DEBUG - Read first 170 million reads
2020-08-27 20:27:10,731 - DEBUG - Read first 180 million reads
2020-08-27 20:27:31,542 - DEBUG - Read first 190 million reads
2020-08-27 20:27:51,874 - DEBUG - Read first 200 million reads
2020-08-27 20:28:12,235 - DEBUG - Read first 210 million reads
2020-08-27 20:28:18,494 - DEBUG - Marking up chromosome GL000224.1
2020-08-27 20:28:18,494 - WARNING - The .bam file refers to a chromosome 'GL000224.1+' not present in the annotation (.gtf) file
2020-08-27 20:28:18,494 - WARNING - The .bam file refers to a chromosome 'GL000224.1-' not present in the annotation (.gtf) file
2020-08-27 20:28:18,499 - DEBUG - Marking up chromosome GL000219.1
2020-08-27 20:28:18,499 - WARNING - The .bam file refers to a chromosome 'GL000219.1+' not present in the annotation (.gtf) file
2020-08-27 20:28:18,532 - DEBUG - Marking up chromosome KI270719.1
2020-08-27 20:28:18,532 - WARNING - The .bam file refers to a chromosome 'KI270719.1+' not present in the annotation (.gtf) file
2020-08-27 20:28:18,532 - WARNING - The .bam file refers to a chromosome 'KI270719.1-' not present in the annotation (.gtf) file
2020-08-27 20:28:18,533 - DEBUG - Marking up chromosome GL000216.2
2020-08-27 20:28:18,533 - WARNING - The .bam file refers to a chromosome 'GL000216.2+' not present in the annotation (.gtf) file
2020-08-27 20:28:18,533 - WARNING - The .bam file refers to a chromosome 'GL000216.2-' not present in the annotation (.gtf) file
2020-08-27 20:28:18,534 - DEBUG - Marking up chromosome KI270712.1
2020-08-27 20:28:18,534 - WARNING - The .bam file refers to a chromosome 'KI270712.1+' not present in the annotation (.gtf) file
2020-08-27 20:28:18,534 - WARNING - The .bam file refers to a chromosome 'KI270712.1-' not present in the annotation (.gtf) file
2020-08-27 20:28:18,536 - DEBUG - Marking up chromosome KI270706.1
2020-08-27 20:28:18,537 - WARNING - The .bam file refers to a chromosome 'KI270706.1+' not present in the annotation (.gtf) file
2020-08-27 20:28:18,537 - WARNING - The .bam file refers to a chromosome 'KI270706.1-' not present in the annotation (.gtf) file
2020-08-27 20:28:18,575 - DEBUG - Marking up chromosome KI270725.1
2020-08-27 20:28:18,575 - WARNING - The .bam file refers to a chromosome 'KI270725.1+' not present in the annotation (.gtf) file
2020-08-27 20:28:18,575 - WARNING - The .bam file refers to a chromosome 'KI270725.1-' not present in the annotation (.gtf) file
2020-08-27 20:28:18,576 - DEBUG - Marking up chromosome KI270744.1
2020-08-27 20:28:18,576 - WARNING - The .bam file refers to a chromosome 'KI270744.1+' not present in the annotation (.gtf) file
2020-08-27 20:28:18,576 - WARNING - The .bam file refers to a chromosome 'KI270744.1-' not present in the annotation (.gtf) file
2020-08-27 20:28:18,585 - DEBUG - Marking up chromosome KI270734.1
2020-08-27 20:28:18,598 - DEBUG - Marking up chromosome GL000213.1
2020-08-27 20:28:18,598 - WARNING - The .bam file refers to a chromosome 'GL000213.1+' not present in the annotation (.gtf) file
2020-08-27 20:28:18,613 - DEBUG - Marking up chromosome GL000220.1
2020-08-27 20:28:18,613 - WARNING - The .bam file refers to a chromosome 'GL000220.1+' not present in the annotation (.gtf) file
2020-08-27 20:28:18,613 - WARNING - The .bam file refers to a chromosome 'GL000220.1-' not present in the annotation (.gtf) file
2020-08-27 20:28:33,138 - DEBUG - Read first 220 million reads
2020-08-27 20:28:53,594 - DEBUG - Read first 230 million reads
2020-08-27 20:29:14,252 - DEBUG - Read first 240 million reads
2020-08-27 20:29:34,824 - DEBUG - Read first 250 million reads
2020-08-27 20:29:55,304 - DEBUG - Read first 260 million reads
2020-08-27 20:30:07,988 - DEBUG - Marking up chromosome GL000218.1
2020-08-27 20:30:07,988 - WARNING - The .bam file refers to a chromosome 'GL000218.1+' not present in the annotation (.gtf) file
2020-08-27 20:30:08,031 - DEBUG - Marking up chromosome KI270749.1
2020-08-27 20:30:08,031 - WARNING - The .bam file refers to a chromosome 'KI270749.1+' not present in the annotation (.gtf) file
2020-08-27 20:30:08,031 - WARNING - The .bam file refers to a chromosome 'KI270749.1-' not present in the annotation (.gtf) file
2020-08-27 20:30:08,033 - DEBUG - Marking up chromosome GL000221.1
2020-08-27 20:30:08,033 - WARNING - The .bam file refers to a chromosome 'GL000221.1+' not present in the annotation (.gtf) file
2020-08-27 20:30:08,033 - WARNING - The .bam file refers to a chromosome 'GL000221.1-' not present in the annotation (.gtf) file
2020-08-27 20:30:08,058 - DEBUG - Marking up chromosome KI270751.1
2020-08-27 20:30:08,058 - WARNING - The .bam file refers to a chromosome 'KI270751.1+' not present in the annotation (.gtf) file
2020-08-27 20:30:08,058 - WARNING - The .bam file refers to a chromosome 'KI270751.1-' not present in the annotation (.gtf) file
2020-08-27 20:30:08,059 - DEBUG - Marking up chromosome GL000214.1
2020-08-27 20:30:08,059 - WARNING - The .bam file refers to a chromosome 'GL000214.1+' not present in the annotation (.gtf) file
2020-08-27 20:30:08,059 - WARNING - The .bam file refers to a chromosome 'GL000214.1-' not present in the annotation (.gtf) file
2020-08-27 20:30:08,074 - DEBUG - Marking up chromosome KI270721.1
2020-08-27 20:30:08,074 - WARNING - The .bam file refers to a chromosome 'KI270721.1-' not present in the annotation (.gtf) file
2020-08-27 20:30:08,079 - DEBUG - Marking up chromosome KI270748.1
2020-08-27 20:30:08,079 - WARNING - The .bam file refers to a chromosome 'KI270748.1+' not present in the annotation (.gtf) file
2020-08-27 20:30:08,079 - WARNING - The .bam file refers to a chromosome 'KI270748.1-' not present in the annotation (.gtf) file
2020-08-27 20:30:08,080 - DEBUG - Marking up chromosome GL000208.1
2020-08-27 20:30:08,080 - WARNING - The .bam file refers to a chromosome 'GL000208.1+' not present in the annotation (.gtf) file
2020-08-27 20:30:08,080 - WARNING - The .bam file refers to a chromosome 'GL000208.1-' not present in the annotation (.gtf) file
2020-08-27 20:30:08,081 - DEBUG - Marking up chromosome KI270711.1
2020-08-27 20:30:08,081 - WARNING - The .bam file refers to a chromosome 'KI270711.1+' not present in the annotation (.gtf) file
2020-08-27 20:30:08,114 - DEBUG - Marking up chromosome KI270745.1
2020-08-27 20:30:08,114 - WARNING - The .bam file refers to a chromosome 'KI270745.1+' not present in the annotation (.gtf) file
2020-08-27 20:30:08,114 - WARNING - The .bam file refers to a chromosome 'KI270745.1-' not present in the annotation (.gtf) file
2020-08-27 20:30:08,120 - DEBUG - Marking up chromosome KI270714.1
2020-08-27 20:30:08,120 - WARNING - The .bam file refers to a chromosome 'KI270714.1+' not present in the annotation (.gtf) file
2020-08-27 20:30:08,120 - WARNING - The .bam file refers to a chromosome 'KI270714.1-' not present in the annotation (.gtf) file
2020-08-27 20:30:08,121 - DEBUG - Marking up chromosome KI270732.1
2020-08-27 20:30:08,122 - WARNING - The .bam file refers to a chromosome 'KI270732.1+' not present in the annotation (.gtf) file
2020-08-27 20:30:08,122 - WARNING - The .bam file refers to a chromosome 'KI270732.1-' not present in the annotation (.gtf) file
2020-08-27 20:30:08,122 - DEBUG - Marking up chromosome KI270713.1
2020-08-27 20:30:08,124 - DEBUG - Marking up chromosome KI270754.1
2020-08-27 20:30:08,124 - WARNING - The .bam file refers to a chromosome 'KI270754.1+' not present in the annotation (.gtf) file
2020-08-27 20:30:08,124 - WARNING - The .bam file refers to a chromosome 'KI270754.1-' not present in the annotation (.gtf) file
2020-08-27 20:30:08,125 - DEBUG - Marking up chromosome KI270720.1
2020-08-27 20:30:08,125 - WARNING - The .bam file refers to a chromosome 'KI270720.1+' not present in the annotation (.gtf) file
2020-08-27 20:30:08,125 - WARNING - The .bam file refers to a chromosome 'KI270720.1-' not present in the annotation (.gtf) file
2020-08-27 20:30:08,127 - DEBUG - Marking up chromosome KI270718.1
2020-08-27 20:30:08,127 - WARNING - The .bam file refers to a chromosome 'KI270718.1+' not present in the annotation (.gtf) file
2020-08-27 20:30:08,127 - WARNING - The .bam file refers to a chromosome 'KI270718.1-' not present in the annotation (.gtf) file
2020-08-27 20:30:08,144 - DEBUG - Marking up chromosome KI270707.1
2020-08-27 20:30:08,144 - WARNING - The .bam file refers to a chromosome 'KI270707.1+' not present in the annotation (.gtf) file
2020-08-27 20:30:08,144 - WARNING - The .bam file refers to a chromosome 'KI270707.1-' not present in the annotation (.gtf) file
2020-08-27 20:30:08,146 - DEBUG - Marking up chromosome KI270467.1
2020-08-27 20:30:08,146 - WARNING - The .bam file refers to a chromosome 'KI270467.1+' not present in the annotation (.gtf) file
2020-08-27 20:30:08,146 - WARNING - The .bam file refers to a chromosome 'KI270467.1-' not present in the annotation (.gtf) file
2020-08-27 20:30:08,147 - DEBUG - Marking up chromosome KI270330.1
2020-08-27 20:30:08,147 - WARNING - The .bam file refers to a chromosome 'KI270330.1+' not present in the annotation (.gtf) file
2020-08-27 20:30:08,147 - WARNING - The .bam file refers to a chromosome 'KI270330.1-' not present in the annotation (.gtf) file
2020-08-27 20:30:08,148 - DEBUG - Marking up chromosome KI270466.1
2020-08-27 20:30:08,148 - WARNING - The .bam file refers to a chromosome 'KI270466.1+' not present in the annotation (.gtf) file
2020-08-27 20:30:08,148 - WARNING - The .bam file refers to a chromosome 'KI270466.1-' not present in the annotation (.gtf) file
2020-08-27 20:30:15,511 - DEBUG - Read first 270 million reads
2020-08-27 20:30:23,083 - DEBUG - End of file. Reset index: start scanning from initial position.
2020-08-27 20:30:23,084 - DEBUG - 1020864 reads were skipped because no apropiate cell or umi barcode was found
2020-08-27 20:30:23,084 - DEBUG - Start molecule counting!
2020-08-27 20:30:27,108 - DEBUG - Features available for chromosomes : ['1-', '1+', '10-', '10+', '11-', '11+', '12-', '12+', '13-', '13+', '14-', '14+', '15-', '15+', '16-', '16+', '17-', '17+', '18-', '18+', '19-', '19+', '2-', '2+', '20-', '20+', '21-', '21+', '22-', '22+', '3-', '3+', '4-', '4+', '5-', '5+', '6-', '6+', '7-', '7+', '8-', '8+', '9-', '9+', 'GL000009.2-', 'GL000194.1-', 'GL000195.1-', 'GL000195.1+', 'GL000205.2-', 'GL000213.1-', 'GL000218.1-', 'GL000219.1-', 'KI270711.1-', 'KI270713.1-', 'KI270713.1+', 'KI270721.1+', 'KI270726.1+', 'KI270727.1-', 'KI270727.1+', 'KI270728.1-', 'KI270728.1+', 'KI270731.1-', 'KI270734.1-', 'KI270734.1+', 'MT-', 'MT+', 'X-', 'X+', 'Y-', 'Y+']
2020-08-27 20:30:27,108 - DEBUG - Mask available for chromosomes : []
2020-08-27 20:30:27,108 - DEBUG - Summarizing the results of intron validation.
2020-08-27 20:30:27,757 - DEBUG - Validated 352165 introns (of which unique intervals 109261) out of 996444 total possible introns (considering each possible transcript models).
2020-08-27 20:30:27,757 - DEBUG - Reading /net/isi-dcnl/ifs/user_data/abild/Megatron_data/COH057/feline_p29_40_mRNA/cell_ranger/FEL039_M/outs/cellsorted_possorted_genome_bam.bam
2020-08-27 20:30:27,798 - DEBUG - Read first 0 million reads
2020-08-27 20:30:49,664 - DEBUG - Read first 10 million reads
2020-08-27 20:31:16,187 - DEBUG - Read first 20 million reads
2020-08-27 20:31:46,901 - DEBUG - Read first 30 million reads
2020-08-27 20:31:56,360 - DEBUG - Counting for batch 1, containing 100 cells and 900455 reads
2020-08-27 20:32:34,246 - DEBUG - 0 reads not considered because fully enclosed in repeat masked regions
2020-08-27 20:33:05,453 - DEBUG - Read first 40 million reads
2020-08-27 20:33:37,406 - DEBUG - Counting for batch 2, containing 100 cells and 994370 reads
2020-08-27 20:34:21,357 - DEBUG - 0 reads not considered because fully enclosed in repeat masked regions
2020-08-27 20:34:32,685 - DEBUG - Read first 50 million reads
2020-08-27 20:35:04,469 - DEBUG - Read first 60 million reads
2020-08-27 20:35:29,640 - DEBUG - Counting for batch 3, containing 100 cells and 907768 reads
2020-08-27 20:36:07,973 - DEBUG - 0 reads not considered because fully enclosed in repeat masked regions
2020-08-27 20:36:22,453 - DEBUG - Read first 70 million reads
2020-08-27 20:36:54,214 - DEBUG - Read first 80 million reads
2020-08-27 20:37:19,501 - DEBUG - Counting for batch 4, containing 100 cells and 1044787 reads
2020-08-27 20:38:04,934 - DEBUG - 0 reads not considered because fully enclosed in repeat masked regions
2020-08-27 20:38:22,392 - DEBUG - Read first 90 million reads
2020-08-27 20:38:55,224 - DEBUG - Read first 100 million reads
2020-08-27 20:39:15,297 - DEBUG - Counting for batch 5, containing 100 cells and 1017559 reads
2020-08-27 20:39:57,063 - DEBUG - 0 reads not considered because fully enclosed in repeat masked regions
2020-08-27 20:40:18,238 - DEBUG - Read first 110 million reads
2020-08-27 20:40:50,405 - DEBUG - Read first 120 million reads
2020-08-27 20:41:06,811 - DEBUG - Counting for batch 6, containing 100 cells and 798317 reads
2020-08-27 20:41:40,854 - DEBUG - 0 reads not considered because fully enclosed in repeat masked regions
2020-08-27 20:42:04,605 - DEBUG - Read first 130 million reads
2020-08-27 20:42:34,049 - DEBUG - Read first 140 million reads
2020-08-27 20:42:42,906 - DEBUG - Counting for batch 7, containing 100 cells and 956881 reads
2020-08-27 20:43:24,672 - DEBUG - 0 reads not considered because fully enclosed in repeat masked regions
2020-08-27 20:43:53,279 - DEBUG - Read first 150 million reads
2020-08-27 20:44:22,057 - DEBUG - Counting for batch 8, containing 100 cells and 854511 reads
2020-08-27 20:44:58,533 - DEBUG - 0 reads not considered because fully enclosed in repeat masked regions
2020-08-27 20:45:06,789 - DEBUG - Read first 160 million reads
2020-08-27 20:45:36,052 - DEBUG - Read first 170 million reads
2020-08-27 20:45:52,720 - DEBUG - Counting for batch 9, containing 100 cells and 722564 reads
2020-08-27 20:46:23,811 - DEBUG - 0 reads not considered because fully enclosed in repeat masked regions
2020-08-27 20:46:41,811 - DEBUG - Read first 180 million reads
2020-08-27 20:47:14,161 - DEBUG - Read first 190 million reads
2020-08-27 20:47:19,601 - DEBUG - Counting for batch 10, containing 100 cells and 768036 reads
2020-08-27 20:47:52,799 - DEBUG - 0 reads not considered because fully enclosed in repeat masked regions
2020-08-27 20:48:23,662 - DEBUG - Read first 200 million reads
2020-08-27 20:48:52,383 - DEBUG - Counting for batch 11, containing 100 cells and 747777 reads
2020-08-27 20:49:24,966 - DEBUG - 0 reads not considered because fully enclosed in repeat masked regions
2020-08-27 20:49:32,454 - DEBUG - Read first 210 million reads
2020-08-27 20:50:02,368 - DEBUG - Read first 220 million reads
2020-08-27 20:50:24,492 - DEBUG - Counting for batch 12, containing 100 cells and 856194 reads
2020-08-27 20:51:00,592 - DEBUG - 0 reads not considered because fully enclosed in repeat masked regions
2020-08-27 20:51:13,797 - DEBUG - Read first 230 million reads
2020-08-27 20:51:46,413 - DEBUG - Read first 240 million reads
2020-08-27 20:51:59,001 - DEBUG - Counting for batch 13, containing 100 cells and 821569 reads
2020-08-27 20:52:33,754 - DEBUG - 0 reads not considered because fully enclosed in repeat masked regions
2020-08-27 20:52:56,987 - DEBUG - Read first 250 million reads
2020-08-27 20:53:27,435 - DEBUG - Counting for batch 14, containing 100 cells and 750858 reads
2020-08-27 20:53:59,589 - DEBUG - 0 reads not considered because fully enclosed in repeat masked regions
2020-08-27 20:54:06,859 - DEBUG - Read first 260 million reads
2020-08-27 20:54:35,911 - DEBUG - Read first 270 million reads
2020-08-27 20:54:48,275 - DEBUG - Counting for batch 15, containing 72 cells and 602458 reads
2020-08-27 20:55:13,370 - DEBUG - 0 reads not considered because fully enclosed in repeat masked regions
2020-08-27 20:55:18,461 - DEBUG - 1020864 reads were skipped because no apropiate cell or umi barcode was found
2020-08-27 20:55:18,462 - DEBUG - Counting done!
2020-08-27 20:55:18,481 - DEBUG - Generating output file /net/isi-dcnl/ifs/user_data/abild/Megatron_data/COH057/feline_p29_40_mRNA/cell_ranger/FEL039_M/velocyto/FEL039_M.loom
2020-08-27 20:55:18,481 - DEBUG - Collecting row attributes
2020-08-27 20:55:18,574 - DEBUG - Generating data table
2020-08-27 20:55:19,026 - DEBUG - Writing loom file
2020-08-27 20:55:22,221 - DEBUG - Terminated Succesfully!
Start: 1598584464
End: 1598586924
Run time: 2460
Done
