CPU: 16
N: 45
Step1: Analyze spliced and unspliced reads and genrate a loom file for velocityR
Run velocyto to generate loom file
2020-08-27 18:35:11,496 - DEBUG - Using logic: Default
2020-08-27 18:35:11,511 - INFO - Read 3051 cell barcodes from /net/isi-dcnl/ifs/user_data/abild/Megatron_data/COH055/FEL025028.mRNA/cell_ranger/FEL027_M/outs/filtered_feature_bc_matrix/barcodes.tsv.gz
2020-08-27 18:35:11,511 - DEBUG - Example of barcode: AAACCCAAGTCATCCA and cell_id: FEL027_M:AAACCCAAGTCATCCA-1
2020-08-27 18:35:11,522 - DEBUG - Peeking into /net/isi-dcnl/ifs/user_data/abild/Megatron_data/COH055/FEL025028.mRNA/cell_ranger/FEL027_M/outs/possorted_genome_bam.bam
2020-08-27 18:35:11,648 - WARNING - Not found cell and umi barcode in entry 6 of the bam file
2020-08-27 18:35:11,648 - WARNING - Not found cell and umi barcode in entry 16 of the bam file
2020-08-27 18:35:11,648 - WARNING - Not found cell and umi barcode in entry 43 of the bam file
2020-08-27 18:35:11,648 - WARNING - Not found cell and umi barcode in entry 110 of the bam file
2020-08-27 18:35:11,648 - WARNING - Not found cell and umi barcode in entry 111 of the bam file
2020-08-27 18:35:11,649 - WARNING - Not found cell and umi barcode in entry 175 of the bam file
2020-08-27 18:35:11,649 - WARNING - Not found cell and umi barcode in entry 204 of the bam file
2020-08-27 18:35:11,649 - WARNING - Not found cell and umi barcode in entry 340 of the bam file
2020-08-27 18:35:11,649 - WARNING - Not found cell and umi barcode in entry 383 of the bam file
2020-08-27 18:35:11,650 - WARNING - Not found cell and umi barcode in entry 671 of the bam file
2020-08-27 18:35:11,651 - WARNING - Not found cell and umi barcode in entry 723 of the bam file
2020-08-27 18:35:11,651 - WARNING - Not found cell and umi barcode in entry 870 of the bam file
2020-08-27 18:35:11,651 - WARNING - Not found cell and umi barcode in entry 895 of the bam file
2020-08-27 18:35:11,655 - WARNING - The file /net/isi-dcnl/ifs/user_data/abild/Megatron_data/COH055/FEL025028.mRNA/cell_ranger/FEL027_M/outs/cellsorted_possorted_genome_bam.bam already exists. The sorting step will be skipped and the existing file will be used.
2020-08-27 18:35:11,656 - INFO - Load the annotation from /net/isi-dcnl/ifs/user_data/abild/Genomes/refdata-cellranger-GRCh38-3.0.0/genes/genes.gtf
2020-08-27 18:35:19,332 - DEBUG - Parsing Chromosome 1 strand - [line 0]
2020-08-27 18:35:19,978 - DEBUG - Done with 1- [line 108728]
2020-08-27 18:35:19,979 - DEBUG - Assigning indexes to genes
2020-08-27 18:35:19,989 - DEBUG - Seen 1561 genes until now
2020-08-27 18:35:19,989 - DEBUG - Parsing Chromosome 1 strand + [line 108729]
2020-08-27 18:35:20,709 - DEBUG - Done with 1+ [line 232515]
2020-08-27 18:35:20,710 - DEBUG - Assigning indexes to genes
2020-08-27 18:35:20,721 - DEBUG - Seen 3154 genes until now
2020-08-27 18:35:20,721 - DEBUG - Parsing Chromosome 10 strand - [line 232516]
2020-08-27 18:35:21,139 - DEBUG - Done with 10- [line 279343]
2020-08-27 18:35:21,139 - DEBUG - Assigning indexes to genes
2020-08-27 18:35:21,142 - DEBUG - Seen 3737 genes until now
2020-08-27 18:35:21,142 - DEBUG - Parsing Chromosome 10 strand + [line 279344]
2020-08-27 18:35:21,331 - DEBUG - Done with 10+ [line 323872]
2020-08-27 18:35:21,331 - DEBUG - Assigning indexes to genes
2020-08-27 18:35:21,334 - DEBUG - Seen 4384 genes until now
2020-08-27 18:35:21,334 - DEBUG - Parsing Chromosome 11 strand - [line 323873]
2020-08-27 18:35:21,907 - DEBUG - Done with 11- [line 402908]
2020-08-27 18:35:21,907 - DEBUG - Assigning indexes to genes
2020-08-27 18:35:21,914 - DEBUG - Seen 5320 genes until now
2020-08-27 18:35:21,914 - DEBUG - Parsing Chromosome 11 strand + [line 402909]
2020-08-27 18:35:22,251 - DEBUG - Done with 11+ [line 482591]
2020-08-27 18:35:22,251 - DEBUG - Assigning indexes to genes
2020-08-27 18:35:22,258 - DEBUG - Seen 6305 genes until now
2020-08-27 18:35:22,258 - DEBUG - Parsing Chromosome 12 strand - [line 482592]
2020-08-27 18:35:22,851 - DEBUG - Done with 12- [line 559278]
2020-08-27 18:35:22,851 - DEBUG - Assigning indexes to genes
2020-08-27 18:35:22,857 - DEBUG - Seen 7177 genes until now
2020-08-27 18:35:22,857 - DEBUG - Parsing Chromosome 12 strand + [line 559279]
2020-08-27 18:35:23,177 - DEBUG - Done with 12+ [line 635173]
2020-08-27 18:35:23,177 - DEBUG - Assigning indexes to genes
2020-08-27 18:35:23,184 - DEBUG - Seen 8070 genes until now
2020-08-27 18:35:23,184 - DEBUG - Parsing Chromosome 13 strand - [line 635174]
2020-08-27 18:35:23,263 - DEBUG - Done with 13- [line 653523]
2020-08-27 18:35:23,263 - DEBUG - Assigning indexes to genes
2020-08-27 18:35:23,264 - DEBUG - Seen 8400 genes until now
2020-08-27 18:35:23,264 - DEBUG - Parsing Chromosome 13 strand + [line 653524]
2020-08-27 18:35:23,674 - DEBUG - Done with 13+ [line 673091]
2020-08-27 18:35:23,675 - DEBUG - Assigning indexes to genes
2020-08-27 18:35:23,677 - DEBUG - Seen 8736 genes until now
2020-08-27 18:35:23,677 - DEBUG - Parsing Chromosome 14 strand - [line 673092]
2020-08-27 18:35:23,859 - DEBUG - Done with 14- [line 716831]
2020-08-27 18:35:23,859 - DEBUG - Assigning indexes to genes
2020-08-27 18:35:23,863 - DEBUG - Seen 9452 genes until now
2020-08-27 18:35:23,863 - DEBUG - Parsing Chromosome 14 strand + [line 716832]
2020-08-27 18:35:24,062 - DEBUG - Done with 14+ [line 764942]
2020-08-27 18:35:24,062 - DEBUG - Assigning indexes to genes
2020-08-27 18:35:24,066 - DEBUG - Seen 10121 genes until now
2020-08-27 18:35:24,066 - DEBUG - Parsing Chromosome 15 strand - [line 764943]
2020-08-27 18:35:24,273 - DEBUG - Done with 15- [line 813803]
2020-08-27 18:35:24,273 - DEBUG - Assigning indexes to genes
2020-08-27 18:35:24,277 - DEBUG - Seen 10698 genes until now
2020-08-27 18:35:24,277 - DEBUG - Parsing Chromosome 15 strand + [line 813804]
2020-08-27 18:35:24,461 - DEBUG - Done with 15+ [line 857859]
2020-08-27 18:35:24,461 - DEBUG - Assigning indexes to genes
2020-08-27 18:35:24,465 - DEBUG - Seen 11256 genes until now
2020-08-27 18:35:24,465 - DEBUG - Parsing Chromosome 16 strand - [line 857860]
2020-08-27 18:35:25,020 - DEBUG - Done with 16- [line 911118]
2020-08-27 18:35:25,021 - DEBUG - Assigning indexes to genes
2020-08-27 18:35:25,025 - DEBUG - Seen 11998 genes until now
2020-08-27 18:35:25,025 - DEBUG - Parsing Chromosome 16 strand + [line 911119]
2020-08-27 18:35:25,318 - DEBUG - Done with 16+ [line 981663]
2020-08-27 18:35:25,318 - DEBUG - Assigning indexes to genes
2020-08-27 18:35:25,324 - DEBUG - Seen 12787 genes until now
2020-08-27 18:35:25,324 - DEBUG - Parsing Chromosome 17 strand - [line 981664]
2020-08-27 18:35:25,679 - DEBUG - Done with 17- [line 1066635]
2020-08-27 18:35:25,680 - DEBUG - Assigning indexes to genes
2020-08-27 18:35:25,687 - DEBUG - Seen 13775 genes until now
2020-08-27 18:35:25,687 - DEBUG - Parsing Chromosome 17 strand + [line 1066636]
2020-08-27 18:35:26,381 - DEBUG - Done with 17+ [line 1143834]
2020-08-27 18:35:26,381 - DEBUG - Assigning indexes to genes
2020-08-27 18:35:26,389 - DEBUG - Seen 14681 genes until now
2020-08-27 18:35:26,389 - DEBUG - Parsing Chromosome 18 strand - [line 1143835]
2020-08-27 18:35:26,493 - DEBUG - Done with 18- [line 1168496]
2020-08-27 18:35:26,493 - DEBUG - Assigning indexes to genes
2020-08-27 18:35:26,495 - DEBUG - Seen 15006 genes until now
2020-08-27 18:35:26,495 - DEBUG - Parsing Chromosome 18 strand + [line 1168497]
2020-08-27 18:35:26,583 - DEBUG - Done with 18+ [line 1189691]
2020-08-27 18:35:26,583 - DEBUG - Assigning indexes to genes
2020-08-27 18:35:26,585 - DEBUG - Seen 15343 genes until now
2020-08-27 18:35:26,585 - DEBUG - Parsing Chromosome 19 strand - [line 1189692]
2020-08-27 18:35:26,910 - DEBUG - Done with 19- [line 1268854]
2020-08-27 18:35:26,910 - DEBUG - Assigning indexes to genes
2020-08-27 18:35:26,917 - DEBUG - Seen 16352 genes until now
2020-08-27 18:35:26,918 - DEBUG - Parsing Chromosome 19 strand + [line 1268855]
2020-08-27 18:35:27,254 - DEBUG - Done with 19+ [line 1351833]
2020-08-27 18:35:27,254 - DEBUG - Assigning indexes to genes
2020-08-27 18:35:27,262 - DEBUG - Seen 17347 genes until now
2020-08-27 18:35:27,262 - DEBUG - Parsing Chromosome 2 strand - [line 1351834]
2020-08-27 18:35:27,677 - DEBUG - Done with 2- [line 1448710]
2020-08-27 18:35:27,677 - DEBUG - Assigning indexes to genes
2020-08-27 18:35:27,685 - DEBUG - Seen 18472 genes until now
2020-08-27 18:35:27,685 - DEBUG - Parsing Chromosome 2 strand + [line 1448711]
2020-08-27 18:35:28,551 - DEBUG - Done with 2+ [line 1542602]
2020-08-27 18:35:28,551 - DEBUG - Assigning indexes to genes
2020-08-27 18:35:28,560 - DEBUG - Seen 19632 genes until now
2020-08-27 18:35:28,560 - DEBUG - Parsing Chromosome 20 strand - [line 1542603]
2020-08-27 18:35:28,670 - DEBUG - Done with 20- [line 1569195]
2020-08-27 18:35:28,670 - DEBUG - Assigning indexes to genes
2020-08-27 18:35:28,673 - DEBUG - Seen 20079 genes until now
2020-08-27 18:35:28,673 - DEBUG - Parsing Chromosome 20 strand + [line 1569196]
2020-08-27 18:35:28,802 - DEBUG - Done with 20+ [line 1600541]
2020-08-27 18:35:28,802 - DEBUG - Assigning indexes to genes
2020-08-27 18:35:28,804 - DEBUG - Seen 20527 genes until now
2020-08-27 18:35:28,804 - DEBUG - Parsing Chromosome 21 strand - [line 1600542]
2020-08-27 18:35:28,863 - DEBUG - Done with 21- [line 1614106]
2020-08-27 18:35:28,863 - DEBUG - Assigning indexes to genes
2020-08-27 18:35:28,864 - DEBUG - Seen 20795 genes until now
2020-08-27 18:35:28,864 - DEBUG - Parsing Chromosome 21 strand + [line 1614107]
2020-08-27 18:35:28,927 - DEBUG - Done with 21+ [line 1628392]
2020-08-27 18:35:28,927 - DEBUG - Assigning indexes to genes
2020-08-27 18:35:28,928 - DEBUG - Seen 21029 genes until now
2020-08-27 18:35:28,928 - DEBUG - Parsing Chromosome 22 strand - [line 1628393]
2020-08-27 18:35:29,035 - DEBUG - Done with 22- [line 1653805]
2020-08-27 18:35:29,035 - DEBUG - Assigning indexes to genes
2020-08-27 18:35:29,037 - DEBUG - Seen 21391 genes until now
2020-08-27 18:35:29,037 - DEBUG - Parsing Chromosome 22 strand + [line 1653806]
2020-08-27 18:35:29,164 - DEBUG - Done with 22+ [line 1684245]
2020-08-27 18:35:29,164 - DEBUG - Assigning indexes to genes
2020-08-27 18:35:29,168 - DEBUG - Seen 21866 genes until now
2020-08-27 18:35:29,169 - DEBUG - Parsing Chromosome 3 strand - [line 1684246]
2020-08-27 18:35:29,506 - DEBUG - Done with 3- [line 1763939]
2020-08-27 18:35:29,506 - DEBUG - Assigning indexes to genes
2020-08-27 18:35:29,513 - DEBUG - Seen 22713 genes until now
2020-08-27 18:35:29,513 - DEBUG - Parsing Chromosome 3 strand + [line 1763940]
2020-08-27 18:35:29,849 - DEBUG - Done with 3+ [line 1844840]
2020-08-27 18:35:29,849 - DEBUG - Assigning indexes to genes
2020-08-27 18:35:29,856 - DEBUG - Seen 23585 genes until now
2020-08-27 18:35:29,856 - DEBUG - Parsing Chromosome 4 strand - [line 1844841]
2020-08-27 18:35:30,584 - DEBUG - Done with 4- [line 1898665]
2020-08-27 18:35:30,584 - DEBUG - Assigning indexes to genes
2020-08-27 18:35:30,589 - DEBUG - Seen 24246 genes until now
2020-08-27 18:35:30,589 - DEBUG - Parsing Chromosome 4 strand + [line 1898666]
2020-08-27 18:35:30,791 - DEBUG - Done with 4+ [line 1947617]
2020-08-27 18:35:30,791 - DEBUG - Assigning indexes to genes
2020-08-27 18:35:30,795 - DEBUG - Seen 24938 genes until now
2020-08-27 18:35:30,795 - DEBUG - Parsing Chromosome 5 strand - [line 1947618]
2020-08-27 18:35:31,022 - DEBUG - Done with 5- [line 2001140]
2020-08-27 18:35:31,022 - DEBUG - Assigning indexes to genes
2020-08-27 18:35:31,027 - DEBUG - Seen 25741 genes until now
2020-08-27 18:35:31,027 - DEBUG - Parsing Chromosome 5 strand + [line 2001141]
2020-08-27 18:35:31,279 - DEBUG - Done with 5+ [line 2062165]
2020-08-27 18:35:31,279 - DEBUG - Assigning indexes to genes
2020-08-27 18:35:31,284 - DEBUG - Seen 26599 genes until now
2020-08-27 18:35:31,284 - DEBUG - Parsing Chromosome 6 strand - [line 2062166]
2020-08-27 18:35:31,539 - DEBUG - Done with 6- [line 2121425]
2020-08-27 18:35:31,539 - DEBUG - Assigning indexes to genes
2020-08-27 18:35:31,544 - DEBUG - Seen 27435 genes until now
2020-08-27 18:35:31,544 - DEBUG - Parsing Chromosome 6 strand + [line 2121426]
2020-08-27 18:35:31,765 - DEBUG - Done with 6+ [line 2176078]
2020-08-27 18:35:31,765 - DEBUG - Assigning indexes to genes
2020-08-27 18:35:31,770 - DEBUG - Seen 28231 genes until now
2020-08-27 18:35:31,770 - DEBUG - Parsing Chromosome 7 strand - [line 2176079]
2020-08-27 18:35:32,013 - DEBUG - Done with 7- [line 2233605]
2020-08-27 18:35:32,013 - DEBUG - Assigning indexes to genes
2020-08-27 18:35:32,017 - DEBUG - Seen 28953 genes until now
2020-08-27 18:35:32,017 - DEBUG - Parsing Chromosome 7 strand + [line 2233606]
2020-08-27 18:35:32,274 - DEBUG - Done with 7+ [line 2295513]
2020-08-27 18:35:32,274 - DEBUG - Assigning indexes to genes
2020-08-27 18:35:32,279 - DEBUG - Seen 29770 genes until now
2020-08-27 18:35:32,279 - DEBUG - Parsing Chromosome 8 strand - [line 2295514]
2020-08-27 18:35:32,483 - DEBUG - Done with 8- [line 2343289]
2020-08-27 18:35:32,483 - DEBUG - Assigning indexes to genes
2020-08-27 18:35:32,488 - DEBUG - Seen 30442 genes until now
2020-08-27 18:35:32,488 - DEBUG - Parsing Chromosome 8 strand + [line 2343290]
2020-08-27 18:35:32,673 - DEBUG - Done with 8+ [line 2386793]
2020-08-27 18:35:32,673 - DEBUG - Assigning indexes to genes
2020-08-27 18:35:32,676 - DEBUG - Seen 31090 genes until now
2020-08-27 18:35:32,676 - DEBUG - Parsing Chromosome 9 strand - [line 2386794]
2020-08-27 18:35:33,482 - DEBUG - Done with 9- [line 2430389]
2020-08-27 18:35:33,482 - DEBUG - Assigning indexes to genes
2020-08-27 18:35:33,486 - DEBUG - Seen 31710 genes until now
2020-08-27 18:35:33,486 - DEBUG - Parsing Chromosome 9 strand + [line 2430390]
2020-08-27 18:35:33,682 - DEBUG - Done with 9+ [line 2477312]
2020-08-27 18:35:33,682 - DEBUG - Assigning indexes to genes
2020-08-27 18:35:33,686 - DEBUG - Seen 32318 genes until now
2020-08-27 18:35:33,686 - DEBUG - Parsing Chromosome GL000009.2 strand - [line 2477313]
2020-08-27 18:35:33,686 - DEBUG - Done with GL000009.2- [line 2477320]
2020-08-27 18:35:33,686 - DEBUG - Assigning indexes to genes
2020-08-27 18:35:33,686 - DEBUG - Seen 32319 genes until now
2020-08-27 18:35:33,686 - DEBUG - Parsing Chromosome GL000194.1 strand - [line 2477321]
2020-08-27 18:35:33,686 - DEBUG - Done with GL000194.1- [line 2477346]
2020-08-27 18:35:33,686 - DEBUG - Assigning indexes to genes
2020-08-27 18:35:33,686 - DEBUG - Seen 32321 genes until now
2020-08-27 18:35:33,686 - DEBUG - Parsing Chromosome GL000195.1 strand - [line 2477347]
2020-08-27 18:35:33,686 - DEBUG - Done with GL000195.1- [line 2477356]
2020-08-27 18:35:33,686 - DEBUG - Assigning indexes to genes
2020-08-27 18:35:33,686 - DEBUG - Seen 32322 genes until now
2020-08-27 18:35:33,686 - DEBUG - Parsing Chromosome GL000195.1 strand + [line 2477357]
2020-08-27 18:35:33,686 - DEBUG - Done with GL000195.1+ [line 2477370]
2020-08-27 18:35:33,686 - DEBUG - Assigning indexes to genes
2020-08-27 18:35:33,687 - DEBUG - Seen 32323 genes until now
2020-08-27 18:35:33,687 - DEBUG - Parsing Chromosome GL000205.2 strand - [line 2477371]
2020-08-27 18:35:33,687 - DEBUG - Done with GL000205.2- [line 2477384]
2020-08-27 18:35:33,687 - DEBUG - Assigning indexes to genes
2020-08-27 18:35:33,687 - DEBUG - Seen 32324 genes until now
2020-08-27 18:35:33,687 - DEBUG - Parsing Chromosome GL000213.1 strand - [line 2477385]
2020-08-27 18:35:33,687 - DEBUG - Done with GL000213.1- [line 2477433]
2020-08-27 18:35:33,687 - DEBUG - Assigning indexes to genes
2020-08-27 18:35:33,687 - DEBUG - Seen 32325 genes until now
2020-08-27 18:35:33,687 - DEBUG - Parsing Chromosome GL000218.1 strand - [line 2477434]
2020-08-27 18:35:33,687 - DEBUG - Done with GL000218.1- [line 2477441]
2020-08-27 18:35:33,687 - DEBUG - Assigning indexes to genes
2020-08-27 18:35:33,687 - DEBUG - Seen 32326 genes until now
2020-08-27 18:35:33,687 - DEBUG - Parsing Chromosome GL000219.1 strand - [line 2477442]
2020-08-27 18:35:33,688 - DEBUG - Done with GL000219.1- [line 2477453]
2020-08-27 18:35:33,688 - DEBUG - Assigning indexes to genes
2020-08-27 18:35:33,688 - DEBUG - Seen 32327 genes until now
2020-08-27 18:35:33,688 - DEBUG - Parsing Chromosome KI270711.1 strand - [line 2477454]
2020-08-27 18:35:33,688 - DEBUG - Done with KI270711.1- [line 2477604]
2020-08-27 18:35:33,688 - DEBUG - Assigning indexes to genes
2020-08-27 18:35:33,688 - DEBUG - Seen 32328 genes until now
2020-08-27 18:35:33,688 - DEBUG - Parsing Chromosome KI270713.1 strand - [line 2477605]
2020-08-27 18:35:33,689 - DEBUG - Done with KI270713.1- [line 2477612]
2020-08-27 18:35:33,689 - DEBUG - Assigning indexes to genes
2020-08-27 18:35:33,689 - DEBUG - Seen 32329 genes until now
2020-08-27 18:35:33,689 - DEBUG - Parsing Chromosome KI270713.1 strand + [line 2477613]
2020-08-27 18:35:33,689 - DEBUG - Done with KI270713.1+ [line 2477618]
2020-08-27 18:35:33,689 - DEBUG - Assigning indexes to genes
2020-08-27 18:35:33,689 - DEBUG - Seen 32330 genes until now
2020-08-27 18:35:33,689 - DEBUG - Parsing Chromosome KI270721.1 strand + [line 2477619]
2020-08-27 18:35:33,689 - DEBUG - Done with KI270721.1+ [line 2477634]
2020-08-27 18:35:33,689 - DEBUG - Assigning indexes to genes
2020-08-27 18:35:33,689 - DEBUG - Seen 32331 genes until now
2020-08-27 18:35:33,689 - DEBUG - Parsing Chromosome KI270726.1 strand + [line 2477635]
2020-08-27 18:35:33,689 - DEBUG - Done with KI270726.1+ [line 2477645]
2020-08-27 18:35:33,689 - DEBUG - Assigning indexes to genes
2020-08-27 18:35:33,689 - DEBUG - Seen 32333 genes until now
2020-08-27 18:35:33,689 - DEBUG - Parsing Chromosome KI270727.1 strand - [line 2477646]
2020-08-27 18:35:33,690 - DEBUG - Done with KI270727.1- [line 2477704]
2020-08-27 18:35:33,690 - DEBUG - Assigning indexes to genes
2020-08-27 18:35:33,690 - DEBUG - Seen 32335 genes until now
2020-08-27 18:35:33,690 - DEBUG - Parsing Chromosome KI270727.1 strand + [line 2477705]
2020-08-27 18:35:33,690 - DEBUG - Done with KI270727.1+ [line 2477719]
2020-08-27 18:35:33,690 - DEBUG - Assigning indexes to genes
2020-08-27 18:35:33,690 - DEBUG - Seen 32337 genes until now
2020-08-27 18:35:33,690 - DEBUG - Parsing Chromosome KI270728.1 strand - [line 2477720]
2020-08-27 18:35:33,690 - DEBUG - Done with KI270728.1- [line 2477796]
2020-08-27 18:35:33,690 - DEBUG - Assigning indexes to genes
2020-08-27 18:35:33,690 - DEBUG - Seen 32339 genes until now
2020-08-27 18:35:33,690 - DEBUG - Parsing Chromosome KI270728.1 strand + [line 2477797]
2020-08-27 18:35:33,691 - DEBUG - Done with KI270728.1+ [line 2477833]
2020-08-27 18:35:33,691 - DEBUG - Assigning indexes to genes
2020-08-27 18:35:33,691 - DEBUG - Seen 32343 genes until now
2020-08-27 18:35:33,691 - DEBUG - Parsing Chromosome KI270731.1 strand - [line 2477834]
2020-08-27 18:35:33,691 - DEBUG - Done with KI270731.1- [line 2477840]
2020-08-27 18:35:33,691 - DEBUG - Assigning indexes to genes
2020-08-27 18:35:33,691 - DEBUG - Seen 32344 genes until now
2020-08-27 18:35:33,691 - DEBUG - Parsing Chromosome KI270734.1 strand - [line 2477841]
2020-08-27 18:35:33,691 - DEBUG - Done with KI270734.1- [line 2477909]
2020-08-27 18:35:33,691 - DEBUG - Assigning indexes to genes
2020-08-27 18:35:33,691 - DEBUG - Seen 32345 genes until now
2020-08-27 18:35:33,691 - DEBUG - Parsing Chromosome KI270734.1 strand + [line 2477910]
2020-08-27 18:35:33,691 - DEBUG - Done with KI270734.1+ [line 2477932]
2020-08-27 18:35:33,692 - DEBUG - Assigning indexes to genes
2020-08-27 18:35:33,692 - DEBUG - Seen 32347 genes until now
2020-08-27 18:35:33,692 - DEBUG - Parsing Chromosome MT strand - [line 2477933]
2020-08-27 18:35:33,692 - DEBUG - Done with MT- [line 2477938]
2020-08-27 18:35:33,692 - DEBUG - Assigning indexes to genes
2020-08-27 18:35:33,692 - DEBUG - Seen 32348 genes until now
2020-08-27 18:35:33,692 - DEBUG - Parsing Chromosome MT strand + [line 2477939]
2020-08-27 18:35:33,692 - DEBUG - Done with MT+ [line 2478004]
2020-08-27 18:35:33,692 - DEBUG - Assigning indexes to genes
2020-08-27 18:35:33,692 - DEBUG - Seen 32360 genes until now
2020-08-27 18:35:33,692 - DEBUG - Parsing Chromosome X strand - [line 2478005]
2020-08-27 18:35:33,859 - DEBUG - Done with X- [line 2518937]
2020-08-27 18:35:33,859 - DEBUG - Assigning indexes to genes
2020-08-27 18:35:33,862 - DEBUG - Seen 32876 genes until now
2020-08-27 18:35:33,862 - DEBUG - Parsing Chromosome X strand + [line 2518938]
2020-08-27 18:35:34,029 - DEBUG - Done with X+ [line 2560301]
2020-08-27 18:35:34,029 - DEBUG - Assigning indexes to genes
2020-08-27 18:35:34,032 - DEBUG - Seen 33438 genes until now
2020-08-27 18:35:34,032 - DEBUG - Parsing Chromosome Y strand - [line 2560302]
2020-08-27 18:35:34,041 - DEBUG - Done with Y- [line 2562446]
2020-08-27 18:35:34,041 - DEBUG - Assigning indexes to genes
2020-08-27 18:35:34,041 - DEBUG - Seen 33485 genes until now
2020-08-27 18:35:34,041 - DEBUG - Parsing Chromosome Y strand + [line 2562447]
2020-08-27 18:35:34,052 - DEBUG - Assigning indexes to genes
2020-08-27 18:35:34,052 - DEBUG - Done with Y+ [line 2565059]
2020-08-27 18:35:34,052 - DEBUG - Fixing corner cases of transcript models containg intron longer than 1000Kbp
2020-08-27 18:35:35,711 - DEBUG - Generated 2165800 features corresponding to 172912 transcript models from /net/isi-dcnl/ifs/user_data/abild/Genomes/refdata-cellranger-GRCh38-3.0.0/genes/genes.gtf
2020-08-27 18:35:35,740 - INFO - Scan /net/isi-dcnl/ifs/user_data/abild/Megatron_data/COH055/FEL025028.mRNA/cell_ranger/FEL027_M/outs/possorted_genome_bam.bam to validate intron intervals
2020-08-27 18:35:39,737 - DEBUG - Reading /net/isi-dcnl/ifs/user_data/abild/Megatron_data/COH055/FEL025028.mRNA/cell_ranger/FEL027_M/outs/possorted_genome_bam.bam
2020-08-27 18:35:39,752 - DEBUG - Read first 0 million reads
2020-08-27 18:35:39,756 - DEBUG - Marking up chromosome 1
2020-08-27 18:37:21,994 - DEBUG - Marking up chromosome 10
2020-08-27 18:37:26,081 - DEBUG - Read first 10 million reads
2020-08-27 18:38:26,657 - DEBUG - Marking up chromosome 11
2020-08-27 18:39:34,229 - DEBUG - Read first 20 million reads
2020-08-27 18:40:54,489 - DEBUG - Marking up chromosome 12
2020-08-27 18:41:45,521 - DEBUG - Marking up chromosome 13
2020-08-27 18:41:46,485 - DEBUG - Read first 30 million reads
2020-08-27 18:42:06,418 - DEBUG - Marking up chromosome 14
2020-08-27 18:42:54,551 - DEBUG - Marking up chromosome 15
2020-08-27 18:43:36,372 - DEBUG - Marking up chromosome 16
2020-08-27 18:43:41,393 - DEBUG - Read first 40 million reads
2020-08-27 18:44:32,055 - DEBUG - Marking up chromosome 17
2020-08-27 18:45:22,471 - DEBUG - Marking up chromosome 18
2020-08-27 18:45:31,048 - DEBUG - Read first 50 million reads
2020-08-27 18:45:50,551 - DEBUG - Marking up chromosome 19
2020-08-27 18:46:34,341 - DEBUG - Marking up chromosome 2
2020-08-27 18:47:26,562 - DEBUG - Read first 60 million reads
2020-08-27 18:48:00,338 - DEBUG - Marking up chromosome 20
2020-08-27 18:48:23,575 - DEBUG - Marking up chromosome 21
2020-08-27 18:48:34,298 - DEBUG - Read first 70 million reads
2020-08-27 18:48:55,401 - DEBUG - Read first 80 million reads
2020-08-27 18:49:20,216 - DEBUG - Marking up chromosome 22
2020-08-27 18:49:33,081 - DEBUG - Marking up chromosome 3
2020-08-27 18:49:50,709 - DEBUG - Read first 90 million reads
2020-08-27 18:51:22,300 - DEBUG - Marking up chromosome 4
2020-08-27 18:51:53,853 - DEBUG - Read first 100 million reads
2020-08-27 18:52:17,025 - DEBUG - Marking up chromosome 5
2020-08-27 18:53:33,417 - DEBUG - Marking up chromosome 6
2020-08-27 18:53:40,310 - DEBUG - Read first 110 million reads
2020-08-27 18:54:29,530 - DEBUG - Marking up chromosome 7
2020-08-27 18:55:20,606 - DEBUG - Marking up chromosome 8
2020-08-27 18:55:27,566 - DEBUG - Read first 120 million reads
2020-08-27 18:56:09,831 - DEBUG - Marking up chromosome 9
2020-08-27 18:56:42,511 - DEBUG - Marking up chromosome MT
2020-08-27 18:56:54,975 - DEBUG - Marking up chromosome X
2020-08-27 18:57:05,996 - DEBUG - Read first 130 million reads
2020-08-27 18:57:24,135 - DEBUG - Marking up chromosome Y
2020-08-27 18:57:24,198 - DEBUG - Marking up chromosome KI270728.1
2020-08-27 18:57:24,202 - DEBUG - Marking up chromosome KI270727.1
2020-08-27 18:57:24,213 - DEBUG - Marking up chromosome KI270442.1
2020-08-27 18:57:24,213 - WARNING - The .bam file refers to a chromosome 'KI270442.1+' not present in the annotation (.gtf) file
2020-08-27 18:57:24,213 - WARNING - The .bam file refers to a chromosome 'KI270442.1-' not present in the annotation (.gtf) file
2020-08-27 18:57:24,224 - DEBUG - Marking up chromosome KI270729.1
2020-08-27 18:57:24,224 - WARNING - The .bam file refers to a chromosome 'KI270729.1+' not present in the annotation (.gtf) file
2020-08-27 18:57:24,224 - WARNING - The .bam file refers to a chromosome 'KI270729.1-' not present in the annotation (.gtf) file
2020-08-27 18:57:24,224 - DEBUG - Marking up chromosome GL000225.1
2020-08-27 18:57:24,224 - WARNING - The .bam file refers to a chromosome 'GL000225.1+' not present in the annotation (.gtf) file
2020-08-27 18:57:24,224 - WARNING - The .bam file refers to a chromosome 'GL000225.1-' not present in the annotation (.gtf) file
2020-08-27 18:57:24,224 - DEBUG - Marking up chromosome KI270743.1
2020-08-27 18:57:24,224 - WARNING - The .bam file refers to a chromosome 'KI270743.1+' not present in the annotation (.gtf) file
2020-08-27 18:57:24,224 - WARNING - The .bam file refers to a chromosome 'KI270743.1-' not present in the annotation (.gtf) file
2020-08-27 18:57:24,228 - DEBUG - Marking up chromosome GL000008.2
2020-08-27 18:57:24,228 - WARNING - The .bam file refers to a chromosome 'GL000008.2+' not present in the annotation (.gtf) file
2020-08-27 18:57:24,228 - WARNING - The .bam file refers to a chromosome 'GL000008.2-' not present in the annotation (.gtf) file
2020-08-27 18:57:24,232 - DEBUG - Marking up chromosome GL000009.2
2020-08-27 18:57:24,232 - WARNING - The .bam file refers to a chromosome 'GL000009.2+' not present in the annotation (.gtf) file
2020-08-27 18:57:24,238 - DEBUG - Marking up chromosome KI270722.1
2020-08-27 18:57:24,238 - WARNING - The .bam file refers to a chromosome 'KI270722.1+' not present in the annotation (.gtf) file
2020-08-27 18:57:24,238 - WARNING - The .bam file refers to a chromosome 'KI270722.1-' not present in the annotation (.gtf) file
2020-08-27 18:57:24,239 - DEBUG - Marking up chromosome GL000194.1
2020-08-27 18:57:24,239 - WARNING - The .bam file refers to a chromosome 'GL000194.1+' not present in the annotation (.gtf) file
2020-08-27 18:57:24,324 - DEBUG - Marking up chromosome KI270742.1
2020-08-27 18:57:24,324 - WARNING - The .bam file refers to a chromosome 'KI270742.1+' not present in the annotation (.gtf) file
2020-08-27 18:57:24,324 - WARNING - The .bam file refers to a chromosome 'KI270742.1-' not present in the annotation (.gtf) file
2020-08-27 18:57:24,343 - DEBUG - Marking up chromosome GL000205.2
2020-08-27 18:57:24,343 - WARNING - The .bam file refers to a chromosome 'GL000205.2+' not present in the annotation (.gtf) file
2020-08-27 18:57:24,362 - DEBUG - Marking up chromosome GL000195.1
2020-08-27 18:57:24,390 - DEBUG - Marking up chromosome KI270733.1
2020-08-27 18:57:24,390 - WARNING - The .bam file refers to a chromosome 'KI270733.1+' not present in the annotation (.gtf) file
2020-08-27 18:57:24,390 - WARNING - The .bam file refers to a chromosome 'KI270733.1-' not present in the annotation (.gtf) file
2020-08-27 18:57:41,898 - DEBUG - Read first 140 million reads
2020-08-27 18:57:48,304 - DEBUG - Marking up chromosome GL000224.1
2020-08-27 18:57:48,304 - WARNING - The .bam file refers to a chromosome 'GL000224.1+' not present in the annotation (.gtf) file
2020-08-27 18:57:48,304 - WARNING - The .bam file refers to a chromosome 'GL000224.1-' not present in the annotation (.gtf) file
2020-08-27 18:57:48,311 - DEBUG - Marking up chromosome GL000219.1
2020-08-27 18:57:48,311 - WARNING - The .bam file refers to a chromosome 'GL000219.1+' not present in the annotation (.gtf) file
2020-08-27 18:57:48,405 - DEBUG - Marking up chromosome KI270719.1
2020-08-27 18:57:48,405 - WARNING - The .bam file refers to a chromosome 'KI270719.1+' not present in the annotation (.gtf) file
2020-08-27 18:57:48,405 - WARNING - The .bam file refers to a chromosome 'KI270719.1-' not present in the annotation (.gtf) file
2020-08-27 18:57:48,408 - DEBUG - Marking up chromosome GL000216.2
2020-08-27 18:57:48,408 - WARNING - The .bam file refers to a chromosome 'GL000216.2+' not present in the annotation (.gtf) file
2020-08-27 18:57:48,408 - WARNING - The .bam file refers to a chromosome 'GL000216.2-' not present in the annotation (.gtf) file
2020-08-27 18:57:48,409 - DEBUG - Marking up chromosome KI270712.1
2020-08-27 18:57:48,409 - WARNING - The .bam file refers to a chromosome 'KI270712.1+' not present in the annotation (.gtf) file
2020-08-27 18:57:48,409 - WARNING - The .bam file refers to a chromosome 'KI270712.1-' not present in the annotation (.gtf) file
2020-08-27 18:57:48,411 - DEBUG - Marking up chromosome KI270706.1
2020-08-27 18:57:48,411 - WARNING - The .bam file refers to a chromosome 'KI270706.1+' not present in the annotation (.gtf) file
2020-08-27 18:57:48,411 - WARNING - The .bam file refers to a chromosome 'KI270706.1-' not present in the annotation (.gtf) file
2020-08-27 18:57:48,419 - DEBUG - Marking up chromosome KI270725.1
2020-08-27 18:57:48,419 - WARNING - The .bam file refers to a chromosome 'KI270725.1+' not present in the annotation (.gtf) file
2020-08-27 18:57:48,419 - WARNING - The .bam file refers to a chromosome 'KI270725.1-' not present in the annotation (.gtf) file
2020-08-27 18:57:48,421 - DEBUG - Marking up chromosome KI270744.1
2020-08-27 18:57:48,421 - WARNING - The .bam file refers to a chromosome 'KI270744.1+' not present in the annotation (.gtf) file
2020-08-27 18:57:48,421 - WARNING - The .bam file refers to a chromosome 'KI270744.1-' not present in the annotation (.gtf) file
2020-08-27 18:57:48,429 - DEBUG - Marking up chromosome KI270734.1
2020-08-27 18:57:48,453 - DEBUG - Marking up chromosome GL000213.1
2020-08-27 18:57:48,453 - WARNING - The .bam file refers to a chromosome 'GL000213.1+' not present in the annotation (.gtf) file
2020-08-27 18:57:48,540 - DEBUG - Marking up chromosome GL000220.1
2020-08-27 18:57:48,540 - WARNING - The .bam file refers to a chromosome 'GL000220.1+' not present in the annotation (.gtf) file
2020-08-27 18:57:48,540 - WARNING - The .bam file refers to a chromosome 'GL000220.1-' not present in the annotation (.gtf) file
2020-08-27 18:58:02,936 - DEBUG - Read first 150 million reads
2020-08-27 18:58:12,375 - DEBUG - Marking up chromosome GL000218.1
2020-08-27 18:58:12,375 - WARNING - The .bam file refers to a chromosome 'GL000218.1+' not present in the annotation (.gtf) file
2020-08-27 18:58:12,387 - DEBUG - Marking up chromosome KI270749.1
2020-08-27 18:58:12,387 - WARNING - The .bam file refers to a chromosome 'KI270749.1+' not present in the annotation (.gtf) file
2020-08-27 18:58:12,387 - WARNING - The .bam file refers to a chromosome 'KI270749.1-' not present in the annotation (.gtf) file
2020-08-27 18:58:12,391 - DEBUG - Marking up chromosome KI270741.1
2020-08-27 18:58:12,391 - WARNING - The .bam file refers to a chromosome 'KI270741.1+' not present in the annotation (.gtf) file
2020-08-27 18:58:12,391 - WARNING - The .bam file refers to a chromosome 'KI270741.1-' not present in the annotation (.gtf) file
2020-08-27 18:58:12,392 - DEBUG - Marking up chromosome GL000221.1
2020-08-27 18:58:12,392 - WARNING - The .bam file refers to a chromosome 'GL000221.1+' not present in the annotation (.gtf) file
2020-08-27 18:58:12,392 - WARNING - The .bam file refers to a chromosome 'GL000221.1-' not present in the annotation (.gtf) file
2020-08-27 18:58:12,410 - DEBUG - Marking up chromosome KI270716.1
2020-08-27 18:58:12,410 - WARNING - The .bam file refers to a chromosome 'KI270716.1+' not present in the annotation (.gtf) file
2020-08-27 18:58:12,410 - WARNING - The .bam file refers to a chromosome 'KI270716.1-' not present in the annotation (.gtf) file
2020-08-27 18:58:12,411 - DEBUG - Marking up chromosome KI270731.1
2020-08-27 18:58:12,411 - WARNING - The .bam file refers to a chromosome 'KI270731.1+' not present in the annotation (.gtf) file
2020-08-27 18:58:12,413 - DEBUG - Marking up chromosome KI270751.1
2020-08-27 18:58:12,413 - WARNING - The .bam file refers to a chromosome 'KI270751.1+' not present in the annotation (.gtf) file
2020-08-27 18:58:12,413 - WARNING - The .bam file refers to a chromosome 'KI270751.1-' not present in the annotation (.gtf) file
2020-08-27 18:58:12,414 - DEBUG - Marking up chromosome KI270519.1
2020-08-27 18:58:12,414 - WARNING - The .bam file refers to a chromosome 'KI270519.1+' not present in the annotation (.gtf) file
2020-08-27 18:58:12,414 - WARNING - The .bam file refers to a chromosome 'KI270519.1-' not present in the annotation (.gtf) file
2020-08-27 18:58:12,415 - DEBUG - Marking up chromosome GL000214.1
2020-08-27 18:58:12,415 - WARNING - The .bam file refers to a chromosome 'GL000214.1+' not present in the annotation (.gtf) file
2020-08-27 18:58:12,415 - WARNING - The .bam file refers to a chromosome 'GL000214.1-' not present in the annotation (.gtf) file
2020-08-27 18:58:12,417 - DEBUG - Marking up chromosome KI270708.1
2020-08-27 18:58:12,417 - WARNING - The .bam file refers to a chromosome 'KI270708.1+' not present in the annotation (.gtf) file
2020-08-27 18:58:12,417 - WARNING - The .bam file refers to a chromosome 'KI270708.1-' not present in the annotation (.gtf) file
2020-08-27 18:58:12,418 - DEBUG - Marking up chromosome KI270737.1
2020-08-27 18:58:12,418 - WARNING - The .bam file refers to a chromosome 'KI270737.1+' not present in the annotation (.gtf) file
2020-08-27 18:58:12,418 - WARNING - The .bam file refers to a chromosome 'KI270737.1-' not present in the annotation (.gtf) file
2020-08-27 18:58:12,418 - DEBUG - Marking up chromosome KI270721.1
2020-08-27 18:58:12,418 - WARNING - The .bam file refers to a chromosome 'KI270721.1-' not present in the annotation (.gtf) file
2020-08-27 18:58:12,426 - DEBUG - Marking up chromosome KI270738.1
2020-08-27 18:58:12,426 - WARNING - The .bam file refers to a chromosome 'KI270738.1+' not present in the annotation (.gtf) file
2020-08-27 18:58:12,426 - WARNING - The .bam file refers to a chromosome 'KI270738.1-' not present in the annotation (.gtf) file
2020-08-27 18:58:12,428 - DEBUG - Marking up chromosome KI270748.1
2020-08-27 18:58:12,428 - WARNING - The .bam file refers to a chromosome 'KI270748.1+' not present in the annotation (.gtf) file
2020-08-27 18:58:12,429 - WARNING - The .bam file refers to a chromosome 'KI270748.1-' not present in the annotation (.gtf) file
2020-08-27 18:58:12,430 - DEBUG - Marking up chromosome GL000208.1
2020-08-27 18:58:12,430 - WARNING - The .bam file refers to a chromosome 'GL000208.1+' not present in the annotation (.gtf) file
2020-08-27 18:58:12,430 - WARNING - The .bam file refers to a chromosome 'GL000208.1-' not present in the annotation (.gtf) file
2020-08-27 18:58:12,430 - DEBUG - Marking up chromosome KI270538.1
2020-08-27 18:58:12,430 - WARNING - The .bam file refers to a chromosome 'KI270538.1+' not present in the annotation (.gtf) file
2020-08-27 18:58:12,430 - WARNING - The .bam file refers to a chromosome 'KI270538.1-' not present in the annotation (.gtf) file
2020-08-27 18:58:12,430 - DEBUG - Marking up chromosome KI270709.1
2020-08-27 18:58:12,431 - WARNING - The .bam file refers to a chromosome 'KI270709.1+' not present in the annotation (.gtf) file
2020-08-27 18:58:12,431 - WARNING - The .bam file refers to a chromosome 'KI270709.1-' not present in the annotation (.gtf) file
2020-08-27 18:58:12,431 - DEBUG - Marking up chromosome KI270746.1
2020-08-27 18:58:12,431 - WARNING - The .bam file refers to a chromosome 'KI270746.1+' not present in the annotation (.gtf) file
2020-08-27 18:58:12,431 - WARNING - The .bam file refers to a chromosome 'KI270746.1-' not present in the annotation (.gtf) file
2020-08-27 18:58:12,431 - DEBUG - Marking up chromosome KI270753.1
2020-08-27 18:58:12,431 - WARNING - The .bam file refers to a chromosome 'KI270753.1+' not present in the annotation (.gtf) file
2020-08-27 18:58:12,431 - WARNING - The .bam file refers to a chromosome 'KI270753.1-' not present in the annotation (.gtf) file
2020-08-27 18:58:12,432 - DEBUG - Marking up chromosome KI270589.1
2020-08-27 18:58:12,432 - WARNING - The .bam file refers to a chromosome 'KI270589.1+' not present in the annotation (.gtf) file
2020-08-27 18:58:12,432 - WARNING - The .bam file refers to a chromosome 'KI270589.1-' not present in the annotation (.gtf) file
2020-08-27 18:58:12,432 - DEBUG - Marking up chromosome KI270735.1
2020-08-27 18:58:12,432 - WARNING - The .bam file refers to a chromosome 'KI270735.1+' not present in the annotation (.gtf) file
2020-08-27 18:58:12,432 - WARNING - The .bam file refers to a chromosome 'KI270735.1-' not present in the annotation (.gtf) file
2020-08-27 18:58:12,434 - DEBUG - Marking up chromosome KI270711.1
2020-08-27 18:58:12,434 - WARNING - The .bam file refers to a chromosome 'KI270711.1+' not present in the annotation (.gtf) file
2020-08-27 18:58:12,445 - DEBUG - Marking up chromosome KI270745.1
2020-08-27 18:58:12,445 - WARNING - The .bam file refers to a chromosome 'KI270745.1+' not present in the annotation (.gtf) file
2020-08-27 18:58:12,445 - WARNING - The .bam file refers to a chromosome 'KI270745.1-' not present in the annotation (.gtf) file
2020-08-27 18:58:12,454 - DEBUG - Marking up chromosome KI270714.1
2020-08-27 18:58:12,454 - WARNING - The .bam file refers to a chromosome 'KI270714.1+' not present in the annotation (.gtf) file
2020-08-27 18:58:12,454 - WARNING - The .bam file refers to a chromosome 'KI270714.1-' not present in the annotation (.gtf) file
2020-08-27 18:58:12,455 - DEBUG - Marking up chromosome KI270732.1
2020-08-27 18:58:12,455 - WARNING - The .bam file refers to a chromosome 'KI270732.1+' not present in the annotation (.gtf) file
2020-08-27 18:58:12,455 - WARNING - The .bam file refers to a chromosome 'KI270732.1-' not present in the annotation (.gtf) file
2020-08-27 18:58:12,456 - DEBUG - Marking up chromosome KI270713.1
2020-08-27 18:58:12,459 - DEBUG - Marking up chromosome KI270754.1
2020-08-27 18:58:12,459 - WARNING - The .bam file refers to a chromosome 'KI270754.1+' not present in the annotation (.gtf) file
2020-08-27 18:58:12,459 - WARNING - The .bam file refers to a chromosome 'KI270754.1-' not present in the annotation (.gtf) file
2020-08-27 18:58:12,459 - DEBUG - Marking up chromosome KI270710.1
2020-08-27 18:58:12,459 - WARNING - The .bam file refers to a chromosome 'KI270710.1+' not present in the annotation (.gtf) file
2020-08-27 18:58:12,459 - WARNING - The .bam file refers to a chromosome 'KI270710.1-' not present in the annotation (.gtf) file
2020-08-27 18:58:12,459 - DEBUG - Marking up chromosome KI270717.1
2020-08-27 18:58:12,459 - WARNING - The .bam file refers to a chromosome 'KI270717.1+' not present in the annotation (.gtf) file
2020-08-27 18:58:12,459 - WARNING - The .bam file refers to a chromosome 'KI270717.1-' not present in the annotation (.gtf) file
2020-08-27 18:58:12,461 - DEBUG - Marking up chromosome KI270720.1
2020-08-27 18:58:12,461 - WARNING - The .bam file refers to a chromosome 'KI270720.1+' not present in the annotation (.gtf) file
2020-08-27 18:58:12,461 - WARNING - The .bam file refers to a chromosome 'KI270720.1-' not present in the annotation (.gtf) file
2020-08-27 18:58:12,462 - DEBUG - Marking up chromosome KI270723.1
2020-08-27 18:58:12,462 - WARNING - The .bam file refers to a chromosome 'KI270723.1+' not present in the annotation (.gtf) file
2020-08-27 18:58:12,462 - WARNING - The .bam file refers to a chromosome 'KI270723.1-' not present in the annotation (.gtf) file
2020-08-27 18:58:12,467 - DEBUG - Marking up chromosome KI270718.1
2020-08-27 18:58:12,467 - WARNING - The .bam file refers to a chromosome 'KI270718.1+' not present in the annotation (.gtf) file
2020-08-27 18:58:12,467 - WARNING - The .bam file refers to a chromosome 'KI270718.1-' not present in the annotation (.gtf) file
2020-08-27 18:58:12,548 - DEBUG - Marking up chromosome KI270707.1
2020-08-27 18:58:12,548 - WARNING - The .bam file refers to a chromosome 'KI270707.1+' not present in the annotation (.gtf) file
2020-08-27 18:58:12,548 - WARNING - The .bam file refers to a chromosome 'KI270707.1-' not present in the annotation (.gtf) file
2020-08-27 18:58:12,548 - DEBUG - Marking up chromosome KI270448.1
2020-08-27 18:58:12,548 - WARNING - The .bam file refers to a chromosome 'KI270448.1+' not present in the annotation (.gtf) file
2020-08-27 18:58:12,548 - WARNING - The .bam file refers to a chromosome 'KI270448.1-' not present in the annotation (.gtf) file
2020-08-27 18:58:12,549 - DEBUG - Marking up chromosome KI270330.1
2020-08-27 18:58:12,549 - WARNING - The .bam file refers to a chromosome 'KI270330.1+' not present in the annotation (.gtf) file
2020-08-27 18:58:12,549 - WARNING - The .bam file refers to a chromosome 'KI270330.1-' not present in the annotation (.gtf) file
2020-08-27 18:58:23,347 - DEBUG - Read first 160 million reads
2020-08-27 18:58:23,682 - DEBUG - End of file. Reset index: start scanning from initial position.
2020-08-27 18:58:23,682 - DEBUG - 2461407 reads were skipped because no apropiate cell or umi barcode was found
2020-08-27 18:58:23,683 - DEBUG - Start molecule counting!
2020-08-27 18:58:27,671 - DEBUG - Features available for chromosomes : ['1-', '1+', '10-', '10+', '11-', '11+', '12-', '12+', '13-', '13+', '14-', '14+', '15-', '15+', '16-', '16+', '17-', '17+', '18-', '18+', '19-', '19+', '2-', '2+', '20-', '20+', '21-', '21+', '22-', '22+', '3-', '3+', '4-', '4+', '5-', '5+', '6-', '6+', '7-', '7+', '8-', '8+', '9-', '9+', 'GL000009.2-', 'GL000194.1-', 'GL000195.1-', 'GL000195.1+', 'GL000205.2-', 'GL000213.1-', 'GL000218.1-', 'GL000219.1-', 'KI270711.1-', 'KI270713.1-', 'KI270713.1+', 'KI270721.1+', 'KI270726.1+', 'KI270727.1-', 'KI270727.1+', 'KI270728.1-', 'KI270728.1+', 'KI270731.1-', 'KI270734.1-', 'KI270734.1+', 'MT-', 'MT+', 'X-', 'X+', 'Y-', 'Y+']
2020-08-27 18:58:27,671 - DEBUG - Mask available for chromosomes : []
2020-08-27 18:58:27,671 - DEBUG - Summarizing the results of intron validation.
2020-08-27 18:58:28,412 - DEBUG - Validated 490179 introns (of which unique intervals 155172) out of 996444 total possible introns (considering each possible transcript models).
2020-08-27 18:58:28,413 - DEBUG - Reading /net/isi-dcnl/ifs/user_data/abild/Megatron_data/COH055/FEL025028.mRNA/cell_ranger/FEL027_M/outs/cellsorted_possorted_genome_bam.bam
2020-08-27 18:58:28,461 - DEBUG - Read first 0 million reads
2020-08-27 18:58:53,734 - DEBUG - Read first 10 million reads
2020-08-27 18:59:28,413 - DEBUG - Counting for batch 1, containing 100 cells and 1947637 reads
2020-08-27 19:00:38,765 - DEBUG - 0 reads not considered because fully enclosed in repeat masked regions
2020-08-27 19:01:27,253 - DEBUG - Read first 20 million reads
2020-08-27 19:01:27,267 - DEBUG - Counting for batch 2, containing 100 cells and 1871314 reads
2020-08-27 19:02:32,565 - DEBUG - 0 reads not considered because fully enclosed in repeat masked regions
2020-08-27 19:03:23,387 - DEBUG - Counting for batch 3, containing 100 cells and 1895004 reads
2020-08-27 19:04:31,454 - DEBUG - 0 reads not considered because fully enclosed in repeat masked regions
2020-08-27 19:05:18,734 - DEBUG - Read first 30 million reads
2020-08-27 19:05:18,848 - DEBUG - Counting for batch 4, containing 100 cells and 1799744 reads
2020-08-27 19:06:24,000 - DEBUG - 0 reads not considered because fully enclosed in repeat masked regions
2020-08-27 19:07:06,221 - DEBUG - Counting for batch 5, containing 100 cells and 1782267 reads
2020-08-27 19:08:09,723 - DEBUG - 0 reads not considered because fully enclosed in repeat masked regions
2020-08-27 19:08:55,729 - DEBUG - Counting for batch 6, containing 100 cells and 1604208 reads
2020-08-27 19:09:53,815 - DEBUG - 0 reads not considered because fully enclosed in repeat masked regions
2020-08-27 19:10:09,074 - DEBUG - Read first 40 million reads
2020-08-27 19:10:37,893 - DEBUG - Counting for batch 7, containing 100 cells and 1702575 reads
2020-08-27 19:11:40,600 - DEBUG - 0 reads not considered because fully enclosed in repeat masked regions
2020-08-27 19:12:29,146 - DEBUG - Read first 50 million reads
2020-08-27 19:12:29,706 - DEBUG - Counting for batch 8, containing 100 cells and 2098262 reads
2020-08-27 19:13:43,559 - DEBUG - 0 reads not considered because fully enclosed in repeat masked regions
2020-08-27 19:14:32,519 - DEBUG - Counting for batch 9, containing 100 cells and 1741641 reads
2020-08-27 19:15:36,114 - DEBUG - 0 reads not considered because fully enclosed in repeat masked regions
2020-08-27 19:16:21,227 - DEBUG - Read first 60 million reads
2020-08-27 19:16:25,985 - DEBUG - Counting for batch 10, containing 100 cells and 2025566 reads
2020-08-27 19:17:39,895 - DEBUG - 0 reads not considered because fully enclosed in repeat masked regions
2020-08-27 19:18:27,730 - DEBUG - Counting for batch 11, containing 100 cells and 1765692 reads
2020-08-27 19:19:32,460 - DEBUG - 0 reads not considered because fully enclosed in repeat masked regions
2020-08-27 19:20:10,916 - DEBUG - Read first 70 million reads
2020-08-27 19:20:17,830 - DEBUG - Counting for batch 12, containing 100 cells and 1524146 reads
2020-08-27 19:21:14,837 - DEBUG - 0 reads not considered because fully enclosed in repeat masked regions
2020-08-27 19:21:53,567 - DEBUG - Counting for batch 13, containing 100 cells and 1517242 reads
2020-08-27 19:22:50,345 - DEBUG - 0 reads not considered because fully enclosed in repeat masked regions
2020-08-27 19:23:27,635 - DEBUG - Read first 80 million reads
2020-08-27 19:23:33,831 - DEBUG - Counting for batch 14, containing 100 cells and 1791397 reads
2020-08-27 19:24:37,778 - DEBUG - 0 reads not considered because fully enclosed in repeat masked regions
2020-08-27 19:25:23,256 - DEBUG - Counting for batch 15, containing 100 cells and 1776532 reads
2020-08-27 19:26:28,563 - DEBUG - 0 reads not considered because fully enclosed in repeat masked regions
2020-08-27 19:27:10,787 - DEBUG - Read first 90 million reads
2020-08-27 19:27:12,001 - DEBUG - Counting for batch 16, containing 100 cells and 1833832 reads
2020-08-27 19:28:16,575 - DEBUG - 0 reads not considered because fully enclosed in repeat masked regions
2020-08-27 19:28:58,374 - DEBUG - Counting for batch 17, containing 100 cells and 1576242 reads
2020-08-27 19:29:55,464 - DEBUG - 0 reads not considered because fully enclosed in repeat masked regions
2020-08-27 19:30:36,328 - DEBUG - Counting for batch 18, containing 100 cells and 1652821 reads
2020-08-27 19:31:40,283 - DEBUG - 0 reads not considered because fully enclosed in repeat masked regions
2020-08-27 19:32:01,803 - DEBUG - Read first 100 million reads
2020-08-27 19:32:19,915 - DEBUG - Counting for batch 19, containing 100 cells and 1762621 reads
2020-08-27 19:33:23,350 - DEBUG - 0 reads not considered because fully enclosed in repeat masked regions
2020-08-27 19:34:05,533 - DEBUG - Counting for batch 20, containing 100 cells and 1689909 reads
2020-08-27 19:35:06,301 - DEBUG - 0 reads not considered because fully enclosed in repeat masked regions
2020-08-27 19:35:34,391 - DEBUG - Read first 110 million reads
2020-08-27 19:35:50,309 - DEBUG - Counting for batch 21, containing 100 cells and 1629776 reads
2020-08-27 19:36:50,730 - DEBUG - 0 reads not considered because fully enclosed in repeat masked regions
2020-08-27 19:37:31,490 - DEBUG - Counting for batch 22, containing 100 cells and 1764334 reads
2020-08-27 19:38:37,168 - DEBUG - 0 reads not considered because fully enclosed in repeat masked regions
2020-08-27 19:39:10,591 - DEBUG - Read first 120 million reads
2020-08-27 19:39:27,205 - DEBUG - Counting for batch 23, containing 100 cells and 2280885 reads
2020-08-27 19:40:46,242 - DEBUG - 0 reads not considered because fully enclosed in repeat masked regions
2020-08-27 19:41:42,211 - DEBUG - Counting for batch 24, containing 100 cells and 2456251 reads
2020-08-27 19:43:10,176 - DEBUG - 0 reads not considered because fully enclosed in repeat masked regions
2020-08-27 19:43:38,919 - DEBUG - Read first 130 million reads
2020-08-27 19:44:05,874 - DEBUG - Counting for batch 25, containing 100 cells and 2243207 reads
2020-08-27 19:45:24,211 - DEBUG - 0 reads not considered because fully enclosed in repeat masked regions
2020-08-27 19:46:15,324 - DEBUG - Counting for batch 26, containing 100 cells and 1833594 reads
2020-08-27 19:47:24,897 - DEBUG - 0 reads not considered because fully enclosed in repeat masked regions
2020-08-27 19:47:43,958 - DEBUG - Read first 140 million reads
2020-08-27 19:48:05,155 - DEBUG - Counting for batch 27, containing 100 cells and 1558233 reads
2020-08-27 19:49:00,273 - DEBUG - 0 reads not considered because fully enclosed in repeat masked regions
2020-08-27 19:49:41,705 - DEBUG - Counting for batch 28, containing 100 cells and 1586772 reads
2020-08-27 19:50:38,995 - DEBUG - 0 reads not considered because fully enclosed in repeat masked regions
2020-08-27 19:51:03,117 - DEBUG - Read first 150 million reads
2020-08-27 19:51:21,181 - DEBUG - Counting for batch 29, containing 100 cells and 1567488 reads
2020-08-27 19:52:18,734 - DEBUG - 0 reads not considered because fully enclosed in repeat masked regions
2020-08-27 19:53:02,557 - DEBUG - Counting for batch 30, containing 100 cells and 1702353 reads
2020-08-27 19:54:04,606 - DEBUG - 0 reads not considered because fully enclosed in repeat masked regions
2020-08-27 19:54:34,409 - DEBUG - Read first 160 million reads
2020-08-27 19:54:35,245 - DEBUG - Counting for batch 31, containing 51 cells and 1138193 reads
2020-08-27 19:55:15,887 - DEBUG - 0 reads not considered because fully enclosed in repeat masked regions
2020-08-27 19:55:25,289 - DEBUG - 2461407 reads were skipped because no apropiate cell or umi barcode was found
2020-08-27 19:55:25,290 - DEBUG - Counting done!
2020-08-27 19:55:25,311 - DEBUG - Generating output file /net/isi-dcnl/ifs/user_data/abild/Megatron_data/COH055/FEL025028.mRNA/cell_ranger/FEL027_M/velocyto/FEL027_M.loom
2020-08-27 19:55:25,311 - DEBUG - Collecting row attributes
2020-08-27 19:55:25,400 - DEBUG - Generating data table
2020-08-27 19:55:26,210 - DEBUG - Writing loom file
2020-08-27 19:55:32,712 - DEBUG - Terminated Succesfully!
Start: 1598578504
End: 1598583335
Run time: 4831
Done
