CPU: 16
N: 93
Step1: Analyze spliced and unspliced reads and genrate a loom file for velocityR
Run velocyto to generate loom file
2020-08-27 20:48:35,513 - DEBUG - Using logic: Default
2020-08-27 20:48:35,526 - INFO - Read 884 cell barcodes from /net/isi-dcnl/ifs/user_data/abild/jichen/Projects/Breast/scRNA/Data/Megatron_data/COH073/FEL044046.mRNA/FEL045_count03/cell_ranger/FEL045_M/outs/filtered_feature_bc_matrix/barcodes.tsv.gz
2020-08-27 20:48:35,526 - DEBUG - Example of barcode: AAAGAACCATCAGCTA and cell_id: FEL045_M:AAAGAACCATCAGCTA-1
2020-08-27 20:48:35,536 - DEBUG - Peeking into /net/isi-dcnl/ifs/user_data/abild/jichen/Projects/Breast/scRNA/Data/Megatron_data/COH073/FEL044046.mRNA/FEL045_count03/cell_ranger/FEL045_M/outs/possorted_genome_bam.bam
2020-08-27 20:48:35,883 - WARNING - Not found cell and umi barcode in entry 0 of the bam file
2020-08-27 20:48:35,883 - WARNING - Not found cell and umi barcode in entry 1 of the bam file
2020-08-27 20:48:35,883 - WARNING - Not found cell and umi barcode in entry 2 of the bam file
2020-08-27 20:48:35,883 - WARNING - Not found cell and umi barcode in entry 3 of the bam file
2020-08-27 20:48:35,883 - WARNING - Not found cell and umi barcode in entry 4 of the bam file
2020-08-27 20:48:35,884 - WARNING - Not found cell and umi barcode in entry 5 of the bam file
2020-08-27 20:48:35,884 - WARNING - Not found cell and umi barcode in entry 10 of the bam file
2020-08-27 20:48:35,884 - WARNING - Not found cell and umi barcode in entry 11 of the bam file
2020-08-27 20:48:35,884 - WARNING - Not found cell and umi barcode in entry 15 of the bam file
2020-08-27 20:48:35,884 - WARNING - Not found cell and umi barcode in entry 26 of the bam file
2020-08-27 20:48:35,885 - WARNING - Not found cell and umi barcode in entry 92 of the bam file
2020-08-27 20:48:35,885 - WARNING - Not found cell and umi barcode in entry 93 of the bam file
2020-08-27 20:48:35,885 - WARNING - Not found cell and umi barcode in entry 94 of the bam file
2020-08-27 20:48:35,885 - WARNING - Not found cell and umi barcode in entry 103 of the bam file
2020-08-27 20:48:35,902 - WARNING - Not found cell and umi barcode in entry 139 of the bam file
2020-08-27 20:48:35,903 - WARNING - Not found cell and umi barcode in entry 142 of the bam file
2020-08-27 20:48:35,903 - WARNING - Not found cell and umi barcode in entry 239 of the bam file
2020-08-27 20:48:35,903 - WARNING - Not found cell and umi barcode in entry 262 of the bam file
2020-08-27 20:48:35,904 - WARNING - Not found cell and umi barcode in entry 375 of the bam file
2020-08-27 20:48:35,905 - WARNING - Not found cell and umi barcode in entry 423 of the bam file
2020-08-27 20:48:35,905 - WARNING - Not found cell and umi barcode in entry 424 of the bam file
2020-08-27 20:48:35,906 - WARNING - Not found cell and umi barcode in entry 448 of the bam file
2020-08-27 20:48:35,906 - WARNING - Not found cell and umi barcode in entry 449 of the bam file
2020-08-27 20:48:35,906 - WARNING - Not found cell and umi barcode in entry 450 of the bam file
2020-08-27 20:48:35,906 - WARNING - Not found cell and umi barcode in entry 451 of the bam file
2020-08-27 20:48:35,906 - WARNING - Not found cell and umi barcode in entry 452 of the bam file
2020-08-27 20:48:35,908 - WARNING - Not found cell and umi barcode in entry 735 of the bam file
2020-08-27 20:48:35,908 - WARNING - Not found cell and umi barcode in entry 736 of the bam file
2020-08-27 20:48:35,908 - WARNING - Not found cell and umi barcode in entry 737 of the bam file
2020-08-27 20:48:35,909 - WARNING - Not found cell and umi barcode in entry 738 of the bam file
2020-08-27 20:48:35,920 - WARNING - The file /net/isi-dcnl/ifs/user_data/abild/jichen/Projects/Breast/scRNA/Data/Megatron_data/COH073/FEL044046.mRNA/FEL045_count03/cell_ranger/FEL045_M/outs/cellsorted_possorted_genome_bam.bam already exists. The sorting step will be skipped and the existing file will be used.
2020-08-27 20:48:35,920 - INFO - Load the annotation from /net/isi-dcnl/ifs/user_data/abild/Genomes/refdata-cellranger-GRCh38-3.0.0/genes/genes.gtf
2020-08-27 20:48:44,415 - DEBUG - Parsing Chromosome 1 strand - [line 0]
2020-08-27 20:48:45,077 - DEBUG - Done with 1- [line 108728]
2020-08-27 20:48:45,077 - DEBUG - Assigning indexes to genes
2020-08-27 20:48:45,087 - DEBUG - Seen 1561 genes until now
2020-08-27 20:48:45,087 - DEBUG - Parsing Chromosome 1 strand + [line 108729]
2020-08-27 20:48:45,834 - DEBUG - Done with 1+ [line 232515]
2020-08-27 20:48:45,834 - DEBUG - Assigning indexes to genes
2020-08-27 20:48:46,090 - DEBUG - Seen 3154 genes until now
2020-08-27 20:48:46,090 - DEBUG - Parsing Chromosome 10 strand - [line 232516]
2020-08-27 20:48:46,303 - DEBUG - Done with 10- [line 279343]
2020-08-27 20:48:46,303 - DEBUG - Assigning indexes to genes
2020-08-27 20:48:46,306 - DEBUG - Seen 3737 genes until now
2020-08-27 20:48:46,306 - DEBUG - Parsing Chromosome 10 strand + [line 279344]
2020-08-27 20:48:46,501 - DEBUG - Done with 10+ [line 323872]
2020-08-27 20:48:46,501 - DEBUG - Assigning indexes to genes
2020-08-27 20:48:46,505 - DEBUG - Seen 4384 genes until now
2020-08-27 20:48:46,505 - DEBUG - Parsing Chromosome 11 strand - [line 323873]
2020-08-27 20:48:47,125 - DEBUG - Done with 11- [line 402908]
2020-08-27 20:48:47,125 - DEBUG - Assigning indexes to genes
2020-08-27 20:48:47,133 - DEBUG - Seen 5320 genes until now
2020-08-27 20:48:47,133 - DEBUG - Parsing Chromosome 11 strand + [line 402909]
2020-08-27 20:48:47,484 - DEBUG - Done with 11+ [line 482591]
2020-08-27 20:48:47,484 - DEBUG - Assigning indexes to genes
2020-08-27 20:48:47,799 - DEBUG - Seen 6305 genes until now
2020-08-27 20:48:47,799 - DEBUG - Parsing Chromosome 12 strand - [line 482592]
2020-08-27 20:48:48,149 - DEBUG - Done with 12- [line 559278]
2020-08-27 20:48:48,149 - DEBUG - Assigning indexes to genes
2020-08-27 20:48:48,157 - DEBUG - Seen 7177 genes until now
2020-08-27 20:48:48,157 - DEBUG - Parsing Chromosome 12 strand + [line 559279]
2020-08-27 20:48:48,486 - DEBUG - Done with 12+ [line 635173]
2020-08-27 20:48:48,487 - DEBUG - Assigning indexes to genes
2020-08-27 20:48:48,494 - DEBUG - Seen 8070 genes until now
2020-08-27 20:48:48,494 - DEBUG - Parsing Chromosome 13 strand - [line 635174]
2020-08-27 20:48:48,963 - DEBUG - Done with 13- [line 653523]
2020-08-27 20:48:48,964 - DEBUG - Assigning indexes to genes
2020-08-27 20:48:48,966 - DEBUG - Seen 8400 genes until now
2020-08-27 20:48:48,966 - DEBUG - Parsing Chromosome 13 strand + [line 653524]
2020-08-27 20:48:49,053 - DEBUG - Done with 13+ [line 673091]
2020-08-27 20:48:49,053 - DEBUG - Assigning indexes to genes
2020-08-27 20:48:49,054 - DEBUG - Seen 8736 genes until now
2020-08-27 20:48:49,055 - DEBUG - Parsing Chromosome 14 strand - [line 673092]
2020-08-27 20:48:49,247 - DEBUG - Done with 14- [line 716831]
2020-08-27 20:48:49,247 - DEBUG - Assigning indexes to genes
2020-08-27 20:48:49,251 - DEBUG - Seen 9452 genes until now
2020-08-27 20:48:49,251 - DEBUG - Parsing Chromosome 14 strand + [line 716832]
2020-08-27 20:48:49,460 - DEBUG - Done with 14+ [line 764942]
2020-08-27 20:48:49,460 - DEBUG - Assigning indexes to genes
2020-08-27 20:48:49,464 - DEBUG - Seen 10121 genes until now
2020-08-27 20:48:49,464 - DEBUG - Parsing Chromosome 15 strand - [line 764943]
2020-08-27 20:48:49,683 - DEBUG - Done with 15- [line 813803]
2020-08-27 20:48:49,683 - DEBUG - Assigning indexes to genes
2020-08-27 20:48:49,687 - DEBUG - Seen 10698 genes until now
2020-08-27 20:48:49,687 - DEBUG - Parsing Chromosome 15 strand + [line 813804]
2020-08-27 20:48:49,878 - DEBUG - Done with 15+ [line 857859]
2020-08-27 20:48:49,878 - DEBUG - Assigning indexes to genes
2020-08-27 20:48:49,882 - DEBUG - Seen 11256 genes until now
2020-08-27 20:48:49,882 - DEBUG - Parsing Chromosome 16 strand - [line 857860]
2020-08-27 20:48:50,509 - DEBUG - Done with 16- [line 911118]
2020-08-27 20:48:50,510 - DEBUG - Assigning indexes to genes
2020-08-27 20:48:50,514 - DEBUG - Seen 11998 genes until now
2020-08-27 20:48:50,514 - DEBUG - Parsing Chromosome 16 strand + [line 911119]
2020-08-27 20:48:50,820 - DEBUG - Done with 16+ [line 981663]
2020-08-27 20:48:50,820 - DEBUG - Assigning indexes to genes
2020-08-27 20:48:50,826 - DEBUG - Seen 12787 genes until now
2020-08-27 20:48:50,826 - DEBUG - Parsing Chromosome 17 strand - [line 981664]
2020-08-27 20:48:51,201 - DEBUG - Done with 17- [line 1066635]
2020-08-27 20:48:51,201 - DEBUG - Assigning indexes to genes
2020-08-27 20:48:51,209 - DEBUG - Seen 13775 genes until now
2020-08-27 20:48:51,209 - DEBUG - Parsing Chromosome 17 strand + [line 1066636]
2020-08-27 20:48:51,988 - DEBUG - Done with 17+ [line 1143834]
2020-08-27 20:48:51,988 - DEBUG - Assigning indexes to genes
2020-08-27 20:48:51,997 - DEBUG - Seen 14681 genes until now
2020-08-27 20:48:51,997 - DEBUG - Parsing Chromosome 18 strand - [line 1143835]
2020-08-27 20:48:52,109 - DEBUG - Done with 18- [line 1168496]
2020-08-27 20:48:52,109 - DEBUG - Assigning indexes to genes
2020-08-27 20:48:52,111 - DEBUG - Seen 15006 genes until now
2020-08-27 20:48:52,111 - DEBUG - Parsing Chromosome 18 strand + [line 1168497]
2020-08-27 20:48:52,203 - DEBUG - Done with 18+ [line 1189691]
2020-08-27 20:48:52,203 - DEBUG - Assigning indexes to genes
2020-08-27 20:48:52,205 - DEBUG - Seen 15343 genes until now
2020-08-27 20:48:52,205 - DEBUG - Parsing Chromosome 19 strand - [line 1189692]
2020-08-27 20:48:52,545 - DEBUG - Done with 19- [line 1268854]
2020-08-27 20:48:52,546 - DEBUG - Assigning indexes to genes
2020-08-27 20:48:52,553 - DEBUG - Seen 16352 genes until now
2020-08-27 20:48:52,553 - DEBUG - Parsing Chromosome 19 strand + [line 1268855]
2020-08-27 20:48:52,902 - DEBUG - Done with 19+ [line 1351833]
2020-08-27 20:48:52,902 - DEBUG - Assigning indexes to genes
2020-08-27 20:48:52,910 - DEBUG - Seen 17347 genes until now
2020-08-27 20:48:52,910 - DEBUG - Parsing Chromosome 2 strand - [line 1351834]
2020-08-27 20:48:53,337 - DEBUG - Done with 2- [line 1448710]
2020-08-27 20:48:53,337 - DEBUG - Assigning indexes to genes
2020-08-27 20:48:53,346 - DEBUG - Seen 18472 genes until now
2020-08-27 20:48:53,347 - DEBUG - Parsing Chromosome 2 strand + [line 1448711]
2020-08-27 20:48:54,316 - DEBUG - Done with 2+ [line 1542602]
2020-08-27 20:48:54,316 - DEBUG - Assigning indexes to genes
2020-08-27 20:48:54,326 - DEBUG - Seen 19632 genes until now
2020-08-27 20:48:54,326 - DEBUG - Parsing Chromosome 20 strand - [line 1542603]
2020-08-27 20:48:54,442 - DEBUG - Done with 20- [line 1569195]
2020-08-27 20:48:54,442 - DEBUG - Assigning indexes to genes
2020-08-27 20:48:54,445 - DEBUG - Seen 20079 genes until now
2020-08-27 20:48:54,445 - DEBUG - Parsing Chromosome 20 strand + [line 1569196]
2020-08-27 20:48:54,580 - DEBUG - Done with 20+ [line 1600541]
2020-08-27 20:48:54,580 - DEBUG - Assigning indexes to genes
2020-08-27 20:48:54,583 - DEBUG - Seen 20527 genes until now
2020-08-27 20:48:54,583 - DEBUG - Parsing Chromosome 21 strand - [line 1600542]
2020-08-27 20:48:54,644 - DEBUG - Done with 21- [line 1614106]
2020-08-27 20:48:54,644 - DEBUG - Assigning indexes to genes
2020-08-27 20:48:54,645 - DEBUG - Seen 20795 genes until now
2020-08-27 20:48:54,645 - DEBUG - Parsing Chromosome 21 strand + [line 1614107]
2020-08-27 20:48:54,710 - DEBUG - Done with 21+ [line 1628392]
2020-08-27 20:48:54,710 - DEBUG - Assigning indexes to genes
2020-08-27 20:48:54,711 - DEBUG - Seen 21029 genes until now
2020-08-27 20:48:54,711 - DEBUG - Parsing Chromosome 22 strand - [line 1628393]
2020-08-27 20:48:54,824 - DEBUG - Done with 22- [line 1653805]
2020-08-27 20:48:54,824 - DEBUG - Assigning indexes to genes
2020-08-27 20:48:54,826 - DEBUG - Seen 21391 genes until now
2020-08-27 20:48:54,826 - DEBUG - Parsing Chromosome 22 strand + [line 1653806]
2020-08-27 20:48:54,958 - DEBUG - Done with 22+ [line 1684245]
2020-08-27 20:48:54,958 - DEBUG - Assigning indexes to genes
2020-08-27 20:48:54,963 - DEBUG - Seen 21866 genes until now
2020-08-27 20:48:54,963 - DEBUG - Parsing Chromosome 3 strand - [line 1684246]
2020-08-27 20:48:55,306 - DEBUG - Done with 3- [line 1763939]
2020-08-27 20:48:55,306 - DEBUG - Assigning indexes to genes
2020-08-27 20:48:55,314 - DEBUG - Seen 22713 genes until now
2020-08-27 20:48:55,314 - DEBUG - Parsing Chromosome 3 strand + [line 1763940]
2020-08-27 20:48:55,657 - DEBUG - Done with 3+ [line 1844840]
2020-08-27 20:48:55,657 - DEBUG - Assigning indexes to genes
2020-08-27 20:48:55,664 - DEBUG - Seen 23585 genes until now
2020-08-27 20:48:55,664 - DEBUG - Parsing Chromosome 4 strand - [line 1844841]
2020-08-27 20:48:56,508 - DEBUG - Done with 4- [line 1898665]
2020-08-27 20:48:56,508 - DEBUG - Assigning indexes to genes
2020-08-27 20:48:56,513 - DEBUG - Seen 24246 genes until now
2020-08-27 20:48:56,513 - DEBUG - Parsing Chromosome 4 strand + [line 1898666]
2020-08-27 20:48:56,738 - DEBUG - Done with 4+ [line 1947617]
2020-08-27 20:48:56,738 - DEBUG - Assigning indexes to genes
2020-08-27 20:48:56,743 - DEBUG - Seen 24938 genes until now
2020-08-27 20:48:56,743 - DEBUG - Parsing Chromosome 5 strand - [line 1947618]
2020-08-27 20:48:56,974 - DEBUG - Done with 5- [line 2001140]
2020-08-27 20:48:56,974 - DEBUG - Assigning indexes to genes
2020-08-27 20:48:56,979 - DEBUG - Seen 25741 genes until now
2020-08-27 20:48:56,979 - DEBUG - Parsing Chromosome 5 strand + [line 2001141]
2020-08-27 20:48:57,238 - DEBUG - Done with 5+ [line 2062165]
2020-08-27 20:48:57,238 - DEBUG - Assigning indexes to genes
2020-08-27 20:48:57,243 - DEBUG - Seen 26599 genes until now
2020-08-27 20:48:57,243 - DEBUG - Parsing Chromosome 6 strand - [line 2062166]
2020-08-27 20:48:57,495 - DEBUG - Done with 6- [line 2121425]
2020-08-27 20:48:57,495 - DEBUG - Assigning indexes to genes
2020-08-27 20:48:57,500 - DEBUG - Seen 27435 genes until now
2020-08-27 20:48:57,500 - DEBUG - Parsing Chromosome 6 strand + [line 2121426]
2020-08-27 20:48:57,723 - DEBUG - Done with 6+ [line 2176078]
2020-08-27 20:48:57,724 - DEBUG - Assigning indexes to genes
2020-08-27 20:48:57,728 - DEBUG - Seen 28231 genes until now
2020-08-27 20:48:57,728 - DEBUG - Parsing Chromosome 7 strand - [line 2176079]
2020-08-27 20:48:57,975 - DEBUG - Done with 7- [line 2233605]
2020-08-27 20:48:57,975 - DEBUG - Assigning indexes to genes
2020-08-27 20:48:57,980 - DEBUG - Seen 28953 genes until now
2020-08-27 20:48:57,980 - DEBUG - Parsing Chromosome 7 strand + [line 2233606]
2020-08-27 20:48:58,239 - DEBUG - Done with 7+ [line 2295513]
2020-08-27 20:48:58,239 - DEBUG - Assigning indexes to genes
2020-08-27 20:48:58,245 - DEBUG - Seen 29770 genes until now
2020-08-27 20:48:58,245 - DEBUG - Parsing Chromosome 8 strand - [line 2295514]
2020-08-27 20:48:58,451 - DEBUG - Done with 8- [line 2343289]
2020-08-27 20:48:58,451 - DEBUG - Assigning indexes to genes
2020-08-27 20:48:58,455 - DEBUG - Seen 30442 genes until now
2020-08-27 20:48:58,455 - DEBUG - Parsing Chromosome 8 strand + [line 2343290]
2020-08-27 20:48:58,650 - DEBUG - Done with 8+ [line 2386793]
2020-08-27 20:48:58,650 - DEBUG - Assigning indexes to genes
2020-08-27 20:48:58,653 - DEBUG - Seen 31090 genes until now
2020-08-27 20:48:58,654 - DEBUG - Parsing Chromosome 9 strand - [line 2386794]
2020-08-27 20:48:59,615 - DEBUG - Done with 9- [line 2430389]
2020-08-27 20:48:59,615 - DEBUG - Assigning indexes to genes
2020-08-27 20:48:59,619 - DEBUG - Seen 31710 genes until now
2020-08-27 20:48:59,619 - DEBUG - Parsing Chromosome 9 strand + [line 2430390]
2020-08-27 20:48:59,823 - DEBUG - Done with 9+ [line 2477312]
2020-08-27 20:48:59,823 - DEBUG - Assigning indexes to genes
2020-08-27 20:48:59,827 - DEBUG - Seen 32318 genes until now
2020-08-27 20:48:59,827 - DEBUG - Parsing Chromosome GL000009.2 strand - [line 2477313]
2020-08-27 20:48:59,827 - DEBUG - Done with GL000009.2- [line 2477320]
2020-08-27 20:48:59,827 - DEBUG - Assigning indexes to genes
2020-08-27 20:48:59,827 - DEBUG - Seen 32319 genes until now
2020-08-27 20:48:59,827 - DEBUG - Parsing Chromosome GL000194.1 strand - [line 2477321]
2020-08-27 20:48:59,827 - DEBUG - Done with GL000194.1- [line 2477346]
2020-08-27 20:48:59,827 - DEBUG - Assigning indexes to genes
2020-08-27 20:48:59,827 - DEBUG - Seen 32321 genes until now
2020-08-27 20:48:59,827 - DEBUG - Parsing Chromosome GL000195.1 strand - [line 2477347]
2020-08-27 20:48:59,827 - DEBUG - Done with GL000195.1- [line 2477356]
2020-08-27 20:48:59,827 - DEBUG - Assigning indexes to genes
2020-08-27 20:48:59,827 - DEBUG - Seen 32322 genes until now
2020-08-27 20:48:59,827 - DEBUG - Parsing Chromosome GL000195.1 strand + [line 2477357]
2020-08-27 20:48:59,827 - DEBUG - Done with GL000195.1+ [line 2477370]
2020-08-27 20:48:59,827 - DEBUG - Assigning indexes to genes
2020-08-27 20:48:59,827 - DEBUG - Seen 32323 genes until now
2020-08-27 20:48:59,827 - DEBUG - Parsing Chromosome GL000205.2 strand - [line 2477371]
2020-08-27 20:48:59,828 - DEBUG - Done with GL000205.2- [line 2477384]
2020-08-27 20:48:59,828 - DEBUG - Assigning indexes to genes
2020-08-27 20:48:59,828 - DEBUG - Seen 32324 genes until now
2020-08-27 20:48:59,828 - DEBUG - Parsing Chromosome GL000213.1 strand - [line 2477385]
2020-08-27 20:48:59,828 - DEBUG - Done with GL000213.1- [line 2477433]
2020-08-27 20:48:59,828 - DEBUG - Assigning indexes to genes
2020-08-27 20:48:59,828 - DEBUG - Seen 32325 genes until now
2020-08-27 20:48:59,828 - DEBUG - Parsing Chromosome GL000218.1 strand - [line 2477434]
2020-08-27 20:48:59,828 - DEBUG - Done with GL000218.1- [line 2477441]
2020-08-27 20:48:59,828 - DEBUG - Assigning indexes to genes
2020-08-27 20:48:59,828 - DEBUG - Seen 32326 genes until now
2020-08-27 20:48:59,828 - DEBUG - Parsing Chromosome GL000219.1 strand - [line 2477442]
2020-08-27 20:48:59,828 - DEBUG - Done with GL000219.1- [line 2477453]
2020-08-27 20:48:59,828 - DEBUG - Assigning indexes to genes
2020-08-27 20:48:59,828 - DEBUG - Seen 32327 genes until now
2020-08-27 20:48:59,828 - DEBUG - Parsing Chromosome KI270711.1 strand - [line 2477454]
2020-08-27 20:48:59,829 - DEBUG - Done with KI270711.1- [line 2477604]
2020-08-27 20:48:59,829 - DEBUG - Assigning indexes to genes
2020-08-27 20:48:59,829 - DEBUG - Seen 32328 genes until now
2020-08-27 20:48:59,829 - DEBUG - Parsing Chromosome KI270713.1 strand - [line 2477605]
2020-08-27 20:48:59,829 - DEBUG - Done with KI270713.1- [line 2477612]
2020-08-27 20:48:59,829 - DEBUG - Assigning indexes to genes
2020-08-27 20:48:59,829 - DEBUG - Seen 32329 genes until now
2020-08-27 20:48:59,829 - DEBUG - Parsing Chromosome KI270713.1 strand + [line 2477613]
2020-08-27 20:48:59,829 - DEBUG - Done with KI270713.1+ [line 2477618]
2020-08-27 20:48:59,829 - DEBUG - Assigning indexes to genes
2020-08-27 20:48:59,830 - DEBUG - Seen 32330 genes until now
2020-08-27 20:48:59,830 - DEBUG - Parsing Chromosome KI270721.1 strand + [line 2477619]
2020-08-27 20:48:59,830 - DEBUG - Done with KI270721.1+ [line 2477634]
2020-08-27 20:48:59,830 - DEBUG - Assigning indexes to genes
2020-08-27 20:48:59,830 - DEBUG - Seen 32331 genes until now
2020-08-27 20:48:59,830 - DEBUG - Parsing Chromosome KI270726.1 strand + [line 2477635]
2020-08-27 20:48:59,830 - DEBUG - Done with KI270726.1+ [line 2477645]
2020-08-27 20:48:59,830 - DEBUG - Assigning indexes to genes
2020-08-27 20:48:59,830 - DEBUG - Seen 32333 genes until now
2020-08-27 20:48:59,830 - DEBUG - Parsing Chromosome KI270727.1 strand - [line 2477646]
2020-08-27 20:48:59,830 - DEBUG - Done with KI270727.1- [line 2477704]
2020-08-27 20:48:59,830 - DEBUG - Assigning indexes to genes
2020-08-27 20:48:59,830 - DEBUG - Seen 32335 genes until now
2020-08-27 20:48:59,830 - DEBUG - Parsing Chromosome KI270727.1 strand + [line 2477705]
2020-08-27 20:48:59,830 - DEBUG - Done with KI270727.1+ [line 2477719]
2020-08-27 20:48:59,830 - DEBUG - Assigning indexes to genes
2020-08-27 20:48:59,831 - DEBUG - Seen 32337 genes until now
2020-08-27 20:48:59,831 - DEBUG - Parsing Chromosome KI270728.1 strand - [line 2477720]
2020-08-27 20:48:59,831 - DEBUG - Done with KI270728.1- [line 2477796]
2020-08-27 20:48:59,831 - DEBUG - Assigning indexes to genes
2020-08-27 20:48:59,831 - DEBUG - Seen 32339 genes until now
2020-08-27 20:48:59,831 - DEBUG - Parsing Chromosome KI270728.1 strand + [line 2477797]
2020-08-27 20:48:59,831 - DEBUG - Done with KI270728.1+ [line 2477833]
2020-08-27 20:48:59,831 - DEBUG - Assigning indexes to genes
2020-08-27 20:48:59,831 - DEBUG - Seen 32343 genes until now
2020-08-27 20:48:59,831 - DEBUG - Parsing Chromosome KI270731.1 strand - [line 2477834]
2020-08-27 20:48:59,831 - DEBUG - Done with KI270731.1- [line 2477840]
2020-08-27 20:48:59,831 - DEBUG - Assigning indexes to genes
2020-08-27 20:48:59,831 - DEBUG - Seen 32344 genes until now
2020-08-27 20:48:59,831 - DEBUG - Parsing Chromosome KI270734.1 strand - [line 2477841]
2020-08-27 20:48:59,832 - DEBUG - Done with KI270734.1- [line 2477909]
2020-08-27 20:48:59,832 - DEBUG - Assigning indexes to genes
2020-08-27 20:48:59,832 - DEBUG - Seen 32345 genes until now
2020-08-27 20:48:59,832 - DEBUG - Parsing Chromosome KI270734.1 strand + [line 2477910]
2020-08-27 20:48:59,832 - DEBUG - Done with KI270734.1+ [line 2477932]
2020-08-27 20:48:59,832 - DEBUG - Assigning indexes to genes
2020-08-27 20:48:59,832 - DEBUG - Seen 32347 genes until now
2020-08-27 20:48:59,832 - DEBUG - Parsing Chromosome MT strand - [line 2477933]
2020-08-27 20:48:59,832 - DEBUG - Done with MT- [line 2477938]
2020-08-27 20:48:59,832 - DEBUG - Assigning indexes to genes
2020-08-27 20:48:59,832 - DEBUG - Seen 32348 genes until now
2020-08-27 20:48:59,832 - DEBUG - Parsing Chromosome MT strand + [line 2477939]
2020-08-27 20:48:59,833 - DEBUG - Done with MT+ [line 2478004]
2020-08-27 20:48:59,833 - DEBUG - Assigning indexes to genes
2020-08-27 20:48:59,833 - DEBUG - Seen 32360 genes until now
2020-08-27 20:48:59,833 - DEBUG - Parsing Chromosome X strand - [line 2478005]
2020-08-27 20:49:00,002 - DEBUG - Done with X- [line 2518937]
2020-08-27 20:49:00,002 - DEBUG - Assigning indexes to genes
2020-08-27 20:49:00,005 - DEBUG - Seen 32876 genes until now
2020-08-27 20:49:00,005 - DEBUG - Parsing Chromosome X strand + [line 2518938]
2020-08-27 20:49:00,174 - DEBUG - Done with X+ [line 2560301]
2020-08-27 20:49:00,174 - DEBUG - Assigning indexes to genes
2020-08-27 20:49:00,177 - DEBUG - Seen 33438 genes until now
2020-08-27 20:49:00,177 - DEBUG - Parsing Chromosome Y strand - [line 2560302]
2020-08-27 20:49:00,187 - DEBUG - Done with Y- [line 2562446]
2020-08-27 20:49:00,187 - DEBUG - Assigning indexes to genes
2020-08-27 20:49:00,187 - DEBUG - Seen 33485 genes until now
2020-08-27 20:49:00,187 - DEBUG - Parsing Chromosome Y strand + [line 2562447]
2020-08-27 20:49:00,199 - DEBUG - Assigning indexes to genes
2020-08-27 20:49:00,199 - DEBUG - Done with Y+ [line 2565059]
2020-08-27 20:49:00,199 - DEBUG - Fixing corner cases of transcript models containg intron longer than 1000Kbp
2020-08-27 20:49:02,153 - DEBUG - Generated 2165800 features corresponding to 172912 transcript models from /net/isi-dcnl/ifs/user_data/abild/Genomes/refdata-cellranger-GRCh38-3.0.0/genes/genes.gtf
2020-08-27 20:49:02,191 - INFO - Scan /net/isi-dcnl/ifs/user_data/abild/jichen/Projects/Breast/scRNA/Data/Megatron_data/COH073/FEL044046.mRNA/FEL045_count03/cell_ranger/FEL045_M/outs/possorted_genome_bam.bam to validate intron intervals
2020-08-27 20:49:06,252 - DEBUG - Reading /net/isi-dcnl/ifs/user_data/abild/jichen/Projects/Breast/scRNA/Data/Megatron_data/COH073/FEL044046.mRNA/FEL045_count03/cell_ranger/FEL045_M/outs/possorted_genome_bam.bam
2020-08-27 20:49:06,275 - DEBUG - Read first 0 million reads
2020-08-27 20:49:06,275 - DEBUG - Marking up chromosome 1
2020-08-27 20:50:06,592 - DEBUG - Read first 10 million reads
2020-08-27 20:51:00,108 - DEBUG - Read first 20 million reads
2020-08-27 20:51:25,428 - DEBUG - Marking up chromosome 10
2020-08-27 20:51:57,945 - DEBUG - Read first 30 million reads
2020-08-27 20:52:38,137 - DEBUG - Marking up chromosome 11
2020-08-27 20:53:00,182 - DEBUG - Read first 40 million reads
2020-08-27 20:54:09,193 - DEBUG - Read first 50 million reads
2020-08-27 20:54:18,300 - DEBUG - Marking up chromosome 12
2020-08-27 20:55:05,402 - DEBUG - Read first 60 million reads
2020-08-27 20:55:36,823 - DEBUG - Marking up chromosome 13
2020-08-27 20:56:06,484 - DEBUG - Read first 70 million reads
2020-08-27 20:56:06,846 - DEBUG - Marking up chromosome 14
2020-08-27 20:56:56,959 - DEBUG - Marking up chromosome 15
2020-08-27 20:57:07,290 - DEBUG - Read first 80 million reads
2020-08-27 20:57:49,071 - DEBUG - Marking up chromosome 16
2020-08-27 20:58:09,176 - DEBUG - Read first 90 million reads
2020-08-27 20:59:03,610 - DEBUG - Read first 100 million reads
2020-08-27 20:59:04,686 - DEBUG - Marking up chromosome 17
2020-08-27 21:00:03,208 - DEBUG - Read first 110 million reads
2020-08-27 21:00:31,962 - DEBUG - Marking up chromosome 18
2020-08-27 21:00:55,763 - DEBUG - Marking up chromosome 19
2020-08-27 21:01:07,896 - DEBUG - Read first 120 million reads
2020-08-27 21:02:13,530 - DEBUG - Read first 130 million reads
2020-08-27 21:02:31,832 - DEBUG - Marking up chromosome 2
2020-08-27 21:03:14,180 - DEBUG - Read first 140 million reads
2020-08-27 21:04:13,897 - DEBUG - Read first 150 million reads
2020-08-27 21:04:34,173 - DEBUG - Marking up chromosome 20
2020-08-27 21:05:05,364 - DEBUG - Marking up chromosome 21
2020-08-27 21:05:09,706 - DEBUG - Read first 160 million reads
2020-08-27 21:05:31,975 - DEBUG - Read first 170 million reads
2020-08-27 21:05:54,482 - DEBUG - Read first 180 million reads
2020-08-27 21:06:16,806 - DEBUG - Read first 190 million reads
2020-08-27 21:06:38,855 - DEBUG - Read first 200 million reads
2020-08-27 21:07:01,212 - DEBUG - Read first 210 million reads
2020-08-27 21:07:23,803 - DEBUG - Read first 220 million reads
2020-08-27 21:07:46,433 - DEBUG - Read first 230 million reads
2020-08-27 21:08:09,252 - DEBUG - Read first 240 million reads
2020-08-27 21:08:31,642 - DEBUG - Read first 250 million reads
2020-08-27 21:08:53,811 - DEBUG - Read first 260 million reads
2020-08-27 21:09:16,010 - DEBUG - Read first 270 million reads
2020-08-27 21:09:38,686 - DEBUG - Read first 280 million reads
2020-08-27 21:10:01,326 - DEBUG - Read first 290 million reads
2020-08-27 21:10:24,257 - DEBUG - Read first 300 million reads
2020-08-27 21:10:46,620 - DEBUG - Read first 310 million reads
2020-08-27 21:11:09,366 - DEBUG - Read first 320 million reads
2020-08-27 21:11:31,628 - DEBUG - Read first 330 million reads
2020-08-27 21:11:53,853 - DEBUG - Read first 340 million reads
2020-08-27 21:12:16,558 - DEBUG - Read first 350 million reads
2020-08-27 21:12:39,176 - DEBUG - Read first 360 million reads
2020-08-27 21:13:01,988 - DEBUG - Read first 370 million reads
2020-08-27 21:13:24,635 - DEBUG - Read first 380 million reads
2020-08-27 21:13:47,123 - DEBUG - Read first 390 million reads
2020-08-27 21:14:09,723 - DEBUG - Read first 400 million reads
2020-08-27 21:14:31,896 - DEBUG - Read first 410 million reads
2020-08-27 21:14:54,130 - DEBUG - Read first 420 million reads
2020-08-27 21:15:17,255 - DEBUG - Read first 430 million reads
2020-08-27 21:15:39,851 - DEBUG - Read first 440 million reads
2020-08-27 21:16:02,861 - DEBUG - Read first 450 million reads
2020-08-27 21:16:35,839 - DEBUG - Marking up chromosome 22
2020-08-27 21:16:39,670 - DEBUG - Read first 460 million reads
2020-08-27 21:17:15,839 - DEBUG - Marking up chromosome 3
2020-08-27 21:17:44,094 - DEBUG - Read first 470 million reads
2020-08-27 21:18:37,643 - DEBUG - Marking up chromosome 4
2020-08-27 21:18:45,185 - DEBUG - Read first 480 million reads
2020-08-27 21:19:45,317 - DEBUG - Read first 490 million reads
2020-08-27 21:19:45,709 - DEBUG - Marking up chromosome 5
2020-08-27 21:20:37,867 - DEBUG - Read first 500 million reads
2020-08-27 21:20:52,825 - DEBUG - Marking up chromosome 6
2020-08-27 21:21:38,365 - DEBUG - Read first 510 million reads
2020-08-27 21:22:32,119 - DEBUG - Marking up chromosome 7
2020-08-27 21:22:40,411 - DEBUG - Read first 520 million reads
2020-08-27 21:23:31,446 - DEBUG - Read first 530 million reads
2020-08-27 21:23:55,863 - DEBUG - Marking up chromosome 8
2020-08-27 21:24:29,628 - DEBUG - Read first 540 million reads
2020-08-27 21:24:45,608 - DEBUG - Marking up chromosome 9
2020-08-27 21:25:28,346 - DEBUG - Read first 550 million reads
2020-08-27 21:25:39,380 - DEBUG - Marking up chromosome MT
2020-08-27 21:26:45,445 - DEBUG - Read first 560 million reads
2020-08-27 21:27:05,196 - DEBUG - Marking up chromosome X
2020-08-27 21:27:41,114 - DEBUG - Marking up chromosome Y
2020-08-27 21:27:41,341 - DEBUG - Marking up chromosome KI270728.1
2020-08-27 21:27:41,357 - DEBUG - Marking up chromosome KI270727.1
2020-08-27 21:27:41,368 - DEBUG - Marking up chromosome KI270442.1
2020-08-27 21:27:41,368 - WARNING - The .bam file refers to a chromosome 'KI270442.1+' not present in the annotation (.gtf) file
2020-08-27 21:27:41,368 - WARNING - The .bam file refers to a chromosome 'KI270442.1-' not present in the annotation (.gtf) file
2020-08-27 21:27:41,373 - DEBUG - Marking up chromosome KI270729.1
2020-08-27 21:27:41,374 - WARNING - The .bam file refers to a chromosome 'KI270729.1+' not present in the annotation (.gtf) file
2020-08-27 21:27:41,374 - WARNING - The .bam file refers to a chromosome 'KI270729.1-' not present in the annotation (.gtf) file
2020-08-27 21:27:41,376 - DEBUG - Marking up chromosome GL000225.1
2020-08-27 21:27:41,377 - WARNING - The .bam file refers to a chromosome 'GL000225.1+' not present in the annotation (.gtf) file
2020-08-27 21:27:41,377 - WARNING - The .bam file refers to a chromosome 'GL000225.1-' not present in the annotation (.gtf) file
2020-08-27 21:27:41,377 - DEBUG - Marking up chromosome KI270743.1
2020-08-27 21:27:41,377 - WARNING - The .bam file refers to a chromosome 'KI270743.1+' not present in the annotation (.gtf) file
2020-08-27 21:27:41,377 - WARNING - The .bam file refers to a chromosome 'KI270743.1-' not present in the annotation (.gtf) file
2020-08-27 21:27:41,388 - DEBUG - Marking up chromosome GL000008.2
2020-08-27 21:27:41,388 - WARNING - The .bam file refers to a chromosome 'GL000008.2+' not present in the annotation (.gtf) file
2020-08-27 21:27:41,388 - WARNING - The .bam file refers to a chromosome 'GL000008.2-' not present in the annotation (.gtf) file
2020-08-27 21:27:41,402 - DEBUG - Marking up chromosome GL000009.2
2020-08-27 21:27:41,402 - WARNING - The .bam file refers to a chromosome 'GL000009.2+' not present in the annotation (.gtf) file
2020-08-27 21:27:41,418 - DEBUG - Marking up chromosome KI270747.1
2020-08-27 21:27:41,418 - WARNING - The .bam file refers to a chromosome 'KI270747.1+' not present in the annotation (.gtf) file
2020-08-27 21:27:41,418 - WARNING - The .bam file refers to a chromosome 'KI270747.1-' not present in the annotation (.gtf) file
2020-08-27 21:27:41,419 - DEBUG - Marking up chromosome KI270722.1
2020-08-27 21:27:41,419 - WARNING - The .bam file refers to a chromosome 'KI270722.1+' not present in the annotation (.gtf) file
2020-08-27 21:27:41,419 - WARNING - The .bam file refers to a chromosome 'KI270722.1-' not present in the annotation (.gtf) file
2020-08-27 21:27:41,420 - DEBUG - Marking up chromosome GL000194.1
2020-08-27 21:27:41,420 - WARNING - The .bam file refers to a chromosome 'GL000194.1+' not present in the annotation (.gtf) file
2020-08-27 21:27:41,934 - DEBUG - Marking up chromosome KI270742.1
2020-08-27 21:27:41,934 - WARNING - The .bam file refers to a chromosome 'KI270742.1+' not present in the annotation (.gtf) file
2020-08-27 21:27:41,934 - WARNING - The .bam file refers to a chromosome 'KI270742.1-' not present in the annotation (.gtf) file
2020-08-27 21:27:41,976 - DEBUG - Marking up chromosome GL000205.2
2020-08-27 21:27:41,976 - WARNING - The .bam file refers to a chromosome 'GL000205.2+' not present in the annotation (.gtf) file
2020-08-27 21:27:42,071 - DEBUG - Marking up chromosome GL000195.1
2020-08-27 21:27:42,202 - DEBUG - Marking up chromosome KI270733.1
2020-08-27 21:27:42,202 - WARNING - The .bam file refers to a chromosome 'KI270733.1+' not present in the annotation (.gtf) file
2020-08-27 21:27:42,202 - WARNING - The .bam file refers to a chromosome 'KI270733.1-' not present in the annotation (.gtf) file
2020-08-27 21:27:45,054 - DEBUG - Read first 570 million reads
2020-08-27 21:28:06,707 - DEBUG - Read first 580 million reads
2020-08-27 21:28:28,417 - DEBUG - Read first 590 million reads
2020-08-27 21:28:50,121 - DEBUG - Read first 600 million reads
2020-08-27 21:29:11,545 - DEBUG - Read first 610 million reads
2020-08-27 21:29:33,091 - DEBUG - Read first 620 million reads
2020-08-27 21:29:54,573 - DEBUG - Read first 630 million reads
2020-08-27 21:30:16,407 - DEBUG - Read first 640 million reads
2020-08-27 21:30:39,302 - DEBUG - Read first 650 million reads
2020-08-27 21:31:00,843 - DEBUG - Read first 660 million reads
2020-08-27 21:31:22,634 - DEBUG - Read first 670 million reads
2020-08-27 21:31:44,245 - DEBUG - Read first 680 million reads
2020-08-27 21:32:05,647 - DEBUG - Read first 690 million reads
2020-08-27 21:32:27,154 - DEBUG - Read first 700 million reads
2020-08-27 21:32:48,683 - DEBUG - Read first 710 million reads
2020-08-27 21:33:10,680 - DEBUG - Read first 720 million reads
2020-08-27 21:33:23,330 - DEBUG - Marking up chromosome GL000224.1
2020-08-27 21:33:23,330 - WARNING - The .bam file refers to a chromosome 'GL000224.1+' not present in the annotation (.gtf) file
2020-08-27 21:33:23,330 - WARNING - The .bam file refers to a chromosome 'GL000224.1-' not present in the annotation (.gtf) file
2020-08-27 21:33:23,338 - DEBUG - Marking up chromosome GL000219.1
2020-08-27 21:33:23,338 - WARNING - The .bam file refers to a chromosome 'GL000219.1+' not present in the annotation (.gtf) file
2020-08-27 21:33:23,469 - DEBUG - Marking up chromosome KI270719.1
2020-08-27 21:33:23,469 - WARNING - The .bam file refers to a chromosome 'KI270719.1+' not present in the annotation (.gtf) file
2020-08-27 21:33:23,469 - WARNING - The .bam file refers to a chromosome 'KI270719.1-' not present in the annotation (.gtf) file
2020-08-27 21:33:23,474 - DEBUG - Marking up chromosome GL000216.2
2020-08-27 21:33:23,474 - WARNING - The .bam file refers to a chromosome 'GL000216.2+' not present in the annotation (.gtf) file
2020-08-27 21:33:23,474 - WARNING - The .bam file refers to a chromosome 'GL000216.2-' not present in the annotation (.gtf) file
2020-08-27 21:33:23,476 - DEBUG - Marking up chromosome KI270712.1
2020-08-27 21:33:23,476 - WARNING - The .bam file refers to a chromosome 'KI270712.1+' not present in the annotation (.gtf) file
2020-08-27 21:33:23,476 - WARNING - The .bam file refers to a chromosome 'KI270712.1-' not present in the annotation (.gtf) file
2020-08-27 21:33:23,492 - DEBUG - Marking up chromosome KI270706.1
2020-08-27 21:33:23,493 - WARNING - The .bam file refers to a chromosome 'KI270706.1+' not present in the annotation (.gtf) file
2020-08-27 21:33:23,493 - WARNING - The .bam file refers to a chromosome 'KI270706.1-' not present in the annotation (.gtf) file
2020-08-27 21:33:23,521 - DEBUG - Marking up chromosome KI270725.1
2020-08-27 21:33:23,521 - WARNING - The .bam file refers to a chromosome 'KI270725.1+' not present in the annotation (.gtf) file
2020-08-27 21:33:23,521 - WARNING - The .bam file refers to a chromosome 'KI270725.1-' not present in the annotation (.gtf) file
2020-08-27 21:33:23,525 - DEBUG - Marking up chromosome KI270744.1
2020-08-27 21:33:23,525 - WARNING - The .bam file refers to a chromosome 'KI270744.1+' not present in the annotation (.gtf) file
2020-08-27 21:33:23,525 - WARNING - The .bam file refers to a chromosome 'KI270744.1-' not present in the annotation (.gtf) file
2020-08-27 21:33:23,539 - DEBUG - Marking up chromosome KI270734.1
2020-08-27 21:33:23,685 - DEBUG - Marking up chromosome GL000213.1
2020-08-27 21:33:23,685 - WARNING - The .bam file refers to a chromosome 'GL000213.1+' not present in the annotation (.gtf) file
2020-08-27 21:33:23,686 - DEBUG - Marking up chromosome GL000220.1
2020-08-27 21:33:23,686 - WARNING - The .bam file refers to a chromosome 'GL000220.1+' not present in the annotation (.gtf) file
2020-08-27 21:33:23,686 - WARNING - The .bam file refers to a chromosome 'GL000220.1-' not present in the annotation (.gtf) file
2020-08-27 21:33:32,919 - DEBUG - Read first 730 million reads
2020-08-27 21:33:54,487 - DEBUG - Read first 740 million reads
2020-08-27 21:34:16,469 - DEBUG - Read first 750 million reads
2020-08-27 21:34:38,026 - DEBUG - Read first 760 million reads
2020-08-27 21:34:59,426 - DEBUG - Read first 770 million reads
2020-08-27 21:35:21,126 - DEBUG - Read first 780 million reads
2020-08-27 21:35:42,731 - DEBUG - Read first 790 million reads
2020-08-27 21:36:05,103 - DEBUG - Read first 800 million reads
2020-08-27 21:36:27,146 - DEBUG - Read first 810 million reads
2020-08-27 21:36:48,720 - DEBUG - Read first 820 million reads
2020-08-27 21:37:10,608 - DEBUG - Read first 830 million reads
2020-08-27 21:37:32,135 - DEBUG - Read first 840 million reads
2020-08-27 21:37:53,503 - DEBUG - Read first 850 million reads
2020-08-27 21:38:15,086 - DEBUG - Read first 860 million reads
2020-08-27 21:38:36,546 - DEBUG - Read first 870 million reads
2020-08-27 21:38:58,846 - DEBUG - Read first 880 million reads
2020-08-27 21:39:10,031 - DEBUG - Marking up chromosome GL000218.1
2020-08-27 21:39:10,032 - WARNING - The .bam file refers to a chromosome 'GL000218.1+' not present in the annotation (.gtf) file
2020-08-27 21:39:10,208 - DEBUG - Marking up chromosome KI270749.1
2020-08-27 21:39:10,209 - WARNING - The .bam file refers to a chromosome 'KI270749.1+' not present in the annotation (.gtf) file
2020-08-27 21:39:10,209 - WARNING - The .bam file refers to a chromosome 'KI270749.1-' not present in the annotation (.gtf) file
2020-08-27 21:39:10,210 - DEBUG - Marking up chromosome KI270741.1
2020-08-27 21:39:10,211 - WARNING - The .bam file refers to a chromosome 'KI270741.1+' not present in the annotation (.gtf) file
2020-08-27 21:39:10,211 - WARNING - The .bam file refers to a chromosome 'KI270741.1-' not present in the annotation (.gtf) file
2020-08-27 21:39:10,212 - DEBUG - Marking up chromosome GL000221.1
2020-08-27 21:39:10,212 - WARNING - The .bam file refers to a chromosome 'GL000221.1+' not present in the annotation (.gtf) file
2020-08-27 21:39:10,212 - WARNING - The .bam file refers to a chromosome 'GL000221.1-' not present in the annotation (.gtf) file
2020-08-27 21:39:10,268 - DEBUG - Marking up chromosome KI270751.1
2020-08-27 21:39:10,268 - WARNING - The .bam file refers to a chromosome 'KI270751.1+' not present in the annotation (.gtf) file
2020-08-27 21:39:10,268 - WARNING - The .bam file refers to a chromosome 'KI270751.1-' not present in the annotation (.gtf) file
2020-08-27 21:39:10,276 - DEBUG - Marking up chromosome GL000214.1
2020-08-27 21:39:10,276 - WARNING - The .bam file refers to a chromosome 'GL000214.1+' not present in the annotation (.gtf) file
2020-08-27 21:39:10,276 - WARNING - The .bam file refers to a chromosome 'GL000214.1-' not present in the annotation (.gtf) file
2020-08-27 21:39:10,293 - DEBUG - Marking up chromosome KI270708.1
2020-08-27 21:39:10,293 - WARNING - The .bam file refers to a chromosome 'KI270708.1+' not present in the annotation (.gtf) file
2020-08-27 21:39:10,293 - WARNING - The .bam file refers to a chromosome 'KI270708.1-' not present in the annotation (.gtf) file
2020-08-27 21:39:10,294 - DEBUG - Marking up chromosome KI270438.1
2020-08-27 21:39:10,294 - WARNING - The .bam file refers to a chromosome 'KI270438.1+' not present in the annotation (.gtf) file
2020-08-27 21:39:10,294 - WARNING - The .bam file refers to a chromosome 'KI270438.1-' not present in the annotation (.gtf) file
2020-08-27 21:39:10,295 - DEBUG - Marking up chromosome KI270737.1
2020-08-27 21:39:10,295 - WARNING - The .bam file refers to a chromosome 'KI270737.1+' not present in the annotation (.gtf) file
2020-08-27 21:39:10,295 - WARNING - The .bam file refers to a chromosome 'KI270737.1-' not present in the annotation (.gtf) file
2020-08-27 21:39:10,296 - DEBUG - Marking up chromosome KI270721.1
2020-08-27 21:39:10,296 - WARNING - The .bam file refers to a chromosome 'KI270721.1-' not present in the annotation (.gtf) file
2020-08-27 21:39:10,343 - DEBUG - Marking up chromosome KI270738.1
2020-08-27 21:39:10,343 - WARNING - The .bam file refers to a chromosome 'KI270738.1+' not present in the annotation (.gtf) file
2020-08-27 21:39:10,343 - WARNING - The .bam file refers to a chromosome 'KI270738.1-' not present in the annotation (.gtf) file
2020-08-27 21:39:10,346 - DEBUG - Marking up chromosome KI270748.1
2020-08-27 21:39:10,346 - WARNING - The .bam file refers to a chromosome 'KI270748.1+' not present in the annotation (.gtf) file
2020-08-27 21:39:10,346 - WARNING - The .bam file refers to a chromosome 'KI270748.1-' not present in the annotation (.gtf) file
2020-08-27 21:39:10,348 - DEBUG - Marking up chromosome GL000208.1
2020-08-27 21:39:10,348 - WARNING - The .bam file refers to a chromosome 'GL000208.1+' not present in the annotation (.gtf) file
2020-08-27 21:39:10,348 - WARNING - The .bam file refers to a chromosome 'GL000208.1-' not present in the annotation (.gtf) file
2020-08-27 21:39:10,349 - DEBUG - Marking up chromosome KI270538.1
2020-08-27 21:39:10,349 - WARNING - The .bam file refers to a chromosome 'KI270538.1+' not present in the annotation (.gtf) file
2020-08-27 21:39:10,349 - WARNING - The .bam file refers to a chromosome 'KI270538.1-' not present in the annotation (.gtf) file
2020-08-27 21:39:10,351 - DEBUG - Marking up chromosome KI270726.1
2020-08-27 21:39:10,351 - WARNING - The .bam file refers to a chromosome 'KI270726.1-' not present in the annotation (.gtf) file
2020-08-27 21:39:10,351 - DEBUG - Marking up chromosome KI270735.1
2020-08-27 21:39:10,351 - WARNING - The .bam file refers to a chromosome 'KI270735.1+' not present in the annotation (.gtf) file
2020-08-27 21:39:10,351 - WARNING - The .bam file refers to a chromosome 'KI270735.1-' not present in the annotation (.gtf) file
2020-08-27 21:39:10,365 - DEBUG - Marking up chromosome KI270711.1
2020-08-27 21:39:10,365 - WARNING - The .bam file refers to a chromosome 'KI270711.1+' not present in the annotation (.gtf) file
2020-08-27 21:39:10,407 - DEBUG - Marking up chromosome KI270745.1
2020-08-27 21:39:10,407 - WARNING - The .bam file refers to a chromosome 'KI270745.1+' not present in the annotation (.gtf) file
2020-08-27 21:39:10,407 - WARNING - The .bam file refers to a chromosome 'KI270745.1-' not present in the annotation (.gtf) file
2020-08-27 21:39:10,434 - DEBUG - Marking up chromosome KI270714.1
2020-08-27 21:39:10,434 - WARNING - The .bam file refers to a chromosome 'KI270714.1+' not present in the annotation (.gtf) file
2020-08-27 21:39:10,434 - WARNING - The .bam file refers to a chromosome 'KI270714.1-' not present in the annotation (.gtf) file
2020-08-27 21:39:10,436 - DEBUG - Marking up chromosome KI270732.1
2020-08-27 21:39:10,436 - WARNING - The .bam file refers to a chromosome 'KI270732.1+' not present in the annotation (.gtf) file
2020-08-27 21:39:10,436 - WARNING - The .bam file refers to a chromosome 'KI270732.1-' not present in the annotation (.gtf) file
2020-08-27 21:39:10,437 - DEBUG - Marking up chromosome KI270713.1
2020-08-27 21:39:10,442 - DEBUG - Marking up chromosome KI270710.1
2020-08-27 21:39:10,443 - WARNING - The .bam file refers to a chromosome 'KI270710.1+' not present in the annotation (.gtf) file
2020-08-27 21:39:10,443 - WARNING - The .bam file refers to a chromosome 'KI270710.1-' not present in the annotation (.gtf) file
2020-08-27 21:39:10,446 - DEBUG - Marking up chromosome KI270720.1
2020-08-27 21:39:10,446 - WARNING - The .bam file refers to a chromosome 'KI270720.1+' not present in the annotation (.gtf) file
2020-08-27 21:39:10,447 - WARNING - The .bam file refers to a chromosome 'KI270720.1-' not present in the annotation (.gtf) file
2020-08-27 21:39:10,463 - DEBUG - Marking up chromosome KI270718.1
2020-08-27 21:39:10,463 - WARNING - The .bam file refers to a chromosome 'KI270718.1+' not present in the annotation (.gtf) file
2020-08-27 21:39:10,463 - WARNING - The .bam file refers to a chromosome 'KI270718.1-' not present in the annotation (.gtf) file
2020-08-27 21:39:10,493 - DEBUG - Marking up chromosome KI270707.1
2020-08-27 21:39:10,493 - WARNING - The .bam file refers to a chromosome 'KI270707.1+' not present in the annotation (.gtf) file
2020-08-27 21:39:10,493 - WARNING - The .bam file refers to a chromosome 'KI270707.1-' not present in the annotation (.gtf) file
2020-08-27 21:39:10,495 - DEBUG - Marking up chromosome KI270467.1
2020-08-27 21:39:10,495 - WARNING - The .bam file refers to a chromosome 'KI270467.1+' not present in the annotation (.gtf) file
2020-08-27 21:39:10,495 - WARNING - The .bam file refers to a chromosome 'KI270467.1-' not present in the annotation (.gtf) file
2020-08-27 21:39:10,497 - DEBUG - Marking up chromosome KI270330.1
2020-08-27 21:39:10,497 - WARNING - The .bam file refers to a chromosome 'KI270330.1+' not present in the annotation (.gtf) file
2020-08-27 21:39:10,497 - WARNING - The .bam file refers to a chromosome 'KI270330.1-' not present in the annotation (.gtf) file
2020-08-27 21:39:10,498 - DEBUG - Marking up chromosome KI270466.1
2020-08-27 21:39:10,498 - WARNING - The .bam file refers to a chromosome 'KI270466.1+' not present in the annotation (.gtf) file
2020-08-27 21:39:10,498 - WARNING - The .bam file refers to a chromosome 'KI270466.1-' not present in the annotation (.gtf) file
2020-08-27 21:39:19,991 - DEBUG - Read first 890 million reads
2020-08-27 21:39:39,935 - DEBUG - Read first 900 million reads
2020-08-27 21:40:00,609 - DEBUG - Read first 910 million reads
2020-08-27 21:40:20,856 - DEBUG - Read first 920 million reads
2020-08-27 21:40:35,537 - DEBUG - End of file. Reset index: start scanning from initial position.
2020-08-27 21:40:35,538 - DEBUG - 5222761 reads were skipped because no apropiate cell or umi barcode was found
2020-08-27 21:40:35,538 - DEBUG - Start molecule counting!
2020-08-27 21:40:39,622 - DEBUG - Features available for chromosomes : ['1-', '1+', '10-', '10+', '11-', '11+', '12-', '12+', '13-', '13+', '14-', '14+', '15-', '15+', '16-', '16+', '17-', '17+', '18-', '18+', '19-', '19+', '2-', '2+', '20-', '20+', '21-', '21+', '22-', '22+', '3-', '3+', '4-', '4+', '5-', '5+', '6-', '6+', '7-', '7+', '8-', '8+', '9-', '9+', 'GL000009.2-', 'GL000194.1-', 'GL000195.1-', 'GL000195.1+', 'GL000205.2-', 'GL000213.1-', 'GL000218.1-', 'GL000219.1-', 'KI270711.1-', 'KI270713.1-', 'KI270713.1+', 'KI270721.1+', 'KI270726.1+', 'KI270727.1-', 'KI270727.1+', 'KI270728.1-', 'KI270728.1+', 'KI270731.1-', 'KI270734.1-', 'KI270734.1+', 'MT-', 'MT+', 'X-', 'X+', 'Y-', 'Y+']
2020-08-27 21:40:39,623 - DEBUG - Mask available for chromosomes : []
2020-08-27 21:40:39,623 - DEBUG - Summarizing the results of intron validation.
2020-08-27 21:40:40,253 - DEBUG - Validated 260002 introns (of which unique intervals 82704) out of 996444 total possible introns (considering each possible transcript models).
2020-08-27 21:40:40,255 - DEBUG - Reading /net/isi-dcnl/ifs/user_data/abild/jichen/Projects/Breast/scRNA/Data/Megatron_data/COH073/FEL044046.mRNA/FEL045_count03/cell_ranger/FEL045_M/outs/cellsorted_possorted_genome_bam.bam
2020-08-27 21:40:40,296 - DEBUG - Read first 0 million reads
2020-08-27 21:41:08,539 - DEBUG - Read first 10 million reads
2020-08-27 21:41:29,490 - DEBUG - Read first 20 million reads
2020-08-27 21:41:50,377 - DEBUG - Read first 30 million reads
2020-08-27 21:42:11,300 - DEBUG - Read first 40 million reads
2020-08-27 21:42:37,169 - DEBUG - Read first 50 million reads
2020-08-27 21:42:57,997 - DEBUG - Read first 60 million reads
2020-08-27 21:43:18,754 - DEBUG - Read first 70 million reads
2020-08-27 21:43:39,577 - DEBUG - Read first 80 million reads
2020-08-27 21:44:05,040 - DEBUG - Read first 90 million reads
2020-08-27 21:44:40,614 - DEBUG - Read first 100 million reads
2020-08-27 21:45:11,505 - DEBUG - Read first 110 million reads
2020-08-27 21:45:45,687 - DEBUG - Read first 120 million reads
2020-08-27 21:46:15,753 - DEBUG - Read first 130 million reads
2020-08-27 21:46:50,592 - DEBUG - Read first 140 million reads
2020-08-27 21:47:24,238 - DEBUG - Read first 150 million reads
2020-08-27 21:47:55,212 - DEBUG - Read first 160 million reads
2020-08-27 21:48:25,316 - DEBUG - Read first 170 million reads
2020-08-27 21:48:53,446 - DEBUG - Counting for batch 1, containing 100 cells and 3265807 reads
2020-08-27 21:50:42,440 - DEBUG - 0 reads not considered because fully enclosed in repeat masked regions
2020-08-27 21:51:00,491 - DEBUG - Read first 180 million reads
2020-08-27 21:51:32,394 - DEBUG - Read first 190 million reads
2020-08-27 21:52:04,451 - DEBUG - Read first 200 million reads
2020-08-27 21:52:35,501 - DEBUG - Read first 210 million reads
2020-08-27 21:53:06,038 - DEBUG - Read first 220 million reads
2020-08-27 21:53:36,329 - DEBUG - Read first 230 million reads
2020-08-27 21:54:06,743 - DEBUG - Read first 240 million reads
2020-08-27 21:54:38,111 - DEBUG - Read first 250 million reads
2020-08-27 21:54:44,067 - DEBUG - Counting for batch 2, containing 100 cells and 2234896 reads
2020-08-27 21:56:01,921 - DEBUG - 0 reads not considered because fully enclosed in repeat masked regions
2020-08-27 21:56:41,843 - DEBUG - Read first 260 million reads
2020-08-27 21:57:12,179 - DEBUG - Read first 270 million reads
2020-08-27 21:57:43,192 - DEBUG - Read first 280 million reads
2020-08-27 21:58:19,444 - DEBUG - Read first 290 million reads
2020-08-27 21:58:52,388 - DEBUG - Read first 300 million reads
2020-08-27 21:59:25,271 - DEBUG - Read first 310 million reads
2020-08-27 21:59:58,680 - DEBUG - Read first 320 million reads
2020-08-27 22:00:35,232 - DEBUG - Read first 330 million reads
2020-08-27 22:00:59,896 - DEBUG - Counting for batch 3, containing 100 cells and 4145945 reads
2020-08-27 22:03:28,768 - DEBUG - 0 reads not considered because fully enclosed in repeat masked regions
2020-08-27 22:03:56,171 - DEBUG - Read first 340 million reads
2020-08-27 22:04:29,005 - DEBUG - Read first 350 million reads
2020-08-27 22:05:01,119 - DEBUG - Read first 360 million reads
2020-08-27 22:05:30,888 - DEBUG - Read first 370 million reads
2020-08-27 22:06:00,605 - DEBUG - Read first 380 million reads
2020-08-27 22:06:32,191 - DEBUG - Read first 390 million reads
2020-08-27 22:07:05,448 - DEBUG - Read first 400 million reads
2020-08-27 22:07:35,407 - DEBUG - Read first 410 million reads
2020-08-27 22:08:08,214 - DEBUG - Read first 420 million reads
2020-08-27 22:08:38,628 - DEBUG - Read first 430 million reads
2020-08-27 22:09:02,754 - DEBUG - Counting for batch 4, containing 100 cells and 3250813 reads
2020-08-27 22:10:54,276 - DEBUG - 0 reads not considered because fully enclosed in repeat masked regions
2020-08-27 22:11:16,131 - DEBUG - Read first 440 million reads
2020-08-27 22:11:46,970 - DEBUG - Read first 450 million reads
2020-08-27 22:12:19,598 - DEBUG - Read first 460 million reads
2020-08-27 22:12:49,895 - DEBUG - Read first 470 million reads
2020-08-27 22:13:20,614 - DEBUG - Read first 480 million reads
2020-08-27 22:13:51,252 - DEBUG - Read first 490 million reads
2020-08-27 22:14:22,019 - DEBUG - Read first 500 million reads
2020-08-27 22:14:54,311 - DEBUG - Read first 510 million reads
2020-08-27 22:15:24,473 - DEBUG - Read first 520 million reads
2020-08-27 22:15:55,230 - DEBUG - Read first 530 million reads
2020-08-27 22:16:13,940 - DEBUG - Counting for batch 5, containing 100 cells and 2709447 reads
2020-08-27 22:17:46,174 - DEBUG - 0 reads not considered because fully enclosed in repeat masked regions
2020-08-27 22:18:12,747 - DEBUG - Read first 540 million reads
2020-08-27 22:18:47,117 - DEBUG - Read first 550 million reads
2020-08-27 22:19:18,740 - DEBUG - Read first 560 million reads
2020-08-27 22:19:50,207 - DEBUG - Read first 570 million reads
2020-08-27 22:20:21,309 - DEBUG - Read first 580 million reads
2020-08-27 22:20:54,183 - DEBUG - Read first 590 million reads
2020-08-27 22:21:25,356 - DEBUG - Read first 600 million reads
2020-08-27 22:21:56,455 - DEBUG - Read first 610 million reads
2020-08-27 22:22:27,744 - DEBUG - Read first 620 million reads
2020-08-27 22:23:00,975 - DEBUG - Read first 630 million reads
2020-08-27 22:23:32,666 - DEBUG - Read first 640 million reads
2020-08-27 22:24:01,971 - DEBUG - Counting for batch 6, containing 100 cells and 3376759 reads
2020-08-27 22:26:01,677 - DEBUG - 0 reads not considered because fully enclosed in repeat masked regions
2020-08-27 22:26:19,434 - DEBUG - Read first 650 million reads
2020-08-27 22:26:50,569 - DEBUG - Read first 660 million reads
2020-08-27 22:27:21,240 - DEBUG - Read first 670 million reads
2020-08-27 22:27:52,359 - DEBUG - Read first 680 million reads
2020-08-27 22:28:26,140 - DEBUG - Read first 690 million reads
2020-08-27 22:28:57,479 - DEBUG - Read first 700 million reads
2020-08-27 22:29:31,321 - DEBUG - Read first 710 million reads
2020-08-27 22:30:02,310 - DEBUG - Read first 720 million reads
2020-08-27 22:30:33,759 - DEBUG - Read first 730 million reads
2020-08-27 22:31:06,871 - DEBUG - Read first 740 million reads
2020-08-27 22:31:19,713 - DEBUG - Counting for batch 7, containing 100 cells and 3477557 reads
2020-08-27 22:33:25,089 - DEBUG - 0 reads not considered because fully enclosed in repeat masked regions
2020-08-27 22:34:03,061 - DEBUG - Read first 750 million reads
2020-08-27 22:34:32,661 - DEBUG - Read first 760 million reads
2020-08-27 22:35:02,319 - DEBUG - Read first 770 million reads
2020-08-27 22:35:36,380 - DEBUG - Read first 780 million reads
2020-08-27 22:36:05,283 - DEBUG - Read first 790 million reads
2020-08-27 22:36:37,984 - DEBUG - Read first 800 million reads
2020-08-27 22:37:10,834 - DEBUG - Read first 810 million reads
2020-08-27 22:37:44,915 - DEBUG - Read first 820 million reads
2020-08-27 22:38:18,834 - DEBUG - Read first 830 million reads
2020-08-27 22:38:33,777 - DEBUG - Counting for batch 8, containing 100 cells and 3755638 reads
2020-08-27 22:40:43,364 - DEBUG - 0 reads not considered because fully enclosed in repeat masked regions
2020-08-27 22:41:18,180 - DEBUG - Read first 840 million reads
2020-08-27 22:41:50,164 - DEBUG - Read first 850 million reads
2020-08-27 22:42:20,758 - DEBUG - Read first 860 million reads
2020-08-27 22:42:53,592 - DEBUG - Read first 870 million reads
2020-08-27 22:43:24,838 - DEBUG - Read first 880 million reads
2020-08-27 22:43:53,397 - DEBUG - Read first 890 million reads
2020-08-27 22:44:23,567 - DEBUG - Read first 900 million reads
2020-08-27 22:44:57,649 - DEBUG - Read first 910 million reads
2020-08-27 22:45:33,997 - DEBUG - Read first 920 million reads
2020-08-27 22:45:56,224 - DEBUG - Counting for batch 9, containing 84 cells and 2850089 reads
2020-08-27 22:47:31,062 - DEBUG - 0 reads not considered because fully enclosed in repeat masked regions
2020-08-27 22:47:45,313 - DEBUG - 5222761 reads were skipped because no apropiate cell or umi barcode was found
2020-08-27 22:47:45,314 - DEBUG - Counting done!
2020-08-27 22:47:45,330 - DEBUG - Generating output file /net/isi-dcnl/ifs/user_data/abild/jichen/Projects/Breast/scRNA/Data/Megatron_data/COH073/FEL044046.mRNA/FEL045_count03/cell_ranger/FEL045_M/velocyto/FEL045_M.loom
2020-08-27 22:47:45,330 - DEBUG - Collecting row attributes
2020-08-27 22:47:45,428 - DEBUG - Generating data table
2020-08-27 22:47:45,717 - DEBUG - Writing loom file
2020-08-27 22:47:47,953 - DEBUG - Terminated Succesfully!
Start: 1598586506
End: 1598593670
Run time: 7164
Done
