CPU: 16
N: 52
Step1: Analyze spliced and unspliced reads and genrate a loom file for velocityR
Run velocyto to generate loom file
2020-08-27 18:44:17,057 - DEBUG - Using logic: Default
2020-08-27 18:44:17,088 - INFO - Read 1532 cell barcodes from /net/isi-dcnl/ifs/user_data/abild/Megatron_data/COH057/feline_p29_40_mRNA/cell_ranger/FEL030_E/outs/filtered_feature_bc_matrix/barcodes.tsv.gz
2020-08-27 18:44:17,088 - DEBUG - Example of barcode: AAACCCATCCGGTTCT and cell_id: FEL030_E:AAACCCATCCGGTTCT-1
2020-08-27 18:44:17,101 - DEBUG - Peeking into /net/isi-dcnl/ifs/user_data/abild/Megatron_data/COH057/feline_p29_40_mRNA/cell_ranger/FEL030_E/outs/possorted_genome_bam.bam
2020-08-27 18:44:17,199 - WARNING - Not found cell and umi barcode in entry 82 of the bam file
2020-08-27 18:44:17,199 - WARNING - Not found cell and umi barcode in entry 83 of the bam file
2020-08-27 18:44:17,199 - WARNING - Not found cell and umi barcode in entry 84 of the bam file
2020-08-27 18:44:17,199 - WARNING - Not found cell and umi barcode in entry 85 of the bam file
2020-08-27 18:44:17,199 - WARNING - Not found cell and umi barcode in entry 86 of the bam file
2020-08-27 18:44:17,200 - WARNING - Not found cell and umi barcode in entry 146 of the bam file
2020-08-27 18:44:17,200 - WARNING - Not found cell and umi barcode in entry 147 of the bam file
2020-08-27 18:44:17,200 - WARNING - Not found cell and umi barcode in entry 148 of the bam file
2020-08-27 18:44:17,200 - WARNING - Not found cell and umi barcode in entry 149 of the bam file
2020-08-27 18:44:17,202 - WARNING - Not found cell and umi barcode in entry 504 of the bam file
2020-08-27 18:44:17,202 - WARNING - Not found cell and umi barcode in entry 521 of the bam file
2020-08-27 18:44:17,202 - WARNING - Not found cell and umi barcode in entry 522 of the bam file
2020-08-27 18:44:17,202 - WARNING - Not found cell and umi barcode in entry 523 of the bam file
2020-08-27 18:44:17,203 - WARNING - Not found cell and umi barcode in entry 524 of the bam file
2020-08-27 18:44:17,203 - WARNING - Not found cell and umi barcode in entry 547 of the bam file
2020-08-27 18:44:17,204 - WARNING - Not found cell and umi barcode in entry 721 of the bam file
2020-08-27 18:44:17,205 - WARNING - Not found cell and umi barcode in entry 830 of the bam file
2020-08-27 18:44:17,205 - WARNING - Not found cell and umi barcode in entry 831 of the bam file
2020-08-27 18:44:17,205 - WARNING - Not found cell and umi barcode in entry 832 of the bam file
2020-08-27 18:44:17,205 - WARNING - Not found cell and umi barcode in entry 936 of the bam file
2020-08-27 18:44:17,206 - WARNING - Not found cell and umi barcode in entry 985 of the bam file
2020-08-27 18:44:17,206 - WARNING - Not found cell and umi barcode in entry 986 of the bam file
2020-08-27 18:44:17,206 - WARNING - Not found cell and umi barcode in entry 1021 of the bam file
2020-08-27 18:44:17,206 - WARNING - Not found cell and umi barcode in entry 1022 of the bam file
2020-08-27 18:44:17,206 - WARNING - Not found cell and umi barcode in entry 1023 of the bam file
2020-08-27 18:44:17,207 - WARNING - Not found cell and umi barcode in entry 1024 of the bam file
2020-08-27 18:44:17,213 - WARNING - The file /net/isi-dcnl/ifs/user_data/abild/Megatron_data/COH057/feline_p29_40_mRNA/cell_ranger/FEL030_E/outs/cellsorted_possorted_genome_bam.bam already exists. The sorting step will be skipped and the existing file will be used.
2020-08-27 18:44:17,213 - INFO - Load the annotation from /net/isi-dcnl/ifs/user_data/abild/Genomes/refdata-cellranger-GRCh38-3.0.0/genes/genes.gtf
2020-08-27 18:44:28,068 - DEBUG - Parsing Chromosome 1 strand - [line 0]
2020-08-27 18:44:28,717 - DEBUG - Done with 1- [line 108728]
2020-08-27 18:44:28,717 - DEBUG - Assigning indexes to genes
2020-08-27 18:44:28,727 - DEBUG - Seen 1561 genes until now
2020-08-27 18:44:28,727 - DEBUG - Parsing Chromosome 1 strand + [line 108729]
2020-08-27 18:44:29,729 - DEBUG - Done with 1+ [line 232515]
2020-08-27 18:44:29,729 - DEBUG - Assigning indexes to genes
2020-08-27 18:44:29,743 - DEBUG - Seen 3154 genes until now
2020-08-27 18:44:29,743 - DEBUG - Parsing Chromosome 10 strand - [line 232516]
2020-08-27 18:44:29,958 - DEBUG - Done with 10- [line 279343]
2020-08-27 18:44:29,958 - DEBUG - Assigning indexes to genes
2020-08-27 18:44:29,961 - DEBUG - Seen 3737 genes until now
2020-08-27 18:44:29,961 - DEBUG - Parsing Chromosome 10 strand + [line 279344]
2020-08-27 18:44:30,160 - DEBUG - Done with 10+ [line 323872]
2020-08-27 18:44:30,160 - DEBUG - Assigning indexes to genes
2020-08-27 18:44:30,163 - DEBUG - Seen 4384 genes until now
2020-08-27 18:44:30,163 - DEBUG - Parsing Chromosome 11 strand - [line 323873]
2020-08-27 18:44:30,789 - DEBUG - Done with 11- [line 402908]
2020-08-27 18:44:30,790 - DEBUG - Assigning indexes to genes
2020-08-27 18:44:30,797 - DEBUG - Seen 5320 genes until now
2020-08-27 18:44:30,797 - DEBUG - Parsing Chromosome 11 strand + [line 402909]
2020-08-27 18:44:31,462 - DEBUG - Done with 11+ [line 482591]
2020-08-27 18:44:31,462 - DEBUG - Assigning indexes to genes
2020-08-27 18:44:31,472 - DEBUG - Seen 6305 genes until now
2020-08-27 18:44:31,472 - DEBUG - Parsing Chromosome 12 strand - [line 482592]
2020-08-27 18:44:31,822 - DEBUG - Done with 12- [line 559278]
2020-08-27 18:44:31,823 - DEBUG - Assigning indexes to genes
2020-08-27 18:44:31,829 - DEBUG - Seen 7177 genes until now
2020-08-27 18:44:31,829 - DEBUG - Parsing Chromosome 12 strand + [line 559279]
2020-08-27 18:44:32,162 - DEBUG - Done with 12+ [line 635173]
2020-08-27 18:44:32,162 - DEBUG - Assigning indexes to genes
2020-08-27 18:44:32,168 - DEBUG - Seen 8070 genes until now
2020-08-27 18:44:32,168 - DEBUG - Parsing Chromosome 13 strand - [line 635174]
2020-08-27 18:44:32,646 - DEBUG - Done with 13- [line 653523]
2020-08-27 18:44:32,646 - DEBUG - Assigning indexes to genes
2020-08-27 18:44:32,648 - DEBUG - Seen 8400 genes until now
2020-08-27 18:44:32,648 - DEBUG - Parsing Chromosome 13 strand + [line 653524]
2020-08-27 18:44:32,735 - DEBUG - Done with 13+ [line 673091]
2020-08-27 18:44:32,735 - DEBUG - Assigning indexes to genes
2020-08-27 18:44:32,737 - DEBUG - Seen 8736 genes until now
2020-08-27 18:44:32,737 - DEBUG - Parsing Chromosome 14 strand - [line 673092]
2020-08-27 18:44:32,929 - DEBUG - Done with 14- [line 716831]
2020-08-27 18:44:32,930 - DEBUG - Assigning indexes to genes
2020-08-27 18:44:32,933 - DEBUG - Seen 9452 genes until now
2020-08-27 18:44:32,933 - DEBUG - Parsing Chromosome 14 strand + [line 716832]
2020-08-27 18:44:33,145 - DEBUG - Done with 14+ [line 764942]
2020-08-27 18:44:33,145 - DEBUG - Assigning indexes to genes
2020-08-27 18:44:33,149 - DEBUG - Seen 10121 genes until now
2020-08-27 18:44:33,149 - DEBUG - Parsing Chromosome 15 strand - [line 764943]
2020-08-27 18:44:33,368 - DEBUG - Done with 15- [line 813803]
2020-08-27 18:44:33,368 - DEBUG - Assigning indexes to genes
2020-08-27 18:44:33,372 - DEBUG - Seen 10698 genes until now
2020-08-27 18:44:33,372 - DEBUG - Parsing Chromosome 15 strand + [line 813804]
2020-08-27 18:44:33,564 - DEBUG - Done with 15+ [line 857859]
2020-08-27 18:44:33,564 - DEBUG - Assigning indexes to genes
2020-08-27 18:44:33,568 - DEBUG - Seen 11256 genes until now
2020-08-27 18:44:33,568 - DEBUG - Parsing Chromosome 16 strand - [line 857860]
2020-08-27 18:44:34,201 - DEBUG - Done with 16- [line 911118]
2020-08-27 18:44:34,201 - DEBUG - Assigning indexes to genes
2020-08-27 18:44:34,205 - DEBUG - Seen 11998 genes until now
2020-08-27 18:44:34,205 - DEBUG - Parsing Chromosome 16 strand + [line 911119]
2020-08-27 18:44:34,514 - DEBUG - Done with 16+ [line 981663]
2020-08-27 18:44:34,514 - DEBUG - Assigning indexes to genes
2020-08-27 18:44:34,520 - DEBUG - Seen 12787 genes until now
2020-08-27 18:44:34,520 - DEBUG - Parsing Chromosome 17 strand - [line 981664]
2020-08-27 18:44:34,894 - DEBUG - Done with 17- [line 1066635]
2020-08-27 18:44:34,895 - DEBUG - Assigning indexes to genes
2020-08-27 18:44:34,902 - DEBUG - Seen 13775 genes until now
2020-08-27 18:44:34,903 - DEBUG - Parsing Chromosome 17 strand + [line 1066636]
2020-08-27 18:44:35,693 - DEBUG - Done with 17+ [line 1143834]
2020-08-27 18:44:35,693 - DEBUG - Assigning indexes to genes
2020-08-27 18:44:35,702 - DEBUG - Seen 14681 genes until now
2020-08-27 18:44:35,702 - DEBUG - Parsing Chromosome 18 strand - [line 1143835]
2020-08-27 18:44:35,812 - DEBUG - Done with 18- [line 1168496]
2020-08-27 18:44:35,812 - DEBUG - Assigning indexes to genes
2020-08-27 18:44:35,814 - DEBUG - Seen 15006 genes until now
2020-08-27 18:44:35,814 - DEBUG - Parsing Chromosome 18 strand + [line 1168497]
2020-08-27 18:44:35,906 - DEBUG - Done with 18+ [line 1189691]
2020-08-27 18:44:35,906 - DEBUG - Assigning indexes to genes
2020-08-27 18:44:35,908 - DEBUG - Seen 15343 genes until now
2020-08-27 18:44:35,908 - DEBUG - Parsing Chromosome 19 strand - [line 1189692]
2020-08-27 18:44:36,249 - DEBUG - Done with 19- [line 1268854]
2020-08-27 18:44:36,250 - DEBUG - Assigning indexes to genes
2020-08-27 18:44:36,257 - DEBUG - Seen 16352 genes until now
2020-08-27 18:44:36,257 - DEBUG - Parsing Chromosome 19 strand + [line 1268855]
2020-08-27 18:44:36,606 - DEBUG - Done with 19+ [line 1351833]
2020-08-27 18:44:36,607 - DEBUG - Assigning indexes to genes
2020-08-27 18:44:36,614 - DEBUG - Seen 17347 genes until now
2020-08-27 18:44:36,614 - DEBUG - Parsing Chromosome 2 strand - [line 1351834]
2020-08-27 18:44:37,043 - DEBUG - Done with 2- [line 1448710]
2020-08-27 18:44:37,043 - DEBUG - Assigning indexes to genes
2020-08-27 18:44:37,052 - DEBUG - Seen 18472 genes until now
2020-08-27 18:44:37,052 - DEBUG - Parsing Chromosome 2 strand + [line 1448711]
2020-08-27 18:44:38,037 - DEBUG - Done with 2+ [line 1542602]
2020-08-27 18:44:38,037 - DEBUG - Assigning indexes to genes
2020-08-27 18:44:38,046 - DEBUG - Seen 19632 genes until now
2020-08-27 18:44:38,046 - DEBUG - Parsing Chromosome 20 strand - [line 1542603]
2020-08-27 18:44:38,164 - DEBUG - Done with 20- [line 1569195]
2020-08-27 18:44:38,164 - DEBUG - Assigning indexes to genes
2020-08-27 18:44:38,166 - DEBUG - Seen 20079 genes until now
2020-08-27 18:44:38,166 - DEBUG - Parsing Chromosome 20 strand + [line 1569196]
2020-08-27 18:44:38,326 - DEBUG - Done with 20+ [line 1600541]
2020-08-27 18:44:38,327 - DEBUG - Assigning indexes to genes
2020-08-27 18:44:38,331 - DEBUG - Seen 20527 genes until now
2020-08-27 18:44:38,331 - DEBUG - Parsing Chromosome 21 strand - [line 1600542]
2020-08-27 18:44:38,399 - DEBUG - Done with 21- [line 1614106]
2020-08-27 18:44:38,399 - DEBUG - Assigning indexes to genes
2020-08-27 18:44:38,400 - DEBUG - Seen 20795 genes until now
2020-08-27 18:44:38,400 - DEBUG - Parsing Chromosome 21 strand + [line 1614107]
2020-08-27 18:44:38,466 - DEBUG - Done with 21+ [line 1628392]
2020-08-27 18:44:38,466 - DEBUG - Assigning indexes to genes
2020-08-27 18:44:38,467 - DEBUG - Seen 21029 genes until now
2020-08-27 18:44:38,467 - DEBUG - Parsing Chromosome 22 strand - [line 1628393]
2020-08-27 18:44:38,580 - DEBUG - Done with 22- [line 1653805]
2020-08-27 18:44:38,580 - DEBUG - Assigning indexes to genes
2020-08-27 18:44:38,582 - DEBUG - Seen 21391 genes until now
2020-08-27 18:44:38,582 - DEBUG - Parsing Chromosome 22 strand + [line 1653806]
2020-08-27 18:44:38,715 - DEBUG - Done with 22+ [line 1684245]
2020-08-27 18:44:38,715 - DEBUG - Assigning indexes to genes
2020-08-27 18:44:38,720 - DEBUG - Seen 21866 genes until now
2020-08-27 18:44:38,720 - DEBUG - Parsing Chromosome 3 strand - [line 1684246]
2020-08-27 18:44:39,063 - DEBUG - Done with 3- [line 1763939]
2020-08-27 18:44:39,063 - DEBUG - Assigning indexes to genes
2020-08-27 18:44:39,070 - DEBUG - Seen 22713 genes until now
2020-08-27 18:44:39,070 - DEBUG - Parsing Chromosome 3 strand + [line 1763940]
2020-08-27 18:44:39,415 - DEBUG - Done with 3+ [line 1844840]
2020-08-27 18:44:39,415 - DEBUG - Assigning indexes to genes
2020-08-27 18:44:39,421 - DEBUG - Seen 23585 genes until now
2020-08-27 18:44:39,422 - DEBUG - Parsing Chromosome 4 strand - [line 1844841]
2020-08-27 18:44:40,277 - DEBUG - Done with 4- [line 1898665]
2020-08-27 18:44:40,277 - DEBUG - Assigning indexes to genes
2020-08-27 18:44:40,282 - DEBUG - Seen 24246 genes until now
2020-08-27 18:44:40,282 - DEBUG - Parsing Chromosome 4 strand + [line 1898666]
2020-08-27 18:44:40,488 - DEBUG - Done with 4+ [line 1947617]
2020-08-27 18:44:40,488 - DEBUG - Assigning indexes to genes
2020-08-27 18:44:40,492 - DEBUG - Seen 24938 genes until now
2020-08-27 18:44:40,492 - DEBUG - Parsing Chromosome 5 strand - [line 1947618]
2020-08-27 18:44:40,725 - DEBUG - Done with 5- [line 2001140]
2020-08-27 18:44:40,725 - DEBUG - Assigning indexes to genes
2020-08-27 18:44:40,729 - DEBUG - Seen 25741 genes until now
2020-08-27 18:44:40,729 - DEBUG - Parsing Chromosome 5 strand + [line 2001141]
2020-08-27 18:44:40,989 - DEBUG - Done with 5+ [line 2062165]
2020-08-27 18:44:40,989 - DEBUG - Assigning indexes to genes
2020-08-27 18:44:40,994 - DEBUG - Seen 26599 genes until now
2020-08-27 18:44:40,994 - DEBUG - Parsing Chromosome 6 strand - [line 2062166]
2020-08-27 18:44:41,248 - DEBUG - Done with 6- [line 2121425]
2020-08-27 18:44:41,248 - DEBUG - Assigning indexes to genes
2020-08-27 18:44:41,253 - DEBUG - Seen 27435 genes until now
2020-08-27 18:44:41,253 - DEBUG - Parsing Chromosome 6 strand + [line 2121426]
2020-08-27 18:44:41,480 - DEBUG - Done with 6+ [line 2176078]
2020-08-27 18:44:41,480 - DEBUG - Assigning indexes to genes
2020-08-27 18:44:41,485 - DEBUG - Seen 28231 genes until now
2020-08-27 18:44:41,485 - DEBUG - Parsing Chromosome 7 strand - [line 2176079]
2020-08-27 18:44:41,733 - DEBUG - Done with 7- [line 2233605]
2020-08-27 18:44:41,733 - DEBUG - Assigning indexes to genes
2020-08-27 18:44:41,738 - DEBUG - Seen 28953 genes until now
2020-08-27 18:44:41,738 - DEBUG - Parsing Chromosome 7 strand + [line 2233606]
2020-08-27 18:44:42,000 - DEBUG - Done with 7+ [line 2295513]
2020-08-27 18:44:42,000 - DEBUG - Assigning indexes to genes
2020-08-27 18:44:42,005 - DEBUG - Seen 29770 genes until now
2020-08-27 18:44:42,005 - DEBUG - Parsing Chromosome 8 strand - [line 2295514]
2020-08-27 18:44:42,214 - DEBUG - Done with 8- [line 2343289]
2020-08-27 18:44:42,214 - DEBUG - Assigning indexes to genes
2020-08-27 18:44:42,219 - DEBUG - Seen 30442 genes until now
2020-08-27 18:44:42,219 - DEBUG - Parsing Chromosome 8 strand + [line 2343290]
2020-08-27 18:44:42,407 - DEBUG - Done with 8+ [line 2386793]
2020-08-27 18:44:42,407 - DEBUG - Assigning indexes to genes
2020-08-27 18:44:42,411 - DEBUG - Seen 31090 genes until now
2020-08-27 18:44:42,411 - DEBUG - Parsing Chromosome 9 strand - [line 2386794]
2020-08-27 18:44:43,384 - DEBUG - Done with 9- [line 2430389]
2020-08-27 18:44:43,384 - DEBUG - Assigning indexes to genes
2020-08-27 18:44:43,388 - DEBUG - Seen 31710 genes until now
2020-08-27 18:44:43,388 - DEBUG - Parsing Chromosome 9 strand + [line 2430390]
2020-08-27 18:44:43,593 - DEBUG - Done with 9+ [line 2477312]
2020-08-27 18:44:43,593 - DEBUG - Assigning indexes to genes
2020-08-27 18:44:43,596 - DEBUG - Seen 32318 genes until now
2020-08-27 18:44:43,596 - DEBUG - Parsing Chromosome GL000009.2 strand - [line 2477313]
2020-08-27 18:44:43,596 - DEBUG - Done with GL000009.2- [line 2477320]
2020-08-27 18:44:43,596 - DEBUG - Assigning indexes to genes
2020-08-27 18:44:43,596 - DEBUG - Seen 32319 genes until now
2020-08-27 18:44:43,596 - DEBUG - Parsing Chromosome GL000194.1 strand - [line 2477321]
2020-08-27 18:44:43,597 - DEBUG - Done with GL000194.1- [line 2477346]
2020-08-27 18:44:43,597 - DEBUG - Assigning indexes to genes
2020-08-27 18:44:43,597 - DEBUG - Seen 32321 genes until now
2020-08-27 18:44:43,597 - DEBUG - Parsing Chromosome GL000195.1 strand - [line 2477347]
2020-08-27 18:44:43,597 - DEBUG - Done with GL000195.1- [line 2477356]
2020-08-27 18:44:43,597 - DEBUG - Assigning indexes to genes
2020-08-27 18:44:43,597 - DEBUG - Seen 32322 genes until now
2020-08-27 18:44:43,597 - DEBUG - Parsing Chromosome GL000195.1 strand + [line 2477357]
2020-08-27 18:44:43,597 - DEBUG - Done with GL000195.1+ [line 2477370]
2020-08-27 18:44:43,597 - DEBUG - Assigning indexes to genes
2020-08-27 18:44:43,597 - DEBUG - Seen 32323 genes until now
2020-08-27 18:44:43,597 - DEBUG - Parsing Chromosome GL000205.2 strand - [line 2477371]
2020-08-27 18:44:43,597 - DEBUG - Done with GL000205.2- [line 2477384]
2020-08-27 18:44:43,597 - DEBUG - Assigning indexes to genes
2020-08-27 18:44:43,597 - DEBUG - Seen 32324 genes until now
2020-08-27 18:44:43,597 - DEBUG - Parsing Chromosome GL000213.1 strand - [line 2477385]
2020-08-27 18:44:43,597 - DEBUG - Done with GL000213.1- [line 2477433]
2020-08-27 18:44:43,598 - DEBUG - Assigning indexes to genes
2020-08-27 18:44:43,598 - DEBUG - Seen 32325 genes until now
2020-08-27 18:44:43,598 - DEBUG - Parsing Chromosome GL000218.1 strand - [line 2477434]
2020-08-27 18:44:43,598 - DEBUG - Done with GL000218.1- [line 2477441]
2020-08-27 18:44:43,598 - DEBUG - Assigning indexes to genes
2020-08-27 18:44:43,598 - DEBUG - Seen 32326 genes until now
2020-08-27 18:44:43,598 - DEBUG - Parsing Chromosome GL000219.1 strand - [line 2477442]
2020-08-27 18:44:43,598 - DEBUG - Done with GL000219.1- [line 2477453]
2020-08-27 18:44:43,598 - DEBUG - Assigning indexes to genes
2020-08-27 18:44:43,598 - DEBUG - Seen 32327 genes until now
2020-08-27 18:44:43,598 - DEBUG - Parsing Chromosome KI270711.1 strand - [line 2477454]
2020-08-27 18:44:43,599 - DEBUG - Done with KI270711.1- [line 2477604]
2020-08-27 18:44:43,599 - DEBUG - Assigning indexes to genes
2020-08-27 18:44:43,599 - DEBUG - Seen 32328 genes until now
2020-08-27 18:44:43,599 - DEBUG - Parsing Chromosome KI270713.1 strand - [line 2477605]
2020-08-27 18:44:43,599 - DEBUG - Done with KI270713.1- [line 2477612]
2020-08-27 18:44:43,599 - DEBUG - Assigning indexes to genes
2020-08-27 18:44:43,599 - DEBUG - Seen 32329 genes until now
2020-08-27 18:44:43,599 - DEBUG - Parsing Chromosome KI270713.1 strand + [line 2477613]
2020-08-27 18:44:43,599 - DEBUG - Done with KI270713.1+ [line 2477618]
2020-08-27 18:44:43,599 - DEBUG - Assigning indexes to genes
2020-08-27 18:44:43,599 - DEBUG - Seen 32330 genes until now
2020-08-27 18:44:43,599 - DEBUG - Parsing Chromosome KI270721.1 strand + [line 2477619]
2020-08-27 18:44:43,599 - DEBUG - Done with KI270721.1+ [line 2477634]
2020-08-27 18:44:43,599 - DEBUG - Assigning indexes to genes
2020-08-27 18:44:43,599 - DEBUG - Seen 32331 genes until now
2020-08-27 18:44:43,599 - DEBUG - Parsing Chromosome KI270726.1 strand + [line 2477635]
2020-08-27 18:44:43,599 - DEBUG - Done with KI270726.1+ [line 2477645]
2020-08-27 18:44:43,600 - DEBUG - Assigning indexes to genes
2020-08-27 18:44:43,600 - DEBUG - Seen 32333 genes until now
2020-08-27 18:44:43,600 - DEBUG - Parsing Chromosome KI270727.1 strand - [line 2477646]
2020-08-27 18:44:43,600 - DEBUG - Done with KI270727.1- [line 2477704]
2020-08-27 18:44:43,600 - DEBUG - Assigning indexes to genes
2020-08-27 18:44:43,600 - DEBUG - Seen 32335 genes until now
2020-08-27 18:44:43,600 - DEBUG - Parsing Chromosome KI270727.1 strand + [line 2477705]
2020-08-27 18:44:43,600 - DEBUG - Done with KI270727.1+ [line 2477719]
2020-08-27 18:44:43,600 - DEBUG - Assigning indexes to genes
2020-08-27 18:44:43,600 - DEBUG - Seen 32337 genes until now
2020-08-27 18:44:43,600 - DEBUG - Parsing Chromosome KI270728.1 strand - [line 2477720]
2020-08-27 18:44:43,601 - DEBUG - Done with KI270728.1- [line 2477796]
2020-08-27 18:44:43,601 - DEBUG - Assigning indexes to genes
2020-08-27 18:44:43,601 - DEBUG - Seen 32339 genes until now
2020-08-27 18:44:43,601 - DEBUG - Parsing Chromosome KI270728.1 strand + [line 2477797]
2020-08-27 18:44:43,601 - DEBUG - Done with KI270728.1+ [line 2477833]
2020-08-27 18:44:43,601 - DEBUG - Assigning indexes to genes
2020-08-27 18:44:43,601 - DEBUG - Seen 32343 genes until now
2020-08-27 18:44:43,601 - DEBUG - Parsing Chromosome KI270731.1 strand - [line 2477834]
2020-08-27 18:44:43,601 - DEBUG - Done with KI270731.1- [line 2477840]
2020-08-27 18:44:43,601 - DEBUG - Assigning indexes to genes
2020-08-27 18:44:43,601 - DEBUG - Seen 32344 genes until now
2020-08-27 18:44:43,601 - DEBUG - Parsing Chromosome KI270734.1 strand - [line 2477841]
2020-08-27 18:44:43,601 - DEBUG - Done with KI270734.1- [line 2477909]
2020-08-27 18:44:43,602 - DEBUG - Assigning indexes to genes
2020-08-27 18:44:43,602 - DEBUG - Seen 32345 genes until now
2020-08-27 18:44:43,602 - DEBUG - Parsing Chromosome KI270734.1 strand + [line 2477910]
2020-08-27 18:44:43,602 - DEBUG - Done with KI270734.1+ [line 2477932]
2020-08-27 18:44:43,602 - DEBUG - Assigning indexes to genes
2020-08-27 18:44:43,602 - DEBUG - Seen 32347 genes until now
2020-08-27 18:44:43,602 - DEBUG - Parsing Chromosome MT strand - [line 2477933]
2020-08-27 18:44:43,602 - DEBUG - Done with MT- [line 2477938]
2020-08-27 18:44:43,602 - DEBUG - Assigning indexes to genes
2020-08-27 18:44:43,602 - DEBUG - Seen 32348 genes until now
2020-08-27 18:44:43,602 - DEBUG - Parsing Chromosome MT strand + [line 2477939]
2020-08-27 18:44:43,602 - DEBUG - Done with MT+ [line 2478004]
2020-08-27 18:44:43,602 - DEBUG - Assigning indexes to genes
2020-08-27 18:44:43,602 - DEBUG - Seen 32360 genes until now
2020-08-27 18:44:43,602 - DEBUG - Parsing Chromosome X strand - [line 2478005]
2020-08-27 18:44:43,773 - DEBUG - Done with X- [line 2518937]
2020-08-27 18:44:43,773 - DEBUG - Assigning indexes to genes
2020-08-27 18:44:43,776 - DEBUG - Seen 32876 genes until now
2020-08-27 18:44:43,776 - DEBUG - Parsing Chromosome X strand + [line 2518938]
2020-08-27 18:44:43,946 - DEBUG - Done with X+ [line 2560301]
2020-08-27 18:44:43,946 - DEBUG - Assigning indexes to genes
2020-08-27 18:44:43,949 - DEBUG - Seen 33438 genes until now
2020-08-27 18:44:43,949 - DEBUG - Parsing Chromosome Y strand - [line 2560302]
2020-08-27 18:44:43,959 - DEBUG - Done with Y- [line 2562446]
2020-08-27 18:44:43,959 - DEBUG - Assigning indexes to genes
2020-08-27 18:44:43,959 - DEBUG - Seen 33485 genes until now
2020-08-27 18:44:43,960 - DEBUG - Parsing Chromosome Y strand + [line 2562447]
2020-08-27 18:44:43,971 - DEBUG - Assigning indexes to genes
2020-08-27 18:44:43,971 - DEBUG - Done with Y+ [line 2565059]
2020-08-27 18:44:43,971 - DEBUG - Fixing corner cases of transcript models containg intron longer than 1000Kbp
2020-08-27 18:44:45,922 - DEBUG - Generated 2165800 features corresponding to 172912 transcript models from /net/isi-dcnl/ifs/user_data/abild/Genomes/refdata-cellranger-GRCh38-3.0.0/genes/genes.gtf
2020-08-27 18:44:45,962 - INFO - Scan /net/isi-dcnl/ifs/user_data/abild/Megatron_data/COH057/feline_p29_40_mRNA/cell_ranger/FEL030_E/outs/possorted_genome_bam.bam to validate intron intervals
2020-08-27 18:44:49,987 - DEBUG - Reading /net/isi-dcnl/ifs/user_data/abild/Megatron_data/COH057/feline_p29_40_mRNA/cell_ranger/FEL030_E/outs/possorted_genome_bam.bam
2020-08-27 18:44:50,002 - DEBUG - Read first 0 million reads
2020-08-27 18:44:50,002 - DEBUG - Marking up chromosome 1
2020-08-27 18:45:49,765 - DEBUG - Marking up chromosome 10
2020-08-27 18:46:20,837 - DEBUG - Marking up chromosome 11
2020-08-27 18:46:25,288 - DEBUG - Read first 10 million reads
2020-08-27 18:47:14,208 - DEBUG - Marking up chromosome 12
2020-08-27 18:47:53,032 - DEBUG - Marking up chromosome 13
2020-08-27 18:48:06,547 - DEBUG - Marking up chromosome 14
2020-08-27 18:48:11,578 - DEBUG - Read first 20 million reads
2020-08-27 18:48:29,040 - DEBUG - Marking up chromosome 15
2020-08-27 18:48:51,558 - DEBUG - Marking up chromosome 16
2020-08-27 18:49:18,312 - DEBUG - Marking up chromosome 17
2020-08-27 18:49:51,030 - DEBUG - Read first 30 million reads
2020-08-27 18:49:52,815 - DEBUG - Marking up chromosome 18
2020-08-27 18:50:07,038 - DEBUG - Marking up chromosome 19
2020-08-27 18:50:34,977 - DEBUG - Marking up chromosome 2
2020-08-27 18:51:25,916 - DEBUG - Marking up chromosome 20
2020-08-27 18:51:36,186 - DEBUG - Read first 40 million reads
2020-08-27 18:51:40,494 - DEBUG - Marking up chromosome 21
2020-08-27 18:52:00,643 - DEBUG - Read first 50 million reads
2020-08-27 18:52:22,093 - DEBUG - Read first 60 million reads
2020-08-27 18:52:43,184 - DEBUG - Read first 70 million reads
2020-08-27 18:53:04,582 - DEBUG - Read first 80 million reads
2020-08-27 18:53:25,656 - DEBUG - Read first 90 million reads
2020-08-27 18:53:47,135 - DEBUG - Read first 100 million reads
2020-08-27 18:54:08,207 - DEBUG - Read first 110 million reads
2020-08-27 18:54:29,696 - DEBUG - Read first 120 million reads
2020-08-27 18:54:43,285 - DEBUG - Marking up chromosome 22
2020-08-27 18:54:58,425 - DEBUG - Marking up chromosome 3
2020-08-27 18:55:41,940 - DEBUG - Marking up chromosome 4
2020-08-27 18:55:59,617 - DEBUG - Read first 130 million reads
2020-08-27 18:56:09,674 - DEBUG - Marking up chromosome 5
2020-08-27 18:56:44,566 - DEBUG - Marking up chromosome 6
2020-08-27 18:57:15,215 - DEBUG - Marking up chromosome 7
2020-08-27 18:57:33,413 - DEBUG - Read first 140 million reads
2020-08-27 18:57:49,596 - DEBUG - Marking up chromosome 8
2020-08-27 18:58:16,909 - DEBUG - Marking up chromosome 9
2020-08-27 18:58:40,293 - DEBUG - Marking up chromosome MT
2020-08-27 18:58:49,242 - DEBUG - Marking up chromosome X
2020-08-27 18:59:05,191 - DEBUG - Read first 150 million reads
2020-08-27 18:59:05,689 - DEBUG - Marking up chromosome Y
2020-08-27 18:59:05,739 - DEBUG - Marking up chromosome KI270728.1
2020-08-27 18:59:05,743 - DEBUG - Marking up chromosome KI270727.1
2020-08-27 18:59:05,748 - DEBUG - Marking up chromosome KI270442.1
2020-08-27 18:59:05,749 - WARNING - The .bam file refers to a chromosome 'KI270442.1+' not present in the annotation (.gtf) file
2020-08-27 18:59:05,749 - WARNING - The .bam file refers to a chromosome 'KI270442.1-' not present in the annotation (.gtf) file
2020-08-27 18:59:05,751 - DEBUG - Marking up chromosome KI270729.1
2020-08-27 18:59:05,751 - WARNING - The .bam file refers to a chromosome 'KI270729.1+' not present in the annotation (.gtf) file
2020-08-27 18:59:05,751 - WARNING - The .bam file refers to a chromosome 'KI270729.1-' not present in the annotation (.gtf) file
2020-08-27 18:59:05,752 - DEBUG - Marking up chromosome KI270743.1
2020-08-27 18:59:05,752 - WARNING - The .bam file refers to a chromosome 'KI270743.1+' not present in the annotation (.gtf) file
2020-08-27 18:59:05,752 - WARNING - The .bam file refers to a chromosome 'KI270743.1-' not present in the annotation (.gtf) file
2020-08-27 18:59:05,755 - DEBUG - Marking up chromosome GL000008.2
2020-08-27 18:59:05,755 - WARNING - The .bam file refers to a chromosome 'GL000008.2+' not present in the annotation (.gtf) file
2020-08-27 18:59:05,755 - WARNING - The .bam file refers to a chromosome 'GL000008.2-' not present in the annotation (.gtf) file
2020-08-27 18:59:05,761 - DEBUG - Marking up chromosome GL000009.2
2020-08-27 18:59:05,761 - WARNING - The .bam file refers to a chromosome 'GL000009.2+' not present in the annotation (.gtf) file
2020-08-27 18:59:05,769 - DEBUG - Marking up chromosome KI270747.1
2020-08-27 18:59:05,769 - WARNING - The .bam file refers to a chromosome 'KI270747.1+' not present in the annotation (.gtf) file
2020-08-27 18:59:05,769 - WARNING - The .bam file refers to a chromosome 'KI270747.1-' not present in the annotation (.gtf) file
2020-08-27 18:59:05,773 - DEBUG - Marking up chromosome KI270722.1
2020-08-27 18:59:05,773 - WARNING - The .bam file refers to a chromosome 'KI270722.1+' not present in the annotation (.gtf) file
2020-08-27 18:59:05,773 - WARNING - The .bam file refers to a chromosome 'KI270722.1-' not present in the annotation (.gtf) file
2020-08-27 18:59:05,773 - DEBUG - Marking up chromosome GL000194.1
2020-08-27 18:59:05,774 - WARNING - The .bam file refers to a chromosome 'GL000194.1+' not present in the annotation (.gtf) file
2020-08-27 18:59:05,796 - DEBUG - Marking up chromosome KI270742.1
2020-08-27 18:59:05,796 - WARNING - The .bam file refers to a chromosome 'KI270742.1+' not present in the annotation (.gtf) file
2020-08-27 18:59:05,796 - WARNING - The .bam file refers to a chromosome 'KI270742.1-' not present in the annotation (.gtf) file
2020-08-27 18:59:05,818 - DEBUG - Marking up chromosome GL000205.2
2020-08-27 18:59:05,818 - WARNING - The .bam file refers to a chromosome 'GL000205.2+' not present in the annotation (.gtf) file
2020-08-27 18:59:05,833 - DEBUG - Marking up chromosome GL000195.1
2020-08-27 18:59:05,870 - DEBUG - Marking up chromosome KI270733.1
2020-08-27 18:59:05,870 - WARNING - The .bam file refers to a chromosome 'KI270733.1+' not present in the annotation (.gtf) file
2020-08-27 18:59:05,870 - WARNING - The .bam file refers to a chromosome 'KI270733.1-' not present in the annotation (.gtf) file
2020-08-27 18:59:26,525 - DEBUG - Read first 160 million reads
2020-08-27 18:59:47,350 - DEBUG - Read first 170 million reads
2020-08-27 19:00:08,907 - DEBUG - Read first 180 million reads
2020-08-27 19:00:29,637 - DEBUG - Read first 190 million reads
2020-08-27 19:00:35,684 - DEBUG - Marking up chromosome GL000224.1
2020-08-27 19:00:35,684 - WARNING - The .bam file refers to a chromosome 'GL000224.1+' not present in the annotation (.gtf) file
2020-08-27 19:00:35,684 - WARNING - The .bam file refers to a chromosome 'GL000224.1-' not present in the annotation (.gtf) file
2020-08-27 19:00:35,694 - DEBUG - Marking up chromosome GL000219.1
2020-08-27 19:00:35,694 - WARNING - The .bam file refers to a chromosome 'GL000219.1+' not present in the annotation (.gtf) file
2020-08-27 19:00:35,711 - DEBUG - Marking up chromosome KI270719.1
2020-08-27 19:00:35,711 - WARNING - The .bam file refers to a chromosome 'KI270719.1+' not present in the annotation (.gtf) file
2020-08-27 19:00:35,711 - WARNING - The .bam file refers to a chromosome 'KI270719.1-' not present in the annotation (.gtf) file
2020-08-27 19:00:35,715 - DEBUG - Marking up chromosome KI270712.1
2020-08-27 19:00:35,715 - WARNING - The .bam file refers to a chromosome 'KI270712.1+' not present in the annotation (.gtf) file
2020-08-27 19:00:35,715 - WARNING - The .bam file refers to a chromosome 'KI270712.1-' not present in the annotation (.gtf) file
2020-08-27 19:00:35,719 - DEBUG - Marking up chromosome KI270706.1
2020-08-27 19:00:35,719 - WARNING - The .bam file refers to a chromosome 'KI270706.1+' not present in the annotation (.gtf) file
2020-08-27 19:00:35,719 - WARNING - The .bam file refers to a chromosome 'KI270706.1-' not present in the annotation (.gtf) file
2020-08-27 19:00:35,733 - DEBUG - Marking up chromosome KI270725.1
2020-08-27 19:00:35,733 - WARNING - The .bam file refers to a chromosome 'KI270725.1+' not present in the annotation (.gtf) file
2020-08-27 19:00:35,733 - WARNING - The .bam file refers to a chromosome 'KI270725.1-' not present in the annotation (.gtf) file
2020-08-27 19:00:35,734 - DEBUG - Marking up chromosome KI270744.1
2020-08-27 19:00:35,734 - WARNING - The .bam file refers to a chromosome 'KI270744.1+' not present in the annotation (.gtf) file
2020-08-27 19:00:35,735 - WARNING - The .bam file refers to a chromosome 'KI270744.1-' not present in the annotation (.gtf) file
2020-08-27 19:00:35,740 - DEBUG - Marking up chromosome KI270734.1
2020-08-27 19:00:35,745 - DEBUG - Marking up chromosome GL000213.1
2020-08-27 19:00:35,745 - WARNING - The .bam file refers to a chromosome 'GL000213.1+' not present in the annotation (.gtf) file
2020-08-27 19:00:35,747 - DEBUG - Marking up chromosome GL000220.1
2020-08-27 19:00:35,747 - WARNING - The .bam file refers to a chromosome 'GL000220.1+' not present in the annotation (.gtf) file
2020-08-27 19:00:35,747 - WARNING - The .bam file refers to a chromosome 'GL000220.1-' not present in the annotation (.gtf) file
2020-08-27 19:00:50,852 - DEBUG - Read first 200 million reads
2020-08-27 19:01:11,720 - DEBUG - Read first 210 million reads
2020-08-27 19:01:32,965 - DEBUG - Read first 220 million reads
2020-08-27 19:01:53,734 - DEBUG - Read first 230 million reads
2020-08-27 19:02:05,522 - DEBUG - Marking up chromosome KI270715.1
2020-08-27 19:02:05,522 - WARNING - The .bam file refers to a chromosome 'KI270715.1+' not present in the annotation (.gtf) file
2020-08-27 19:02:05,522 - WARNING - The .bam file refers to a chromosome 'KI270715.1-' not present in the annotation (.gtf) file
2020-08-27 19:02:05,523 - DEBUG - Marking up chromosome GL000218.1
2020-08-27 19:02:05,523 - WARNING - The .bam file refers to a chromosome 'GL000218.1+' not present in the annotation (.gtf) file
2020-08-27 19:02:05,545 - DEBUG - Marking up chromosome KI270749.1
2020-08-27 19:02:05,545 - WARNING - The .bam file refers to a chromosome 'KI270749.1+' not present in the annotation (.gtf) file
2020-08-27 19:02:05,545 - WARNING - The .bam file refers to a chromosome 'KI270749.1-' not present in the annotation (.gtf) file
2020-08-27 19:02:05,545 - DEBUG - Marking up chromosome KI270741.1
2020-08-27 19:02:05,546 - WARNING - The .bam file refers to a chromosome 'KI270741.1+' not present in the annotation (.gtf) file
2020-08-27 19:02:05,546 - WARNING - The .bam file refers to a chromosome 'KI270741.1-' not present in the annotation (.gtf) file
2020-08-27 19:02:05,546 - DEBUG - Marking up chromosome GL000221.1
2020-08-27 19:02:05,546 - WARNING - The .bam file refers to a chromosome 'GL000221.1+' not present in the annotation (.gtf) file
2020-08-27 19:02:05,546 - WARNING - The .bam file refers to a chromosome 'GL000221.1-' not present in the annotation (.gtf) file
2020-08-27 19:02:05,570 - DEBUG - Marking up chromosome KI270751.1
2020-08-27 19:02:05,570 - WARNING - The .bam file refers to a chromosome 'KI270751.1+' not present in the annotation (.gtf) file
2020-08-27 19:02:05,570 - WARNING - The .bam file refers to a chromosome 'KI270751.1-' not present in the annotation (.gtf) file
2020-08-27 19:02:05,570 - DEBUG - Marking up chromosome KI270519.1
2020-08-27 19:02:05,571 - WARNING - The .bam file refers to a chromosome 'KI270519.1+' not present in the annotation (.gtf) file
2020-08-27 19:02:05,571 - WARNING - The .bam file refers to a chromosome 'KI270519.1-' not present in the annotation (.gtf) file
2020-08-27 19:02:05,571 - DEBUG - Marking up chromosome GL000214.1
2020-08-27 19:02:05,571 - WARNING - The .bam file refers to a chromosome 'GL000214.1+' not present in the annotation (.gtf) file
2020-08-27 19:02:05,571 - WARNING - The .bam file refers to a chromosome 'GL000214.1-' not present in the annotation (.gtf) file
2020-08-27 19:02:05,582 - DEBUG - Marking up chromosome KI270708.1
2020-08-27 19:02:05,582 - WARNING - The .bam file refers to a chromosome 'KI270708.1+' not present in the annotation (.gtf) file
2020-08-27 19:02:05,582 - WARNING - The .bam file refers to a chromosome 'KI270708.1-' not present in the annotation (.gtf) file
2020-08-27 19:02:05,582 - DEBUG - Marking up chromosome KI270438.1
2020-08-27 19:02:05,582 - WARNING - The .bam file refers to a chromosome 'KI270438.1+' not present in the annotation (.gtf) file
2020-08-27 19:02:05,582 - WARNING - The .bam file refers to a chromosome 'KI270438.1-' not present in the annotation (.gtf) file
2020-08-27 19:02:05,583 - DEBUG - Marking up chromosome KI270737.1
2020-08-27 19:02:05,583 - WARNING - The .bam file refers to a chromosome 'KI270737.1+' not present in the annotation (.gtf) file
2020-08-27 19:02:05,583 - WARNING - The .bam file refers to a chromosome 'KI270737.1-' not present in the annotation (.gtf) file
2020-08-27 19:02:05,583 - DEBUG - Marking up chromosome KI270721.1
2020-08-27 19:02:05,583 - WARNING - The .bam file refers to a chromosome 'KI270721.1-' not present in the annotation (.gtf) file
2020-08-27 19:02:05,595 - DEBUG - Marking up chromosome KI270738.1
2020-08-27 19:02:05,595 - WARNING - The .bam file refers to a chromosome 'KI270738.1+' not present in the annotation (.gtf) file
2020-08-27 19:02:05,595 - WARNING - The .bam file refers to a chromosome 'KI270738.1-' not present in the annotation (.gtf) file
2020-08-27 19:02:05,597 - DEBUG - Marking up chromosome KI270435.1
2020-08-27 19:02:05,597 - WARNING - The .bam file refers to a chromosome 'KI270435.1+' not present in the annotation (.gtf) file
2020-08-27 19:02:05,597 - WARNING - The .bam file refers to a chromosome 'KI270435.1-' not present in the annotation (.gtf) file
2020-08-27 19:02:05,598 - DEBUG - Marking up chromosome GL000208.1
2020-08-27 19:02:05,598 - WARNING - The .bam file refers to a chromosome 'GL000208.1+' not present in the annotation (.gtf) file
2020-08-27 19:02:05,598 - WARNING - The .bam file refers to a chromosome 'GL000208.1-' not present in the annotation (.gtf) file
2020-08-27 19:02:05,598 - DEBUG - Marking up chromosome KI270538.1
2020-08-27 19:02:05,598 - WARNING - The .bam file refers to a chromosome 'KI270538.1+' not present in the annotation (.gtf) file
2020-08-27 19:02:05,599 - WARNING - The .bam file refers to a chromosome 'KI270538.1-' not present in the annotation (.gtf) file
2020-08-27 19:02:05,599 - DEBUG - Marking up chromosome KI270757.1
2020-08-27 19:02:05,599 - WARNING - The .bam file refers to a chromosome 'KI270757.1+' not present in the annotation (.gtf) file
2020-08-27 19:02:05,599 - WARNING - The .bam file refers to a chromosome 'KI270757.1-' not present in the annotation (.gtf) file
2020-08-27 19:02:05,599 - DEBUG - Marking up chromosome KI270709.1
2020-08-27 19:02:05,599 - WARNING - The .bam file refers to a chromosome 'KI270709.1+' not present in the annotation (.gtf) file
2020-08-27 19:02:05,599 - WARNING - The .bam file refers to a chromosome 'KI270709.1-' not present in the annotation (.gtf) file
2020-08-27 19:02:05,600 - DEBUG - Marking up chromosome KI270746.1
2020-08-27 19:02:05,600 - WARNING - The .bam file refers to a chromosome 'KI270746.1+' not present in the annotation (.gtf) file
2020-08-27 19:02:05,600 - WARNING - The .bam file refers to a chromosome 'KI270746.1-' not present in the annotation (.gtf) file
2020-08-27 19:02:05,600 - DEBUG - Marking up chromosome KI270753.1
2020-08-27 19:02:05,600 - WARNING - The .bam file refers to a chromosome 'KI270753.1+' not present in the annotation (.gtf) file
2020-08-27 19:02:05,600 - WARNING - The .bam file refers to a chromosome 'KI270753.1-' not present in the annotation (.gtf) file
2020-08-27 19:02:05,600 - DEBUG - Marking up chromosome KI270589.1
2020-08-27 19:02:05,600 - WARNING - The .bam file refers to a chromosome 'KI270589.1+' not present in the annotation (.gtf) file
2020-08-27 19:02:05,600 - WARNING - The .bam file refers to a chromosome 'KI270589.1-' not present in the annotation (.gtf) file
2020-08-27 19:02:05,601 - DEBUG - Marking up chromosome KI270726.1
2020-08-27 19:02:05,601 - WARNING - The .bam file refers to a chromosome 'KI270726.1-' not present in the annotation (.gtf) file
2020-08-27 19:02:05,601 - DEBUG - Marking up chromosome KI270711.1
2020-08-27 19:02:05,601 - WARNING - The .bam file refers to a chromosome 'KI270711.1+' not present in the annotation (.gtf) file
2020-08-27 19:02:05,621 - DEBUG - Marking up chromosome KI270745.1
2020-08-27 19:02:05,621 - WARNING - The .bam file refers to a chromosome 'KI270745.1+' not present in the annotation (.gtf) file
2020-08-27 19:02:05,621 - WARNING - The .bam file refers to a chromosome 'KI270745.1-' not present in the annotation (.gtf) file
2020-08-27 19:02:05,626 - DEBUG - Marking up chromosome KI270714.1
2020-08-27 19:02:05,626 - WARNING - The .bam file refers to a chromosome 'KI270714.1+' not present in the annotation (.gtf) file
2020-08-27 19:02:05,626 - WARNING - The .bam file refers to a chromosome 'KI270714.1-' not present in the annotation (.gtf) file
2020-08-27 19:02:05,627 - DEBUG - Marking up chromosome KI270732.1
2020-08-27 19:02:05,627 - WARNING - The .bam file refers to a chromosome 'KI270732.1+' not present in the annotation (.gtf) file
2020-08-27 19:02:05,627 - WARNING - The .bam file refers to a chromosome 'KI270732.1-' not present in the annotation (.gtf) file
2020-08-27 19:02:05,627 - DEBUG - Marking up chromosome KI270713.1
2020-08-27 19:02:05,631 - DEBUG - Marking up chromosome KI270717.1
2020-08-27 19:02:05,631 - WARNING - The .bam file refers to a chromosome 'KI270717.1+' not present in the annotation (.gtf) file
2020-08-27 19:02:05,631 - WARNING - The .bam file refers to a chromosome 'KI270717.1-' not present in the annotation (.gtf) file
2020-08-27 19:02:05,632 - DEBUG - Marking up chromosome KI270720.1
2020-08-27 19:02:05,633 - WARNING - The .bam file refers to a chromosome 'KI270720.1+' not present in the annotation (.gtf) file
2020-08-27 19:02:05,633 - WARNING - The .bam file refers to a chromosome 'KI270720.1-' not present in the annotation (.gtf) file
2020-08-27 19:02:05,634 - DEBUG - Marking up chromosome KI270718.1
2020-08-27 19:02:05,634 - WARNING - The .bam file refers to a chromosome 'KI270718.1+' not present in the annotation (.gtf) file
2020-08-27 19:02:05,634 - WARNING - The .bam file refers to a chromosome 'KI270718.1-' not present in the annotation (.gtf) file
2020-08-27 19:02:05,646 - DEBUG - Marking up chromosome KI270707.1
2020-08-27 19:02:05,646 - WARNING - The .bam file refers to a chromosome 'KI270707.1+' not present in the annotation (.gtf) file
2020-08-27 19:02:05,646 - WARNING - The .bam file refers to a chromosome 'KI270707.1-' not present in the annotation (.gtf) file
2020-08-27 19:02:05,648 - DEBUG - Marking up chromosome KI270591.1
2020-08-27 19:02:05,648 - WARNING - The .bam file refers to a chromosome 'KI270591.1+' not present in the annotation (.gtf) file
2020-08-27 19:02:05,648 - WARNING - The .bam file refers to a chromosome 'KI270591.1-' not present in the annotation (.gtf) file
2020-08-27 19:02:05,648 - DEBUG - Marking up chromosome KI270382.1
2020-08-27 19:02:05,648 - WARNING - The .bam file refers to a chromosome 'KI270382.1+' not present in the annotation (.gtf) file
2020-08-27 19:02:05,648 - WARNING - The .bam file refers to a chromosome 'KI270382.1-' not present in the annotation (.gtf) file
2020-08-27 19:02:05,648 - DEBUG - Marking up chromosome KI270467.1
2020-08-27 19:02:05,648 - WARNING - The .bam file refers to a chromosome 'KI270467.1+' not present in the annotation (.gtf) file
2020-08-27 19:02:05,648 - WARNING - The .bam file refers to a chromosome 'KI270467.1-' not present in the annotation (.gtf) file
2020-08-27 19:02:05,649 - DEBUG - Marking up chromosome KI270508.1
2020-08-27 19:02:05,649 - WARNING - The .bam file refers to a chromosome 'KI270508.1+' not present in the annotation (.gtf) file
2020-08-27 19:02:05,649 - WARNING - The .bam file refers to a chromosome 'KI270508.1-' not present in the annotation (.gtf) file
2020-08-27 19:02:05,650 - DEBUG - Marking up chromosome KI270383.1
2020-08-27 19:02:05,650 - WARNING - The .bam file refers to a chromosome 'KI270383.1+' not present in the annotation (.gtf) file
2020-08-27 19:02:05,650 - WARNING - The .bam file refers to a chromosome 'KI270383.1-' not present in the annotation (.gtf) file
2020-08-27 19:02:05,650 - DEBUG - Marking up chromosome KI270330.1
2020-08-27 19:02:05,650 - WARNING - The .bam file refers to a chromosome 'KI270330.1+' not present in the annotation (.gtf) file
2020-08-27 19:02:05,650 - WARNING - The .bam file refers to a chromosome 'KI270330.1-' not present in the annotation (.gtf) file
2020-08-27 19:02:05,651 - DEBUG - Marking up chromosome KI270391.1
2020-08-27 19:02:05,651 - WARNING - The .bam file refers to a chromosome 'KI270391.1+' not present in the annotation (.gtf) file
2020-08-27 19:02:05,652 - WARNING - The .bam file refers to a chromosome 'KI270391.1-' not present in the annotation (.gtf) file
2020-08-27 19:02:05,652 - DEBUG - Marking up chromosome KI270393.1
2020-08-27 19:02:05,652 - WARNING - The .bam file refers to a chromosome 'KI270393.1+' not present in the annotation (.gtf) file
2020-08-27 19:02:05,652 - WARNING - The .bam file refers to a chromosome 'KI270393.1-' not present in the annotation (.gtf) file
2020-08-27 19:02:05,652 - DEBUG - Marking up chromosome KI270466.1
2020-08-27 19:02:05,652 - WARNING - The .bam file refers to a chromosome 'KI270466.1+' not present in the annotation (.gtf) file
2020-08-27 19:02:05,652 - WARNING - The .bam file refers to a chromosome 'KI270466.1-' not present in the annotation (.gtf) file
2020-08-27 19:02:05,652 - DEBUG - Marking up chromosome KI270385.1
2020-08-27 19:02:05,652 - WARNING - The .bam file refers to a chromosome 'KI270385.1+' not present in the annotation (.gtf) file
2020-08-27 19:02:05,652 - WARNING - The .bam file refers to a chromosome 'KI270385.1-' not present in the annotation (.gtf) file
2020-08-27 19:02:05,653 - DEBUG - Marking up chromosome KI270394.1
2020-08-27 19:02:05,653 - WARNING - The .bam file refers to a chromosome 'KI270394.1+' not present in the annotation (.gtf) file
2020-08-27 19:02:05,653 - WARNING - The .bam file refers to a chromosome 'KI270394.1-' not present in the annotation (.gtf) file
2020-08-27 19:02:14,326 - DEBUG - Read first 240 million reads
2020-08-27 19:02:26,506 - DEBUG - End of file. Reset index: start scanning from initial position.
2020-08-27 19:02:26,506 - DEBUG - 1198883 reads were skipped because no apropiate cell or umi barcode was found
2020-08-27 19:02:26,507 - DEBUG - Start molecule counting!
2020-08-27 19:02:30,554 - DEBUG - Features available for chromosomes : ['1-', '1+', '10-', '10+', '11-', '11+', '12-', '12+', '13-', '13+', '14-', '14+', '15-', '15+', '16-', '16+', '17-', '17+', '18-', '18+', '19-', '19+', '2-', '2+', '20-', '20+', '21-', '21+', '22-', '22+', '3-', '3+', '4-', '4+', '5-', '5+', '6-', '6+', '7-', '7+', '8-', '8+', '9-', '9+', 'GL000009.2-', 'GL000194.1-', 'GL000195.1-', 'GL000195.1+', 'GL000205.2-', 'GL000213.1-', 'GL000218.1-', 'GL000219.1-', 'KI270711.1-', 'KI270713.1-', 'KI270713.1+', 'KI270721.1+', 'KI270726.1+', 'KI270727.1-', 'KI270727.1+', 'KI270728.1-', 'KI270728.1+', 'KI270731.1-', 'KI270734.1-', 'KI270734.1+', 'MT-', 'MT+', 'X-', 'X+', 'Y-', 'Y+']
2020-08-27 19:02:30,554 - DEBUG - Mask available for chromosomes : []
2020-08-27 19:02:30,554 - DEBUG - Summarizing the results of intron validation.
2020-08-27 19:02:31,209 - DEBUG - Validated 365079 introns (of which unique intervals 113617) out of 996444 total possible introns (considering each possible transcript models).
2020-08-27 19:02:31,210 - DEBUG - Reading /net/isi-dcnl/ifs/user_data/abild/Megatron_data/COH057/feline_p29_40_mRNA/cell_ranger/FEL030_E/outs/cellsorted_possorted_genome_bam.bam
2020-08-27 19:02:31,251 - DEBUG - Read first 0 million reads
2020-08-27 19:02:52,771 - DEBUG - Read first 10 million reads
2020-08-27 19:03:13,428 - DEBUG - Read first 20 million reads
2020-08-27 19:03:39,817 - DEBUG - Read first 30 million reads
2020-08-27 19:04:21,114 - DEBUG - Read first 40 million reads
2020-08-27 19:04:23,881 - DEBUG - Counting for batch 1, containing 100 cells and 1905968 reads
2020-08-27 19:05:35,119 - DEBUG - 0 reads not considered because fully enclosed in repeat masked regions
2020-08-27 19:06:20,206 - DEBUG - Read first 50 million reads
2020-08-27 19:06:43,934 - DEBUG - Counting for batch 2, containing 100 cells and 1518834 reads
2020-08-27 19:07:44,988 - DEBUG - 0 reads not considered because fully enclosed in repeat masked regions
2020-08-27 19:08:07,378 - DEBUG - Read first 60 million reads
2020-08-27 19:08:40,927 - DEBUG - Read first 70 million reads
2020-08-27 19:08:41,873 - DEBUG - Counting for batch 3, containing 100 cells and 1436583 reads
2020-08-27 19:09:39,317 - DEBUG - 0 reads not considered because fully enclosed in repeat masked regions
2020-08-27 19:10:21,941 - DEBUG - Read first 80 million reads
2020-08-27 19:10:34,986 - DEBUG - Counting for batch 4, containing 100 cells and 1465593 reads
2020-08-27 19:11:31,419 - DEBUG - 0 reads not considered because fully enclosed in repeat masked regions
2020-08-27 19:12:03,829 - DEBUG - Read first 90 million reads
2020-08-27 19:12:36,377 - DEBUG - Counting for batch 5, containing 100 cells and 1556007 reads
2020-08-27 19:13:38,558 - DEBUG - 0 reads not considered because fully enclosed in repeat masked regions
2020-08-27 19:13:50,957 - DEBUG - Read first 100 million reads
2020-08-27 19:14:28,104 - DEBUG - Read first 110 million reads
2020-08-27 19:14:34,980 - DEBUG - Counting for batch 6, containing 100 cells and 1774140 reads
2020-08-27 19:15:45,321 - DEBUG - 0 reads not considered because fully enclosed in repeat masked regions
2020-08-27 19:16:24,971 - DEBUG - Read first 120 million reads
2020-08-27 19:16:50,807 - DEBUG - Counting for batch 7, containing 100 cells and 1758360 reads
2020-08-27 19:18:00,134 - DEBUG - 0 reads not considered because fully enclosed in repeat masked regions
2020-08-27 19:18:21,118 - DEBUG - Read first 130 million reads
2020-08-27 19:18:57,989 - DEBUG - Read first 140 million reads
2020-08-27 19:19:09,507 - DEBUG - Counting for batch 8, containing 100 cells and 2046864 reads
2020-08-27 19:20:26,048 - DEBUG - 0 reads not considered because fully enclosed in repeat masked regions
2020-08-27 19:21:09,685 - DEBUG - Read first 150 million reads
2020-08-27 19:21:33,911 - DEBUG - Counting for batch 9, containing 100 cells and 1790167 reads
2020-08-27 19:22:44,168 - DEBUG - 0 reads not considered because fully enclosed in repeat masked regions
2020-08-27 19:23:10,210 - DEBUG - Read first 160 million reads
2020-08-27 19:23:42,793 - DEBUG - Counting for batch 10, containing 100 cells and 1893510 reads
2020-08-27 19:24:56,971 - DEBUG - 0 reads not considered because fully enclosed in repeat masked regions
2020-08-27 19:25:16,565 - DEBUG - Read first 170 million reads
2020-08-27 19:25:53,136 - DEBUG - Read first 180 million reads
2020-08-27 19:26:04,716 - DEBUG - Counting for batch 11, containing 100 cells and 1683902 reads
2020-08-27 19:27:12,237 - DEBUG - 0 reads not considered because fully enclosed in repeat masked regions
2020-08-27 19:27:48,445 - DEBUG - Read first 190 million reads
2020-08-27 19:28:14,062 - DEBUG - Counting for batch 12, containing 100 cells and 1804064 reads
2020-08-27 19:29:22,736 - DEBUG - 0 reads not considered because fully enclosed in repeat masked regions
2020-08-27 19:29:47,163 - DEBUG - Read first 200 million reads
2020-08-27 19:30:21,770 - DEBUG - Read first 210 million reads
2020-08-27 19:30:34,911 - DEBUG - Counting for batch 13, containing 100 cells and 1539793 reads
2020-08-27 19:31:34,259 - DEBUG - 0 reads not considered because fully enclosed in repeat masked regions
2020-08-27 19:32:10,533 - DEBUG - Read first 220 million reads
2020-08-27 19:32:34,948 - DEBUG - Counting for batch 14, containing 100 cells and 1549846 reads
2020-08-27 19:33:38,497 - DEBUG - 0 reads not considered because fully enclosed in repeat masked regions
2020-08-27 19:34:02,625 - DEBUG - Read first 230 million reads
2020-08-27 19:34:37,205 - DEBUG - Read first 240 million reads
2020-08-27 19:34:42,589 - DEBUG - Counting for batch 15, containing 100 cells and 1709807 reads
2020-08-27 19:35:50,350 - DEBUG - 0 reads not considered because fully enclosed in repeat masked regions
2020-08-27 19:36:17,389 - DEBUG - Counting for batch 16, containing 32 cells and 428103 reads
2020-08-27 19:36:33,865 - DEBUG - 0 reads not considered because fully enclosed in repeat masked regions
2020-08-27 19:36:36,550 - DEBUG - 1198883 reads were skipped because no apropiate cell or umi barcode was found
2020-08-27 19:36:36,550 - DEBUG - Counting done!
2020-08-27 19:36:36,572 - DEBUG - Generating output file /net/isi-dcnl/ifs/user_data/abild/Megatron_data/COH057/feline_p29_40_mRNA/cell_ranger/FEL030_E/velocyto/FEL030_E.loom
2020-08-27 19:36:36,572 - DEBUG - Collecting row attributes
2020-08-27 19:36:36,673 - DEBUG - Generating data table
2020-08-27 19:36:37,259 - DEBUG - Writing loom file
2020-08-27 19:36:41,190 - DEBUG - Terminated Succesfully!
Start: 1598579048
End: 1598582203
Run time: 3155
Done
