CPU: 16
N: 35
Step1: Analyze spliced and unspliced reads and genrate a loom file for velocityR
Run velocyto to generate loom file
2020-08-27 18:04:39,910 - DEBUG - Using logic: Default
2020-08-27 18:04:39,929 - INFO - Read 2121 cell barcodes from /net/isi-dcnl/ifs/user_data/abild/Megatron_data/COH047/FEL023024.mRNA/FEL023_count03/FEL023_S/outs/filtered_feature_bc_matrix/barcodes.tsv.gz
2020-08-27 18:04:39,930 - DEBUG - Example of barcode: AAACCCACAAGTCCCG and cell_id: FEL023_S:AAACCCACAAGTCCCG-1
2020-08-27 18:04:39,942 - DEBUG - Peeking into /net/isi-dcnl/ifs/user_data/abild/Megatron_data/COH047/FEL023024.mRNA/FEL023_count03/FEL023_S/outs/possorted_genome_bam.bam
2020-08-27 18:04:40,047 - WARNING - Not found cell and umi barcode in entry 6 of the bam file
2020-08-27 18:04:40,047 - WARNING - Not found cell and umi barcode in entry 9 of the bam file
2020-08-27 18:04:40,047 - WARNING - Not found cell and umi barcode in entry 78 of the bam file
2020-08-27 18:04:40,047 - WARNING - Not found cell and umi barcode in entry 90 of the bam file
2020-08-27 18:04:40,047 - WARNING - Not found cell and umi barcode in entry 115 of the bam file
2020-08-27 18:04:40,047 - WARNING - Not found cell and umi barcode in entry 116 of the bam file
2020-08-27 18:04:40,047 - WARNING - Not found cell and umi barcode in entry 155 of the bam file
2020-08-27 18:04:40,047 - WARNING - Not found cell and umi barcode in entry 156 of the bam file
2020-08-27 18:04:40,048 - WARNING - Not found cell and umi barcode in entry 215 of the bam file
2020-08-27 18:04:40,048 - WARNING - Not found cell and umi barcode in entry 228 of the bam file
2020-08-27 18:04:40,048 - WARNING - Not found cell and umi barcode in entry 238 of the bam file
2020-08-27 18:04:40,048 - WARNING - Not found cell and umi barcode in entry 307 of the bam file
2020-08-27 18:04:40,049 - WARNING - Not found cell and umi barcode in entry 376 of the bam file
2020-08-27 18:04:40,049 - WARNING - Not found cell and umi barcode in entry 402 of the bam file
2020-08-27 18:04:40,049 - WARNING - Not found cell and umi barcode in entry 456 of the bam file
2020-08-27 18:04:40,050 - WARNING - Not found cell and umi barcode in entry 795 of the bam file
2020-08-27 18:04:40,051 - WARNING - Not found cell and umi barcode in entry 871 of the bam file
2020-08-27 18:04:40,051 - WARNING - Not found cell and umi barcode in entry 885 of the bam file
2020-08-27 18:04:40,051 - WARNING - Not found cell and umi barcode in entry 927 of the bam file
2020-08-27 18:04:40,065 - WARNING - Not found cell and umi barcode in entry 982 of the bam file
2020-08-27 18:04:40,066 - WARNING - Not found cell and umi barcode in entry 1012 of the bam file
2020-08-27 18:04:40,070 - WARNING - The file /net/isi-dcnl/ifs/user_data/abild/Megatron_data/COH047/FEL023024.mRNA/FEL023_count03/FEL023_S/outs/cellsorted_possorted_genome_bam.bam already exists. The sorting step will be skipped and the existing file will be used.
2020-08-27 18:04:40,070 - INFO - Load the annotation from /net/isi-dcnl/ifs/user_data/abild/Genomes/refdata-cellranger-GRCh38-3.0.0/genes/genes.gtf
2020-08-27 18:04:47,977 - DEBUG - Parsing Chromosome 1 strand - [line 0]
2020-08-27 18:04:48,629 - DEBUG - Done with 1- [line 108728]
2020-08-27 18:04:48,629 - DEBUG - Assigning indexes to genes
2020-08-27 18:04:48,640 - DEBUG - Seen 1561 genes until now
2020-08-27 18:04:48,640 - DEBUG - Parsing Chromosome 1 strand + [line 108729]
2020-08-27 18:04:49,615 - DEBUG - Done with 1+ [line 232515]
2020-08-27 18:04:49,615 - DEBUG - Assigning indexes to genes
2020-08-27 18:04:49,628 - DEBUG - Seen 3154 genes until now
2020-08-27 18:04:49,628 - DEBUG - Parsing Chromosome 10 strand - [line 232516]
2020-08-27 18:04:49,836 - DEBUG - Done with 10- [line 279343]
2020-08-27 18:04:49,836 - DEBUG - Assigning indexes to genes
2020-08-27 18:04:49,839 - DEBUG - Seen 3737 genes until now
2020-08-27 18:04:49,839 - DEBUG - Parsing Chromosome 10 strand + [line 279344]
2020-08-27 18:04:50,032 - DEBUG - Done with 10+ [line 323872]
2020-08-27 18:04:50,032 - DEBUG - Assigning indexes to genes
2020-08-27 18:04:50,035 - DEBUG - Seen 4384 genes until now
2020-08-27 18:04:50,036 - DEBUG - Parsing Chromosome 11 strand - [line 323873]
2020-08-27 18:04:50,637 - DEBUG - Done with 11- [line 402908]
2020-08-27 18:04:50,638 - DEBUG - Assigning indexes to genes
2020-08-27 18:04:50,645 - DEBUG - Seen 5320 genes until now
2020-08-27 18:04:50,645 - DEBUG - Parsing Chromosome 11 strand + [line 402909]
2020-08-27 18:04:51,274 - DEBUG - Done with 11+ [line 482591]
2020-08-27 18:04:51,274 - DEBUG - Assigning indexes to genes
2020-08-27 18:04:51,283 - DEBUG - Seen 6305 genes until now
2020-08-27 18:04:51,283 - DEBUG - Parsing Chromosome 12 strand - [line 482592]
2020-08-27 18:04:51,619 - DEBUG - Done with 12- [line 559278]
2020-08-27 18:04:51,619 - DEBUG - Assigning indexes to genes
2020-08-27 18:04:51,625 - DEBUG - Seen 7177 genes until now
2020-08-27 18:04:51,625 - DEBUG - Parsing Chromosome 12 strand + [line 559279]
2020-08-27 18:04:51,947 - DEBUG - Done with 12+ [line 635173]
2020-08-27 18:04:51,947 - DEBUG - Assigning indexes to genes
2020-08-27 18:04:51,953 - DEBUG - Seen 8070 genes until now
2020-08-27 18:04:51,953 - DEBUG - Parsing Chromosome 13 strand - [line 635174]
2020-08-27 18:04:52,352 - DEBUG - Done with 13- [line 653523]
2020-08-27 18:04:52,353 - DEBUG - Assigning indexes to genes
2020-08-27 18:04:52,355 - DEBUG - Seen 8400 genes until now
2020-08-27 18:04:52,355 - DEBUG - Parsing Chromosome 13 strand + [line 653524]
2020-08-27 18:04:52,439 - DEBUG - Done with 13+ [line 673091]
2020-08-27 18:04:52,439 - DEBUG - Assigning indexes to genes
2020-08-27 18:04:52,440 - DEBUG - Seen 8736 genes until now
2020-08-27 18:04:52,440 - DEBUG - Parsing Chromosome 14 strand - [line 673092]
2020-08-27 18:04:52,627 - DEBUG - Done with 14- [line 716831]
2020-08-27 18:04:52,627 - DEBUG - Assigning indexes to genes
2020-08-27 18:04:52,631 - DEBUG - Seen 9452 genes until now
2020-08-27 18:04:52,631 - DEBUG - Parsing Chromosome 14 strand + [line 716832]
2020-08-27 18:04:52,836 - DEBUG - Done with 14+ [line 764942]
2020-08-27 18:04:52,836 - DEBUG - Assigning indexes to genes
2020-08-27 18:04:52,840 - DEBUG - Seen 10121 genes until now
2020-08-27 18:04:52,840 - DEBUG - Parsing Chromosome 15 strand - [line 764943]
2020-08-27 18:04:53,053 - DEBUG - Done with 15- [line 813803]
2020-08-27 18:04:53,054 - DEBUG - Assigning indexes to genes
2020-08-27 18:04:53,057 - DEBUG - Seen 10698 genes until now
2020-08-27 18:04:53,057 - DEBUG - Parsing Chromosome 15 strand + [line 813804]
2020-08-27 18:04:53,244 - DEBUG - Done with 15+ [line 857859]
2020-08-27 18:04:53,245 - DEBUG - Assigning indexes to genes
2020-08-27 18:04:53,248 - DEBUG - Seen 11256 genes until now
2020-08-27 18:04:53,248 - DEBUG - Parsing Chromosome 16 strand - [line 857860]
2020-08-27 18:04:53,847 - DEBUG - Done with 16- [line 911118]
2020-08-27 18:04:53,847 - DEBUG - Assigning indexes to genes
2020-08-27 18:04:53,851 - DEBUG - Seen 11998 genes until now
2020-08-27 18:04:53,851 - DEBUG - Parsing Chromosome 16 strand + [line 911119]
2020-08-27 18:04:54,148 - DEBUG - Done with 16+ [line 981663]
2020-08-27 18:04:54,149 - DEBUG - Assigning indexes to genes
2020-08-27 18:04:54,155 - DEBUG - Seen 12787 genes until now
2020-08-27 18:04:54,155 - DEBUG - Parsing Chromosome 17 strand - [line 981664]
2020-08-27 18:04:54,517 - DEBUG - Done with 17- [line 1066635]
2020-08-27 18:04:54,517 - DEBUG - Assigning indexes to genes
2020-08-27 18:04:54,525 - DEBUG - Seen 13775 genes until now
2020-08-27 18:04:54,525 - DEBUG - Parsing Chromosome 17 strand + [line 1066636]
2020-08-27 18:04:55,251 - DEBUG - Done with 17+ [line 1143834]
2020-08-27 18:04:55,251 - DEBUG - Assigning indexes to genes
2020-08-27 18:04:55,260 - DEBUG - Seen 14681 genes until now
2020-08-27 18:04:55,260 - DEBUG - Parsing Chromosome 18 strand - [line 1143835]
2020-08-27 18:04:55,366 - DEBUG - Done with 18- [line 1168496]
2020-08-27 18:04:55,366 - DEBUG - Assigning indexes to genes
2020-08-27 18:04:55,368 - DEBUG - Seen 15006 genes until now
2020-08-27 18:04:55,368 - DEBUG - Parsing Chromosome 18 strand + [line 1168497]
2020-08-27 18:04:55,458 - DEBUG - Done with 18+ [line 1189691]
2020-08-27 18:04:55,458 - DEBUG - Assigning indexes to genes
2020-08-27 18:04:55,460 - DEBUG - Seen 15343 genes until now
2020-08-27 18:04:55,460 - DEBUG - Parsing Chromosome 19 strand - [line 1189692]
2020-08-27 18:04:55,790 - DEBUG - Done with 19- [line 1268854]
2020-08-27 18:04:55,791 - DEBUG - Assigning indexes to genes
2020-08-27 18:04:55,797 - DEBUG - Seen 16352 genes until now
2020-08-27 18:04:55,797 - DEBUG - Parsing Chromosome 19 strand + [line 1268855]
2020-08-27 18:04:56,138 - DEBUG - Done with 19+ [line 1351833]
2020-08-27 18:04:56,138 - DEBUG - Assigning indexes to genes
2020-08-27 18:04:56,145 - DEBUG - Seen 17347 genes until now
2020-08-27 18:04:56,145 - DEBUG - Parsing Chromosome 2 strand - [line 1351834]
2020-08-27 18:04:56,570 - DEBUG - Done with 2- [line 1448710]
2020-08-27 18:04:56,570 - DEBUG - Assigning indexes to genes
2020-08-27 18:04:56,578 - DEBUG - Seen 18472 genes until now
2020-08-27 18:04:56,578 - DEBUG - Parsing Chromosome 2 strand + [line 1448711]
2020-08-27 18:04:57,447 - DEBUG - Done with 2+ [line 1542602]
2020-08-27 18:04:57,447 - DEBUG - Assigning indexes to genes
2020-08-27 18:04:57,456 - DEBUG - Seen 19632 genes until now
2020-08-27 18:04:57,456 - DEBUG - Parsing Chromosome 20 strand - [line 1542603]
2020-08-27 18:04:57,570 - DEBUG - Done with 20- [line 1569195]
2020-08-27 18:04:57,570 - DEBUG - Assigning indexes to genes
2020-08-27 18:04:57,573 - DEBUG - Seen 20079 genes until now
2020-08-27 18:04:57,573 - DEBUG - Parsing Chromosome 20 strand + [line 1569196]
2020-08-27 18:04:57,705 - DEBUG - Done with 20+ [line 1600541]
2020-08-27 18:04:57,705 - DEBUG - Assigning indexes to genes
2020-08-27 18:04:57,707 - DEBUG - Seen 20527 genes until now
2020-08-27 18:04:57,707 - DEBUG - Parsing Chromosome 21 strand - [line 1600542]
2020-08-27 18:04:57,767 - DEBUG - Done with 21- [line 1614106]
2020-08-27 18:04:57,767 - DEBUG - Assigning indexes to genes
2020-08-27 18:04:57,768 - DEBUG - Seen 20795 genes until now
2020-08-27 18:04:57,769 - DEBUG - Parsing Chromosome 21 strand + [line 1614107]
2020-08-27 18:04:57,833 - DEBUG - Done with 21+ [line 1628392]
2020-08-27 18:04:57,833 - DEBUG - Assigning indexes to genes
2020-08-27 18:04:57,834 - DEBUG - Seen 21029 genes until now
2020-08-27 18:04:57,834 - DEBUG - Parsing Chromosome 22 strand - [line 1628393]
2020-08-27 18:04:57,943 - DEBUG - Done with 22- [line 1653805]
2020-08-27 18:04:57,944 - DEBUG - Assigning indexes to genes
2020-08-27 18:04:57,946 - DEBUG - Seen 21391 genes until now
2020-08-27 18:04:57,946 - DEBUG - Parsing Chromosome 22 strand + [line 1653806]
2020-08-27 18:04:58,075 - DEBUG - Done with 22+ [line 1684245]
2020-08-27 18:04:58,075 - DEBUG - Assigning indexes to genes
2020-08-27 18:04:58,079 - DEBUG - Seen 21866 genes until now
2020-08-27 18:04:58,079 - DEBUG - Parsing Chromosome 3 strand - [line 1684246]
2020-08-27 18:04:58,424 - DEBUG - Done with 3- [line 1763939]
2020-08-27 18:04:58,424 - DEBUG - Assigning indexes to genes
2020-08-27 18:04:58,431 - DEBUG - Seen 22713 genes until now
2020-08-27 18:04:58,431 - DEBUG - Parsing Chromosome 3 strand + [line 1763940]
2020-08-27 18:04:58,773 - DEBUG - Done with 3+ [line 1844840]
2020-08-27 18:04:58,774 - DEBUG - Assigning indexes to genes
2020-08-27 18:04:58,780 - DEBUG - Seen 23585 genes until now
2020-08-27 18:04:58,780 - DEBUG - Parsing Chromosome 4 strand - [line 1844841]
2020-08-27 18:04:59,590 - DEBUG - Done with 4- [line 1898665]
2020-08-27 18:04:59,590 - DEBUG - Assigning indexes to genes
2020-08-27 18:04:59,595 - DEBUG - Seen 24246 genes until now
2020-08-27 18:04:59,595 - DEBUG - Parsing Chromosome 4 strand + [line 1898666]
2020-08-27 18:04:59,801 - DEBUG - Done with 4+ [line 1947617]
2020-08-27 18:04:59,801 - DEBUG - Assigning indexes to genes
2020-08-27 18:04:59,805 - DEBUG - Seen 24938 genes until now
2020-08-27 18:04:59,805 - DEBUG - Parsing Chromosome 5 strand - [line 1947618]
2020-08-27 18:05:00,036 - DEBUG - Done with 5- [line 2001140]
2020-08-27 18:05:00,036 - DEBUG - Assigning indexes to genes
2020-08-27 18:05:00,041 - DEBUG - Seen 25741 genes until now
2020-08-27 18:05:00,041 - DEBUG - Parsing Chromosome 5 strand + [line 2001141]
2020-08-27 18:05:00,299 - DEBUG - Done with 5+ [line 2062165]
2020-08-27 18:05:00,299 - DEBUG - Assigning indexes to genes
2020-08-27 18:05:00,304 - DEBUG - Seen 26599 genes until now
2020-08-27 18:05:00,304 - DEBUG - Parsing Chromosome 6 strand - [line 2062166]
2020-08-27 18:05:00,556 - DEBUG - Done with 6- [line 2121425]
2020-08-27 18:05:00,556 - DEBUG - Assigning indexes to genes
2020-08-27 18:05:00,561 - DEBUG - Seen 27435 genes until now
2020-08-27 18:05:00,561 - DEBUG - Parsing Chromosome 6 strand + [line 2121426]
2020-08-27 18:05:00,800 - DEBUG - Done with 6+ [line 2176078]
2020-08-27 18:05:00,800 - DEBUG - Assigning indexes to genes
2020-08-27 18:05:00,805 - DEBUG - Seen 28231 genes until now
2020-08-27 18:05:00,805 - DEBUG - Parsing Chromosome 7 strand - [line 2176079]
2020-08-27 18:05:01,053 - DEBUG - Done with 7- [line 2233605]
2020-08-27 18:05:01,053 - DEBUG - Assigning indexes to genes
2020-08-27 18:05:01,057 - DEBUG - Seen 28953 genes until now
2020-08-27 18:05:01,057 - DEBUG - Parsing Chromosome 7 strand + [line 2233606]
2020-08-27 18:05:01,318 - DEBUG - Done with 7+ [line 2295513]
2020-08-27 18:05:01,318 - DEBUG - Assigning indexes to genes
2020-08-27 18:05:01,324 - DEBUG - Seen 29770 genes until now
2020-08-27 18:05:01,324 - DEBUG - Parsing Chromosome 8 strand - [line 2295514]
2020-08-27 18:05:01,526 - DEBUG - Done with 8- [line 2343289]
2020-08-27 18:05:01,526 - DEBUG - Assigning indexes to genes
2020-08-27 18:05:01,530 - DEBUG - Seen 30442 genes until now
2020-08-27 18:05:01,530 - DEBUG - Parsing Chromosome 8 strand + [line 2343290]
2020-08-27 18:05:01,713 - DEBUG - Done with 8+ [line 2386793]
2020-08-27 18:05:01,713 - DEBUG - Assigning indexes to genes
2020-08-27 18:05:01,717 - DEBUG - Seen 31090 genes until now
2020-08-27 18:05:01,717 - DEBUG - Parsing Chromosome 9 strand - [line 2386794]
2020-08-27 18:05:02,587 - DEBUG - Done with 9- [line 2430389]
2020-08-27 18:05:02,588 - DEBUG - Assigning indexes to genes
2020-08-27 18:05:02,591 - DEBUG - Seen 31710 genes until now
2020-08-27 18:05:02,591 - DEBUG - Parsing Chromosome 9 strand + [line 2430390]
2020-08-27 18:05:02,791 - DEBUG - Done with 9+ [line 2477312]
2020-08-27 18:05:02,791 - DEBUG - Assigning indexes to genes
2020-08-27 18:05:02,795 - DEBUG - Seen 32318 genes until now
2020-08-27 18:05:02,795 - DEBUG - Parsing Chromosome GL000009.2 strand - [line 2477313]
2020-08-27 18:05:02,795 - DEBUG - Done with GL000009.2- [line 2477320]
2020-08-27 18:05:02,795 - DEBUG - Assigning indexes to genes
2020-08-27 18:05:02,795 - DEBUG - Seen 32319 genes until now
2020-08-27 18:05:02,795 - DEBUG - Parsing Chromosome GL000194.1 strand - [line 2477321]
2020-08-27 18:05:02,795 - DEBUG - Done with GL000194.1- [line 2477346]
2020-08-27 18:05:02,795 - DEBUG - Assigning indexes to genes
2020-08-27 18:05:02,795 - DEBUG - Seen 32321 genes until now
2020-08-27 18:05:02,795 - DEBUG - Parsing Chromosome GL000195.1 strand - [line 2477347]
2020-08-27 18:05:02,795 - DEBUG - Done with GL000195.1- [line 2477356]
2020-08-27 18:05:02,795 - DEBUG - Assigning indexes to genes
2020-08-27 18:05:02,795 - DEBUG - Seen 32322 genes until now
2020-08-27 18:05:02,796 - DEBUG - Parsing Chromosome GL000195.1 strand + [line 2477357]
2020-08-27 18:05:02,796 - DEBUG - Done with GL000195.1+ [line 2477370]
2020-08-27 18:05:02,796 - DEBUG - Assigning indexes to genes
2020-08-27 18:05:02,796 - DEBUG - Seen 32323 genes until now
2020-08-27 18:05:02,796 - DEBUG - Parsing Chromosome GL000205.2 strand - [line 2477371]
2020-08-27 18:05:02,796 - DEBUG - Done with GL000205.2- [line 2477384]
2020-08-27 18:05:02,796 - DEBUG - Assigning indexes to genes
2020-08-27 18:05:02,796 - DEBUG - Seen 32324 genes until now
2020-08-27 18:05:02,796 - DEBUG - Parsing Chromosome GL000213.1 strand - [line 2477385]
2020-08-27 18:05:02,796 - DEBUG - Done with GL000213.1- [line 2477433]
2020-08-27 18:05:02,796 - DEBUG - Assigning indexes to genes
2020-08-27 18:05:02,796 - DEBUG - Seen 32325 genes until now
2020-08-27 18:05:02,796 - DEBUG - Parsing Chromosome GL000218.1 strand - [line 2477434]
2020-08-27 18:05:02,796 - DEBUG - Done with GL000218.1- [line 2477441]
2020-08-27 18:05:02,796 - DEBUG - Assigning indexes to genes
2020-08-27 18:05:02,796 - DEBUG - Seen 32326 genes until now
2020-08-27 18:05:02,797 - DEBUG - Parsing Chromosome GL000219.1 strand - [line 2477442]
2020-08-27 18:05:02,797 - DEBUG - Done with GL000219.1- [line 2477453]
2020-08-27 18:05:02,797 - DEBUG - Assigning indexes to genes
2020-08-27 18:05:02,797 - DEBUG - Seen 32327 genes until now
2020-08-27 18:05:02,797 - DEBUG - Parsing Chromosome KI270711.1 strand - [line 2477454]
2020-08-27 18:05:02,797 - DEBUG - Done with KI270711.1- [line 2477604]
2020-08-27 18:05:02,797 - DEBUG - Assigning indexes to genes
2020-08-27 18:05:02,798 - DEBUG - Seen 32328 genes until now
2020-08-27 18:05:02,798 - DEBUG - Parsing Chromosome KI270713.1 strand - [line 2477605]
2020-08-27 18:05:02,798 - DEBUG - Done with KI270713.1- [line 2477612]
2020-08-27 18:05:02,798 - DEBUG - Assigning indexes to genes
2020-08-27 18:05:02,798 - DEBUG - Seen 32329 genes until now
2020-08-27 18:05:02,798 - DEBUG - Parsing Chromosome KI270713.1 strand + [line 2477613]
2020-08-27 18:05:02,798 - DEBUG - Done with KI270713.1+ [line 2477618]
2020-08-27 18:05:02,798 - DEBUG - Assigning indexes to genes
2020-08-27 18:05:02,798 - DEBUG - Seen 32330 genes until now
2020-08-27 18:05:02,798 - DEBUG - Parsing Chromosome KI270721.1 strand + [line 2477619]
2020-08-27 18:05:02,798 - DEBUG - Done with KI270721.1+ [line 2477634]
2020-08-27 18:05:02,798 - DEBUG - Assigning indexes to genes
2020-08-27 18:05:02,798 - DEBUG - Seen 32331 genes until now
2020-08-27 18:05:02,798 - DEBUG - Parsing Chromosome KI270726.1 strand + [line 2477635]
2020-08-27 18:05:02,798 - DEBUG - Done with KI270726.1+ [line 2477645]
2020-08-27 18:05:02,798 - DEBUG - Assigning indexes to genes
2020-08-27 18:05:02,798 - DEBUG - Seen 32333 genes until now
2020-08-27 18:05:02,798 - DEBUG - Parsing Chromosome KI270727.1 strand - [line 2477646]
2020-08-27 18:05:02,799 - DEBUG - Done with KI270727.1- [line 2477704]
2020-08-27 18:05:02,799 - DEBUG - Assigning indexes to genes
2020-08-27 18:05:02,799 - DEBUG - Seen 32335 genes until now
2020-08-27 18:05:02,799 - DEBUG - Parsing Chromosome KI270727.1 strand + [line 2477705]
2020-08-27 18:05:02,799 - DEBUG - Done with KI270727.1+ [line 2477719]
2020-08-27 18:05:02,799 - DEBUG - Assigning indexes to genes
2020-08-27 18:05:02,799 - DEBUG - Seen 32337 genes until now
2020-08-27 18:05:02,799 - DEBUG - Parsing Chromosome KI270728.1 strand - [line 2477720]
2020-08-27 18:05:02,799 - DEBUG - Done with KI270728.1- [line 2477796]
2020-08-27 18:05:02,799 - DEBUG - Assigning indexes to genes
2020-08-27 18:05:02,799 - DEBUG - Seen 32339 genes until now
2020-08-27 18:05:02,799 - DEBUG - Parsing Chromosome KI270728.1 strand + [line 2477797]
2020-08-27 18:05:02,800 - DEBUG - Done with KI270728.1+ [line 2477833]
2020-08-27 18:05:02,800 - DEBUG - Assigning indexes to genes
2020-08-27 18:05:02,800 - DEBUG - Seen 32343 genes until now
2020-08-27 18:05:02,800 - DEBUG - Parsing Chromosome KI270731.1 strand - [line 2477834]
2020-08-27 18:05:02,800 - DEBUG - Done with KI270731.1- [line 2477840]
2020-08-27 18:05:02,800 - DEBUG - Assigning indexes to genes
2020-08-27 18:05:02,800 - DEBUG - Seen 32344 genes until now
2020-08-27 18:05:02,800 - DEBUG - Parsing Chromosome KI270734.1 strand - [line 2477841]
2020-08-27 18:05:02,800 - DEBUG - Done with KI270734.1- [line 2477909]
2020-08-27 18:05:02,800 - DEBUG - Assigning indexes to genes
2020-08-27 18:05:02,801 - DEBUG - Seen 32345 genes until now
2020-08-27 18:05:02,801 - DEBUG - Parsing Chromosome KI270734.1 strand + [line 2477910]
2020-08-27 18:05:02,801 - DEBUG - Done with KI270734.1+ [line 2477932]
2020-08-27 18:05:02,801 - DEBUG - Assigning indexes to genes
2020-08-27 18:05:02,801 - DEBUG - Seen 32347 genes until now
2020-08-27 18:05:02,801 - DEBUG - Parsing Chromosome MT strand - [line 2477933]
2020-08-27 18:05:02,801 - DEBUG - Done with MT- [line 2477938]
2020-08-27 18:05:02,801 - DEBUG - Assigning indexes to genes
2020-08-27 18:05:02,801 - DEBUG - Seen 32348 genes until now
2020-08-27 18:05:02,801 - DEBUG - Parsing Chromosome MT strand + [line 2477939]
2020-08-27 18:05:02,801 - DEBUG - Done with MT+ [line 2478004]
2020-08-27 18:05:02,801 - DEBUG - Assigning indexes to genes
2020-08-27 18:05:02,801 - DEBUG - Seen 32360 genes until now
2020-08-27 18:05:02,801 - DEBUG - Parsing Chromosome X strand - [line 2478005]
2020-08-27 18:05:02,972 - DEBUG - Done with X- [line 2518937]
2020-08-27 18:05:02,972 - DEBUG - Assigning indexes to genes
2020-08-27 18:05:02,975 - DEBUG - Seen 32876 genes until now
2020-08-27 18:05:02,975 - DEBUG - Parsing Chromosome X strand + [line 2518938]
2020-08-27 18:05:03,144 - DEBUG - Done with X+ [line 2560301]
2020-08-27 18:05:03,144 - DEBUG - Assigning indexes to genes
2020-08-27 18:05:03,148 - DEBUG - Seen 33438 genes until now
2020-08-27 18:05:03,148 - DEBUG - Parsing Chromosome Y strand - [line 2560302]
2020-08-27 18:05:03,158 - DEBUG - Done with Y- [line 2562446]
2020-08-27 18:05:03,158 - DEBUG - Assigning indexes to genes
2020-08-27 18:05:03,158 - DEBUG - Seen 33485 genes until now
2020-08-27 18:05:03,158 - DEBUG - Parsing Chromosome Y strand + [line 2562447]
2020-08-27 18:05:03,169 - DEBUG - Assigning indexes to genes
2020-08-27 18:05:03,169 - DEBUG - Done with Y+ [line 2565059]
2020-08-27 18:05:03,169 - DEBUG - Fixing corner cases of transcript models containg intron longer than 1000Kbp
2020-08-27 18:05:04,907 - DEBUG - Generated 2165800 features corresponding to 172912 transcript models from /net/isi-dcnl/ifs/user_data/abild/Genomes/refdata-cellranger-GRCh38-3.0.0/genes/genes.gtf
2020-08-27 18:05:04,938 - INFO - Scan /net/isi-dcnl/ifs/user_data/abild/Megatron_data/COH047/FEL023024.mRNA/FEL023_count03/FEL023_S/outs/possorted_genome_bam.bam to validate intron intervals
2020-08-27 18:05:08,868 - DEBUG - Reading /net/isi-dcnl/ifs/user_data/abild/Megatron_data/COH047/FEL023024.mRNA/FEL023_count03/FEL023_S/outs/possorted_genome_bam.bam
2020-08-27 18:05:08,880 - DEBUG - Read first 0 million reads
2020-08-27 18:05:08,883 - DEBUG - Marking up chromosome 1
2020-08-27 18:05:51,203 - DEBUG - Marking up chromosome 10
2020-08-27 18:06:23,650 - DEBUG - Marking up chromosome 11
2020-08-27 18:06:46,030 - DEBUG - Read first 10 million reads
2020-08-27 18:07:04,389 - DEBUG - Marking up chromosome 12
2020-08-27 18:07:27,798 - DEBUG - Marking up chromosome 13
2020-08-27 18:07:38,381 - DEBUG - Marking up chromosome 14
2020-08-27 18:07:57,867 - DEBUG - Marking up chromosome 15
2020-08-27 18:08:14,679 - DEBUG - Marking up chromosome 16
2020-08-27 18:08:24,981 - DEBUG - Read first 20 million reads
2020-08-27 18:08:31,071 - DEBUG - Marking up chromosome 17
2020-08-27 18:08:51,413 - DEBUG - Marking up chromosome 18
2020-08-27 18:09:01,959 - DEBUG - Marking up chromosome 19
2020-08-27 18:09:18,298 - DEBUG - Marking up chromosome 2
2020-08-27 18:10:00,028 - DEBUG - Marking up chromosome 20
2020-08-27 18:10:05,578 - DEBUG - Read first 30 million reads
2020-08-27 18:10:11,734 - DEBUG - Marking up chromosome 21
2020-08-27 18:10:29,199 - DEBUG - Marking up chromosome 22
2020-08-27 18:10:37,981 - DEBUG - Marking up chromosome 3
2020-08-27 18:11:00,984 - DEBUG - Read first 40 million reads
2020-08-27 18:11:09,048 - DEBUG - Marking up chromosome 4
2020-08-27 18:11:33,064 - DEBUG - Marking up chromosome 5
2020-08-27 18:11:55,212 - DEBUG - Marking up chromosome 6
2020-08-27 18:12:20,841 - DEBUG - Marking up chromosome 7
2020-08-27 18:12:36,402 - DEBUG - Read first 50 million reads
2020-08-27 18:12:43,256 - DEBUG - Marking up chromosome 8
2020-08-27 18:13:04,881 - DEBUG - Marking up chromosome 9
2020-08-27 18:13:19,664 - DEBUG - Marking up chromosome MT
2020-08-27 18:13:21,644 - DEBUG - Marking up chromosome X
2020-08-27 18:13:34,472 - DEBUG - Marking up chromosome Y
2020-08-27 18:13:34,555 - DEBUG - Marking up chromosome KI270728.1
2020-08-27 18:13:34,560 - DEBUG - Marking up chromosome KI270727.1
2020-08-27 18:13:34,562 - DEBUG - Marking up chromosome KI270442.1
2020-08-27 18:13:34,562 - WARNING - The .bam file refers to a chromosome 'KI270442.1+' not present in the annotation (.gtf) file
2020-08-27 18:13:34,562 - WARNING - The .bam file refers to a chromosome 'KI270442.1-' not present in the annotation (.gtf) file
2020-08-27 18:13:34,565 - DEBUG - Marking up chromosome KI270729.1
2020-08-27 18:13:34,565 - WARNING - The .bam file refers to a chromosome 'KI270729.1+' not present in the annotation (.gtf) file
2020-08-27 18:13:34,565 - WARNING - The .bam file refers to a chromosome 'KI270729.1-' not present in the annotation (.gtf) file
2020-08-27 18:13:34,566 - DEBUG - Marking up chromosome GL000225.1
2020-08-27 18:13:34,566 - WARNING - The .bam file refers to a chromosome 'GL000225.1+' not present in the annotation (.gtf) file
2020-08-27 18:13:34,566 - WARNING - The .bam file refers to a chromosome 'GL000225.1-' not present in the annotation (.gtf) file
2020-08-27 18:13:34,567 - DEBUG - Marking up chromosome KI270743.1
2020-08-27 18:13:34,567 - WARNING - The .bam file refers to a chromosome 'KI270743.1+' not present in the annotation (.gtf) file
2020-08-27 18:13:34,567 - WARNING - The .bam file refers to a chromosome 'KI270743.1-' not present in the annotation (.gtf) file
2020-08-27 18:13:34,570 - DEBUG - Marking up chromosome GL000008.2
2020-08-27 18:13:34,570 - WARNING - The .bam file refers to a chromosome 'GL000008.2+' not present in the annotation (.gtf) file
2020-08-27 18:13:34,570 - WARNING - The .bam file refers to a chromosome 'GL000008.2-' not present in the annotation (.gtf) file
2020-08-27 18:13:34,573 - DEBUG - Marking up chromosome GL000009.2
2020-08-27 18:13:34,573 - WARNING - The .bam file refers to a chromosome 'GL000009.2+' not present in the annotation (.gtf) file
2020-08-27 18:13:34,578 - DEBUG - Marking up chromosome KI270722.1
2020-08-27 18:13:34,578 - WARNING - The .bam file refers to a chromosome 'KI270722.1+' not present in the annotation (.gtf) file
2020-08-27 18:13:34,578 - WARNING - The .bam file refers to a chromosome 'KI270722.1-' not present in the annotation (.gtf) file
2020-08-27 18:13:34,578 - DEBUG - Marking up chromosome GL000194.1
2020-08-27 18:13:34,578 - WARNING - The .bam file refers to a chromosome 'GL000194.1+' not present in the annotation (.gtf) file
2020-08-27 18:13:34,605 - DEBUG - Marking up chromosome KI270742.1
2020-08-27 18:13:34,605 - WARNING - The .bam file refers to a chromosome 'KI270742.1+' not present in the annotation (.gtf) file
2020-08-27 18:13:34,605 - WARNING - The .bam file refers to a chromosome 'KI270742.1-' not present in the annotation (.gtf) file
2020-08-27 18:13:34,616 - DEBUG - Marking up chromosome GL000205.2
2020-08-27 18:13:34,616 - WARNING - The .bam file refers to a chromosome 'GL000205.2+' not present in the annotation (.gtf) file
2020-08-27 18:13:34,633 - DEBUG - Marking up chromosome GL000195.1
2020-08-27 18:13:34,675 - DEBUG - Marking up chromosome KI270733.1
2020-08-27 18:13:34,675 - WARNING - The .bam file refers to a chromosome 'KI270733.1+' not present in the annotation (.gtf) file
2020-08-27 18:13:34,675 - WARNING - The .bam file refers to a chromosome 'KI270733.1-' not present in the annotation (.gtf) file
2020-08-27 18:13:41,234 - DEBUG - Marking up chromosome GL000224.1
2020-08-27 18:13:41,234 - WARNING - The .bam file refers to a chromosome 'GL000224.1+' not present in the annotation (.gtf) file
2020-08-27 18:13:41,234 - WARNING - The .bam file refers to a chromosome 'GL000224.1-' not present in the annotation (.gtf) file
2020-08-27 18:13:41,239 - DEBUG - Marking up chromosome GL000219.1
2020-08-27 18:13:41,239 - WARNING - The .bam file refers to a chromosome 'GL000219.1+' not present in the annotation (.gtf) file
2020-08-27 18:13:41,302 - DEBUG - Marking up chromosome KI270719.1
2020-08-27 18:13:41,302 - WARNING - The .bam file refers to a chromosome 'KI270719.1+' not present in the annotation (.gtf) file
2020-08-27 18:13:41,302 - WARNING - The .bam file refers to a chromosome 'KI270719.1-' not present in the annotation (.gtf) file
2020-08-27 18:13:41,310 - DEBUG - Marking up chromosome GL000216.2
2020-08-27 18:13:41,310 - WARNING - The .bam file refers to a chromosome 'GL000216.2+' not present in the annotation (.gtf) file
2020-08-27 18:13:41,310 - WARNING - The .bam file refers to a chromosome 'GL000216.2-' not present in the annotation (.gtf) file
2020-08-27 18:13:41,310 - DEBUG - Marking up chromosome KI270712.1
2020-08-27 18:13:41,310 - WARNING - The .bam file refers to a chromosome 'KI270712.1+' not present in the annotation (.gtf) file
2020-08-27 18:13:41,310 - WARNING - The .bam file refers to a chromosome 'KI270712.1-' not present in the annotation (.gtf) file
2020-08-27 18:13:41,313 - DEBUG - Marking up chromosome KI270706.1
2020-08-27 18:13:41,313 - WARNING - The .bam file refers to a chromosome 'KI270706.1+' not present in the annotation (.gtf) file
2020-08-27 18:13:41,313 - WARNING - The .bam file refers to a chromosome 'KI270706.1-' not present in the annotation (.gtf) file
2020-08-27 18:13:41,317 - DEBUG - Marking up chromosome KI270744.1
2020-08-27 18:13:41,317 - WARNING - The .bam file refers to a chromosome 'KI270744.1+' not present in the annotation (.gtf) file
2020-08-27 18:13:41,317 - WARNING - The .bam file refers to a chromosome 'KI270744.1-' not present in the annotation (.gtf) file
2020-08-27 18:13:41,322 - DEBUG - Marking up chromosome KI270734.1
2020-08-27 18:13:41,323 - DEBUG - Marking up chromosome GL000213.1
2020-08-27 18:13:41,323 - WARNING - The .bam file refers to a chromosome 'GL000213.1+' not present in the annotation (.gtf) file
2020-08-27 18:13:41,326 - DEBUG - Marking up chromosome GL000220.1
2020-08-27 18:13:41,326 - WARNING - The .bam file refers to a chromosome 'GL000220.1+' not present in the annotation (.gtf) file
2020-08-27 18:13:41,326 - WARNING - The .bam file refers to a chromosome 'GL000220.1-' not present in the annotation (.gtf) file
2020-08-27 18:13:42,690 - DEBUG - Read first 60 million reads
2020-08-27 18:13:47,924 - DEBUG - Marking up chromosome GL000218.1
2020-08-27 18:13:47,924 - WARNING - The .bam file refers to a chromosome 'GL000218.1+' not present in the annotation (.gtf) file
2020-08-27 18:13:47,932 - DEBUG - Marking up chromosome KI270749.1
2020-08-27 18:13:47,933 - WARNING - The .bam file refers to a chromosome 'KI270749.1+' not present in the annotation (.gtf) file
2020-08-27 18:13:47,933 - WARNING - The .bam file refers to a chromosome 'KI270749.1-' not present in the annotation (.gtf) file
2020-08-27 18:13:47,933 - DEBUG - Marking up chromosome KI270741.1
2020-08-27 18:13:47,933 - WARNING - The .bam file refers to a chromosome 'KI270741.1+' not present in the annotation (.gtf) file
2020-08-27 18:13:47,933 - WARNING - The .bam file refers to a chromosome 'KI270741.1-' not present in the annotation (.gtf) file
2020-08-27 18:13:47,934 - DEBUG - Marking up chromosome GL000221.1
2020-08-27 18:13:47,934 - WARNING - The .bam file refers to a chromosome 'GL000221.1+' not present in the annotation (.gtf) file
2020-08-27 18:13:47,934 - WARNING - The .bam file refers to a chromosome 'GL000221.1-' not present in the annotation (.gtf) file
2020-08-27 18:13:47,944 - DEBUG - Marking up chromosome KI270731.1
2020-08-27 18:13:47,944 - WARNING - The .bam file refers to a chromosome 'KI270731.1+' not present in the annotation (.gtf) file
2020-08-27 18:13:47,947 - DEBUG - Marking up chromosome KI270750.1
2020-08-27 18:13:47,947 - WARNING - The .bam file refers to a chromosome 'KI270750.1+' not present in the annotation (.gtf) file
2020-08-27 18:13:47,947 - WARNING - The .bam file refers to a chromosome 'KI270750.1-' not present in the annotation (.gtf) file
2020-08-27 18:13:47,947 - DEBUG - Marking up chromosome GL000214.1
2020-08-27 18:13:47,947 - WARNING - The .bam file refers to a chromosome 'GL000214.1+' not present in the annotation (.gtf) file
2020-08-27 18:13:47,947 - WARNING - The .bam file refers to a chromosome 'GL000214.1-' not present in the annotation (.gtf) file
2020-08-27 18:13:47,950 - DEBUG - Marking up chromosome KI270708.1
2020-08-27 18:13:47,950 - WARNING - The .bam file refers to a chromosome 'KI270708.1+' not present in the annotation (.gtf) file
2020-08-27 18:13:47,950 - WARNING - The .bam file refers to a chromosome 'KI270708.1-' not present in the annotation (.gtf) file
2020-08-27 18:13:47,950 - DEBUG - Marking up chromosome KI270737.1
2020-08-27 18:13:47,950 - WARNING - The .bam file refers to a chromosome 'KI270737.1+' not present in the annotation (.gtf) file
2020-08-27 18:13:47,950 - WARNING - The .bam file refers to a chromosome 'KI270737.1-' not present in the annotation (.gtf) file
2020-08-27 18:13:47,951 - DEBUG - Marking up chromosome KI270721.1
2020-08-27 18:13:47,951 - WARNING - The .bam file refers to a chromosome 'KI270721.1-' not present in the annotation (.gtf) file
2020-08-27 18:13:47,953 - DEBUG - Marking up chromosome KI270738.1
2020-08-27 18:13:47,953 - WARNING - The .bam file refers to a chromosome 'KI270738.1+' not present in the annotation (.gtf) file
2020-08-27 18:13:47,953 - WARNING - The .bam file refers to a chromosome 'KI270738.1-' not present in the annotation (.gtf) file
2020-08-27 18:13:47,955 - DEBUG - Marking up chromosome KI270748.1
2020-08-27 18:13:47,955 - WARNING - The .bam file refers to a chromosome 'KI270748.1+' not present in the annotation (.gtf) file
2020-08-27 18:13:47,955 - WARNING - The .bam file refers to a chromosome 'KI270748.1-' not present in the annotation (.gtf) file
2020-08-27 18:13:47,956 - DEBUG - Marking up chromosome KI270435.1
2020-08-27 18:13:47,956 - WARNING - The .bam file refers to a chromosome 'KI270435.1+' not present in the annotation (.gtf) file
2020-08-27 18:13:47,956 - WARNING - The .bam file refers to a chromosome 'KI270435.1-' not present in the annotation (.gtf) file
2020-08-27 18:13:47,956 - DEBUG - Marking up chromosome GL000208.1
2020-08-27 18:13:47,956 - WARNING - The .bam file refers to a chromosome 'GL000208.1+' not present in the annotation (.gtf) file
2020-08-27 18:13:47,957 - WARNING - The .bam file refers to a chromosome 'GL000208.1-' not present in the annotation (.gtf) file
2020-08-27 18:13:47,957 - DEBUG - Marking up chromosome KI270709.1
2020-08-27 18:13:47,957 - WARNING - The .bam file refers to a chromosome 'KI270709.1+' not present in the annotation (.gtf) file
2020-08-27 18:13:47,957 - WARNING - The .bam file refers to a chromosome 'KI270709.1-' not present in the annotation (.gtf) file
2020-08-27 18:13:47,957 - DEBUG - Marking up chromosome KI270746.1
2020-08-27 18:13:47,957 - WARNING - The .bam file refers to a chromosome 'KI270746.1+' not present in the annotation (.gtf) file
2020-08-27 18:13:47,957 - WARNING - The .bam file refers to a chromosome 'KI270746.1-' not present in the annotation (.gtf) file
2020-08-27 18:13:47,958 - DEBUG - Marking up chromosome KI270753.1
2020-08-27 18:13:47,958 - WARNING - The .bam file refers to a chromosome 'KI270753.1+' not present in the annotation (.gtf) file
2020-08-27 18:13:47,958 - WARNING - The .bam file refers to a chromosome 'KI270753.1-' not present in the annotation (.gtf) file
2020-08-27 18:13:47,958 - DEBUG - Marking up chromosome KI270735.1
2020-08-27 18:13:47,958 - WARNING - The .bam file refers to a chromosome 'KI270735.1+' not present in the annotation (.gtf) file
2020-08-27 18:13:47,959 - WARNING - The .bam file refers to a chromosome 'KI270735.1-' not present in the annotation (.gtf) file
2020-08-27 18:13:47,960 - DEBUG - Marking up chromosome KI270711.1
2020-08-27 18:13:47,960 - WARNING - The .bam file refers to a chromosome 'KI270711.1+' not present in the annotation (.gtf) file
2020-08-27 18:13:47,967 - DEBUG - Marking up chromosome KI270745.1
2020-08-27 18:13:47,967 - WARNING - The .bam file refers to a chromosome 'KI270745.1+' not present in the annotation (.gtf) file
2020-08-27 18:13:47,967 - WARNING - The .bam file refers to a chromosome 'KI270745.1-' not present in the annotation (.gtf) file
2020-08-27 18:13:47,970 - DEBUG - Marking up chromosome KI270714.1
2020-08-27 18:13:47,970 - WARNING - The .bam file refers to a chromosome 'KI270714.1+' not present in the annotation (.gtf) file
2020-08-27 18:13:47,970 - WARNING - The .bam file refers to a chromosome 'KI270714.1-' not present in the annotation (.gtf) file
2020-08-27 18:13:47,971 - DEBUG - Marking up chromosome KI270713.1
2020-08-27 18:13:47,973 - DEBUG - Marking up chromosome KI270724.1
2020-08-27 18:13:47,973 - WARNING - The .bam file refers to a chromosome 'KI270724.1+' not present in the annotation (.gtf) file
2020-08-27 18:13:47,973 - WARNING - The .bam file refers to a chromosome 'KI270724.1-' not present in the annotation (.gtf) file
2020-08-27 18:13:47,973 - DEBUG - Marking up chromosome KI270720.1
2020-08-27 18:13:47,973 - WARNING - The .bam file refers to a chromosome 'KI270720.1+' not present in the annotation (.gtf) file
2020-08-27 18:13:47,973 - WARNING - The .bam file refers to a chromosome 'KI270720.1-' not present in the annotation (.gtf) file
2020-08-27 18:13:47,974 - DEBUG - Marking up chromosome KI270723.1
2020-08-27 18:13:47,974 - WARNING - The .bam file refers to a chromosome 'KI270723.1+' not present in the annotation (.gtf) file
2020-08-27 18:13:47,974 - WARNING - The .bam file refers to a chromosome 'KI270723.1-' not present in the annotation (.gtf) file
2020-08-27 18:13:47,976 - DEBUG - Marking up chromosome KI270718.1
2020-08-27 18:13:47,976 - WARNING - The .bam file refers to a chromosome 'KI270718.1+' not present in the annotation (.gtf) file
2020-08-27 18:13:47,976 - WARNING - The .bam file refers to a chromosome 'KI270718.1-' not present in the annotation (.gtf) file
2020-08-27 18:13:47,984 - DEBUG - Marking up chromosome KI270579.1
2020-08-27 18:13:47,984 - WARNING - The .bam file refers to a chromosome 'KI270579.1+' not present in the annotation (.gtf) file
2020-08-27 18:13:47,984 - WARNING - The .bam file refers to a chromosome 'KI270579.1-' not present in the annotation (.gtf) file
2020-08-27 18:13:47,984 - DEBUG - Marking up chromosome KI270448.1
2020-08-27 18:13:47,985 - WARNING - The .bam file refers to a chromosome 'KI270448.1+' not present in the annotation (.gtf) file
2020-08-27 18:13:47,985 - WARNING - The .bam file refers to a chromosome 'KI270448.1-' not present in the annotation (.gtf) file
2020-08-27 18:13:47,985 - DEBUG - Marking up chromosome KI270363.1
2020-08-27 18:13:47,985 - WARNING - The .bam file refers to a chromosome 'KI270363.1+' not present in the annotation (.gtf) file
2020-08-27 18:13:47,985 - WARNING - The .bam file refers to a chromosome 'KI270363.1-' not present in the annotation (.gtf) file
2020-08-27 18:13:47,985 - DEBUG - Marking up chromosome KI270330.1
2020-08-27 18:13:47,985 - WARNING - The .bam file refers to a chromosome 'KI270330.1+' not present in the annotation (.gtf) file
2020-08-27 18:13:47,985 - WARNING - The .bam file refers to a chromosome 'KI270330.1-' not present in the annotation (.gtf) file
2020-08-27 18:13:52,260 - DEBUG - End of file. Reset index: start scanning from initial position.
2020-08-27 18:13:52,260 - DEBUG - 1183967 reads were skipped because no apropiate cell or umi barcode was found
2020-08-27 18:13:52,260 - DEBUG - Start molecule counting!
2020-08-27 18:13:56,302 - DEBUG - Features available for chromosomes : ['1-', '1+', '10-', '10+', '11-', '11+', '12-', '12+', '13-', '13+', '14-', '14+', '15-', '15+', '16-', '16+', '17-', '17+', '18-', '18+', '19-', '19+', '2-', '2+', '20-', '20+', '21-', '21+', '22-', '22+', '3-', '3+', '4-', '4+', '5-', '5+', '6-', '6+', '7-', '7+', '8-', '8+', '9-', '9+', 'GL000009.2-', 'GL000194.1-', 'GL000195.1-', 'GL000195.1+', 'GL000205.2-', 'GL000213.1-', 'GL000218.1-', 'GL000219.1-', 'KI270711.1-', 'KI270713.1-', 'KI270713.1+', 'KI270721.1+', 'KI270726.1+', 'KI270727.1-', 'KI270727.1+', 'KI270728.1-', 'KI270728.1+', 'KI270731.1-', 'KI270734.1-', 'KI270734.1+', 'MT-', 'MT+', 'X-', 'X+', 'Y-', 'Y+']
2020-08-27 18:13:56,302 - DEBUG - Mask available for chromosomes : []
2020-08-27 18:13:56,302 - DEBUG - Summarizing the results of intron validation.
2020-08-27 18:13:56,971 - DEBUG - Validated 313770 introns (of which unique intervals 99169) out of 996444 total possible introns (considering each possible transcript models).
2020-08-27 18:13:56,971 - DEBUG - Reading /net/isi-dcnl/ifs/user_data/abild/Megatron_data/COH047/FEL023024.mRNA/FEL023_count03/FEL023_S/outs/cellsorted_possorted_genome_bam.bam
2020-08-27 18:13:57,010 - DEBUG - Read first 0 million reads
2020-08-27 18:14:26,446 - DEBUG - Counting for batch 1, containing 100 cells and 1093411 reads
2020-08-27 18:15:09,868 - DEBUG - 0 reads not considered because fully enclosed in repeat masked regions
2020-08-27 18:15:36,929 - DEBUG - Counting for batch 2, containing 100 cells and 860681 reads
2020-08-27 18:16:10,806 - DEBUG - 0 reads not considered because fully enclosed in repeat masked regions
2020-08-27 18:16:28,375 - DEBUG - Read first 10 million reads
2020-08-27 18:16:40,267 - DEBUG - Counting for batch 3, containing 100 cells and 1081227 reads
2020-08-27 18:17:24,191 - DEBUG - 0 reads not considered because fully enclosed in repeat masked regions
2020-08-27 18:17:49,522 - DEBUG - Counting for batch 4, containing 100 cells and 770041 reads
2020-08-27 18:18:21,256 - DEBUG - 0 reads not considered because fully enclosed in repeat masked regions
2020-08-27 18:18:49,436 - DEBUG - Counting for batch 5, containing 100 cells and 1067747 reads
2020-08-27 18:19:29,697 - DEBUG - 0 reads not considered because fully enclosed in repeat masked regions
2020-08-27 18:19:55,719 - DEBUG - Read first 20 million reads
2020-08-27 18:19:57,475 - DEBUG - Counting for batch 6, containing 100 cells and 810448 reads
2020-08-27 18:20:29,430 - DEBUG - 0 reads not considered because fully enclosed in repeat masked regions
2020-08-27 18:20:55,296 - DEBUG - Counting for batch 7, containing 100 cells and 846328 reads
2020-08-27 18:21:28,955 - DEBUG - 0 reads not considered because fully enclosed in repeat masked regions
2020-08-27 18:21:54,360 - DEBUG - Counting for batch 8, containing 100 cells and 823078 reads
2020-08-27 18:22:26,951 - DEBUG - 0 reads not considered because fully enclosed in repeat masked regions
2020-08-27 18:22:52,685 - DEBUG - Counting for batch 9, containing 100 cells and 726816 reads
2020-08-27 18:23:22,017 - DEBUG - 0 reads not considered because fully enclosed in repeat masked regions
2020-08-27 18:23:34,257 - DEBUG - Read first 30 million reads
2020-08-27 18:23:50,416 - DEBUG - Counting for batch 10, containing 100 cells and 1027919 reads
2020-08-27 18:24:29,344 - DEBUG - 0 reads not considered because fully enclosed in repeat masked regions
2020-08-27 18:25:00,300 - DEBUG - Counting for batch 11, containing 100 cells and 952031 reads
2020-08-27 18:25:37,445 - DEBUG - 0 reads not considered because fully enclosed in repeat masked regions
2020-08-27 18:26:06,762 - DEBUG - Counting for batch 12, containing 100 cells and 1083987 reads
2020-08-27 18:26:46,295 - DEBUG - 0 reads not considered because fully enclosed in repeat masked regions
2020-08-27 18:27:07,693 - DEBUG - Read first 40 million reads
2020-08-27 18:27:14,826 - DEBUG - Counting for batch 13, containing 100 cells and 747485 reads
2020-08-27 18:27:42,431 - DEBUG - 0 reads not considered because fully enclosed in repeat masked regions
2020-08-27 18:28:10,579 - DEBUG - Counting for batch 14, containing 100 cells and 914287 reads
2020-08-27 18:28:45,904 - DEBUG - 0 reads not considered because fully enclosed in repeat masked regions
2020-08-27 18:29:09,968 - DEBUG - Counting for batch 15, containing 100 cells and 831453 reads
2020-08-27 18:29:42,581 - DEBUG - 0 reads not considered because fully enclosed in repeat masked regions
2020-08-27 18:30:09,290 - DEBUG - Counting for batch 16, containing 100 cells and 773557 reads
2020-08-27 18:30:40,624 - DEBUG - 0 reads not considered because fully enclosed in repeat masked regions
2020-08-27 18:30:50,745 - DEBUG - Read first 50 million reads
2020-08-27 18:31:03,017 - DEBUG - Counting for batch 17, containing 100 cells and 751354 reads
2020-08-27 18:31:33,794 - DEBUG - 0 reads not considered because fully enclosed in repeat masked regions
2020-08-27 18:31:58,573 - DEBUG - Counting for batch 18, containing 100 cells and 970965 reads
2020-08-27 18:32:37,703 - DEBUG - 0 reads not considered because fully enclosed in repeat masked regions
2020-08-27 18:33:05,716 - DEBUG - Counting for batch 19, containing 100 cells and 1049724 reads
2020-08-27 18:33:48,062 - DEBUG - 0 reads not considered because fully enclosed in repeat masked regions
2020-08-27 18:34:07,766 - DEBUG - Read first 60 million reads
2020-08-27 18:34:14,549 - DEBUG - Counting for batch 20, containing 100 cells and 824411 reads
2020-08-27 18:34:44,693 - DEBUG - 0 reads not considered because fully enclosed in repeat masked regions
2020-08-27 18:35:12,066 - DEBUG - Counting for batch 21, containing 100 cells and 821297 reads
2020-08-27 18:35:44,634 - DEBUG - 0 reads not considered because fully enclosed in repeat masked regions
2020-08-27 18:35:55,517 - DEBUG - Counting for batch 22, containing 21 cells and 153983 reads
2020-08-27 18:36:00,329 - DEBUG - 0 reads not considered because fully enclosed in repeat masked regions
2020-08-27 18:36:01,787 - DEBUG - 1183967 reads were skipped because no apropiate cell or umi barcode was found
2020-08-27 18:36:01,788 - DEBUG - Counting done!
2020-08-27 18:36:01,810 - DEBUG - Generating output file /net/isi-dcnl/ifs/user_data/abild/Megatron_data/COH047/FEL023024.mRNA/FEL023_count03/FEL023_S/velocyto/FEL023_S.loom
2020-08-27 18:36:01,810 - DEBUG - Collecting row attributes
2020-08-27 18:36:01,918 - DEBUG - Generating data table
2020-08-27 18:36:02,954 - DEBUG - Writing loom file
2020-08-27 18:36:07,545 - DEBUG - Terminated Succesfully!
Start: 1598576670
End: 1598578569
Run time: 1899
Done
