CPU: 16
N: 29
Step1: Analyze spliced and unspliced reads and genrate a loom file for velocityR
Run velocyto to generate loom file
2020-08-27 17:39:26,207 - DEBUG - Using logic: Default
2020-08-27 17:39:26,230 - INFO - Read 1458 cell barcodes from /net/isi-dcnl/ifs/user_data/abild/Megatron_data/COH049/FEL017022.mRNA/feline_p1722.10x.counts/FEL021_M/outs/filtered_feature_bc_matrix/barcodes.tsv.gz
2020-08-27 17:39:26,230 - DEBUG - Example of barcode: AAACCCAAGACCCTTA and cell_id: FEL021_M:AAACCCAAGACCCTTA-1
2020-08-27 17:39:26,246 - DEBUG - Peeking into /net/isi-dcnl/ifs/user_data/abild/Megatron_data/COH049/FEL017022.mRNA/feline_p1722.10x.counts/FEL021_M/outs/possorted_genome_bam.bam
2020-08-27 17:39:26,528 - WARNING - Not found cell and umi barcode in entry 13 of the bam file
2020-08-27 17:39:26,533 - WARNING - Not found cell and umi barcode in entry 644 of the bam file
2020-08-27 17:39:26,534 - WARNING - Not found cell and umi barcode in entry 716 of the bam file
2020-08-27 17:39:26,534 - WARNING - Not found cell and umi barcode in entry 731 of the bam file
2020-08-27 17:39:26,534 - WARNING - Not found cell and umi barcode in entry 751 of the bam file
2020-08-27 17:39:26,535 - WARNING - Not found cell and umi barcode in entry 752 of the bam file
2020-08-27 17:39:26,535 - WARNING - Not found cell and umi barcode in entry 753 of the bam file
2020-08-27 17:39:26,535 - WARNING - Not found cell and umi barcode in entry 779 of the bam file
2020-08-27 17:39:26,535 - WARNING - Not found cell and umi barcode in entry 784 of the bam file
2020-08-27 17:39:26,535 - WARNING - Not found cell and umi barcode in entry 787 of the bam file
2020-08-27 17:39:26,535 - WARNING - Not found cell and umi barcode in entry 788 of the bam file
2020-08-27 17:39:26,535 - WARNING - Not found cell and umi barcode in entry 789 of the bam file
2020-08-27 17:39:26,535 - WARNING - Not found cell and umi barcode in entry 793 of the bam file
2020-08-27 17:39:26,535 - WARNING - Not found cell and umi barcode in entry 794 of the bam file
2020-08-27 17:39:26,536 - WARNING - Not found cell and umi barcode in entry 795 of the bam file
2020-08-27 17:39:26,536 - WARNING - Not found cell and umi barcode in entry 796 of the bam file
2020-08-27 17:39:26,536 - WARNING - Not found cell and umi barcode in entry 838 of the bam file
2020-08-27 17:39:26,536 - WARNING - Not found cell and umi barcode in entry 839 of the bam file
2020-08-27 17:39:26,537 - WARNING - Not found cell and umi barcode in entry 900 of the bam file
2020-08-27 17:39:26,537 - WARNING - Not found cell and umi barcode in entry 901 of the bam file
2020-08-27 17:39:26,538 - WARNING - Not found cell and umi barcode in entry 1015 of the bam file
2020-08-27 17:39:26,538 - WARNING - Not found cell and umi barcode in entry 1016 of the bam file
2020-08-27 17:39:26,538 - WARNING - Not found cell and umi barcode in entry 1017 of the bam file
2020-08-27 17:39:26,538 - WARNING - Not found cell and umi barcode in entry 1018 of the bam file
2020-08-27 17:39:26,538 - WARNING - Not found cell and umi barcode in entry 1019 of the bam file
2020-08-27 17:39:26,547 - WARNING - The file /net/isi-dcnl/ifs/user_data/abild/Megatron_data/COH049/FEL017022.mRNA/feline_p1722.10x.counts/FEL021_M/outs/cellsorted_possorted_genome_bam.bam already exists. The sorting step will be skipped and the existing file will be used.
2020-08-27 17:39:26,547 - INFO - Load the annotation from /net/isi-dcnl/ifs/user_data/abild/Genomes/refdata-cellranger-GRCh38-3.0.0/genes/genes.gtf
2020-08-27 17:39:35,585 - DEBUG - Parsing Chromosome 1 strand - [line 0]
2020-08-27 17:39:36,280 - DEBUG - Done with 1- [line 108728]
2020-08-27 17:39:36,280 - DEBUG - Assigning indexes to genes
2020-08-27 17:39:36,292 - DEBUG - Seen 1561 genes until now
2020-08-27 17:39:36,293 - DEBUG - Parsing Chromosome 1 strand + [line 108729]
2020-08-27 17:39:37,325 - DEBUG - Done with 1+ [line 232515]
2020-08-27 17:39:37,325 - DEBUG - Assigning indexes to genes
2020-08-27 17:39:37,338 - DEBUG - Seen 3154 genes until now
2020-08-27 17:39:37,338 - DEBUG - Parsing Chromosome 10 strand - [line 232516]
2020-08-27 17:39:37,579 - DEBUG - Done with 10- [line 279343]
2020-08-27 17:39:37,579 - DEBUG - Assigning indexes to genes
2020-08-27 17:39:37,583 - DEBUG - Seen 3737 genes until now
2020-08-27 17:39:37,583 - DEBUG - Parsing Chromosome 10 strand + [line 279344]
2020-08-27 17:39:37,803 - DEBUG - Done with 10+ [line 323872]
2020-08-27 17:39:37,803 - DEBUG - Assigning indexes to genes
2020-08-27 17:39:37,807 - DEBUG - Seen 4384 genes until now
2020-08-27 17:39:37,807 - DEBUG - Parsing Chromosome 11 strand - [line 323873]
2020-08-27 17:39:38,409 - DEBUG - Done with 11- [line 402908]
2020-08-27 17:39:38,410 - DEBUG - Assigning indexes to genes
2020-08-27 17:39:38,420 - DEBUG - Seen 5320 genes until now
2020-08-27 17:39:38,420 - DEBUG - Parsing Chromosome 11 strand + [line 402909]
2020-08-27 17:39:39,081 - DEBUG - Done with 11+ [line 482591]
2020-08-27 17:39:39,081 - DEBUG - Assigning indexes to genes
2020-08-27 17:39:39,090 - DEBUG - Seen 6305 genes until now
2020-08-27 17:39:39,090 - DEBUG - Parsing Chromosome 12 strand - [line 482592]
2020-08-27 17:39:39,477 - DEBUG - Done with 12- [line 559278]
2020-08-27 17:39:39,477 - DEBUG - Assigning indexes to genes
2020-08-27 17:39:39,485 - DEBUG - Seen 7177 genes until now
2020-08-27 17:39:39,485 - DEBUG - Parsing Chromosome 12 strand + [line 559279]
2020-08-27 17:39:39,865 - DEBUG - Done with 12+ [line 635173]
2020-08-27 17:39:39,865 - DEBUG - Assigning indexes to genes
2020-08-27 17:39:39,873 - DEBUG - Seen 8070 genes until now
2020-08-27 17:39:39,873 - DEBUG - Parsing Chromosome 13 strand - [line 635174]
2020-08-27 17:39:40,224 - DEBUG - Done with 13- [line 653523]
2020-08-27 17:39:40,224 - DEBUG - Assigning indexes to genes
2020-08-27 17:39:40,227 - DEBUG - Seen 8400 genes until now
2020-08-27 17:39:40,227 - DEBUG - Parsing Chromosome 13 strand + [line 653524]
2020-08-27 17:39:40,323 - DEBUG - Done with 13+ [line 673091]
2020-08-27 17:39:40,323 - DEBUG - Assigning indexes to genes
2020-08-27 17:39:40,325 - DEBUG - Seen 8736 genes until now
2020-08-27 17:39:40,325 - DEBUG - Parsing Chromosome 14 strand - [line 673092]
2020-08-27 17:39:40,538 - DEBUG - Done with 14- [line 716831]
2020-08-27 17:39:40,538 - DEBUG - Assigning indexes to genes
2020-08-27 17:39:40,543 - DEBUG - Seen 9452 genes until now
2020-08-27 17:39:40,543 - DEBUG - Parsing Chromosome 14 strand + [line 716832]
2020-08-27 17:39:40,781 - DEBUG - Done with 14+ [line 764942]
2020-08-27 17:39:40,781 - DEBUG - Assigning indexes to genes
2020-08-27 17:39:40,786 - DEBUG - Seen 10121 genes until now
2020-08-27 17:39:40,786 - DEBUG - Parsing Chromosome 15 strand - [line 764943]
2020-08-27 17:39:41,033 - DEBUG - Done with 15- [line 813803]
2020-08-27 17:39:41,033 - DEBUG - Assigning indexes to genes
2020-08-27 17:39:41,038 - DEBUG - Seen 10698 genes until now
2020-08-27 17:39:41,038 - DEBUG - Parsing Chromosome 15 strand + [line 813804]
2020-08-27 17:39:41,260 - DEBUG - Done with 15+ [line 857859]
2020-08-27 17:39:41,260 - DEBUG - Assigning indexes to genes
2020-08-27 17:39:41,264 - DEBUG - Seen 11256 genes until now
2020-08-27 17:39:41,265 - DEBUG - Parsing Chromosome 16 strand - [line 857860]
2020-08-27 17:39:41,861 - DEBUG - Done with 16- [line 911118]
2020-08-27 17:39:41,861 - DEBUG - Assigning indexes to genes
2020-08-27 17:39:41,867 - DEBUG - Seen 11998 genes until now
2020-08-27 17:39:41,867 - DEBUG - Parsing Chromosome 16 strand + [line 911119]
2020-08-27 17:39:42,216 - DEBUG - Done with 16+ [line 981663]
2020-08-27 17:39:42,216 - DEBUG - Assigning indexes to genes
2020-08-27 17:39:42,224 - DEBUG - Seen 12787 genes until now
2020-08-27 17:39:42,224 - DEBUG - Parsing Chromosome 17 strand - [line 981664]
2020-08-27 17:39:42,646 - DEBUG - Done with 17- [line 1066635]
2020-08-27 17:39:42,646 - DEBUG - Assigning indexes to genes
2020-08-27 17:39:42,656 - DEBUG - Seen 13775 genes until now
2020-08-27 17:39:42,656 - DEBUG - Parsing Chromosome 17 strand + [line 1066636]
2020-08-27 17:39:43,376 - DEBUG - Done with 17+ [line 1143834]
2020-08-27 17:39:43,376 - DEBUG - Assigning indexes to genes
2020-08-27 17:39:43,386 - DEBUG - Seen 14681 genes until now
2020-08-27 17:39:43,386 - DEBUG - Parsing Chromosome 18 strand - [line 1143835]
2020-08-27 17:39:43,509 - DEBUG - Done with 18- [line 1168496]
2020-08-27 17:39:43,509 - DEBUG - Assigning indexes to genes
2020-08-27 17:39:43,511 - DEBUG - Seen 15006 genes until now
2020-08-27 17:39:43,511 - DEBUG - Parsing Chromosome 18 strand + [line 1168497]
2020-08-27 17:39:43,622 - DEBUG - Done with 18+ [line 1189691]
2020-08-27 17:39:43,622 - DEBUG - Assigning indexes to genes
2020-08-27 17:39:43,624 - DEBUG - Seen 15343 genes until now
2020-08-27 17:39:43,624 - DEBUG - Parsing Chromosome 19 strand - [line 1189692]
2020-08-27 17:39:44,021 - DEBUG - Done with 19- [line 1268854]
2020-08-27 17:39:44,021 - DEBUG - Assigning indexes to genes
2020-08-27 17:39:44,030 - DEBUG - Seen 16352 genes until now
2020-08-27 17:39:44,030 - DEBUG - Parsing Chromosome 19 strand + [line 1268855]
2020-08-27 17:39:44,429 - DEBUG - Done with 19+ [line 1351833]
2020-08-27 17:39:44,430 - DEBUG - Assigning indexes to genes
2020-08-27 17:39:44,439 - DEBUG - Seen 17347 genes until now
2020-08-27 17:39:44,439 - DEBUG - Parsing Chromosome 2 strand - [line 1351834]
2020-08-27 17:39:44,929 - DEBUG - Done with 2- [line 1448710]
2020-08-27 17:39:44,929 - DEBUG - Assigning indexes to genes
2020-08-27 17:39:44,939 - DEBUG - Seen 18472 genes until now
2020-08-27 17:39:44,939 - DEBUG - Parsing Chromosome 2 strand + [line 1448711]
2020-08-27 17:39:45,845 - DEBUG - Done with 2+ [line 1542602]
2020-08-27 17:39:45,845 - DEBUG - Assigning indexes to genes
2020-08-27 17:39:45,856 - DEBUG - Seen 19632 genes until now
2020-08-27 17:39:45,856 - DEBUG - Parsing Chromosome 20 strand - [line 1542603]
2020-08-27 17:39:45,989 - DEBUG - Done with 20- [line 1569195]
2020-08-27 17:39:45,989 - DEBUG - Assigning indexes to genes
2020-08-27 17:39:45,994 - DEBUG - Seen 20079 genes until now
2020-08-27 17:39:45,994 - DEBUG - Parsing Chromosome 20 strand + [line 1569196]
2020-08-27 17:39:46,149 - DEBUG - Done with 20+ [line 1600541]
2020-08-27 17:39:46,150 - DEBUG - Assigning indexes to genes
2020-08-27 17:39:46,153 - DEBUG - Seen 20527 genes until now
2020-08-27 17:39:46,153 - DEBUG - Parsing Chromosome 21 strand - [line 1600542]
2020-08-27 17:39:46,222 - DEBUG - Done with 21- [line 1614106]
2020-08-27 17:39:46,222 - DEBUG - Assigning indexes to genes
2020-08-27 17:39:46,223 - DEBUG - Seen 20795 genes until now
2020-08-27 17:39:46,223 - DEBUG - Parsing Chromosome 21 strand + [line 1614107]
2020-08-27 17:39:46,299 - DEBUG - Done with 21+ [line 1628392]
2020-08-27 17:39:46,299 - DEBUG - Assigning indexes to genes
2020-08-27 17:39:46,300 - DEBUG - Seen 21029 genes until now
2020-08-27 17:39:46,301 - DEBUG - Parsing Chromosome 22 strand - [line 1628393]
2020-08-27 17:39:46,427 - DEBUG - Done with 22- [line 1653805]
2020-08-27 17:39:46,427 - DEBUG - Assigning indexes to genes
2020-08-27 17:39:46,429 - DEBUG - Seen 21391 genes until now
2020-08-27 17:39:46,429 - DEBUG - Parsing Chromosome 22 strand + [line 1653806]
2020-08-27 17:39:46,583 - DEBUG - Done with 22+ [line 1684245]
2020-08-27 17:39:46,583 - DEBUG - Assigning indexes to genes
2020-08-27 17:39:46,587 - DEBUG - Seen 21866 genes until now
2020-08-27 17:39:46,587 - DEBUG - Parsing Chromosome 3 strand - [line 1684246]
2020-08-27 17:39:46,988 - DEBUG - Done with 3- [line 1763939]
2020-08-27 17:39:46,988 - DEBUG - Assigning indexes to genes
2020-08-27 17:39:46,997 - DEBUG - Seen 22713 genes until now
2020-08-27 17:39:46,997 - DEBUG - Parsing Chromosome 3 strand + [line 1763940]
2020-08-27 17:39:47,407 - DEBUG - Done with 3+ [line 1844840]
2020-08-27 17:39:47,407 - DEBUG - Assigning indexes to genes
2020-08-27 17:39:47,416 - DEBUG - Seen 23585 genes until now
2020-08-27 17:39:47,416 - DEBUG - Parsing Chromosome 4 strand - [line 1844841]
2020-08-27 17:39:48,195 - DEBUG - Done with 4- [line 1898665]
2020-08-27 17:39:48,195 - DEBUG - Assigning indexes to genes
2020-08-27 17:39:48,201 - DEBUG - Seen 24246 genes until now
2020-08-27 17:39:48,201 - DEBUG - Parsing Chromosome 4 strand + [line 1898666]
2020-08-27 17:39:48,443 - DEBUG - Done with 4+ [line 1947617]
2020-08-27 17:39:48,443 - DEBUG - Assigning indexes to genes
2020-08-27 17:39:48,448 - DEBUG - Seen 24938 genes until now
2020-08-27 17:39:48,448 - DEBUG - Parsing Chromosome 5 strand - [line 1947618]
2020-08-27 17:39:48,719 - DEBUG - Done with 5- [line 2001140]
2020-08-27 17:39:48,719 - DEBUG - Assigning indexes to genes
2020-08-27 17:39:48,725 - DEBUG - Seen 25741 genes until now
2020-08-27 17:39:48,725 - DEBUG - Parsing Chromosome 5 strand + [line 2001141]
2020-08-27 17:39:49,024 - DEBUG - Done with 5+ [line 2062165]
2020-08-27 17:39:49,024 - DEBUG - Assigning indexes to genes
2020-08-27 17:39:49,031 - DEBUG - Seen 26599 genes until now
2020-08-27 17:39:49,031 - DEBUG - Parsing Chromosome 6 strand - [line 2062166]
2020-08-27 17:39:49,330 - DEBUG - Done with 6- [line 2121425]
2020-08-27 17:39:49,330 - DEBUG - Assigning indexes to genes
2020-08-27 17:39:49,337 - DEBUG - Seen 27435 genes until now
2020-08-27 17:39:49,337 - DEBUG - Parsing Chromosome 6 strand + [line 2121426]
2020-08-27 17:39:49,603 - DEBUG - Done with 6+ [line 2176078]
2020-08-27 17:39:49,603 - DEBUG - Assigning indexes to genes
2020-08-27 17:39:49,609 - DEBUG - Seen 28231 genes until now
2020-08-27 17:39:49,609 - DEBUG - Parsing Chromosome 7 strand - [line 2176079]
2020-08-27 17:39:49,902 - DEBUG - Done with 7- [line 2233605]
2020-08-27 17:39:49,902 - DEBUG - Assigning indexes to genes
2020-08-27 17:39:49,909 - DEBUG - Seen 28953 genes until now
2020-08-27 17:39:49,909 - DEBUG - Parsing Chromosome 7 strand + [line 2233606]
2020-08-27 17:39:50,220 - DEBUG - Done with 7+ [line 2295513]
2020-08-27 17:39:50,220 - DEBUG - Assigning indexes to genes
2020-08-27 17:39:50,227 - DEBUG - Seen 29770 genes until now
2020-08-27 17:39:50,227 - DEBUG - Parsing Chromosome 8 strand - [line 2295514]
2020-08-27 17:39:50,470 - DEBUG - Done with 8- [line 2343289]
2020-08-27 17:39:50,470 - DEBUG - Assigning indexes to genes
2020-08-27 17:39:50,476 - DEBUG - Seen 30442 genes until now
2020-08-27 17:39:50,476 - DEBUG - Parsing Chromosome 8 strand + [line 2343290]
2020-08-27 17:39:50,694 - DEBUG - Done with 8+ [line 2386793]
2020-08-27 17:39:50,695 - DEBUG - Assigning indexes to genes
2020-08-27 17:39:50,699 - DEBUG - Seen 31090 genes until now
2020-08-27 17:39:50,699 - DEBUG - Parsing Chromosome 9 strand - [line 2386794]
2020-08-27 17:39:51,523 - DEBUG - Done with 9- [line 2430389]
2020-08-27 17:39:51,524 - DEBUG - Assigning indexes to genes
2020-08-27 17:39:51,528 - DEBUG - Seen 31710 genes until now
2020-08-27 17:39:51,528 - DEBUG - Parsing Chromosome 9 strand + [line 2430390]
2020-08-27 17:39:51,758 - DEBUG - Done with 9+ [line 2477312]
2020-08-27 17:39:51,759 - DEBUG - Assigning indexes to genes
2020-08-27 17:39:51,763 - DEBUG - Seen 32318 genes until now
2020-08-27 17:39:51,763 - DEBUG - Parsing Chromosome GL000009.2 strand - [line 2477313]
2020-08-27 17:39:51,763 - DEBUG - Done with GL000009.2- [line 2477320]
2020-08-27 17:39:51,763 - DEBUG - Assigning indexes to genes
2020-08-27 17:39:51,763 - DEBUG - Seen 32319 genes until now
2020-08-27 17:39:51,763 - DEBUG - Parsing Chromosome GL000194.1 strand - [line 2477321]
2020-08-27 17:39:51,763 - DEBUG - Done with GL000194.1- [line 2477346]
2020-08-27 17:39:51,763 - DEBUG - Assigning indexes to genes
2020-08-27 17:39:51,763 - DEBUG - Seen 32321 genes until now
2020-08-27 17:39:51,763 - DEBUG - Parsing Chromosome GL000195.1 strand - [line 2477347]
2020-08-27 17:39:51,763 - DEBUG - Done with GL000195.1- [line 2477356]
2020-08-27 17:39:51,763 - DEBUG - Assigning indexes to genes
2020-08-27 17:39:51,763 - DEBUG - Seen 32322 genes until now
2020-08-27 17:39:51,764 - DEBUG - Parsing Chromosome GL000195.1 strand + [line 2477357]
2020-08-27 17:39:51,764 - DEBUG - Done with GL000195.1+ [line 2477370]
2020-08-27 17:39:51,764 - DEBUG - Assigning indexes to genes
2020-08-27 17:39:51,764 - DEBUG - Seen 32323 genes until now
2020-08-27 17:39:51,764 - DEBUG - Parsing Chromosome GL000205.2 strand - [line 2477371]
2020-08-27 17:39:51,764 - DEBUG - Done with GL000205.2- [line 2477384]
2020-08-27 17:39:51,764 - DEBUG - Assigning indexes to genes
2020-08-27 17:39:51,764 - DEBUG - Seen 32324 genes until now
2020-08-27 17:39:51,764 - DEBUG - Parsing Chromosome GL000213.1 strand - [line 2477385]
2020-08-27 17:39:51,764 - DEBUG - Done with GL000213.1- [line 2477433]
2020-08-27 17:39:51,764 - DEBUG - Assigning indexes to genes
2020-08-27 17:39:51,764 - DEBUG - Seen 32325 genes until now
2020-08-27 17:39:51,764 - DEBUG - Parsing Chromosome GL000218.1 strand - [line 2477434]
2020-08-27 17:39:51,764 - DEBUG - Done with GL000218.1- [line 2477441]
2020-08-27 17:39:51,764 - DEBUG - Assigning indexes to genes
2020-08-27 17:39:51,765 - DEBUG - Seen 32326 genes until now
2020-08-27 17:39:51,765 - DEBUG - Parsing Chromosome GL000219.1 strand - [line 2477442]
2020-08-27 17:39:51,765 - DEBUG - Done with GL000219.1- [line 2477453]
2020-08-27 17:39:51,765 - DEBUG - Assigning indexes to genes
2020-08-27 17:39:51,765 - DEBUG - Seen 32327 genes until now
2020-08-27 17:39:51,765 - DEBUG - Parsing Chromosome KI270711.1 strand - [line 2477454]
2020-08-27 17:39:51,766 - DEBUG - Done with KI270711.1- [line 2477604]
2020-08-27 17:39:51,766 - DEBUG - Assigning indexes to genes
2020-08-27 17:39:51,766 - DEBUG - Seen 32328 genes until now
2020-08-27 17:39:51,766 - DEBUG - Parsing Chromosome KI270713.1 strand - [line 2477605]
2020-08-27 17:39:51,766 - DEBUG - Done with KI270713.1- [line 2477612]
2020-08-27 17:39:51,766 - DEBUG - Assigning indexes to genes
2020-08-27 17:39:51,766 - DEBUG - Seen 32329 genes until now
2020-08-27 17:39:51,766 - DEBUG - Parsing Chromosome KI270713.1 strand + [line 2477613]
2020-08-27 17:39:51,766 - DEBUG - Done with KI270713.1+ [line 2477618]
2020-08-27 17:39:51,766 - DEBUG - Assigning indexes to genes
2020-08-27 17:39:51,766 - DEBUG - Seen 32330 genes until now
2020-08-27 17:39:51,766 - DEBUG - Parsing Chromosome KI270721.1 strand + [line 2477619]
2020-08-27 17:39:51,766 - DEBUG - Done with KI270721.1+ [line 2477634]
2020-08-27 17:39:51,766 - DEBUG - Assigning indexes to genes
2020-08-27 17:39:51,766 - DEBUG - Seen 32331 genes until now
2020-08-27 17:39:51,766 - DEBUG - Parsing Chromosome KI270726.1 strand + [line 2477635]
2020-08-27 17:39:51,766 - DEBUG - Done with KI270726.1+ [line 2477645]
2020-08-27 17:39:51,766 - DEBUG - Assigning indexes to genes
2020-08-27 17:39:51,767 - DEBUG - Seen 32333 genes until now
2020-08-27 17:39:51,767 - DEBUG - Parsing Chromosome KI270727.1 strand - [line 2477646]
2020-08-27 17:39:51,767 - DEBUG - Done with KI270727.1- [line 2477704]
2020-08-27 17:39:51,767 - DEBUG - Assigning indexes to genes
2020-08-27 17:39:51,767 - DEBUG - Seen 32335 genes until now
2020-08-27 17:39:51,767 - DEBUG - Parsing Chromosome KI270727.1 strand + [line 2477705]
2020-08-27 17:39:51,767 - DEBUG - Done with KI270727.1+ [line 2477719]
2020-08-27 17:39:51,767 - DEBUG - Assigning indexes to genes
2020-08-27 17:39:51,767 - DEBUG - Seen 32337 genes until now
2020-08-27 17:39:51,767 - DEBUG - Parsing Chromosome KI270728.1 strand - [line 2477720]
2020-08-27 17:39:51,768 - DEBUG - Done with KI270728.1- [line 2477796]
2020-08-27 17:39:51,768 - DEBUG - Assigning indexes to genes
2020-08-27 17:39:51,768 - DEBUG - Seen 32339 genes until now
2020-08-27 17:39:51,768 - DEBUG - Parsing Chromosome KI270728.1 strand + [line 2477797]
2020-08-27 17:39:51,768 - DEBUG - Done with KI270728.1+ [line 2477833]
2020-08-27 17:39:51,768 - DEBUG - Assigning indexes to genes
2020-08-27 17:39:51,768 - DEBUG - Seen 32343 genes until now
2020-08-27 17:39:51,768 - DEBUG - Parsing Chromosome KI270731.1 strand - [line 2477834]
2020-08-27 17:39:51,768 - DEBUG - Done with KI270731.1- [line 2477840]
2020-08-27 17:39:51,768 - DEBUG - Assigning indexes to genes
2020-08-27 17:39:51,768 - DEBUG - Seen 32344 genes until now
2020-08-27 17:39:51,768 - DEBUG - Parsing Chromosome KI270734.1 strand - [line 2477841]
2020-08-27 17:39:51,769 - DEBUG - Done with KI270734.1- [line 2477909]
2020-08-27 17:39:51,769 - DEBUG - Assigning indexes to genes
2020-08-27 17:39:51,769 - DEBUG - Seen 32345 genes until now
2020-08-27 17:39:51,769 - DEBUG - Parsing Chromosome KI270734.1 strand + [line 2477910]
2020-08-27 17:39:51,769 - DEBUG - Done with KI270734.1+ [line 2477932]
2020-08-27 17:39:51,769 - DEBUG - Assigning indexes to genes
2020-08-27 17:39:51,769 - DEBUG - Seen 32347 genes until now
2020-08-27 17:39:51,769 - DEBUG - Parsing Chromosome MT strand - [line 2477933]
2020-08-27 17:39:51,769 - DEBUG - Done with MT- [line 2477938]
2020-08-27 17:39:51,769 - DEBUG - Assigning indexes to genes
2020-08-27 17:39:51,769 - DEBUG - Seen 32348 genes until now
2020-08-27 17:39:51,769 - DEBUG - Parsing Chromosome MT strand + [line 2477939]
2020-08-27 17:39:51,770 - DEBUG - Done with MT+ [line 2478004]
2020-08-27 17:39:51,770 - DEBUG - Assigning indexes to genes
2020-08-27 17:39:51,770 - DEBUG - Seen 32360 genes until now
2020-08-27 17:39:51,770 - DEBUG - Parsing Chromosome X strand - [line 2478005]
2020-08-27 17:39:51,965 - DEBUG - Done with X- [line 2518937]
2020-08-27 17:39:51,965 - DEBUG - Assigning indexes to genes
2020-08-27 17:39:51,970 - DEBUG - Seen 32876 genes until now
2020-08-27 17:39:51,970 - DEBUG - Parsing Chromosome X strand + [line 2518938]
2020-08-27 17:39:52,167 - DEBUG - Done with X+ [line 2560301]
2020-08-27 17:39:52,167 - DEBUG - Assigning indexes to genes
2020-08-27 17:39:52,171 - DEBUG - Seen 33438 genes until now
2020-08-27 17:39:52,171 - DEBUG - Parsing Chromosome Y strand - [line 2560302]
2020-08-27 17:39:52,183 - DEBUG - Done with Y- [line 2562446]
2020-08-27 17:39:52,184 - DEBUG - Assigning indexes to genes
2020-08-27 17:39:52,184 - DEBUG - Seen 33485 genes until now
2020-08-27 17:39:52,184 - DEBUG - Parsing Chromosome Y strand + [line 2562447]
2020-08-27 17:39:52,197 - DEBUG - Assigning indexes to genes
2020-08-27 17:39:52,197 - DEBUG - Done with Y+ [line 2565059]
2020-08-27 17:39:52,197 - DEBUG - Fixing corner cases of transcript models containg intron longer than 1000Kbp
2020-08-27 17:39:54,006 - DEBUG - Generated 2165800 features corresponding to 172912 transcript models from /net/isi-dcnl/ifs/user_data/abild/Genomes/refdata-cellranger-GRCh38-3.0.0/genes/genes.gtf
2020-08-27 17:39:54,278 - INFO - Scan /net/isi-dcnl/ifs/user_data/abild/Megatron_data/COH049/FEL017022.mRNA/feline_p1722.10x.counts/FEL021_M/outs/possorted_genome_bam.bam to validate intron intervals
2020-08-27 17:39:59,077 - DEBUG - Reading /net/isi-dcnl/ifs/user_data/abild/Megatron_data/COH049/FEL017022.mRNA/feline_p1722.10x.counts/FEL021_M/outs/possorted_genome_bam.bam
2020-08-27 17:40:02,279 - DEBUG - Read first 0 million reads
2020-08-27 17:40:02,472 - DEBUG - Marking up chromosome 1
2020-08-27 17:41:52,297 - DEBUG - Read first 10 million reads
2020-08-27 17:42:56,343 - DEBUG - Marking up chromosome 10
2020-08-27 17:43:54,570 - DEBUG - Read first 20 million reads
2020-08-27 17:44:15,123 - DEBUG - Marking up chromosome 11
2020-08-27 17:46:36,202 - DEBUG - Read first 30 million reads
2020-08-27 17:46:54,352 - DEBUG - Marking up chromosome 12
2020-08-27 17:48:25,982 - DEBUG - Read first 40 million reads
2020-08-27 17:48:32,184 - DEBUG - Marking up chromosome 13
2020-08-27 17:48:58,639 - DEBUG - Marking up chromosome 14
2020-08-27 17:50:11,806 - DEBUG - Marking up chromosome 15
2020-08-27 17:50:58,649 - DEBUG - Read first 50 million reads
2020-08-27 17:51:27,997 - DEBUG - Marking up chromosome 16
2020-08-27 17:52:30,149 - DEBUG - Marking up chromosome 17
2020-08-27 17:53:06,959 - DEBUG - Read first 60 million reads
2020-08-27 17:54:08,538 - DEBUG - Marking up chromosome 18
2020-08-27 17:56:35,436 - DEBUG - Marking up chromosome 19
2020-08-27 17:57:48,327 - DEBUG - Read first 70 million reads
2020-08-27 18:00:11,008 - DEBUG - Marking up chromosome 2
2020-08-27 18:02:09,602 - DEBUG - Read first 80 million reads
2020-08-27 18:06:25,079 - DEBUG - Marking up chromosome 20
2020-08-27 18:07:20,643 - DEBUG - Marking up chromosome 21
2020-08-27 18:13:32,674 - DEBUG - Read first 90 million reads
2020-08-27 18:14:04,460 - DEBUG - Read first 100 million reads
2020-08-27 18:17:38,728 - DEBUG - Marking up chromosome 22
2020-08-27 18:18:10,947 - DEBUG - Marking up chromosome 3
2020-08-27 18:18:28,781 - DEBUG - Read first 110 million reads
2020-08-27 18:19:40,748 - DEBUG - Marking up chromosome 4
2020-08-27 18:20:22,059 - DEBUG - Read first 120 million reads
2020-08-27 18:20:51,303 - DEBUG - Marking up chromosome 5
2020-08-27 18:21:45,134 - DEBUG - Read first 130 million reads
2020-08-27 18:22:38,499 - DEBUG - Marking up chromosome 6
2020-08-27 18:23:29,273 - DEBUG - Read first 140 million reads
2020-08-27 18:23:57,272 - DEBUG - Marking up chromosome 7
2020-08-27 18:25:07,844 - DEBUG - Read first 150 million reads
2020-08-27 18:25:23,759 - DEBUG - Marking up chromosome 8
2020-08-27 18:26:20,686 - DEBUG - Marking up chromosome 9
2020-08-27 18:26:49,456 - DEBUG - Read first 160 million reads
2020-08-27 18:27:08,086 - DEBUG - Marking up chromosome MT
2020-08-27 18:28:10,377 - DEBUG - Read first 170 million reads
2020-08-27 18:28:48,333 - DEBUG - Marking up chromosome X
2020-08-27 18:29:25,527 - DEBUG - Marking up chromosome Y
2020-08-27 18:29:25,654 - DEBUG - Marking up chromosome KI270728.1
2020-08-27 18:29:25,672 - DEBUG - Marking up chromosome KI270727.1
2020-08-27 18:29:25,682 - DEBUG - Marking up chromosome KI270442.1
2020-08-27 18:29:25,682 - WARNING - The .bam file refers to a chromosome 'KI270442.1+' not present in the annotation (.gtf) file
2020-08-27 18:29:25,682 - WARNING - The .bam file refers to a chromosome 'KI270442.1-' not present in the annotation (.gtf) file
2020-08-27 18:29:25,685 - DEBUG - Marking up chromosome KI270729.1
2020-08-27 18:29:25,685 - WARNING - The .bam file refers to a chromosome 'KI270729.1+' not present in the annotation (.gtf) file
2020-08-27 18:29:25,685 - WARNING - The .bam file refers to a chromosome 'KI270729.1-' not present in the annotation (.gtf) file
2020-08-27 18:29:25,686 - DEBUG - Marking up chromosome KI270743.1
2020-08-27 18:29:25,686 - WARNING - The .bam file refers to a chromosome 'KI270743.1+' not present in the annotation (.gtf) file
2020-08-27 18:29:25,686 - WARNING - The .bam file refers to a chromosome 'KI270743.1-' not present in the annotation (.gtf) file
2020-08-27 18:29:25,689 - DEBUG - Marking up chromosome GL000008.2
2020-08-27 18:29:25,689 - WARNING - The .bam file refers to a chromosome 'GL000008.2+' not present in the annotation (.gtf) file
2020-08-27 18:29:25,689 - WARNING - The .bam file refers to a chromosome 'GL000008.2-' not present in the annotation (.gtf) file
2020-08-27 18:29:25,693 - DEBUG - Marking up chromosome GL000009.2
2020-08-27 18:29:25,693 - WARNING - The .bam file refers to a chromosome 'GL000009.2+' not present in the annotation (.gtf) file
2020-08-27 18:29:25,704 - DEBUG - Marking up chromosome KI270747.1
2020-08-27 18:29:25,704 - WARNING - The .bam file refers to a chromosome 'KI270747.1+' not present in the annotation (.gtf) file
2020-08-27 18:29:25,704 - WARNING - The .bam file refers to a chromosome 'KI270747.1-' not present in the annotation (.gtf) file
2020-08-27 18:29:25,704 - DEBUG - Marking up chromosome KI270722.1
2020-08-27 18:29:25,704 - WARNING - The .bam file refers to a chromosome 'KI270722.1+' not present in the annotation (.gtf) file
2020-08-27 18:29:25,704 - WARNING - The .bam file refers to a chromosome 'KI270722.1-' not present in the annotation (.gtf) file
2020-08-27 18:29:25,704 - DEBUG - Marking up chromosome GL000194.1
2020-08-27 18:29:25,704 - WARNING - The .bam file refers to a chromosome 'GL000194.1+' not present in the annotation (.gtf) file
2020-08-27 18:29:25,762 - DEBUG - Marking up chromosome KI270742.1
2020-08-27 18:29:25,762 - WARNING - The .bam file refers to a chromosome 'KI270742.1+' not present in the annotation (.gtf) file
2020-08-27 18:29:25,762 - WARNING - The .bam file refers to a chromosome 'KI270742.1-' not present in the annotation (.gtf) file
2020-08-27 18:29:25,771 - DEBUG - Marking up chromosome GL000205.2
2020-08-27 18:29:25,771 - WARNING - The .bam file refers to a chromosome 'GL000205.2+' not present in the annotation (.gtf) file
2020-08-27 18:29:25,805 - DEBUG - Marking up chromosome GL000195.1
2020-08-27 18:29:25,909 - DEBUG - Marking up chromosome KI270733.1
2020-08-27 18:29:25,910 - WARNING - The .bam file refers to a chromosome 'KI270733.1+' not present in the annotation (.gtf) file
2020-08-27 18:29:25,910 - WARNING - The .bam file refers to a chromosome 'KI270733.1-' not present in the annotation (.gtf) file
2020-08-27 18:29:30,211 - DEBUG - Read first 180 million reads
2020-08-27 18:29:47,177 - DEBUG - Marking up chromosome GL000224.1
2020-08-27 18:29:47,178 - WARNING - The .bam file refers to a chromosome 'GL000224.1+' not present in the annotation (.gtf) file
2020-08-27 18:29:47,178 - WARNING - The .bam file refers to a chromosome 'GL000224.1-' not present in the annotation (.gtf) file
2020-08-27 18:29:47,186 - DEBUG - Marking up chromosome GL000219.1
2020-08-27 18:29:47,186 - WARNING - The .bam file refers to a chromosome 'GL000219.1+' not present in the annotation (.gtf) file
2020-08-27 18:29:47,233 - DEBUG - Marking up chromosome KI270719.1
2020-08-27 18:29:47,233 - WARNING - The .bam file refers to a chromosome 'KI270719.1+' not present in the annotation (.gtf) file
2020-08-27 18:29:47,234 - WARNING - The .bam file refers to a chromosome 'KI270719.1-' not present in the annotation (.gtf) file
2020-08-27 18:29:47,247 - DEBUG - Marking up chromosome GL000216.2
2020-08-27 18:29:47,247 - WARNING - The .bam file refers to a chromosome 'GL000216.2+' not present in the annotation (.gtf) file
2020-08-27 18:29:47,247 - WARNING - The .bam file refers to a chromosome 'GL000216.2-' not present in the annotation (.gtf) file
2020-08-27 18:29:47,247 - DEBUG - Marking up chromosome KI270712.1
2020-08-27 18:29:47,247 - WARNING - The .bam file refers to a chromosome 'KI270712.1+' not present in the annotation (.gtf) file
2020-08-27 18:29:47,247 - WARNING - The .bam file refers to a chromosome 'KI270712.1-' not present in the annotation (.gtf) file
2020-08-27 18:29:47,256 - DEBUG - Marking up chromosome KI270706.1
2020-08-27 18:29:47,256 - WARNING - The .bam file refers to a chromosome 'KI270706.1+' not present in the annotation (.gtf) file
2020-08-27 18:29:47,256 - WARNING - The .bam file refers to a chromosome 'KI270706.1-' not present in the annotation (.gtf) file
2020-08-27 18:29:47,272 - DEBUG - Marking up chromosome KI270725.1
2020-08-27 18:29:47,272 - WARNING - The .bam file refers to a chromosome 'KI270725.1+' not present in the annotation (.gtf) file
2020-08-27 18:29:47,272 - WARNING - The .bam file refers to a chromosome 'KI270725.1-' not present in the annotation (.gtf) file
2020-08-27 18:29:47,273 - DEBUG - Marking up chromosome KI270744.1
2020-08-27 18:29:47,273 - WARNING - The .bam file refers to a chromosome 'KI270744.1+' not present in the annotation (.gtf) file
2020-08-27 18:29:47,273 - WARNING - The .bam file refers to a chromosome 'KI270744.1-' not present in the annotation (.gtf) file
2020-08-27 18:29:47,287 - DEBUG - Marking up chromosome KI270734.1
2020-08-27 18:29:47,301 - DEBUG - Marking up chromosome GL000213.1
2020-08-27 18:29:47,301 - WARNING - The .bam file refers to a chromosome 'GL000213.1+' not present in the annotation (.gtf) file
2020-08-27 18:29:47,312 - DEBUG - Marking up chromosome GL000220.1
2020-08-27 18:29:47,312 - WARNING - The .bam file refers to a chromosome 'GL000220.1+' not present in the annotation (.gtf) file
2020-08-27 18:29:47,312 - WARNING - The .bam file refers to a chromosome 'GL000220.1-' not present in the annotation (.gtf) file
2020-08-27 18:29:52,252 - DEBUG - Read first 190 million reads
2020-08-27 18:30:09,114 - DEBUG - Marking up chromosome KI270715.1
2020-08-27 18:30:09,115 - WARNING - The .bam file refers to a chromosome 'KI270715.1+' not present in the annotation (.gtf) file
2020-08-27 18:30:09,115 - WARNING - The .bam file refers to a chromosome 'KI270715.1-' not present in the annotation (.gtf) file
2020-08-27 18:30:09,116 - DEBUG - Marking up chromosome GL000218.1
2020-08-27 18:30:09,116 - WARNING - The .bam file refers to a chromosome 'GL000218.1+' not present in the annotation (.gtf) file
2020-08-27 18:30:09,148 - DEBUG - Marking up chromosome KI270749.1
2020-08-27 18:30:09,148 - WARNING - The .bam file refers to a chromosome 'KI270749.1+' not present in the annotation (.gtf) file
2020-08-27 18:30:09,148 - WARNING - The .bam file refers to a chromosome 'KI270749.1-' not present in the annotation (.gtf) file
2020-08-27 18:30:09,150 - DEBUG - Marking up chromosome KI270741.1
2020-08-27 18:30:09,150 - WARNING - The .bam file refers to a chromosome 'KI270741.1+' not present in the annotation (.gtf) file
2020-08-27 18:30:09,150 - WARNING - The .bam file refers to a chromosome 'KI270741.1-' not present in the annotation (.gtf) file
2020-08-27 18:30:09,152 - DEBUG - Marking up chromosome GL000221.1
2020-08-27 18:30:09,152 - WARNING - The .bam file refers to a chromosome 'GL000221.1+' not present in the annotation (.gtf) file
2020-08-27 18:30:09,152 - WARNING - The .bam file refers to a chromosome 'GL000221.1-' not present in the annotation (.gtf) file
2020-08-27 18:30:09,161 - DEBUG - Marking up chromosome KI270716.1
2020-08-27 18:30:09,161 - WARNING - The .bam file refers to a chromosome 'KI270716.1+' not present in the annotation (.gtf) file
2020-08-27 18:30:09,161 - WARNING - The .bam file refers to a chromosome 'KI270716.1-' not present in the annotation (.gtf) file
2020-08-27 18:30:09,163 - DEBUG - Marking up chromosome KI270731.1
2020-08-27 18:30:09,163 - WARNING - The .bam file refers to a chromosome 'KI270731.1+' not present in the annotation (.gtf) file
2020-08-27 18:30:09,174 - DEBUG - Marking up chromosome KI270751.1
2020-08-27 18:30:09,174 - WARNING - The .bam file refers to a chromosome 'KI270751.1+' not present in the annotation (.gtf) file
2020-08-27 18:30:09,174 - WARNING - The .bam file refers to a chromosome 'KI270751.1-' not present in the annotation (.gtf) file
2020-08-27 18:30:09,176 - DEBUG - Marking up chromosome KI270519.1
2020-08-27 18:30:09,176 - WARNING - The .bam file refers to a chromosome 'KI270519.1+' not present in the annotation (.gtf) file
2020-08-27 18:30:09,176 - WARNING - The .bam file refers to a chromosome 'KI270519.1-' not present in the annotation (.gtf) file
2020-08-27 18:30:09,177 - DEBUG - Marking up chromosome GL000214.1
2020-08-27 18:30:09,177 - WARNING - The .bam file refers to a chromosome 'GL000214.1+' not present in the annotation (.gtf) file
2020-08-27 18:30:09,177 - WARNING - The .bam file refers to a chromosome 'GL000214.1-' not present in the annotation (.gtf) file
2020-08-27 18:30:09,188 - DEBUG - Marking up chromosome KI270708.1
2020-08-27 18:30:09,188 - WARNING - The .bam file refers to a chromosome 'KI270708.1+' not present in the annotation (.gtf) file
2020-08-27 18:30:09,188 - WARNING - The .bam file refers to a chromosome 'KI270708.1-' not present in the annotation (.gtf) file
2020-08-27 18:30:09,189 - DEBUG - Marking up chromosome KI270737.1
2020-08-27 18:30:09,189 - WARNING - The .bam file refers to a chromosome 'KI270737.1+' not present in the annotation (.gtf) file
2020-08-27 18:30:09,189 - WARNING - The .bam file refers to a chromosome 'KI270737.1-' not present in the annotation (.gtf) file
2020-08-27 18:30:09,190 - DEBUG - Marking up chromosome KI270721.1
2020-08-27 18:30:09,190 - WARNING - The .bam file refers to a chromosome 'KI270721.1-' not present in the annotation (.gtf) file
2020-08-27 18:30:09,198 - DEBUG - Marking up chromosome KI270738.1
2020-08-27 18:30:09,198 - WARNING - The .bam file refers to a chromosome 'KI270738.1+' not present in the annotation (.gtf) file
2020-08-27 18:30:09,198 - WARNING - The .bam file refers to a chromosome 'KI270738.1-' not present in the annotation (.gtf) file
2020-08-27 18:30:09,201 - DEBUG - Marking up chromosome KI270748.1
2020-08-27 18:30:09,201 - WARNING - The .bam file refers to a chromosome 'KI270748.1+' not present in the annotation (.gtf) file
2020-08-27 18:30:09,201 - WARNING - The .bam file refers to a chromosome 'KI270748.1-' not present in the annotation (.gtf) file
2020-08-27 18:30:09,202 - DEBUG - Marking up chromosome GL000208.1
2020-08-27 18:30:09,202 - WARNING - The .bam file refers to a chromosome 'GL000208.1+' not present in the annotation (.gtf) file
2020-08-27 18:30:09,202 - WARNING - The .bam file refers to a chromosome 'GL000208.1-' not present in the annotation (.gtf) file
2020-08-27 18:30:09,203 - DEBUG - Marking up chromosome KI270709.1
2020-08-27 18:30:09,203 - WARNING - The .bam file refers to a chromosome 'KI270709.1+' not present in the annotation (.gtf) file
2020-08-27 18:30:09,203 - WARNING - The .bam file refers to a chromosome 'KI270709.1-' not present in the annotation (.gtf) file
2020-08-27 18:30:09,204 - DEBUG - Marking up chromosome KI270746.1
2020-08-27 18:30:09,204 - WARNING - The .bam file refers to a chromosome 'KI270746.1+' not present in the annotation (.gtf) file
2020-08-27 18:30:09,204 - WARNING - The .bam file refers to a chromosome 'KI270746.1-' not present in the annotation (.gtf) file
2020-08-27 18:30:09,204 - DEBUG - Marking up chromosome KI270589.1
2020-08-27 18:30:09,204 - WARNING - The .bam file refers to a chromosome 'KI270589.1+' not present in the annotation (.gtf) file
2020-08-27 18:30:09,204 - WARNING - The .bam file refers to a chromosome 'KI270589.1-' not present in the annotation (.gtf) file
2020-08-27 18:30:09,205 - DEBUG - Marking up chromosome KI270726.1
2020-08-27 18:30:09,205 - WARNING - The .bam file refers to a chromosome 'KI270726.1-' not present in the annotation (.gtf) file
2020-08-27 18:30:09,206 - DEBUG - Marking up chromosome KI270711.1
2020-08-27 18:30:09,206 - WARNING - The .bam file refers to a chromosome 'KI270711.1+' not present in the annotation (.gtf) file
2020-08-27 18:30:09,275 - DEBUG - Marking up chromosome KI270714.1
2020-08-27 18:30:09,275 - WARNING - The .bam file refers to a chromosome 'KI270714.1+' not present in the annotation (.gtf) file
2020-08-27 18:30:09,275 - WARNING - The .bam file refers to a chromosome 'KI270714.1-' not present in the annotation (.gtf) file
2020-08-27 18:30:09,278 - DEBUG - Marking up chromosome KI270732.1
2020-08-27 18:30:09,278 - WARNING - The .bam file refers to a chromosome 'KI270732.1+' not present in the annotation (.gtf) file
2020-08-27 18:30:09,278 - WARNING - The .bam file refers to a chromosome 'KI270732.1-' not present in the annotation (.gtf) file
2020-08-27 18:30:09,279 - DEBUG - Marking up chromosome KI270713.1
2020-08-27 18:30:09,285 - DEBUG - Marking up chromosome KI270717.1
2020-08-27 18:30:09,285 - WARNING - The .bam file refers to a chromosome 'KI270717.1+' not present in the annotation (.gtf) file
2020-08-27 18:30:09,285 - WARNING - The .bam file refers to a chromosome 'KI270717.1-' not present in the annotation (.gtf) file
2020-08-27 18:30:09,297 - DEBUG - Marking up chromosome KI270720.1
2020-08-27 18:30:09,297 - WARNING - The .bam file refers to a chromosome 'KI270720.1+' not present in the annotation (.gtf) file
2020-08-27 18:30:09,297 - WARNING - The .bam file refers to a chromosome 'KI270720.1-' not present in the annotation (.gtf) file
2020-08-27 18:30:09,298 - DEBUG - Marking up chromosome KI270723.1
2020-08-27 18:30:09,298 - WARNING - The .bam file refers to a chromosome 'KI270723.1+' not present in the annotation (.gtf) file
2020-08-27 18:30:09,298 - WARNING - The .bam file refers to a chromosome 'KI270723.1-' not present in the annotation (.gtf) file
2020-08-27 18:30:09,302 - DEBUG - Marking up chromosome KI270718.1
2020-08-27 18:30:09,302 - WARNING - The .bam file refers to a chromosome 'KI270718.1+' not present in the annotation (.gtf) file
2020-08-27 18:30:09,302 - WARNING - The .bam file refers to a chromosome 'KI270718.1-' not present in the annotation (.gtf) file
2020-08-27 18:30:09,306 - DEBUG - Marking up chromosome KI270707.1
2020-08-27 18:30:09,306 - WARNING - The .bam file refers to a chromosome 'KI270707.1+' not present in the annotation (.gtf) file
2020-08-27 18:30:09,306 - WARNING - The .bam file refers to a chromosome 'KI270707.1-' not present in the annotation (.gtf) file
2020-08-27 18:30:09,308 - DEBUG - Marking up chromosome KI270522.1
2020-08-27 18:30:09,308 - WARNING - The .bam file refers to a chromosome 'KI270522.1+' not present in the annotation (.gtf) file
2020-08-27 18:30:09,308 - WARNING - The .bam file refers to a chromosome 'KI270522.1-' not present in the annotation (.gtf) file
2020-08-27 18:30:09,308 - DEBUG - Marking up chromosome KI270468.1
2020-08-27 18:30:09,309 - WARNING - The .bam file refers to a chromosome 'KI270468.1+' not present in the annotation (.gtf) file
2020-08-27 18:30:09,309 - WARNING - The .bam file refers to a chromosome 'KI270468.1-' not present in the annotation (.gtf) file
2020-08-27 18:30:09,309 - DEBUG - Marking up chromosome KI270467.1
2020-08-27 18:30:09,309 - WARNING - The .bam file refers to a chromosome 'KI270467.1+' not present in the annotation (.gtf) file
2020-08-27 18:30:09,309 - WARNING - The .bam file refers to a chromosome 'KI270467.1-' not present in the annotation (.gtf) file
2020-08-27 18:30:09,313 - DEBUG - Marking up chromosome KI270333.1
2020-08-27 18:30:09,313 - WARNING - The .bam file refers to a chromosome 'KI270333.1+' not present in the annotation (.gtf) file
2020-08-27 18:30:09,313 - WARNING - The .bam file refers to a chromosome 'KI270333.1-' not present in the annotation (.gtf) file
2020-08-27 18:30:09,314 - DEBUG - Marking up chromosome KI270330.1
2020-08-27 18:30:09,314 - WARNING - The .bam file refers to a chromosome 'KI270330.1+' not present in the annotation (.gtf) file
2020-08-27 18:30:09,314 - WARNING - The .bam file refers to a chromosome 'KI270330.1-' not present in the annotation (.gtf) file
2020-08-27 18:30:09,315 - DEBUG - Marking up chromosome KI270466.1
2020-08-27 18:30:09,315 - WARNING - The .bam file refers to a chromosome 'KI270466.1+' not present in the annotation (.gtf) file
2020-08-27 18:30:09,315 - WARNING - The .bam file refers to a chromosome 'KI270466.1-' not present in the annotation (.gtf) file
2020-08-27 18:30:14,321 - DEBUG - Read first 200 million reads
2020-08-27 18:30:34,223 - DEBUG - Read first 210 million reads
2020-08-27 18:30:39,234 - DEBUG - End of file. Reset index: start scanning from initial position.
2020-08-27 18:30:39,234 - DEBUG - 3525931 reads were skipped because no apropiate cell or umi barcode was found
2020-08-27 18:30:39,234 - DEBUG - Start molecule counting!
2020-08-27 18:30:43,282 - DEBUG - Features available for chromosomes : ['1-', '1+', '10-', '10+', '11-', '11+', '12-', '12+', '13-', '13+', '14-', '14+', '15-', '15+', '16-', '16+', '17-', '17+', '18-', '18+', '19-', '19+', '2-', '2+', '20-', '20+', '21-', '21+', '22-', '22+', '3-', '3+', '4-', '4+', '5-', '5+', '6-', '6+', '7-', '7+', '8-', '8+', '9-', '9+', 'GL000009.2-', 'GL000194.1-', 'GL000195.1-', 'GL000195.1+', 'GL000205.2-', 'GL000213.1-', 'GL000218.1-', 'GL000219.1-', 'KI270711.1-', 'KI270713.1-', 'KI270713.1+', 'KI270721.1+', 'KI270726.1+', 'KI270727.1-', 'KI270727.1+', 'KI270728.1-', 'KI270728.1+', 'KI270731.1-', 'KI270734.1-', 'KI270734.1+', 'MT-', 'MT+', 'X-', 'X+', 'Y-', 'Y+']
2020-08-27 18:30:43,283 - DEBUG - Mask available for chromosomes : []
2020-08-27 18:30:43,283 - DEBUG - Summarizing the results of intron validation.
2020-08-27 18:30:43,948 - DEBUG - Validated 420456 introns (of which unique intervals 131063) out of 996444 total possible introns (considering each possible transcript models).
2020-08-27 18:30:43,957 - DEBUG - Reading /net/isi-dcnl/ifs/user_data/abild/Megatron_data/COH049/FEL017022.mRNA/feline_p1722.10x.counts/FEL021_M/outs/cellsorted_possorted_genome_bam.bam
2020-08-27 18:30:43,988 - DEBUG - Read first 0 million reads
2020-08-27 18:31:11,914 - DEBUG - Read first 10 million reads
2020-08-27 18:32:10,163 - DEBUG - Read first 20 million reads
2020-08-27 18:32:38,369 - DEBUG - Counting for batch 1, containing 100 cells and 4141756 reads
2020-08-27 18:34:55,604 - DEBUG - 0 reads not considered because fully enclosed in repeat masked regions
2020-08-27 18:35:48,514 - DEBUG - Read first 30 million reads
2020-08-27 18:36:58,774 - DEBUG - Read first 40 million reads
2020-08-27 18:37:00,315 - DEBUG - Counting for batch 2, containing 100 cells and 5292257 reads
2020-08-27 18:39:53,751 - DEBUG - 0 reads not considered because fully enclosed in repeat masked regions
2020-08-27 18:41:19,104 - DEBUG - Read first 50 million reads
2020-08-27 18:41:50,872 - DEBUG - Counting for batch 3, containing 100 cells and 4796503 reads
2020-08-27 18:44:22,625 - DEBUG - 0 reads not considered because fully enclosed in repeat masked regions
2020-08-27 18:45:15,747 - DEBUG - Read first 60 million reads
2020-08-27 18:46:18,284 - DEBUG - Counting for batch 4, containing 100 cells and 4951614 reads
2020-08-27 18:48:56,563 - DEBUG - 0 reads not considered because fully enclosed in repeat masked regions
2020-08-27 18:49:27,179 - DEBUG - Read first 70 million reads
2020-08-27 18:50:35,219 - DEBUG - Read first 80 million reads
2020-08-27 18:50:59,260 - DEBUG - Counting for batch 5, containing 100 cells and 4714551 reads
2020-08-27 18:53:33,052 - DEBUG - 0 reads not considered because fully enclosed in repeat masked regions
2020-08-27 18:54:32,531 - DEBUG - Read first 90 million reads
2020-08-27 18:55:14,161 - DEBUG - Counting for batch 6, containing 100 cells and 3740158 reads
2020-08-27 18:57:18,379 - DEBUG - 0 reads not considered because fully enclosed in repeat masked regions
2020-08-27 18:57:56,834 - DEBUG - Read first 100 million reads
2020-08-27 18:59:03,144 - DEBUG - Read first 110 million reads
2020-08-27 18:59:12,023 - DEBUG - Counting for batch 7, containing 100 cells and 5025538 reads
2020-08-27 19:01:55,534 - DEBUG - 0 reads not considered because fully enclosed in repeat masked regions
2020-08-27 19:03:15,900 - DEBUG - Read first 120 million reads
2020-08-27 19:03:52,581 - DEBUG - Counting for batch 8, containing 100 cells and 4372438 reads
2020-08-27 19:06:10,303 - DEBUG - 0 reads not considered because fully enclosed in repeat masked regions
2020-08-27 19:07:03,757 - DEBUG - Read first 130 million reads
2020-08-27 19:08:05,993 - DEBUG - Counting for batch 9, containing 100 cells and 4650869 reads
2020-08-27 19:10:36,175 - DEBUG - 0 reads not considered because fully enclosed in repeat masked regions
2020-08-27 19:11:02,509 - DEBUG - Read first 140 million reads
2020-08-27 19:12:05,067 - DEBUG - Read first 150 million reads
2020-08-27 19:12:14,029 - DEBUG - Counting for batch 10, containing 100 cells and 3937562 reads
2020-08-27 19:14:22,154 - DEBUG - 0 reads not considered because fully enclosed in repeat masked regions
2020-08-27 19:15:32,724 - DEBUG - Read first 160 million reads
2020-08-27 19:16:09,743 - DEBUG - Counting for batch 11, containing 100 cells and 4155772 reads
2020-08-27 19:18:29,877 - DEBUG - 0 reads not considered because fully enclosed in repeat masked regions
2020-08-27 19:19:20,288 - DEBUG - Read first 170 million reads
2020-08-27 19:20:28,052 - DEBUG - Counting for batch 12, containing 100 cells and 4918749 reads
2020-08-27 19:23:13,576 - DEBUG - 0 reads not considered because fully enclosed in repeat masked regions
2020-08-27 19:23:42,015 - DEBUG - Read first 180 million reads
2020-08-27 19:24:41,970 - DEBUG - Read first 190 million reads
2020-08-27 19:25:05,625 - DEBUG - Counting for batch 13, containing 100 cells and 4637683 reads
2020-08-27 19:27:36,773 - DEBUG - 0 reads not considered because fully enclosed in repeat masked regions
2020-08-27 19:28:38,888 - DEBUG - Read first 200 million reads
2020-08-27 19:29:14,457 - DEBUG - Counting for batch 14, containing 100 cells and 3480656 reads
2020-08-27 19:31:10,250 - DEBUG - 0 reads not considered because fully enclosed in repeat masked regions
2020-08-27 19:31:49,925 - DEBUG - Read first 210 million reads
2020-08-27 19:32:07,048 - DEBUG - Counting for batch 15, containing 58 cells and 2045856 reads
2020-08-27 19:33:10,674 - DEBUG - 0 reads not considered because fully enclosed in repeat masked regions
2020-08-27 19:33:20,712 - DEBUG - 3525931 reads were skipped because no apropiate cell or umi barcode was found
2020-08-27 19:33:20,713 - DEBUG - Counting done!
2020-08-27 19:33:20,736 - DEBUG - Generating output file /net/isi-dcnl/ifs/user_data/abild/Megatron_data/COH049/FEL017022.mRNA/feline_p1722.10x.counts/FEL021_M/velocyto/FEL021_M.loom
2020-08-27 19:33:20,736 - DEBUG - Collecting row attributes
2020-08-27 19:33:20,835 - DEBUG - Generating data table
2020-08-27 19:33:21,334 - DEBUG - Writing loom file
2020-08-27 19:33:25,308 - DEBUG - Terminated Succesfully!
Start: 1598575135
End: 1598582007
Run time: 6872
Done
