CPU: 16
N: 71
Step1: Analyze spliced and unspliced reads and genrate a loom file for velocityR
Run velocyto to generate loom file
2020-08-27 19:55:43,345 - DEBUG - Using logic: Default
2020-08-27 19:55:43,355 - INFO - Read 1328 cell barcodes from /net/isi-dcnl/ifs/user_data/abild/Megatron_data/COH057/feline_p29_40_mRNA/cell_ranger/FEL036_E/outs/filtered_feature_bc_matrix/barcodes.tsv.gz
2020-08-27 19:55:43,356 - DEBUG - Example of barcode: AAACCCACACCATTCC and cell_id: FEL036_E:AAACCCACACCATTCC-1
2020-08-27 19:55:43,368 - DEBUG - Peeking into /net/isi-dcnl/ifs/user_data/abild/Megatron_data/COH057/feline_p29_40_mRNA/cell_ranger/FEL036_E/outs/possorted_genome_bam.bam
2020-08-27 19:55:43,476 - WARNING - Not found cell and umi barcode in entry 97 of the bam file
2020-08-27 19:55:43,477 - WARNING - Not found cell and umi barcode in entry 316 of the bam file
2020-08-27 19:55:43,477 - WARNING - Not found cell and umi barcode in entry 317 of the bam file
2020-08-27 19:55:43,477 - WARNING - Not found cell and umi barcode in entry 318 of the bam file
2020-08-27 19:55:43,478 - WARNING - Not found cell and umi barcode in entry 595 of the bam file
2020-08-27 19:55:43,478 - WARNING - Not found cell and umi barcode in entry 646 of the bam file
2020-08-27 19:55:43,483 - WARNING - The file /net/isi-dcnl/ifs/user_data/abild/Megatron_data/COH057/feline_p29_40_mRNA/cell_ranger/FEL036_E/outs/cellsorted_possorted_genome_bam.bam already exists. The sorting step will be skipped and the existing file will be used.
2020-08-27 19:55:43,483 - INFO - Load the annotation from /net/isi-dcnl/ifs/user_data/abild/Genomes/refdata-cellranger-GRCh38-3.0.0/genes/genes.gtf
2020-08-27 19:55:51,158 - DEBUG - Parsing Chromosome 1 strand - [line 0]
2020-08-27 19:55:51,799 - DEBUG - Done with 1- [line 108728]
2020-08-27 19:55:51,799 - DEBUG - Assigning indexes to genes
2020-08-27 19:55:51,809 - DEBUG - Seen 1561 genes until now
2020-08-27 19:55:51,809 - DEBUG - Parsing Chromosome 1 strand + [line 108729]
2020-08-27 19:55:52,528 - DEBUG - Done with 1+ [line 232515]
2020-08-27 19:55:52,528 - DEBUG - Assigning indexes to genes
2020-08-27 19:55:52,756 - DEBUG - Seen 3154 genes until now
2020-08-27 19:55:52,756 - DEBUG - Parsing Chromosome 10 strand - [line 232516]
2020-08-27 19:55:52,958 - DEBUG - Done with 10- [line 279343]
2020-08-27 19:55:52,958 - DEBUG - Assigning indexes to genes
2020-08-27 19:55:52,961 - DEBUG - Seen 3737 genes until now
2020-08-27 19:55:52,962 - DEBUG - Parsing Chromosome 10 strand + [line 279344]
2020-08-27 19:55:53,150 - DEBUG - Done with 10+ [line 323872]
2020-08-27 19:55:53,150 - DEBUG - Assigning indexes to genes
2020-08-27 19:55:53,153 - DEBUG - Seen 4384 genes until now
2020-08-27 19:55:53,153 - DEBUG - Parsing Chromosome 11 strand - [line 323873]
2020-08-27 19:55:53,722 - DEBUG - Done with 11- [line 402908]
2020-08-27 19:55:53,722 - DEBUG - Assigning indexes to genes
2020-08-27 19:55:53,729 - DEBUG - Seen 5320 genes until now
2020-08-27 19:55:53,729 - DEBUG - Parsing Chromosome 11 strand + [line 402909]
2020-08-27 19:55:54,327 - DEBUG - Done with 11+ [line 482591]
2020-08-27 19:55:54,327 - DEBUG - Assigning indexes to genes
2020-08-27 19:55:54,336 - DEBUG - Seen 6305 genes until now
2020-08-27 19:55:54,336 - DEBUG - Parsing Chromosome 12 strand - [line 482592]
2020-08-27 19:55:54,660 - DEBUG - Done with 12- [line 559278]
2020-08-27 19:55:54,660 - DEBUG - Assigning indexes to genes
2020-08-27 19:55:54,666 - DEBUG - Seen 7177 genes until now
2020-08-27 19:55:54,666 - DEBUG - Parsing Chromosome 12 strand + [line 559279]
2020-08-27 19:55:54,979 - DEBUG - Done with 12+ [line 635173]
2020-08-27 19:55:54,979 - DEBUG - Assigning indexes to genes
2020-08-27 19:55:54,985 - DEBUG - Seen 8070 genes until now
2020-08-27 19:55:54,985 - DEBUG - Parsing Chromosome 13 strand - [line 635174]
2020-08-27 19:55:55,395 - DEBUG - Done with 13- [line 653523]
2020-08-27 19:55:55,396 - DEBUG - Assigning indexes to genes
2020-08-27 19:55:55,398 - DEBUG - Seen 8400 genes until now
2020-08-27 19:55:55,398 - DEBUG - Parsing Chromosome 13 strand + [line 653524]
2020-08-27 19:55:55,480 - DEBUG - Done with 13+ [line 673091]
2020-08-27 19:55:55,480 - DEBUG - Assigning indexes to genes
2020-08-27 19:55:55,482 - DEBUG - Seen 8736 genes until now
2020-08-27 19:55:55,482 - DEBUG - Parsing Chromosome 14 strand - [line 673092]
2020-08-27 19:55:55,662 - DEBUG - Done with 14- [line 716831]
2020-08-27 19:55:55,662 - DEBUG - Assigning indexes to genes
2020-08-27 19:55:55,666 - DEBUG - Seen 9452 genes until now
2020-08-27 19:55:55,666 - DEBUG - Parsing Chromosome 14 strand + [line 716832]
2020-08-27 19:55:55,865 - DEBUG - Done with 14+ [line 764942]
2020-08-27 19:55:55,865 - DEBUG - Assigning indexes to genes
2020-08-27 19:55:55,869 - DEBUG - Seen 10121 genes until now
2020-08-27 19:55:55,869 - DEBUG - Parsing Chromosome 15 strand - [line 764943]
2020-08-27 19:55:56,076 - DEBUG - Done with 15- [line 813803]
2020-08-27 19:55:56,076 - DEBUG - Assigning indexes to genes
2020-08-27 19:55:56,079 - DEBUG - Seen 10698 genes until now
2020-08-27 19:55:56,079 - DEBUG - Parsing Chromosome 15 strand + [line 813804]
2020-08-27 19:55:56,261 - DEBUG - Done with 15+ [line 857859]
2020-08-27 19:55:56,261 - DEBUG - Assigning indexes to genes
2020-08-27 19:55:56,265 - DEBUG - Seen 11256 genes until now
2020-08-27 19:55:56,265 - DEBUG - Parsing Chromosome 16 strand - [line 857860]
2020-08-27 19:55:56,820 - DEBUG - Done with 16- [line 911118]
2020-08-27 19:55:56,820 - DEBUG - Assigning indexes to genes
2020-08-27 19:55:56,825 - DEBUG - Seen 11998 genes until now
2020-08-27 19:55:56,825 - DEBUG - Parsing Chromosome 16 strand + [line 911119]
2020-08-27 19:55:57,112 - DEBUG - Done with 16+ [line 981663]
2020-08-27 19:55:57,112 - DEBUG - Assigning indexes to genes
2020-08-27 19:55:57,118 - DEBUG - Seen 12787 genes until now
2020-08-27 19:55:57,118 - DEBUG - Parsing Chromosome 17 strand - [line 981664]
2020-08-27 19:55:57,470 - DEBUG - Done with 17- [line 1066635]
2020-08-27 19:55:57,471 - DEBUG - Assigning indexes to genes
2020-08-27 19:55:57,478 - DEBUG - Seen 13775 genes until now
2020-08-27 19:55:57,478 - DEBUG - Parsing Chromosome 17 strand + [line 1066636]
2020-08-27 19:55:58,175 - DEBUG - Done with 17+ [line 1143834]
2020-08-27 19:55:58,175 - DEBUG - Assigning indexes to genes
2020-08-27 19:55:58,183 - DEBUG - Seen 14681 genes until now
2020-08-27 19:55:58,183 - DEBUG - Parsing Chromosome 18 strand - [line 1143835]
2020-08-27 19:55:58,286 - DEBUG - Done with 18- [line 1168496]
2020-08-27 19:55:58,286 - DEBUG - Assigning indexes to genes
2020-08-27 19:55:58,287 - DEBUG - Seen 15006 genes until now
2020-08-27 19:55:58,288 - DEBUG - Parsing Chromosome 18 strand + [line 1168497]
2020-08-27 19:55:58,375 - DEBUG - Done with 18+ [line 1189691]
2020-08-27 19:55:58,375 - DEBUG - Assigning indexes to genes
2020-08-27 19:55:58,377 - DEBUG - Seen 15343 genes until now
2020-08-27 19:55:58,377 - DEBUG - Parsing Chromosome 19 strand - [line 1189692]
2020-08-27 19:55:58,696 - DEBUG - Done with 19- [line 1268854]
2020-08-27 19:55:58,697 - DEBUG - Assigning indexes to genes
2020-08-27 19:55:58,703 - DEBUG - Seen 16352 genes until now
2020-08-27 19:55:58,703 - DEBUG - Parsing Chromosome 19 strand + [line 1268855]
2020-08-27 19:55:59,034 - DEBUG - Done with 19+ [line 1351833]
2020-08-27 19:55:59,034 - DEBUG - Assigning indexes to genes
2020-08-27 19:55:59,041 - DEBUG - Seen 17347 genes until now
2020-08-27 19:55:59,041 - DEBUG - Parsing Chromosome 2 strand - [line 1351834]
2020-08-27 19:55:59,451 - DEBUG - Done with 2- [line 1448710]
2020-08-27 19:55:59,451 - DEBUG - Assigning indexes to genes
2020-08-27 19:55:59,459 - DEBUG - Seen 18472 genes until now
2020-08-27 19:55:59,459 - DEBUG - Parsing Chromosome 2 strand + [line 1448711]
2020-08-27 19:56:00,289 - DEBUG - Done with 2+ [line 1542602]
2020-08-27 19:56:00,289 - DEBUG - Assigning indexes to genes
2020-08-27 19:56:00,298 - DEBUG - Seen 19632 genes until now
2020-08-27 19:56:00,298 - DEBUG - Parsing Chromosome 20 strand - [line 1542603]
2020-08-27 19:56:00,411 - DEBUG - Done with 20- [line 1569195]
2020-08-27 19:56:00,411 - DEBUG - Assigning indexes to genes
2020-08-27 19:56:00,413 - DEBUG - Seen 20079 genes until now
2020-08-27 19:56:00,413 - DEBUG - Parsing Chromosome 20 strand + [line 1569196]
2020-08-27 19:56:00,544 - DEBUG - Done with 20+ [line 1600541]
2020-08-27 19:56:00,544 - DEBUG - Assigning indexes to genes
2020-08-27 19:56:00,547 - DEBUG - Seen 20527 genes until now
2020-08-27 19:56:00,547 - DEBUG - Parsing Chromosome 21 strand - [line 1600542]
2020-08-27 19:56:00,605 - DEBUG - Done with 21- [line 1614106]
2020-08-27 19:56:00,605 - DEBUG - Assigning indexes to genes
2020-08-27 19:56:00,606 - DEBUG - Seen 20795 genes until now
2020-08-27 19:56:00,606 - DEBUG - Parsing Chromosome 21 strand + [line 1614107]
2020-08-27 19:56:00,668 - DEBUG - Done with 21+ [line 1628392]
2020-08-27 19:56:00,668 - DEBUG - Assigning indexes to genes
2020-08-27 19:56:00,669 - DEBUG - Seen 21029 genes until now
2020-08-27 19:56:00,669 - DEBUG - Parsing Chromosome 22 strand - [line 1628393]
2020-08-27 19:56:00,777 - DEBUG - Done with 22- [line 1653805]
2020-08-27 19:56:00,778 - DEBUG - Assigning indexes to genes
2020-08-27 19:56:00,780 - DEBUG - Seen 21391 genes until now
2020-08-27 19:56:00,780 - DEBUG - Parsing Chromosome 22 strand + [line 1653806]
2020-08-27 19:56:00,907 - DEBUG - Done with 22+ [line 1684245]
2020-08-27 19:56:00,907 - DEBUG - Assigning indexes to genes
2020-08-27 19:56:00,911 - DEBUG - Seen 21866 genes until now
2020-08-27 19:56:00,911 - DEBUG - Parsing Chromosome 3 strand - [line 1684246]
2020-08-27 19:56:01,244 - DEBUG - Done with 3- [line 1763939]
2020-08-27 19:56:01,244 - DEBUG - Assigning indexes to genes
2020-08-27 19:56:01,251 - DEBUG - Seen 22713 genes until now
2020-08-27 19:56:01,251 - DEBUG - Parsing Chromosome 3 strand + [line 1763940]
2020-08-27 19:56:01,584 - DEBUG - Done with 3+ [line 1844840]
2020-08-27 19:56:01,584 - DEBUG - Assigning indexes to genes
2020-08-27 19:56:01,590 - DEBUG - Seen 23585 genes until now
2020-08-27 19:56:01,590 - DEBUG - Parsing Chromosome 4 strand - [line 1844841]
2020-08-27 19:56:02,652 - DEBUG - Done with 4- [line 1898665]
2020-08-27 19:56:02,653 - DEBUG - Assigning indexes to genes
2020-08-27 19:56:02,658 - DEBUG - Seen 24246 genes until now
2020-08-27 19:56:02,658 - DEBUG - Parsing Chromosome 4 strand + [line 1898666]
2020-08-27 19:56:02,861 - DEBUG - Done with 4+ [line 1947617]
2020-08-27 19:56:02,861 - DEBUG - Assigning indexes to genes
2020-08-27 19:56:02,866 - DEBUG - Seen 24938 genes until now
2020-08-27 19:56:02,866 - DEBUG - Parsing Chromosome 5 strand - [line 1947618]
2020-08-27 19:56:03,098 - DEBUG - Done with 5- [line 2001140]
2020-08-27 19:56:03,098 - DEBUG - Assigning indexes to genes
2020-08-27 19:56:03,103 - DEBUG - Seen 25741 genes until now
2020-08-27 19:56:03,103 - DEBUG - Parsing Chromosome 5 strand + [line 2001141]
2020-08-27 19:56:03,357 - DEBUG - Done with 5+ [line 2062165]
2020-08-27 19:56:03,357 - DEBUG - Assigning indexes to genes
2020-08-27 19:56:03,362 - DEBUG - Seen 26599 genes until now
2020-08-27 19:56:03,362 - DEBUG - Parsing Chromosome 6 strand - [line 2062166]
2020-08-27 19:56:03,611 - DEBUG - Done with 6- [line 2121425]
2020-08-27 19:56:03,611 - DEBUG - Assigning indexes to genes
2020-08-27 19:56:03,616 - DEBUG - Seen 27435 genes until now
2020-08-27 19:56:03,616 - DEBUG - Parsing Chromosome 6 strand + [line 2121426]
2020-08-27 19:56:03,838 - DEBUG - Done with 6+ [line 2176078]
2020-08-27 19:56:03,838 - DEBUG - Assigning indexes to genes
2020-08-27 19:56:03,843 - DEBUG - Seen 28231 genes until now
2020-08-27 19:56:03,843 - DEBUG - Parsing Chromosome 7 strand - [line 2176079]
2020-08-27 19:56:04,087 - DEBUG - Done with 7- [line 2233605]
2020-08-27 19:56:04,087 - DEBUG - Assigning indexes to genes
2020-08-27 19:56:04,092 - DEBUG - Seen 28953 genes until now
2020-08-27 19:56:04,092 - DEBUG - Parsing Chromosome 7 strand + [line 2233606]
2020-08-27 19:56:04,349 - DEBUG - Done with 7+ [line 2295513]
2020-08-27 19:56:04,349 - DEBUG - Assigning indexes to genes
2020-08-27 19:56:04,354 - DEBUG - Seen 29770 genes until now
2020-08-27 19:56:04,354 - DEBUG - Parsing Chromosome 8 strand - [line 2295514]
2020-08-27 19:56:04,554 - DEBUG - Done with 8- [line 2343289]
2020-08-27 19:56:04,554 - DEBUG - Assigning indexes to genes
2020-08-27 19:56:04,558 - DEBUG - Seen 30442 genes until now
2020-08-27 19:56:04,559 - DEBUG - Parsing Chromosome 8 strand + [line 2343290]
2020-08-27 19:56:04,739 - DEBUG - Done with 8+ [line 2386793]
2020-08-27 19:56:04,739 - DEBUG - Assigning indexes to genes
2020-08-27 19:56:04,743 - DEBUG - Seen 31090 genes until now
2020-08-27 19:56:04,743 - DEBUG - Parsing Chromosome 9 strand - [line 2386794]
2020-08-27 19:56:05,637 - DEBUG - Done with 9- [line 2430389]
2020-08-27 19:56:05,637 - DEBUG - Assigning indexes to genes
2020-08-27 19:56:05,640 - DEBUG - Seen 31710 genes until now
2020-08-27 19:56:05,640 - DEBUG - Parsing Chromosome 9 strand + [line 2430390]
2020-08-27 19:56:05,836 - DEBUG - Done with 9+ [line 2477312]
2020-08-27 19:56:05,837 - DEBUG - Assigning indexes to genes
2020-08-27 19:56:05,840 - DEBUG - Seen 32318 genes until now
2020-08-27 19:56:05,840 - DEBUG - Parsing Chromosome GL000009.2 strand - [line 2477313]
2020-08-27 19:56:05,840 - DEBUG - Done with GL000009.2- [line 2477320]
2020-08-27 19:56:05,840 - DEBUG - Assigning indexes to genes
2020-08-27 19:56:05,840 - DEBUG - Seen 32319 genes until now
2020-08-27 19:56:05,840 - DEBUG - Parsing Chromosome GL000194.1 strand - [line 2477321]
2020-08-27 19:56:05,840 - DEBUG - Done with GL000194.1- [line 2477346]
2020-08-27 19:56:05,840 - DEBUG - Assigning indexes to genes
2020-08-27 19:56:05,840 - DEBUG - Seen 32321 genes until now
2020-08-27 19:56:05,841 - DEBUG - Parsing Chromosome GL000195.1 strand - [line 2477347]
2020-08-27 19:56:05,841 - DEBUG - Done with GL000195.1- [line 2477356]
2020-08-27 19:56:05,841 - DEBUG - Assigning indexes to genes
2020-08-27 19:56:05,841 - DEBUG - Seen 32322 genes until now
2020-08-27 19:56:05,841 - DEBUG - Parsing Chromosome GL000195.1 strand + [line 2477357]
2020-08-27 19:56:05,841 - DEBUG - Done with GL000195.1+ [line 2477370]
2020-08-27 19:56:05,841 - DEBUG - Assigning indexes to genes
2020-08-27 19:56:05,841 - DEBUG - Seen 32323 genes until now
2020-08-27 19:56:05,841 - DEBUG - Parsing Chromosome GL000205.2 strand - [line 2477371]
2020-08-27 19:56:05,841 - DEBUG - Done with GL000205.2- [line 2477384]
2020-08-27 19:56:05,841 - DEBUG - Assigning indexes to genes
2020-08-27 19:56:05,841 - DEBUG - Seen 32324 genes until now
2020-08-27 19:56:05,841 - DEBUG - Parsing Chromosome GL000213.1 strand - [line 2477385]
2020-08-27 19:56:05,841 - DEBUG - Done with GL000213.1- [line 2477433]
2020-08-27 19:56:05,841 - DEBUG - Assigning indexes to genes
2020-08-27 19:56:05,841 - DEBUG - Seen 32325 genes until now
2020-08-27 19:56:05,842 - DEBUG - Parsing Chromosome GL000218.1 strand - [line 2477434]
2020-08-27 19:56:05,842 - DEBUG - Done with GL000218.1- [line 2477441]
2020-08-27 19:56:05,842 - DEBUG - Assigning indexes to genes
2020-08-27 19:56:05,842 - DEBUG - Seen 32326 genes until now
2020-08-27 19:56:05,842 - DEBUG - Parsing Chromosome GL000219.1 strand - [line 2477442]
2020-08-27 19:56:05,842 - DEBUG - Done with GL000219.1- [line 2477453]
2020-08-27 19:56:05,842 - DEBUG - Assigning indexes to genes
2020-08-27 19:56:05,842 - DEBUG - Seen 32327 genes until now
2020-08-27 19:56:05,842 - DEBUG - Parsing Chromosome KI270711.1 strand - [line 2477454]
2020-08-27 19:56:05,843 - DEBUG - Done with KI270711.1- [line 2477604]
2020-08-27 19:56:05,843 - DEBUG - Assigning indexes to genes
2020-08-27 19:56:05,843 - DEBUG - Seen 32328 genes until now
2020-08-27 19:56:05,843 - DEBUG - Parsing Chromosome KI270713.1 strand - [line 2477605]
2020-08-27 19:56:05,843 - DEBUG - Done with KI270713.1- [line 2477612]
2020-08-27 19:56:05,843 - DEBUG - Assigning indexes to genes
2020-08-27 19:56:05,843 - DEBUG - Seen 32329 genes until now
2020-08-27 19:56:05,843 - DEBUG - Parsing Chromosome KI270713.1 strand + [line 2477613]
2020-08-27 19:56:05,843 - DEBUG - Done with KI270713.1+ [line 2477618]
2020-08-27 19:56:05,843 - DEBUG - Assigning indexes to genes
2020-08-27 19:56:05,843 - DEBUG - Seen 32330 genes until now
2020-08-27 19:56:05,843 - DEBUG - Parsing Chromosome KI270721.1 strand + [line 2477619]
2020-08-27 19:56:05,843 - DEBUG - Done with KI270721.1+ [line 2477634]
2020-08-27 19:56:05,843 - DEBUG - Assigning indexes to genes
2020-08-27 19:56:05,843 - DEBUG - Seen 32331 genes until now
2020-08-27 19:56:05,843 - DEBUG - Parsing Chromosome KI270726.1 strand + [line 2477635]
2020-08-27 19:56:05,843 - DEBUG - Done with KI270726.1+ [line 2477645]
2020-08-27 19:56:05,843 - DEBUG - Assigning indexes to genes
2020-08-27 19:56:05,844 - DEBUG - Seen 32333 genes until now
2020-08-27 19:56:05,844 - DEBUG - Parsing Chromosome KI270727.1 strand - [line 2477646]
2020-08-27 19:56:05,844 - DEBUG - Done with KI270727.1- [line 2477704]
2020-08-27 19:56:05,844 - DEBUG - Assigning indexes to genes
2020-08-27 19:56:05,844 - DEBUG - Seen 32335 genes until now
2020-08-27 19:56:05,844 - DEBUG - Parsing Chromosome KI270727.1 strand + [line 2477705]
2020-08-27 19:56:05,844 - DEBUG - Done with KI270727.1+ [line 2477719]
2020-08-27 19:56:05,844 - DEBUG - Assigning indexes to genes
2020-08-27 19:56:05,844 - DEBUG - Seen 32337 genes until now
2020-08-27 19:56:05,844 - DEBUG - Parsing Chromosome KI270728.1 strand - [line 2477720]
2020-08-27 19:56:05,844 - DEBUG - Done with KI270728.1- [line 2477796]
2020-08-27 19:56:05,845 - DEBUG - Assigning indexes to genes
2020-08-27 19:56:05,845 - DEBUG - Seen 32339 genes until now
2020-08-27 19:56:05,845 - DEBUG - Parsing Chromosome KI270728.1 strand + [line 2477797]
2020-08-27 19:56:05,845 - DEBUG - Done with KI270728.1+ [line 2477833]
2020-08-27 19:56:05,845 - DEBUG - Assigning indexes to genes
2020-08-27 19:56:05,845 - DEBUG - Seen 32343 genes until now
2020-08-27 19:56:05,845 - DEBUG - Parsing Chromosome KI270731.1 strand - [line 2477834]
2020-08-27 19:56:05,845 - DEBUG - Done with KI270731.1- [line 2477840]
2020-08-27 19:56:05,845 - DEBUG - Assigning indexes to genes
2020-08-27 19:56:05,845 - DEBUG - Seen 32344 genes until now
2020-08-27 19:56:05,845 - DEBUG - Parsing Chromosome KI270734.1 strand - [line 2477841]
2020-08-27 19:56:05,845 - DEBUG - Done with KI270734.1- [line 2477909]
2020-08-27 19:56:05,845 - DEBUG - Assigning indexes to genes
2020-08-27 19:56:05,846 - DEBUG - Seen 32345 genes until now
2020-08-27 19:56:05,846 - DEBUG - Parsing Chromosome KI270734.1 strand + [line 2477910]
2020-08-27 19:56:05,846 - DEBUG - Done with KI270734.1+ [line 2477932]
2020-08-27 19:56:05,846 - DEBUG - Assigning indexes to genes
2020-08-27 19:56:05,846 - DEBUG - Seen 32347 genes until now
2020-08-27 19:56:05,846 - DEBUG - Parsing Chromosome MT strand - [line 2477933]
2020-08-27 19:56:05,846 - DEBUG - Done with MT- [line 2477938]
2020-08-27 19:56:05,846 - DEBUG - Assigning indexes to genes
2020-08-27 19:56:05,846 - DEBUG - Seen 32348 genes until now
2020-08-27 19:56:05,846 - DEBUG - Parsing Chromosome MT strand + [line 2477939]
2020-08-27 19:56:05,846 - DEBUG - Done with MT+ [line 2478004]
2020-08-27 19:56:05,846 - DEBUG - Assigning indexes to genes
2020-08-27 19:56:05,846 - DEBUG - Seen 32360 genes until now
2020-08-27 19:56:05,846 - DEBUG - Parsing Chromosome X strand - [line 2478005]
2020-08-27 19:56:06,015 - DEBUG - Done with X- [line 2518937]
2020-08-27 19:56:06,015 - DEBUG - Assigning indexes to genes
2020-08-27 19:56:06,018 - DEBUG - Seen 32876 genes until now
2020-08-27 19:56:06,018 - DEBUG - Parsing Chromosome X strand + [line 2518938]
2020-08-27 19:56:06,185 - DEBUG - Done with X+ [line 2560301]
2020-08-27 19:56:06,185 - DEBUG - Assigning indexes to genes
2020-08-27 19:56:06,188 - DEBUG - Seen 33438 genes until now
2020-08-27 19:56:06,188 - DEBUG - Parsing Chromosome Y strand - [line 2560302]
2020-08-27 19:56:06,198 - DEBUG - Done with Y- [line 2562446]
2020-08-27 19:56:06,198 - DEBUG - Assigning indexes to genes
2020-08-27 19:56:06,198 - DEBUG - Seen 33485 genes until now
2020-08-27 19:56:06,198 - DEBUG - Parsing Chromosome Y strand + [line 2562447]
2020-08-27 19:56:06,209 - DEBUG - Assigning indexes to genes
2020-08-27 19:56:06,209 - DEBUG - Done with Y+ [line 2565059]
2020-08-27 19:56:06,209 - DEBUG - Fixing corner cases of transcript models containg intron longer than 1000Kbp
2020-08-27 19:56:08,304 - DEBUG - Generated 2165800 features corresponding to 172912 transcript models from /net/isi-dcnl/ifs/user_data/abild/Genomes/refdata-cellranger-GRCh38-3.0.0/genes/genes.gtf
2020-08-27 19:56:08,338 - INFO - Scan /net/isi-dcnl/ifs/user_data/abild/Megatron_data/COH057/feline_p29_40_mRNA/cell_ranger/FEL036_E/outs/possorted_genome_bam.bam to validate intron intervals
2020-08-27 19:56:12,305 - DEBUG - Reading /net/isi-dcnl/ifs/user_data/abild/Megatron_data/COH057/feline_p29_40_mRNA/cell_ranger/FEL036_E/outs/possorted_genome_bam.bam
2020-08-27 19:56:12,321 - DEBUG - Read first 0 million reads
2020-08-27 19:56:12,322 - DEBUG - Marking up chromosome 1
2020-08-27 19:57:22,544 - DEBUG - Marking up chromosome 10
2020-08-27 19:57:37,067 - DEBUG - Read first 10 million reads
2020-08-27 19:58:08,419 - DEBUG - Marking up chromosome 11
2020-08-27 19:59:19,190 - DEBUG - Read first 20 million reads
2020-08-27 19:59:21,510 - DEBUG - Marking up chromosome 12
2020-08-27 20:00:02,943 - DEBUG - Marking up chromosome 13
2020-08-27 20:00:18,572 - DEBUG - Marking up chromosome 14
2020-08-27 20:00:46,704 - DEBUG - Marking up chromosome 15
2020-08-27 20:00:51,600 - DEBUG - Read first 30 million reads
2020-08-27 20:01:16,426 - DEBUG - Marking up chromosome 16
2020-08-27 20:01:46,727 - DEBUG - Marking up chromosome 17
2020-08-27 20:02:22,323 - DEBUG - Read first 40 million reads
2020-08-27 20:02:23,221 - DEBUG - Marking up chromosome 18
2020-08-27 20:02:42,935 - DEBUG - Marking up chromosome 19
2020-08-27 20:03:11,115 - DEBUG - Marking up chromosome 2
2020-08-27 20:03:57,520 - DEBUG - Read first 50 million reads
2020-08-27 20:04:14,827 - DEBUG - Marking up chromosome 20
2020-08-27 20:04:30,605 - DEBUG - Marking up chromosome 21
2020-08-27 20:04:43,758 - DEBUG - Read first 60 million reads
2020-08-27 20:05:04,528 - DEBUG - Read first 70 million reads
2020-08-27 20:05:25,322 - DEBUG - Read first 80 million reads
2020-08-27 20:05:46,026 - DEBUG - Read first 90 million reads
2020-08-27 20:06:07,208 - DEBUG - Marking up chromosome 22
2020-08-27 20:06:23,210 - DEBUG - Marking up chromosome 3
2020-08-27 20:06:38,653 - DEBUG - Read first 100 million reads
2020-08-27 20:07:22,507 - DEBUG - Marking up chromosome 4
2020-08-27 20:08:02,816 - DEBUG - Marking up chromosome 5
2020-08-27 20:08:11,951 - DEBUG - Read first 110 million reads
2020-08-27 20:08:44,329 - DEBUG - Marking up chromosome 6
2020-08-27 20:09:26,315 - DEBUG - Marking up chromosome 7
2020-08-27 20:09:37,468 - DEBUG - Read first 120 million reads
2020-08-27 20:10:07,122 - DEBUG - Marking up chromosome 8
2020-08-27 20:10:40,170 - DEBUG - Marking up chromosome 9
2020-08-27 20:10:59,766 - DEBUG - Read first 130 million reads
2020-08-27 20:11:06,723 - DEBUG - Marking up chromosome MT
2020-08-27 20:11:08,362 - DEBUG - Marking up chromosome X
2020-08-27 20:11:30,852 - DEBUG - Marking up chromosome Y
2020-08-27 20:11:30,932 - DEBUG - Marking up chromosome KI270728.1
2020-08-27 20:11:30,938 - DEBUG - Marking up chromosome KI270727.1
2020-08-27 20:11:30,957 - DEBUG - Marking up chromosome KI270442.1
2020-08-27 20:11:30,958 - WARNING - The .bam file refers to a chromosome 'KI270442.1+' not present in the annotation (.gtf) file
2020-08-27 20:11:30,958 - WARNING - The .bam file refers to a chromosome 'KI270442.1-' not present in the annotation (.gtf) file
2020-08-27 20:11:30,965 - DEBUG - Marking up chromosome KI270729.1
2020-08-27 20:11:30,965 - WARNING - The .bam file refers to a chromosome 'KI270729.1+' not present in the annotation (.gtf) file
2020-08-27 20:11:30,965 - WARNING - The .bam file refers to a chromosome 'KI270729.1-' not present in the annotation (.gtf) file
2020-08-27 20:11:30,966 - DEBUG - Marking up chromosome GL000225.1
2020-08-27 20:11:30,966 - WARNING - The .bam file refers to a chromosome 'GL000225.1+' not present in the annotation (.gtf) file
2020-08-27 20:11:30,966 - WARNING - The .bam file refers to a chromosome 'GL000225.1-' not present in the annotation (.gtf) file
2020-08-27 20:11:30,967 - DEBUG - Marking up chromosome KI270743.1
2020-08-27 20:11:30,967 - WARNING - The .bam file refers to a chromosome 'KI270743.1+' not present in the annotation (.gtf) file
2020-08-27 20:11:30,967 - WARNING - The .bam file refers to a chromosome 'KI270743.1-' not present in the annotation (.gtf) file
2020-08-27 20:11:30,983 - DEBUG - Marking up chromosome GL000008.2
2020-08-27 20:11:30,983 - WARNING - The .bam file refers to a chromosome 'GL000008.2+' not present in the annotation (.gtf) file
2020-08-27 20:11:30,983 - WARNING - The .bam file refers to a chromosome 'GL000008.2-' not present in the annotation (.gtf) file
2020-08-27 20:11:31,021 - DEBUG - Marking up chromosome GL000009.2
2020-08-27 20:11:31,021 - WARNING - The .bam file refers to a chromosome 'GL000009.2+' not present in the annotation (.gtf) file
2020-08-27 20:11:31,039 - DEBUG - Marking up chromosome KI270747.1
2020-08-27 20:11:31,039 - WARNING - The .bam file refers to a chromosome 'KI270747.1+' not present in the annotation (.gtf) file
2020-08-27 20:11:31,039 - WARNING - The .bam file refers to a chromosome 'KI270747.1-' not present in the annotation (.gtf) file
2020-08-27 20:11:31,040 - DEBUG - Marking up chromosome KI270722.1
2020-08-27 20:11:31,040 - WARNING - The .bam file refers to a chromosome 'KI270722.1+' not present in the annotation (.gtf) file
2020-08-27 20:11:31,040 - WARNING - The .bam file refers to a chromosome 'KI270722.1-' not present in the annotation (.gtf) file
2020-08-27 20:11:31,040 - DEBUG - Marking up chromosome GL000194.1
2020-08-27 20:11:31,041 - WARNING - The .bam file refers to a chromosome 'GL000194.1+' not present in the annotation (.gtf) file
2020-08-27 20:11:31,094 - DEBUG - Marking up chromosome KI270742.1
2020-08-27 20:11:31,094 - WARNING - The .bam file refers to a chromosome 'KI270742.1+' not present in the annotation (.gtf) file
2020-08-27 20:11:31,094 - WARNING - The .bam file refers to a chromosome 'KI270742.1-' not present in the annotation (.gtf) file
2020-08-27 20:11:31,158 - DEBUG - Marking up chromosome GL000205.2
2020-08-27 20:11:31,158 - WARNING - The .bam file refers to a chromosome 'GL000205.2+' not present in the annotation (.gtf) file
2020-08-27 20:11:31,210 - DEBUG - Marking up chromosome GL000195.1
2020-08-27 20:11:31,245 - DEBUG - Marking up chromosome KI270733.1
2020-08-27 20:11:31,245 - WARNING - The .bam file refers to a chromosome 'KI270733.1+' not present in the annotation (.gtf) file
2020-08-27 20:11:31,245 - WARNING - The .bam file refers to a chromosome 'KI270733.1-' not present in the annotation (.gtf) file
2020-08-27 20:11:44,357 - DEBUG - Read first 140 million reads
2020-08-27 20:12:05,040 - DEBUG - Read first 150 million reads
2020-08-27 20:12:17,433 - DEBUG - Marking up chromosome GL000224.1
2020-08-27 20:12:17,434 - WARNING - The .bam file refers to a chromosome 'GL000224.1+' not present in the annotation (.gtf) file
2020-08-27 20:12:17,434 - WARNING - The .bam file refers to a chromosome 'GL000224.1-' not present in the annotation (.gtf) file
2020-08-27 20:12:17,516 - DEBUG - Marking up chromosome GL000219.1
2020-08-27 20:12:17,516 - WARNING - The .bam file refers to a chromosome 'GL000219.1+' not present in the annotation (.gtf) file
2020-08-27 20:12:17,569 - DEBUG - Marking up chromosome KI270719.1
2020-08-27 20:12:17,569 - WARNING - The .bam file refers to a chromosome 'KI270719.1+' not present in the annotation (.gtf) file
2020-08-27 20:12:17,569 - WARNING - The .bam file refers to a chromosome 'KI270719.1-' not present in the annotation (.gtf) file
2020-08-27 20:12:17,579 - DEBUG - Marking up chromosome GL000216.2
2020-08-27 20:12:17,579 - WARNING - The .bam file refers to a chromosome 'GL000216.2+' not present in the annotation (.gtf) file
2020-08-27 20:12:17,579 - WARNING - The .bam file refers to a chromosome 'GL000216.2-' not present in the annotation (.gtf) file
2020-08-27 20:12:17,580 - DEBUG - Marking up chromosome KI270712.1
2020-08-27 20:12:17,580 - WARNING - The .bam file refers to a chromosome 'KI270712.1+' not present in the annotation (.gtf) file
2020-08-27 20:12:17,580 - WARNING - The .bam file refers to a chromosome 'KI270712.1-' not present in the annotation (.gtf) file
2020-08-27 20:12:17,583 - DEBUG - Marking up chromosome KI270706.1
2020-08-27 20:12:17,583 - WARNING - The .bam file refers to a chromosome 'KI270706.1+' not present in the annotation (.gtf) file
2020-08-27 20:12:17,583 - WARNING - The .bam file refers to a chromosome 'KI270706.1-' not present in the annotation (.gtf) file
2020-08-27 20:12:17,705 - DEBUG - Marking up chromosome KI270725.1
2020-08-27 20:12:17,705 - WARNING - The .bam file refers to a chromosome 'KI270725.1+' not present in the annotation (.gtf) file
2020-08-27 20:12:17,705 - WARNING - The .bam file refers to a chromosome 'KI270725.1-' not present in the annotation (.gtf) file
2020-08-27 20:12:17,706 - DEBUG - Marking up chromosome KI270744.1
2020-08-27 20:12:17,706 - WARNING - The .bam file refers to a chromosome 'KI270744.1+' not present in the annotation (.gtf) file
2020-08-27 20:12:17,706 - WARNING - The .bam file refers to a chromosome 'KI270744.1-' not present in the annotation (.gtf) file
2020-08-27 20:12:17,717 - DEBUG - Marking up chromosome KI270734.1
2020-08-27 20:12:17,728 - DEBUG - Marking up chromosome GL000213.1
2020-08-27 20:12:17,728 - WARNING - The .bam file refers to a chromosome 'GL000213.1+' not present in the annotation (.gtf) file
2020-08-27 20:12:17,733 - DEBUG - Marking up chromosome GL000220.1
2020-08-27 20:12:17,733 - WARNING - The .bam file refers to a chromosome 'GL000220.1+' not present in the annotation (.gtf) file
2020-08-27 20:12:17,733 - WARNING - The .bam file refers to a chromosome 'GL000220.1-' not present in the annotation (.gtf) file
2020-08-27 20:12:25,813 - DEBUG - Read first 160 million reads
2020-08-27 20:12:46,496 - DEBUG - Read first 170 million reads
2020-08-27 20:13:04,033 - DEBUG - Marking up chromosome GL000218.1
2020-08-27 20:13:04,034 - WARNING - The .bam file refers to a chromosome 'GL000218.1+' not present in the annotation (.gtf) file
2020-08-27 20:13:04,118 - DEBUG - Marking up chromosome KI270749.1
2020-08-27 20:13:04,118 - WARNING - The .bam file refers to a chromosome 'KI270749.1+' not present in the annotation (.gtf) file
2020-08-27 20:13:04,118 - WARNING - The .bam file refers to a chromosome 'KI270749.1-' not present in the annotation (.gtf) file
2020-08-27 20:13:04,120 - DEBUG - Marking up chromosome KI270741.1
2020-08-27 20:13:04,120 - WARNING - The .bam file refers to a chromosome 'KI270741.1+' not present in the annotation (.gtf) file
2020-08-27 20:13:04,120 - WARNING - The .bam file refers to a chromosome 'KI270741.1-' not present in the annotation (.gtf) file
2020-08-27 20:13:04,125 - DEBUG - Marking up chromosome GL000221.1
2020-08-27 20:13:04,125 - WARNING - The .bam file refers to a chromosome 'GL000221.1+' not present in the annotation (.gtf) file
2020-08-27 20:13:04,125 - WARNING - The .bam file refers to a chromosome 'GL000221.1-' not present in the annotation (.gtf) file
2020-08-27 20:13:04,178 - DEBUG - Marking up chromosome KI270716.1
2020-08-27 20:13:04,179 - WARNING - The .bam file refers to a chromosome 'KI270716.1+' not present in the annotation (.gtf) file
2020-08-27 20:13:04,179 - WARNING - The .bam file refers to a chromosome 'KI270716.1-' not present in the annotation (.gtf) file
2020-08-27 20:13:04,179 - DEBUG - Marking up chromosome KI270731.1
2020-08-27 20:13:04,179 - WARNING - The .bam file refers to a chromosome 'KI270731.1+' not present in the annotation (.gtf) file
2020-08-27 20:13:04,182 - DEBUG - Marking up chromosome KI270751.1
2020-08-27 20:13:04,182 - WARNING - The .bam file refers to a chromosome 'KI270751.1+' not present in the annotation (.gtf) file
2020-08-27 20:13:04,182 - WARNING - The .bam file refers to a chromosome 'KI270751.1-' not present in the annotation (.gtf) file
2020-08-27 20:13:04,186 - DEBUG - Marking up chromosome KI270519.1
2020-08-27 20:13:04,186 - WARNING - The .bam file refers to a chromosome 'KI270519.1+' not present in the annotation (.gtf) file
2020-08-27 20:13:04,186 - WARNING - The .bam file refers to a chromosome 'KI270519.1-' not present in the annotation (.gtf) file
2020-08-27 20:13:04,190 - DEBUG - Marking up chromosome GL000214.1
2020-08-27 20:13:04,191 - WARNING - The .bam file refers to a chromosome 'GL000214.1+' not present in the annotation (.gtf) file
2020-08-27 20:13:04,191 - WARNING - The .bam file refers to a chromosome 'GL000214.1-' not present in the annotation (.gtf) file
2020-08-27 20:13:04,198 - DEBUG - Marking up chromosome KI270708.1
2020-08-27 20:13:04,198 - WARNING - The .bam file refers to a chromosome 'KI270708.1+' not present in the annotation (.gtf) file
2020-08-27 20:13:04,198 - WARNING - The .bam file refers to a chromosome 'KI270708.1-' not present in the annotation (.gtf) file
2020-08-27 20:13:04,198 - DEBUG - Marking up chromosome KI270438.1
2020-08-27 20:13:04,198 - WARNING - The .bam file refers to a chromosome 'KI270438.1+' not present in the annotation (.gtf) file
2020-08-27 20:13:04,198 - WARNING - The .bam file refers to a chromosome 'KI270438.1-' not present in the annotation (.gtf) file
2020-08-27 20:13:04,199 - DEBUG - Marking up chromosome KI270721.1
2020-08-27 20:13:04,199 - WARNING - The .bam file refers to a chromosome 'KI270721.1-' not present in the annotation (.gtf) file
2020-08-27 20:13:04,204 - DEBUG - Marking up chromosome KI270738.1
2020-08-27 20:13:04,204 - WARNING - The .bam file refers to a chromosome 'KI270738.1+' not present in the annotation (.gtf) file
2020-08-27 20:13:04,204 - WARNING - The .bam file refers to a chromosome 'KI270738.1-' not present in the annotation (.gtf) file
2020-08-27 20:13:04,206 - DEBUG - Marking up chromosome KI270748.1
2020-08-27 20:13:04,206 - WARNING - The .bam file refers to a chromosome 'KI270748.1+' not present in the annotation (.gtf) file
2020-08-27 20:13:04,206 - WARNING - The .bam file refers to a chromosome 'KI270748.1-' not present in the annotation (.gtf) file
2020-08-27 20:13:04,207 - DEBUG - Marking up chromosome KI270435.1
2020-08-27 20:13:04,207 - WARNING - The .bam file refers to a chromosome 'KI270435.1+' not present in the annotation (.gtf) file
2020-08-27 20:13:04,208 - WARNING - The .bam file refers to a chromosome 'KI270435.1-' not present in the annotation (.gtf) file
2020-08-27 20:13:04,208 - DEBUG - Marking up chromosome GL000208.1
2020-08-27 20:13:04,208 - WARNING - The .bam file refers to a chromosome 'GL000208.1+' not present in the annotation (.gtf) file
2020-08-27 20:13:04,208 - WARNING - The .bam file refers to a chromosome 'GL000208.1-' not present in the annotation (.gtf) file
2020-08-27 20:13:04,208 - DEBUG - Marking up chromosome KI270538.1
2020-08-27 20:13:04,208 - WARNING - The .bam file refers to a chromosome 'KI270538.1+' not present in the annotation (.gtf) file
2020-08-27 20:13:04,208 - WARNING - The .bam file refers to a chromosome 'KI270538.1-' not present in the annotation (.gtf) file
2020-08-27 20:13:04,209 - DEBUG - Marking up chromosome KI270746.1
2020-08-27 20:13:04,209 - WARNING - The .bam file refers to a chromosome 'KI270746.1+' not present in the annotation (.gtf) file
2020-08-27 20:13:04,209 - WARNING - The .bam file refers to a chromosome 'KI270746.1-' not present in the annotation (.gtf) file
2020-08-27 20:13:04,209 - DEBUG - Marking up chromosome KI270589.1
2020-08-27 20:13:04,209 - WARNING - The .bam file refers to a chromosome 'KI270589.1+' not present in the annotation (.gtf) file
2020-08-27 20:13:04,209 - WARNING - The .bam file refers to a chromosome 'KI270589.1-' not present in the annotation (.gtf) file
2020-08-27 20:13:04,209 - DEBUG - Marking up chromosome KI270735.1
2020-08-27 20:13:04,210 - WARNING - The .bam file refers to a chromosome 'KI270735.1+' not present in the annotation (.gtf) file
2020-08-27 20:13:04,210 - WARNING - The .bam file refers to a chromosome 'KI270735.1-' not present in the annotation (.gtf) file
2020-08-27 20:13:04,211 - DEBUG - Marking up chromosome KI270711.1
2020-08-27 20:13:04,211 - WARNING - The .bam file refers to a chromosome 'KI270711.1+' not present in the annotation (.gtf) file
2020-08-27 20:13:04,226 - DEBUG - Marking up chromosome KI270745.1
2020-08-27 20:13:04,226 - WARNING - The .bam file refers to a chromosome 'KI270745.1+' not present in the annotation (.gtf) file
2020-08-27 20:13:04,226 - WARNING - The .bam file refers to a chromosome 'KI270745.1-' not present in the annotation (.gtf) file
2020-08-27 20:13:04,236 - DEBUG - Marking up chromosome KI270714.1
2020-08-27 20:13:04,236 - WARNING - The .bam file refers to a chromosome 'KI270714.1+' not present in the annotation (.gtf) file
2020-08-27 20:13:04,236 - WARNING - The .bam file refers to a chromosome 'KI270714.1-' not present in the annotation (.gtf) file
2020-08-27 20:13:04,236 - DEBUG - Marking up chromosome KI270732.1
2020-08-27 20:13:04,236 - WARNING - The .bam file refers to a chromosome 'KI270732.1+' not present in the annotation (.gtf) file
2020-08-27 20:13:04,236 - WARNING - The .bam file refers to a chromosome 'KI270732.1-' not present in the annotation (.gtf) file
2020-08-27 20:13:04,236 - DEBUG - Marking up chromosome KI270713.1
2020-08-27 20:13:04,240 - DEBUG - Marking up chromosome KI270754.1
2020-08-27 20:13:04,240 - WARNING - The .bam file refers to a chromosome 'KI270754.1+' not present in the annotation (.gtf) file
2020-08-27 20:13:04,240 - WARNING - The .bam file refers to a chromosome 'KI270754.1-' not present in the annotation (.gtf) file
2020-08-27 20:13:04,240 - DEBUG - Marking up chromosome KI270717.1
2020-08-27 20:13:04,240 - WARNING - The .bam file refers to a chromosome 'KI270717.1+' not present in the annotation (.gtf) file
2020-08-27 20:13:04,241 - WARNING - The .bam file refers to a chromosome 'KI270717.1-' not present in the annotation (.gtf) file
2020-08-27 20:13:04,246 - DEBUG - Marking up chromosome KI270724.1
2020-08-27 20:13:04,246 - WARNING - The .bam file refers to a chromosome 'KI270724.1+' not present in the annotation (.gtf) file
2020-08-27 20:13:04,246 - WARNING - The .bam file refers to a chromosome 'KI270724.1-' not present in the annotation (.gtf) file
2020-08-27 20:13:04,246 - DEBUG - Marking up chromosome KI270720.1
2020-08-27 20:13:04,246 - WARNING - The .bam file refers to a chromosome 'KI270720.1+' not present in the annotation (.gtf) file
2020-08-27 20:13:04,246 - WARNING - The .bam file refers to a chromosome 'KI270720.1-' not present in the annotation (.gtf) file
2020-08-27 20:13:04,246 - DEBUG - Marking up chromosome KI270723.1
2020-08-27 20:13:04,247 - WARNING - The .bam file refers to a chromosome 'KI270723.1+' not present in the annotation (.gtf) file
2020-08-27 20:13:04,247 - WARNING - The .bam file refers to a chromosome 'KI270723.1-' not present in the annotation (.gtf) file
2020-08-27 20:13:04,254 - DEBUG - Marking up chromosome KI270718.1
2020-08-27 20:13:04,254 - WARNING - The .bam file refers to a chromosome 'KI270718.1+' not present in the annotation (.gtf) file
2020-08-27 20:13:04,254 - WARNING - The .bam file refers to a chromosome 'KI270718.1-' not present in the annotation (.gtf) file
2020-08-27 20:13:04,317 - DEBUG - Marking up chromosome KI270707.1
2020-08-27 20:13:04,318 - WARNING - The .bam file refers to a chromosome 'KI270707.1+' not present in the annotation (.gtf) file
2020-08-27 20:13:04,318 - WARNING - The .bam file refers to a chromosome 'KI270707.1-' not present in the annotation (.gtf) file
2020-08-27 20:13:04,332 - DEBUG - Marking up chromosome KI270512.1
2020-08-27 20:13:04,332 - WARNING - The .bam file refers to a chromosome 'KI270512.1+' not present in the annotation (.gtf) file
2020-08-27 20:13:04,332 - WARNING - The .bam file refers to a chromosome 'KI270512.1-' not present in the annotation (.gtf) file
2020-08-27 20:13:04,333 - DEBUG - Marking up chromosome KI270330.1
2020-08-27 20:13:04,333 - WARNING - The .bam file refers to a chromosome 'KI270330.1+' not present in the annotation (.gtf) file
2020-08-27 20:13:04,333 - WARNING - The .bam file refers to a chromosome 'KI270330.1-' not present in the annotation (.gtf) file
2020-08-27 20:13:07,061 - DEBUG - Read first 180 million reads
2020-08-27 20:13:16,897 - DEBUG - End of file. Reset index: start scanning from initial position.
2020-08-27 20:13:16,902 - DEBUG - 1782386 reads were skipped because no apropiate cell or umi barcode was found
2020-08-27 20:13:16,902 - DEBUG - Start molecule counting!
2020-08-27 20:13:20,831 - DEBUG - Features available for chromosomes : ['1-', '1+', '10-', '10+', '11-', '11+', '12-', '12+', '13-', '13+', '14-', '14+', '15-', '15+', '16-', '16+', '17-', '17+', '18-', '18+', '19-', '19+', '2-', '2+', '20-', '20+', '21-', '21+', '22-', '22+', '3-', '3+', '4-', '4+', '5-', '5+', '6-', '6+', '7-', '7+', '8-', '8+', '9-', '9+', 'GL000009.2-', 'GL000194.1-', 'GL000195.1-', 'GL000195.1+', 'GL000205.2-', 'GL000213.1-', 'GL000218.1-', 'GL000219.1-', 'KI270711.1-', 'KI270713.1-', 'KI270713.1+', 'KI270721.1+', 'KI270726.1+', 'KI270727.1-', 'KI270727.1+', 'KI270728.1-', 'KI270728.1+', 'KI270731.1-', 'KI270734.1-', 'KI270734.1+', 'MT-', 'MT+', 'X-', 'X+', 'Y-', 'Y+']
2020-08-27 20:13:20,832 - DEBUG - Mask available for chromosomes : []
2020-08-27 20:13:20,832 - DEBUG - Summarizing the results of intron validation.
2020-08-27 20:13:21,518 - DEBUG - Validated 421131 introns (of which unique intervals 131713) out of 996444 total possible introns (considering each possible transcript models).
2020-08-27 20:13:21,519 - DEBUG - Reading /net/isi-dcnl/ifs/user_data/abild/Megatron_data/COH057/feline_p29_40_mRNA/cell_ranger/FEL036_E/outs/cellsorted_possorted_genome_bam.bam
2020-08-27 20:13:21,571 - DEBUG - Read first 0 million reads
2020-08-27 20:13:44,628 - DEBUG - Read first 10 million reads
2020-08-27 20:14:20,078 - DEBUG - Read first 20 million reads
2020-08-27 20:15:04,310 - DEBUG - Counting for batch 1, containing 100 cells and 2905642 reads
2020-08-27 20:16:57,596 - DEBUG - 0 reads not considered because fully enclosed in repeat masked regions
2020-08-27 20:17:26,245 - DEBUG - Read first 30 million reads
2020-08-27 20:18:10,269 - DEBUG - Read first 40 million reads
2020-08-27 20:18:29,115 - DEBUG - Counting for batch 2, containing 100 cells and 3115921 reads
2020-08-27 20:20:25,077 - DEBUG - 0 reads not considered because fully enclosed in repeat masked regions
2020-08-27 20:21:15,766 - DEBUG - Read first 50 million reads
2020-08-27 20:21:39,667 - DEBUG - Counting for batch 3, containing 100 cells and 1980694 reads
2020-08-27 20:22:56,681 - DEBUG - 0 reads not considered because fully enclosed in repeat masked regions
2020-08-27 20:23:39,051 - DEBUG - Read first 60 million reads
2020-08-27 20:24:13,345 - DEBUG - Counting for batch 4, containing 100 cells and 2429074 reads
2020-08-27 20:25:49,307 - DEBUG - 0 reads not considered because fully enclosed in repeat masked regions
2020-08-27 20:26:16,270 - DEBUG - Read first 70 million reads
2020-08-27 20:27:01,481 - DEBUG - Counting for batch 5, containing 100 cells and 2116347 reads
2020-08-27 20:28:25,451 - DEBUG - 0 reads not considered because fully enclosed in repeat masked regions
2020-08-27 20:28:43,901 - DEBUG - Read first 80 million reads
2020-08-27 20:29:27,574 - DEBUG - Read first 90 million reads
2020-08-27 20:29:34,195 - DEBUG - Counting for batch 6, containing 100 cells and 1906304 reads
2020-08-27 20:30:52,012 - DEBUG - 0 reads not considered because fully enclosed in repeat masked regions
2020-08-27 20:31:45,882 - DEBUG - Read first 100 million reads
2020-08-27 20:32:08,104 - DEBUG - Counting for batch 7, containing 100 cells and 2099197 reads
2020-08-27 20:33:37,214 - DEBUG - 0 reads not considered because fully enclosed in repeat masked regions
2020-08-27 20:34:15,784 - DEBUG - Read first 110 million reads
2020-08-27 20:34:45,795 - DEBUG - Counting for batch 8, containing 100 cells and 1570498 reads
2020-08-27 20:35:49,217 - DEBUG - 0 reads not considered because fully enclosed in repeat masked regions
2020-08-27 20:36:16,865 - DEBUG - Read first 120 million reads
2020-08-27 20:37:03,900 - DEBUG - Counting for batch 9, containing 100 cells and 1821224 reads
2020-08-27 20:38:22,031 - DEBUG - 0 reads not considered because fully enclosed in repeat masked regions
2020-08-27 20:38:39,423 - DEBUG - Read first 130 million reads
2020-08-27 20:39:22,818 - DEBUG - Read first 140 million reads
2020-08-27 20:39:32,488 - DEBUG - Counting for batch 10, containing 100 cells and 1978659 reads
2020-08-27 20:40:50,284 - DEBUG - 0 reads not considered because fully enclosed in repeat masked regions
2020-08-27 20:41:46,128 - DEBUG - Read first 150 million reads
2020-08-27 20:42:05,530 - DEBUG - Counting for batch 11, containing 100 cells and 2128988 reads
2020-08-27 20:43:29,969 - DEBUG - 0 reads not considered because fully enclosed in repeat masked regions
2020-08-27 20:44:13,320 - DEBUG - Read first 160 million reads
2020-08-27 20:44:46,234 - DEBUG - Counting for batch 12, containing 100 cells and 2098459 reads
2020-08-27 20:46:05,525 - DEBUG - 0 reads not considered because fully enclosed in repeat masked regions
2020-08-27 20:46:36,810 - DEBUG - Read first 170 million reads
2020-08-27 20:47:28,418 - DEBUG - Read first 180 million reads
2020-08-27 20:47:35,279 - DEBUG - Counting for batch 13, containing 100 cells and 2835141 reads
2020-08-27 20:49:28,670 - DEBUG - 0 reads not considered because fully enclosed in repeat masked regions
2020-08-27 20:50:06,452 - DEBUG - Counting for batch 14, containing 28 cells and 520835 reads
2020-08-27 20:50:22,368 - DEBUG - 0 reads not considered because fully enclosed in repeat masked regions
2020-08-27 20:50:26,674 - DEBUG - 1782386 reads were skipped because no apropiate cell or umi barcode was found
2020-08-27 20:50:26,675 - DEBUG - Counting done!
2020-08-27 20:50:26,694 - DEBUG - Generating output file /net/isi-dcnl/ifs/user_data/abild/Megatron_data/COH057/feline_p29_40_mRNA/cell_ranger/FEL036_E/velocyto/FEL036_E.loom
2020-08-27 20:50:26,694 - DEBUG - Collecting row attributes
2020-08-27 20:50:26,785 - DEBUG - Generating data table
2020-08-27 20:50:27,125 - DEBUG - Writing loom file
2020-08-27 20:50:30,109 - DEBUG - Terminated Succesfully!
Start: 1598583336
End: 1598586632
Run time: 3296
Done
