CPU: 16
N: 44
Step1: Analyze spliced and unspliced reads and genrate a loom file for velocityR
Run velocyto to generate loom file
2020-08-27 18:34:33,613 - DEBUG - Using logic: Default
2020-08-27 18:34:33,636 - INFO - Read 1381 cell barcodes from /net/isi-dcnl/ifs/user_data/abild/Megatron_data/COH055/FEL025028.mRNA/cell_ranger/FEL027_E/outs/filtered_feature_bc_matrix/barcodes.tsv.gz
2020-08-27 18:34:33,637 - DEBUG - Example of barcode: AAACCCATCGAATGCT and cell_id: FEL027_E:AAACCCATCGAATGCT-1
2020-08-27 18:34:33,651 - DEBUG - Peeking into /net/isi-dcnl/ifs/user_data/abild/Megatron_data/COH055/FEL025028.mRNA/cell_ranger/FEL027_E/outs/possorted_genome_bam.bam
2020-08-27 18:34:33,775 - WARNING - Not found cell and umi barcode in entry 50 of the bam file
2020-08-27 18:34:33,775 - WARNING - Not found cell and umi barcode in entry 51 of the bam file
2020-08-27 18:34:33,775 - WARNING - Not found cell and umi barcode in entry 56 of the bam file
2020-08-27 18:34:33,775 - WARNING - Not found cell and umi barcode in entry 57 of the bam file
2020-08-27 18:34:33,775 - WARNING - Not found cell and umi barcode in entry 114 of the bam file
2020-08-27 18:34:33,775 - WARNING - Not found cell and umi barcode in entry 115 of the bam file
2020-08-27 18:34:33,778 - WARNING - Not found cell and umi barcode in entry 644 of the bam file
2020-08-27 18:34:33,778 - WARNING - Not found cell and umi barcode in entry 770 of the bam file
2020-08-27 18:34:33,784 - WARNING - The file /net/isi-dcnl/ifs/user_data/abild/Megatron_data/COH055/FEL025028.mRNA/cell_ranger/FEL027_E/outs/cellsorted_possorted_genome_bam.bam already exists. The sorting step will be skipped and the existing file will be used.
2020-08-27 18:34:33,784 - INFO - Load the annotation from /net/isi-dcnl/ifs/user_data/abild/Genomes/refdata-cellranger-GRCh38-3.0.0/genes/genes.gtf
2020-08-27 18:34:41,513 - DEBUG - Parsing Chromosome 1 strand - [line 0]
2020-08-27 18:34:42,136 - DEBUG - Done with 1- [line 108728]
2020-08-27 18:34:42,136 - DEBUG - Assigning indexes to genes
2020-08-27 18:34:42,146 - DEBUG - Seen 1561 genes until now
2020-08-27 18:34:42,146 - DEBUG - Parsing Chromosome 1 strand + [line 108729]
2020-08-27 18:34:43,123 - DEBUG - Done with 1+ [line 232515]
2020-08-27 18:34:43,123 - DEBUG - Assigning indexes to genes
2020-08-27 18:34:43,135 - DEBUG - Seen 3154 genes until now
2020-08-27 18:34:43,135 - DEBUG - Parsing Chromosome 10 strand - [line 232516]
2020-08-27 18:34:43,338 - DEBUG - Done with 10- [line 279343]
2020-08-27 18:34:43,339 - DEBUG - Assigning indexes to genes
2020-08-27 18:34:43,342 - DEBUG - Seen 3737 genes until now
2020-08-27 18:34:43,342 - DEBUG - Parsing Chromosome 10 strand + [line 279344]
2020-08-27 18:34:43,529 - DEBUG - Done with 10+ [line 323872]
2020-08-27 18:34:43,529 - DEBUG - Assigning indexes to genes
2020-08-27 18:34:43,532 - DEBUG - Seen 4384 genes until now
2020-08-27 18:34:43,532 - DEBUG - Parsing Chromosome 11 strand - [line 323873]
2020-08-27 18:34:44,101 - DEBUG - Done with 11- [line 402908]
2020-08-27 18:34:44,101 - DEBUG - Assigning indexes to genes
2020-08-27 18:34:44,108 - DEBUG - Seen 5320 genes until now
2020-08-27 18:34:44,109 - DEBUG - Parsing Chromosome 11 strand + [line 402909]
2020-08-27 18:34:44,706 - DEBUG - Done with 11+ [line 482591]
2020-08-27 18:34:44,706 - DEBUG - Assigning indexes to genes
2020-08-27 18:34:44,715 - DEBUG - Seen 6305 genes until now
2020-08-27 18:34:44,715 - DEBUG - Parsing Chromosome 12 strand - [line 482592]
2020-08-27 18:34:45,040 - DEBUG - Done with 12- [line 559278]
2020-08-27 18:34:45,040 - DEBUG - Assigning indexes to genes
2020-08-27 18:34:45,046 - DEBUG - Seen 7177 genes until now
2020-08-27 18:34:45,046 - DEBUG - Parsing Chromosome 12 strand + [line 559279]
2020-08-27 18:34:45,358 - DEBUG - Done with 12+ [line 635173]
2020-08-27 18:34:45,358 - DEBUG - Assigning indexes to genes
2020-08-27 18:34:45,364 - DEBUG - Seen 8070 genes until now
2020-08-27 18:34:45,364 - DEBUG - Parsing Chromosome 13 strand - [line 635174]
2020-08-27 18:34:45,778 - DEBUG - Done with 13- [line 653523]
2020-08-27 18:34:45,778 - DEBUG - Assigning indexes to genes
2020-08-27 18:34:45,780 - DEBUG - Seen 8400 genes until now
2020-08-27 18:34:45,780 - DEBUG - Parsing Chromosome 13 strand + [line 653524]
2020-08-27 18:34:45,862 - DEBUG - Done with 13+ [line 673091]
2020-08-27 18:34:45,862 - DEBUG - Assigning indexes to genes
2020-08-27 18:34:45,864 - DEBUG - Seen 8736 genes until now
2020-08-27 18:34:45,864 - DEBUG - Parsing Chromosome 14 strand - [line 673092]
2020-08-27 18:34:46,045 - DEBUG - Done with 14- [line 716831]
2020-08-27 18:34:46,045 - DEBUG - Assigning indexes to genes
2020-08-27 18:34:46,049 - DEBUG - Seen 9452 genes until now
2020-08-27 18:34:46,049 - DEBUG - Parsing Chromosome 14 strand + [line 716832]
2020-08-27 18:34:46,248 - DEBUG - Done with 14+ [line 764942]
2020-08-27 18:34:46,248 - DEBUG - Assigning indexes to genes
2020-08-27 18:34:46,252 - DEBUG - Seen 10121 genes until now
2020-08-27 18:34:46,252 - DEBUG - Parsing Chromosome 15 strand - [line 764943]
2020-08-27 18:34:46,458 - DEBUG - Done with 15- [line 813803]
2020-08-27 18:34:46,458 - DEBUG - Assigning indexes to genes
2020-08-27 18:34:46,461 - DEBUG - Seen 10698 genes until now
2020-08-27 18:34:46,462 - DEBUG - Parsing Chromosome 15 strand + [line 813804]
2020-08-27 18:34:46,643 - DEBUG - Done with 15+ [line 857859]
2020-08-27 18:34:46,643 - DEBUG - Assigning indexes to genes
2020-08-27 18:34:46,647 - DEBUG - Seen 11256 genes until now
2020-08-27 18:34:46,647 - DEBUG - Parsing Chromosome 16 strand - [line 857860]
2020-08-27 18:34:47,201 - DEBUG - Done with 16- [line 911118]
2020-08-27 18:34:47,201 - DEBUG - Assigning indexes to genes
2020-08-27 18:34:47,206 - DEBUG - Seen 11998 genes until now
2020-08-27 18:34:47,206 - DEBUG - Parsing Chromosome 16 strand + [line 911119]
2020-08-27 18:34:47,495 - DEBUG - Done with 16+ [line 981663]
2020-08-27 18:34:47,496 - DEBUG - Assigning indexes to genes
2020-08-27 18:34:47,502 - DEBUG - Seen 12787 genes until now
2020-08-27 18:34:47,502 - DEBUG - Parsing Chromosome 17 strand - [line 981664]
2020-08-27 18:34:47,854 - DEBUG - Done with 17- [line 1066635]
2020-08-27 18:34:47,855 - DEBUG - Assigning indexes to genes
2020-08-27 18:34:47,865 - DEBUG - Seen 13775 genes until now
2020-08-27 18:34:47,865 - DEBUG - Parsing Chromosome 17 strand + [line 1066636]
2020-08-27 18:34:48,595 - DEBUG - Done with 17+ [line 1143834]
2020-08-27 18:34:48,596 - DEBUG - Assigning indexes to genes
2020-08-27 18:34:48,604 - DEBUG - Seen 14681 genes until now
2020-08-27 18:34:48,604 - DEBUG - Parsing Chromosome 18 strand - [line 1143835]
2020-08-27 18:34:48,709 - DEBUG - Done with 18- [line 1168496]
2020-08-27 18:34:48,709 - DEBUG - Assigning indexes to genes
2020-08-27 18:34:48,718 - DEBUG - Seen 15006 genes until now
2020-08-27 18:34:48,718 - DEBUG - Parsing Chromosome 18 strand + [line 1168497]
2020-08-27 18:34:48,805 - DEBUG - Done with 18+ [line 1189691]
2020-08-27 18:34:48,805 - DEBUG - Assigning indexes to genes
2020-08-27 18:34:48,807 - DEBUG - Seen 15343 genes until now
2020-08-27 18:34:48,807 - DEBUG - Parsing Chromosome 19 strand - [line 1189692]
2020-08-27 18:34:49,128 - DEBUG - Done with 19- [line 1268854]
2020-08-27 18:34:49,128 - DEBUG - Assigning indexes to genes
2020-08-27 18:34:49,135 - DEBUG - Seen 16352 genes until now
2020-08-27 18:34:49,135 - DEBUG - Parsing Chromosome 19 strand + [line 1268855]
2020-08-27 18:34:49,466 - DEBUG - Done with 19+ [line 1351833]
2020-08-27 18:34:49,467 - DEBUG - Assigning indexes to genes
2020-08-27 18:34:49,474 - DEBUG - Seen 17347 genes until now
2020-08-27 18:34:49,474 - DEBUG - Parsing Chromosome 2 strand - [line 1351834]
2020-08-27 18:34:49,887 - DEBUG - Done with 2- [line 1448710]
2020-08-27 18:34:49,887 - DEBUG - Assigning indexes to genes
2020-08-27 18:34:49,895 - DEBUG - Seen 18472 genes until now
2020-08-27 18:34:49,895 - DEBUG - Parsing Chromosome 2 strand + [line 1448711]
2020-08-27 18:34:50,730 - DEBUG - Done with 2+ [line 1542602]
2020-08-27 18:34:50,730 - DEBUG - Assigning indexes to genes
2020-08-27 18:34:50,739 - DEBUG - Seen 19632 genes until now
2020-08-27 18:34:50,739 - DEBUG - Parsing Chromosome 20 strand - [line 1542603]
2020-08-27 18:34:50,849 - DEBUG - Done with 20- [line 1569195]
2020-08-27 18:34:50,849 - DEBUG - Assigning indexes to genes
2020-08-27 18:34:50,851 - DEBUG - Seen 20079 genes until now
2020-08-27 18:34:50,851 - DEBUG - Parsing Chromosome 20 strand + [line 1569196]
2020-08-27 18:34:50,980 - DEBUG - Done with 20+ [line 1600541]
2020-08-27 18:34:50,980 - DEBUG - Assigning indexes to genes
2020-08-27 18:34:50,983 - DEBUG - Seen 20527 genes until now
2020-08-27 18:34:50,983 - DEBUG - Parsing Chromosome 21 strand - [line 1600542]
2020-08-27 18:34:51,040 - DEBUG - Done with 21- [line 1614106]
2020-08-27 18:34:51,040 - DEBUG - Assigning indexes to genes
2020-08-27 18:34:51,042 - DEBUG - Seen 20795 genes until now
2020-08-27 18:34:51,042 - DEBUG - Parsing Chromosome 21 strand + [line 1614107]
2020-08-27 18:34:51,104 - DEBUG - Done with 21+ [line 1628392]
2020-08-27 18:34:51,104 - DEBUG - Assigning indexes to genes
2020-08-27 18:34:51,105 - DEBUG - Seen 21029 genes until now
2020-08-27 18:34:51,105 - DEBUG - Parsing Chromosome 22 strand - [line 1628393]
2020-08-27 18:34:51,212 - DEBUG - Done with 22- [line 1653805]
2020-08-27 18:34:51,212 - DEBUG - Assigning indexes to genes
2020-08-27 18:34:51,214 - DEBUG - Seen 21391 genes until now
2020-08-27 18:34:51,214 - DEBUG - Parsing Chromosome 22 strand + [line 1653806]
2020-08-27 18:34:51,340 - DEBUG - Done with 22+ [line 1684245]
2020-08-27 18:34:51,340 - DEBUG - Assigning indexes to genes
2020-08-27 18:34:51,344 - DEBUG - Seen 21866 genes until now
2020-08-27 18:34:51,344 - DEBUG - Parsing Chromosome 3 strand - [line 1684246]
2020-08-27 18:34:51,679 - DEBUG - Done with 3- [line 1763939]
2020-08-27 18:34:51,679 - DEBUG - Assigning indexes to genes
2020-08-27 18:34:51,685 - DEBUG - Seen 22713 genes until now
2020-08-27 18:34:51,685 - DEBUG - Parsing Chromosome 3 strand + [line 1763940]
2020-08-27 18:34:52,021 - DEBUG - Done with 3+ [line 1844840]
2020-08-27 18:34:52,021 - DEBUG - Assigning indexes to genes
2020-08-27 18:34:52,027 - DEBUG - Seen 23585 genes until now
2020-08-27 18:34:52,027 - DEBUG - Parsing Chromosome 4 strand - [line 1844841]
2020-08-27 18:34:52,774 - DEBUG - Done with 4- [line 1898665]
2020-08-27 18:34:52,774 - DEBUG - Assigning indexes to genes
2020-08-27 18:34:52,778 - DEBUG - Seen 24246 genes until now
2020-08-27 18:34:52,778 - DEBUG - Parsing Chromosome 4 strand + [line 1898666]
2020-08-27 18:34:52,980 - DEBUG - Done with 4+ [line 1947617]
2020-08-27 18:34:52,981 - DEBUG - Assigning indexes to genes
2020-08-27 18:34:52,985 - DEBUG - Seen 24938 genes until now
2020-08-27 18:34:52,985 - DEBUG - Parsing Chromosome 5 strand - [line 1947618]
2020-08-27 18:34:53,211 - DEBUG - Done with 5- [line 2001140]
2020-08-27 18:34:53,211 - DEBUG - Assigning indexes to genes
2020-08-27 18:34:53,216 - DEBUG - Seen 25741 genes until now
2020-08-27 18:34:53,216 - DEBUG - Parsing Chromosome 5 strand + [line 2001141]
2020-08-27 18:34:53,467 - DEBUG - Done with 5+ [line 2062165]
2020-08-27 18:34:53,467 - DEBUG - Assigning indexes to genes
2020-08-27 18:34:53,472 - DEBUG - Seen 26599 genes until now
2020-08-27 18:34:53,472 - DEBUG - Parsing Chromosome 6 strand - [line 2062166]
2020-08-27 18:34:53,718 - DEBUG - Done with 6- [line 2121425]
2020-08-27 18:34:53,718 - DEBUG - Assigning indexes to genes
2020-08-27 18:34:53,723 - DEBUG - Seen 27435 genes until now
2020-08-27 18:34:53,723 - DEBUG - Parsing Chromosome 6 strand + [line 2121426]
2020-08-27 18:34:53,942 - DEBUG - Done with 6+ [line 2176078]
2020-08-27 18:34:53,942 - DEBUG - Assigning indexes to genes
2020-08-27 18:34:53,946 - DEBUG - Seen 28231 genes until now
2020-08-27 18:34:53,946 - DEBUG - Parsing Chromosome 7 strand - [line 2176079]
2020-08-27 18:34:54,187 - DEBUG - Done with 7- [line 2233605]
2020-08-27 18:34:54,187 - DEBUG - Assigning indexes to genes
2020-08-27 18:34:54,192 - DEBUG - Seen 28953 genes until now
2020-08-27 18:34:54,192 - DEBUG - Parsing Chromosome 7 strand + [line 2233606]
2020-08-27 18:34:54,457 - DEBUG - Done with 7+ [line 2295513]
2020-08-27 18:34:54,457 - DEBUG - Assigning indexes to genes
2020-08-27 18:34:54,462 - DEBUG - Seen 29770 genes until now
2020-08-27 18:34:54,462 - DEBUG - Parsing Chromosome 8 strand - [line 2295514]
2020-08-27 18:34:54,659 - DEBUG - Done with 8- [line 2343289]
2020-08-27 18:34:54,659 - DEBUG - Assigning indexes to genes
2020-08-27 18:34:54,663 - DEBUG - Seen 30442 genes until now
2020-08-27 18:34:54,663 - DEBUG - Parsing Chromosome 8 strand + [line 2343290]
2020-08-27 18:34:54,841 - DEBUG - Done with 8+ [line 2386793]
2020-08-27 18:34:54,841 - DEBUG - Assigning indexes to genes
2020-08-27 18:34:54,845 - DEBUG - Seen 31090 genes until now
2020-08-27 18:34:54,845 - DEBUG - Parsing Chromosome 9 strand - [line 2386794]
2020-08-27 18:34:55,641 - DEBUG - Done with 9- [line 2430389]
2020-08-27 18:34:55,641 - DEBUG - Assigning indexes to genes
2020-08-27 18:34:55,645 - DEBUG - Seen 31710 genes until now
2020-08-27 18:34:55,645 - DEBUG - Parsing Chromosome 9 strand + [line 2430390]
2020-08-27 18:34:55,840 - DEBUG - Done with 9+ [line 2477312]
2020-08-27 18:34:55,840 - DEBUG - Assigning indexes to genes
2020-08-27 18:34:55,844 - DEBUG - Seen 32318 genes until now
2020-08-27 18:34:55,844 - DEBUG - Parsing Chromosome GL000009.2 strand - [line 2477313]
2020-08-27 18:34:55,844 - DEBUG - Done with GL000009.2- [line 2477320]
2020-08-27 18:34:55,844 - DEBUG - Assigning indexes to genes
2020-08-27 18:34:55,844 - DEBUG - Seen 32319 genes until now
2020-08-27 18:34:55,844 - DEBUG - Parsing Chromosome GL000194.1 strand - [line 2477321]
2020-08-27 18:34:55,844 - DEBUG - Done with GL000194.1- [line 2477346]
2020-08-27 18:34:55,844 - DEBUG - Assigning indexes to genes
2020-08-27 18:34:55,844 - DEBUG - Seen 32321 genes until now
2020-08-27 18:34:55,844 - DEBUG - Parsing Chromosome GL000195.1 strand - [line 2477347]
2020-08-27 18:34:55,844 - DEBUG - Done with GL000195.1- [line 2477356]
2020-08-27 18:34:55,844 - DEBUG - Assigning indexes to genes
2020-08-27 18:34:55,844 - DEBUG - Seen 32322 genes until now
2020-08-27 18:34:55,844 - DEBUG - Parsing Chromosome GL000195.1 strand + [line 2477357]
2020-08-27 18:34:55,845 - DEBUG - Done with GL000195.1+ [line 2477370]
2020-08-27 18:34:55,845 - DEBUG - Assigning indexes to genes
2020-08-27 18:34:55,845 - DEBUG - Seen 32323 genes until now
2020-08-27 18:34:55,845 - DEBUG - Parsing Chromosome GL000205.2 strand - [line 2477371]
2020-08-27 18:34:55,845 - DEBUG - Done with GL000205.2- [line 2477384]
2020-08-27 18:34:55,845 - DEBUG - Assigning indexes to genes
2020-08-27 18:34:55,845 - DEBUG - Seen 32324 genes until now
2020-08-27 18:34:55,845 - DEBUG - Parsing Chromosome GL000213.1 strand - [line 2477385]
2020-08-27 18:34:55,845 - DEBUG - Done with GL000213.1- [line 2477433]
2020-08-27 18:34:55,845 - DEBUG - Assigning indexes to genes
2020-08-27 18:34:55,845 - DEBUG - Seen 32325 genes until now
2020-08-27 18:34:55,845 - DEBUG - Parsing Chromosome GL000218.1 strand - [line 2477434]
2020-08-27 18:34:55,845 - DEBUG - Done with GL000218.1- [line 2477441]
2020-08-27 18:34:55,845 - DEBUG - Assigning indexes to genes
2020-08-27 18:34:55,845 - DEBUG - Seen 32326 genes until now
2020-08-27 18:34:55,845 - DEBUG - Parsing Chromosome GL000219.1 strand - [line 2477442]
2020-08-27 18:34:55,846 - DEBUG - Done with GL000219.1- [line 2477453]
2020-08-27 18:34:55,846 - DEBUG - Assigning indexes to genes
2020-08-27 18:34:55,846 - DEBUG - Seen 32327 genes until now
2020-08-27 18:34:55,846 - DEBUG - Parsing Chromosome KI270711.1 strand - [line 2477454]
2020-08-27 18:34:55,846 - DEBUG - Done with KI270711.1- [line 2477604]
2020-08-27 18:34:55,846 - DEBUG - Assigning indexes to genes
2020-08-27 18:34:55,846 - DEBUG - Seen 32328 genes until now
2020-08-27 18:34:55,846 - DEBUG - Parsing Chromosome KI270713.1 strand - [line 2477605]
2020-08-27 18:34:55,847 - DEBUG - Done with KI270713.1- [line 2477612]
2020-08-27 18:34:55,847 - DEBUG - Assigning indexes to genes
2020-08-27 18:34:55,847 - DEBUG - Seen 32329 genes until now
2020-08-27 18:34:55,847 - DEBUG - Parsing Chromosome KI270713.1 strand + [line 2477613]
2020-08-27 18:34:55,847 - DEBUG - Done with KI270713.1+ [line 2477618]
2020-08-27 18:34:55,847 - DEBUG - Assigning indexes to genes
2020-08-27 18:34:55,847 - DEBUG - Seen 32330 genes until now
2020-08-27 18:34:55,847 - DEBUG - Parsing Chromosome KI270721.1 strand + [line 2477619]
2020-08-27 18:34:55,847 - DEBUG - Done with KI270721.1+ [line 2477634]
2020-08-27 18:34:55,847 - DEBUG - Assigning indexes to genes
2020-08-27 18:34:55,847 - DEBUG - Seen 32331 genes until now
2020-08-27 18:34:55,847 - DEBUG - Parsing Chromosome KI270726.1 strand + [line 2477635]
2020-08-27 18:34:55,847 - DEBUG - Done with KI270726.1+ [line 2477645]
2020-08-27 18:34:55,847 - DEBUG - Assigning indexes to genes
2020-08-27 18:34:55,847 - DEBUG - Seen 32333 genes until now
2020-08-27 18:34:55,847 - DEBUG - Parsing Chromosome KI270727.1 strand - [line 2477646]
2020-08-27 18:34:55,848 - DEBUG - Done with KI270727.1- [line 2477704]
2020-08-27 18:34:55,848 - DEBUG - Assigning indexes to genes
2020-08-27 18:34:55,848 - DEBUG - Seen 32335 genes until now
2020-08-27 18:34:55,848 - DEBUG - Parsing Chromosome KI270727.1 strand + [line 2477705]
2020-08-27 18:34:55,848 - DEBUG - Done with KI270727.1+ [line 2477719]
2020-08-27 18:34:55,848 - DEBUG - Assigning indexes to genes
2020-08-27 18:34:55,848 - DEBUG - Seen 32337 genes until now
2020-08-27 18:34:55,848 - DEBUG - Parsing Chromosome KI270728.1 strand - [line 2477720]
2020-08-27 18:34:55,848 - DEBUG - Done with KI270728.1- [line 2477796]
2020-08-27 18:34:55,849 - DEBUG - Assigning indexes to genes
2020-08-27 18:34:55,849 - DEBUG - Seen 32339 genes until now
2020-08-27 18:34:55,849 - DEBUG - Parsing Chromosome KI270728.1 strand + [line 2477797]
2020-08-27 18:34:55,849 - DEBUG - Done with KI270728.1+ [line 2477833]
2020-08-27 18:34:55,849 - DEBUG - Assigning indexes to genes
2020-08-27 18:34:55,849 - DEBUG - Seen 32343 genes until now
2020-08-27 18:34:55,849 - DEBUG - Parsing Chromosome KI270731.1 strand - [line 2477834]
2020-08-27 18:34:55,849 - DEBUG - Done with KI270731.1- [line 2477840]
2020-08-27 18:34:55,849 - DEBUG - Assigning indexes to genes
2020-08-27 18:34:55,849 - DEBUG - Seen 32344 genes until now
2020-08-27 18:34:55,849 - DEBUG - Parsing Chromosome KI270734.1 strand - [line 2477841]
2020-08-27 18:34:55,849 - DEBUG - Done with KI270734.1- [line 2477909]
2020-08-27 18:34:55,849 - DEBUG - Assigning indexes to genes
2020-08-27 18:34:55,849 - DEBUG - Seen 32345 genes until now
2020-08-27 18:34:55,850 - DEBUG - Parsing Chromosome KI270734.1 strand + [line 2477910]
2020-08-27 18:34:55,850 - DEBUG - Done with KI270734.1+ [line 2477932]
2020-08-27 18:34:55,850 - DEBUG - Assigning indexes to genes
2020-08-27 18:34:55,850 - DEBUG - Seen 32347 genes until now
2020-08-27 18:34:55,850 - DEBUG - Parsing Chromosome MT strand - [line 2477933]
2020-08-27 18:34:55,850 - DEBUG - Done with MT- [line 2477938]
2020-08-27 18:34:55,850 - DEBUG - Assigning indexes to genes
2020-08-27 18:34:55,850 - DEBUG - Seen 32348 genes until now
2020-08-27 18:34:55,850 - DEBUG - Parsing Chromosome MT strand + [line 2477939]
2020-08-27 18:34:55,850 - DEBUG - Done with MT+ [line 2478004]
2020-08-27 18:34:55,850 - DEBUG - Assigning indexes to genes
2020-08-27 18:34:55,850 - DEBUG - Seen 32360 genes until now
2020-08-27 18:34:55,850 - DEBUG - Parsing Chromosome X strand - [line 2478005]
2020-08-27 18:34:56,017 - DEBUG - Done with X- [line 2518937]
2020-08-27 18:34:56,017 - DEBUG - Assigning indexes to genes
2020-08-27 18:34:56,020 - DEBUG - Seen 32876 genes until now
2020-08-27 18:34:56,020 - DEBUG - Parsing Chromosome X strand + [line 2518938]
2020-08-27 18:34:56,186 - DEBUG - Done with X+ [line 2560301]
2020-08-27 18:34:56,186 - DEBUG - Assigning indexes to genes
2020-08-27 18:34:56,189 - DEBUG - Seen 33438 genes until now
2020-08-27 18:34:56,189 - DEBUG - Parsing Chromosome Y strand - [line 2560302]
2020-08-27 18:34:56,199 - DEBUG - Done with Y- [line 2562446]
2020-08-27 18:34:56,199 - DEBUG - Assigning indexes to genes
2020-08-27 18:34:56,199 - DEBUG - Seen 33485 genes until now
2020-08-27 18:34:56,199 - DEBUG - Parsing Chromosome Y strand + [line 2562447]
2020-08-27 18:34:56,209 - DEBUG - Assigning indexes to genes
2020-08-27 18:34:56,210 - DEBUG - Done with Y+ [line 2565059]
2020-08-27 18:34:56,210 - DEBUG - Fixing corner cases of transcript models containg intron longer than 1000Kbp
2020-08-27 18:34:57,974 - DEBUG - Generated 2165800 features corresponding to 172912 transcript models from /net/isi-dcnl/ifs/user_data/abild/Genomes/refdata-cellranger-GRCh38-3.0.0/genes/genes.gtf
2020-08-27 18:34:58,003 - INFO - Scan /net/isi-dcnl/ifs/user_data/abild/Megatron_data/COH055/FEL025028.mRNA/cell_ranger/FEL027_E/outs/possorted_genome_bam.bam to validate intron intervals
2020-08-27 18:35:01,924 - DEBUG - Reading /net/isi-dcnl/ifs/user_data/abild/Megatron_data/COH055/FEL025028.mRNA/cell_ranger/FEL027_E/outs/possorted_genome_bam.bam
2020-08-27 18:35:01,939 - DEBUG - Read first 0 million reads
2020-08-27 18:35:01,940 - DEBUG - Marking up chromosome 1
2020-08-27 18:36:14,366 - DEBUG - Marking up chromosome 10
2020-08-27 18:36:21,434 - DEBUG - Read first 10 million reads
2020-08-27 18:36:59,546 - DEBUG - Marking up chromosome 11
2020-08-27 18:37:51,607 - DEBUG - Read first 20 million reads
2020-08-27 18:38:07,895 - DEBUG - Marking up chromosome 12
2020-08-27 18:38:43,232 - DEBUG - Marking up chromosome 13
2020-08-27 18:38:57,355 - DEBUG - Marking up chromosome 14
2020-08-27 18:39:12,812 - DEBUG - Read first 30 million reads
2020-08-27 18:39:29,255 - DEBUG - Marking up chromosome 15
2020-08-27 18:39:57,427 - DEBUG - Marking up chromosome 16
2020-08-27 18:40:36,558 - DEBUG - Marking up chromosome 17
2020-08-27 18:40:37,735 - DEBUG - Read first 40 million reads
2020-08-27 18:41:15,255 - DEBUG - Marking up chromosome 18
2020-08-27 18:41:32,850 - DEBUG - Marking up chromosome 19
2020-08-27 18:42:06,823 - DEBUG - Marking up chromosome 2
2020-08-27 18:42:08,301 - DEBUG - Read first 50 million reads
2020-08-27 18:43:05,487 - DEBUG - Marking up chromosome 20
2020-08-27 18:43:22,038 - DEBUG - Marking up chromosome 21
2020-08-27 18:43:24,165 - DEBUG - Read first 60 million reads
2020-08-27 18:43:45,624 - DEBUG - Read first 70 million reads
2020-08-27 18:44:07,135 - DEBUG - Read first 80 million reads
2020-08-27 18:44:15,222 - DEBUG - Marking up chromosome 22
2020-08-27 18:44:26,608 - DEBUG - Marking up chromosome 3
2020-08-27 18:45:34,796 - DEBUG - Read first 90 million reads
2020-08-27 18:45:35,829 - DEBUG - Marking up chromosome 4
2020-08-27 18:46:11,003 - DEBUG - Marking up chromosome 5
2020-08-27 18:46:50,429 - DEBUG - Read first 100 million reads
2020-08-27 18:47:00,353 - DEBUG - Marking up chromosome 6
2020-08-27 18:47:37,383 - DEBUG - Marking up chromosome 7
2020-08-27 18:48:09,618 - DEBUG - Read first 110 million reads
2020-08-27 18:48:14,699 - DEBUG - Marking up chromosome 8
2020-08-27 18:48:45,951 - DEBUG - Marking up chromosome 9
2020-08-27 18:49:10,243 - DEBUG - Marking up chromosome MT
2020-08-27 18:49:19,601 - DEBUG - Marking up chromosome X
2020-08-27 18:49:28,167 - DEBUG - Read first 120 million reads
2020-08-27 18:49:38,197 - DEBUG - Marking up chromosome Y
2020-08-27 18:49:38,251 - DEBUG - Marking up chromosome KI270728.1
2020-08-27 18:49:38,256 - DEBUG - Marking up chromosome KI270727.1
2020-08-27 18:49:38,265 - DEBUG - Marking up chromosome KI270442.1
2020-08-27 18:49:38,265 - WARNING - The .bam file refers to a chromosome 'KI270442.1+' not present in the annotation (.gtf) file
2020-08-27 18:49:38,265 - WARNING - The .bam file refers to a chromosome 'KI270442.1-' not present in the annotation (.gtf) file
2020-08-27 18:49:38,270 - DEBUG - Marking up chromosome KI270729.1
2020-08-27 18:49:38,270 - WARNING - The .bam file refers to a chromosome 'KI270729.1+' not present in the annotation (.gtf) file
2020-08-27 18:49:38,270 - WARNING - The .bam file refers to a chromosome 'KI270729.1-' not present in the annotation (.gtf) file
2020-08-27 18:49:38,270 - DEBUG - Marking up chromosome GL000225.1
2020-08-27 18:49:38,270 - WARNING - The .bam file refers to a chromosome 'GL000225.1+' not present in the annotation (.gtf) file
2020-08-27 18:49:38,271 - WARNING - The .bam file refers to a chromosome 'GL000225.1-' not present in the annotation (.gtf) file
2020-08-27 18:49:38,271 - DEBUG - Marking up chromosome KI270743.1
2020-08-27 18:49:38,271 - WARNING - The .bam file refers to a chromosome 'KI270743.1+' not present in the annotation (.gtf) file
2020-08-27 18:49:38,271 - WARNING - The .bam file refers to a chromosome 'KI270743.1-' not present in the annotation (.gtf) file
2020-08-27 18:49:38,274 - DEBUG - Marking up chromosome GL000008.2
2020-08-27 18:49:38,274 - WARNING - The .bam file refers to a chromosome 'GL000008.2+' not present in the annotation (.gtf) file
2020-08-27 18:49:38,274 - WARNING - The .bam file refers to a chromosome 'GL000008.2-' not present in the annotation (.gtf) file
2020-08-27 18:49:38,280 - DEBUG - Marking up chromosome GL000009.2
2020-08-27 18:49:38,280 - WARNING - The .bam file refers to a chromosome 'GL000009.2+' not present in the annotation (.gtf) file
2020-08-27 18:49:38,286 - DEBUG - Marking up chromosome KI270722.1
2020-08-27 18:49:38,286 - WARNING - The .bam file refers to a chromosome 'KI270722.1+' not present in the annotation (.gtf) file
2020-08-27 18:49:38,286 - WARNING - The .bam file refers to a chromosome 'KI270722.1-' not present in the annotation (.gtf) file
2020-08-27 18:49:38,287 - DEBUG - Marking up chromosome GL000194.1
2020-08-27 18:49:38,287 - WARNING - The .bam file refers to a chromosome 'GL000194.1+' not present in the annotation (.gtf) file
2020-08-27 18:49:38,354 - DEBUG - Marking up chromosome KI270742.1
2020-08-27 18:49:38,354 - WARNING - The .bam file refers to a chromosome 'KI270742.1+' not present in the annotation (.gtf) file
2020-08-27 18:49:38,354 - WARNING - The .bam file refers to a chromosome 'KI270742.1-' not present in the annotation (.gtf) file
2020-08-27 18:49:38,371 - DEBUG - Marking up chromosome GL000205.2
2020-08-27 18:49:38,371 - WARNING - The .bam file refers to a chromosome 'GL000205.2+' not present in the annotation (.gtf) file
2020-08-27 18:49:38,387 - DEBUG - Marking up chromosome GL000195.1
2020-08-27 18:49:38,410 - DEBUG - Marking up chromosome KI270733.1
2020-08-27 18:49:38,410 - WARNING - The .bam file refers to a chromosome 'KI270733.1+' not present in the annotation (.gtf) file
2020-08-27 18:49:38,410 - WARNING - The .bam file refers to a chromosome 'KI270733.1-' not present in the annotation (.gtf) file
2020-08-27 18:49:58,151 - DEBUG - Read first 130 million reads
2020-08-27 18:50:03,271 - DEBUG - Marking up chromosome GL000224.1
2020-08-27 18:50:03,271 - WARNING - The .bam file refers to a chromosome 'GL000224.1+' not present in the annotation (.gtf) file
2020-08-27 18:50:03,271 - WARNING - The .bam file refers to a chromosome 'GL000224.1-' not present in the annotation (.gtf) file
2020-08-27 18:50:03,278 - DEBUG - Marking up chromosome GL000219.1
2020-08-27 18:50:03,278 - WARNING - The .bam file refers to a chromosome 'GL000219.1+' not present in the annotation (.gtf) file
2020-08-27 18:50:03,367 - DEBUG - Marking up chromosome KI270719.1
2020-08-27 18:50:03,367 - WARNING - The .bam file refers to a chromosome 'KI270719.1+' not present in the annotation (.gtf) file
2020-08-27 18:50:03,367 - WARNING - The .bam file refers to a chromosome 'KI270719.1-' not present in the annotation (.gtf) file
2020-08-27 18:50:03,371 - DEBUG - Marking up chromosome GL000216.2
2020-08-27 18:50:03,372 - WARNING - The .bam file refers to a chromosome 'GL000216.2+' not present in the annotation (.gtf) file
2020-08-27 18:50:03,372 - WARNING - The .bam file refers to a chromosome 'GL000216.2-' not present in the annotation (.gtf) file
2020-08-27 18:50:03,372 - DEBUG - Marking up chromosome KI270712.1
2020-08-27 18:50:03,372 - WARNING - The .bam file refers to a chromosome 'KI270712.1+' not present in the annotation (.gtf) file
2020-08-27 18:50:03,372 - WARNING - The .bam file refers to a chromosome 'KI270712.1-' not present in the annotation (.gtf) file
2020-08-27 18:50:03,375 - DEBUG - Marking up chromosome KI270706.1
2020-08-27 18:50:03,375 - WARNING - The .bam file refers to a chromosome 'KI270706.1+' not present in the annotation (.gtf) file
2020-08-27 18:50:03,375 - WARNING - The .bam file refers to a chromosome 'KI270706.1-' not present in the annotation (.gtf) file
2020-08-27 18:50:03,385 - DEBUG - Marking up chromosome KI270725.1
2020-08-27 18:50:03,385 - WARNING - The .bam file refers to a chromosome 'KI270725.1+' not present in the annotation (.gtf) file
2020-08-27 18:50:03,386 - WARNING - The .bam file refers to a chromosome 'KI270725.1-' not present in the annotation (.gtf) file
2020-08-27 18:50:03,387 - DEBUG - Marking up chromosome KI270744.1
2020-08-27 18:50:03,387 - WARNING - The .bam file refers to a chromosome 'KI270744.1+' not present in the annotation (.gtf) file
2020-08-27 18:50:03,387 - WARNING - The .bam file refers to a chromosome 'KI270744.1-' not present in the annotation (.gtf) file
2020-08-27 18:50:03,393 - DEBUG - Marking up chromosome KI270734.1
2020-08-27 18:50:03,426 - DEBUG - Marking up chromosome GL000213.1
2020-08-27 18:50:03,426 - WARNING - The .bam file refers to a chromosome 'GL000213.1+' not present in the annotation (.gtf) file
2020-08-27 18:50:03,490 - DEBUG - Marking up chromosome GL000220.1
2020-08-27 18:50:03,490 - WARNING - The .bam file refers to a chromosome 'GL000220.1+' not present in the annotation (.gtf) file
2020-08-27 18:50:03,490 - WARNING - The .bam file refers to a chromosome 'GL000220.1-' not present in the annotation (.gtf) file
2020-08-27 18:50:19,701 - DEBUG - Read first 140 million reads
2020-08-27 18:50:27,088 - DEBUG - Marking up chromosome GL000218.1
2020-08-27 18:50:27,088 - WARNING - The .bam file refers to a chromosome 'GL000218.1+' not present in the annotation (.gtf) file
2020-08-27 18:50:27,099 - DEBUG - Marking up chromosome KI270749.1
2020-08-27 18:50:27,099 - WARNING - The .bam file refers to a chromosome 'KI270749.1+' not present in the annotation (.gtf) file
2020-08-27 18:50:27,099 - WARNING - The .bam file refers to a chromosome 'KI270749.1-' not present in the annotation (.gtf) file
2020-08-27 18:50:27,102 - DEBUG - Marking up chromosome KI270741.1
2020-08-27 18:50:27,102 - WARNING - The .bam file refers to a chromosome 'KI270741.1+' not present in the annotation (.gtf) file
2020-08-27 18:50:27,102 - WARNING - The .bam file refers to a chromosome 'KI270741.1-' not present in the annotation (.gtf) file
2020-08-27 18:50:27,103 - DEBUG - Marking up chromosome GL000221.1
2020-08-27 18:50:27,103 - WARNING - The .bam file refers to a chromosome 'GL000221.1+' not present in the annotation (.gtf) file
2020-08-27 18:50:27,103 - WARNING - The .bam file refers to a chromosome 'GL000221.1-' not present in the annotation (.gtf) file
2020-08-27 18:50:27,121 - DEBUG - Marking up chromosome KI270731.1
2020-08-27 18:50:27,121 - WARNING - The .bam file refers to a chromosome 'KI270731.1+' not present in the annotation (.gtf) file
2020-08-27 18:50:27,125 - DEBUG - Marking up chromosome KI270751.1
2020-08-27 18:50:27,125 - WARNING - The .bam file refers to a chromosome 'KI270751.1+' not present in the annotation (.gtf) file
2020-08-27 18:50:27,125 - WARNING - The .bam file refers to a chromosome 'KI270751.1-' not present in the annotation (.gtf) file
2020-08-27 18:50:27,126 - DEBUG - Marking up chromosome GL000214.1
2020-08-27 18:50:27,126 - WARNING - The .bam file refers to a chromosome 'GL000214.1+' not present in the annotation (.gtf) file
2020-08-27 18:50:27,126 - WARNING - The .bam file refers to a chromosome 'GL000214.1-' not present in the annotation (.gtf) file
2020-08-27 18:50:27,130 - DEBUG - Marking up chromosome KI270708.1
2020-08-27 18:50:27,130 - WARNING - The .bam file refers to a chromosome 'KI270708.1+' not present in the annotation (.gtf) file
2020-08-27 18:50:27,130 - WARNING - The .bam file refers to a chromosome 'KI270708.1-' not present in the annotation (.gtf) file
2020-08-27 18:50:27,130 - DEBUG - Marking up chromosome KI270438.1
2020-08-27 18:50:27,130 - WARNING - The .bam file refers to a chromosome 'KI270438.1+' not present in the annotation (.gtf) file
2020-08-27 18:50:27,130 - WARNING - The .bam file refers to a chromosome 'KI270438.1-' not present in the annotation (.gtf) file
2020-08-27 18:50:27,131 - DEBUG - Marking up chromosome KI270737.1
2020-08-27 18:50:27,131 - WARNING - The .bam file refers to a chromosome 'KI270737.1+' not present in the annotation (.gtf) file
2020-08-27 18:50:27,131 - WARNING - The .bam file refers to a chromosome 'KI270737.1-' not present in the annotation (.gtf) file
2020-08-27 18:50:27,131 - DEBUG - Marking up chromosome KI270721.1
2020-08-27 18:50:27,131 - WARNING - The .bam file refers to a chromosome 'KI270721.1-' not present in the annotation (.gtf) file
2020-08-27 18:50:27,138 - DEBUG - Marking up chromosome KI270738.1
2020-08-27 18:50:27,138 - WARNING - The .bam file refers to a chromosome 'KI270738.1+' not present in the annotation (.gtf) file
2020-08-27 18:50:27,138 - WARNING - The .bam file refers to a chromosome 'KI270738.1-' not present in the annotation (.gtf) file
2020-08-27 18:50:27,141 - DEBUG - Marking up chromosome KI270748.1
2020-08-27 18:50:27,141 - WARNING - The .bam file refers to a chromosome 'KI270748.1+' not present in the annotation (.gtf) file
2020-08-27 18:50:27,141 - WARNING - The .bam file refers to a chromosome 'KI270748.1-' not present in the annotation (.gtf) file
2020-08-27 18:50:27,143 - DEBUG - Marking up chromosome KI270709.1
2020-08-27 18:50:27,143 - WARNING - The .bam file refers to a chromosome 'KI270709.1+' not present in the annotation (.gtf) file
2020-08-27 18:50:27,143 - WARNING - The .bam file refers to a chromosome 'KI270709.1-' not present in the annotation (.gtf) file
2020-08-27 18:50:27,143 - DEBUG - Marking up chromosome KI270753.1
2020-08-27 18:50:27,143 - WARNING - The .bam file refers to a chromosome 'KI270753.1+' not present in the annotation (.gtf) file
2020-08-27 18:50:27,143 - WARNING - The .bam file refers to a chromosome 'KI270753.1-' not present in the annotation (.gtf) file
2020-08-27 18:50:27,146 - DEBUG - Marking up chromosome KI270711.1
2020-08-27 18:50:27,146 - WARNING - The .bam file refers to a chromosome 'KI270711.1+' not present in the annotation (.gtf) file
2020-08-27 18:50:27,164 - DEBUG - Marking up chromosome KI270745.1
2020-08-27 18:50:27,164 - WARNING - The .bam file refers to a chromosome 'KI270745.1+' not present in the annotation (.gtf) file
2020-08-27 18:50:27,164 - WARNING - The .bam file refers to a chromosome 'KI270745.1-' not present in the annotation (.gtf) file
2020-08-27 18:50:27,172 - DEBUG - Marking up chromosome KI270714.1
2020-08-27 18:50:27,172 - WARNING - The .bam file refers to a chromosome 'KI270714.1+' not present in the annotation (.gtf) file
2020-08-27 18:50:27,172 - WARNING - The .bam file refers to a chromosome 'KI270714.1-' not present in the annotation (.gtf) file
2020-08-27 18:50:27,173 - DEBUG - Marking up chromosome KI270732.1
2020-08-27 18:50:27,173 - WARNING - The .bam file refers to a chromosome 'KI270732.1+' not present in the annotation (.gtf) file
2020-08-27 18:50:27,173 - WARNING - The .bam file refers to a chromosome 'KI270732.1-' not present in the annotation (.gtf) file
2020-08-27 18:50:27,173 - DEBUG - Marking up chromosome KI270713.1
2020-08-27 18:50:27,176 - DEBUG - Marking up chromosome KI270717.1
2020-08-27 18:50:27,177 - WARNING - The .bam file refers to a chromosome 'KI270717.1+' not present in the annotation (.gtf) file
2020-08-27 18:50:27,177 - WARNING - The .bam file refers to a chromosome 'KI270717.1-' not present in the annotation (.gtf) file
2020-08-27 18:50:27,179 - DEBUG - Marking up chromosome KI270720.1
2020-08-27 18:50:27,179 - WARNING - The .bam file refers to a chromosome 'KI270720.1+' not present in the annotation (.gtf) file
2020-08-27 18:50:27,179 - WARNING - The .bam file refers to a chromosome 'KI270720.1-' not present in the annotation (.gtf) file
2020-08-27 18:50:27,179 - DEBUG - Marking up chromosome KI270723.1
2020-08-27 18:50:27,179 - WARNING - The .bam file refers to a chromosome 'KI270723.1+' not present in the annotation (.gtf) file
2020-08-27 18:50:27,179 - WARNING - The .bam file refers to a chromosome 'KI270723.1-' not present in the annotation (.gtf) file
2020-08-27 18:50:27,182 - DEBUG - Marking up chromosome KI270718.1
2020-08-27 18:50:27,182 - WARNING - The .bam file refers to a chromosome 'KI270718.1+' not present in the annotation (.gtf) file
2020-08-27 18:50:27,182 - WARNING - The .bam file refers to a chromosome 'KI270718.1-' not present in the annotation (.gtf) file
2020-08-27 18:50:27,230 - DEBUG - Marking up chromosome KI270707.1
2020-08-27 18:50:27,230 - WARNING - The .bam file refers to a chromosome 'KI270707.1+' not present in the annotation (.gtf) file
2020-08-27 18:50:27,230 - WARNING - The .bam file refers to a chromosome 'KI270707.1-' not present in the annotation (.gtf) file
2020-08-27 18:50:27,231 - DEBUG - Marking up chromosome KI270330.1
2020-08-27 18:50:27,231 - WARNING - The .bam file refers to a chromosome 'KI270330.1+' not present in the annotation (.gtf) file
2020-08-27 18:50:27,231 - WARNING - The .bam file refers to a chromosome 'KI270330.1-' not present in the annotation (.gtf) file
2020-08-27 18:50:39,221 - DEBUG - End of file. Reset index: start scanning from initial position.
2020-08-27 18:50:39,221 - DEBUG - 1963069 reads were skipped because no apropiate cell or umi barcode was found
2020-08-27 18:50:39,221 - DEBUG - Start molecule counting!
2020-08-27 18:50:43,219 - DEBUG - Features available for chromosomes : ['1-', '1+', '10-', '10+', '11-', '11+', '12-', '12+', '13-', '13+', '14-', '14+', '15-', '15+', '16-', '16+', '17-', '17+', '18-', '18+', '19-', '19+', '2-', '2+', '20-', '20+', '21-', '21+', '22-', '22+', '3-', '3+', '4-', '4+', '5-', '5+', '6-', '6+', '7-', '7+', '8-', '8+', '9-', '9+', 'GL000009.2-', 'GL000194.1-', 'GL000195.1-', 'GL000195.1+', 'GL000205.2-', 'GL000213.1-', 'GL000218.1-', 'GL000219.1-', 'KI270711.1-', 'KI270713.1-', 'KI270713.1+', 'KI270721.1+', 'KI270726.1+', 'KI270727.1-', 'KI270727.1+', 'KI270728.1-', 'KI270728.1+', 'KI270731.1-', 'KI270734.1-', 'KI270734.1+', 'MT-', 'MT+', 'X-', 'X+', 'Y-', 'Y+']
2020-08-27 18:50:43,219 - DEBUG - Mask available for chromosomes : []
2020-08-27 18:50:43,219 - DEBUG - Summarizing the results of intron validation.
2020-08-27 18:50:43,874 - DEBUG - Validated 373686 introns (of which unique intervals 117634) out of 996444 total possible introns (considering each possible transcript models).
2020-08-27 18:50:43,875 - DEBUG - Reading /net/isi-dcnl/ifs/user_data/abild/Megatron_data/COH055/FEL025028.mRNA/cell_ranger/FEL027_E/outs/cellsorted_possorted_genome_bam.bam
2020-08-27 18:50:43,922 - DEBUG - Read first 0 million reads
2020-08-27 18:51:12,627 - DEBUG - Read first 10 million reads
2020-08-27 18:51:51,983 - DEBUG - Counting for batch 1, containing 100 cells and 1443188 reads
2020-08-27 18:52:49,711 - DEBUG - 0 reads not considered because fully enclosed in repeat masked regions
2020-08-27 18:53:13,369 - DEBUG - Read first 20 million reads
2020-08-27 18:53:57,217 - DEBUG - Counting for batch 2, containing 100 cells and 1895659 reads
2020-08-27 18:55:12,270 - DEBUG - 0 reads not considered because fully enclosed in repeat masked regions
2020-08-27 18:55:35,558 - DEBUG - Read first 30 million reads
2020-08-27 18:56:25,340 - DEBUG - Read first 40 million reads
2020-08-27 18:56:29,420 - DEBUG - Counting for batch 3, containing 100 cells and 1992595 reads
2020-08-27 18:57:46,565 - DEBUG - 0 reads not considered because fully enclosed in repeat masked regions
2020-08-27 18:58:48,027 - DEBUG - Read first 50 million reads
2020-08-27 18:59:05,975 - DEBUG - Counting for batch 4, containing 100 cells and 2479901 reads
2020-08-27 19:00:42,974 - DEBUG - 0 reads not considered because fully enclosed in repeat masked regions
2020-08-27 19:01:39,163 - DEBUG - Read first 60 million reads
2020-08-27 19:01:50,123 - DEBUG - Counting for batch 5, containing 100 cells and 1744303 reads
2020-08-27 19:02:56,625 - DEBUG - 0 reads not considered because fully enclosed in repeat masked regions
2020-08-27 19:03:52,154 - DEBUG - Read first 70 million reads
2020-08-27 19:04:07,971 - DEBUG - Counting for batch 6, containing 100 cells and 1999135 reads
2020-08-27 19:05:25,505 - DEBUG - 0 reads not considered because fully enclosed in repeat masked regions
2020-08-27 19:06:15,570 - DEBUG - Read first 80 million reads
2020-08-27 19:06:27,888 - DEBUG - Counting for batch 7, containing 100 cells and 1499543 reads
2020-08-27 19:07:27,919 - DEBUG - 0 reads not considered because fully enclosed in repeat masked regions
2020-08-27 19:08:20,742 - DEBUG - Read first 90 million reads
2020-08-27 19:08:31,681 - DEBUG - Counting for batch 8, containing 100 cells and 1852550 reads
2020-08-27 19:09:44,297 - DEBUG - 0 reads not considered because fully enclosed in repeat masked regions
2020-08-27 19:10:36,998 - DEBUG - Read first 100 million reads
2020-08-27 19:10:46,809 - DEBUG - Counting for batch 9, containing 100 cells and 1600955 reads
2020-08-27 19:11:51,903 - DEBUG - 0 reads not considered because fully enclosed in repeat masked regions
2020-08-27 19:12:46,237 - DEBUG - Read first 110 million reads
2020-08-27 19:13:03,711 - DEBUG - Counting for batch 10, containing 100 cells and 1966106 reads
2020-08-27 19:14:19,237 - DEBUG - 0 reads not considered because fully enclosed in repeat masked regions
2020-08-27 19:15:07,593 - DEBUG - Read first 120 million reads
2020-08-27 19:15:20,652 - DEBUG - Counting for batch 11, containing 100 cells and 1537780 reads
2020-08-27 19:16:20,846 - DEBUG - 0 reads not considered because fully enclosed in repeat masked regions
2020-08-27 19:17:12,734 - DEBUG - Read first 130 million reads
2020-08-27 19:17:25,137 - DEBUG - Counting for batch 12, containing 100 cells and 1727960 reads
2020-08-27 19:18:33,662 - DEBUG - 0 reads not considered because fully enclosed in repeat masked regions
2020-08-27 19:19:25,060 - DEBUG - Read first 140 million reads
2020-08-27 19:19:35,680 - DEBUG - Counting for batch 13, containing 100 cells and 1672731 reads
2020-08-27 19:20:40,661 - DEBUG - 0 reads not considered because fully enclosed in repeat masked regions
2020-08-27 19:21:32,166 - DEBUG - Counting for batch 14, containing 81 cells and 1479183 reads
2020-08-27 19:22:29,776 - DEBUG - 0 reads not considered because fully enclosed in repeat masked regions
2020-08-27 19:22:41,949 - DEBUG - 1963069 reads were skipped because no apropiate cell or umi barcode was found
2020-08-27 19:22:41,950 - DEBUG - Counting done!
2020-08-27 19:22:41,971 - DEBUG - Generating output file /net/isi-dcnl/ifs/user_data/abild/Megatron_data/COH055/FEL025028.mRNA/cell_ranger/FEL027_E/velocyto/FEL027_E.loom
2020-08-27 19:22:41,971 - DEBUG - Collecting row attributes
2020-08-27 19:22:42,065 - DEBUG - Generating data table
2020-08-27 19:22:42,619 - DEBUG - Writing loom file
2020-08-27 19:22:46,211 - DEBUG - Terminated Succesfully!
Start: 1598578464
End: 1598581368
Run time: 2904
Done
