CPU: 16
N: 87
Step1: Analyze spliced and unspliced reads and genrate a loom file for velocityR
Run velocyto to generate loom file
2020-08-27 20:36:32,944 - DEBUG - Using logic: Default
2020-08-27 20:36:32,962 - INFO - Read 2270 cell barcodes from /net/isi-dcnl/ifs/user_data/abild/Megatron_data/COH064/FEL041043.mRNA/FEL042_count03/FEL042_S/outs/filtered_feature_bc_matrix/barcodes.tsv.gz
2020-08-27 20:36:32,962 - DEBUG - Example of barcode: AAACCCACAAAGGAGA and cell_id: FEL042_S:AAACCCACAAAGGAGA-1
2020-08-27 20:36:32,976 - DEBUG - Peeking into /net/isi-dcnl/ifs/user_data/abild/Megatron_data/COH064/FEL041043.mRNA/FEL042_count03/FEL042_S/outs/possorted_genome_bam.bam
2020-08-27 20:36:33,238 - WARNING - Not found cell and umi barcode in entry 239 of the bam file
2020-08-27 20:36:33,239 - WARNING - Not found cell and umi barcode in entry 240 of the bam file
2020-08-27 20:36:33,239 - WARNING - Not found cell and umi barcode in entry 241 of the bam file
2020-08-27 20:36:33,241 - WARNING - Not found cell and umi barcode in entry 497 of the bam file
2020-08-27 20:36:33,241 - WARNING - Not found cell and umi barcode in entry 540 of the bam file
2020-08-27 20:36:33,243 - WARNING - Not found cell and umi barcode in entry 813 of the bam file
2020-08-27 20:36:33,243 - WARNING - Not found cell and umi barcode in entry 814 of the bam file
2020-08-27 20:36:33,243 - WARNING - Not found cell and umi barcode in entry 862 of the bam file
2020-08-27 20:36:33,252 - WARNING - The file /net/isi-dcnl/ifs/user_data/abild/Megatron_data/COH064/FEL041043.mRNA/FEL042_count03/FEL042_S/outs/cellsorted_possorted_genome_bam.bam already exists. The sorting step will be skipped and the existing file will be used.
2020-08-27 20:36:33,253 - INFO - Load the annotation from /net/isi-dcnl/ifs/user_data/abild/Genomes/refdata-cellranger-GRCh38-3.0.0/genes/genes.gtf
2020-08-27 20:36:41,806 - DEBUG - Parsing Chromosome 1 strand - [line 0]
2020-08-27 20:36:42,469 - DEBUG - Done with 1- [line 108728]
2020-08-27 20:36:42,469 - DEBUG - Assigning indexes to genes
2020-08-27 20:36:42,480 - DEBUG - Seen 1561 genes until now
2020-08-27 20:36:42,480 - DEBUG - Parsing Chromosome 1 strand + [line 108729]
2020-08-27 20:36:43,243 - DEBUG - Done with 1+ [line 232515]
2020-08-27 20:36:43,243 - DEBUG - Assigning indexes to genes
2020-08-27 20:36:43,255 - DEBUG - Seen 3154 genes until now
2020-08-27 20:36:43,255 - DEBUG - Parsing Chromosome 10 strand - [line 232516]
2020-08-27 20:36:43,723 - DEBUG - Done with 10- [line 279343]
2020-08-27 20:36:43,723 - DEBUG - Assigning indexes to genes
2020-08-27 20:36:43,727 - DEBUG - Seen 3737 genes until now
2020-08-27 20:36:43,727 - DEBUG - Parsing Chromosome 10 strand + [line 279344]
2020-08-27 20:36:43,921 - DEBUG - Done with 10+ [line 323872]
2020-08-27 20:36:43,921 - DEBUG - Assigning indexes to genes
2020-08-27 20:36:43,925 - DEBUG - Seen 4384 genes until now
2020-08-27 20:36:43,925 - DEBUG - Parsing Chromosome 11 strand - [line 323873]
2020-08-27 20:36:44,553 - DEBUG - Done with 11- [line 402908]
2020-08-27 20:36:44,553 - DEBUG - Assigning indexes to genes
2020-08-27 20:36:44,560 - DEBUG - Seen 5320 genes until now
2020-08-27 20:36:44,560 - DEBUG - Parsing Chromosome 11 strand + [line 402909]
2020-08-27 20:36:44,908 - DEBUG - Done with 11+ [line 482591]
2020-08-27 20:36:44,908 - DEBUG - Assigning indexes to genes
2020-08-27 20:36:44,915 - DEBUG - Seen 6305 genes until now
2020-08-27 20:36:44,915 - DEBUG - Parsing Chromosome 12 strand - [line 482592]
2020-08-27 20:36:45,573 - DEBUG - Done with 12- [line 559278]
2020-08-27 20:36:45,573 - DEBUG - Assigning indexes to genes
2020-08-27 20:36:45,580 - DEBUG - Seen 7177 genes until now
2020-08-27 20:36:45,580 - DEBUG - Parsing Chromosome 12 strand + [line 559279]
2020-08-27 20:36:45,903 - DEBUG - Done with 12+ [line 635173]
2020-08-27 20:36:45,903 - DEBUG - Assigning indexes to genes
2020-08-27 20:36:45,909 - DEBUG - Seen 8070 genes until now
2020-08-27 20:36:45,909 - DEBUG - Parsing Chromosome 13 strand - [line 635174]
2020-08-27 20:36:45,991 - DEBUG - Done with 13- [line 653523]
2020-08-27 20:36:45,991 - DEBUG - Assigning indexes to genes
2020-08-27 20:36:45,993 - DEBUG - Seen 8400 genes until now
2020-08-27 20:36:45,993 - DEBUG - Parsing Chromosome 13 strand + [line 653524]
2020-08-27 20:36:46,435 - DEBUG - Done with 13+ [line 673091]
2020-08-27 20:36:46,435 - DEBUG - Assigning indexes to genes
2020-08-27 20:36:46,437 - DEBUG - Seen 8736 genes until now
2020-08-27 20:36:46,437 - DEBUG - Parsing Chromosome 14 strand - [line 673092]
2020-08-27 20:36:46,625 - DEBUG - Done with 14- [line 716831]
2020-08-27 20:36:46,625 - DEBUG - Assigning indexes to genes
2020-08-27 20:36:46,629 - DEBUG - Seen 9452 genes until now
2020-08-27 20:36:46,629 - DEBUG - Parsing Chromosome 14 strand + [line 716832]
2020-08-27 20:36:46,835 - DEBUG - Done with 14+ [line 764942]
2020-08-27 20:36:46,835 - DEBUG - Assigning indexes to genes
2020-08-27 20:36:46,839 - DEBUG - Seen 10121 genes until now
2020-08-27 20:36:46,839 - DEBUG - Parsing Chromosome 15 strand - [line 764943]
2020-08-27 20:36:47,055 - DEBUG - Done with 15- [line 813803]
2020-08-27 20:36:47,055 - DEBUG - Assigning indexes to genes
2020-08-27 20:36:47,059 - DEBUG - Seen 10698 genes until now
2020-08-27 20:36:47,059 - DEBUG - Parsing Chromosome 15 strand + [line 813804]
2020-08-27 20:36:47,247 - DEBUG - Done with 15+ [line 857859]
2020-08-27 20:36:47,247 - DEBUG - Assigning indexes to genes
2020-08-27 20:36:47,251 - DEBUG - Seen 11256 genes until now
2020-08-27 20:36:47,251 - DEBUG - Parsing Chromosome 16 strand - [line 857860]
2020-08-27 20:36:47,932 - DEBUG - Done with 16- [line 911118]
2020-08-27 20:36:47,932 - DEBUG - Assigning indexes to genes
2020-08-27 20:36:47,937 - DEBUG - Seen 11998 genes until now
2020-08-27 20:36:47,937 - DEBUG - Parsing Chromosome 16 strand + [line 911119]
2020-08-27 20:36:48,237 - DEBUG - Done with 16+ [line 981663]
2020-08-27 20:36:48,237 - DEBUG - Assigning indexes to genes
2020-08-27 20:36:48,243 - DEBUG - Seen 12787 genes until now
2020-08-27 20:36:48,243 - DEBUG - Parsing Chromosome 17 strand - [line 981664]
2020-08-27 20:36:48,611 - DEBUG - Done with 17- [line 1066635]
2020-08-27 20:36:48,611 - DEBUG - Assigning indexes to genes
2020-08-27 20:36:48,619 - DEBUG - Seen 13775 genes until now
2020-08-27 20:36:48,619 - DEBUG - Parsing Chromosome 17 strand + [line 1066636]
2020-08-27 20:36:49,406 - DEBUG - Done with 17+ [line 1143834]
2020-08-27 20:36:49,406 - DEBUG - Assigning indexes to genes
2020-08-27 20:36:49,416 - DEBUG - Seen 14681 genes until now
2020-08-27 20:36:49,416 - DEBUG - Parsing Chromosome 18 strand - [line 1143835]
2020-08-27 20:36:49,523 - DEBUG - Done with 18- [line 1168496]
2020-08-27 20:36:49,523 - DEBUG - Assigning indexes to genes
2020-08-27 20:36:49,526 - DEBUG - Seen 15006 genes until now
2020-08-27 20:36:49,526 - DEBUG - Parsing Chromosome 18 strand + [line 1168497]
2020-08-27 20:36:49,615 - DEBUG - Done with 18+ [line 1189691]
2020-08-27 20:36:49,616 - DEBUG - Assigning indexes to genes
2020-08-27 20:36:49,617 - DEBUG - Seen 15343 genes until now
2020-08-27 20:36:49,617 - DEBUG - Parsing Chromosome 19 strand - [line 1189692]
2020-08-27 20:36:49,953 - DEBUG - Done with 19- [line 1268854]
2020-08-27 20:36:49,953 - DEBUG - Assigning indexes to genes
2020-08-27 20:36:49,961 - DEBUG - Seen 16352 genes until now
2020-08-27 20:36:49,961 - DEBUG - Parsing Chromosome 19 strand + [line 1268855]
2020-08-27 20:36:50,305 - DEBUG - Done with 19+ [line 1351833]
2020-08-27 20:36:50,305 - DEBUG - Assigning indexes to genes
2020-08-27 20:36:50,313 - DEBUG - Seen 17347 genes until now
2020-08-27 20:36:50,313 - DEBUG - Parsing Chromosome 2 strand - [line 1351834]
2020-08-27 20:36:50,732 - DEBUG - Done with 2- [line 1448710]
2020-08-27 20:36:50,732 - DEBUG - Assigning indexes to genes
2020-08-27 20:36:50,741 - DEBUG - Seen 18472 genes until now
2020-08-27 20:36:50,741 - DEBUG - Parsing Chromosome 2 strand + [line 1448711]
2020-08-27 20:36:51,674 - DEBUG - Done with 2+ [line 1542602]
2020-08-27 20:36:51,674 - DEBUG - Assigning indexes to genes
2020-08-27 20:36:51,685 - DEBUG - Seen 19632 genes until now
2020-08-27 20:36:51,685 - DEBUG - Parsing Chromosome 20 strand - [line 1542603]
2020-08-27 20:36:51,800 - DEBUG - Done with 20- [line 1569195]
2020-08-27 20:36:51,800 - DEBUG - Assigning indexes to genes
2020-08-27 20:36:51,802 - DEBUG - Seen 20079 genes until now
2020-08-27 20:36:51,802 - DEBUG - Parsing Chromosome 20 strand + [line 1569196]
2020-08-27 20:36:51,942 - DEBUG - Done with 20+ [line 1600541]
2020-08-27 20:36:51,942 - DEBUG - Assigning indexes to genes
2020-08-27 20:36:51,944 - DEBUG - Seen 20527 genes until now
2020-08-27 20:36:51,944 - DEBUG - Parsing Chromosome 21 strand - [line 1600542]
2020-08-27 20:36:52,005 - DEBUG - Done with 21- [line 1614106]
2020-08-27 20:36:52,005 - DEBUG - Assigning indexes to genes
2020-08-27 20:36:52,006 - DEBUG - Seen 20795 genes until now
2020-08-27 20:36:52,006 - DEBUG - Parsing Chromosome 21 strand + [line 1614107]
2020-08-27 20:36:52,071 - DEBUG - Done with 21+ [line 1628392]
2020-08-27 20:36:52,071 - DEBUG - Assigning indexes to genes
2020-08-27 20:36:52,072 - DEBUG - Seen 21029 genes until now
2020-08-27 20:36:52,072 - DEBUG - Parsing Chromosome 22 strand - [line 1628393]
2020-08-27 20:36:52,186 - DEBUG - Done with 22- [line 1653805]
2020-08-27 20:36:52,186 - DEBUG - Assigning indexes to genes
2020-08-27 20:36:52,188 - DEBUG - Seen 21391 genes until now
2020-08-27 20:36:52,188 - DEBUG - Parsing Chromosome 22 strand + [line 1653806]
2020-08-27 20:36:52,320 - DEBUG - Done with 22+ [line 1684245]
2020-08-27 20:36:52,320 - DEBUG - Assigning indexes to genes
2020-08-27 20:36:52,325 - DEBUG - Seen 21866 genes until now
2020-08-27 20:36:52,325 - DEBUG - Parsing Chromosome 3 strand - [line 1684246]
2020-08-27 20:36:52,664 - DEBUG - Done with 3- [line 1763939]
2020-08-27 20:36:52,664 - DEBUG - Assigning indexes to genes
2020-08-27 20:36:52,672 - DEBUG - Seen 22713 genes until now
2020-08-27 20:36:52,672 - DEBUG - Parsing Chromosome 3 strand + [line 1763940]
2020-08-27 20:36:53,024 - DEBUG - Done with 3+ [line 1844840]
2020-08-27 20:36:53,024 - DEBUG - Assigning indexes to genes
2020-08-27 20:36:53,035 - DEBUG - Seen 23585 genes until now
2020-08-27 20:36:53,035 - DEBUG - Parsing Chromosome 4 strand - [line 1844841]
2020-08-27 20:36:53,923 - DEBUG - Done with 4- [line 1898665]
2020-08-27 20:36:53,923 - DEBUG - Assigning indexes to genes
2020-08-27 20:36:53,929 - DEBUG - Seen 24246 genes until now
2020-08-27 20:36:53,929 - DEBUG - Parsing Chromosome 4 strand + [line 1898666]
2020-08-27 20:36:54,132 - DEBUG - Done with 4+ [line 1947617]
2020-08-27 20:36:54,132 - DEBUG - Assigning indexes to genes
2020-08-27 20:36:54,136 - DEBUG - Seen 24938 genes until now
2020-08-27 20:36:54,136 - DEBUG - Parsing Chromosome 5 strand - [line 1947618]
2020-08-27 20:36:54,364 - DEBUG - Done with 5- [line 2001140]
2020-08-27 20:36:54,364 - DEBUG - Assigning indexes to genes
2020-08-27 20:36:54,369 - DEBUG - Seen 25741 genes until now
2020-08-27 20:36:54,369 - DEBUG - Parsing Chromosome 5 strand + [line 2001141]
2020-08-27 20:36:54,623 - DEBUG - Done with 5+ [line 2062165]
2020-08-27 20:36:54,623 - DEBUG - Assigning indexes to genes
2020-08-27 20:36:54,628 - DEBUG - Seen 26599 genes until now
2020-08-27 20:36:54,629 - DEBUG - Parsing Chromosome 6 strand - [line 2062166]
2020-08-27 20:36:54,883 - DEBUG - Done with 6- [line 2121425]
2020-08-27 20:36:54,883 - DEBUG - Assigning indexes to genes
2020-08-27 20:36:54,888 - DEBUG - Seen 27435 genes until now
2020-08-27 20:36:54,888 - DEBUG - Parsing Chromosome 6 strand + [line 2121426]
2020-08-27 20:36:55,113 - DEBUG - Done with 6+ [line 2176078]
2020-08-27 20:36:55,113 - DEBUG - Assigning indexes to genes
2020-08-27 20:36:55,118 - DEBUG - Seen 28231 genes until now
2020-08-27 20:36:55,118 - DEBUG - Parsing Chromosome 7 strand - [line 2176079]
2020-08-27 20:36:55,368 - DEBUG - Done with 7- [line 2233605]
2020-08-27 20:36:55,369 - DEBUG - Assigning indexes to genes
2020-08-27 20:36:55,374 - DEBUG - Seen 28953 genes until now
2020-08-27 20:36:55,374 - DEBUG - Parsing Chromosome 7 strand + [line 2233606]
2020-08-27 20:36:55,637 - DEBUG - Done with 7+ [line 2295513]
2020-08-27 20:36:55,637 - DEBUG - Assigning indexes to genes
2020-08-27 20:36:55,643 - DEBUG - Seen 29770 genes until now
2020-08-27 20:36:55,643 - DEBUG - Parsing Chromosome 8 strand - [line 2295514]
2020-08-27 20:36:55,848 - DEBUG - Done with 8- [line 2343289]
2020-08-27 20:36:55,848 - DEBUG - Assigning indexes to genes
2020-08-27 20:36:55,852 - DEBUG - Seen 30442 genes until now
2020-08-27 20:36:55,852 - DEBUG - Parsing Chromosome 8 strand + [line 2343290]
2020-08-27 20:36:56,036 - DEBUG - Done with 8+ [line 2386793]
2020-08-27 20:36:56,036 - DEBUG - Assigning indexes to genes
2020-08-27 20:36:56,040 - DEBUG - Seen 31090 genes until now
2020-08-27 20:36:56,040 - DEBUG - Parsing Chromosome 9 strand - [line 2386794]
2020-08-27 20:36:56,970 - DEBUG - Done with 9- [line 2430389]
2020-08-27 20:36:56,971 - DEBUG - Assigning indexes to genes
2020-08-27 20:36:56,975 - DEBUG - Seen 31710 genes until now
2020-08-27 20:36:56,975 - DEBUG - Parsing Chromosome 9 strand + [line 2430390]
2020-08-27 20:36:57,176 - DEBUG - Done with 9+ [line 2477312]
2020-08-27 20:36:57,176 - DEBUG - Assigning indexes to genes
2020-08-27 20:36:57,180 - DEBUG - Seen 32318 genes until now
2020-08-27 20:36:57,180 - DEBUG - Parsing Chromosome GL000009.2 strand - [line 2477313]
2020-08-27 20:36:57,180 - DEBUG - Done with GL000009.2- [line 2477320]
2020-08-27 20:36:57,180 - DEBUG - Assigning indexes to genes
2020-08-27 20:36:57,180 - DEBUG - Seen 32319 genes until now
2020-08-27 20:36:57,180 - DEBUG - Parsing Chromosome GL000194.1 strand - [line 2477321]
2020-08-27 20:36:57,180 - DEBUG - Done with GL000194.1- [line 2477346]
2020-08-27 20:36:57,180 - DEBUG - Assigning indexes to genes
2020-08-27 20:36:57,180 - DEBUG - Seen 32321 genes until now
2020-08-27 20:36:57,180 - DEBUG - Parsing Chromosome GL000195.1 strand - [line 2477347]
2020-08-27 20:36:57,180 - DEBUG - Done with GL000195.1- [line 2477356]
2020-08-27 20:36:57,180 - DEBUG - Assigning indexes to genes
2020-08-27 20:36:57,180 - DEBUG - Seen 32322 genes until now
2020-08-27 20:36:57,180 - DEBUG - Parsing Chromosome GL000195.1 strand + [line 2477357]
2020-08-27 20:36:57,180 - DEBUG - Done with GL000195.1+ [line 2477370]
2020-08-27 20:36:57,180 - DEBUG - Assigning indexes to genes
2020-08-27 20:36:57,180 - DEBUG - Seen 32323 genes until now
2020-08-27 20:36:57,180 - DEBUG - Parsing Chromosome GL000205.2 strand - [line 2477371]
2020-08-27 20:36:57,181 - DEBUG - Done with GL000205.2- [line 2477384]
2020-08-27 20:36:57,181 - DEBUG - Assigning indexes to genes
2020-08-27 20:36:57,181 - DEBUG - Seen 32324 genes until now
2020-08-27 20:36:57,181 - DEBUG - Parsing Chromosome GL000213.1 strand - [line 2477385]
2020-08-27 20:36:57,181 - DEBUG - Done with GL000213.1- [line 2477433]
2020-08-27 20:36:57,181 - DEBUG - Assigning indexes to genes
2020-08-27 20:36:57,181 - DEBUG - Seen 32325 genes until now
2020-08-27 20:36:57,181 - DEBUG - Parsing Chromosome GL000218.1 strand - [line 2477434]
2020-08-27 20:36:57,181 - DEBUG - Done with GL000218.1- [line 2477441]
2020-08-27 20:36:57,181 - DEBUG - Assigning indexes to genes
2020-08-27 20:36:57,181 - DEBUG - Seen 32326 genes until now
2020-08-27 20:36:57,181 - DEBUG - Parsing Chromosome GL000219.1 strand - [line 2477442]
2020-08-27 20:36:57,181 - DEBUG - Done with GL000219.1- [line 2477453]
2020-08-27 20:36:57,181 - DEBUG - Assigning indexes to genes
2020-08-27 20:36:57,181 - DEBUG - Seen 32327 genes until now
2020-08-27 20:36:57,181 - DEBUG - Parsing Chromosome KI270711.1 strand - [line 2477454]
2020-08-27 20:36:57,182 - DEBUG - Done with KI270711.1- [line 2477604]
2020-08-27 20:36:57,182 - DEBUG - Assigning indexes to genes
2020-08-27 20:36:57,182 - DEBUG - Seen 32328 genes until now
2020-08-27 20:36:57,182 - DEBUG - Parsing Chromosome KI270713.1 strand - [line 2477605]
2020-08-27 20:36:57,182 - DEBUG - Done with KI270713.1- [line 2477612]
2020-08-27 20:36:57,182 - DEBUG - Assigning indexes to genes
2020-08-27 20:36:57,182 - DEBUG - Seen 32329 genes until now
2020-08-27 20:36:57,182 - DEBUG - Parsing Chromosome KI270713.1 strand + [line 2477613]
2020-08-27 20:36:57,183 - DEBUG - Done with KI270713.1+ [line 2477618]
2020-08-27 20:36:57,183 - DEBUG - Assigning indexes to genes
2020-08-27 20:36:57,183 - DEBUG - Seen 32330 genes until now
2020-08-27 20:36:57,183 - DEBUG - Parsing Chromosome KI270721.1 strand + [line 2477619]
2020-08-27 20:36:57,183 - DEBUG - Done with KI270721.1+ [line 2477634]
2020-08-27 20:36:57,183 - DEBUG - Assigning indexes to genes
2020-08-27 20:36:57,183 - DEBUG - Seen 32331 genes until now
2020-08-27 20:36:57,183 - DEBUG - Parsing Chromosome KI270726.1 strand + [line 2477635]
2020-08-27 20:36:57,183 - DEBUG - Done with KI270726.1+ [line 2477645]
2020-08-27 20:36:57,183 - DEBUG - Assigning indexes to genes
2020-08-27 20:36:57,183 - DEBUG - Seen 32333 genes until now
2020-08-27 20:36:57,183 - DEBUG - Parsing Chromosome KI270727.1 strand - [line 2477646]
2020-08-27 20:36:57,183 - DEBUG - Done with KI270727.1- [line 2477704]
2020-08-27 20:36:57,183 - DEBUG - Assigning indexes to genes
2020-08-27 20:36:57,183 - DEBUG - Seen 32335 genes until now
2020-08-27 20:36:57,183 - DEBUG - Parsing Chromosome KI270727.1 strand + [line 2477705]
2020-08-27 20:36:57,184 - DEBUG - Done with KI270727.1+ [line 2477719]
2020-08-27 20:36:57,184 - DEBUG - Assigning indexes to genes
2020-08-27 20:36:57,184 - DEBUG - Seen 32337 genes until now
2020-08-27 20:36:57,184 - DEBUG - Parsing Chromosome KI270728.1 strand - [line 2477720]
2020-08-27 20:36:57,184 - DEBUG - Done with KI270728.1- [line 2477796]
2020-08-27 20:36:57,184 - DEBUG - Assigning indexes to genes
2020-08-27 20:36:57,184 - DEBUG - Seen 32339 genes until now
2020-08-27 20:36:57,184 - DEBUG - Parsing Chromosome KI270728.1 strand + [line 2477797]
2020-08-27 20:36:57,184 - DEBUG - Done with KI270728.1+ [line 2477833]
2020-08-27 20:36:57,184 - DEBUG - Assigning indexes to genes
2020-08-27 20:36:57,184 - DEBUG - Seen 32343 genes until now
2020-08-27 20:36:57,184 - DEBUG - Parsing Chromosome KI270731.1 strand - [line 2477834]
2020-08-27 20:36:57,184 - DEBUG - Done with KI270731.1- [line 2477840]
2020-08-27 20:36:57,185 - DEBUG - Assigning indexes to genes
2020-08-27 20:36:57,185 - DEBUG - Seen 32344 genes until now
2020-08-27 20:36:57,185 - DEBUG - Parsing Chromosome KI270734.1 strand - [line 2477841]
2020-08-27 20:36:57,185 - DEBUG - Done with KI270734.1- [line 2477909]
2020-08-27 20:36:57,185 - DEBUG - Assigning indexes to genes
2020-08-27 20:36:57,185 - DEBUG - Seen 32345 genes until now
2020-08-27 20:36:57,185 - DEBUG - Parsing Chromosome KI270734.1 strand + [line 2477910]
2020-08-27 20:36:57,185 - DEBUG - Done with KI270734.1+ [line 2477932]
2020-08-27 20:36:57,185 - DEBUG - Assigning indexes to genes
2020-08-27 20:36:57,185 - DEBUG - Seen 32347 genes until now
2020-08-27 20:36:57,185 - DEBUG - Parsing Chromosome MT strand - [line 2477933]
2020-08-27 20:36:57,185 - DEBUG - Done with MT- [line 2477938]
2020-08-27 20:36:57,185 - DEBUG - Assigning indexes to genes
2020-08-27 20:36:57,185 - DEBUG - Seen 32348 genes until now
2020-08-27 20:36:57,185 - DEBUG - Parsing Chromosome MT strand + [line 2477939]
2020-08-27 20:36:57,186 - DEBUG - Done with MT+ [line 2478004]
2020-08-27 20:36:57,186 - DEBUG - Assigning indexes to genes
2020-08-27 20:36:57,186 - DEBUG - Seen 32360 genes until now
2020-08-27 20:36:57,186 - DEBUG - Parsing Chromosome X strand - [line 2478005]
2020-08-27 20:36:57,359 - DEBUG - Done with X- [line 2518937]
2020-08-27 20:36:57,359 - DEBUG - Assigning indexes to genes
2020-08-27 20:36:57,362 - DEBUG - Seen 32876 genes until now
2020-08-27 20:36:57,362 - DEBUG - Parsing Chromosome X strand + [line 2518938]
2020-08-27 20:36:57,532 - DEBUG - Done with X+ [line 2560301]
2020-08-27 20:36:57,532 - DEBUG - Assigning indexes to genes
2020-08-27 20:36:57,536 - DEBUG - Seen 33438 genes until now
2020-08-27 20:36:57,536 - DEBUG - Parsing Chromosome Y strand - [line 2560302]
2020-08-27 20:36:57,546 - DEBUG - Done with Y- [line 2562446]
2020-08-27 20:36:57,546 - DEBUG - Assigning indexes to genes
2020-08-27 20:36:57,546 - DEBUG - Seen 33485 genes until now
2020-08-27 20:36:57,546 - DEBUG - Parsing Chromosome Y strand + [line 2562447]
2020-08-27 20:36:57,557 - DEBUG - Assigning indexes to genes
2020-08-27 20:36:57,557 - DEBUG - Done with Y+ [line 2565059]
2020-08-27 20:36:57,557 - DEBUG - Fixing corner cases of transcript models containg intron longer than 1000Kbp
2020-08-27 20:36:59,749 - DEBUG - Generated 2165800 features corresponding to 172912 transcript models from /net/isi-dcnl/ifs/user_data/abild/Genomes/refdata-cellranger-GRCh38-3.0.0/genes/genes.gtf
2020-08-27 20:36:59,787 - INFO - Scan /net/isi-dcnl/ifs/user_data/abild/Megatron_data/COH064/FEL041043.mRNA/FEL042_count03/FEL042_S/outs/possorted_genome_bam.bam to validate intron intervals
2020-08-27 20:37:03,818 - DEBUG - Reading /net/isi-dcnl/ifs/user_data/abild/Megatron_data/COH064/FEL041043.mRNA/FEL042_count03/FEL042_S/outs/possorted_genome_bam.bam
2020-08-27 20:37:03,839 - DEBUG - Read first 0 million reads
2020-08-27 20:37:03,839 - DEBUG - Marking up chromosome 1
2020-08-27 20:39:02,395 - DEBUG - Read first 10 million reads
2020-08-27 20:40:45,178 - DEBUG - Read first 20 million reads
2020-08-27 20:41:05,158 - DEBUG - Marking up chromosome 10
2020-08-27 20:42:55,145 - DEBUG - Read first 30 million reads
2020-08-27 20:43:20,698 - DEBUG - Marking up chromosome 11
2020-08-27 20:45:16,020 - DEBUG - Read first 40 million reads
2020-08-27 20:48:04,172 - DEBUG - Read first 50 million reads
2020-08-27 20:48:39,128 - DEBUG - Marking up chromosome 12
2020-08-27 20:50:11,732 - DEBUG - Read first 60 million reads
2020-08-27 20:51:14,620 - DEBUG - Marking up chromosome 13
2020-08-27 20:52:13,373 - DEBUG - Read first 70 million reads
2020-08-27 20:52:16,554 - DEBUG - Marking up chromosome 14
2020-08-27 20:53:54,200 - DEBUG - Marking up chromosome 15
2020-08-27 20:54:22,596 - DEBUG - Read first 80 million reads
2020-08-27 20:55:37,759 - DEBUG - Marking up chromosome 16
2020-08-27 20:56:18,564 - DEBUG - Read first 90 million reads
2020-08-27 20:57:15,717 - DEBUG - Marking up chromosome 17
2020-08-27 20:58:30,654 - DEBUG - Read first 100 million reads
2020-08-27 20:59:29,660 - DEBUG - Marking up chromosome 18
2020-08-27 21:00:26,910 - DEBUG - Marking up chromosome 19
2020-08-27 21:00:46,167 - DEBUG - Read first 110 million reads
2020-08-27 21:02:00,170 - DEBUG - Marking up chromosome 2
2020-08-27 21:02:48,215 - DEBUG - Read first 120 million reads
2020-08-27 21:05:00,334 - DEBUG - Read first 130 million reads
2020-08-27 21:05:53,501 - DEBUG - Marking up chromosome 20
2020-08-27 21:06:49,376 - DEBUG - Marking up chromosome 21
2020-08-27 21:06:52,131 - DEBUG - Read first 140 million reads
2020-08-27 21:07:13,589 - DEBUG - Read first 150 million reads
2020-08-27 21:07:35,075 - DEBUG - Read first 160 million reads
2020-08-27 21:08:24,714 - DEBUG - Marking up chromosome 22
2020-08-27 21:08:56,564 - DEBUG - Read first 170 million reads
2020-08-27 21:09:13,171 - DEBUG - Marking up chromosome 3
2020-08-27 21:11:12,260 - DEBUG - Read first 180 million reads
2020-08-27 21:12:40,496 - DEBUG - Marking up chromosome 4
2020-08-27 21:13:23,849 - DEBUG - Read first 190 million reads
2020-08-27 21:14:49,619 - DEBUG - Marking up chromosome 5
2020-08-27 21:15:36,447 - DEBUG - Read first 200 million reads
2020-08-27 21:17:24,913 - DEBUG - Marking up chromosome 6
2020-08-27 21:17:40,573 - DEBUG - Read first 210 million reads
2020-08-27 21:19:37,135 - DEBUG - Read first 220 million reads
2020-08-27 21:19:43,522 - DEBUG - Marking up chromosome 7
2020-08-27 21:21:37,019 - DEBUG - Read first 230 million reads
2020-08-27 21:22:25,327 - DEBUG - Marking up chromosome 8
2020-08-27 21:23:49,844 - DEBUG - Read first 240 million reads
2020-08-27 21:24:26,748 - DEBUG - Marking up chromosome 9
2020-08-27 21:25:42,618 - DEBUG - Read first 250 million reads
2020-08-27 21:26:06,094 - DEBUG - Marking up chromosome MT
2020-08-27 21:26:11,476 - DEBUG - Marking up chromosome X
2020-08-27 21:27:31,445 - DEBUG - Marking up chromosome Y
2020-08-27 21:27:31,575 - DEBUG - Marking up chromosome KI270728.1
2020-08-27 21:27:31,584 - DEBUG - Marking up chromosome KI270727.1
2020-08-27 21:27:31,597 - DEBUG - Marking up chromosome KI270442.1
2020-08-27 21:27:31,597 - WARNING - The .bam file refers to a chromosome 'KI270442.1+' not present in the annotation (.gtf) file
2020-08-27 21:27:31,597 - WARNING - The .bam file refers to a chromosome 'KI270442.1-' not present in the annotation (.gtf) file
2020-08-27 21:27:31,604 - DEBUG - Marking up chromosome KI270729.1
2020-08-27 21:27:31,604 - WARNING - The .bam file refers to a chromosome 'KI270729.1+' not present in the annotation (.gtf) file
2020-08-27 21:27:31,604 - WARNING - The .bam file refers to a chromosome 'KI270729.1-' not present in the annotation (.gtf) file
2020-08-27 21:27:31,605 - DEBUG - Marking up chromosome GL000225.1
2020-08-27 21:27:31,605 - WARNING - The .bam file refers to a chromosome 'GL000225.1+' not present in the annotation (.gtf) file
2020-08-27 21:27:31,605 - WARNING - The .bam file refers to a chromosome 'GL000225.1-' not present in the annotation (.gtf) file
2020-08-27 21:27:31,605 - DEBUG - Marking up chromosome KI270743.1
2020-08-27 21:27:31,605 - WARNING - The .bam file refers to a chromosome 'KI270743.1+' not present in the annotation (.gtf) file
2020-08-27 21:27:31,605 - WARNING - The .bam file refers to a chromosome 'KI270743.1-' not present in the annotation (.gtf) file
2020-08-27 21:27:31,628 - DEBUG - Marking up chromosome GL000008.2
2020-08-27 21:27:31,628 - WARNING - The .bam file refers to a chromosome 'GL000008.2+' not present in the annotation (.gtf) file
2020-08-27 21:27:31,628 - WARNING - The .bam file refers to a chromosome 'GL000008.2-' not present in the annotation (.gtf) file
2020-08-27 21:27:31,723 - DEBUG - Marking up chromosome GL000009.2
2020-08-27 21:27:31,723 - WARNING - The .bam file refers to a chromosome 'GL000009.2+' not present in the annotation (.gtf) file
2020-08-27 21:27:31,766 - DEBUG - Marking up chromosome KI270747.1
2020-08-27 21:27:31,766 - WARNING - The .bam file refers to a chromosome 'KI270747.1+' not present in the annotation (.gtf) file
2020-08-27 21:27:31,766 - WARNING - The .bam file refers to a chromosome 'KI270747.1-' not present in the annotation (.gtf) file
2020-08-27 21:27:31,766 - DEBUG - Marking up chromosome KI270722.1
2020-08-27 21:27:31,766 - WARNING - The .bam file refers to a chromosome 'KI270722.1+' not present in the annotation (.gtf) file
2020-08-27 21:27:31,766 - WARNING - The .bam file refers to a chromosome 'KI270722.1-' not present in the annotation (.gtf) file
2020-08-27 21:27:31,767 - DEBUG - Marking up chromosome GL000194.1
2020-08-27 21:27:31,767 - WARNING - The .bam file refers to a chromosome 'GL000194.1+' not present in the annotation (.gtf) file
2020-08-27 21:27:32,016 - DEBUG - Marking up chromosome KI270742.1
2020-08-27 21:27:32,017 - WARNING - The .bam file refers to a chromosome 'KI270742.1+' not present in the annotation (.gtf) file
2020-08-27 21:27:32,017 - WARNING - The .bam file refers to a chromosome 'KI270742.1-' not present in the annotation (.gtf) file
2020-08-27 21:27:32,122 - DEBUG - Marking up chromosome GL000205.2
2020-08-27 21:27:32,122 - WARNING - The .bam file refers to a chromosome 'GL000205.2+' not present in the annotation (.gtf) file
2020-08-27 21:27:32,242 - DEBUG - Marking up chromosome GL000195.1
2020-08-27 21:27:32,461 - DEBUG - Marking up chromosome KI270733.1
2020-08-27 21:27:32,461 - WARNING - The .bam file refers to a chromosome 'KI270733.1+' not present in the annotation (.gtf) file
2020-08-27 21:27:32,461 - WARNING - The .bam file refers to a chromosome 'KI270733.1-' not present in the annotation (.gtf) file
2020-08-27 21:27:33,808 - DEBUG - Read first 260 million reads
2020-08-27 21:27:55,108 - DEBUG - Read first 270 million reads
2020-08-27 21:28:00,985 - DEBUG - Marking up chromosome GL000224.1
2020-08-27 21:28:00,986 - WARNING - The .bam file refers to a chromosome 'GL000224.1+' not present in the annotation (.gtf) file
2020-08-27 21:28:00,986 - WARNING - The .bam file refers to a chromosome 'GL000224.1-' not present in the annotation (.gtf) file
2020-08-27 21:28:01,015 - DEBUG - Marking up chromosome GL000219.1
2020-08-27 21:28:01,015 - WARNING - The .bam file refers to a chromosome 'GL000219.1+' not present in the annotation (.gtf) file
2020-08-27 21:28:01,336 - DEBUG - Marking up chromosome KI270719.1
2020-08-27 21:28:01,336 - WARNING - The .bam file refers to a chromosome 'KI270719.1+' not present in the annotation (.gtf) file
2020-08-27 21:28:01,336 - WARNING - The .bam file refers to a chromosome 'KI270719.1-' not present in the annotation (.gtf) file
2020-08-27 21:28:01,357 - DEBUG - Marking up chromosome GL000216.2
2020-08-27 21:28:01,357 - WARNING - The .bam file refers to a chromosome 'GL000216.2+' not present in the annotation (.gtf) file
2020-08-27 21:28:01,357 - WARNING - The .bam file refers to a chromosome 'GL000216.2-' not present in the annotation (.gtf) file
2020-08-27 21:28:01,358 - DEBUG - Marking up chromosome KI270712.1
2020-08-27 21:28:01,358 - WARNING - The .bam file refers to a chromosome 'KI270712.1+' not present in the annotation (.gtf) file
2020-08-27 21:28:01,358 - WARNING - The .bam file refers to a chromosome 'KI270712.1-' not present in the annotation (.gtf) file
2020-08-27 21:28:01,381 - DEBUG - Marking up chromosome KI270706.1
2020-08-27 21:28:01,381 - WARNING - The .bam file refers to a chromosome 'KI270706.1+' not present in the annotation (.gtf) file
2020-08-27 21:28:01,381 - WARNING - The .bam file refers to a chromosome 'KI270706.1-' not present in the annotation (.gtf) file
2020-08-27 21:28:01,454 - DEBUG - Marking up chromosome KI270725.1
2020-08-27 21:28:01,454 - WARNING - The .bam file refers to a chromosome 'KI270725.1+' not present in the annotation (.gtf) file
2020-08-27 21:28:01,454 - WARNING - The .bam file refers to a chromosome 'KI270725.1-' not present in the annotation (.gtf) file
2020-08-27 21:28:01,457 - DEBUG - Marking up chromosome KI270744.1
2020-08-27 21:28:01,457 - WARNING - The .bam file refers to a chromosome 'KI270744.1+' not present in the annotation (.gtf) file
2020-08-27 21:28:01,457 - WARNING - The .bam file refers to a chromosome 'KI270744.1-' not present in the annotation (.gtf) file
2020-08-27 21:28:01,496 - DEBUG - Marking up chromosome KI270734.1
2020-08-27 21:28:01,502 - DEBUG - Marking up chromosome GL000213.1
2020-08-27 21:28:01,502 - WARNING - The .bam file refers to a chromosome 'GL000213.1+' not present in the annotation (.gtf) file
2020-08-27 21:28:01,503 - DEBUG - Marking up chromosome GL000220.1
2020-08-27 21:28:01,503 - WARNING - The .bam file refers to a chromosome 'GL000220.1+' not present in the annotation (.gtf) file
2020-08-27 21:28:01,503 - WARNING - The .bam file refers to a chromosome 'GL000220.1-' not present in the annotation (.gtf) file
2020-08-27 21:28:16,718 - DEBUG - Read first 280 million reads
2020-08-27 21:28:30,207 - DEBUG - Marking up chromosome GL000218.1
2020-08-27 21:28:30,208 - WARNING - The .bam file refers to a chromosome 'GL000218.1+' not present in the annotation (.gtf) file
2020-08-27 21:28:30,373 - DEBUG - Marking up chromosome KI270749.1
2020-08-27 21:28:30,374 - WARNING - The .bam file refers to a chromosome 'KI270749.1+' not present in the annotation (.gtf) file
2020-08-27 21:28:30,374 - WARNING - The .bam file refers to a chromosome 'KI270749.1-' not present in the annotation (.gtf) file
2020-08-27 21:28:30,380 - DEBUG - Marking up chromosome KI270741.1
2020-08-27 21:28:30,380 - WARNING - The .bam file refers to a chromosome 'KI270741.1+' not present in the annotation (.gtf) file
2020-08-27 21:28:30,380 - WARNING - The .bam file refers to a chromosome 'KI270741.1-' not present in the annotation (.gtf) file
2020-08-27 21:28:30,387 - DEBUG - Marking up chromosome GL000221.1
2020-08-27 21:28:30,387 - WARNING - The .bam file refers to a chromosome 'GL000221.1+' not present in the annotation (.gtf) file
2020-08-27 21:28:30,387 - WARNING - The .bam file refers to a chromosome 'GL000221.1-' not present in the annotation (.gtf) file
2020-08-27 21:28:30,485 - DEBUG - Marking up chromosome KI270716.1
2020-08-27 21:28:30,485 - WARNING - The .bam file refers to a chromosome 'KI270716.1+' not present in the annotation (.gtf) file
2020-08-27 21:28:30,485 - WARNING - The .bam file refers to a chromosome 'KI270716.1-' not present in the annotation (.gtf) file
2020-08-27 21:28:30,486 - DEBUG - Marking up chromosome KI270731.1
2020-08-27 21:28:30,486 - WARNING - The .bam file refers to a chromosome 'KI270731.1+' not present in the annotation (.gtf) file
2020-08-27 21:28:30,495 - DEBUG - Marking up chromosome KI270751.1
2020-08-27 21:28:30,496 - WARNING - The .bam file refers to a chromosome 'KI270751.1+' not present in the annotation (.gtf) file
2020-08-27 21:28:30,496 - WARNING - The .bam file refers to a chromosome 'KI270751.1-' not present in the annotation (.gtf) file
2020-08-27 21:28:30,499 - DEBUG - Marking up chromosome KI270750.1
2020-08-27 21:28:30,499 - WARNING - The .bam file refers to a chromosome 'KI270750.1+' not present in the annotation (.gtf) file
2020-08-27 21:28:30,499 - WARNING - The .bam file refers to a chromosome 'KI270750.1-' not present in the annotation (.gtf) file
2020-08-27 21:28:30,503 - DEBUG - Marking up chromosome GL000214.1
2020-08-27 21:28:30,503 - WARNING - The .bam file refers to a chromosome 'GL000214.1+' not present in the annotation (.gtf) file
2020-08-27 21:28:30,503 - WARNING - The .bam file refers to a chromosome 'GL000214.1-' not present in the annotation (.gtf) file
2020-08-27 21:28:30,521 - DEBUG - Marking up chromosome KI270708.1
2020-08-27 21:28:30,521 - WARNING - The .bam file refers to a chromosome 'KI270708.1+' not present in the annotation (.gtf) file
2020-08-27 21:28:30,522 - WARNING - The .bam file refers to a chromosome 'KI270708.1-' not present in the annotation (.gtf) file
2020-08-27 21:28:30,523 - DEBUG - Marking up chromosome KI270721.1
2020-08-27 21:28:30,523 - WARNING - The .bam file refers to a chromosome 'KI270721.1-' not present in the annotation (.gtf) file
2020-08-27 21:28:30,565 - DEBUG - Marking up chromosome KI270738.1
2020-08-27 21:28:30,565 - WARNING - The .bam file refers to a chromosome 'KI270738.1+' not present in the annotation (.gtf) file
2020-08-27 21:28:30,565 - WARNING - The .bam file refers to a chromosome 'KI270738.1-' not present in the annotation (.gtf) file
2020-08-27 21:28:30,566 - DEBUG - Marking up chromosome KI270748.1
2020-08-27 21:28:30,567 - WARNING - The .bam file refers to a chromosome 'KI270748.1+' not present in the annotation (.gtf) file
2020-08-27 21:28:30,567 - WARNING - The .bam file refers to a chromosome 'KI270748.1-' not present in the annotation (.gtf) file
2020-08-27 21:28:30,576 - DEBUG - Marking up chromosome KI270435.1
2020-08-27 21:28:30,576 - WARNING - The .bam file refers to a chromosome 'KI270435.1+' not present in the annotation (.gtf) file
2020-08-27 21:28:30,576 - WARNING - The .bam file refers to a chromosome 'KI270435.1-' not present in the annotation (.gtf) file
2020-08-27 21:28:30,576 - DEBUG - Marking up chromosome GL000208.1
2020-08-27 21:28:30,576 - WARNING - The .bam file refers to a chromosome 'GL000208.1+' not present in the annotation (.gtf) file
2020-08-27 21:28:30,576 - WARNING - The .bam file refers to a chromosome 'GL000208.1-' not present in the annotation (.gtf) file
2020-08-27 21:28:30,577 - DEBUG - Marking up chromosome KI270538.1
2020-08-27 21:28:30,577 - WARNING - The .bam file refers to a chromosome 'KI270538.1+' not present in the annotation (.gtf) file
2020-08-27 21:28:30,577 - WARNING - The .bam file refers to a chromosome 'KI270538.1-' not present in the annotation (.gtf) file
2020-08-27 21:28:30,577 - DEBUG - Marking up chromosome KI270757.1
2020-08-27 21:28:30,577 - WARNING - The .bam file refers to a chromosome 'KI270757.1+' not present in the annotation (.gtf) file
2020-08-27 21:28:30,577 - WARNING - The .bam file refers to a chromosome 'KI270757.1-' not present in the annotation (.gtf) file
2020-08-27 21:28:30,577 - DEBUG - Marking up chromosome KI270709.1
2020-08-27 21:28:30,577 - WARNING - The .bam file refers to a chromosome 'KI270709.1+' not present in the annotation (.gtf) file
2020-08-27 21:28:30,577 - WARNING - The .bam file refers to a chromosome 'KI270709.1-' not present in the annotation (.gtf) file
2020-08-27 21:28:30,579 - DEBUG - Marking up chromosome KI270589.1
2020-08-27 21:28:30,579 - WARNING - The .bam file refers to a chromosome 'KI270589.1+' not present in the annotation (.gtf) file
2020-08-27 21:28:30,579 - WARNING - The .bam file refers to a chromosome 'KI270589.1-' not present in the annotation (.gtf) file
2020-08-27 21:28:30,579 - DEBUG - Marking up chromosome KI270726.1
2020-08-27 21:28:30,580 - WARNING - The .bam file refers to a chromosome 'KI270726.1-' not present in the annotation (.gtf) file
2020-08-27 21:28:30,580 - DEBUG - Marking up chromosome KI270711.1
2020-08-27 21:28:30,580 - WARNING - The .bam file refers to a chromosome 'KI270711.1+' not present in the annotation (.gtf) file
2020-08-27 21:28:30,723 - DEBUG - Marking up chromosome KI270745.1
2020-08-27 21:28:30,723 - WARNING - The .bam file refers to a chromosome 'KI270745.1+' not present in the annotation (.gtf) file
2020-08-27 21:28:30,723 - WARNING - The .bam file refers to a chromosome 'KI270745.1-' not present in the annotation (.gtf) file
2020-08-27 21:28:30,748 - DEBUG - Marking up chromosome KI270714.1
2020-08-27 21:28:30,748 - WARNING - The .bam file refers to a chromosome 'KI270714.1+' not present in the annotation (.gtf) file
2020-08-27 21:28:30,748 - WARNING - The .bam file refers to a chromosome 'KI270714.1-' not present in the annotation (.gtf) file
2020-08-27 21:28:30,750 - DEBUG - Marking up chromosome KI270732.1
2020-08-27 21:28:30,750 - WARNING - The .bam file refers to a chromosome 'KI270732.1+' not present in the annotation (.gtf) file
2020-08-27 21:28:30,750 - WARNING - The .bam file refers to a chromosome 'KI270732.1-' not present in the annotation (.gtf) file
2020-08-27 21:28:30,751 - DEBUG - Marking up chromosome KI270713.1
2020-08-27 21:28:30,758 - DEBUG - Marking up chromosome KI270754.1
2020-08-27 21:28:30,758 - WARNING - The .bam file refers to a chromosome 'KI270754.1+' not present in the annotation (.gtf) file
2020-08-27 21:28:30,758 - WARNING - The .bam file refers to a chromosome 'KI270754.1-' not present in the annotation (.gtf) file
2020-08-27 21:28:30,762 - DEBUG - Marking up chromosome KI270717.1
2020-08-27 21:28:30,763 - WARNING - The .bam file refers to a chromosome 'KI270717.1+' not present in the annotation (.gtf) file
2020-08-27 21:28:30,763 - WARNING - The .bam file refers to a chromosome 'KI270717.1-' not present in the annotation (.gtf) file
2020-08-27 21:28:30,774 - DEBUG - Marking up chromosome KI270720.1
2020-08-27 21:28:30,774 - WARNING - The .bam file refers to a chromosome 'KI270720.1+' not present in the annotation (.gtf) file
2020-08-27 21:28:30,774 - WARNING - The .bam file refers to a chromosome 'KI270720.1-' not present in the annotation (.gtf) file
2020-08-27 21:28:30,775 - DEBUG - Marking up chromosome KI270723.1
2020-08-27 21:28:30,775 - WARNING - The .bam file refers to a chromosome 'KI270723.1+' not present in the annotation (.gtf) file
2020-08-27 21:28:30,775 - WARNING - The .bam file refers to a chromosome 'KI270723.1-' not present in the annotation (.gtf) file
2020-08-27 21:28:30,777 - DEBUG - Marking up chromosome KI270718.1
2020-08-27 21:28:30,777 - WARNING - The .bam file refers to a chromosome 'KI270718.1+' not present in the annotation (.gtf) file
2020-08-27 21:28:30,777 - WARNING - The .bam file refers to a chromosome 'KI270718.1-' not present in the annotation (.gtf) file
2020-08-27 21:28:30,790 - DEBUG - Marking up chromosome KI270755.1
2020-08-27 21:28:30,790 - WARNING - The .bam file refers to a chromosome 'KI270755.1+' not present in the annotation (.gtf) file
2020-08-27 21:28:30,791 - WARNING - The .bam file refers to a chromosome 'KI270755.1-' not present in the annotation (.gtf) file
2020-08-27 21:28:30,791 - DEBUG - Marking up chromosome KI270707.1
2020-08-27 21:28:30,791 - WARNING - The .bam file refers to a chromosome 'KI270707.1+' not present in the annotation (.gtf) file
2020-08-27 21:28:30,791 - WARNING - The .bam file refers to a chromosome 'KI270707.1-' not present in the annotation (.gtf) file
2020-08-27 21:28:30,796 - DEBUG - Marking up chromosome KI270448.1
2020-08-27 21:28:30,796 - WARNING - The .bam file refers to a chromosome 'KI270448.1+' not present in the annotation (.gtf) file
2020-08-27 21:28:30,796 - WARNING - The .bam file refers to a chromosome 'KI270448.1-' not present in the annotation (.gtf) file
2020-08-27 21:28:30,796 - DEBUG - Marking up chromosome KI270584.1
2020-08-27 21:28:30,796 - WARNING - The .bam file refers to a chromosome 'KI270584.1+' not present in the annotation (.gtf) file
2020-08-27 21:28:30,796 - WARNING - The .bam file refers to a chromosome 'KI270584.1-' not present in the annotation (.gtf) file
2020-08-27 21:28:30,796 - DEBUG - Marking up chromosome KI270382.1
2020-08-27 21:28:30,796 - WARNING - The .bam file refers to a chromosome 'KI270382.1+' not present in the annotation (.gtf) file
2020-08-27 21:28:30,796 - WARNING - The .bam file refers to a chromosome 'KI270382.1-' not present in the annotation (.gtf) file
2020-08-27 21:28:30,797 - DEBUG - Marking up chromosome KI270304.1
2020-08-27 21:28:30,797 - WARNING - The .bam file refers to a chromosome 'KI270304.1+' not present in the annotation (.gtf) file
2020-08-27 21:28:30,797 - WARNING - The .bam file refers to a chromosome 'KI270304.1-' not present in the annotation (.gtf) file
2020-08-27 21:28:30,797 - DEBUG - Marking up chromosome KI270330.1
2020-08-27 21:28:30,797 - WARNING - The .bam file refers to a chromosome 'KI270330.1+' not present in the annotation (.gtf) file
2020-08-27 21:28:30,797 - WARNING - The .bam file refers to a chromosome 'KI270330.1-' not present in the annotation (.gtf) file
2020-08-27 21:28:30,803 - DEBUG - Marking up chromosome KI270583.1
2020-08-27 21:28:30,804 - WARNING - The .bam file refers to a chromosome 'KI270583.1+' not present in the annotation (.gtf) file
2020-08-27 21:28:30,804 - WARNING - The .bam file refers to a chromosome 'KI270583.1-' not present in the annotation (.gtf) file
2020-08-27 21:28:30,804 - DEBUG - Marking up chromosome KI270310.1
2020-08-27 21:28:30,804 - WARNING - The .bam file refers to a chromosome 'KI270310.1+' not present in the annotation (.gtf) file
2020-08-27 21:28:30,804 - WARNING - The .bam file refers to a chromosome 'KI270310.1-' not present in the annotation (.gtf) file
2020-08-27 21:28:37,886 - DEBUG - Read first 290 million reads
2020-08-27 21:28:52,345 - DEBUG - End of file. Reset index: start scanning from initial position.
2020-08-27 21:28:52,345 - DEBUG - 5403077 reads were skipped because no apropiate cell or umi barcode was found
2020-08-27 21:28:52,346 - DEBUG - Start molecule counting!
2020-08-27 21:28:56,397 - DEBUG - Features available for chromosomes : ['1-', '1+', '10-', '10+', '11-', '11+', '12-', '12+', '13-', '13+', '14-', '14+', '15-', '15+', '16-', '16+', '17-', '17+', '18-', '18+', '19-', '19+', '2-', '2+', '20-', '20+', '21-', '21+', '22-', '22+', '3-', '3+', '4-', '4+', '5-', '5+', '6-', '6+', '7-', '7+', '8-', '8+', '9-', '9+', 'GL000009.2-', 'GL000194.1-', 'GL000195.1-', 'GL000195.1+', 'GL000205.2-', 'GL000213.1-', 'GL000218.1-', 'GL000219.1-', 'KI270711.1-', 'KI270713.1-', 'KI270713.1+', 'KI270721.1+', 'KI270726.1+', 'KI270727.1-', 'KI270727.1+', 'KI270728.1-', 'KI270728.1+', 'KI270731.1-', 'KI270734.1-', 'KI270734.1+', 'MT-', 'MT+', 'X-', 'X+', 'Y-', 'Y+']
2020-08-27 21:28:56,397 - DEBUG - Mask available for chromosomes : []
2020-08-27 21:28:56,397 - DEBUG - Summarizing the results of intron validation.
2020-08-27 21:28:57,116 - DEBUG - Validated 526940 introns (of which unique intervals 167510) out of 996444 total possible introns (considering each possible transcript models).
2020-08-27 21:28:57,117 - DEBUG - Reading /net/isi-dcnl/ifs/user_data/abild/Megatron_data/COH064/FEL041043.mRNA/FEL042_count03/FEL042_S/outs/cellsorted_possorted_genome_bam.bam
2020-08-27 21:28:57,158 - DEBUG - Read first 0 million reads
2020-08-27 21:29:28,451 - DEBUG - Read first 10 million reads
2020-08-27 21:30:50,358 - DEBUG - Read first 20 million reads
2020-08-27 21:31:18,225 - DEBUG - Counting for batch 1, containing 100 cells and 6901376 reads
2020-08-27 21:34:59,050 - DEBUG - 0 reads not considered because fully enclosed in repeat masked regions
2020-08-27 21:36:20,164 - DEBUG - Read first 30 million reads
2020-08-27 21:37:09,061 - DEBUG - Counting for batch 2, containing 100 cells and 6496752 reads
2020-08-27 21:40:33,344 - DEBUG - 0 reads not considered because fully enclosed in repeat masked regions
2020-08-27 21:41:36,922 - DEBUG - Read first 40 million reads
2020-08-27 21:42:54,716 - DEBUG - Counting for batch 3, containing 100 cells and 6851534 reads
2020-08-27 21:46:33,842 - DEBUG - 0 reads not considered because fully enclosed in repeat masked regions
2020-08-27 21:47:12,963 - DEBUG - Read first 50 million reads
2020-08-27 21:48:23,349 - DEBUG - Read first 60 million reads
2020-08-27 21:48:42,411 - DEBUG - Counting for batch 4, containing 100 cells and 5977011 reads
2020-08-27 21:51:50,574 - DEBUG - 0 reads not considered because fully enclosed in repeat masked regions
2020-08-27 21:53:12,913 - DEBUG - Read first 70 million reads
2020-08-27 21:53:42,660 - DEBUG - Counting for batch 5, containing 100 cells and 5773805 reads
2020-08-27 21:56:42,404 - DEBUG - 0 reads not considered because fully enclosed in repeat masked regions
2020-08-27 21:57:58,090 - DEBUG - Read first 80 million reads
2020-08-27 21:58:50,796 - DEBUG - Counting for batch 6, containing 100 cells and 5901262 reads
2020-08-27 22:01:59,693 - DEBUG - 0 reads not considered because fully enclosed in repeat masked regions
2020-08-27 22:02:55,468 - DEBUG - Read first 90 million reads
2020-08-27 22:04:13,141 - DEBUG - Read first 100 million reads
2020-08-27 22:04:25,237 - DEBUG - Counting for batch 7, containing 100 cells and 7541140 reads
2020-08-27 22:08:26,333 - DEBUG - 0 reads not considered because fully enclosed in repeat masked regions
2020-08-27 22:10:06,755 - DEBUG - Read first 110 million reads
2020-08-27 22:10:45,783 - DEBUG - Counting for batch 8, containing 100 cells and 6742127 reads
2020-08-27 22:14:26,777 - DEBUG - 0 reads not considered because fully enclosed in repeat masked regions
2020-08-27 22:15:39,471 - DEBUG - Read first 120 million reads
2020-08-27 22:16:26,382 - DEBUG - Counting for batch 9, containing 100 cells and 5944774 reads
2020-08-27 22:19:38,069 - DEBUG - 0 reads not considered because fully enclosed in repeat masked regions
2020-08-27 22:20:33,634 - DEBUG - Read first 130 million reads
2020-08-27 22:21:45,324 - DEBUG - Counting for batch 10, containing 100 cells and 6874923 reads
2020-08-27 22:25:16,854 - DEBUG - 0 reads not considered because fully enclosed in repeat masked regions
2020-08-27 22:25:54,061 - DEBUG - Read first 140 million reads
2020-08-27 22:27:11,355 - DEBUG - Read first 150 million reads
2020-08-27 22:27:38,290 - DEBUG - Counting for batch 11, containing 100 cells and 6882054 reads
2020-08-27 22:31:10,080 - DEBUG - 0 reads not considered because fully enclosed in repeat masked regions
2020-08-27 22:32:37,186 - DEBUG - Read first 160 million reads
2020-08-27 22:33:21,150 - DEBUG - Counting for batch 12, containing 100 cells and 5847905 reads
2020-08-27 22:36:15,315 - DEBUG - 0 reads not considered because fully enclosed in repeat masked regions
2020-08-27 22:37:14,080 - DEBUG - Read first 170 million reads
2020-08-27 22:38:20,361 - DEBUG - Counting for batch 13, containing 100 cells and 5919862 reads
2020-08-27 22:41:26,623 - DEBUG - 0 reads not considered because fully enclosed in repeat masked regions
2020-08-27 22:42:07,124 - DEBUG - Read first 180 million reads
2020-08-27 22:43:19,740 - DEBUG - Read first 190 million reads
2020-08-27 22:43:34,411 - DEBUG - Counting for batch 14, containing 100 cells and 6461468 reads
2020-08-27 22:46:56,783 - DEBUG - 0 reads not considered because fully enclosed in repeat masked regions
2020-08-27 22:48:29,943 - DEBUG - Read first 200 million reads
2020-08-27 22:48:52,658 - DEBUG - Counting for batch 15, containing 100 cells and 5654098 reads
2020-08-27 22:51:46,952 - DEBUG - 0 reads not considered because fully enclosed in repeat masked regions
2020-08-27 22:53:09,689 - DEBUG - Read first 210 million reads
2020-08-27 22:53:42,652 - DEBUG - Counting for batch 16, containing 100 cells and 5469373 reads
2020-08-27 22:56:36,718 - DEBUG - 0 reads not considered because fully enclosed in repeat masked regions
2020-08-27 22:57:42,670 - DEBUG - Read first 220 million reads
2020-08-27 22:58:30,272 - DEBUG - Counting for batch 17, containing 100 cells and 5699144 reads
2020-08-27 23:01:32,399 - DEBUG - 0 reads not considered because fully enclosed in repeat masked regions
2020-08-27 23:02:26,907 - DEBUG - Read first 230 million reads
2020-08-27 23:03:32,878 - DEBUG - Counting for batch 18, containing 100 cells and 6115431 reads
2020-08-27 23:06:49,585 - DEBUG - 0 reads not considered because fully enclosed in repeat masked regions
2020-08-27 23:07:31,927 - DEBUG - Read first 240 million reads
2020-08-27 23:08:44,889 - DEBUG - Read first 250 million reads
2020-08-27 23:08:57,601 - DEBUG - Counting for batch 19, containing 100 cells and 6098249 reads
2020-08-27 23:12:06,765 - DEBUG - 0 reads not considered because fully enclosed in repeat masked regions
2020-08-27 23:13:52,457 - DEBUG - Read first 260 million reads
2020-08-27 23:14:21,388 - DEBUG - Counting for batch 20, containing 100 cells and 6022255 reads
2020-08-27 23:17:31,071 - DEBUG - 0 reads not considered because fully enclosed in repeat masked regions
2020-08-27 23:18:49,559 - DEBUG - Read first 270 million reads
2020-08-27 23:19:44,588 - DEBUG - Counting for batch 21, containing 100 cells and 6003193 reads
2020-08-27 23:23:00,374 - DEBUG - 0 reads not considered because fully enclosed in repeat masked regions
2020-08-27 23:23:53,945 - DEBUG - Read first 280 million reads
2020-08-27 23:25:03,237 - DEBUG - Counting for batch 22, containing 100 cells and 5789213 reads
2020-08-27 23:28:02,315 - DEBUG - 0 reads not considered because fully enclosed in repeat masked regions
2020-08-27 23:28:38,903 - DEBUG - Read first 290 million reads
2020-08-27 23:29:42,284 - DEBUG - Counting for batch 23, containing 70 cells and 3907640 reads
2020-08-27 23:31:44,117 - DEBUG - 0 reads not considered because fully enclosed in repeat masked regions
2020-08-27 23:32:04,808 - DEBUG - 5403077 reads were skipped because no apropiate cell or umi barcode was found
2020-08-27 23:32:04,809 - DEBUG - Counting done!
2020-08-27 23:32:04,850 - DEBUG - Generating output file /net/isi-dcnl/ifs/user_data/abild/Megatron_data/COH064/FEL041043.mRNA/FEL042_count03/FEL042_S/velocyto/FEL042_S.loom
2020-08-27 23:32:04,850 - DEBUG - Collecting row attributes
2020-08-27 23:32:04,957 - DEBUG - Generating data table
2020-08-27 23:32:05,853 - DEBUG - Writing loom file
2020-08-27 23:32:10,934 - DEBUG - Terminated Succesfully!
Start: 1598585782
End: 1598596334
Run time: 10552
Done
