CPU: 16
N: 63
Step1: Analyze spliced and unspliced reads and genrate a loom file for velocityR
Run velocyto to generate loom file
2020-08-27 19:36:54,633 - DEBUG - Using logic: Default
2020-08-27 19:36:54,649 - INFO - Read 1425 cell barcodes from /net/isi-dcnl/ifs/user_data/abild/Megatron_data/COH057/feline_p29_40_mRNA/cell_ranger/FEL033_M/outs/filtered_feature_bc_matrix/barcodes.tsv.gz
2020-08-27 19:36:54,649 - DEBUG - Example of barcode: AAACCCAAGTAACGTA and cell_id: FEL033_M:AAACCCAAGTAACGTA-1
2020-08-27 19:36:54,662 - DEBUG - Peeking into /net/isi-dcnl/ifs/user_data/abild/Megatron_data/COH057/feline_p29_40_mRNA/cell_ranger/FEL033_M/outs/possorted_genome_bam.bam
2020-08-27 19:36:54,785 - WARNING - Not found cell and umi barcode in entry 16 of the bam file
2020-08-27 19:36:54,785 - WARNING - Not found cell and umi barcode in entry 119 of the bam file
2020-08-27 19:36:54,793 - WARNING - Not found cell and umi barcode in entry 172 of the bam file
2020-08-27 19:36:54,793 - WARNING - Not found cell and umi barcode in entry 255 of the bam file
2020-08-27 19:36:54,796 - WARNING - Not found cell and umi barcode in entry 713 of the bam file
2020-08-27 19:36:54,798 - WARNING - Not found cell and umi barcode in entry 926 of the bam file
2020-08-27 19:36:54,798 - WARNING - Not found cell and umi barcode in entry 932 of the bam file
2020-08-27 19:36:54,798 - WARNING - Not found cell and umi barcode in entry 935 of the bam file
2020-08-27 19:36:54,798 - WARNING - Not found cell and umi barcode in entry 936 of the bam file
2020-08-27 19:36:54,798 - WARNING - Not found cell and umi barcode in entry 941 of the bam file
2020-08-27 19:36:54,799 - WARNING - Not found cell and umi barcode in entry 973 of the bam file
2020-08-27 19:36:54,799 - WARNING - Not found cell and umi barcode in entry 974 of the bam file
2020-08-27 19:36:54,799 - WARNING - Not found cell and umi barcode in entry 975 of the bam file
2020-08-27 19:36:54,799 - WARNING - Not found cell and umi barcode in entry 1009 of the bam file
2020-08-27 19:36:54,799 - WARNING - Not found cell and umi barcode in entry 1010 of the bam file
2020-08-27 19:36:54,800 - WARNING - Not found cell and umi barcode in entry 1012 of the bam file
2020-08-27 19:36:54,805 - WARNING - The file /net/isi-dcnl/ifs/user_data/abild/Megatron_data/COH057/feline_p29_40_mRNA/cell_ranger/FEL033_M/outs/cellsorted_possorted_genome_bam.bam already exists. The sorting step will be skipped and the existing file will be used.
2020-08-27 19:36:54,806 - INFO - Load the annotation from /net/isi-dcnl/ifs/user_data/abild/Genomes/refdata-cellranger-GRCh38-3.0.0/genes/genes.gtf
2020-08-27 19:37:03,354 - DEBUG - Parsing Chromosome 1 strand - [line 0]
2020-08-27 19:37:04,038 - DEBUG - Done with 1- [line 108728]
2020-08-27 19:37:04,038 - DEBUG - Assigning indexes to genes
2020-08-27 19:37:04,049 - DEBUG - Seen 1561 genes until now
2020-08-27 19:37:04,049 - DEBUG - Parsing Chromosome 1 strand + [line 108729]
2020-08-27 19:37:05,123 - DEBUG - Done with 1+ [line 232515]
2020-08-27 19:37:05,123 - DEBUG - Assigning indexes to genes
2020-08-27 19:37:05,138 - DEBUG - Seen 3154 genes until now
2020-08-27 19:37:05,138 - DEBUG - Parsing Chromosome 10 strand - [line 232516]
2020-08-27 19:37:05,346 - DEBUG - Done with 10- [line 279343]
2020-08-27 19:37:05,346 - DEBUG - Assigning indexes to genes
2020-08-27 19:37:05,349 - DEBUG - Seen 3737 genes until now
2020-08-27 19:37:05,349 - DEBUG - Parsing Chromosome 10 strand + [line 279344]
2020-08-27 19:37:05,540 - DEBUG - Done with 10+ [line 323872]
2020-08-27 19:37:05,540 - DEBUG - Assigning indexes to genes
2020-08-27 19:37:05,544 - DEBUG - Seen 4384 genes until now
2020-08-27 19:37:05,544 - DEBUG - Parsing Chromosome 11 strand - [line 323873]
2020-08-27 19:37:06,169 - DEBUG - Done with 11- [line 402908]
2020-08-27 19:37:06,169 - DEBUG - Assigning indexes to genes
2020-08-27 19:37:06,177 - DEBUG - Seen 5320 genes until now
2020-08-27 19:37:06,177 - DEBUG - Parsing Chromosome 11 strand + [line 402909]
2020-08-27 19:37:06,844 - DEBUG - Done with 11+ [line 482591]
2020-08-27 19:37:06,844 - DEBUG - Assigning indexes to genes
2020-08-27 19:37:06,855 - DEBUG - Seen 6305 genes until now
2020-08-27 19:37:06,855 - DEBUG - Parsing Chromosome 12 strand - [line 482592]
2020-08-27 19:37:07,192 - DEBUG - Done with 12- [line 559278]
2020-08-27 19:37:07,192 - DEBUG - Assigning indexes to genes
2020-08-27 19:37:07,198 - DEBUG - Seen 7177 genes until now
2020-08-27 19:37:07,198 - DEBUG - Parsing Chromosome 12 strand + [line 559279]
2020-08-27 19:37:07,519 - DEBUG - Done with 12+ [line 635173]
2020-08-27 19:37:07,519 - DEBUG - Assigning indexes to genes
2020-08-27 19:37:07,526 - DEBUG - Seen 8070 genes until now
2020-08-27 19:37:07,526 - DEBUG - Parsing Chromosome 13 strand - [line 635174]
2020-08-27 19:37:07,979 - DEBUG - Done with 13- [line 653523]
2020-08-27 19:37:07,979 - DEBUG - Assigning indexes to genes
2020-08-27 19:37:07,982 - DEBUG - Seen 8400 genes until now
2020-08-27 19:37:07,982 - DEBUG - Parsing Chromosome 13 strand + [line 653524]
2020-08-27 19:37:08,070 - DEBUG - Done with 13+ [line 673091]
2020-08-27 19:37:08,070 - DEBUG - Assigning indexes to genes
2020-08-27 19:37:08,071 - DEBUG - Seen 8736 genes until now
2020-08-27 19:37:08,071 - DEBUG - Parsing Chromosome 14 strand - [line 673092]
2020-08-27 19:37:08,268 - DEBUG - Done with 14- [line 716831]
2020-08-27 19:37:08,269 - DEBUG - Assigning indexes to genes
2020-08-27 19:37:08,273 - DEBUG - Seen 9452 genes until now
2020-08-27 19:37:08,273 - DEBUG - Parsing Chromosome 14 strand + [line 716832]
2020-08-27 19:37:08,486 - DEBUG - Done with 14+ [line 764942]
2020-08-27 19:37:08,486 - DEBUG - Assigning indexes to genes
2020-08-27 19:37:08,490 - DEBUG - Seen 10121 genes until now
2020-08-27 19:37:08,490 - DEBUG - Parsing Chromosome 15 strand - [line 764943]
2020-08-27 19:37:08,717 - DEBUG - Done with 15- [line 813803]
2020-08-27 19:37:08,717 - DEBUG - Assigning indexes to genes
2020-08-27 19:37:08,722 - DEBUG - Seen 10698 genes until now
2020-08-27 19:37:08,722 - DEBUG - Parsing Chromosome 15 strand + [line 813804]
2020-08-27 19:37:08,917 - DEBUG - Done with 15+ [line 857859]
2020-08-27 19:37:08,917 - DEBUG - Assigning indexes to genes
2020-08-27 19:37:08,921 - DEBUG - Seen 11256 genes until now
2020-08-27 19:37:08,921 - DEBUG - Parsing Chromosome 16 strand - [line 857860]
2020-08-27 19:37:09,603 - DEBUG - Done with 16- [line 911118]
2020-08-27 19:37:09,604 - DEBUG - Assigning indexes to genes
2020-08-27 19:37:09,609 - DEBUG - Seen 11998 genes until now
2020-08-27 19:37:09,609 - DEBUG - Parsing Chromosome 16 strand + [line 911119]
2020-08-27 19:37:09,912 - DEBUG - Done with 16+ [line 981663]
2020-08-27 19:37:09,912 - DEBUG - Assigning indexes to genes
2020-08-27 19:37:09,919 - DEBUG - Seen 12787 genes until now
2020-08-27 19:37:09,919 - DEBUG - Parsing Chromosome 17 strand - [line 981664]
2020-08-27 19:37:10,293 - DEBUG - Done with 17- [line 1066635]
2020-08-27 19:37:10,293 - DEBUG - Assigning indexes to genes
2020-08-27 19:37:10,301 - DEBUG - Seen 13775 genes until now
2020-08-27 19:37:10,301 - DEBUG - Parsing Chromosome 17 strand + [line 1066636]
2020-08-27 19:37:11,107 - DEBUG - Done with 17+ [line 1143834]
2020-08-27 19:37:11,107 - DEBUG - Assigning indexes to genes
2020-08-27 19:37:11,117 - DEBUG - Seen 14681 genes until now
2020-08-27 19:37:11,117 - DEBUG - Parsing Chromosome 18 strand - [line 1143835]
2020-08-27 19:37:11,227 - DEBUG - Done with 18- [line 1168496]
2020-08-27 19:37:11,227 - DEBUG - Assigning indexes to genes
2020-08-27 19:37:11,229 - DEBUG - Seen 15006 genes until now
2020-08-27 19:37:11,229 - DEBUG - Parsing Chromosome 18 strand + [line 1168497]
2020-08-27 19:37:11,320 - DEBUG - Done with 18+ [line 1189691]
2020-08-27 19:37:11,320 - DEBUG - Assigning indexes to genes
2020-08-27 19:37:11,322 - DEBUG - Seen 15343 genes until now
2020-08-27 19:37:11,322 - DEBUG - Parsing Chromosome 19 strand - [line 1189692]
2020-08-27 19:37:11,667 - DEBUG - Done with 19- [line 1268854]
2020-08-27 19:37:11,667 - DEBUG - Assigning indexes to genes
2020-08-27 19:37:11,675 - DEBUG - Seen 16352 genes until now
2020-08-27 19:37:11,675 - DEBUG - Parsing Chromosome 19 strand + [line 1268855]
2020-08-27 19:37:12,024 - DEBUG - Done with 19+ [line 1351833]
2020-08-27 19:37:12,024 - DEBUG - Assigning indexes to genes
2020-08-27 19:37:12,032 - DEBUG - Seen 17347 genes until now
2020-08-27 19:37:12,032 - DEBUG - Parsing Chromosome 2 strand - [line 1351834]
2020-08-27 19:37:12,454 - DEBUG - Done with 2- [line 1448710]
2020-08-27 19:37:12,454 - DEBUG - Assigning indexes to genes
2020-08-27 19:37:12,463 - DEBUG - Seen 18472 genes until now
2020-08-27 19:37:12,463 - DEBUG - Parsing Chromosome 2 strand + [line 1448711]
2020-08-27 19:37:13,455 - DEBUG - Done with 2+ [line 1542602]
2020-08-27 19:37:13,455 - DEBUG - Assigning indexes to genes
2020-08-27 19:37:13,465 - DEBUG - Seen 19632 genes until now
2020-08-27 19:37:13,465 - DEBUG - Parsing Chromosome 20 strand - [line 1542603]
2020-08-27 19:37:13,581 - DEBUG - Done with 20- [line 1569195]
2020-08-27 19:37:13,581 - DEBUG - Assigning indexes to genes
2020-08-27 19:37:13,584 - DEBUG - Seen 20079 genes until now
2020-08-27 19:37:13,584 - DEBUG - Parsing Chromosome 20 strand + [line 1569196]
2020-08-27 19:37:13,718 - DEBUG - Done with 20+ [line 1600541]
2020-08-27 19:37:13,718 - DEBUG - Assigning indexes to genes
2020-08-27 19:37:13,721 - DEBUG - Seen 20527 genes until now
2020-08-27 19:37:13,721 - DEBUG - Parsing Chromosome 21 strand - [line 1600542]
2020-08-27 19:37:13,783 - DEBUG - Done with 21- [line 1614106]
2020-08-27 19:37:13,783 - DEBUG - Assigning indexes to genes
2020-08-27 19:37:13,784 - DEBUG - Seen 20795 genes until now
2020-08-27 19:37:13,784 - DEBUG - Parsing Chromosome 21 strand + [line 1614107]
2020-08-27 19:37:13,849 - DEBUG - Done with 21+ [line 1628392]
2020-08-27 19:37:13,849 - DEBUG - Assigning indexes to genes
2020-08-27 19:37:13,850 - DEBUG - Seen 21029 genes until now
2020-08-27 19:37:13,850 - DEBUG - Parsing Chromosome 22 strand - [line 1628393]
2020-08-27 19:37:13,963 - DEBUG - Done with 22- [line 1653805]
2020-08-27 19:37:13,963 - DEBUG - Assigning indexes to genes
2020-08-27 19:37:13,965 - DEBUG - Seen 21391 genes until now
2020-08-27 19:37:13,965 - DEBUG - Parsing Chromosome 22 strand + [line 1653806]
2020-08-27 19:37:14,097 - DEBUG - Done with 22+ [line 1684245]
2020-08-27 19:37:14,097 - DEBUG - Assigning indexes to genes
2020-08-27 19:37:14,102 - DEBUG - Seen 21866 genes until now
2020-08-27 19:37:14,102 - DEBUG - Parsing Chromosome 3 strand - [line 1684246]
2020-08-27 19:37:14,446 - DEBUG - Done with 3- [line 1763939]
2020-08-27 19:37:14,446 - DEBUG - Assigning indexes to genes
2020-08-27 19:37:14,453 - DEBUG - Seen 22713 genes until now
2020-08-27 19:37:14,453 - DEBUG - Parsing Chromosome 3 strand + [line 1763940]
2020-08-27 19:37:14,821 - DEBUG - Done with 3+ [line 1844840]
2020-08-27 19:37:14,821 - DEBUG - Assigning indexes to genes
2020-08-27 19:37:14,830 - DEBUG - Seen 23585 genes until now
2020-08-27 19:37:14,830 - DEBUG - Parsing Chromosome 4 strand - [line 1844841]
2020-08-27 19:37:15,706 - DEBUG - Done with 4- [line 1898665]
2020-08-27 19:37:15,706 - DEBUG - Assigning indexes to genes
2020-08-27 19:37:15,711 - DEBUG - Seen 24246 genes until now
2020-08-27 19:37:15,711 - DEBUG - Parsing Chromosome 4 strand + [line 1898666]
2020-08-27 19:37:15,919 - DEBUG - Done with 4+ [line 1947617]
2020-08-27 19:37:15,919 - DEBUG - Assigning indexes to genes
2020-08-27 19:37:15,923 - DEBUG - Seen 24938 genes until now
2020-08-27 19:37:15,923 - DEBUG - Parsing Chromosome 5 strand - [line 1947618]
2020-08-27 19:37:16,163 - DEBUG - Done with 5- [line 2001140]
2020-08-27 19:37:16,163 - DEBUG - Assigning indexes to genes
2020-08-27 19:37:16,168 - DEBUG - Seen 25741 genes until now
2020-08-27 19:37:16,168 - DEBUG - Parsing Chromosome 5 strand + [line 2001141]
2020-08-27 19:37:16,430 - DEBUG - Done with 5+ [line 2062165]
2020-08-27 19:37:16,431 - DEBUG - Assigning indexes to genes
2020-08-27 19:37:16,436 - DEBUG - Seen 26599 genes until now
2020-08-27 19:37:16,436 - DEBUG - Parsing Chromosome 6 strand - [line 2062166]
2020-08-27 19:37:16,697 - DEBUG - Done with 6- [line 2121425]
2020-08-27 19:37:16,697 - DEBUG - Assigning indexes to genes
2020-08-27 19:37:16,702 - DEBUG - Seen 27435 genes until now
2020-08-27 19:37:16,703 - DEBUG - Parsing Chromosome 6 strand + [line 2121426]
2020-08-27 19:37:16,932 - DEBUG - Done with 6+ [line 2176078]
2020-08-27 19:37:16,932 - DEBUG - Assigning indexes to genes
2020-08-27 19:37:16,936 - DEBUG - Seen 28231 genes until now
2020-08-27 19:37:16,936 - DEBUG - Parsing Chromosome 7 strand - [line 2176079]
2020-08-27 19:37:17,192 - DEBUG - Done with 7- [line 2233605]
2020-08-27 19:37:17,192 - DEBUG - Assigning indexes to genes
2020-08-27 19:37:17,197 - DEBUG - Seen 28953 genes until now
2020-08-27 19:37:17,197 - DEBUG - Parsing Chromosome 7 strand + [line 2233606]
2020-08-27 19:37:17,462 - DEBUG - Done with 7+ [line 2295513]
2020-08-27 19:37:17,462 - DEBUG - Assigning indexes to genes
2020-08-27 19:37:17,468 - DEBUG - Seen 29770 genes until now
2020-08-27 19:37:17,468 - DEBUG - Parsing Chromosome 8 strand - [line 2295514]
2020-08-27 19:37:17,673 - DEBUG - Done with 8- [line 2343289]
2020-08-27 19:37:17,674 - DEBUG - Assigning indexes to genes
2020-08-27 19:37:17,678 - DEBUG - Seen 30442 genes until now
2020-08-27 19:37:17,678 - DEBUG - Parsing Chromosome 8 strand + [line 2343290]
2020-08-27 19:37:17,863 - DEBUG - Done with 8+ [line 2386793]
2020-08-27 19:37:17,863 - DEBUG - Assigning indexes to genes
2020-08-27 19:37:17,867 - DEBUG - Seen 31090 genes until now
2020-08-27 19:37:17,867 - DEBUG - Parsing Chromosome 9 strand - [line 2386794]
2020-08-27 19:37:18,818 - DEBUG - Done with 9- [line 2430389]
2020-08-27 19:37:18,819 - DEBUG - Assigning indexes to genes
2020-08-27 19:37:18,822 - DEBUG - Seen 31710 genes until now
2020-08-27 19:37:18,823 - DEBUG - Parsing Chromosome 9 strand + [line 2430390]
2020-08-27 19:37:19,022 - DEBUG - Done with 9+ [line 2477312]
2020-08-27 19:37:19,022 - DEBUG - Assigning indexes to genes
2020-08-27 19:37:19,025 - DEBUG - Seen 32318 genes until now
2020-08-27 19:37:19,025 - DEBUG - Parsing Chromosome GL000009.2 strand - [line 2477313]
2020-08-27 19:37:19,026 - DEBUG - Done with GL000009.2- [line 2477320]
2020-08-27 19:37:19,026 - DEBUG - Assigning indexes to genes
2020-08-27 19:37:19,026 - DEBUG - Seen 32319 genes until now
2020-08-27 19:37:19,026 - DEBUG - Parsing Chromosome GL000194.1 strand - [line 2477321]
2020-08-27 19:37:19,026 - DEBUG - Done with GL000194.1- [line 2477346]
2020-08-27 19:37:19,026 - DEBUG - Assigning indexes to genes
2020-08-27 19:37:19,026 - DEBUG - Seen 32321 genes until now
2020-08-27 19:37:19,026 - DEBUG - Parsing Chromosome GL000195.1 strand - [line 2477347]
2020-08-27 19:37:19,026 - DEBUG - Done with GL000195.1- [line 2477356]
2020-08-27 19:37:19,026 - DEBUG - Assigning indexes to genes
2020-08-27 19:37:19,026 - DEBUG - Seen 32322 genes until now
2020-08-27 19:37:19,026 - DEBUG - Parsing Chromosome GL000195.1 strand + [line 2477357]
2020-08-27 19:37:19,026 - DEBUG - Done with GL000195.1+ [line 2477370]
2020-08-27 19:37:19,026 - DEBUG - Assigning indexes to genes
2020-08-27 19:37:19,026 - DEBUG - Seen 32323 genes until now
2020-08-27 19:37:19,026 - DEBUG - Parsing Chromosome GL000205.2 strand - [line 2477371]
2020-08-27 19:37:19,026 - DEBUG - Done with GL000205.2- [line 2477384]
2020-08-27 19:37:19,026 - DEBUG - Assigning indexes to genes
2020-08-27 19:37:19,026 - DEBUG - Seen 32324 genes until now
2020-08-27 19:37:19,027 - DEBUG - Parsing Chromosome GL000213.1 strand - [line 2477385]
2020-08-27 19:37:19,027 - DEBUG - Done with GL000213.1- [line 2477433]
2020-08-27 19:37:19,027 - DEBUG - Assigning indexes to genes
2020-08-27 19:37:19,027 - DEBUG - Seen 32325 genes until now
2020-08-27 19:37:19,027 - DEBUG - Parsing Chromosome GL000218.1 strand - [line 2477434]
2020-08-27 19:37:19,027 - DEBUG - Done with GL000218.1- [line 2477441]
2020-08-27 19:37:19,027 - DEBUG - Assigning indexes to genes
2020-08-27 19:37:19,027 - DEBUG - Seen 32326 genes until now
2020-08-27 19:37:19,027 - DEBUG - Parsing Chromosome GL000219.1 strand - [line 2477442]
2020-08-27 19:37:19,027 - DEBUG - Done with GL000219.1- [line 2477453]
2020-08-27 19:37:19,027 - DEBUG - Assigning indexes to genes
2020-08-27 19:37:19,027 - DEBUG - Seen 32327 genes until now
2020-08-27 19:37:19,027 - DEBUG - Parsing Chromosome KI270711.1 strand - [line 2477454]
2020-08-27 19:37:19,028 - DEBUG - Done with KI270711.1- [line 2477604]
2020-08-27 19:37:19,028 - DEBUG - Assigning indexes to genes
2020-08-27 19:37:19,028 - DEBUG - Seen 32328 genes until now
2020-08-27 19:37:19,028 - DEBUG - Parsing Chromosome KI270713.1 strand - [line 2477605]
2020-08-27 19:37:19,028 - DEBUG - Done with KI270713.1- [line 2477612]
2020-08-27 19:37:19,028 - DEBUG - Assigning indexes to genes
2020-08-27 19:37:19,028 - DEBUG - Seen 32329 genes until now
2020-08-27 19:37:19,028 - DEBUG - Parsing Chromosome KI270713.1 strand + [line 2477613]
2020-08-27 19:37:19,028 - DEBUG - Done with KI270713.1+ [line 2477618]
2020-08-27 19:37:19,028 - DEBUG - Assigning indexes to genes
2020-08-27 19:37:19,028 - DEBUG - Seen 32330 genes until now
2020-08-27 19:37:19,029 - DEBUG - Parsing Chromosome KI270721.1 strand + [line 2477619]
2020-08-27 19:37:19,029 - DEBUG - Done with KI270721.1+ [line 2477634]
2020-08-27 19:37:19,029 - DEBUG - Assigning indexes to genes
2020-08-27 19:37:19,029 - DEBUG - Seen 32331 genes until now
2020-08-27 19:37:19,029 - DEBUG - Parsing Chromosome KI270726.1 strand + [line 2477635]
2020-08-27 19:37:19,029 - DEBUG - Done with KI270726.1+ [line 2477645]
2020-08-27 19:37:19,029 - DEBUG - Assigning indexes to genes
2020-08-27 19:37:19,029 - DEBUG - Seen 32333 genes until now
2020-08-27 19:37:19,029 - DEBUG - Parsing Chromosome KI270727.1 strand - [line 2477646]
2020-08-27 19:37:19,029 - DEBUG - Done with KI270727.1- [line 2477704]
2020-08-27 19:37:19,029 - DEBUG - Assigning indexes to genes
2020-08-27 19:37:19,029 - DEBUG - Seen 32335 genes until now
2020-08-27 19:37:19,029 - DEBUG - Parsing Chromosome KI270727.1 strand + [line 2477705]
2020-08-27 19:37:19,029 - DEBUG - Done with KI270727.1+ [line 2477719]
2020-08-27 19:37:19,029 - DEBUG - Assigning indexes to genes
2020-08-27 19:37:19,030 - DEBUG - Seen 32337 genes until now
2020-08-27 19:37:19,030 - DEBUG - Parsing Chromosome KI270728.1 strand - [line 2477720]
2020-08-27 19:37:19,030 - DEBUG - Done with KI270728.1- [line 2477796]
2020-08-27 19:37:19,030 - DEBUG - Assigning indexes to genes
2020-08-27 19:37:19,030 - DEBUG - Seen 32339 genes until now
2020-08-27 19:37:19,030 - DEBUG - Parsing Chromosome KI270728.1 strand + [line 2477797]
2020-08-27 19:37:19,030 - DEBUG - Done with KI270728.1+ [line 2477833]
2020-08-27 19:37:19,030 - DEBUG - Assigning indexes to genes
2020-08-27 19:37:19,030 - DEBUG - Seen 32343 genes until now
2020-08-27 19:37:19,030 - DEBUG - Parsing Chromosome KI270731.1 strand - [line 2477834]
2020-08-27 19:37:19,030 - DEBUG - Done with KI270731.1- [line 2477840]
2020-08-27 19:37:19,030 - DEBUG - Assigning indexes to genes
2020-08-27 19:37:19,031 - DEBUG - Seen 32344 genes until now
2020-08-27 19:37:19,031 - DEBUG - Parsing Chromosome KI270734.1 strand - [line 2477841]
2020-08-27 19:37:19,031 - DEBUG - Done with KI270734.1- [line 2477909]
2020-08-27 19:37:19,031 - DEBUG - Assigning indexes to genes
2020-08-27 19:37:19,031 - DEBUG - Seen 32345 genes until now
2020-08-27 19:37:19,031 - DEBUG - Parsing Chromosome KI270734.1 strand + [line 2477910]
2020-08-27 19:37:19,031 - DEBUG - Done with KI270734.1+ [line 2477932]
2020-08-27 19:37:19,031 - DEBUG - Assigning indexes to genes
2020-08-27 19:37:19,031 - DEBUG - Seen 32347 genes until now
2020-08-27 19:37:19,031 - DEBUG - Parsing Chromosome MT strand - [line 2477933]
2020-08-27 19:37:19,031 - DEBUG - Done with MT- [line 2477938]
2020-08-27 19:37:19,031 - DEBUG - Assigning indexes to genes
2020-08-27 19:37:19,031 - DEBUG - Seen 32348 genes until now
2020-08-27 19:37:19,031 - DEBUG - Parsing Chromosome MT strand + [line 2477939]
2020-08-27 19:37:19,032 - DEBUG - Done with MT+ [line 2478004]
2020-08-27 19:37:19,032 - DEBUG - Assigning indexes to genes
2020-08-27 19:37:19,032 - DEBUG - Seen 32360 genes until now
2020-08-27 19:37:19,032 - DEBUG - Parsing Chromosome X strand - [line 2478005]
2020-08-27 19:37:19,206 - DEBUG - Done with X- [line 2518937]
2020-08-27 19:37:19,206 - DEBUG - Assigning indexes to genes
2020-08-27 19:37:19,209 - DEBUG - Seen 32876 genes until now
2020-08-27 19:37:19,209 - DEBUG - Parsing Chromosome X strand + [line 2518938]
2020-08-27 19:37:19,378 - DEBUG - Done with X+ [line 2560301]
2020-08-27 19:37:19,378 - DEBUG - Assigning indexes to genes
2020-08-27 19:37:19,381 - DEBUG - Seen 33438 genes until now
2020-08-27 19:37:19,381 - DEBUG - Parsing Chromosome Y strand - [line 2560302]
2020-08-27 19:37:19,392 - DEBUG - Done with Y- [line 2562446]
2020-08-27 19:37:19,392 - DEBUG - Assigning indexes to genes
2020-08-27 19:37:19,392 - DEBUG - Seen 33485 genes until now
2020-08-27 19:37:19,392 - DEBUG - Parsing Chromosome Y strand + [line 2562447]
2020-08-27 19:37:19,403 - DEBUG - Assigning indexes to genes
2020-08-27 19:37:19,403 - DEBUG - Done with Y+ [line 2565059]
2020-08-27 19:37:19,403 - DEBUG - Fixing corner cases of transcript models containg intron longer than 1000Kbp
2020-08-27 19:37:21,402 - DEBUG - Generated 2165800 features corresponding to 172912 transcript models from /net/isi-dcnl/ifs/user_data/abild/Genomes/refdata-cellranger-GRCh38-3.0.0/genes/genes.gtf
2020-08-27 19:37:21,441 - INFO - Scan /net/isi-dcnl/ifs/user_data/abild/Megatron_data/COH057/feline_p29_40_mRNA/cell_ranger/FEL033_M/outs/possorted_genome_bam.bam to validate intron intervals
2020-08-27 19:37:25,478 - DEBUG - Reading /net/isi-dcnl/ifs/user_data/abild/Megatron_data/COH057/feline_p29_40_mRNA/cell_ranger/FEL033_M/outs/possorted_genome_bam.bam
2020-08-27 19:37:25,495 - DEBUG - Read first 0 million reads
2020-08-27 19:37:25,498 - DEBUG - Marking up chromosome 1
2020-08-27 19:38:17,307 - DEBUG - Marking up chromosome 10
2020-08-27 19:38:45,954 - DEBUG - Marking up chromosome 11
2020-08-27 19:38:54,086 - DEBUG - Read first 10 million reads
2020-08-27 19:39:57,818 - DEBUG - Marking up chromosome 12
2020-08-27 19:40:30,421 - DEBUG - Marking up chromosome 13
2020-08-27 19:40:41,383 - DEBUG - Read first 20 million reads
2020-08-27 19:40:43,435 - DEBUG - Marking up chromosome 14
2020-08-27 19:41:10,020 - DEBUG - Marking up chromosome 15
2020-08-27 19:41:32,097 - DEBUG - Marking up chromosome 16
2020-08-27 19:41:56,344 - DEBUG - Marking up chromosome 17
2020-08-27 19:42:07,431 - DEBUG - Read first 30 million reads
2020-08-27 19:42:28,852 - DEBUG - Marking up chromosome 18
2020-08-27 19:42:40,439 - DEBUG - Marking up chromosome 19
2020-08-27 19:43:04,414 - DEBUG - Marking up chromosome 2
2020-08-27 19:43:39,056 - DEBUG - Read first 40 million reads
2020-08-27 19:43:56,636 - DEBUG - Marking up chromosome 20
2020-08-27 19:44:09,371 - DEBUG - Marking up chromosome 21
2020-08-27 19:44:23,767 - DEBUG - Read first 50 million reads
2020-08-27 19:44:45,316 - DEBUG - Read first 60 million reads
2020-08-27 19:44:53,173 - DEBUG - Marking up chromosome 22
2020-08-27 19:45:11,461 - DEBUG - Marking up chromosome 3
2020-08-27 19:45:52,385 - DEBUG - Marking up chromosome 4
2020-08-27 19:46:17,019 - DEBUG - Read first 70 million reads
2020-08-27 19:46:18,995 - DEBUG - Marking up chromosome 5
2020-08-27 19:46:51,295 - DEBUG - Marking up chromosome 6
2020-08-27 19:47:22,003 - DEBUG - Marking up chromosome 7
2020-08-27 19:47:45,203 - DEBUG - Read first 80 million reads
2020-08-27 19:47:54,835 - DEBUG - Marking up chromosome 8
2020-08-27 19:48:18,734 - DEBUG - Marking up chromosome 9
2020-08-27 19:48:39,633 - DEBUG - Marking up chromosome MT
2020-08-27 19:48:42,148 - DEBUG - Marking up chromosome X
2020-08-27 19:48:58,710 - DEBUG - Marking up chromosome Y
2020-08-27 19:48:58,756 - DEBUG - Marking up chromosome KI270728.1
2020-08-27 19:48:58,758 - DEBUG - Marking up chromosome KI270727.1
2020-08-27 19:48:58,760 - DEBUG - Marking up chromosome KI270442.1
2020-08-27 19:48:58,760 - WARNING - The .bam file refers to a chromosome 'KI270442.1+' not present in the annotation (.gtf) file
2020-08-27 19:48:58,760 - WARNING - The .bam file refers to a chromosome 'KI270442.1-' not present in the annotation (.gtf) file
2020-08-27 19:48:58,762 - DEBUG - Marking up chromosome KI270729.1
2020-08-27 19:48:58,762 - WARNING - The .bam file refers to a chromosome 'KI270729.1+' not present in the annotation (.gtf) file
2020-08-27 19:48:58,762 - WARNING - The .bam file refers to a chromosome 'KI270729.1-' not present in the annotation (.gtf) file
2020-08-27 19:48:58,762 - DEBUG - Marking up chromosome KI270743.1
2020-08-27 19:48:58,762 - WARNING - The .bam file refers to a chromosome 'KI270743.1+' not present in the annotation (.gtf) file
2020-08-27 19:48:58,762 - WARNING - The .bam file refers to a chromosome 'KI270743.1-' not present in the annotation (.gtf) file
2020-08-27 19:48:58,765 - DEBUG - Marking up chromosome GL000008.2
2020-08-27 19:48:58,765 - WARNING - The .bam file refers to a chromosome 'GL000008.2+' not present in the annotation (.gtf) file
2020-08-27 19:48:58,765 - WARNING - The .bam file refers to a chromosome 'GL000008.2-' not present in the annotation (.gtf) file
2020-08-27 19:48:58,769 - DEBUG - Marking up chromosome GL000009.2
2020-08-27 19:48:58,769 - WARNING - The .bam file refers to a chromosome 'GL000009.2+' not present in the annotation (.gtf) file
2020-08-27 19:48:58,776 - DEBUG - Marking up chromosome KI270747.1
2020-08-27 19:48:58,776 - WARNING - The .bam file refers to a chromosome 'KI270747.1+' not present in the annotation (.gtf) file
2020-08-27 19:48:58,777 - WARNING - The .bam file refers to a chromosome 'KI270747.1-' not present in the annotation (.gtf) file
2020-08-27 19:48:58,777 - DEBUG - Marking up chromosome KI270722.1
2020-08-27 19:48:58,777 - WARNING - The .bam file refers to a chromosome 'KI270722.1+' not present in the annotation (.gtf) file
2020-08-27 19:48:58,777 - WARNING - The .bam file refers to a chromosome 'KI270722.1-' not present in the annotation (.gtf) file
2020-08-27 19:48:58,778 - DEBUG - Marking up chromosome GL000194.1
2020-08-27 19:48:58,778 - WARNING - The .bam file refers to a chromosome 'GL000194.1+' not present in the annotation (.gtf) file
2020-08-27 19:48:58,845 - DEBUG - Marking up chromosome KI270742.1
2020-08-27 19:48:58,845 - WARNING - The .bam file refers to a chromosome 'KI270742.1+' not present in the annotation (.gtf) file
2020-08-27 19:48:58,845 - WARNING - The .bam file refers to a chromosome 'KI270742.1-' not present in the annotation (.gtf) file
2020-08-27 19:48:58,866 - DEBUG - Marking up chromosome GL000205.2
2020-08-27 19:48:58,866 - WARNING - The .bam file refers to a chromosome 'GL000205.2+' not present in the annotation (.gtf) file
2020-08-27 19:48:58,890 - DEBUG - Marking up chromosome GL000195.1
2020-08-27 19:48:58,918 - DEBUG - Marking up chromosome KI270733.1
2020-08-27 19:48:58,918 - WARNING - The .bam file refers to a chromosome 'KI270733.1+' not present in the annotation (.gtf) file
2020-08-27 19:48:58,919 - WARNING - The .bam file refers to a chromosome 'KI270733.1-' not present in the annotation (.gtf) file
2020-08-27 19:49:02,872 - DEBUG - Read first 90 million reads
2020-08-27 19:49:18,046 - DEBUG - Marking up chromosome GL000224.1
2020-08-27 19:49:18,046 - WARNING - The .bam file refers to a chromosome 'GL000224.1+' not present in the annotation (.gtf) file
2020-08-27 19:49:18,047 - WARNING - The .bam file refers to a chromosome 'GL000224.1-' not present in the annotation (.gtf) file
2020-08-27 19:49:18,051 - DEBUG - Marking up chromosome GL000219.1
2020-08-27 19:49:18,051 - WARNING - The .bam file refers to a chromosome 'GL000219.1+' not present in the annotation (.gtf) file
2020-08-27 19:49:18,128 - DEBUG - Marking up chromosome KI270719.1
2020-08-27 19:49:18,128 - WARNING - The .bam file refers to a chromosome 'KI270719.1+' not present in the annotation (.gtf) file
2020-08-27 19:49:18,128 - WARNING - The .bam file refers to a chromosome 'KI270719.1-' not present in the annotation (.gtf) file
2020-08-27 19:49:18,132 - DEBUG - Marking up chromosome GL000216.2
2020-08-27 19:49:18,132 - WARNING - The .bam file refers to a chromosome 'GL000216.2+' not present in the annotation (.gtf) file
2020-08-27 19:49:18,132 - WARNING - The .bam file refers to a chromosome 'GL000216.2-' not present in the annotation (.gtf) file
2020-08-27 19:49:18,133 - DEBUG - Marking up chromosome KI270712.1
2020-08-27 19:49:18,133 - WARNING - The .bam file refers to a chromosome 'KI270712.1+' not present in the annotation (.gtf) file
2020-08-27 19:49:18,133 - WARNING - The .bam file refers to a chromosome 'KI270712.1-' not present in the annotation (.gtf) file
2020-08-27 19:49:18,138 - DEBUG - Marking up chromosome KI270706.1
2020-08-27 19:49:18,138 - WARNING - The .bam file refers to a chromosome 'KI270706.1+' not present in the annotation (.gtf) file
2020-08-27 19:49:18,138 - WARNING - The .bam file refers to a chromosome 'KI270706.1-' not present in the annotation (.gtf) file
2020-08-27 19:49:18,163 - DEBUG - Marking up chromosome KI270725.1
2020-08-27 19:49:18,163 - WARNING - The .bam file refers to a chromosome 'KI270725.1+' not present in the annotation (.gtf) file
2020-08-27 19:49:18,163 - WARNING - The .bam file refers to a chromosome 'KI270725.1-' not present in the annotation (.gtf) file
2020-08-27 19:49:18,163 - DEBUG - Marking up chromosome KI270744.1
2020-08-27 19:49:18,163 - WARNING - The .bam file refers to a chromosome 'KI270744.1+' not present in the annotation (.gtf) file
2020-08-27 19:49:18,164 - WARNING - The .bam file refers to a chromosome 'KI270744.1-' not present in the annotation (.gtf) file
2020-08-27 19:49:18,169 - DEBUG - Marking up chromosome KI270734.1
2020-08-27 19:49:18,172 - DEBUG - Marking up chromosome GL000213.1
2020-08-27 19:49:18,172 - WARNING - The .bam file refers to a chromosome 'GL000213.1+' not present in the annotation (.gtf) file
2020-08-27 19:49:18,190 - DEBUG - Marking up chromosome GL000220.1
2020-08-27 19:49:18,190 - WARNING - The .bam file refers to a chromosome 'GL000220.1+' not present in the annotation (.gtf) file
2020-08-27 19:49:18,190 - WARNING - The .bam file refers to a chromosome 'GL000220.1-' not present in the annotation (.gtf) file
2020-08-27 19:49:24,215 - DEBUG - Read first 100 million reads
2020-08-27 19:49:37,410 - DEBUG - Marking up chromosome KI270715.1
2020-08-27 19:49:37,411 - WARNING - The .bam file refers to a chromosome 'KI270715.1+' not present in the annotation (.gtf) file
2020-08-27 19:49:37,411 - WARNING - The .bam file refers to a chromosome 'KI270715.1-' not present in the annotation (.gtf) file
2020-08-27 19:49:37,411 - DEBUG - Marking up chromosome GL000218.1
2020-08-27 19:49:37,411 - WARNING - The .bam file refers to a chromosome 'GL000218.1+' not present in the annotation (.gtf) file
2020-08-27 19:49:37,492 - DEBUG - Marking up chromosome KI270749.1
2020-08-27 19:49:37,492 - WARNING - The .bam file refers to a chromosome 'KI270749.1+' not present in the annotation (.gtf) file
2020-08-27 19:49:37,492 - WARNING - The .bam file refers to a chromosome 'KI270749.1-' not present in the annotation (.gtf) file
2020-08-27 19:49:37,494 - DEBUG - Marking up chromosome GL000221.1
2020-08-27 19:49:37,494 - WARNING - The .bam file refers to a chromosome 'GL000221.1+' not present in the annotation (.gtf) file
2020-08-27 19:49:37,494 - WARNING - The .bam file refers to a chromosome 'GL000221.1-' not present in the annotation (.gtf) file
2020-08-27 19:49:37,505 - DEBUG - Marking up chromosome KI270751.1
2020-08-27 19:49:37,505 - WARNING - The .bam file refers to a chromosome 'KI270751.1+' not present in the annotation (.gtf) file
2020-08-27 19:49:37,505 - WARNING - The .bam file refers to a chromosome 'KI270751.1-' not present in the annotation (.gtf) file
2020-08-27 19:49:37,505 - DEBUG - Marking up chromosome KI270750.1
2020-08-27 19:49:37,506 - WARNING - The .bam file refers to a chromosome 'KI270750.1+' not present in the annotation (.gtf) file
2020-08-27 19:49:37,506 - WARNING - The .bam file refers to a chromosome 'KI270750.1-' not present in the annotation (.gtf) file
2020-08-27 19:49:37,507 - DEBUG - Marking up chromosome GL000214.1
2020-08-27 19:49:37,507 - WARNING - The .bam file refers to a chromosome 'GL000214.1+' not present in the annotation (.gtf) file
2020-08-27 19:49:37,507 - WARNING - The .bam file refers to a chromosome 'GL000214.1-' not present in the annotation (.gtf) file
2020-08-27 19:49:37,507 - DEBUG - Marking up chromosome KI270708.1
2020-08-27 19:49:37,507 - WARNING - The .bam file refers to a chromosome 'KI270708.1+' not present in the annotation (.gtf) file
2020-08-27 19:49:37,507 - WARNING - The .bam file refers to a chromosome 'KI270708.1-' not present in the annotation (.gtf) file
2020-08-27 19:49:37,508 - DEBUG - Marking up chromosome KI270737.1
2020-08-27 19:49:37,508 - WARNING - The .bam file refers to a chromosome 'KI270737.1+' not present in the annotation (.gtf) file
2020-08-27 19:49:37,508 - WARNING - The .bam file refers to a chromosome 'KI270737.1-' not present in the annotation (.gtf) file
2020-08-27 19:49:37,508 - DEBUG - Marking up chromosome KI270721.1
2020-08-27 19:49:37,508 - WARNING - The .bam file refers to a chromosome 'KI270721.1-' not present in the annotation (.gtf) file
2020-08-27 19:49:37,526 - DEBUG - Marking up chromosome KI270738.1
2020-08-27 19:49:37,527 - WARNING - The .bam file refers to a chromosome 'KI270738.1+' not present in the annotation (.gtf) file
2020-08-27 19:49:37,527 - WARNING - The .bam file refers to a chromosome 'KI270738.1-' not present in the annotation (.gtf) file
2020-08-27 19:49:37,529 - DEBUG - Marking up chromosome KI270748.1
2020-08-27 19:49:37,529 - WARNING - The .bam file refers to a chromosome 'KI270748.1+' not present in the annotation (.gtf) file
2020-08-27 19:49:37,529 - WARNING - The .bam file refers to a chromosome 'KI270748.1-' not present in the annotation (.gtf) file
2020-08-27 19:49:37,530 - DEBUG - Marking up chromosome KI270435.1
2020-08-27 19:49:37,530 - WARNING - The .bam file refers to a chromosome 'KI270435.1+' not present in the annotation (.gtf) file
2020-08-27 19:49:37,530 - WARNING - The .bam file refers to a chromosome 'KI270435.1-' not present in the annotation (.gtf) file
2020-08-27 19:49:37,530 - DEBUG - Marking up chromosome KI270709.1
2020-08-27 19:49:37,530 - WARNING - The .bam file refers to a chromosome 'KI270709.1+' not present in the annotation (.gtf) file
2020-08-27 19:49:37,530 - WARNING - The .bam file refers to a chromosome 'KI270709.1-' not present in the annotation (.gtf) file
2020-08-27 19:49:37,531 - DEBUG - Marking up chromosome KI270746.1
2020-08-27 19:49:37,531 - WARNING - The .bam file refers to a chromosome 'KI270746.1+' not present in the annotation (.gtf) file
2020-08-27 19:49:37,531 - WARNING - The .bam file refers to a chromosome 'KI270746.1-' not present in the annotation (.gtf) file
2020-08-27 19:49:37,536 - DEBUG - Marking up chromosome KI270589.1
2020-08-27 19:49:37,536 - WARNING - The .bam file refers to a chromosome 'KI270589.1+' not present in the annotation (.gtf) file
2020-08-27 19:49:37,536 - WARNING - The .bam file refers to a chromosome 'KI270589.1-' not present in the annotation (.gtf) file
2020-08-27 19:49:37,536 - DEBUG - Marking up chromosome KI270726.1
2020-08-27 19:49:37,536 - WARNING - The .bam file refers to a chromosome 'KI270726.1-' not present in the annotation (.gtf) file
2020-08-27 19:49:37,540 - DEBUG - Marking up chromosome KI270711.1
2020-08-27 19:49:37,540 - WARNING - The .bam file refers to a chromosome 'KI270711.1+' not present in the annotation (.gtf) file
2020-08-27 19:49:37,557 - DEBUG - Marking up chromosome KI270745.1
2020-08-27 19:49:37,557 - WARNING - The .bam file refers to a chromosome 'KI270745.1+' not present in the annotation (.gtf) file
2020-08-27 19:49:37,557 - WARNING - The .bam file refers to a chromosome 'KI270745.1-' not present in the annotation (.gtf) file
2020-08-27 19:49:37,561 - DEBUG - Marking up chromosome KI270714.1
2020-08-27 19:49:37,561 - WARNING - The .bam file refers to a chromosome 'KI270714.1+' not present in the annotation (.gtf) file
2020-08-27 19:49:37,561 - WARNING - The .bam file refers to a chromosome 'KI270714.1-' not present in the annotation (.gtf) file
2020-08-27 19:49:37,561 - DEBUG - Marking up chromosome KI270713.1
2020-08-27 19:49:37,563 - DEBUG - Marking up chromosome KI270717.1
2020-08-27 19:49:37,563 - WARNING - The .bam file refers to a chromosome 'KI270717.1+' not present in the annotation (.gtf) file
2020-08-27 19:49:37,563 - WARNING - The .bam file refers to a chromosome 'KI270717.1-' not present in the annotation (.gtf) file
2020-08-27 19:49:37,564 - DEBUG - Marking up chromosome KI270720.1
2020-08-27 19:49:37,564 - WARNING - The .bam file refers to a chromosome 'KI270720.1+' not present in the annotation (.gtf) file
2020-08-27 19:49:37,565 - WARNING - The .bam file refers to a chromosome 'KI270720.1-' not present in the annotation (.gtf) file
2020-08-27 19:49:37,567 - DEBUG - Marking up chromosome KI270718.1
2020-08-27 19:49:37,567 - WARNING - The .bam file refers to a chromosome 'KI270718.1+' not present in the annotation (.gtf) file
2020-08-27 19:49:37,567 - WARNING - The .bam file refers to a chromosome 'KI270718.1-' not present in the annotation (.gtf) file
2020-08-27 19:49:37,577 - DEBUG - Marking up chromosome KI270707.1
2020-08-27 19:49:37,577 - WARNING - The .bam file refers to a chromosome 'KI270707.1+' not present in the annotation (.gtf) file
2020-08-27 19:49:37,577 - WARNING - The .bam file refers to a chromosome 'KI270707.1-' not present in the annotation (.gtf) file
2020-08-27 19:49:37,579 - DEBUG - Marking up chromosome KI270303.1
2020-08-27 19:49:37,579 - WARNING - The .bam file refers to a chromosome 'KI270303.1+' not present in the annotation (.gtf) file
2020-08-27 19:49:37,579 - WARNING - The .bam file refers to a chromosome 'KI270303.1-' not present in the annotation (.gtf) file
2020-08-27 19:49:37,579 - DEBUG - Marking up chromosome KI270330.1
2020-08-27 19:49:37,579 - WARNING - The .bam file refers to a chromosome 'KI270330.1+' not present in the annotation (.gtf) file
2020-08-27 19:49:37,579 - WARNING - The .bam file refers to a chromosome 'KI270330.1-' not present in the annotation (.gtf) file
2020-08-27 19:49:45,059 - DEBUG - End of file. Reset index: start scanning from initial position.
2020-08-27 19:49:45,060 - DEBUG - 1402069 reads were skipped because no apropiate cell or umi barcode was found
2020-08-27 19:49:45,060 - DEBUG - Start molecule counting!
2020-08-27 19:49:49,135 - DEBUG - Features available for chromosomes : ['1-', '1+', '10-', '10+', '11-', '11+', '12-', '12+', '13-', '13+', '14-', '14+', '15-', '15+', '16-', '16+', '17-', '17+', '18-', '18+', '19-', '19+', '2-', '2+', '20-', '20+', '21-', '21+', '22-', '22+', '3-', '3+', '4-', '4+', '5-', '5+', '6-', '6+', '7-', '7+', '8-', '8+', '9-', '9+', 'GL000009.2-', 'GL000194.1-', 'GL000195.1-', 'GL000195.1+', 'GL000205.2-', 'GL000213.1-', 'GL000218.1-', 'GL000219.1-', 'KI270711.1-', 'KI270713.1-', 'KI270713.1+', 'KI270721.1+', 'KI270726.1+', 'KI270727.1-', 'KI270727.1+', 'KI270728.1-', 'KI270728.1+', 'KI270731.1-', 'KI270734.1-', 'KI270734.1+', 'MT-', 'MT+', 'X-', 'X+', 'Y-', 'Y+']
2020-08-27 19:49:49,135 - DEBUG - Mask available for chromosomes : []
2020-08-27 19:49:49,135 - DEBUG - Summarizing the results of intron validation.
2020-08-27 19:49:49,819 - DEBUG - Validated 404802 introns (of which unique intervals 128056) out of 996444 total possible introns (considering each possible transcript models).
2020-08-27 19:49:49,820 - DEBUG - Reading /net/isi-dcnl/ifs/user_data/abild/Megatron_data/COH057/feline_p29_40_mRNA/cell_ranger/FEL033_M/outs/cellsorted_possorted_genome_bam.bam
2020-08-27 19:49:49,856 - DEBUG - Read first 0 million reads
2020-08-27 19:50:26,296 - DEBUG - Read first 10 million reads
2020-08-27 19:50:48,819 - DEBUG - Counting for batch 1, containing 100 cells and 1682670 reads
2020-08-27 19:51:53,031 - DEBUG - 0 reads not considered because fully enclosed in repeat masked regions
2020-08-27 19:52:42,078 - DEBUG - Read first 20 million reads
2020-08-27 19:52:45,991 - DEBUG - Counting for batch 2, containing 100 cells and 1526007 reads
2020-08-27 19:53:42,413 - DEBUG - 0 reads not considered because fully enclosed in repeat masked regions
2020-08-27 19:54:38,396 - DEBUG - Counting for batch 3, containing 100 cells and 1647439 reads
2020-08-27 19:55:38,672 - DEBUG - 0 reads not considered because fully enclosed in repeat masked regions
2020-08-27 19:55:59,241 - DEBUG - Read first 30 million reads
2020-08-27 19:56:32,169 - DEBUG - Counting for batch 4, containing 100 cells and 1657969 reads
2020-08-27 19:57:31,281 - DEBUG - 0 reads not considered because fully enclosed in repeat masked regions
2020-08-27 19:58:07,200 - DEBUG - Read first 40 million reads
2020-08-27 19:58:24,257 - DEBUG - Counting for batch 5, containing 100 cells and 1736973 reads
2020-08-27 19:59:30,328 - DEBUG - 0 reads not considered because fully enclosed in repeat masked regions
2020-08-27 20:00:17,050 - DEBUG - Read first 50 million reads
2020-08-27 20:00:17,643 - DEBUG - Counting for batch 6, containing 100 cells and 1511851 reads
2020-08-27 20:01:16,617 - DEBUG - 0 reads not considered because fully enclosed in repeat masked regions
2020-08-27 20:02:07,187 - DEBUG - Counting for batch 7, containing 100 cells and 1848833 reads
2020-08-27 20:03:16,032 - DEBUG - 0 reads not considered because fully enclosed in repeat masked regions
2020-08-27 20:03:40,939 - DEBUG - Read first 60 million reads
2020-08-27 20:04:08,125 - DEBUG - Counting for batch 8, containing 100 cells and 1572454 reads
2020-08-27 20:05:05,180 - DEBUG - 0 reads not considered because fully enclosed in repeat masked regions
2020-08-27 20:05:49,702 - DEBUG - Read first 70 million reads
2020-08-27 20:06:00,220 - DEBUG - Counting for batch 9, containing 100 cells and 1507976 reads
2020-08-27 20:06:55,457 - DEBUG - 0 reads not considered because fully enclosed in repeat masked regions
2020-08-27 20:07:42,604 - DEBUG - Counting for batch 10, containing 100 cells and 1482752 reads
2020-08-27 20:08:37,033 - DEBUG - 0 reads not considered because fully enclosed in repeat masked regions
2020-08-27 20:08:56,516 - DEBUG - Read first 80 million reads
2020-08-27 20:09:29,327 - DEBUG - Counting for batch 11, containing 100 cells and 1744991 reads
2020-08-27 20:10:32,383 - DEBUG - 0 reads not considered because fully enclosed in repeat masked regions
2020-08-27 20:11:12,716 - DEBUG - Read first 90 million reads
2020-08-27 20:11:27,363 - DEBUG - Counting for batch 12, containing 100 cells and 1896690 reads
2020-08-27 20:12:37,881 - DEBUG - 0 reads not considered because fully enclosed in repeat masked regions
2020-08-27 20:13:29,311 - DEBUG - Read first 100 million reads
2020-08-27 20:13:36,619 - DEBUG - Counting for batch 13, containing 100 cells and 1760085 reads
2020-08-27 20:14:42,882 - DEBUG - 0 reads not considered because fully enclosed in repeat masked regions
2020-08-27 20:15:34,867 - DEBUG - Counting for batch 14, containing 100 cells and 1965215 reads
2020-08-27 20:16:49,248 - DEBUG - 0 reads not considered because fully enclosed in repeat masked regions
2020-08-27 20:17:10,838 - DEBUG - Counting for batch 15, containing 25 cells and 350742 reads
2020-08-27 20:17:22,834 - DEBUG - 0 reads not considered because fully enclosed in repeat masked regions
2020-08-27 20:17:25,324 - DEBUG - 1402069 reads were skipped because no apropiate cell or umi barcode was found
2020-08-27 20:17:25,324 - DEBUG - Counting done!
2020-08-27 20:17:25,347 - DEBUG - Generating output file /net/isi-dcnl/ifs/user_data/abild/Megatron_data/COH057/feline_p29_40_mRNA/cell_ranger/FEL033_M/velocyto/FEL033_M.loom
2020-08-27 20:17:25,347 - DEBUG - Collecting row attributes
2020-08-27 20:17:25,446 - DEBUG - Generating data table
2020-08-27 20:17:26,017 - DEBUG - Writing loom file
2020-08-27 20:17:29,201 - DEBUG - Terminated Succesfully!
Start: 1598582204
End: 1598584651
Run time: 2447
Done
