CPU: 16
N: 56
Step1: Analyze spliced and unspliced reads and genrate a loom file for velocityR
Run velocyto to generate loom file
2020-08-27 19:08:42,036 - DEBUG - Using logic: Default
2020-08-27 19:08:42,055 - INFO - Read 3701 cell barcodes from /net/isi-dcnl/ifs/user_data/abild/Megatron_data/COH057/feline_p29_40_mRNA/cell_ranger/FEL031_E/outs/filtered_feature_bc_matrix/barcodes.tsv.gz
2020-08-27 19:08:42,056 - DEBUG - Example of barcode: AAACCCAGTCGAGTGA and cell_id: FEL031_E:AAACCCAGTCGAGTGA-1
2020-08-27 19:08:42,070 - DEBUG - Peeking into /net/isi-dcnl/ifs/user_data/abild/Megatron_data/COH057/feline_p29_40_mRNA/cell_ranger/FEL031_E/outs/possorted_genome_bam.bam
2020-08-27 19:08:42,190 - WARNING - Not found cell and umi barcode in entry 14 of the bam file
2020-08-27 19:08:42,190 - WARNING - Not found cell and umi barcode in entry 15 of the bam file
2020-08-27 19:08:42,190 - WARNING - Not found cell and umi barcode in entry 17 of the bam file
2020-08-27 19:08:42,190 - WARNING - Not found cell and umi barcode in entry 24 of the bam file
2020-08-27 19:08:42,190 - WARNING - Not found cell and umi barcode in entry 75 of the bam file
2020-08-27 19:08:42,190 - WARNING - Not found cell and umi barcode in entry 76 of the bam file
2020-08-27 19:08:42,192 - WARNING - Not found cell and umi barcode in entry 395 of the bam file
2020-08-27 19:08:42,192 - WARNING - Not found cell and umi barcode in entry 398 of the bam file
2020-08-27 19:08:42,192 - WARNING - Not found cell and umi barcode in entry 497 of the bam file
2020-08-27 19:08:42,192 - WARNING - Not found cell and umi barcode in entry 498 of the bam file
2020-08-27 19:08:42,193 - WARNING - Not found cell and umi barcode in entry 575 of the bam file
2020-08-27 19:08:42,193 - WARNING - Not found cell and umi barcode in entry 586 of the bam file
2020-08-27 19:08:42,194 - WARNING - Not found cell and umi barcode in entry 812 of the bam file
2020-08-27 19:08:42,194 - WARNING - Not found cell and umi barcode in entry 813 of the bam file
2020-08-27 19:08:42,194 - WARNING - Not found cell and umi barcode in entry 833 of the bam file
2020-08-27 19:08:42,195 - WARNING - Not found cell and umi barcode in entry 983 of the bam file
2020-08-27 19:08:42,200 - WARNING - The file /net/isi-dcnl/ifs/user_data/abild/Megatron_data/COH057/feline_p29_40_mRNA/cell_ranger/FEL031_E/outs/cellsorted_possorted_genome_bam.bam already exists. The sorting step will be skipped and the existing file will be used.
2020-08-27 19:08:42,201 - INFO - Load the annotation from /net/isi-dcnl/ifs/user_data/abild/Genomes/refdata-cellranger-GRCh38-3.0.0/genes/genes.gtf
2020-08-27 19:08:51,822 - DEBUG - Parsing Chromosome 1 strand - [line 0]
2020-08-27 19:08:52,447 - DEBUG - Done with 1- [line 108728]
2020-08-27 19:08:52,447 - DEBUG - Assigning indexes to genes
2020-08-27 19:08:52,458 - DEBUG - Seen 1561 genes until now
2020-08-27 19:08:52,458 - DEBUG - Parsing Chromosome 1 strand + [line 108729]
2020-08-27 19:08:53,163 - DEBUG - Done with 1+ [line 232515]
2020-08-27 19:08:53,164 - DEBUG - Assigning indexes to genes
2020-08-27 19:08:53,176 - DEBUG - Seen 3154 genes until now
2020-08-27 19:08:53,176 - DEBUG - Parsing Chromosome 10 strand - [line 232516]
2020-08-27 19:08:53,593 - DEBUG - Done with 10- [line 279343]
2020-08-27 19:08:53,593 - DEBUG - Assigning indexes to genes
2020-08-27 19:08:53,597 - DEBUG - Seen 3737 genes until now
2020-08-27 19:08:53,597 - DEBUG - Parsing Chromosome 10 strand + [line 279344]
2020-08-27 19:08:53,784 - DEBUG - Done with 10+ [line 323872]
2020-08-27 19:08:53,784 - DEBUG - Assigning indexes to genes
2020-08-27 19:08:53,787 - DEBUG - Seen 4384 genes until now
2020-08-27 19:08:53,787 - DEBUG - Parsing Chromosome 11 strand - [line 323873]
2020-08-27 19:08:54,348 - DEBUG - Done with 11- [line 402908]
2020-08-27 19:08:54,349 - DEBUG - Assigning indexes to genes
2020-08-27 19:08:54,356 - DEBUG - Seen 5320 genes until now
2020-08-27 19:08:54,356 - DEBUG - Parsing Chromosome 11 strand + [line 402909]
2020-08-27 19:08:54,690 - DEBUG - Done with 11+ [line 482591]
2020-08-27 19:08:54,690 - DEBUG - Assigning indexes to genes
2020-08-27 19:08:54,697 - DEBUG - Seen 6305 genes until now
2020-08-27 19:08:54,697 - DEBUG - Parsing Chromosome 12 strand - [line 482592]
2020-08-27 19:08:55,278 - DEBUG - Done with 12- [line 559278]
2020-08-27 19:08:55,279 - DEBUG - Assigning indexes to genes
2020-08-27 19:08:55,285 - DEBUG - Seen 7177 genes until now
2020-08-27 19:08:55,285 - DEBUG - Parsing Chromosome 12 strand + [line 559279]
2020-08-27 19:08:55,601 - DEBUG - Done with 12+ [line 635173]
2020-08-27 19:08:55,601 - DEBUG - Assigning indexes to genes
2020-08-27 19:08:55,607 - DEBUG - Seen 8070 genes until now
2020-08-27 19:08:55,607 - DEBUG - Parsing Chromosome 13 strand - [line 635174]
2020-08-27 19:08:55,687 - DEBUG - Done with 13- [line 653523]
2020-08-27 19:08:55,687 - DEBUG - Assigning indexes to genes
2020-08-27 19:08:55,688 - DEBUG - Seen 8400 genes until now
2020-08-27 19:08:55,688 - DEBUG - Parsing Chromosome 13 strand + [line 653524]
2020-08-27 19:08:56,058 - DEBUG - Done with 13+ [line 673091]
2020-08-27 19:08:56,058 - DEBUG - Assigning indexes to genes
2020-08-27 19:08:56,060 - DEBUG - Seen 8736 genes until now
2020-08-27 19:08:56,060 - DEBUG - Parsing Chromosome 14 strand - [line 673092]
2020-08-27 19:08:56,244 - DEBUG - Done with 14- [line 716831]
2020-08-27 19:08:56,244 - DEBUG - Assigning indexes to genes
2020-08-27 19:08:56,247 - DEBUG - Seen 9452 genes until now
2020-08-27 19:08:56,247 - DEBUG - Parsing Chromosome 14 strand + [line 716832]
2020-08-27 19:08:56,448 - DEBUG - Done with 14+ [line 764942]
2020-08-27 19:08:56,448 - DEBUG - Assigning indexes to genes
2020-08-27 19:08:56,452 - DEBUG - Seen 10121 genes until now
2020-08-27 19:08:56,452 - DEBUG - Parsing Chromosome 15 strand - [line 764943]
2020-08-27 19:08:56,662 - DEBUG - Done with 15- [line 813803]
2020-08-27 19:08:56,662 - DEBUG - Assigning indexes to genes
2020-08-27 19:08:56,665 - DEBUG - Seen 10698 genes until now
2020-08-27 19:08:56,665 - DEBUG - Parsing Chromosome 15 strand + [line 813804]
2020-08-27 19:08:56,851 - DEBUG - Done with 15+ [line 857859]
2020-08-27 19:08:56,851 - DEBUG - Assigning indexes to genes
2020-08-27 19:08:56,855 - DEBUG - Seen 11256 genes until now
2020-08-27 19:08:56,855 - DEBUG - Parsing Chromosome 16 strand - [line 857860]
2020-08-27 19:08:57,402 - DEBUG - Done with 16- [line 911118]
2020-08-27 19:08:57,402 - DEBUG - Assigning indexes to genes
2020-08-27 19:08:57,407 - DEBUG - Seen 11998 genes until now
2020-08-27 19:08:57,407 - DEBUG - Parsing Chromosome 16 strand + [line 911119]
2020-08-27 19:08:57,704 - DEBUG - Done with 16+ [line 981663]
2020-08-27 19:08:57,704 - DEBUG - Assigning indexes to genes
2020-08-27 19:08:57,711 - DEBUG - Seen 12787 genes until now
2020-08-27 19:08:57,711 - DEBUG - Parsing Chromosome 17 strand - [line 981664]
2020-08-27 19:08:58,071 - DEBUG - Done with 17- [line 1066635]
2020-08-27 19:08:58,071 - DEBUG - Assigning indexes to genes
2020-08-27 19:08:58,078 - DEBUG - Seen 13775 genes until now
2020-08-27 19:08:58,078 - DEBUG - Parsing Chromosome 17 strand + [line 1066636]
2020-08-27 19:08:58,798 - DEBUG - Done with 17+ [line 1143834]
2020-08-27 19:08:58,799 - DEBUG - Assigning indexes to genes
2020-08-27 19:08:58,806 - DEBUG - Seen 14681 genes until now
2020-08-27 19:08:58,806 - DEBUG - Parsing Chromosome 18 strand - [line 1143835]
2020-08-27 19:08:58,912 - DEBUG - Done with 18- [line 1168496]
2020-08-27 19:08:58,912 - DEBUG - Assigning indexes to genes
2020-08-27 19:08:58,914 - DEBUG - Seen 15006 genes until now
2020-08-27 19:08:58,914 - DEBUG - Parsing Chromosome 18 strand + [line 1168497]
2020-08-27 19:08:59,002 - DEBUG - Done with 18+ [line 1189691]
2020-08-27 19:08:59,002 - DEBUG - Assigning indexes to genes
2020-08-27 19:08:59,004 - DEBUG - Seen 15343 genes until now
2020-08-27 19:08:59,004 - DEBUG - Parsing Chromosome 19 strand - [line 1189692]
2020-08-27 19:08:59,330 - DEBUG - Done with 19- [line 1268854]
2020-08-27 19:08:59,330 - DEBUG - Assigning indexes to genes
2020-08-27 19:08:59,337 - DEBUG - Seen 16352 genes until now
2020-08-27 19:08:59,337 - DEBUG - Parsing Chromosome 19 strand + [line 1268855]
2020-08-27 19:08:59,677 - DEBUG - Done with 19+ [line 1351833]
2020-08-27 19:08:59,677 - DEBUG - Assigning indexes to genes
2020-08-27 19:08:59,684 - DEBUG - Seen 17347 genes until now
2020-08-27 19:08:59,684 - DEBUG - Parsing Chromosome 2 strand - [line 1351834]
2020-08-27 19:09:00,103 - DEBUG - Done with 2- [line 1448710]
2020-08-27 19:09:00,104 - DEBUG - Assigning indexes to genes
2020-08-27 19:09:00,112 - DEBUG - Seen 18472 genes until now
2020-08-27 19:09:00,112 - DEBUG - Parsing Chromosome 2 strand + [line 1448711]
2020-08-27 19:09:00,935 - DEBUG - Done with 2+ [line 1542602]
2020-08-27 19:09:00,935 - DEBUG - Assigning indexes to genes
2020-08-27 19:09:00,944 - DEBUG - Seen 19632 genes until now
2020-08-27 19:09:00,944 - DEBUG - Parsing Chromosome 20 strand - [line 1542603]
2020-08-27 19:09:01,056 - DEBUG - Done with 20- [line 1569195]
2020-08-27 19:09:01,056 - DEBUG - Assigning indexes to genes
2020-08-27 19:09:01,058 - DEBUG - Seen 20079 genes until now
2020-08-27 19:09:01,058 - DEBUG - Parsing Chromosome 20 strand + [line 1569196]
2020-08-27 19:09:01,189 - DEBUG - Done with 20+ [line 1600541]
2020-08-27 19:09:01,189 - DEBUG - Assigning indexes to genes
2020-08-27 19:09:01,192 - DEBUG - Seen 20527 genes until now
2020-08-27 19:09:01,192 - DEBUG - Parsing Chromosome 21 strand - [line 1600542]
2020-08-27 19:09:01,250 - DEBUG - Done with 21- [line 1614106]
2020-08-27 19:09:01,250 - DEBUG - Assigning indexes to genes
2020-08-27 19:09:01,251 - DEBUG - Seen 20795 genes until now
2020-08-27 19:09:01,251 - DEBUG - Parsing Chromosome 21 strand + [line 1614107]
2020-08-27 19:09:01,315 - DEBUG - Done with 21+ [line 1628392]
2020-08-27 19:09:01,315 - DEBUG - Assigning indexes to genes
2020-08-27 19:09:01,316 - DEBUG - Seen 21029 genes until now
2020-08-27 19:09:01,316 - DEBUG - Parsing Chromosome 22 strand - [line 1628393]
2020-08-27 19:09:01,424 - DEBUG - Done with 22- [line 1653805]
2020-08-27 19:09:01,424 - DEBUG - Assigning indexes to genes
2020-08-27 19:09:01,426 - DEBUG - Seen 21391 genes until now
2020-08-27 19:09:01,426 - DEBUG - Parsing Chromosome 22 strand + [line 1653806]
2020-08-27 19:09:01,555 - DEBUG - Done with 22+ [line 1684245]
2020-08-27 19:09:01,555 - DEBUG - Assigning indexes to genes
2020-08-27 19:09:01,559 - DEBUG - Seen 21866 genes until now
2020-08-27 19:09:01,559 - DEBUG - Parsing Chromosome 3 strand - [line 1684246]
2020-08-27 19:09:01,898 - DEBUG - Done with 3- [line 1763939]
2020-08-27 19:09:01,898 - DEBUG - Assigning indexes to genes
2020-08-27 19:09:01,905 - DEBUG - Seen 22713 genes until now
2020-08-27 19:09:01,905 - DEBUG - Parsing Chromosome 3 strand + [line 1763940]
2020-08-27 19:09:02,250 - DEBUG - Done with 3+ [line 1844840]
2020-08-27 19:09:02,250 - DEBUG - Assigning indexes to genes
2020-08-27 19:09:02,257 - DEBUG - Seen 23585 genes until now
2020-08-27 19:09:02,257 - DEBUG - Parsing Chromosome 4 strand - [line 1844841]
2020-08-27 19:09:03,017 - DEBUG - Done with 4- [line 1898665]
2020-08-27 19:09:03,017 - DEBUG - Assigning indexes to genes
2020-08-27 19:09:03,021 - DEBUG - Seen 24246 genes until now
2020-08-27 19:09:03,021 - DEBUG - Parsing Chromosome 4 strand + [line 1898666]
2020-08-27 19:09:03,226 - DEBUG - Done with 4+ [line 1947617]
2020-08-27 19:09:03,226 - DEBUG - Assigning indexes to genes
2020-08-27 19:09:03,230 - DEBUG - Seen 24938 genes until now
2020-08-27 19:09:03,230 - DEBUG - Parsing Chromosome 5 strand - [line 1947618]
2020-08-27 19:09:03,460 - DEBUG - Done with 5- [line 2001140]
2020-08-27 19:09:03,460 - DEBUG - Assigning indexes to genes
2020-08-27 19:09:03,464 - DEBUG - Seen 25741 genes until now
2020-08-27 19:09:03,465 - DEBUG - Parsing Chromosome 5 strand + [line 2001141]
2020-08-27 19:09:03,721 - DEBUG - Done with 5+ [line 2062165]
2020-08-27 19:09:03,721 - DEBUG - Assigning indexes to genes
2020-08-27 19:09:03,726 - DEBUG - Seen 26599 genes until now
2020-08-27 19:09:03,726 - DEBUG - Parsing Chromosome 6 strand - [line 2062166]
2020-08-27 19:09:03,975 - DEBUG - Done with 6- [line 2121425]
2020-08-27 19:09:03,975 - DEBUG - Assigning indexes to genes
2020-08-27 19:09:03,980 - DEBUG - Seen 27435 genes until now
2020-08-27 19:09:03,980 - DEBUG - Parsing Chromosome 6 strand + [line 2121426]
2020-08-27 19:09:04,203 - DEBUG - Done with 6+ [line 2176078]
2020-08-27 19:09:04,203 - DEBUG - Assigning indexes to genes
2020-08-27 19:09:04,207 - DEBUG - Seen 28231 genes until now
2020-08-27 19:09:04,207 - DEBUG - Parsing Chromosome 7 strand - [line 2176079]
2020-08-27 19:09:04,452 - DEBUG - Done with 7- [line 2233605]
2020-08-27 19:09:04,453 - DEBUG - Assigning indexes to genes
2020-08-27 19:09:04,457 - DEBUG - Seen 28953 genes until now
2020-08-27 19:09:04,457 - DEBUG - Parsing Chromosome 7 strand + [line 2233606]
2020-08-27 19:09:04,716 - DEBUG - Done with 7+ [line 2295513]
2020-08-27 19:09:04,716 - DEBUG - Assigning indexes to genes
2020-08-27 19:09:04,721 - DEBUG - Seen 29770 genes until now
2020-08-27 19:09:04,721 - DEBUG - Parsing Chromosome 8 strand - [line 2295514]
2020-08-27 19:09:04,921 - DEBUG - Done with 8- [line 2343289]
2020-08-27 19:09:04,922 - DEBUG - Assigning indexes to genes
2020-08-27 19:09:04,925 - DEBUG - Seen 30442 genes until now
2020-08-27 19:09:04,925 - DEBUG - Parsing Chromosome 8 strand + [line 2343290]
2020-08-27 19:09:05,107 - DEBUG - Done with 8+ [line 2386793]
2020-08-27 19:09:05,107 - DEBUG - Assigning indexes to genes
2020-08-27 19:09:05,111 - DEBUG - Seen 31090 genes until now
2020-08-27 19:09:05,111 - DEBUG - Parsing Chromosome 9 strand - [line 2386794]
2020-08-27 19:09:05,874 - DEBUG - Done with 9- [line 2430389]
2020-08-27 19:09:05,874 - DEBUG - Assigning indexes to genes
2020-08-27 19:09:05,877 - DEBUG - Seen 31710 genes until now
2020-08-27 19:09:05,878 - DEBUG - Parsing Chromosome 9 strand + [line 2430390]
2020-08-27 19:09:06,075 - DEBUG - Done with 9+ [line 2477312]
2020-08-27 19:09:06,075 - DEBUG - Assigning indexes to genes
2020-08-27 19:09:06,078 - DEBUG - Seen 32318 genes until now
2020-08-27 19:09:06,078 - DEBUG - Parsing Chromosome GL000009.2 strand - [line 2477313]
2020-08-27 19:09:06,078 - DEBUG - Done with GL000009.2- [line 2477320]
2020-08-27 19:09:06,078 - DEBUG - Assigning indexes to genes
2020-08-27 19:09:06,078 - DEBUG - Seen 32319 genes until now
2020-08-27 19:09:06,079 - DEBUG - Parsing Chromosome GL000194.1 strand - [line 2477321]
2020-08-27 19:09:06,079 - DEBUG - Done with GL000194.1- [line 2477346]
2020-08-27 19:09:06,079 - DEBUG - Assigning indexes to genes
2020-08-27 19:09:06,079 - DEBUG - Seen 32321 genes until now
2020-08-27 19:09:06,079 - DEBUG - Parsing Chromosome GL000195.1 strand - [line 2477347]
2020-08-27 19:09:06,079 - DEBUG - Done with GL000195.1- [line 2477356]
2020-08-27 19:09:06,079 - DEBUG - Assigning indexes to genes
2020-08-27 19:09:06,079 - DEBUG - Seen 32322 genes until now
2020-08-27 19:09:06,079 - DEBUG - Parsing Chromosome GL000195.1 strand + [line 2477357]
2020-08-27 19:09:06,079 - DEBUG - Done with GL000195.1+ [line 2477370]
2020-08-27 19:09:06,079 - DEBUG - Assigning indexes to genes
2020-08-27 19:09:06,079 - DEBUG - Seen 32323 genes until now
2020-08-27 19:09:06,079 - DEBUG - Parsing Chromosome GL000205.2 strand - [line 2477371]
2020-08-27 19:09:06,079 - DEBUG - Done with GL000205.2- [line 2477384]
2020-08-27 19:09:06,079 - DEBUG - Assigning indexes to genes
2020-08-27 19:09:06,079 - DEBUG - Seen 32324 genes until now
2020-08-27 19:09:06,079 - DEBUG - Parsing Chromosome GL000213.1 strand - [line 2477385]
2020-08-27 19:09:06,080 - DEBUG - Done with GL000213.1- [line 2477433]
2020-08-27 19:09:06,080 - DEBUG - Assigning indexes to genes
2020-08-27 19:09:06,080 - DEBUG - Seen 32325 genes until now
2020-08-27 19:09:06,080 - DEBUG - Parsing Chromosome GL000218.1 strand - [line 2477434]
2020-08-27 19:09:06,080 - DEBUG - Done with GL000218.1- [line 2477441]
2020-08-27 19:09:06,080 - DEBUG - Assigning indexes to genes
2020-08-27 19:09:06,080 - DEBUG - Seen 32326 genes until now
2020-08-27 19:09:06,080 - DEBUG - Parsing Chromosome GL000219.1 strand - [line 2477442]
2020-08-27 19:09:06,080 - DEBUG - Done with GL000219.1- [line 2477453]
2020-08-27 19:09:06,080 - DEBUG - Assigning indexes to genes
2020-08-27 19:09:06,080 - DEBUG - Seen 32327 genes until now
2020-08-27 19:09:06,080 - DEBUG - Parsing Chromosome KI270711.1 strand - [line 2477454]
2020-08-27 19:09:06,081 - DEBUG - Done with KI270711.1- [line 2477604]
2020-08-27 19:09:06,081 - DEBUG - Assigning indexes to genes
2020-08-27 19:09:06,081 - DEBUG - Seen 32328 genes until now
2020-08-27 19:09:06,081 - DEBUG - Parsing Chromosome KI270713.1 strand - [line 2477605]
2020-08-27 19:09:06,082 - DEBUG - Done with KI270713.1- [line 2477612]
2020-08-27 19:09:06,082 - DEBUG - Assigning indexes to genes
2020-08-27 19:09:06,082 - DEBUG - Seen 32329 genes until now
2020-08-27 19:09:06,082 - DEBUG - Parsing Chromosome KI270713.1 strand + [line 2477613]
2020-08-27 19:09:06,082 - DEBUG - Done with KI270713.1+ [line 2477618]
2020-08-27 19:09:06,082 - DEBUG - Assigning indexes to genes
2020-08-27 19:09:06,082 - DEBUG - Seen 32330 genes until now
2020-08-27 19:09:06,082 - DEBUG - Parsing Chromosome KI270721.1 strand + [line 2477619]
2020-08-27 19:09:06,082 - DEBUG - Done with KI270721.1+ [line 2477634]
2020-08-27 19:09:06,082 - DEBUG - Assigning indexes to genes
2020-08-27 19:09:06,082 - DEBUG - Seen 32331 genes until now
2020-08-27 19:09:06,082 - DEBUG - Parsing Chromosome KI270726.1 strand + [line 2477635]
2020-08-27 19:09:06,082 - DEBUG - Done with KI270726.1+ [line 2477645]
2020-08-27 19:09:06,082 - DEBUG - Assigning indexes to genes
2020-08-27 19:09:06,082 - DEBUG - Seen 32333 genes until now
2020-08-27 19:09:06,082 - DEBUG - Parsing Chromosome KI270727.1 strand - [line 2477646]
2020-08-27 19:09:06,082 - DEBUG - Done with KI270727.1- [line 2477704]
2020-08-27 19:09:06,082 - DEBUG - Assigning indexes to genes
2020-08-27 19:09:06,083 - DEBUG - Seen 32335 genes until now
2020-08-27 19:09:06,083 - DEBUG - Parsing Chromosome KI270727.1 strand + [line 2477705]
2020-08-27 19:09:06,083 - DEBUG - Done with KI270727.1+ [line 2477719]
2020-08-27 19:09:06,083 - DEBUG - Assigning indexes to genes
2020-08-27 19:09:06,083 - DEBUG - Seen 32337 genes until now
2020-08-27 19:09:06,083 - DEBUG - Parsing Chromosome KI270728.1 strand - [line 2477720]
2020-08-27 19:09:06,083 - DEBUG - Done with KI270728.1- [line 2477796]
2020-08-27 19:09:06,083 - DEBUG - Assigning indexes to genes
2020-08-27 19:09:06,083 - DEBUG - Seen 32339 genes until now
2020-08-27 19:09:06,083 - DEBUG - Parsing Chromosome KI270728.1 strand + [line 2477797]
2020-08-27 19:09:06,083 - DEBUG - Done with KI270728.1+ [line 2477833]
2020-08-27 19:09:06,083 - DEBUG - Assigning indexes to genes
2020-08-27 19:09:06,083 - DEBUG - Seen 32343 genes until now
2020-08-27 19:09:06,083 - DEBUG - Parsing Chromosome KI270731.1 strand - [line 2477834]
2020-08-27 19:09:06,084 - DEBUG - Done with KI270731.1- [line 2477840]
2020-08-27 19:09:06,084 - DEBUG - Assigning indexes to genes
2020-08-27 19:09:06,084 - DEBUG - Seen 32344 genes until now
2020-08-27 19:09:06,084 - DEBUG - Parsing Chromosome KI270734.1 strand - [line 2477841]
2020-08-27 19:09:06,084 - DEBUG - Done with KI270734.1- [line 2477909]
2020-08-27 19:09:06,084 - DEBUG - Assigning indexes to genes
2020-08-27 19:09:06,084 - DEBUG - Seen 32345 genes until now
2020-08-27 19:09:06,084 - DEBUG - Parsing Chromosome KI270734.1 strand + [line 2477910]
2020-08-27 19:09:06,084 - DEBUG - Done with KI270734.1+ [line 2477932]
2020-08-27 19:09:06,084 - DEBUG - Assigning indexes to genes
2020-08-27 19:09:06,084 - DEBUG - Seen 32347 genes until now
2020-08-27 19:09:06,084 - DEBUG - Parsing Chromosome MT strand - [line 2477933]
2020-08-27 19:09:06,084 - DEBUG - Done with MT- [line 2477938]
2020-08-27 19:09:06,084 - DEBUG - Assigning indexes to genes
2020-08-27 19:09:06,084 - DEBUG - Seen 32348 genes until now
2020-08-27 19:09:06,084 - DEBUG - Parsing Chromosome MT strand + [line 2477939]
2020-08-27 19:09:06,085 - DEBUG - Done with MT+ [line 2478004]
2020-08-27 19:09:06,085 - DEBUG - Assigning indexes to genes
2020-08-27 19:09:06,085 - DEBUG - Seen 32360 genes until now
2020-08-27 19:09:06,085 - DEBUG - Parsing Chromosome X strand - [line 2478005]
2020-08-27 19:09:06,252 - DEBUG - Done with X- [line 2518937]
2020-08-27 19:09:06,253 - DEBUG - Assigning indexes to genes
2020-08-27 19:09:06,255 - DEBUG - Seen 32876 genes until now
2020-08-27 19:09:06,255 - DEBUG - Parsing Chromosome X strand + [line 2518938]
2020-08-27 19:09:06,424 - DEBUG - Done with X+ [line 2560301]
2020-08-27 19:09:06,424 - DEBUG - Assigning indexes to genes
2020-08-27 19:09:06,427 - DEBUG - Seen 33438 genes until now
2020-08-27 19:09:06,427 - DEBUG - Parsing Chromosome Y strand - [line 2560302]
2020-08-27 19:09:06,436 - DEBUG - Done with Y- [line 2562446]
2020-08-27 19:09:06,436 - DEBUG - Assigning indexes to genes
2020-08-27 19:09:06,436 - DEBUG - Seen 33485 genes until now
2020-08-27 19:09:06,436 - DEBUG - Parsing Chromosome Y strand + [line 2562447]
2020-08-27 19:09:06,447 - DEBUG - Assigning indexes to genes
2020-08-27 19:09:06,448 - DEBUG - Done with Y+ [line 2565059]
2020-08-27 19:09:06,448 - DEBUG - Fixing corner cases of transcript models containg intron longer than 1000Kbp
2020-08-27 19:09:08,200 - DEBUG - Generated 2165800 features corresponding to 172912 transcript models from /net/isi-dcnl/ifs/user_data/abild/Genomes/refdata-cellranger-GRCh38-3.0.0/genes/genes.gtf
2020-08-27 19:09:08,228 - INFO - Scan /net/isi-dcnl/ifs/user_data/abild/Megatron_data/COH057/feline_p29_40_mRNA/cell_ranger/FEL031_E/outs/possorted_genome_bam.bam to validate intron intervals
2020-08-27 19:09:12,113 - DEBUG - Reading /net/isi-dcnl/ifs/user_data/abild/Megatron_data/COH057/feline_p29_40_mRNA/cell_ranger/FEL031_E/outs/possorted_genome_bam.bam
2020-08-27 19:09:12,128 - DEBUG - Read first 0 million reads
2020-08-27 19:09:12,128 - DEBUG - Marking up chromosome 1
2020-08-27 19:10:35,991 - DEBUG - Marking up chromosome 10
2020-08-27 19:10:58,308 - DEBUG - Read first 10 million reads
2020-08-27 19:11:21,465 - DEBUG - Marking up chromosome 11
2020-08-27 19:13:11,846 - DEBUG - Marking up chromosome 12
2020-08-27 19:13:16,948 - DEBUG - Read first 20 million reads
2020-08-27 19:13:58,572 - DEBUG - Marking up chromosome 13
2020-08-27 19:14:16,649 - DEBUG - Marking up chromosome 14
2020-08-27 19:14:47,684 - DEBUG - Marking up chromosome 15
2020-08-27 19:15:12,792 - DEBUG - Read first 30 million reads
2020-08-27 19:15:20,436 - DEBUG - Marking up chromosome 16
2020-08-27 19:15:52,126 - DEBUG - Marking up chromosome 17
2020-08-27 19:16:33,472 - DEBUG - Marking up chromosome 18
2020-08-27 19:16:53,469 - DEBUG - Marking up chromosome 19
2020-08-27 19:17:01,651 - DEBUG - Read first 40 million reads
2020-08-27 19:17:26,558 - DEBUG - Marking up chromosome 2
2020-08-27 19:18:36,599 - DEBUG - Marking up chromosome 20
2020-08-27 19:18:51,670 - DEBUG - Read first 50 million reads
2020-08-27 19:18:54,695 - DEBUG - Marking up chromosome 21
2020-08-27 19:19:21,875 - DEBUG - Marking up chromosome 22
2020-08-27 19:19:30,395 - DEBUG - Read first 60 million reads
2020-08-27 19:19:35,546 - DEBUG - Marking up chromosome 3
2020-08-27 19:20:40,354 - DEBUG - Marking up chromosome 4
2020-08-27 19:21:26,489 - DEBUG - Marking up chromosome 5
2020-08-27 19:21:34,487 - DEBUG - Read first 70 million reads
2020-08-27 19:22:13,718 - DEBUG - Marking up chromosome 6
2020-08-27 19:22:58,028 - DEBUG - Marking up chromosome 7
2020-08-27 19:23:20,749 - DEBUG - Read first 80 million reads
2020-08-27 19:23:52,460 - DEBUG - Marking up chromosome 8
2020-08-27 19:24:29,013 - DEBUG - Marking up chromosome 9
2020-08-27 19:24:57,177 - DEBUG - Marking up chromosome MT
2020-08-27 19:24:59,319 - DEBUG - Marking up chromosome X
2020-08-27 19:25:07,503 - DEBUG - Read first 90 million reads
2020-08-27 19:25:22,461 - DEBUG - Marking up chromosome Y
2020-08-27 19:25:22,521 - DEBUG - Marking up chromosome KI270728.1
2020-08-27 19:25:22,555 - DEBUG - Marking up chromosome KI270727.1
2020-08-27 19:25:22,566 - DEBUG - Marking up chromosome KI270442.1
2020-08-27 19:25:22,566 - WARNING - The .bam file refers to a chromosome 'KI270442.1+' not present in the annotation (.gtf) file
2020-08-27 19:25:22,566 - WARNING - The .bam file refers to a chromosome 'KI270442.1-' not present in the annotation (.gtf) file
2020-08-27 19:25:22,569 - DEBUG - Marking up chromosome KI270729.1
2020-08-27 19:25:22,569 - WARNING - The .bam file refers to a chromosome 'KI270729.1+' not present in the annotation (.gtf) file
2020-08-27 19:25:22,569 - WARNING - The .bam file refers to a chromosome 'KI270729.1-' not present in the annotation (.gtf) file
2020-08-27 19:25:22,570 - DEBUG - Marking up chromosome GL000225.1
2020-08-27 19:25:22,570 - WARNING - The .bam file refers to a chromosome 'GL000225.1+' not present in the annotation (.gtf) file
2020-08-27 19:25:22,570 - WARNING - The .bam file refers to a chromosome 'GL000225.1-' not present in the annotation (.gtf) file
2020-08-27 19:25:22,570 - DEBUG - Marking up chromosome KI270743.1
2020-08-27 19:25:22,570 - WARNING - The .bam file refers to a chromosome 'KI270743.1+' not present in the annotation (.gtf) file
2020-08-27 19:25:22,570 - WARNING - The .bam file refers to a chromosome 'KI270743.1-' not present in the annotation (.gtf) file
2020-08-27 19:25:22,577 - DEBUG - Marking up chromosome GL000008.2
2020-08-27 19:25:22,577 - WARNING - The .bam file refers to a chromosome 'GL000008.2+' not present in the annotation (.gtf) file
2020-08-27 19:25:22,577 - WARNING - The .bam file refers to a chromosome 'GL000008.2-' not present in the annotation (.gtf) file
2020-08-27 19:25:22,586 - DEBUG - Marking up chromosome GL000009.2
2020-08-27 19:25:22,587 - WARNING - The .bam file refers to a chromosome 'GL000009.2+' not present in the annotation (.gtf) file
2020-08-27 19:25:22,603 - DEBUG - Marking up chromosome KI270747.1
2020-08-27 19:25:22,603 - WARNING - The .bam file refers to a chromosome 'KI270747.1+' not present in the annotation (.gtf) file
2020-08-27 19:25:22,603 - WARNING - The .bam file refers to a chromosome 'KI270747.1-' not present in the annotation (.gtf) file
2020-08-27 19:25:22,603 - DEBUG - Marking up chromosome KI270722.1
2020-08-27 19:25:22,603 - WARNING - The .bam file refers to a chromosome 'KI270722.1+' not present in the annotation (.gtf) file
2020-08-27 19:25:22,603 - WARNING - The .bam file refers to a chromosome 'KI270722.1-' not present in the annotation (.gtf) file
2020-08-27 19:25:22,603 - DEBUG - Marking up chromosome GL000194.1
2020-08-27 19:25:22,604 - WARNING - The .bam file refers to a chromosome 'GL000194.1+' not present in the annotation (.gtf) file
2020-08-27 19:25:22,689 - DEBUG - Marking up chromosome KI270742.1
2020-08-27 19:25:22,689 - WARNING - The .bam file refers to a chromosome 'KI270742.1+' not present in the annotation (.gtf) file
2020-08-27 19:25:22,689 - WARNING - The .bam file refers to a chromosome 'KI270742.1-' not present in the annotation (.gtf) file
2020-08-27 19:25:22,722 - DEBUG - Marking up chromosome GL000205.2
2020-08-27 19:25:22,722 - WARNING - The .bam file refers to a chromosome 'GL000205.2+' not present in the annotation (.gtf) file
2020-08-27 19:25:22,741 - DEBUG - Marking up chromosome GL000195.1
2020-08-27 19:25:22,781 - DEBUG - Marking up chromosome KI270736.1
2020-08-27 19:25:22,781 - WARNING - The .bam file refers to a chromosome 'KI270736.1+' not present in the annotation (.gtf) file
2020-08-27 19:25:22,781 - WARNING - The .bam file refers to a chromosome 'KI270736.1-' not present in the annotation (.gtf) file
2020-08-27 19:25:22,782 - DEBUG - Marking up chromosome KI270733.1
2020-08-27 19:25:22,782 - WARNING - The .bam file refers to a chromosome 'KI270733.1+' not present in the annotation (.gtf) file
2020-08-27 19:25:22,782 - WARNING - The .bam file refers to a chromosome 'KI270733.1-' not present in the annotation (.gtf) file
2020-08-27 19:25:31,649 - DEBUG - Marking up chromosome GL000224.1
2020-08-27 19:25:31,649 - WARNING - The .bam file refers to a chromosome 'GL000224.1+' not present in the annotation (.gtf) file
2020-08-27 19:25:31,649 - WARNING - The .bam file refers to a chromosome 'GL000224.1-' not present in the annotation (.gtf) file
2020-08-27 19:25:31,657 - DEBUG - Marking up chromosome GL000219.1
2020-08-27 19:25:31,657 - WARNING - The .bam file refers to a chromosome 'GL000219.1+' not present in the annotation (.gtf) file
2020-08-27 19:25:31,736 - DEBUG - Marking up chromosome KI270719.1
2020-08-27 19:25:31,736 - WARNING - The .bam file refers to a chromosome 'KI270719.1+' not present in the annotation (.gtf) file
2020-08-27 19:25:31,736 - WARNING - The .bam file refers to a chromosome 'KI270719.1-' not present in the annotation (.gtf) file
2020-08-27 19:25:31,742 - DEBUG - Marking up chromosome KI270712.1
2020-08-27 19:25:31,742 - WARNING - The .bam file refers to a chromosome 'KI270712.1+' not present in the annotation (.gtf) file
2020-08-27 19:25:31,742 - WARNING - The .bam file refers to a chromosome 'KI270712.1-' not present in the annotation (.gtf) file
2020-08-27 19:25:31,746 - DEBUG - Marking up chromosome KI270706.1
2020-08-27 19:25:31,746 - WARNING - The .bam file refers to a chromosome 'KI270706.1+' not present in the annotation (.gtf) file
2020-08-27 19:25:31,746 - WARNING - The .bam file refers to a chromosome 'KI270706.1-' not present in the annotation (.gtf) file
2020-08-27 19:25:31,758 - DEBUG - Marking up chromosome KI270725.1
2020-08-27 19:25:31,758 - WARNING - The .bam file refers to a chromosome 'KI270725.1+' not present in the annotation (.gtf) file
2020-08-27 19:25:31,758 - WARNING - The .bam file refers to a chromosome 'KI270725.1-' not present in the annotation (.gtf) file
2020-08-27 19:25:31,759 - DEBUG - Marking up chromosome KI270744.1
2020-08-27 19:25:31,759 - WARNING - The .bam file refers to a chromosome 'KI270744.1+' not present in the annotation (.gtf) file
2020-08-27 19:25:31,760 - WARNING - The .bam file refers to a chromosome 'KI270744.1-' not present in the annotation (.gtf) file
2020-08-27 19:25:31,776 - DEBUG - Marking up chromosome KI270734.1
2020-08-27 19:25:31,785 - DEBUG - Marking up chromosome GL000213.1
2020-08-27 19:25:31,785 - WARNING - The .bam file refers to a chromosome 'GL000213.1+' not present in the annotation (.gtf) file
2020-08-27 19:25:31,796 - DEBUG - Marking up chromosome GL000220.1
2020-08-27 19:25:31,796 - WARNING - The .bam file refers to a chromosome 'GL000220.1+' not present in the annotation (.gtf) file
2020-08-27 19:25:31,796 - WARNING - The .bam file refers to a chromosome 'GL000220.1-' not present in the annotation (.gtf) file
2020-08-27 19:25:40,708 - DEBUG - Marking up chromosome GL000218.1
2020-08-27 19:25:40,708 - WARNING - The .bam file refers to a chromosome 'GL000218.1+' not present in the annotation (.gtf) file
2020-08-27 19:25:40,736 - DEBUG - Marking up chromosome KI270749.1
2020-08-27 19:25:40,736 - WARNING - The .bam file refers to a chromosome 'KI270749.1+' not present in the annotation (.gtf) file
2020-08-27 19:25:40,736 - WARNING - The .bam file refers to a chromosome 'KI270749.1-' not present in the annotation (.gtf) file
2020-08-27 19:25:40,737 - DEBUG - Marking up chromosome KI270741.1
2020-08-27 19:25:40,738 - WARNING - The .bam file refers to a chromosome 'KI270741.1+' not present in the annotation (.gtf) file
2020-08-27 19:25:40,738 - WARNING - The .bam file refers to a chromosome 'KI270741.1-' not present in the annotation (.gtf) file
2020-08-27 19:25:40,740 - DEBUG - Marking up chromosome GL000221.1
2020-08-27 19:25:40,740 - WARNING - The .bam file refers to a chromosome 'GL000221.1+' not present in the annotation (.gtf) file
2020-08-27 19:25:40,741 - WARNING - The .bam file refers to a chromosome 'GL000221.1-' not present in the annotation (.gtf) file
2020-08-27 19:25:40,767 - DEBUG - Marking up chromosome KI270731.1
2020-08-27 19:25:40,767 - WARNING - The .bam file refers to a chromosome 'KI270731.1+' not present in the annotation (.gtf) file
2020-08-27 19:25:40,775 - DEBUG - Marking up chromosome KI270751.1
2020-08-27 19:25:40,776 - WARNING - The .bam file refers to a chromosome 'KI270751.1+' not present in the annotation (.gtf) file
2020-08-27 19:25:40,776 - WARNING - The .bam file refers to a chromosome 'KI270751.1-' not present in the annotation (.gtf) file
2020-08-27 19:25:40,779 - DEBUG - Marking up chromosome KI270519.1
2020-08-27 19:25:40,779 - WARNING - The .bam file refers to a chromosome 'KI270519.1+' not present in the annotation (.gtf) file
2020-08-27 19:25:40,779 - WARNING - The .bam file refers to a chromosome 'KI270519.1-' not present in the annotation (.gtf) file
2020-08-27 19:25:40,780 - DEBUG - Marking up chromosome GL000214.1
2020-08-27 19:25:40,780 - WARNING - The .bam file refers to a chromosome 'GL000214.1+' not present in the annotation (.gtf) file
2020-08-27 19:25:40,780 - WARNING - The .bam file refers to a chromosome 'GL000214.1-' not present in the annotation (.gtf) file
2020-08-27 19:25:40,794 - DEBUG - Marking up chromosome KI270708.1
2020-08-27 19:25:40,794 - WARNING - The .bam file refers to a chromosome 'KI270708.1+' not present in the annotation (.gtf) file
2020-08-27 19:25:40,794 - WARNING - The .bam file refers to a chromosome 'KI270708.1-' not present in the annotation (.gtf) file
2020-08-27 19:25:40,796 - DEBUG - Marking up chromosome KI270721.1
2020-08-27 19:25:40,796 - WARNING - The .bam file refers to a chromosome 'KI270721.1-' not present in the annotation (.gtf) file
2020-08-27 19:25:40,804 - DEBUG - Marking up chromosome KI270738.1
2020-08-27 19:25:40,804 - WARNING - The .bam file refers to a chromosome 'KI270738.1+' not present in the annotation (.gtf) file
2020-08-27 19:25:40,804 - WARNING - The .bam file refers to a chromosome 'KI270738.1-' not present in the annotation (.gtf) file
2020-08-27 19:25:40,806 - DEBUG - Marking up chromosome KI270748.1
2020-08-27 19:25:40,806 - WARNING - The .bam file refers to a chromosome 'KI270748.1+' not present in the annotation (.gtf) file
2020-08-27 19:25:40,806 - WARNING - The .bam file refers to a chromosome 'KI270748.1-' not present in the annotation (.gtf) file
2020-08-27 19:25:40,808 - DEBUG - Marking up chromosome GL000208.1
2020-08-27 19:25:40,808 - WARNING - The .bam file refers to a chromosome 'GL000208.1+' not present in the annotation (.gtf) file
2020-08-27 19:25:40,808 - WARNING - The .bam file refers to a chromosome 'GL000208.1-' not present in the annotation (.gtf) file
2020-08-27 19:25:40,808 - DEBUG - Marking up chromosome KI270538.1
2020-08-27 19:25:40,808 - WARNING - The .bam file refers to a chromosome 'KI270538.1+' not present in the annotation (.gtf) file
2020-08-27 19:25:40,808 - WARNING - The .bam file refers to a chromosome 'KI270538.1-' not present in the annotation (.gtf) file
2020-08-27 19:25:40,808 - DEBUG - Marking up chromosome KI270709.1
2020-08-27 19:25:40,808 - WARNING - The .bam file refers to a chromosome 'KI270709.1+' not present in the annotation (.gtf) file
2020-08-27 19:25:40,808 - WARNING - The .bam file refers to a chromosome 'KI270709.1-' not present in the annotation (.gtf) file
2020-08-27 19:25:40,810 - DEBUG - Marking up chromosome KI270746.1
2020-08-27 19:25:40,810 - WARNING - The .bam file refers to a chromosome 'KI270746.1+' not present in the annotation (.gtf) file
2020-08-27 19:25:40,810 - WARNING - The .bam file refers to a chromosome 'KI270746.1-' not present in the annotation (.gtf) file
2020-08-27 19:25:40,810 - DEBUG - Marking up chromosome KI270753.1
2020-08-27 19:25:40,810 - WARNING - The .bam file refers to a chromosome 'KI270753.1+' not present in the annotation (.gtf) file
2020-08-27 19:25:40,810 - WARNING - The .bam file refers to a chromosome 'KI270753.1-' not present in the annotation (.gtf) file
2020-08-27 19:25:40,810 - DEBUG - Marking up chromosome KI270589.1
2020-08-27 19:25:40,810 - WARNING - The .bam file refers to a chromosome 'KI270589.1+' not present in the annotation (.gtf) file
2020-08-27 19:25:40,810 - WARNING - The .bam file refers to a chromosome 'KI270589.1-' not present in the annotation (.gtf) file
2020-08-27 19:25:40,810 - DEBUG - Marking up chromosome KI270726.1
2020-08-27 19:25:40,810 - WARNING - The .bam file refers to a chromosome 'KI270726.1-' not present in the annotation (.gtf) file
2020-08-27 19:25:40,811 - DEBUG - Marking up chromosome KI270735.1
2020-08-27 19:25:40,811 - WARNING - The .bam file refers to a chromosome 'KI270735.1+' not present in the annotation (.gtf) file
2020-08-27 19:25:40,811 - WARNING - The .bam file refers to a chromosome 'KI270735.1-' not present in the annotation (.gtf) file
2020-08-27 19:25:40,812 - DEBUG - Marking up chromosome KI270711.1
2020-08-27 19:25:40,812 - WARNING - The .bam file refers to a chromosome 'KI270711.1+' not present in the annotation (.gtf) file
2020-08-27 19:25:40,838 - DEBUG - Marking up chromosome KI270745.1
2020-08-27 19:25:40,838 - WARNING - The .bam file refers to a chromosome 'KI270745.1+' not present in the annotation (.gtf) file
2020-08-27 19:25:40,838 - WARNING - The .bam file refers to a chromosome 'KI270745.1-' not present in the annotation (.gtf) file
2020-08-27 19:25:40,846 - DEBUG - Marking up chromosome KI270714.1
2020-08-27 19:25:40,846 - WARNING - The .bam file refers to a chromosome 'KI270714.1+' not present in the annotation (.gtf) file
2020-08-27 19:25:40,846 - WARNING - The .bam file refers to a chromosome 'KI270714.1-' not present in the annotation (.gtf) file
2020-08-27 19:25:40,850 - DEBUG - Marking up chromosome KI270732.1
2020-08-27 19:25:40,850 - WARNING - The .bam file refers to a chromosome 'KI270732.1+' not present in the annotation (.gtf) file
2020-08-27 19:25:40,850 - WARNING - The .bam file refers to a chromosome 'KI270732.1-' not present in the annotation (.gtf) file
2020-08-27 19:25:40,850 - DEBUG - Marking up chromosome KI270713.1
2020-08-27 19:25:40,853 - DEBUG - Marking up chromosome KI270754.1
2020-08-27 19:25:40,853 - WARNING - The .bam file refers to a chromosome 'KI270754.1+' not present in the annotation (.gtf) file
2020-08-27 19:25:40,853 - WARNING - The .bam file refers to a chromosome 'KI270754.1-' not present in the annotation (.gtf) file
2020-08-27 19:25:40,854 - DEBUG - Marking up chromosome KI270717.1
2020-08-27 19:25:40,854 - WARNING - The .bam file refers to a chromosome 'KI270717.1+' not present in the annotation (.gtf) file
2020-08-27 19:25:40,854 - WARNING - The .bam file refers to a chromosome 'KI270717.1-' not present in the annotation (.gtf) file
2020-08-27 19:25:40,858 - DEBUG - Marking up chromosome KI270720.1
2020-08-27 19:25:40,858 - WARNING - The .bam file refers to a chromosome 'KI270720.1+' not present in the annotation (.gtf) file
2020-08-27 19:25:40,858 - WARNING - The .bam file refers to a chromosome 'KI270720.1-' not present in the annotation (.gtf) file
2020-08-27 19:25:40,859 - DEBUG - Marking up chromosome KI270723.1
2020-08-27 19:25:40,859 - WARNING - The .bam file refers to a chromosome 'KI270723.1+' not present in the annotation (.gtf) file
2020-08-27 19:25:40,859 - WARNING - The .bam file refers to a chromosome 'KI270723.1-' not present in the annotation (.gtf) file
2020-08-27 19:25:40,859 - DEBUG - Marking up chromosome KI270718.1
2020-08-27 19:25:40,859 - WARNING - The .bam file refers to a chromosome 'KI270718.1+' not present in the annotation (.gtf) file
2020-08-27 19:25:40,859 - WARNING - The .bam file refers to a chromosome 'KI270718.1-' not present in the annotation (.gtf) file
2020-08-27 19:25:40,868 - DEBUG - Marking up chromosome KI270755.1
2020-08-27 19:25:40,868 - WARNING - The .bam file refers to a chromosome 'KI270755.1+' not present in the annotation (.gtf) file
2020-08-27 19:25:40,868 - WARNING - The .bam file refers to a chromosome 'KI270755.1-' not present in the annotation (.gtf) file
2020-08-27 19:25:40,869 - DEBUG - Marking up chromosome KI270707.1
2020-08-27 19:25:40,869 - WARNING - The .bam file refers to a chromosome 'KI270707.1+' not present in the annotation (.gtf) file
2020-08-27 19:25:40,869 - WARNING - The .bam file refers to a chromosome 'KI270707.1-' not present in the annotation (.gtf) file
2020-08-27 19:25:40,870 - DEBUG - Marking up chromosome KI270330.1
2020-08-27 19:25:40,870 - WARNING - The .bam file refers to a chromosome 'KI270330.1+' not present in the annotation (.gtf) file
2020-08-27 19:25:40,870 - WARNING - The .bam file refers to a chromosome 'KI270330.1-' not present in the annotation (.gtf) file
2020-08-27 19:25:40,871 - DEBUG - Marking up chromosome KI270583.1
2020-08-27 19:25:40,871 - WARNING - The .bam file refers to a chromosome 'KI270583.1+' not present in the annotation (.gtf) file
2020-08-27 19:25:40,871 - WARNING - The .bam file refers to a chromosome 'KI270583.1-' not present in the annotation (.gtf) file
2020-08-27 19:25:40,997 - DEBUG - Read first 100 million reads
2020-08-27 19:25:48,948 - DEBUG - End of file. Reset index: start scanning from initial position.
2020-08-27 19:25:48,948 - DEBUG - 2095661 reads were skipped because no apropiate cell or umi barcode was found
2020-08-27 19:25:48,949 - DEBUG - Start molecule counting!
2020-08-27 19:25:52,963 - DEBUG - Features available for chromosomes : ['1-', '1+', '10-', '10+', '11-', '11+', '12-', '12+', '13-', '13+', '14-', '14+', '15-', '15+', '16-', '16+', '17-', '17+', '18-', '18+', '19-', '19+', '2-', '2+', '20-', '20+', '21-', '21+', '22-', '22+', '3-', '3+', '4-', '4+', '5-', '5+', '6-', '6+', '7-', '7+', '8-', '8+', '9-', '9+', 'GL000009.2-', 'GL000194.1-', 'GL000195.1-', 'GL000195.1+', 'GL000205.2-', 'GL000213.1-', 'GL000218.1-', 'GL000219.1-', 'KI270711.1-', 'KI270713.1-', 'KI270713.1+', 'KI270721.1+', 'KI270726.1+', 'KI270727.1-', 'KI270727.1+', 'KI270728.1-', 'KI270728.1+', 'KI270731.1-', 'KI270734.1-', 'KI270734.1+', 'MT-', 'MT+', 'X-', 'X+', 'Y-', 'Y+']
2020-08-27 19:25:52,963 - DEBUG - Mask available for chromosomes : []
2020-08-27 19:25:52,963 - DEBUG - Summarizing the results of intron validation.
2020-08-27 19:25:53,539 - DEBUG - Validated 466662 introns (of which unique intervals 148478) out of 996444 total possible introns (considering each possible transcript models).
2020-08-27 19:25:53,540 - DEBUG - Reading /net/isi-dcnl/ifs/user_data/abild/Megatron_data/COH057/feline_p29_40_mRNA/cell_ranger/FEL031_E/outs/cellsorted_possorted_genome_bam.bam
2020-08-27 19:25:53,574 - DEBUG - Read first 0 million reads
2020-08-27 19:26:30,435 - DEBUG - Counting for batch 1, containing 100 cells and 1271485 reads
2020-08-27 19:27:15,081 - DEBUG - 0 reads not considered because fully enclosed in repeat masked regions
2020-08-27 19:27:39,107 - DEBUG - Read first 10 million reads
2020-08-27 19:27:43,806 - DEBUG - Counting for batch 2, containing 100 cells and 1168885 reads
2020-08-27 19:28:25,718 - DEBUG - 0 reads not considered because fully enclosed in repeat masked regions
2020-08-27 19:28:57,094 - DEBUG - Counting for batch 3, containing 100 cells and 1609231 reads
2020-08-27 19:29:54,163 - DEBUG - 0 reads not considered because fully enclosed in repeat masked regions
2020-08-27 19:30:25,182 - DEBUG - Counting for batch 4, containing 100 cells and 1275056 reads
2020-08-27 19:31:09,847 - DEBUG - 0 reads not considered because fully enclosed in repeat masked regions
2020-08-27 19:31:38,899 - DEBUG - Counting for batch 5, containing 100 cells and 1225769 reads
2020-08-27 19:32:21,350 - DEBUG - 0 reads not considered because fully enclosed in repeat masked regions
2020-08-27 19:32:40,952 - DEBUG - Read first 20 million reads
2020-08-27 19:32:49,458 - DEBUG - Counting for batch 6, containing 100 cells and 1252433 reads
2020-08-27 19:33:32,182 - DEBUG - 0 reads not considered because fully enclosed in repeat masked regions
2020-08-27 19:34:00,046 - DEBUG - Counting for batch 7, containing 100 cells and 1003595 reads
2020-08-27 19:34:36,029 - DEBUG - 0 reads not considered because fully enclosed in repeat masked regions
2020-08-27 19:35:07,018 - DEBUG - Counting for batch 8, containing 100 cells and 1533701 reads
2020-08-27 19:35:58,424 - DEBUG - 0 reads not considered because fully enclosed in repeat masked regions
2020-08-27 19:36:28,457 - DEBUG - Counting for batch 9, containing 100 cells and 1102365 reads
2020-08-27 19:37:07,967 - DEBUG - 0 reads not considered because fully enclosed in repeat masked regions
2020-08-27 19:37:23,413 - DEBUG - Read first 30 million reads
2020-08-27 19:37:34,243 - DEBUG - Counting for batch 10, containing 100 cells and 1130550 reads
2020-08-27 19:38:11,702 - DEBUG - 0 reads not considered because fully enclosed in repeat masked regions
2020-08-27 19:38:40,796 - DEBUG - Counting for batch 11, containing 100 cells and 1115742 reads
2020-08-27 19:39:19,678 - DEBUG - 0 reads not considered because fully enclosed in repeat masked regions
2020-08-27 19:39:47,693 - DEBUG - Counting for batch 12, containing 100 cells and 1239490 reads
2020-08-27 19:40:31,474 - DEBUG - 0 reads not considered because fully enclosed in repeat masked regions
2020-08-27 19:41:02,597 - DEBUG - Counting for batch 13, containing 100 cells and 1310315 reads
2020-08-27 19:41:48,392 - DEBUG - 0 reads not considered because fully enclosed in repeat masked regions
2020-08-27 19:42:04,565 - DEBUG - Read first 40 million reads
2020-08-27 19:42:20,474 - DEBUG - Counting for batch 14, containing 100 cells and 1453574 reads
2020-08-27 19:43:09,501 - DEBUG - 0 reads not considered because fully enclosed in repeat masked regions
2020-08-27 19:43:40,472 - DEBUG - Counting for batch 15, containing 100 cells and 1192699 reads
2020-08-27 19:44:23,017 - DEBUG - 0 reads not considered because fully enclosed in repeat masked regions
2020-08-27 19:44:49,164 - DEBUG - Counting for batch 16, containing 100 cells and 1125206 reads
2020-08-27 19:45:28,293 - DEBUG - 0 reads not considered because fully enclosed in repeat masked regions
2020-08-27 19:45:58,772 - DEBUG - Read first 50 million reads
2020-08-27 19:45:59,427 - DEBUG - Counting for batch 17, containing 100 cells and 1335664 reads
2020-08-27 19:46:45,030 - DEBUG - 0 reads not considered because fully enclosed in repeat masked regions
2020-08-27 19:47:19,295 - DEBUG - Counting for batch 18, containing 100 cells and 1432924 reads
2020-08-27 19:48:07,951 - DEBUG - 0 reads not considered because fully enclosed in repeat masked regions
2020-08-27 19:48:38,543 - DEBUG - Counting for batch 19, containing 100 cells and 1187872 reads
2020-08-27 19:49:22,626 - DEBUG - 0 reads not considered because fully enclosed in repeat masked regions
2020-08-27 19:49:49,834 - DEBUG - Counting for batch 20, containing 100 cells and 1175666 reads
2020-08-27 19:50:30,895 - DEBUG - 0 reads not considered because fully enclosed in repeat masked regions
2020-08-27 19:50:52,587 - DEBUG - Read first 60 million reads
2020-08-27 19:50:57,052 - DEBUG - Counting for batch 21, containing 100 cells and 1068917 reads
2020-08-27 19:51:34,501 - DEBUG - 0 reads not considered because fully enclosed in repeat masked regions
2020-08-27 19:52:05,742 - DEBUG - Counting for batch 22, containing 100 cells and 1286365 reads
2020-08-27 19:52:49,630 - DEBUG - 0 reads not considered because fully enclosed in repeat masked regions
2020-08-27 19:53:21,526 - DEBUG - Counting for batch 23, containing 100 cells and 1329703 reads
2020-08-27 19:54:09,315 - DEBUG - 0 reads not considered because fully enclosed in repeat masked regions
2020-08-27 19:54:41,636 - DEBUG - Counting for batch 24, containing 100 cells and 1124211 reads
2020-08-27 19:55:24,211 - DEBUG - 0 reads not considered because fully enclosed in repeat masked regions
2020-08-27 19:55:42,132 - DEBUG - Read first 70 million reads
2020-08-27 19:55:50,320 - DEBUG - Counting for batch 25, containing 100 cells and 1062416 reads
2020-08-27 19:56:28,163 - DEBUG - 0 reads not considered because fully enclosed in repeat masked regions
2020-08-27 19:56:59,945 - DEBUG - Counting for batch 26, containing 100 cells and 1406534 reads
2020-08-27 19:57:47,846 - DEBUG - 0 reads not considered because fully enclosed in repeat masked regions
2020-08-27 19:58:19,239 - DEBUG - Counting for batch 27, containing 100 cells and 1433782 reads
2020-08-27 19:59:06,346 - DEBUG - 0 reads not considered because fully enclosed in repeat masked regions
2020-08-27 19:59:39,106 - DEBUG - Counting for batch 28, containing 100 cells and 1421575 reads
2020-08-27 20:00:30,431 - DEBUG - 0 reads not considered because fully enclosed in repeat masked regions
2020-08-27 20:00:42,832 - DEBUG - Read first 80 million reads
2020-08-27 20:01:00,446 - DEBUG - Counting for batch 29, containing 100 cells and 1285817 reads
2020-08-27 20:01:47,876 - DEBUG - 0 reads not considered because fully enclosed in repeat masked regions
2020-08-27 20:02:15,817 - DEBUG - Counting for batch 30, containing 100 cells and 1228506 reads
2020-08-27 20:02:58,483 - DEBUG - 0 reads not considered because fully enclosed in repeat masked regions
2020-08-27 20:03:28,013 - DEBUG - Counting for batch 31, containing 100 cells and 1239205 reads
2020-08-27 20:04:10,681 - DEBUG - 0 reads not considered because fully enclosed in repeat masked regions
2020-08-27 20:04:36,542 - DEBUG - Read first 90 million reads
2020-08-27 20:04:38,439 - DEBUG - Counting for batch 32, containing 100 cells and 1046557 reads
2020-08-27 20:05:15,825 - DEBUG - 0 reads not considered because fully enclosed in repeat masked regions
2020-08-27 20:05:42,694 - DEBUG - Counting for batch 33, containing 100 cells and 1083677 reads
2020-08-27 20:06:21,022 - DEBUG - 0 reads not considered because fully enclosed in repeat masked regions
2020-08-27 20:06:51,058 - DEBUG - Counting for batch 34, containing 100 cells and 1323202 reads
2020-08-27 20:07:36,966 - DEBUG - 0 reads not considered because fully enclosed in repeat masked regions
2020-08-27 20:08:08,055 - DEBUG - Counting for batch 35, containing 100 cells and 1298972 reads
2020-08-27 20:08:55,883 - DEBUG - 0 reads not considered because fully enclosed in repeat masked regions
2020-08-27 20:09:16,871 - DEBUG - Read first 100 million reads
2020-08-27 20:09:25,638 - DEBUG - Counting for batch 36, containing 100 cells and 1368681 reads
2020-08-27 20:10:15,646 - DEBUG - 0 reads not considered because fully enclosed in repeat masked regions
2020-08-27 20:10:43,004 - DEBUG - Counting for batch 37, containing 100 cells and 1157892 reads
2020-08-27 20:11:24,366 - DEBUG - 0 reads not considered because fully enclosed in repeat masked regions
2020-08-27 20:11:33,826 - DEBUG - Counting for batch 38, containing 1 cells and 22975 reads
2020-08-27 20:11:35,406 - DEBUG - 0 reads not considered because fully enclosed in repeat masked regions
2020-08-27 20:11:35,561 - DEBUG - 2095661 reads were skipped because no apropiate cell or umi barcode was found
2020-08-27 20:11:35,561 - DEBUG - Counting done!
2020-08-27 20:11:35,591 - DEBUG - Generating output file /net/isi-dcnl/ifs/user_data/abild/Megatron_data/COH057/feline_p29_40_mRNA/cell_ranger/FEL031_E/velocyto/FEL031_E.loom
2020-08-27 20:11:35,591 - DEBUG - Collecting row attributes
2020-08-27 20:11:35,688 - DEBUG - Generating data table
2020-08-27 20:11:37,402 - DEBUG - Writing loom file
2020-08-27 20:11:45,311 - DEBUG - Terminated Succesfully!
Start: 1598580512
End: 1598584308
Run time: 3796
Done
