CPU: 16
N: 51
Step1: Analyze spliced and unspliced reads and genrate a loom file for velocityR
Run velocyto to generate loom file
2020-08-27 18:43:26,717 - DEBUG - Using logic: Default
2020-08-27 18:43:26,731 - INFO - Read 886 cell barcodes from /net/isi-dcnl/ifs/user_data/abild/Megatron_data/COH057/feline_p29_40_mRNA/cell_ranger/FEL029_S/outs/filtered_feature_bc_matrix/barcodes.tsv.gz
2020-08-27 18:43:26,732 - DEBUG - Example of barcode: AAACGAACACCATAAC and cell_id: FEL029_S:AAACGAACACCATAAC-1
2020-08-27 18:43:26,746 - DEBUG - Peeking into /net/isi-dcnl/ifs/user_data/abild/Megatron_data/COH057/feline_p29_40_mRNA/cell_ranger/FEL029_S/outs/possorted_genome_bam.bam
2020-08-27 18:43:26,885 - WARNING - Not found cell and umi barcode in entry 624 of the bam file
2020-08-27 18:43:26,885 - WARNING - Not found cell and umi barcode in entry 760 of the bam file
2020-08-27 18:43:26,886 - WARNING - Not found cell and umi barcode in entry 903 of the bam file
2020-08-27 18:43:26,886 - WARNING - Not found cell and umi barcode in entry 995 of the bam file
2020-08-27 18:43:26,887 - WARNING - Not found cell and umi barcode in entry 996 of the bam file
2020-08-27 18:43:26,887 - WARNING - Not found cell and umi barcode in entry 997 of the bam file
2020-08-27 18:43:26,887 - WARNING - Not found cell and umi barcode in entry 998 of the bam file
2020-08-27 18:43:26,887 - WARNING - Not found cell and umi barcode in entry 999 of the bam file
2020-08-27 18:43:26,891 - WARNING - The file /net/isi-dcnl/ifs/user_data/abild/Megatron_data/COH057/feline_p29_40_mRNA/cell_ranger/FEL029_S/outs/cellsorted_possorted_genome_bam.bam already exists. The sorting step will be skipped and the existing file will be used.
2020-08-27 18:43:26,892 - INFO - Load the annotation from /net/isi-dcnl/ifs/user_data/abild/Genomes/refdata-cellranger-GRCh38-3.0.0/genes/genes.gtf
2020-08-27 18:43:34,831 - DEBUG - Parsing Chromosome 1 strand - [line 0]
2020-08-27 18:43:35,471 - DEBUG - Done with 1- [line 108728]
2020-08-27 18:43:35,471 - DEBUG - Assigning indexes to genes
2020-08-27 18:43:35,481 - DEBUG - Seen 1561 genes until now
2020-08-27 18:43:35,481 - DEBUG - Parsing Chromosome 1 strand + [line 108729]
2020-08-27 18:43:36,199 - DEBUG - Done with 1+ [line 232515]
2020-08-27 18:43:36,199 - DEBUG - Assigning indexes to genes
2020-08-27 18:43:36,423 - DEBUG - Seen 3154 genes until now
2020-08-27 18:43:36,423 - DEBUG - Parsing Chromosome 10 strand - [line 232516]
2020-08-27 18:43:36,628 - DEBUG - Done with 10- [line 279343]
2020-08-27 18:43:36,628 - DEBUG - Assigning indexes to genes
2020-08-27 18:43:36,631 - DEBUG - Seen 3737 genes until now
2020-08-27 18:43:36,631 - DEBUG - Parsing Chromosome 10 strand + [line 279344]
2020-08-27 18:43:36,820 - DEBUG - Done with 10+ [line 323872]
2020-08-27 18:43:36,820 - DEBUG - Assigning indexes to genes
2020-08-27 18:43:36,823 - DEBUG - Seen 4384 genes until now
2020-08-27 18:43:36,823 - DEBUG - Parsing Chromosome 11 strand - [line 323873]
2020-08-27 18:43:37,396 - DEBUG - Done with 11- [line 402908]
2020-08-27 18:43:37,396 - DEBUG - Assigning indexes to genes
2020-08-27 18:43:37,403 - DEBUG - Seen 5320 genes until now
2020-08-27 18:43:37,403 - DEBUG - Parsing Chromosome 11 strand + [line 402909]
2020-08-27 18:43:37,746 - DEBUG - Done with 11+ [line 482591]
2020-08-27 18:43:37,746 - DEBUG - Assigning indexes to genes
2020-08-27 18:43:38,053 - DEBUG - Seen 6305 genes until now
2020-08-27 18:43:38,053 - DEBUG - Parsing Chromosome 12 strand - [line 482592]
2020-08-27 18:43:38,386 - DEBUG - Done with 12- [line 559278]
2020-08-27 18:43:38,386 - DEBUG - Assigning indexes to genes
2020-08-27 18:43:38,392 - DEBUG - Seen 7177 genes until now
2020-08-27 18:43:38,392 - DEBUG - Parsing Chromosome 12 strand + [line 559279]
2020-08-27 18:43:38,711 - DEBUG - Done with 12+ [line 635173]
2020-08-27 18:43:38,711 - DEBUG - Assigning indexes to genes
2020-08-27 18:43:38,718 - DEBUG - Seen 8070 genes until now
2020-08-27 18:43:38,718 - DEBUG - Parsing Chromosome 13 strand - [line 635174]
2020-08-27 18:43:39,089 - DEBUG - Done with 13- [line 653523]
2020-08-27 18:43:39,089 - DEBUG - Assigning indexes to genes
2020-08-27 18:43:39,091 - DEBUG - Seen 8400 genes until now
2020-08-27 18:43:39,091 - DEBUG - Parsing Chromosome 13 strand + [line 653524]
2020-08-27 18:43:39,175 - DEBUG - Done with 13+ [line 673091]
2020-08-27 18:43:39,175 - DEBUG - Assigning indexes to genes
2020-08-27 18:43:39,177 - DEBUG - Seen 8736 genes until now
2020-08-27 18:43:39,177 - DEBUG - Parsing Chromosome 14 strand - [line 673092]
2020-08-27 18:43:39,362 - DEBUG - Done with 14- [line 716831]
2020-08-27 18:43:39,362 - DEBUG - Assigning indexes to genes
2020-08-27 18:43:39,366 - DEBUG - Seen 9452 genes until now
2020-08-27 18:43:39,366 - DEBUG - Parsing Chromosome 14 strand + [line 716832]
2020-08-27 18:43:39,568 - DEBUG - Done with 14+ [line 764942]
2020-08-27 18:43:39,568 - DEBUG - Assigning indexes to genes
2020-08-27 18:43:39,572 - DEBUG - Seen 10121 genes until now
2020-08-27 18:43:39,572 - DEBUG - Parsing Chromosome 15 strand - [line 764943]
2020-08-27 18:43:39,784 - DEBUG - Done with 15- [line 813803]
2020-08-27 18:43:39,784 - DEBUG - Assigning indexes to genes
2020-08-27 18:43:39,788 - DEBUG - Seen 10698 genes until now
2020-08-27 18:43:39,788 - DEBUG - Parsing Chromosome 15 strand + [line 813804]
2020-08-27 18:43:39,973 - DEBUG - Done with 15+ [line 857859]
2020-08-27 18:43:39,973 - DEBUG - Assigning indexes to genes
2020-08-27 18:43:39,977 - DEBUG - Seen 11256 genes until now
2020-08-27 18:43:39,977 - DEBUG - Parsing Chromosome 16 strand - [line 857860]
2020-08-27 18:43:40,531 - DEBUG - Done with 16- [line 911118]
2020-08-27 18:43:40,531 - DEBUG - Assigning indexes to genes
2020-08-27 18:43:40,536 - DEBUG - Seen 11998 genes until now
2020-08-27 18:43:40,536 - DEBUG - Parsing Chromosome 16 strand + [line 911119]
2020-08-27 18:43:40,831 - DEBUG - Done with 16+ [line 981663]
2020-08-27 18:43:40,831 - DEBUG - Assigning indexes to genes
2020-08-27 18:43:40,837 - DEBUG - Seen 12787 genes until now
2020-08-27 18:43:40,837 - DEBUG - Parsing Chromosome 17 strand - [line 981664]
2020-08-27 18:43:41,197 - DEBUG - Done with 17- [line 1066635]
2020-08-27 18:43:41,197 - DEBUG - Assigning indexes to genes
2020-08-27 18:43:41,204 - DEBUG - Seen 13775 genes until now
2020-08-27 18:43:41,204 - DEBUG - Parsing Chromosome 17 strand + [line 1066636]
2020-08-27 18:43:41,898 - DEBUG - Done with 17+ [line 1143834]
2020-08-27 18:43:41,898 - DEBUG - Assigning indexes to genes
2020-08-27 18:43:41,906 - DEBUG - Seen 14681 genes until now
2020-08-27 18:43:41,906 - DEBUG - Parsing Chromosome 18 strand - [line 1143835]
2020-08-27 18:43:42,012 - DEBUG - Done with 18- [line 1168496]
2020-08-27 18:43:42,012 - DEBUG - Assigning indexes to genes
2020-08-27 18:43:42,014 - DEBUG - Seen 15006 genes until now
2020-08-27 18:43:42,014 - DEBUG - Parsing Chromosome 18 strand + [line 1168497]
2020-08-27 18:43:42,103 - DEBUG - Done with 18+ [line 1189691]
2020-08-27 18:43:42,103 - DEBUG - Assigning indexes to genes
2020-08-27 18:43:42,105 - DEBUG - Seen 15343 genes until now
2020-08-27 18:43:42,105 - DEBUG - Parsing Chromosome 19 strand - [line 1189692]
2020-08-27 18:43:42,436 - DEBUG - Done with 19- [line 1268854]
2020-08-27 18:43:42,436 - DEBUG - Assigning indexes to genes
2020-08-27 18:43:42,443 - DEBUG - Seen 16352 genes until now
2020-08-27 18:43:42,443 - DEBUG - Parsing Chromosome 19 strand + [line 1268855]
2020-08-27 18:43:42,780 - DEBUG - Done with 19+ [line 1351833]
2020-08-27 18:43:42,780 - DEBUG - Assigning indexes to genes
2020-08-27 18:43:42,787 - DEBUG - Seen 17347 genes until now
2020-08-27 18:43:42,787 - DEBUG - Parsing Chromosome 2 strand - [line 1351834]
2020-08-27 18:43:43,207 - DEBUG - Done with 2- [line 1448710]
2020-08-27 18:43:43,207 - DEBUG - Assigning indexes to genes
2020-08-27 18:43:43,215 - DEBUG - Seen 18472 genes until now
2020-08-27 18:43:43,215 - DEBUG - Parsing Chromosome 2 strand + [line 1448711]
2020-08-27 18:43:44,082 - DEBUG - Done with 2+ [line 1542602]
2020-08-27 18:43:44,083 - DEBUG - Assigning indexes to genes
2020-08-27 18:43:44,091 - DEBUG - Seen 19632 genes until now
2020-08-27 18:43:44,091 - DEBUG - Parsing Chromosome 20 strand - [line 1542603]
2020-08-27 18:43:44,203 - DEBUG - Done with 20- [line 1569195]
2020-08-27 18:43:44,203 - DEBUG - Assigning indexes to genes
2020-08-27 18:43:44,206 - DEBUG - Seen 20079 genes until now
2020-08-27 18:43:44,206 - DEBUG - Parsing Chromosome 20 strand + [line 1569196]
2020-08-27 18:43:44,337 - DEBUG - Done with 20+ [line 1600541]
2020-08-27 18:43:44,337 - DEBUG - Assigning indexes to genes
2020-08-27 18:43:44,340 - DEBUG - Seen 20527 genes until now
2020-08-27 18:43:44,340 - DEBUG - Parsing Chromosome 21 strand - [line 1600542]
2020-08-27 18:43:44,399 - DEBUG - Done with 21- [line 1614106]
2020-08-27 18:43:44,399 - DEBUG - Assigning indexes to genes
2020-08-27 18:43:44,401 - DEBUG - Seen 20795 genes until now
2020-08-27 18:43:44,401 - DEBUG - Parsing Chromosome 21 strand + [line 1614107]
2020-08-27 18:43:44,464 - DEBUG - Done with 21+ [line 1628392]
2020-08-27 18:43:44,464 - DEBUG - Assigning indexes to genes
2020-08-27 18:43:44,465 - DEBUG - Seen 21029 genes until now
2020-08-27 18:43:44,465 - DEBUG - Parsing Chromosome 22 strand - [line 1628393]
2020-08-27 18:43:44,573 - DEBUG - Done with 22- [line 1653805]
2020-08-27 18:43:44,573 - DEBUG - Assigning indexes to genes
2020-08-27 18:43:44,575 - DEBUG - Seen 21391 genes until now
2020-08-27 18:43:44,576 - DEBUG - Parsing Chromosome 22 strand + [line 1653806]
2020-08-27 18:43:44,704 - DEBUG - Done with 22+ [line 1684245]
2020-08-27 18:43:44,704 - DEBUG - Assigning indexes to genes
2020-08-27 18:43:44,708 - DEBUG - Seen 21866 genes until now
2020-08-27 18:43:44,709 - DEBUG - Parsing Chromosome 3 strand - [line 1684246]
2020-08-27 18:43:45,049 - DEBUG - Done with 3- [line 1763939]
2020-08-27 18:43:45,049 - DEBUG - Assigning indexes to genes
2020-08-27 18:43:45,056 - DEBUG - Seen 22713 genes until now
2020-08-27 18:43:45,056 - DEBUG - Parsing Chromosome 3 strand + [line 1763940]
2020-08-27 18:43:45,397 - DEBUG - Done with 3+ [line 1844840]
2020-08-27 18:43:45,397 - DEBUG - Assigning indexes to genes
2020-08-27 18:43:45,404 - DEBUG - Seen 23585 genes until now
2020-08-27 18:43:45,404 - DEBUG - Parsing Chromosome 4 strand - [line 1844841]
2020-08-27 18:43:46,131 - DEBUG - Done with 4- [line 1898665]
2020-08-27 18:43:46,131 - DEBUG - Assigning indexes to genes
2020-08-27 18:43:46,136 - DEBUG - Seen 24246 genes until now
2020-08-27 18:43:46,136 - DEBUG - Parsing Chromosome 4 strand + [line 1898666]
2020-08-27 18:43:46,341 - DEBUG - Done with 4+ [line 1947617]
2020-08-27 18:43:46,341 - DEBUG - Assigning indexes to genes
2020-08-27 18:43:46,345 - DEBUG - Seen 24938 genes until now
2020-08-27 18:43:46,345 - DEBUG - Parsing Chromosome 5 strand - [line 1947618]
2020-08-27 18:43:46,575 - DEBUG - Done with 5- [line 2001140]
2020-08-27 18:43:46,575 - DEBUG - Assigning indexes to genes
2020-08-27 18:43:46,580 - DEBUG - Seen 25741 genes until now
2020-08-27 18:43:46,580 - DEBUG - Parsing Chromosome 5 strand + [line 2001141]
2020-08-27 18:43:46,839 - DEBUG - Done with 5+ [line 2062165]
2020-08-27 18:43:46,839 - DEBUG - Assigning indexes to genes
2020-08-27 18:43:46,845 - DEBUG - Seen 26599 genes until now
2020-08-27 18:43:46,845 - DEBUG - Parsing Chromosome 6 strand - [line 2062166]
2020-08-27 18:43:47,096 - DEBUG - Done with 6- [line 2121425]
2020-08-27 18:43:47,096 - DEBUG - Assigning indexes to genes
2020-08-27 18:43:47,101 - DEBUG - Seen 27435 genes until now
2020-08-27 18:43:47,101 - DEBUG - Parsing Chromosome 6 strand + [line 2121426]
2020-08-27 18:43:47,324 - DEBUG - Done with 6+ [line 2176078]
2020-08-27 18:43:47,324 - DEBUG - Assigning indexes to genes
2020-08-27 18:43:47,329 - DEBUG - Seen 28231 genes until now
2020-08-27 18:43:47,329 - DEBUG - Parsing Chromosome 7 strand - [line 2176079]
2020-08-27 18:43:47,574 - DEBUG - Done with 7- [line 2233605]
2020-08-27 18:43:47,574 - DEBUG - Assigning indexes to genes
2020-08-27 18:43:47,578 - DEBUG - Seen 28953 genes until now
2020-08-27 18:43:47,578 - DEBUG - Parsing Chromosome 7 strand + [line 2233606]
2020-08-27 18:43:47,837 - DEBUG - Done with 7+ [line 2295513]
2020-08-27 18:43:47,837 - DEBUG - Assigning indexes to genes
2020-08-27 18:43:47,842 - DEBUG - Seen 29770 genes until now
2020-08-27 18:43:47,842 - DEBUG - Parsing Chromosome 8 strand - [line 2295514]
2020-08-27 18:43:48,061 - DEBUG - Done with 8- [line 2343289]
2020-08-27 18:43:48,061 - DEBUG - Assigning indexes to genes
2020-08-27 18:43:48,068 - DEBUG - Seen 30442 genes until now
2020-08-27 18:43:48,068 - DEBUG - Parsing Chromosome 8 strand + [line 2343290]
2020-08-27 18:43:48,257 - DEBUG - Done with 8+ [line 2386793]
2020-08-27 18:43:48,257 - DEBUG - Assigning indexes to genes
2020-08-27 18:43:48,261 - DEBUG - Seen 31090 genes until now
2020-08-27 18:43:48,261 - DEBUG - Parsing Chromosome 9 strand - [line 2386794]
2020-08-27 18:43:49,074 - DEBUG - Done with 9- [line 2430389]
2020-08-27 18:43:49,074 - DEBUG - Assigning indexes to genes
2020-08-27 18:43:49,077 - DEBUG - Seen 31710 genes until now
2020-08-27 18:43:49,077 - DEBUG - Parsing Chromosome 9 strand + [line 2430390]
2020-08-27 18:43:49,277 - DEBUG - Done with 9+ [line 2477312]
2020-08-27 18:43:49,277 - DEBUG - Assigning indexes to genes
2020-08-27 18:43:49,281 - DEBUG - Seen 32318 genes until now
2020-08-27 18:43:49,281 - DEBUG - Parsing Chromosome GL000009.2 strand - [line 2477313]
2020-08-27 18:43:49,281 - DEBUG - Done with GL000009.2- [line 2477320]
2020-08-27 18:43:49,281 - DEBUG - Assigning indexes to genes
2020-08-27 18:43:49,281 - DEBUG - Seen 32319 genes until now
2020-08-27 18:43:49,281 - DEBUG - Parsing Chromosome GL000194.1 strand - [line 2477321]
2020-08-27 18:43:49,281 - DEBUG - Done with GL000194.1- [line 2477346]
2020-08-27 18:43:49,281 - DEBUG - Assigning indexes to genes
2020-08-27 18:43:49,281 - DEBUG - Seen 32321 genes until now
2020-08-27 18:43:49,281 - DEBUG - Parsing Chromosome GL000195.1 strand - [line 2477347]
2020-08-27 18:43:49,281 - DEBUG - Done with GL000195.1- [line 2477356]
2020-08-27 18:43:49,281 - DEBUG - Assigning indexes to genes
2020-08-27 18:43:49,281 - DEBUG - Seen 32322 genes until now
2020-08-27 18:43:49,281 - DEBUG - Parsing Chromosome GL000195.1 strand + [line 2477357]
2020-08-27 18:43:49,281 - DEBUG - Done with GL000195.1+ [line 2477370]
2020-08-27 18:43:49,281 - DEBUG - Assigning indexes to genes
2020-08-27 18:43:49,281 - DEBUG - Seen 32323 genes until now
2020-08-27 18:43:49,281 - DEBUG - Parsing Chromosome GL000205.2 strand - [line 2477371]
2020-08-27 18:43:49,282 - DEBUG - Done with GL000205.2- [line 2477384]
2020-08-27 18:43:49,282 - DEBUG - Assigning indexes to genes
2020-08-27 18:43:49,282 - DEBUG - Seen 32324 genes until now
2020-08-27 18:43:49,282 - DEBUG - Parsing Chromosome GL000213.1 strand - [line 2477385]
2020-08-27 18:43:49,282 - DEBUG - Done with GL000213.1- [line 2477433]
2020-08-27 18:43:49,282 - DEBUG - Assigning indexes to genes
2020-08-27 18:43:49,282 - DEBUG - Seen 32325 genes until now
2020-08-27 18:43:49,282 - DEBUG - Parsing Chromosome GL000218.1 strand - [line 2477434]
2020-08-27 18:43:49,282 - DEBUG - Done with GL000218.1- [line 2477441]
2020-08-27 18:43:49,282 - DEBUG - Assigning indexes to genes
2020-08-27 18:43:49,282 - DEBUG - Seen 32326 genes until now
2020-08-27 18:43:49,282 - DEBUG - Parsing Chromosome GL000219.1 strand - [line 2477442]
2020-08-27 18:43:49,282 - DEBUG - Done with GL000219.1- [line 2477453]
2020-08-27 18:43:49,282 - DEBUG - Assigning indexes to genes
2020-08-27 18:43:49,282 - DEBUG - Seen 32327 genes until now
2020-08-27 18:43:49,282 - DEBUG - Parsing Chromosome KI270711.1 strand - [line 2477454]
2020-08-27 18:43:49,283 - DEBUG - Done with KI270711.1- [line 2477604]
2020-08-27 18:43:49,283 - DEBUG - Assigning indexes to genes
2020-08-27 18:43:49,283 - DEBUG - Seen 32328 genes until now
2020-08-27 18:43:49,283 - DEBUG - Parsing Chromosome KI270713.1 strand - [line 2477605]
2020-08-27 18:43:49,283 - DEBUG - Done with KI270713.1- [line 2477612]
2020-08-27 18:43:49,283 - DEBUG - Assigning indexes to genes
2020-08-27 18:43:49,283 - DEBUG - Seen 32329 genes until now
2020-08-27 18:43:49,283 - DEBUG - Parsing Chromosome KI270713.1 strand + [line 2477613]
2020-08-27 18:43:49,283 - DEBUG - Done with KI270713.1+ [line 2477618]
2020-08-27 18:43:49,283 - DEBUG - Assigning indexes to genes
2020-08-27 18:43:49,284 - DEBUG - Seen 32330 genes until now
2020-08-27 18:43:49,284 - DEBUG - Parsing Chromosome KI270721.1 strand + [line 2477619]
2020-08-27 18:43:49,284 - DEBUG - Done with KI270721.1+ [line 2477634]
2020-08-27 18:43:49,284 - DEBUG - Assigning indexes to genes
2020-08-27 18:43:49,284 - DEBUG - Seen 32331 genes until now
2020-08-27 18:43:49,284 - DEBUG - Parsing Chromosome KI270726.1 strand + [line 2477635]
2020-08-27 18:43:49,284 - DEBUG - Done with KI270726.1+ [line 2477645]
2020-08-27 18:43:49,284 - DEBUG - Assigning indexes to genes
2020-08-27 18:43:49,284 - DEBUG - Seen 32333 genes until now
2020-08-27 18:43:49,284 - DEBUG - Parsing Chromosome KI270727.1 strand - [line 2477646]
2020-08-27 18:43:49,284 - DEBUG - Done with KI270727.1- [line 2477704]
2020-08-27 18:43:49,284 - DEBUG - Assigning indexes to genes
2020-08-27 18:43:49,284 - DEBUG - Seen 32335 genes until now
2020-08-27 18:43:49,284 - DEBUG - Parsing Chromosome KI270727.1 strand + [line 2477705]
2020-08-27 18:43:49,284 - DEBUG - Done with KI270727.1+ [line 2477719]
2020-08-27 18:43:49,285 - DEBUG - Assigning indexes to genes
2020-08-27 18:43:49,285 - DEBUG - Seen 32337 genes until now
2020-08-27 18:43:49,285 - DEBUG - Parsing Chromosome KI270728.1 strand - [line 2477720]
2020-08-27 18:43:49,285 - DEBUG - Done with KI270728.1- [line 2477796]
2020-08-27 18:43:49,285 - DEBUG - Assigning indexes to genes
2020-08-27 18:43:49,285 - DEBUG - Seen 32339 genes until now
2020-08-27 18:43:49,285 - DEBUG - Parsing Chromosome KI270728.1 strand + [line 2477797]
2020-08-27 18:43:49,285 - DEBUG - Done with KI270728.1+ [line 2477833]
2020-08-27 18:43:49,285 - DEBUG - Assigning indexes to genes
2020-08-27 18:43:49,285 - DEBUG - Seen 32343 genes until now
2020-08-27 18:43:49,285 - DEBUG - Parsing Chromosome KI270731.1 strand - [line 2477834]
2020-08-27 18:43:49,285 - DEBUG - Done with KI270731.1- [line 2477840]
2020-08-27 18:43:49,285 - DEBUG - Assigning indexes to genes
2020-08-27 18:43:49,285 - DEBUG - Seen 32344 genes until now
2020-08-27 18:43:49,286 - DEBUG - Parsing Chromosome KI270734.1 strand - [line 2477841]
2020-08-27 18:43:49,286 - DEBUG - Done with KI270734.1- [line 2477909]
2020-08-27 18:43:49,286 - DEBUG - Assigning indexes to genes
2020-08-27 18:43:49,286 - DEBUG - Seen 32345 genes until now
2020-08-27 18:43:49,286 - DEBUG - Parsing Chromosome KI270734.1 strand + [line 2477910]
2020-08-27 18:43:49,286 - DEBUG - Done with KI270734.1+ [line 2477932]
2020-08-27 18:43:49,286 - DEBUG - Assigning indexes to genes
2020-08-27 18:43:49,286 - DEBUG - Seen 32347 genes until now
2020-08-27 18:43:49,286 - DEBUG - Parsing Chromosome MT strand - [line 2477933]
2020-08-27 18:43:49,286 - DEBUG - Done with MT- [line 2477938]
2020-08-27 18:43:49,286 - DEBUG - Assigning indexes to genes
2020-08-27 18:43:49,286 - DEBUG - Seen 32348 genes until now
2020-08-27 18:43:49,286 - DEBUG - Parsing Chromosome MT strand + [line 2477939]
2020-08-27 18:43:49,287 - DEBUG - Done with MT+ [line 2478004]
2020-08-27 18:43:49,287 - DEBUG - Assigning indexes to genes
2020-08-27 18:43:49,287 - DEBUG - Seen 32360 genes until now
2020-08-27 18:43:49,287 - DEBUG - Parsing Chromosome X strand - [line 2478005]
2020-08-27 18:43:49,456 - DEBUG - Done with X- [line 2518937]
2020-08-27 18:43:49,456 - DEBUG - Assigning indexes to genes
2020-08-27 18:43:49,458 - DEBUG - Seen 32876 genes until now
2020-08-27 18:43:49,459 - DEBUG - Parsing Chromosome X strand + [line 2518938]
2020-08-27 18:43:49,628 - DEBUG - Done with X+ [line 2560301]
2020-08-27 18:43:49,628 - DEBUG - Assigning indexes to genes
2020-08-27 18:43:49,631 - DEBUG - Seen 33438 genes until now
2020-08-27 18:43:49,631 - DEBUG - Parsing Chromosome Y strand - [line 2560302]
2020-08-27 18:43:49,641 - DEBUG - Done with Y- [line 2562446]
2020-08-27 18:43:49,641 - DEBUG - Assigning indexes to genes
2020-08-27 18:43:49,641 - DEBUG - Seen 33485 genes until now
2020-08-27 18:43:49,641 - DEBUG - Parsing Chromosome Y strand + [line 2562447]
2020-08-27 18:43:49,652 - DEBUG - Assigning indexes to genes
2020-08-27 18:43:49,653 - DEBUG - Done with Y+ [line 2565059]
2020-08-27 18:43:49,653 - DEBUG - Fixing corner cases of transcript models containg intron longer than 1000Kbp
2020-08-27 18:43:51,375 - DEBUG - Generated 2165800 features corresponding to 172912 transcript models from /net/isi-dcnl/ifs/user_data/abild/Genomes/refdata-cellranger-GRCh38-3.0.0/genes/genes.gtf
2020-08-27 18:43:51,405 - INFO - Scan /net/isi-dcnl/ifs/user_data/abild/Megatron_data/COH057/feline_p29_40_mRNA/cell_ranger/FEL029_S/outs/possorted_genome_bam.bam to validate intron intervals
2020-08-27 18:43:55,374 - DEBUG - Reading /net/isi-dcnl/ifs/user_data/abild/Megatron_data/COH057/feline_p29_40_mRNA/cell_ranger/FEL029_S/outs/possorted_genome_bam.bam
2020-08-27 18:43:55,390 - DEBUG - Read first 0 million reads
2020-08-27 18:43:55,390 - DEBUG - Marking up chromosome 1
2020-08-27 18:45:44,591 - DEBUG - Marking up chromosome 10
2020-08-27 18:46:03,268 - DEBUG - Read first 10 million reads
2020-08-27 18:46:41,913 - DEBUG - Marking up chromosome 11
2020-08-27 18:48:47,301 - DEBUG - Read first 20 million reads
2020-08-27 18:49:00,534 - DEBUG - Marking up chromosome 12
2020-08-27 18:50:19,214 - DEBUG - Marking up chromosome 13
2020-08-27 18:50:42,442 - DEBUG - Marking up chromosome 14
2020-08-27 18:51:11,182 - DEBUG - Read first 30 million reads
2020-08-27 18:51:20,890 - DEBUG - Marking up chromosome 15
2020-08-27 18:52:09,964 - DEBUG - Marking up chromosome 16
2020-08-27 18:52:58,306 - DEBUG - Marking up chromosome 17
2020-08-27 18:53:30,638 - DEBUG - Read first 40 million reads
2020-08-27 18:54:07,640 - DEBUG - Marking up chromosome 18
2020-08-27 18:54:36,468 - DEBUG - Marking up chromosome 19
2020-08-27 18:55:27,738 - DEBUG - Marking up chromosome 2
2020-08-27 18:55:53,503 - DEBUG - Read first 50 million reads
2020-08-27 18:57:05,427 - DEBUG - Marking up chromosome 20
2020-08-27 18:57:40,723 - DEBUG - Marking up chromosome 21
2020-08-27 18:57:45,424 - DEBUG - Read first 60 million reads
2020-08-27 18:58:06,567 - DEBUG - Read first 70 million reads
2020-08-27 18:58:27,909 - DEBUG - Read first 80 million reads
2020-08-27 18:58:49,742 - DEBUG - Read first 90 million reads
2020-08-27 18:59:10,904 - DEBUG - Read first 100 million reads
2020-08-27 18:59:42,781 - DEBUG - Marking up chromosome 22
2020-08-27 18:59:55,617 - DEBUG - Read first 110 million reads
2020-08-27 19:00:03,109 - DEBUG - Marking up chromosome 3
2020-08-27 19:01:29,146 - DEBUG - Marking up chromosome 4
2020-08-27 19:02:28,256 - DEBUG - Read first 120 million reads
2020-08-27 19:02:37,720 - DEBUG - Marking up chromosome 5
2020-08-27 19:03:46,598 - DEBUG - Marking up chromosome 6
2020-08-27 19:04:36,421 - DEBUG - Read first 130 million reads
2020-08-27 19:04:44,707 - DEBUG - Marking up chromosome 7
2020-08-27 19:05:44,688 - DEBUG - Marking up chromosome 8
2020-08-27 19:06:45,349 - DEBUG - Marking up chromosome 9
2020-08-27 19:06:54,006 - DEBUG - Read first 140 million reads
2020-08-27 19:07:22,612 - DEBUG - Marking up chromosome MT
2020-08-27 19:07:42,379 - DEBUG - Marking up chromosome X
2020-08-27 19:08:16,872 - DEBUG - Marking up chromosome Y
2020-08-27 19:08:16,925 - DEBUG - Marking up chromosome KI270728.1
2020-08-27 19:08:16,932 - DEBUG - Marking up chromosome KI270727.1
2020-08-27 19:08:16,946 - DEBUG - Marking up chromosome KI270442.1
2020-08-27 19:08:16,946 - WARNING - The .bam file refers to a chromosome 'KI270442.1+' not present in the annotation (.gtf) file
2020-08-27 19:08:16,946 - WARNING - The .bam file refers to a chromosome 'KI270442.1-' not present in the annotation (.gtf) file
2020-08-27 19:08:16,949 - DEBUG - Marking up chromosome KI270729.1
2020-08-27 19:08:16,949 - WARNING - The .bam file refers to a chromosome 'KI270729.1+' not present in the annotation (.gtf) file
2020-08-27 19:08:16,949 - WARNING - The .bam file refers to a chromosome 'KI270729.1-' not present in the annotation (.gtf) file
2020-08-27 19:08:16,949 - DEBUG - Marking up chromosome GL000225.1
2020-08-27 19:08:16,949 - WARNING - The .bam file refers to a chromosome 'GL000225.1+' not present in the annotation (.gtf) file
2020-08-27 19:08:16,949 - WARNING - The .bam file refers to a chromosome 'GL000225.1-' not present in the annotation (.gtf) file
2020-08-27 19:08:16,953 - DEBUG - Marking up chromosome KI270743.1
2020-08-27 19:08:16,953 - WARNING - The .bam file refers to a chromosome 'KI270743.1+' not present in the annotation (.gtf) file
2020-08-27 19:08:16,953 - WARNING - The .bam file refers to a chromosome 'KI270743.1-' not present in the annotation (.gtf) file
2020-08-27 19:08:16,963 - DEBUG - Marking up chromosome GL000008.2
2020-08-27 19:08:16,963 - WARNING - The .bam file refers to a chromosome 'GL000008.2+' not present in the annotation (.gtf) file
2020-08-27 19:08:16,963 - WARNING - The .bam file refers to a chromosome 'GL000008.2-' not present in the annotation (.gtf) file
2020-08-27 19:08:16,981 - DEBUG - Marking up chromosome GL000009.2
2020-08-27 19:08:16,981 - WARNING - The .bam file refers to a chromosome 'GL000009.2+' not present in the annotation (.gtf) file
2020-08-27 19:08:16,994 - DEBUG - Marking up chromosome KI270747.1
2020-08-27 19:08:16,994 - WARNING - The .bam file refers to a chromosome 'KI270747.1+' not present in the annotation (.gtf) file
2020-08-27 19:08:16,994 - WARNING - The .bam file refers to a chromosome 'KI270747.1-' not present in the annotation (.gtf) file
2020-08-27 19:08:16,994 - DEBUG - Marking up chromosome KI270722.1
2020-08-27 19:08:16,994 - WARNING - The .bam file refers to a chromosome 'KI270722.1+' not present in the annotation (.gtf) file
2020-08-27 19:08:16,995 - WARNING - The .bam file refers to a chromosome 'KI270722.1-' not present in the annotation (.gtf) file
2020-08-27 19:08:16,995 - DEBUG - Marking up chromosome GL000194.1
2020-08-27 19:08:16,995 - WARNING - The .bam file refers to a chromosome 'GL000194.1+' not present in the annotation (.gtf) file
2020-08-27 19:08:17,183 - DEBUG - Marking up chromosome KI270742.1
2020-08-27 19:08:17,183 - WARNING - The .bam file refers to a chromosome 'KI270742.1+' not present in the annotation (.gtf) file
2020-08-27 19:08:17,183 - WARNING - The .bam file refers to a chromosome 'KI270742.1-' not present in the annotation (.gtf) file
2020-08-27 19:08:17,245 - DEBUG - Marking up chromosome GL000205.2
2020-08-27 19:08:17,245 - WARNING - The .bam file refers to a chromosome 'GL000205.2+' not present in the annotation (.gtf) file
2020-08-27 19:08:17,293 - DEBUG - Marking up chromosome GL000195.1
2020-08-27 19:08:17,436 - DEBUG - Marking up chromosome KI270733.1
2020-08-27 19:08:17,436 - WARNING - The .bam file refers to a chromosome 'KI270733.1+' not present in the annotation (.gtf) file
2020-08-27 19:08:17,436 - WARNING - The .bam file refers to a chromosome 'KI270733.1-' not present in the annotation (.gtf) file
2020-08-27 19:08:21,847 - DEBUG - Read first 150 million reads
2020-08-27 19:08:42,808 - DEBUG - Read first 160 million reads
2020-08-27 19:09:03,956 - DEBUG - Read first 170 million reads
2020-08-27 19:09:11,881 - DEBUG - Marking up chromosome GL000224.1
2020-08-27 19:09:11,881 - WARNING - The .bam file refers to a chromosome 'GL000224.1+' not present in the annotation (.gtf) file
2020-08-27 19:09:11,881 - WARNING - The .bam file refers to a chromosome 'GL000224.1-' not present in the annotation (.gtf) file
2020-08-27 19:09:11,899 - DEBUG - Marking up chromosome GL000219.1
2020-08-27 19:09:11,899 - WARNING - The .bam file refers to a chromosome 'GL000219.1+' not present in the annotation (.gtf) file
2020-08-27 19:09:11,950 - DEBUG - Marking up chromosome KI270719.1
2020-08-27 19:09:11,950 - WARNING - The .bam file refers to a chromosome 'KI270719.1+' not present in the annotation (.gtf) file
2020-08-27 19:09:11,950 - WARNING - The .bam file refers to a chromosome 'KI270719.1-' not present in the annotation (.gtf) file
2020-08-27 19:09:11,959 - DEBUG - Marking up chromosome GL000216.2
2020-08-27 19:09:11,959 - WARNING - The .bam file refers to a chromosome 'GL000216.2+' not present in the annotation (.gtf) file
2020-08-27 19:09:11,959 - WARNING - The .bam file refers to a chromosome 'GL000216.2-' not present in the annotation (.gtf) file
2020-08-27 19:09:11,960 - DEBUG - Marking up chromosome KI270712.1
2020-08-27 19:09:11,960 - WARNING - The .bam file refers to a chromosome 'KI270712.1+' not present in the annotation (.gtf) file
2020-08-27 19:09:11,960 - WARNING - The .bam file refers to a chromosome 'KI270712.1-' not present in the annotation (.gtf) file
2020-08-27 19:09:11,965 - DEBUG - Marking up chromosome KI270706.1
2020-08-27 19:09:11,965 - WARNING - The .bam file refers to a chromosome 'KI270706.1+' not present in the annotation (.gtf) file
2020-08-27 19:09:11,965 - WARNING - The .bam file refers to a chromosome 'KI270706.1-' not present in the annotation (.gtf) file
2020-08-27 19:09:12,010 - DEBUG - Marking up chromosome KI270725.1
2020-08-27 19:09:12,010 - WARNING - The .bam file refers to a chromosome 'KI270725.1+' not present in the annotation (.gtf) file
2020-08-27 19:09:12,011 - WARNING - The .bam file refers to a chromosome 'KI270725.1-' not present in the annotation (.gtf) file
2020-08-27 19:09:12,012 - DEBUG - Marking up chromosome KI270744.1
2020-08-27 19:09:12,012 - WARNING - The .bam file refers to a chromosome 'KI270744.1+' not present in the annotation (.gtf) file
2020-08-27 19:09:12,012 - WARNING - The .bam file refers to a chromosome 'KI270744.1-' not present in the annotation (.gtf) file
2020-08-27 19:09:12,021 - DEBUG - Marking up chromosome KI270734.1
2020-08-27 19:09:12,027 - DEBUG - Marking up chromosome GL000213.1
2020-08-27 19:09:12,027 - WARNING - The .bam file refers to a chromosome 'GL000213.1+' not present in the annotation (.gtf) file
2020-08-27 19:09:12,031 - DEBUG - Marking up chromosome GL000220.1
2020-08-27 19:09:12,031 - WARNING - The .bam file refers to a chromosome 'GL000220.1+' not present in the annotation (.gtf) file
2020-08-27 19:09:12,031 - WARNING - The .bam file refers to a chromosome 'GL000220.1-' not present in the annotation (.gtf) file
2020-08-27 19:09:24,946 - DEBUG - Read first 180 million reads
2020-08-27 19:09:46,057 - DEBUG - Read first 190 million reads
2020-08-27 19:10:06,418 - DEBUG - Marking up chromosome GL000218.1
2020-08-27 19:10:06,418 - WARNING - The .bam file refers to a chromosome 'GL000218.1+' not present in the annotation (.gtf) file
2020-08-27 19:10:06,498 - DEBUG - Marking up chromosome KI270749.1
2020-08-27 19:10:06,498 - WARNING - The .bam file refers to a chromosome 'KI270749.1+' not present in the annotation (.gtf) file
2020-08-27 19:10:06,498 - WARNING - The .bam file refers to a chromosome 'KI270749.1-' not present in the annotation (.gtf) file
2020-08-27 19:10:06,498 - DEBUG - Marking up chromosome KI270741.1
2020-08-27 19:10:06,499 - WARNING - The .bam file refers to a chromosome 'KI270741.1+' not present in the annotation (.gtf) file
2020-08-27 19:10:06,499 - WARNING - The .bam file refers to a chromosome 'KI270741.1-' not present in the annotation (.gtf) file
2020-08-27 19:10:06,499 - DEBUG - Marking up chromosome GL000221.1
2020-08-27 19:10:06,499 - WARNING - The .bam file refers to a chromosome 'GL000221.1+' not present in the annotation (.gtf) file
2020-08-27 19:10:06,500 - WARNING - The .bam file refers to a chromosome 'GL000221.1-' not present in the annotation (.gtf) file
2020-08-27 19:10:06,541 - DEBUG - Marking up chromosome KI270731.1
2020-08-27 19:10:06,541 - WARNING - The .bam file refers to a chromosome 'KI270731.1+' not present in the annotation (.gtf) file
2020-08-27 19:10:06,546 - DEBUG - Marking up chromosome KI270750.1
2020-08-27 19:10:06,546 - WARNING - The .bam file refers to a chromosome 'KI270750.1+' not present in the annotation (.gtf) file
2020-08-27 19:10:06,546 - WARNING - The .bam file refers to a chromosome 'KI270750.1-' not present in the annotation (.gtf) file
2020-08-27 19:10:06,553 - DEBUG - Marking up chromosome GL000214.1
2020-08-27 19:10:06,553 - WARNING - The .bam file refers to a chromosome 'GL000214.1+' not present in the annotation (.gtf) file
2020-08-27 19:10:06,553 - WARNING - The .bam file refers to a chromosome 'GL000214.1-' not present in the annotation (.gtf) file
2020-08-27 19:10:06,558 - DEBUG - Marking up chromosome KI270708.1
2020-08-27 19:10:06,558 - WARNING - The .bam file refers to a chromosome 'KI270708.1+' not present in the annotation (.gtf) file
2020-08-27 19:10:06,558 - WARNING - The .bam file refers to a chromosome 'KI270708.1-' not present in the annotation (.gtf) file
2020-08-27 19:10:06,559 - DEBUG - Marking up chromosome KI270737.1
2020-08-27 19:10:06,559 - WARNING - The .bam file refers to a chromosome 'KI270737.1+' not present in the annotation (.gtf) file
2020-08-27 19:10:06,559 - WARNING - The .bam file refers to a chromosome 'KI270737.1-' not present in the annotation (.gtf) file
2020-08-27 19:10:06,563 - DEBUG - Marking up chromosome KI270721.1
2020-08-27 19:10:06,563 - WARNING - The .bam file refers to a chromosome 'KI270721.1-' not present in the annotation (.gtf) file
2020-08-27 19:10:06,569 - DEBUG - Marking up chromosome KI270738.1
2020-08-27 19:10:06,569 - WARNING - The .bam file refers to a chromosome 'KI270738.1+' not present in the annotation (.gtf) file
2020-08-27 19:10:06,569 - WARNING - The .bam file refers to a chromosome 'KI270738.1-' not present in the annotation (.gtf) file
2020-08-27 19:10:06,571 - DEBUG - Marking up chromosome KI270748.1
2020-08-27 19:10:06,571 - WARNING - The .bam file refers to a chromosome 'KI270748.1+' not present in the annotation (.gtf) file
2020-08-27 19:10:06,571 - WARNING - The .bam file refers to a chromosome 'KI270748.1-' not present in the annotation (.gtf) file
2020-08-27 19:10:06,573 - DEBUG - Marking up chromosome KI270435.1
2020-08-27 19:10:06,573 - WARNING - The .bam file refers to a chromosome 'KI270435.1+' not present in the annotation (.gtf) file
2020-08-27 19:10:06,573 - WARNING - The .bam file refers to a chromosome 'KI270435.1-' not present in the annotation (.gtf) file
2020-08-27 19:10:06,573 - DEBUG - Marking up chromosome GL000208.1
2020-08-27 19:10:06,573 - WARNING - The .bam file refers to a chromosome 'GL000208.1+' not present in the annotation (.gtf) file
2020-08-27 19:10:06,573 - WARNING - The .bam file refers to a chromosome 'GL000208.1-' not present in the annotation (.gtf) file
2020-08-27 19:10:06,573 - DEBUG - Marking up chromosome KI270757.1
2020-08-27 19:10:06,573 - WARNING - The .bam file refers to a chromosome 'KI270757.1+' not present in the annotation (.gtf) file
2020-08-27 19:10:06,573 - WARNING - The .bam file refers to a chromosome 'KI270757.1-' not present in the annotation (.gtf) file
2020-08-27 19:10:06,573 - DEBUG - Marking up chromosome KI270709.1
2020-08-27 19:10:06,573 - WARNING - The .bam file refers to a chromosome 'KI270709.1+' not present in the annotation (.gtf) file
2020-08-27 19:10:06,573 - WARNING - The .bam file refers to a chromosome 'KI270709.1-' not present in the annotation (.gtf) file
2020-08-27 19:10:06,574 - DEBUG - Marking up chromosome KI270746.1
2020-08-27 19:10:06,574 - WARNING - The .bam file refers to a chromosome 'KI270746.1+' not present in the annotation (.gtf) file
2020-08-27 19:10:06,574 - WARNING - The .bam file refers to a chromosome 'KI270746.1-' not present in the annotation (.gtf) file
2020-08-27 19:10:06,576 - DEBUG - Marking up chromosome KI270711.1
2020-08-27 19:10:06,576 - WARNING - The .bam file refers to a chromosome 'KI270711.1+' not present in the annotation (.gtf) file
2020-08-27 19:10:06,614 - DEBUG - Marking up chromosome KI270745.1
2020-08-27 19:10:06,614 - WARNING - The .bam file refers to a chromosome 'KI270745.1+' not present in the annotation (.gtf) file
2020-08-27 19:10:06,614 - WARNING - The .bam file refers to a chromosome 'KI270745.1-' not present in the annotation (.gtf) file
2020-08-27 19:10:06,626 - DEBUG - Marking up chromosome KI270714.1
2020-08-27 19:10:06,626 - WARNING - The .bam file refers to a chromosome 'KI270714.1+' not present in the annotation (.gtf) file
2020-08-27 19:10:06,626 - WARNING - The .bam file refers to a chromosome 'KI270714.1-' not present in the annotation (.gtf) file
2020-08-27 19:10:06,626 - DEBUG - Marking up chromosome KI270732.1
2020-08-27 19:10:06,626 - WARNING - The .bam file refers to a chromosome 'KI270732.1+' not present in the annotation (.gtf) file
2020-08-27 19:10:06,626 - WARNING - The .bam file refers to a chromosome 'KI270732.1-' not present in the annotation (.gtf) file
2020-08-27 19:10:06,627 - DEBUG - Marking up chromosome KI270713.1
2020-08-27 19:10:06,632 - DEBUG - Marking up chromosome KI270754.1
2020-08-27 19:10:06,632 - WARNING - The .bam file refers to a chromosome 'KI270754.1+' not present in the annotation (.gtf) file
2020-08-27 19:10:06,632 - WARNING - The .bam file refers to a chromosome 'KI270754.1-' not present in the annotation (.gtf) file
2020-08-27 19:10:06,635 - DEBUG - Marking up chromosome KI270717.1
2020-08-27 19:10:06,635 - WARNING - The .bam file refers to a chromosome 'KI270717.1+' not present in the annotation (.gtf) file
2020-08-27 19:10:06,635 - WARNING - The .bam file refers to a chromosome 'KI270717.1-' not present in the annotation (.gtf) file
2020-08-27 19:10:06,635 - DEBUG - Marking up chromosome KI270724.1
2020-08-27 19:10:06,635 - WARNING - The .bam file refers to a chromosome 'KI270724.1+' not present in the annotation (.gtf) file
2020-08-27 19:10:06,635 - WARNING - The .bam file refers to a chromosome 'KI270724.1-' not present in the annotation (.gtf) file
2020-08-27 19:10:06,641 - DEBUG - Marking up chromosome KI270720.1
2020-08-27 19:10:06,641 - WARNING - The .bam file refers to a chromosome 'KI270720.1+' not present in the annotation (.gtf) file
2020-08-27 19:10:06,641 - WARNING - The .bam file refers to a chromosome 'KI270720.1-' not present in the annotation (.gtf) file
2020-08-27 19:10:06,641 - DEBUG - Marking up chromosome KI270723.1
2020-08-27 19:10:06,641 - WARNING - The .bam file refers to a chromosome 'KI270723.1+' not present in the annotation (.gtf) file
2020-08-27 19:10:06,641 - WARNING - The .bam file refers to a chromosome 'KI270723.1-' not present in the annotation (.gtf) file
2020-08-27 19:10:06,646 - DEBUG - Marking up chromosome KI270718.1
2020-08-27 19:10:06,646 - WARNING - The .bam file refers to a chromosome 'KI270718.1+' not present in the annotation (.gtf) file
2020-08-27 19:10:06,646 - WARNING - The .bam file refers to a chromosome 'KI270718.1-' not present in the annotation (.gtf) file
2020-08-27 19:10:06,659 - DEBUG - Marking up chromosome KI270707.1
2020-08-27 19:10:06,659 - WARNING - The .bam file refers to a chromosome 'KI270707.1+' not present in the annotation (.gtf) file
2020-08-27 19:10:06,660 - WARNING - The .bam file refers to a chromosome 'KI270707.1-' not present in the annotation (.gtf) file
2020-08-27 19:10:06,664 - DEBUG - Marking up chromosome KI270521.1
2020-08-27 19:10:06,664 - WARNING - The .bam file refers to a chromosome 'KI270521.1+' not present in the annotation (.gtf) file
2020-08-27 19:10:06,664 - WARNING - The .bam file refers to a chromosome 'KI270521.1-' not present in the annotation (.gtf) file
2020-08-27 19:10:06,664 - DEBUG - Marking up chromosome KI270304.1
2020-08-27 19:10:06,664 - WARNING - The .bam file refers to a chromosome 'KI270304.1+' not present in the annotation (.gtf) file
2020-08-27 19:10:06,664 - WARNING - The .bam file refers to a chromosome 'KI270304.1-' not present in the annotation (.gtf) file
2020-08-27 19:10:06,664 - DEBUG - Marking up chromosome KI270386.1
2020-08-27 19:10:06,664 - WARNING - The .bam file refers to a chromosome 'KI270386.1+' not present in the annotation (.gtf) file
2020-08-27 19:10:06,664 - WARNING - The .bam file refers to a chromosome 'KI270386.1-' not present in the annotation (.gtf) file
2020-08-27 19:10:06,664 - DEBUG - Marking up chromosome KI270330.1
2020-08-27 19:10:06,664 - WARNING - The .bam file refers to a chromosome 'KI270330.1+' not present in the annotation (.gtf) file
2020-08-27 19:10:06,664 - WARNING - The .bam file refers to a chromosome 'KI270330.1-' not present in the annotation (.gtf) file
2020-08-27 19:10:06,669 - DEBUG - Marking up chromosome KI270580.1
2020-08-27 19:10:06,669 - WARNING - The .bam file refers to a chromosome 'KI270580.1+' not present in the annotation (.gtf) file
2020-08-27 19:10:06,669 - WARNING - The .bam file refers to a chromosome 'KI270580.1-' not present in the annotation (.gtf) file
2020-08-27 19:10:06,670 - DEBUG - Marking up chromosome KI270583.1
2020-08-27 19:10:06,670 - WARNING - The .bam file refers to a chromosome 'KI270583.1+' not present in the annotation (.gtf) file
2020-08-27 19:10:06,670 - WARNING - The .bam file refers to a chromosome 'KI270583.1-' not present in the annotation (.gtf) file
2020-08-27 19:10:06,670 - DEBUG - Marking up chromosome KI270393.1
2020-08-27 19:10:06,670 - WARNING - The .bam file refers to a chromosome 'KI270393.1+' not present in the annotation (.gtf) file
2020-08-27 19:10:06,670 - WARNING - The .bam file refers to a chromosome 'KI270393.1-' not present in the annotation (.gtf) file
2020-08-27 19:10:07,100 - DEBUG - Read first 200 million reads
2020-08-27 19:10:17,463 - DEBUG - End of file. Reset index: start scanning from initial position.
2020-08-27 19:10:17,464 - DEBUG - 1670680 reads were skipped because no apropiate cell or umi barcode was found
2020-08-27 19:10:17,464 - DEBUG - Start molecule counting!
2020-08-27 19:10:21,558 - DEBUG - Features available for chromosomes : ['1-', '1+', '10-', '10+', '11-', '11+', '12-', '12+', '13-', '13+', '14-', '14+', '15-', '15+', '16-', '16+', '17-', '17+', '18-', '18+', '19-', '19+', '2-', '2+', '20-', '20+', '21-', '21+', '22-', '22+', '3-', '3+', '4-', '4+', '5-', '5+', '6-', '6+', '7-', '7+', '8-', '8+', '9-', '9+', 'GL000009.2-', 'GL000194.1-', 'GL000195.1-', 'GL000195.1+', 'GL000205.2-', 'GL000213.1-', 'GL000218.1-', 'GL000219.1-', 'KI270711.1-', 'KI270713.1-', 'KI270713.1+', 'KI270721.1+', 'KI270726.1+', 'KI270727.1-', 'KI270727.1+', 'KI270728.1-', 'KI270728.1+', 'KI270731.1-', 'KI270734.1-', 'KI270734.1+', 'MT-', 'MT+', 'X-', 'X+', 'Y-', 'Y+']
2020-08-27 19:10:21,558 - DEBUG - Mask available for chromosomes : []
2020-08-27 19:10:21,558 - DEBUG - Summarizing the results of intron validation.
2020-08-27 19:10:22,249 - DEBUG - Validated 457903 introns (of which unique intervals 144869) out of 996444 total possible introns (considering each possible transcript models).
2020-08-27 19:10:22,250 - DEBUG - Reading /net/isi-dcnl/ifs/user_data/abild/Megatron_data/COH057/feline_p29_40_mRNA/cell_ranger/FEL029_S/outs/cellsorted_possorted_genome_bam.bam
2020-08-27 19:10:22,301 - DEBUG - Read first 0 million reads
2020-08-27 19:10:46,443 - DEBUG - Read first 10 million reads
2020-08-27 19:11:47,137 - DEBUG - Read first 20 million reads
2020-08-27 19:12:51,595 - DEBUG - Read first 30 million reads
2020-08-27 19:12:57,765 - DEBUG - Counting for batch 1, containing 100 cells and 7461422 reads
2020-08-27 19:17:35,795 - DEBUG - 0 reads not considered because fully enclosed in repeat masked regions
2020-08-27 19:19:02,625 - DEBUG - Read first 40 million reads
2020-08-27 19:19:54,920 - DEBUG - Read first 50 million reads
2020-08-27 19:20:13,531 - DEBUG - Counting for batch 2, containing 100 cells and 6935641 reads
2020-08-27 19:24:13,917 - DEBUG - 0 reads not considered because fully enclosed in repeat masked regions
2020-08-27 19:25:35,666 - DEBUG - Read first 60 million reads
2020-08-27 19:26:29,947 - DEBUG - Read first 70 million reads
2020-08-27 19:26:59,193 - DEBUG - Counting for batch 3, containing 100 cells and 6580899 reads
2020-08-27 19:31:08,247 - DEBUG - 0 reads not considered because fully enclosed in repeat masked regions
2020-08-27 19:32:13,043 - DEBUG - Read first 80 million reads
2020-08-27 19:33:06,327 - DEBUG - Read first 90 million reads
2020-08-27 19:34:06,840 - DEBUG - Read first 100 million reads
2020-08-27 19:34:07,849 - DEBUG - Counting for batch 4, containing 100 cells and 8966619 reads
2020-08-27 19:39:27,363 - DEBUG - 0 reads not considered because fully enclosed in repeat masked regions
2020-08-27 19:41:23,846 - DEBUG - Read first 110 million reads
2020-08-27 19:42:36,007 - DEBUG - Read first 120 million reads
2020-08-27 19:43:05,698 - DEBUG - Counting for batch 5, containing 100 cells and 9428304 reads
2020-08-27 19:48:40,989 - DEBUG - 0 reads not considered because fully enclosed in repeat masked regions
2020-08-27 19:50:14,085 - DEBUG - Read first 130 million reads
2020-08-27 19:51:05,075 - DEBUG - Read first 140 million reads
2020-08-27 19:51:45,914 - DEBUG - Counting for batch 6, containing 100 cells and 7077434 reads
2020-08-27 19:55:59,036 - DEBUG - 0 reads not considered because fully enclosed in repeat masked regions
2020-08-27 19:57:13,400 - DEBUG - Read first 150 million reads
2020-08-27 19:58:17,979 - DEBUG - Read first 160 million reads
2020-08-27 19:59:18,562 - DEBUG - Counting for batch 7, containing 100 cells and 8306161 reads
2020-08-27 20:04:08,838 - DEBUG - 0 reads not considered because fully enclosed in repeat masked regions
2020-08-27 20:05:07,122 - DEBUG - Read first 170 million reads
2020-08-27 20:06:00,659 - DEBUG - Read first 180 million reads
2020-08-27 20:06:44,611 - DEBUG - Counting for batch 8, containing 100 cells and 5510044 reads
2020-08-27 20:09:59,992 - DEBUG - 0 reads not considered because fully enclosed in repeat masked regions
2020-08-27 20:10:43,730 - DEBUG - Read first 190 million reads
2020-08-27 20:11:29,939 - DEBUG - Read first 200 million reads
2020-08-27 20:12:01,571 - DEBUG - Counting for batch 9, containing 86 cells and 4897071 reads
2020-08-27 20:15:00,565 - DEBUG - 0 reads not considered because fully enclosed in repeat masked regions
2020-08-27 20:15:33,672 - DEBUG - 1670680 reads were skipped because no apropiate cell or umi barcode was found
2020-08-27 20:15:33,674 - DEBUG - Counting done!
2020-08-27 20:15:33,721 - DEBUG - Generating output file /net/isi-dcnl/ifs/user_data/abild/Megatron_data/COH057/feline_p29_40_mRNA/cell_ranger/FEL029_S/velocyto/FEL029_S.loom
2020-08-27 20:15:33,721 - DEBUG - Collecting row attributes
2020-08-27 20:15:33,832 - DEBUG - Generating data table
2020-08-27 20:15:34,248 - DEBUG - Writing loom file
2020-08-27 20:15:36,580 - DEBUG - Terminated Succesfully!
Start: 1598578999
End: 1598584539
Run time: 5540
Done
